
Welcome to IBM(R) ILOG(R) CPLEX(R) Interactive Optimizer 22.1.1.0
  with Simplex, Mixed Integer & Barrier Optimizers
5725-A06 5725-A29 5724-Y48 5724-Y49 5724-Y54 5724-Y55 5655-Y21
Copyright IBM Corp. 1988, 2022.  All Rights Reserved.

Type 'help' for a list of available commands.
Type 'help' followed by a command name for more
information on commands.

CPLEX> New value for default parallel thread count: 1
CPLEX> New value for time limit in seconds: 30
CPLEX> New value for mixed integer optimality gap tolerance: 0
CPLEX> Problem 'results\sealed_closure_round\raw\high_imbalance_seed3201_auto_oracle\interval_9.lp' read.
Read time = 0.00 sec. (0.57 ticks)
CPLEX> Version identifier: 22.1.1.0 | 2022-11-27 | 9160aff4d
CPXPARAM_Threads                                 1
CPXPARAM_TimeLimit                               30
CPXPARAM_MIP_Tolerances_MIPGap                   0
Tried aggregator 2 times.
MIP Presolve eliminated 148 rows and 26 columns.
MIP Presolve modified 438 coefficients.
Aggregator did 67 substitutions.
Reduced MIP has 4844 rows, 2022 columns, and 22413 nonzeros.
Reduced MIP has 1459 binaries, 179 generals, 0 SOSs, and 0 indicators.
Presolve time = 0.00 sec. (18.01 ticks)
Probing fixed 12 vars, tightened 9 bounds.
Probing time = 0.03 sec. (79.04 ticks)
Cover probing fixed 0 vars, tightened 37 bounds.
Tried aggregator 1 time.
Detecting symmetries...
MIP Presolve eliminated 6 rows and 15 columns.
MIP Presolve modified 65 coefficients.
Reduced MIP has 4838 rows, 2007 columns, and 22224 nonzeros.
Reduced MIP has 1444 binaries, 179 generals, 0 SOSs, and 0 indicators.
Presolve time = 0.00 sec. (17.81 ticks)
Probing time = 0.00 sec. (5.15 ticks)
Cover probing fixed 0 vars, tightened 35 bounds.
Clique table members: 12001.
MIP emphasis: balance optimality and feasibility.
MIP search method: dynamic search.
Parallel mode: none, using 1 thread.
Root relaxation solution time = 0.05 sec. (78.00 ticks)

        Nodes                                         Cuts/
   Node  Left     Objective  IInf  Best Integer    Best Bound    ItCnt     Gap

      0     0        2.0322   123                      2.0322     1097
      0     0        2.0335   122                   Cuts: 211     1355
      0     0        2.0346   123                   Cuts: 223     1663
      0     0        2.0360   123                   Cuts: 163     1846
      0     0        2.0366   116                   Cuts: 106     2101
      0     0        2.0367   139                    Cuts: 85     2270
Detecting symmetries...
      0     0        2.0375   172                   Cuts: 103     2449
      0     0        2.0380   176                    Cuts: 64     2645
      0     0        2.0395   161                    Cuts: 59     2901
      0     0        2.0399   181                    Cuts: 97     3132
      0     0        2.0401   195                    Cuts: 46     3276
      0     0        2.0402   180                    Cuts: 30     3398
      0     0        2.0403   167                    Cuts: 60     3548
      0     0        2.0404   193                    Cuts: 33     3621
Detecting symmetries...
      0     2        2.0404   184                      2.0404     3621
Elapsed time = 1.02 sec. (1981.41 ticks, tree = 0.01 MB, solutions = 0)
      7     7        2.1115   141                      2.0404     5363
     17    13        2.1583   124                      2.0835     7351
     27    17        2.1310   131                      2.0957     9333
     35    19        2.1131   178                      2.1116    11267
     55    35        2.1136   141                      2.1119    12628
     80    50        2.2848   126                      2.1133    14828
    108    56        2.1190   164                      2.1148    17229
    134    72        2.2245   124                      2.1151    19553
    156    78        2.2188   131                      2.1182    21727
    239   109        2.1400   126                      2.1244    30157
Elapsed time = 2.45 sec. (5204.13 ticks, tree = 0.41 MB, solutions = 0)
    328   128        2.1882   155                      2.1327    38054
    426   188        2.1870   134                      2.1431    45549
    523   253        2.3720   131                      2.1443    53631
    634   308        2.4299   145                      2.1552    62235
    774   384    infeasible                            2.1611    70697
    884   433    infeasible                            2.1700    79063
   1003   524        2.2778   154                      2.1719    87006
   1097   564        2.2094   134                      2.1807    95813
   1161   598        2.3612   129                      2.1830   103460
   1253   668        2.2275   149                      2.1838   111761
Elapsed time = 6.78 sec. (14862.04 ticks, tree = 1.32 MB, solutions = 0)
   1340   731        2.2334   138                      2.1860   119268
   1418   775        2.2512   129                      2.1877   127576
   1520   841        2.2507   132                      2.1899   135560

Performing restart 1

Repeating presolve.
Tried aggregator 2 times.
MIP Presolve eliminated 22 rows and 2 columns.
Aggregator did 20 substitutions.
Reduced MIP has 4796 rows, 1985 columns, and 22103 nonzeros.
Reduced MIP has 1443 binaries, 179 generals, 0 SOSs, and 0 indicators.
Presolve time = 0.02 sec. (12.96 ticks)
Tried aggregator 1 time.
Reduced MIP has 4796 rows, 1985 columns, and 22103 nonzeros.
Reduced MIP has 1443 binaries, 179 generals, 0 SOSs, and 0 indicators.
Presolve time = 0.02 sec. (12.31 ticks)
Represolve time = 0.08 sec. (138.03 ticks)
   1542     0        2.0441   230                   Cuts: 149   141010
   1542     0        2.0467   255                   Cuts: 147   141634
   1542     0        2.0472   252                   Cuts: 150   141892
   1542     0        2.0474   239                   Cuts: 118   142037
   1542     0        2.0474   252                    Cuts: 79   142126
   1542     0        2.0476   254                    Cuts: 49   142248
   1542     0        2.0476   262                   Cuts: 108   142343
   1542     2        2.0476   255                      2.1901   142343
   1543     3        2.0481   240                      2.1901   142537
   1545     5        2.0527   209                      2.1901   143640
   1546     6        2.1078   178                      2.1901   145548
   1548     8        2.1249   179                      2.1901   147133
   1553    11        2.1284   146                      2.1901   148423
   1558    14        2.1896   213                      2.1901   150894
Elapsed time = 14.53 sec. (32298.09 ticks, tree = 0.10 MB, solutions = 0)
   1561    17        2.1937   181                      2.1901   152669
   1563    19        2.1988   197                      2.1901   154435
   1567    23        2.2047   187                      2.1901   155393
   1572    28        2.2096   172                      2.1901   156480
   1577    32        2.3363   121                      2.1901   158838
   1584    34        2.3820   163                      2.1901   159493
   1591    37        2.3937   134                      2.1901   160727
   1601    38        2.0909   165                      2.1901   163933
   1603    40        2.1145   168                      2.1901   165516
   1610    47        2.1847   188                      2.1901   167757
Elapsed time = 19.23 sec. (42854.84 ticks, tree = 0.15 MB, solutions = 0)
   1617    54        2.2127   160                      2.1901   168876
   1632    63        2.3598   116                      2.1901   171131
   1646    66        2.1246   143                      2.1901   173924
   1662    77        2.1188   163                      2.1901   176150
   1671    80        2.1357   175                      2.1901   177772
   1679    88        2.2659   112                      2.1901   180020
   1699    97        2.1186   186                      2.1901   184233
   1712   102        2.2367    88                      2.1901   187238
   1723   103        2.1692   115                      2.1901   190635
   1743   120        2.4107    99                      2.1901   193231
Elapsed time = 23.66 sec. (53321.90 ticks, tree = 0.99 MB, solutions = 0)
   1771   143        2.2865   112                      2.1901   196317
   1808   166        2.2726   153                      2.1901   201247
   1836   190        2.3624   145                      2.1901   207396
   1866   209        2.2965   178                      2.1901   212470
   1902   231        2.3148   121                      2.1901   217148
   1942   256        2.2516   168                      2.1901   222937
   1971   267        2.1464   121                      2.1901   225714
   1999   283        2.2026   166                      2.1901   231885
   2050   324        2.2980   208                      2.1901   237751
   2087   341        2.1452   167                      2.1901   243339
Elapsed time = 28.16 sec. (63175.57 ticks, tree = 1.19 MB, solutions = 0)
   2123   373        2.4059   144                      2.1901   247437
   2147   393        2.2313   206                      2.1901   250928
   2172   412        2.3968   135                      2.1901   255979
   2205   437        2.3953    87                      2.1901   261453

GUB cover cuts applied:  7
Cover cuts applied:  15
Implied bound cuts applied:  109
Flow cuts applied:  27
Mixed integer rounding cuts applied:  78
Zero-half cuts applied:  17

Root node processing (before b&c):
  Real time             =    1.00 sec. (1955.12 ticks)
Sequential b&c:
  Real time             =   29.02 sec. (65258.21 ticks)
                          ------------
Total (root+branch&cut) =   30.02 sec. (67213.33 ticks)


MIP - Time limit exceeded, no integer solution.
Current MIP best bound =  2.1901482848e+00 (gap is infinite)
Solution time =   30.02 sec.  Iterations = 261660  Nodes = 2206 (437)
Deterministic time = 67213.34 ticks  (2239.25 ticks/sec)

CPLEX> CPLEX Error  1217: No solution exists.
No file written.
CPLEX>
