
Welcome to IBM(R) ILOG(R) CPLEX(R) Interactive Optimizer 22.1.1.0
  with Simplex, Mixed Integer & Barrier Optimizers
5725-A06 5725-A29 5724-Y48 5724-Y49 5724-Y54 5724-Y55 5655-Y21
Copyright IBM Corp. 1988, 2022.  All Rights Reserved.

Type 'help' for a list of available commands.
Type 'help' followed by a command name for more
information on commands.

CPLEX> New value for default parallel thread count: 1
CPLEX> New value for time limit in seconds: 30
CPLEX> New value for mixed integer optimality gap tolerance: 0
CPLEX> Problem 'results\sealed_closure_round\raw\high_imbalance_seed3201_auto_oracle\interval_8_d1_0.lp' read.
Read time = 0.00 sec. (0.57 ticks)
CPLEX> Version identifier: 22.1.1.0 | 2022-11-27 | 9160aff4d
CPXPARAM_Threads                                 1
CPXPARAM_TimeLimit                               30
CPXPARAM_MIP_Tolerances_MIPGap                   0
Tried aggregator 2 times.
MIP Presolve eliminated 148 rows and 26 columns.
MIP Presolve modified 438 coefficients.
Aggregator did 71 substitutions.
Reduced MIP has 4840 rows, 2018 columns, and 22405 nonzeros.
Reduced MIP has 1459 binaries, 179 generals, 0 SOSs, and 0 indicators.
Presolve time = 0.02 sec. (18.02 ticks)
Probing fixed 12 vars, tightened 9 bounds.
Probing time = 0.03 sec. (79.08 ticks)
Cover probing fixed 0 vars, tightened 37 bounds.
Tried aggregator 1 time.
Detecting symmetries...
MIP Presolve eliminated 6 rows and 15 columns.
MIP Presolve modified 65 coefficients.
Reduced MIP has 4834 rows, 2003 columns, and 22216 nonzeros.
Reduced MIP has 1444 binaries, 179 generals, 0 SOSs, and 0 indicators.
Presolve time = 0.02 sec. (17.80 ticks)
Probing time = 0.02 sec. (5.19 ticks)
Cover probing fixed 0 vars, tightened 35 bounds.
Clique table members: 11993.
MIP emphasis: balance optimality and feasibility.
MIP search method: dynamic search.
Parallel mode: none, using 1 thread.
Root relaxation solution time = 0.05 sec. (68.30 ticks)

        Nodes                                         Cuts/
   Node  Left     Objective  IInf  Best Integer    Best Bound    ItCnt     Gap

      0     0        1.9728   122                      1.9728      902
      0     0        1.9736   126                   Cuts: 171     1131
      0     0        1.9753   130                   Cuts: 238     1456
      0     0        1.9767   119                   Cuts: 209     1677
      0     0        1.9779   147                   Cuts: 120     1927
      0     0        1.9783   174                   Cuts: 116     2122
Detecting symmetries...
      0     0        1.9819   194                   Cuts: 185     2467
      0     0        1.9829   185                   Cuts: 122     2725
      0     0        1.9837   195                    Cuts: 62     2954
      0     0        1.9837   203                    Cuts: 83     3031
      0     0        1.9837   195                    Cuts: 26     3182
Detecting symmetries...
      0     2        1.9837   186                      1.9837     3182
Elapsed time = 1.05 sec. (2467.41 ticks, tree = 0.01 MB, solutions = 0)
      3     5        2.0617   180                      1.9839     4638
     11     9        2.0804   160                      2.0336     5717
     27    13        2.1307   160                      2.0427     7194
     36    16        2.0561   203                      2.0561     8553
     55    27        2.0582   200                      2.0575    10229
     65    33        2.1677   187                      2.0575    11706
     81    39        2.1181   120                      2.0606    13196
     89    37    infeasible                            2.0624    15714
     98    38        2.0645   181                      2.0628    16907
    146    41        2.1086   146                      2.0790    23139
Elapsed time = 2.33 sec. (5840.13 ticks, tree = 0.11 MB, solutions = 0)
    191    58        2.0871   193                      2.0849    29630
    237    48    infeasible                            2.1047    35233
    260    47        2.1824   127                      2.1128    38496
    314    59        2.1357   216                      2.1184    44216
    359    86    infeasible                            2.1192    49637
    384    97        2.3797   228                      2.1300    55303
    444   144        2.3889   139                      2.1302    61167
    499   183        2.3569   122                      2.1312    67215
    544   210        2.1690   188                      2.1319    72681
    604   258        2.3636   108                      2.1331    78747
Elapsed time = 6.23 sec. (15591.45 ticks, tree = 0.58 MB, solutions = 0)
    651   281        2.3802   157                      2.1344    84221
    744   352    infeasible                            2.1350    90124
    793   383        2.3874   224                      2.1357    96007
    837   407        2.1763   187                      2.1357   102680
    903   455        2.3183   127                      2.1365   108733
    971   499        2.1450   235                      2.1372   114513
   1021   533        2.2761   192                      2.1375   121522
   1071   567        2.2774   213                      2.1384   127990
   1114   600        2.1671   160                      2.1397   134325
   1140   624        2.3430   175                      2.1397   139293
Elapsed time = 10.23 sec. (25459.24 ticks, tree = 1.21 MB, solutions = 0)
   1201   671        2.2650   179                      2.1401   145822
   1264   709        2.2749   157                      2.1406   152154
   1310   731        2.1641   240                      2.1414   158027
   1362   763        2.3103   135                      2.1421   164689
   1405   786        2.1946   227                      2.1424   171078
   1453   818        2.2610   212                      2.1426   177749
   1503   852        2.2309   174                      2.1429   182911
   1549   888        2.2727   192                      2.1430   187500
   1599   920        2.4145   141                      2.1435   194058
   1658   965        2.3177   110                      2.1439   200018
Elapsed time = 14.09 sec. (35136.34 ticks, tree = 2.53 MB, solutions = 0)
   1701   989        2.1720   181                      2.1440   206434
   1775  1039        2.1584   231                      2.1443   212759
   1812  1058        2.1502   203                      2.1445   219431
   1856  1090        2.2426   206                      2.1446   225417
   1897  1119        2.3831   214                      2.1449   232079
   1927  1135        2.3179   165                      2.1450   238036
   1960  1147        2.3077   177                      2.1453   243855
   1998  1171        2.2618   268                      2.1454   250401

Performing restart 1

Repeating presolve.
Tried aggregator 2 times.
MIP Presolve eliminated 22 rows and 2 columns.
Aggregator did 19 substitutions.
Reduced MIP has 4793 rows, 1982 columns, and 22097 nonzeros.
Reduced MIP has 1443 binaries, 179 generals, 0 SOSs, and 0 indicators.
Presolve time = 0.00 sec. (13.00 ticks)
Tried aggregator 1 time.
Reduced MIP has 4793 rows, 1982 columns, and 22097 nonzeros.
Reduced MIP has 1443 binaries, 179 generals, 0 SOSs, and 0 indicators.
Presolve time = 0.00 sec. (12.30 ticks)
Represolve time = 0.08 sec. (138.39 ticks)
   2024     0        1.9859   243                   Cuts: 153   259369
   2024     0        1.9896   230                   Cuts: 236   260065
   2024     0        1.9913   278                   Cuts: 136   260569
   2024     0        1.9916   301                    Cuts: 96   260809
   2024     0        1.9923   301                    Cuts: 77   261034
   2024     0        1.9925   240                   Cuts: 102   261286
   2024     0        1.9930   287                   Cuts: 150   261676
   2024     2        1.9930   281                      2.1455   261676
   2025     3        1.9941   215                      2.1455   262851
Elapsed time = 22.08 sec. (55191.51 ticks, tree = 0.01 MB, solutions = 0)
   2026     4        2.0480   201                      2.1455   264545
   2028     6        1.9942   210                      2.1455   264616
   2030     6        2.0512   205                      2.1455   266851
   2032     6        2.0605   265                      2.1455   268129
   2034     6        2.0641   234                      2.1455   270202
   2037     9        2.0932   248                      2.1455   272582
   2041    11        2.1258   152                      2.1455   276536
   2045     9        2.0817   198                      2.1455   279689
   2049    13        2.2717   227                      2.1455   283329
   2058    22        2.2536   196                      2.1455   286042
Elapsed time = 26.92 sec. (68505.41 ticks, tree = 0.04 MB, solutions = 0)
   2070    30        2.0916   230                      2.1455   287715
   2080    40        2.1566   247                      2.1455   291264
   2091    49        2.3408   230                      2.1455   297088
   2104    53        2.1720   204                      2.1455   304014
   2113    60        2.2989   232                      2.1455   308505
   2121    64        2.0921   209                      2.1455   310903
   2132    75        2.1560   246                      2.1455   314261

GUB cover cuts applied:  3
Cover cuts applied:  21
Implied bound cuts applied:  81
Flow cuts applied:  17
Mixed integer rounding cuts applied:  146
Zero-half cuts applied:  17

Root node processing (before b&c):
  Real time             =    1.05 sec. (2440.16 ticks)
Sequential b&c:
  Real time             =   28.97 sec. (74477.97 ticks)
                          ------------
Total (root+branch&cut) =   30.02 sec. (76918.13 ticks)


MIP - Time limit exceeded, no integer solution.
Current MIP best bound =  2.1454949193e+00 (gap is infinite)
Solution time =   30.02 sec.  Iterations = 314491  Nodes = 2134 (76)
Deterministic time = 76918.13 ticks  (2562.57 ticks/sec)

CPLEX> CPLEX Error  1217: No solution exists.
No file written.
CPLEX>
