
Welcome to IBM(R) ILOG(R) CPLEX(R) Interactive Optimizer 22.1.1.0
  with Simplex, Mixed Integer & Barrier Optimizers
5725-A06 5725-A29 5724-Y48 5724-Y49 5724-Y54 5724-Y55 5655-Y21
Copyright IBM Corp. 1988, 2022.  All Rights Reserved.

Type 'help' for a list of available commands.
Type 'help' followed by a command name for more
information on commands.

CPLEX> New value for default parallel thread count: 1
CPLEX> New value for time limit in seconds: 20
CPLEX> New value for mixed integer optimality gap tolerance: 0
CPLEX> Problem 'results\sealed_closure_round\raw\moderate_seed3301_auto_oracle\interval_1_d1_1.lp' read.
Read time = 0.02 sec. (0.57 ticks)
CPLEX> Version identifier: 22.1.1.0 | 2022-11-27 | 9160aff4d
CPXPARAM_Threads                                 1
CPXPARAM_TimeLimit                               20
CPXPARAM_MIP_Tolerances_MIPGap                   0
Tried aggregator 2 times.
MIP Presolve eliminated 169 rows and 41 columns.
MIP Presolve modified 672 coefficients.
Aggregator did 62 substitutions.
Reduced MIP has 4828 rows, 2014 columns, and 22726 nonzeros.
Reduced MIP has 1455 binaries, 192 generals, 0 SOSs, and 0 indicators.
Presolve time = 0.02 sec. (23.78 ticks)
Probing fixed 0 vars, tightened 21 bounds.
Probing time = 0.03 sec. (60.74 ticks)
Tried aggregator 1 time.
Detecting symmetries...
MIP Presolve eliminated 18 rows and 18 columns.
MIP Presolve modified 36 coefficients.
Reduced MIP has 4810 rows, 1996 columns, and 22294 nonzeros.
Reduced MIP has 1446 binaries, 183 generals, 0 SOSs, and 0 indicators.
Presolve time = 0.02 sec. (17.87 ticks)
Probing time = 0.02 sec. (24.91 ticks)
Clique table members: 12019.
MIP emphasis: balance optimality and feasibility.
MIP search method: dynamic search.
Parallel mode: none, using 1 thread.
Root relaxation solution time = 0.06 sec. (147.92 ticks)

        Nodes                                         Cuts/
   Node  Left     Objective  IInf  Best Integer    Best Bound    ItCnt     Gap

      0     0        0.0422   171                      0.0422     1485
      0     0        0.0432   144                    Cuts: 80     1618
      0     0        0.0447   184                   Cuts: 129     1860
      0     0        0.0448   237                   Cuts: 116     2527
      0     0        0.0448   214                   Cuts: 108     2674
      0     0        0.0448   218                    Cuts: 61     3083
Detecting symmetries...
      0     0        0.0448   176                     Cuts: 2     3173
      0     0        0.0448   167                    Cuts: 86     3267
      0     0        0.0448   177                    Cuts: 37     3369
Detecting symmetries...
      0     2        0.0448   177                      0.0448     3369
Elapsed time = 0.75 sec. (1869.73 ticks, tree = 0.01 MB, solutions = 0)
      2     4        0.0457   252                      0.0449     5402
     20    22        0.0467   146                      0.0449     6762
     30    32        0.0467   146                      0.0449     8513
     55    51    infeasible                            0.0449    11636
     72    62        0.0464   163                      0.0454    13019
     85    75        0.0469   145                      0.0454    14947
    112    98        0.0474   156                      0.0454    16764
    147   125        0.0472   160                      0.0454    19571
    178   154        0.0485   148                      0.0454    21835
    317   273        0.0483   164                      0.0454    31182
Elapsed time = 2.08 sec. (5301.71 ticks, tree = 1.29 MB, solutions = 0)
    437   355        0.0455   187                      0.0455    38704
    565   455        0.0473   187                      0.0455    45597
    727   587        0.0457   210                      0.0455    53265
    820   648        0.0456   211                      0.0456    62192
    929   731        0.0471   228                      0.0456    70077

Performing restart 1

Repeating presolve.
Tried aggregator 1 time.
MIP Presolve eliminated 12 rows and 5 columns.
MIP Presolve modified 135 coefficients.
Reduced MIP has 4798 rows, 1991 columns, and 22262 nonzeros.
Reduced MIP has 1445 binaries, 180 generals, 0 SOSs, and 0 indicators.
Presolve time = 0.02 sec. (22.67 ticks)
Tried aggregator 1 time.
MIP Presolve modified 20 coefficients.
Reduced MIP has 4798 rows, 1991 columns, and 22262 nonzeros.
Reduced MIP has 1445 binaries, 180 generals, 0 SOSs, and 0 indicators.
Presolve time = 0.00 sec. (12.22 ticks)
Represolve time = 0.08 sec. (146.86 ticks)
    950     0        0.0450   266                   Cuts: 255    74921
    950     0        0.0450   225                   Cuts: 141    76426
    950     0        0.0450   273                   Cuts: 218    78556
    950     0        0.0450   289                   Cuts: 212    80784
    950     0        0.0451   275                   Cuts: 339    84188
    950     0        0.0451   319                   Cuts: 186    86305
    950     0        0.0451   292                   Cuts: 257    89760
    950     0        0.0451   348                   Cuts: 250    92994
    950     2        0.0451   347                      0.0456    92994
    951     3        0.0452   360                      0.0456    99075
    952     4        0.0455   295                      0.0456   103818
    953     5        0.0456   247                      0.0456   106456
    954     6        0.0457   328                      0.0456   109340
Elapsed time = 15.44 sec. (40589.62 ticks, tree = 0.01 MB, solutions = 0)
    955     7        0.0460   326                      0.0456   109507
    956     8        0.0461   289                      0.0456   110348
    959    11        0.0463   324                      0.0456   110718
    961    13        0.0469   328                      0.0456   111103
    964    16        0.0472   338                      0.0456   111270
    969    21        0.0485   311                      0.0456   111980
    973    23        0.0486   286                      0.0456   113012
    981    25        0.0490   277                      0.0456   114496
    987    27        0.0453   335                      0.0456   115359
    997    37        0.0462   262                      0.0456   116570
Elapsed time = 20.00 sec. (52676.74 ticks, tree = 0.05 MB, solutions = 0)
Advanced basis not built.

GUB cover cuts applied:  1
Cover cuts applied:  15
Implied bound cuts applied:  7
Flow cuts applied:  20
Mixed integer rounding cuts applied:  158
Zero-half cuts applied:  8
Lift and project cuts applied:  17
Gomory fractional cuts applied:  7

Root node processing (before b&c):
  Real time             =    0.75 sec. (1842.33 ticks)
Sequential b&c:
  Real time             =   19.27 sec. (50854.41 ticks)
                          ------------
Total (root+branch&cut) =   20.02 sec. (52696.73 ticks)


MIP - Time limit exceeded, no integer solution.
Current MIP best bound =  4.5610809451e-02 (gap is infinite)
Solution time =   20.02 sec.  Iterations = 116654  Nodes = 998 (37)
Deterministic time = 52696.74 ticks  (2632.73 ticks/sec)

CPLEX> CPLEX Error  1217: No solution exists.
No file written.
CPLEX>
