
Welcome to IBM(R) ILOG(R) CPLEX(R) Interactive Optimizer 22.1.1.0
  with Simplex, Mixed Integer & Barrier Optimizers
5725-A06 5725-A29 5724-Y48 5724-Y49 5724-Y54 5724-Y55 5655-Y21
Copyright IBM Corp. 1988, 2022.  All Rights Reserved.

Type 'help' for a list of available commands.
Type 'help' followed by a command name for more
information on commands.

CPLEX> New value for default parallel thread count: 1
CPLEX> New value for time limit in seconds: 60
CPLEX> New value for mixed integer optimality gap tolerance: 0
CPLEX> Problem 'results\sealed_closure_round\raw\tight_T_seed3102_auto_oracle\interval_10_d1_1.lp' read.
Read time = 0.00 sec. (0.57 ticks)
CPLEX> Version identifier: 22.1.1.0 | 2022-11-27 | 9160aff4d
CPXPARAM_Threads                                 1
CPXPARAM_TimeLimit                               60
CPXPARAM_MIP_Tolerances_MIPGap                   0
Tried aggregator 2 times.
MIP Presolve eliminated 137 rows and 17 columns.
MIP Presolve modified 426 coefficients.
Aggregator did 63 substitutions.
Reduced MIP has 4859 rows, 2031 columns, and 22831 nonzeros.
Reduced MIP has 1463 binaries, 191 generals, 0 SOSs, and 0 indicators.
Presolve time = 0.02 sec. (17.91 ticks)
Probing fixed 17 vars, tightened 6 bounds.
Probing time = 0.05 sec. (93.44 ticks)
Cover probing fixed 0 vars, tightened 20 bounds.
Tried aggregator 1 time.
Detecting symmetries...
MIP Presolve eliminated 27 rows and 26 columns.
MIP Presolve modified 23 coefficients.
Reduced MIP has 4832 rows, 2005 columns, and 22421 nonzeros.
Reduced MIP has 1440 binaries, 188 generals, 0 SOSs, and 0 indicators.
Presolve time = 0.00 sec. (17.73 ticks)
Probing time = 0.00 sec. (5.30 ticks)
Cover probing fixed 0 vars, tightened 1 bounds.
Clique table members: 12164.
MIP emphasis: balance optimality and feasibility.
MIP search method: dynamic search.
Parallel mode: none, using 1 thread.
Root relaxation solution time = 0.03 sec. (48.56 ticks)

        Nodes                                         Cuts/
   Node  Left     Objective  IInf  Best Integer    Best Bound    ItCnt     Gap

      0     0        0.2218   121                      0.2218      741
      0     0        0.2271   126                   Cuts: 280      978
      0     0        0.2273   130                   Cuts: 291     1313
      0     0        0.2273   134                   Cuts: 131     1448
      0     0        0.2274   139                    Cuts: 91     1516
      0     0        0.2275   130                    Cuts: 63     1562
Detecting symmetries...
      0     0        0.2275   150                    Cuts: 41     1603
      0     0        0.2278   144                    Cuts: 57     1730
      0     0        0.2278   168                    Cuts: 82     1838
      0     0        0.2279   160                    Cuts: 66     1986
      0     0        0.2280   176                    Cuts: 83     2075
Detecting symmetries...
      0     2        0.2280   170                      0.2280     2075
Elapsed time = 0.69 sec. (1426.93 ticks, tree = 0.01 MB, solutions = 0)
     19    16        0.3623    78                      0.2280     4411
     33    23    infeasible                            0.2280     5920
     50    33        0.3939   129                      0.2281     8195
     76    56        0.5304   119                      0.2281     9772
     86    59        0.3600   161                      0.2281    11625
    111    74        0.5112   142                      0.2281    13689
    133    84        0.3022   150                      0.2281    15831
    144    89    infeasible                            0.2282    17156
    159   102    infeasible                            0.2282    19939
    221   139        0.4727   144                      0.2288    26697
Elapsed time = 2.05 sec. (4733.56 ticks, tree = 2.93 MB, solutions = 0)
    297   192    infeasible                            0.2313    32098
    362   240    infeasible                            0.2877    37397
    427   283        0.5187   174                      0.3007    42269
    484   313        0.3049   145                      0.3009    47463
    576   374        0.5900   186                      0.3011    55212
    646   416        0.3056   133                      0.3019    62613
    706   452        0.4228   144                      0.3022    69581
    774   496        0.3281   132                      0.3022    76404
    803   512        0.3485   115                      0.3025    80488
    882   565        0.4612   187                      0.3028    85452
Elapsed time = 5.92 sec. (14458.61 ticks, tree = 12.63 MB, solutions = 0)
    946   600        0.4005   165                      0.3030    90697
   1029   658        0.4938   169                      0.3034    96259
   1081   682        0.5705   170                      0.3040   101346
   1149   729        0.5389   149                      0.3043   107036
   1207   756        0.4534   136                      0.3045   112742
   1282   803        0.3969   166                      0.3046   117702
   1335   842        0.5425   210                      0.3050   122575
   1367   861        0.4395   161                      0.3051   125760
   1437   894    infeasible                            0.3053   130915
   1472   915        0.5997   164                      0.3057   135925
Elapsed time = 9.80 sec. (24249.48 ticks, tree = 25.69 MB, solutions = 0)
   1505   936        0.4379   160                      0.3062   140932

Performing restart 1

Repeating presolve.
Tried aggregator 2 times.
MIP Presolve eliminated 2 rows and 1 columns.
MIP Presolve modified 12 coefficients.
Aggregator did 1 substitutions.
Reduced MIP has 4829 rows, 2003 columns, and 22408 nonzeros.
Reduced MIP has 1439 binaries, 188 generals, 0 SOSs, and 0 indicators.
Presolve time = 0.00 sec. (12.33 ticks)
Tried aggregator 1 time.
Reduced MIP has 4829 rows, 2003 columns, and 22408 nonzeros.
Reduced MIP has 1439 binaries, 188 generals, 0 SOSs, and 0 indicators.
Presolve time = 0.00 sec. (12.40 ticks)
Represolve time = 0.06 sec. (136.21 ticks)
   1518     0        0.2326   113                   Cuts: 241   145968
   1518     0        0.2351   150                   Cuts: 225   146792
   1518     0        0.2379   158                   Cuts: 200   147634
   1518     0        0.2392   148                   Cuts: 178   148339
   1518     0        0.2436   161                   Cuts: 249   148778
   1518     0        0.2444   153                   Cuts: 119   149049
   1518     0        0.2457   194                   Cuts: 206   149593
   1518     2        0.2457   192                      0.3063   149593
   1520     3        0.3006   152                      0.3063   152387
   1522     5        0.3006   155                      0.3063   154475
   1525     8        0.3009   121                      0.3063   155684
   1530    13        0.3019   108                      0.3063   156457
   1537    16        0.3024   141                      0.3063   158505
   1542    21        0.3094   115                      0.3063   159947
   1551    25        0.3021   132                      0.3063   161325
   1569    42        0.3288   130                      0.3063   162493
Elapsed time = 16.34 sec. (39568.49 ticks, tree = 1.21 MB, solutions = 0)
   1588    59        0.4031   132                      0.3063   164302
   1599    70        0.4087   153                      0.3063   164968
   1605    73        0.3740   188                      0.3063   166472
   1611    75        0.3740   170                      0.3063   168811
   1621    80        0.3347    94                      0.3063   171495
   1629    84        0.3062   149                      0.3063   172251
   1645    98        0.3865   177                      0.3063   174485
   1680   133        0.3934   149                      0.3063   175272
   1690   135        0.3565   149                      0.3063   179106
   1706   147    infeasible                            0.3063   183416
Elapsed time = 20.34 sec. (49536.68 ticks, tree = 1.18 MB, solutions = 0)
   1717   151        0.3524   181                      0.3063   186327
   1748   176        0.4273   216                      0.3063   189356
   1767   187        0.4567   190                      0.3063   194764
   1777   191        0.4166   176                      0.3063   200800
   1792   201    infeasible                            0.3063   206301
   1806   211        0.3864   167                      0.3063   213128
   1821   219        0.3459   161                      0.3063   218521
   1834   224    infeasible                            0.3063   224131
   1845   233        0.5266   209                      0.3063   227786
   1874   248        0.3463   135                      0.3063   232925
Elapsed time = 24.69 sec. (59892.28 ticks, tree = 2.03 MB, solutions = 0)
   1890   251        0.3107   160                      0.3063   238431
   1908   266        0.3190   177                      0.3063   244471
   1928   274        0.4449   204                      0.3063   250343
   1952   288        0.3533   159                      0.3063   255533
   1962   294        0.5551   204                      0.3063   261102
   1972   298        0.4108   199                      0.3063   266792
   1991   301        0.3158   161                      0.3063   271720
   2005   305        0.4737   171                      0.3063   278080
   2019   310        0.3264   147                      0.3065   282822
   2032   313        0.3131   135                      0.3074   288097
Elapsed time = 29.09 sec. (70113.33 ticks, tree = 2.34 MB, solutions = 0)
   2054   323        0.3125   140                      0.3077   294062
   2074   336        0.3720   211                      0.3080   300967
   2098   345        0.3151   122                      0.3082   306053
   2121   356        0.3903   151                      0.3090   311895
   2142   366        0.3900   117                      0.3105   317913
   2155   367        0.3883   162                      0.3112   323154
   2176   377        0.4708   231                      0.3113   327730
   2197   390        0.3768   211                      0.3127   333813
   2212   396    infeasible                            0.3133   340167
   2235   408        0.3159   180                      0.3138   344317
Elapsed time = 33.47 sec. (80179.93 ticks, tree = 2.87 MB, solutions = 0)
   2247   414        0.3897   182                      0.3139   348392
   2275   437        0.4583   183                      0.3139   351993
   2286   440        0.3924   155                      0.3140   353974
   2326   468        0.4066   162                      0.3147   357589
   2346   478        0.3760   215                      0.3154   361561
   2358   490        0.5088   227                      0.3154   364442
   2366   488    infeasible                            0.3158   368932
   2393   504    infeasible                            0.3165   373903
   2408   503        0.4700   165                      0.3167   378150
   2425   502    infeasible                            0.3167   382901
Elapsed time = 37.62 sec. (90556.63 ticks, tree = 6.95 MB, solutions = 0)
   2442   503        0.5289   190                      0.3167   386027
   2456   505        0.5454   186                      0.3168   390340
   2470   513        0.4484   203                      0.3168   395370
   2481   516    infeasible                            0.3168   399629
   2493   520        0.4041   158                      0.3170   404014
   2514   530    infeasible                            0.3170   408792
   2526   536        0.5762   171                      0.3170   414146

Performing restart 2

Repeating presolve.
Tried aggregator 1 time.
MIP Presolve eliminated 6 rows and 2 columns.
MIP Presolve modified 2082 coefficients.
Reduced MIP has 4823 rows, 2001 columns, and 29201 nonzeros.
Reduced MIP has 1438 binaries, 188 generals, 0 SOSs, and 0 indicators.
Presolve time = 0.00 sec. (20.68 ticks)
Tried aggregator 1 time.
Reduced MIP has 4823 rows, 2001 columns, and 29201 nonzeros.
Reduced MIP has 1438 binaries, 188 generals, 0 SOSs, and 0 indicators.
Presolve time = 0.02 sec. (16.18 ticks)
Represolve time = 0.08 sec. (149.75 ticks)
   2530     0        0.2796   141                   Cuts: 148   418438
   2530     0        0.3015   124                   Cuts: 145   418861
   2530     0        0.3017   162                    Cuts: 88   419192
   2530     0        0.3020   150                   Cuts: 200   419666
   2530     0        0.3021   165                   Cuts: 149   420258
   2530     0        0.3021   164                   Cuts: 191   420440
   2530     0        0.3021   204                   Cuts: 264   420592
   2530     0        0.3022   183                   Cuts: 126   420708
   2530     0        0.3023   201                   Cuts: 313   421016
   2530     0        0.3024   193                   Cuts: 126   421111
   2530     2        0.3024   193                      0.3170   421111
   2531     3        0.3025   167                      0.3170   421179
   2538    10        0.3812   149                      0.3170   424409
Elapsed time = 53.41 sec. (128876.34 ticks, tree = 0.10 MB, solutions = 0)
   2550    18        0.5890   183                      0.3170   433491
   2571    36        0.4278   197                      0.3170   444120
   2608    65        0.5798   214                      0.3170   455322
   2654   100        0.3813    89                      0.3170   463343

GUB cover cuts applied:  9
Clique cuts applied:  3
Cover cuts applied:  33
Implied bound cuts applied:  66
Flow cuts applied:  56
Mixed integer rounding cuts applied:  150
Zero-half cuts applied:  31
Gomory fractional cuts applied:  22

Root node processing (before b&c):
  Real time             =    0.69 sec. (1412.89 ticks)
Sequential b&c:
  Real time             =   59.33 sec. (143706.20 ticks)
                          ------------
Total (root+branch&cut) =   60.02 sec. (145119.08 ticks)


MIP - Time limit exceeded, no integer solution.
Current MIP best bound =  3.1700008637e-01 (gap is infinite)
Solution time =   60.02 sec.  Iterations = 463967  Nodes = 2656 (101)
Deterministic time = 145119.09 ticks  (2418.05 ticks/sec)

CPLEX> CPLEX Error  1217: No solution exists.
No file written.
CPLEX>
