
Gurobi 13.0.2 (win64) logging started Fri Jul 24 07:41:09 2026

Set parameter LogFile to value "E:\codes\ExactEBRP\results\gf_c0_mechanism_transfer_c5_round30\runs\stage2__moderate_seed4302__p_grb__300s\native.log"
Set parameter Threads to value 1
Set parameter Presolve to value -1
Set parameter Seed to value 0
Set parameter MIPGap to value 0
Set parameter MIPGapAbs to value 0
Set parameter TimeLimit to value 300
Read LP format model from file E:\codes\ExactEBRP\results\gf_c0_mechanism_transfer_c5_round30\runs\stage2__moderate_seed4302__p_grb__300s\canonical.lp
Reading time = 0.01 seconds
obj: 5069 rows, 2115 columns, 23358 nonzeros
Set parameter TimeLimit to value 294.94288
Gurobi Optimizer version 13.0.2 build v13.0.2rc1 (win64 - Windows 10.0 (19045.2))

CPU model: 12th Gen Intel(R) Core(TM) i7-12700KF, instruction set [SSE2|AVX|AVX2]
Thread count: 12 physical cores, 20 logical processors, using up to 1 threads

Non-default parameters:
TimeLimit  294.94288
MIPGap  0
MIPGapAbs  0
LogToConsole  0
Threads  1

Optimize a model with 5069 rows, 2115 columns and 23358 nonzeros (Min)
Model fingerprint: 0xf10484e7
Model has 21 linear objective coefficients
Variable types: 423 continuous, 1692 integer (1492 binary)
Coefficient statistics:
  Matrix range     [3e-02, 6e+02]
  Objective range  [7e-03, 1e+00]
  Bounds range     [1e+00, 5e+01]
  RHS range        [1e+00, 4e+03]

Presolve removed 140 rows and 20 columns
Presolve time: 0.05s
Presolved: 4929 rows, 2095 columns, 42154 nonzeros
Variable types: 193 continuous, 1902 integer (1492 binary)
Found heuristic solution: objective 4.1398785

Root relaxation: objective 0.000000e+00, 432 iterations, 0.01 seconds (0.02 work units)

    Nodes    |    Current Node    |     Objective Bounds      |     Work
 Expl Unexpl |  Obj  Depth IntInf | Incumbent    BestBd   Gap | It/Node Time

     0     0    0.00000    0   72    4.13988    0.00000   100%     -    0s
H    0     0                       3.9199976    0.00000   100%     -    0s
     0     0    0.00000    0  149    3.92000    0.00000   100%     -    0s
H    0     0                       2.9133655    0.00000   100%     -    0s
     0     0    0.00000    0  132    2.91337    0.00000   100%     -    0s
     0     0    0.00000    0  180    2.91337    0.00000   100%     -    0s
     0     0    0.00000    0   43    2.91337    0.00000   100%     -    0s
     0     0    0.00000    0   89    2.91337    0.00000   100%     -    0s
     0     0    0.00000    0   83    2.91337    0.00000   100%     -    0s
     0     0    0.00000    0   45    2.91337    0.00000   100%     -    0s
H    0     0                       2.9096762    0.00000   100%     -    0s
     0     0    0.00000    0  116    2.90968    0.00000   100%     -    0s
     0     0    0.00000    0  111    2.90968    0.00000   100%     -    0s
     0     0    0.00000    0   43    2.90968    0.00000   100%     -    0s
     0     0    0.00000    0   43    2.90968    0.00000   100%     -    0s
     0     0    0.00000    0   43    2.90968    0.00000   100%     -    0s
     0     2    0.00000    0   43    2.90968    0.00000   100%     -    1s
H    6     6                       2.9096031    0.00000   100%   105    1s
H    6     6                       2.9095992    0.00000   100%   105    1s
H    6     6                       2.8114627    0.00000   100%   105    1s
H    6     6                       2.8027317    0.00000   100%   105    1s
H    6     6                       2.3151117    0.00000   100%   105    1s
H    6     6                       2.3141845    0.00000   100%   105    1s
H    6     6                       2.3130568    0.00000   100%   105    1s
H    6     6                       2.2729842    0.00000   100%   105    1s
H    6     6                       2.2708369    0.00000   100%   105    1s
H    6     6                       2.2676033    0.00000   100%   105    1s
H    6     6                       1.2622340    0.00000   100%   105    1s
H    6     6                       1.2532403    0.00000   100%   105    1s
H    6     6                       1.1996776    0.00000   100%   105    1s
H    6     6                       1.1979967    0.00000   100%   105    1s
H    6     6                       1.1904000    0.00000   100%   105    1s
H    6     6                       1.1885939    0.00000   100%   105    1s
H    6     6                       1.1872536    0.00000   100%   105    1s
H    6     6                       1.1871326    0.00000   100%   105    1s
H   16    16                       1.1862175    0.00000   100%  84.3    1s
H   52    45                       1.1641430    0.00000   100%   205    2s
H   70    63                       1.1640983    0.00000   100%   198    2s
H  133   116                       1.1026963    0.00000   100%   134    2s
H  133   116                       1.1022200    0.00000   100%   134    2s
H  133   116                       1.0942692    0.00000   100%   134    2s
*  206   158             139       0.8624826    0.00000   100%  91.5    2s
*  208   156             140       0.8610515    0.00000   100%  90.6    2s
H  237   112                       0.6733181    0.00000   100%   103    3s
H  237   112                       0.6732870    0.00000   100%   103    3s
H  247   122                       0.6691682    0.00000   100%   102    3s
H  247   122                       0.6690526    0.00000   100%   102    3s
H  251   126                       0.6567500    0.00000   100%   103    3s
H  251   126                       0.6556416    0.00000   100%   103    3s
H  256   131                       0.6523513    0.00000   100%   104    3s
H  256   130                       0.6517413    0.00000   100%   104    3s
H  256   129                       0.6500947    0.00000   100%   104    3s
H  256   129                       0.6499122    0.00000   100%   104    3s
H  256   129                       0.6499053    0.00000   100%   104    3s
H  268   141                       0.6437597    0.00000   100%   101    4s
H  278   151                       0.6406915    0.00000   100%   101    4s
H  278   149                       0.6267835    0.00000   100%   101    4s
H  278   149                       0.6247709    0.00000   100%   101    4s
H  278   149                       0.6237035    0.00000   100%   101    4s
H  278   148                       0.6214474    0.00000   100%   101    4s
   370   227    0.03396   66  127    0.62145    0.00000   100%   109    5s
H  402   250                       0.6203950    0.00000   100%   107    5s
H  402   250                       0.6203293    0.00000   100%   107    5s
H  457   233                       0.4740363    0.00000   100%   141    6s
H  457   233                       0.4729656    0.00000   100%   141    6s
H  457   233                       0.4719589    0.00000   100%   141    6s
H  467   243                       0.4443575    0.00000   100%   144    7s
H  467   243                       0.4443505    0.00000   100%   144    7s
H  467   243                       0.4413150    0.00000   100%   144    7s
   558   334    0.01540  113  298    0.44132    0.00000   100%   130   10s
H  586   336                       0.0672885    0.00000   100%   147   14s
H  586   318                       0.0664738    0.00000   100%   147   14s
H  586   302                       0.0664637    0.00000   100%   147   14s
H  586   287                       0.0653411    0.00000   100%   147   14s
   597   296    0.00000   21   78    0.06534    0.00000   100%   149   15s
H  601   282                       0.0584321    0.00000   100%   152   15s
   683   330    0.00486   64  126    0.05843    0.00000   100%   165   20s
   854   378    0.00000   25   91    0.05843    0.00000   100%   161   25s
   937   426    0.00310   66  200    0.05843    0.00000   100%   188   30s
  1038   462    0.00197   27  367    0.05843    0.00000   100%   200   35s
  1263   539    0.01178   45  358    0.05843    0.00000   100%   194   40s
  1447   574    0.05740   48  314    0.05843    0.00000   100%   198   45s
  1706   664    0.00090   46  187    0.05843    0.00000   100%   199   50s
  1946   763    0.04245   45  378    0.05843    0.00000   100%   209   55s
  2014   788    0.03888   45  384    0.05843    0.00000   100%   211   60s
  2190   826    0.05148   42  368    0.05843    0.00000   100%   214   65s
H 2216   823                       0.0583031    0.00000   100%   216   67s
H 2216   820                       0.0577951    0.00000   100%   216   67s
H 2216   820                       0.0577951    0.00000   100%   216   68s
H 2216   818                       0.0574722    0.00000   100%   216   68s
  2231   822    0.00081   47  375    0.05747    0.00000   100%   217   70s
  2420   863    0.02557   44  399    0.05747    0.00000   100%   222   75s
  2691   942    0.05223   47  345    0.05747    0.00000   100%   222   80s
  3068  1025    0.05380   65  360    0.05747    0.00000   100%   215   85s
  3276  1083    0.01337   45  342    0.05747    0.00000   100%   217   90s
  3529  1178    0.05481   58  348    0.05747    0.00000   100%   218   95s
  3845  1283    0.05494   61  319    0.05747    0.00000   100%   216  100s
  3941  1298    0.05468   51  350    0.05747    0.00000   100%   217  106s
  4098  1311    0.00189   39  390    0.05747    0.00000   100%   218  110s
  4389  1476    0.00000   44   78    0.05747    0.00000   100%   212  115s
  4515  1527    0.00635   52  178    0.05747    0.00000   100%   214  121s
  4673  1606 infeasible   60         0.05747    0.00000   100%   214  125s
  4896  1746    0.01653   37  348    0.05747    0.00000   100%   213  130s
  5105  1847     cutoff   33         0.05747    0.00000   100%   213  135s
  5419  2004 infeasible   41         0.05747    0.00000   100%   210  140s
  5623  2076    0.04014   46  360    0.05747    0.00000   100%   213  145s
  5936  2273    0.00324   29  388    0.05747    0.00000   100%   209  150s
  5972  2298    0.00741   44  357    0.05747    0.00000   100%   208  155s
  6211  2453    0.01367   44  332    0.05747    0.00000   100%   204  160s
  6427  2589    0.01110   51  345    0.05747    0.00000   100%   204  165s
  6628  2684    0.01148   29  364    0.05747    0.00000   100%   206  170s
  6929  2868    0.00000   33  108    0.05747    0.00000   100%   203  175s
  7092  2982     cutoff   47         0.05747    0.00000   100%   204  180s
  7349  3172    0.00077   66  347    0.05747    0.00000   100%   204  185s
  7551  3271    0.00523   36  383    0.05747    0.00000   100%   206  190s
  7808  3400    0.03892   32  380    0.05747    0.00000   100%   204  195s
H 7873  3317                       0.0545772    0.00000   100%   204  197s
  7873  3319    0.05109   35  372    0.05458    0.00000   100%   204  205s
  8070  3420    0.01692   63  292    0.05458    0.00000   100%   205  210s
  8409  3615    0.02461   56  175    0.05458    0.00000   100%   201  215s
  8633  3704    0.01217   65  115    0.05458    0.00000   100%   201  221s
  8751  3765    0.02124   51  328    0.05458    0.00000   100%   202  225s
  9049  3906    0.00000   37   87    0.05458    0.00000   100%   200  230s
  9338  4062    0.01492   44  349    0.05458    0.00000   100%   199  235s
  9608  4222    0.01585   54  139    0.05458    0.00000   100%   197  240s
  9925  4410    0.00476   29  385    0.05458    0.00000   100%   195  245s
 10202  4605    0.05339   45  335    0.05458    0.00000   100%   193  261s
H10233  4619                       0.0545772    0.00000   100%   193  261s
 10397  4721     cutoff   58         0.05458    0.00000   100%   193  265s
 10646  4873    0.00081   33  375    0.05458    0.00000   100%   192  270s
 10806  4981    0.00000   28  126    0.05458    0.00000   100%   192  275s
 11028  5111    0.03836   32  406    0.05458    0.00000   100%   191  280s
 11178  5178    0.00002   43  375    0.05458    0.00000   100%   194  285s
 11414  5288 infeasible   45         0.05458    0.00000   100%   194  290s

Cutting planes:
  Learned: 4
  Gomory: 20
  Cover: 17
  Implied bound: 63
  Projected implied bound: 19
  Clique: 13
  MIR: 250
  StrongCG: 129
  Flow cover: 357
  Zero half: 19
  RLT: 2
  Relax-and-lift: 37

Explored 11584 nodes (2253939 simplex iterations) in 294.94 seconds (523.19 work units)
Thread count was 1 (of 20 available processors)

Solution count 10: 0.0545772 0.0574722 0.0577951 ... 0.441315

Time limit reached
Best objective 5.457724312129e-02, best bound 8.816848156789e-08, gap 99.9998%

User-callback calls 128283, time in user-callback 0.02 sec
