Version identifier: 22.1.1.0 | 2022-11-27 | 9160aff4d
CPXPARAM_Preprocessing_Presolve                  0
CPXPARAM_Preprocessing_Reduce                    0
CPXPARAM_Preprocessing_Linear                    0
CPXPARAM_Threads                                 1
CPXPARAM_MIP_Strategy_Search                     1
CPXPARAM_TimeLimit                               258.29660150000001
CPXPARAM_MIP_Tolerances_AbsMIPGap                0
CPXPARAM_MIP_Tolerances_MIPGap                   0
Generic callback                                 0xf8
Reduced MIP has 11911 rows, 3374 columns, and 67111 nonzeros.
Reduced MIP has 1491 binaries, 200 generals, 0 SOSs, and 0 indicators.
Presolve time = 0.00 sec. (2.01 ticks)
Clique table members: 1993.
MIP emphasis: balance optimality and feasibility.
MIP search method: traditional branch-and-cut.
Parallel mode: none, using 1 thread.
Root relaxation solution time = 0.09 sec. (149.70 ticks)

        Nodes                                         Cuts/
   Node  Left     Objective  IInf  Best Integer    Best Bound    ItCnt     Gap         Variable B NodeID Parent  Depth

      0     0        0.0034   248                      0.0034     1725         
      0     0        0.0035   258                    Cuts: 77     2423         
      0     0        0.0035   306                   Cuts: 153     2912         
      0     0        0.0036   344                   Cuts: 202     3702         
      0     0        0.0036   212                    Cuts: 31     4161         
      0     0        0.0036   274                   Cuts: 118     4721         
      0     2        0.0036   226                      0.0036     4721                                 0             0
Elapsed time = 3.20 sec. (5745.11 ticks, tree = 0.01 MB, solutions = 0)
      2     4        0.0109   230                      0.0036     7634                          X      2      0      1
      4     6        0.0066   260                      0.0036    15162                          X      4      1      2
      7     9        0.0041   215                      0.0036    15600                          X      7      5      4
     10    12        0.0045   174                      0.0036    15821                          X     10      9      6
     14    16        0.0045   174                      0.0036    16132                          X     14     12      8
     15    16        0.0046   174                      0.0036    16297                          X     15     12      8
     17    16        0.0049   167                      0.0037    16781                          X     17      3      3
     22    20        0.0049   167                      0.0037    16781                          X     22     21      8
     32    26    infeasible                            0.0037    56954                 bit_14_4 D     32     30     16
     33    27        0.0050   200                      0.0037    57813                 bit_13_4 N     33     31     17
Elapsed time = 20.45 sec. (40050.49 ticks, tree = 3.67 MB, solutions = 0)
     38    26        0.0040   336                      0.0037    60948                          X     38     37      6
     40    28        0.0041   224                      0.0037    61173                          X     40     39      7
     45    28        0.0041   330                      0.0040    61910                          X     45     38      7
     47    30        0.0041   325                      0.0040    62433                          X     47     45      8
     48    30        0.0042   337                      0.0040    62466                    p_0_5 D     48     47      9
     50    30        0.0061   282                      0.0041    62798                          X     50     38      7
     53    30        0.0061   309                      0.0041    63552                mode_2_13 D     53     52      9
     60    29        0.0041   218                      0.0041    64163                          X     60     40      8
     64    27        0.0041   324                      0.0041    66450                    p_0_5 N     64     46      9
     67    26    infeasible                            0.0041    66916                 bit_10_4 U     67     66     11
Elapsed time = 27.41 sec. (54884.36 ticks, tree = 3.84 MB, solutions = 0)
     73    24        0.0043   179                      0.0041    69003                          X     73      8      6
     83    28        0.0042   231                      0.0041    70582                          X     83     82      7
     86    27    infeasible                            0.0041    71400                 bit_10_4 U     86     84      9
     92    31        0.0046   232                      0.0042    73235                    p_0_5 D     92     91     10
    101    28    infeasible                            0.0043    75201                 bit_10_4 N    101     89      9
    105    28    infeasible                            0.0043    76743                     Y_15 U    105    104     10
    112    25    infeasible                            0.0045    78749                 bit_10_4 D    112    103      9
    119    24    infeasible                            0.0045    80249                     Y_15 U    119    118     11
    124    23        0.0047   188                      0.0046    82272                     Y_15 U    124    123      9
    130    23        0.0047   182                      0.0046    84020                          X    130     13      8
Elapsed time = 32.19 sec. (65348.57 ticks, tree = 2.92 MB, solutions = 0)
    138    21        0.0048   182                      0.0047    87831                          X    138     11      7
    143    24        0.0050   211                      0.0047    89002                     Y_15 U    143    141     10
    154    25    infeasible                            0.0047    90646                      Y_5 D    154    152     11
    162    23    infeasible                            0.0048    92566                 bit_10_4 D    162    155      9
    169    20    infeasible                            0.0049    94337                     Y_15 D    169    164     10
    188    37        0.0058   170                      0.0049    95542                 bit_20_4 D    188    187     21
    194    43        0.0059   175                      0.0049    97402                   z_1_15 D    194    193     27
    196    41    infeasible                            0.0049   100100                   z_1_10 N    196    194     28
    198    43        0.0050   250                      0.0049   101826                          X    198    197      8
    199    44        0.0051   266                      0.0049   103266                          X    199    197      8
Elapsed time = 38.11 sec. (78025.68 ticks, tree = 4.69 MB, solutions = 0)
    202    43    infeasible                            0.0049   104134                     Y_15 D    202    200     10
    210    47        0.0054   194                      0.0049   105623                     Y_17 U    210    209     11
    220    51        0.0056   181                      0.0049   107522                          X    220    217      8
    228    57        0.0056   225                      0.0049   109393                  bit_6_4 N    228    226     15
    233    60        0.0056   221                      0.0049   111271                    z_2_3 D    233    231     19
    235    62        0.0056   252                      0.0049   112426                   z_1_15 D    235    234     21
    238    65        0.0056   179                      0.0049   113595                    z_1_7 U    238    236     22
    242    65    infeasible                            0.0049   115502                    z_1_3 U    242    240     24
    252    67    infeasible                            0.0050   117571                 bit_10_4 D    252    207      9
    258    63        0.0050   260                      0.0050   119666                 bit_10_4 N    258    198      9
Elapsed time = 43.86 sec. (90540.51 ticks, tree = 5.24 MB, solutions = 0)
    264    61    infeasible                            0.0051   121206                     Y_15 D    264    258     10
    280    75        0.0053   206                      0.0051   122585                    z_2_9 D    280    279     22
    288    79        0.0053   208                      0.0051   124117                    z_0_5 D    288    287     27
    294    81    infeasible                            0.0051   125147                 bit_20_4 U    294    291     30
    301    82    infeasible                            0.0051   128358                   z_1_10 U    301    298     34
    307    86        0.0053   179                      0.0051   130115                     Y_15 U    307    306     10
    320    95        0.0053   160                      0.0051   130932                 bit_14_4 U    320    318     21
    322    97        0.0053   174                      0.0051   132754                    z_2_9 U    322    320     22
    323    98        0.0053   248                      0.0051   134524                   z_1_10 U    323    322     23
    327   100        0.0053   273                      0.0051   137764                    z_2_3 D    327    326     26
Elapsed time = 49.69 sec. (103649.10 ticks, tree = 8.55 MB, solutions = 0)
    328   101        0.0053   236                      0.0051   141489                    z_2_3 N    328    326     26
    329   100    infeasible                            0.0051   144344                    p_0_5 N    329    327     27
    330   101        0.0053   255                      0.0051   145580                    p_0_5 N    330    327     27
    332   101        0.0053   216                      0.0051   148416                    z_2_5 N    332    330     28
    340    97    infeasible                            0.0052   152699                 bit_10_4 D    340    265      9
    345    94    infeasible                            0.0052   154546                     Y_15 D    345    344     10
    360   107        0.0053   221                      0.0052   157716                    z_2_9 D    360    359     23
    363   110        0.0053   239                      0.0052   160053                   z_1_15 D    363    362     25
    367   114        0.0053   229                      0.0052   162684                    z_0_5 D    367    366     27
    370   113        0.0053   210                      0.0052   165785                   z_1_10 N    370    367     28
Elapsed time = 57.80 sec. (121504.50 ticks, tree = 9.84 MB, solutions = 0)
    373   114        0.0053   224                      0.0052   168105                   z_2_11 D    373    372     30
    374   115        0.0053   254                      0.0052   169654                    z_1_9 D    374    373     31
    376   115        0.0053   228                      0.0052   171707                   z_2_12 N    376    374     32
    378   117        0.0053   250                      0.0052   174241                   z_1_20 D    378    377     33
    381   120        0.0053   234                      0.0052   175860                    z_1_4 D    381    380     35
    385   122    infeasible                            0.0052   179385                   z_1_11 D    385    384     37
    388   119    infeasible                            0.0053   181935                      Y_5 D    388    268     12
    398   111        0.0053   213                      0.0053   184941                    z_2_3 N    398    281     23
    401   112        0.0053   231                      0.0053   186714                   z_1_10 N    401    399     25
    407   112    infeasible                            0.0053   190135                   z_1_15 U    407    405     29
Elapsed time = 63.64 sec. (134375.53 ticks, tree = 9.84 MB, solutions = 0)
    411   116        0.0053   225                      0.0053   192143                    z_1_3 D    411    410     26
    416   117        0.0053   244                      0.0053   193511                    z_0_5 D    416    415     29
    427   120    infeasible                            0.0053   195139                   z_0_10 D    427    426     34
    431   116    infeasible                            0.0053   196708                    z_2_5 U    431    417     31
    432   117        0.0053   298                      0.0053   199530                    z_1_3 N    432    410     26
    437   118        0.0053   275                      0.0053   202224                   z_1_15 U    437    436     29
    440   119        0.0053   279                      0.0053   203260                   z_1_11 N    440    439     31
    446   125        0.0053   255                      0.0053   204570                   z_2_20 D    446    445     37
    448   125        0.0053   231                      0.0053   207087                   z_1_20 N    448    446     38
    452   129        0.0053   227                      0.0053   209347                   z_2_12 D    452    451     42
Elapsed time = 69.41 sec. (146801.41 ticks, tree = 11.31 MB, solutions = 0)
    459   132    infeasible                            0.0053   212242                   z_0_17 U    459    457     48
    460   133        0.0053   262                      0.0053   214805                   z_1_10 N    460    408     24
    468   133    infeasible                            0.0053   217654                   z_0_10 U    468    466     27
    470   133        0.0053   272                      0.0053   219421                   z_1_15 N    470    416     30
    473   132        0.0053   262                      0.0053   220888                   z_0_17 N    473    460     25
    476   133    infeasible                            0.0053   222731                 mode_0_5 D    476    475     28
    479   134        0.0053   261                      0.0053   226284                 mode_0_5 D    479    478     30
    480   135        0.0053   298                      0.0053   228825                   z_1_11 U    480    479     31
    482   137        0.0053   266                      0.0053   230318                    z_2_5 N    482    481     33
    509   138        0.0053   254                      0.0053   240531                    z_2_5 N    509    507     30
Elapsed time = 77.27 sec. (162995.76 ticks, tree = 12.13 MB, solutions = 0)
    520   147        0.0053   265                      0.0053   248597                   z_0_20 U    520    518     40
    534   155        0.0053   255                      0.0053   257706                 mode_0_5 D    534    533     29
    544   155        0.0053   296                      0.0053   266940                    z_1_3 N    544    284     25
    552   157        0.0053   245                      0.0053   274311                   z_0_10 N    552    550     30
    566   163        0.0053   290                      0.0053   283101                    z_2_5 N    566    565     27
    571   164    infeasible                            0.0053   291487                   z_1_15 U    571    570     31
    576   165        0.0053   266                      0.0053   299727                    z_1_9 D    576    575     27
    600   169        0.0053   256                      0.0053   308794                   z_0_20 D    600    598     41
    636   189        0.0053   204                      0.0053   321514                    z_2_1 N    636    634     47
    653   196        0.0053   222                      0.0053   333363                    z_2_1 N    653    652     40
Elapsed time = 98.08 sec. (206045.31 ticks, tree = 17.45 MB, solutions = 0)
    675   210    infeasible                            0.0053   344539                   z_0_20 U    675    674     47
    699   222        0.0053   255                      0.0053   354417                    z_1_2 D    699    698     39
    723   228    infeasible                            0.0053   365131                    z_2_1 U    723    605     46
    752   233    infeasible                            0.0053   376960                   z_2_14 D    752    743     50
    777   236        0.0053   211                      0.0053   389513                   z_0_18 N    777    765     48
    797   232        0.0053   223                      0.0053   398362                    z_1_2 N    797    667     41
    816   229        0.0053   226                      0.0053   407764                   z_0_14 N    816    808     40
    831   228        0.0053   267                      0.0053   418205                    z_2_1 N    831    702     42
    848   227        0.0053   260                      0.0053   429839                   z_1_11 N    848    666     40
    870   221        0.0053   229                      0.0053   440869                    z_2_7 D    870    869     40
Elapsed time = 117.39 sec. (246386.98 ticks, tree = 19.74 MB, solutions = 0)
    895   220        0.0053   247                      0.0053   451733                   z_1_11 N    895    439     31
    910   229        0.0053   203                      0.0053   462295                    z_2_7 D    910    909     43
    933   230    infeasible                            0.0053   474146                   z_0_12 U    933    932     50
    947   228        0.0053   285                      0.0053   483902                    z_1_7 N    947    941     33
    961   230        0.0053   268                      0.0053   493999                   z_0_12 D    961    960     37
    984   229        0.0053   253                      0.0053   504492                   z_1_19 N    984    952     35
   1016   249        0.0053   203                      0.0053   515742                    z_1_8 U   1016   1014     44
   1040   257        0.0053   211                      0.0053   526349                   z_2_18 U   1040   1039     40
   1075   264        0.0053   283                      0.0053   539763                   z_2_15 N   1075    574     26
   1086   267        0.0053   286                      0.0053   548433                    z_1_7 N   1086   1076     28
Elapsed time = 138.00 sec. (287618.53 ticks, tree = 23.97 MB, solutions = 0)
   1106   269        0.0053   251                      0.0053   557995                   z_0_12 D   1106   1105     34
   1152   279        0.0053   183                      0.0053   570052                    z_1_8 N   1152   1122     41
   1184   277        0.0053   215                      0.0053   582761                    z_1_1 U   1184   1182     39
   1206   281        0.0053   201                      0.0053   594785                    z_1_1 N   1206   1199     41
   1229   274    infeasible                            0.0053   606774                   z_0_12 D   1229   1228     40
   1258   273    infeasible                            0.0053   618672                    z_1_1 N   1258   1257     41
   1286   273        0.0053   215                      0.0053   630497                   z_0_18 D   1286   1285     36
   1307   274        0.0053   218                      0.0053   641622                   z_0_12 U   1307   1306     37
   1352   279        0.0053   203                      0.0053   654299                   z_1_17 N   1352   1326     42
   1380   269    infeasible                            0.0053   665430                    z_2_1 U   1380   1221     34
Elapsed time = 157.39 sec. (327201.52 ticks, tree = 24.25 MB, solutions = 0)
   1393   272        0.0053   250                      0.0053   675832                    z_2_7 N   1393   1383     36
   1413   270        0.0053   236                      0.0053   689444                   z_1_19 N   1413   1412     30
   1424   271        0.0053   272                      0.0053   699569                   z_2_19 D   1424   1423     26
   1438   277        0.0053   256                      0.0053   709971                   z_0_15 N   1438    403     28
   1447   278    infeasible                            0.0053   719290                    z_1_7 U   1447   1445     34
   1470   271    infeasible                            0.0053   728885                    z_0_7 U   1470   1438     29
   1484   273        0.0053   278                      0.0053   738648                   z_2_11 N   1484    442     34
   1506   267        0.0053   260                      0.0053   748854                   z_1_11 N   1506    555     33
   1523   264        0.0053   265                      0.0053   759396                    z_2_5 U   1523   1521     31
   1534   263        0.0053   274                      0.0053   767416                    z_0_7 N   1534   1512     30
Elapsed time = 179.73 sec. (370708.58 ticks, tree = 23.61 MB, solutions = 0)
   1547   266        0.0053   275                      0.0053   777052                    z_2_1 D   1547   1546     31
   1558   265    infeasible                            0.0053   785792                   z_1_19 U   1558   1556     31
   1565   268        0.0053   223                      0.0053   794659                   z_2_19 D   1565   1564     31
   1581   268        0.0053   225                      0.0053   803690                   z_0_18 N   1581   1572     34
   1595   262    infeasible                            0.0053   813046                    z_1_7 U   1595    444     36
   1608   263        0.0053   232                      0.0053   823131                   z_2_12 N   1608   1601     33
   1616   261        0.0053   257                      0.0053   831977                    z_2_7 N   1616   1615     30
   1631   254    infeasible                            0.0053   840639                    z_0_7 U   1631   1629     38
   1650   247        0.0053   269                      0.0053   852318                   z_2_15 D   1650   1649     28
   1668   247        0.0053   227                      0.0053   862574                    z_0_7 N   1668   1667     32
Elapsed time = 200.81 sec. (411654.93 ticks, tree = 22.14 MB, solutions = 0)
   1679   248        0.0053   263                      0.0053   872704                    z_1_7 N   1679   1678     35
   1688   249        0.0053   271                      0.0053   882713                   z_2_11 D   1688   1687     33
   1697   250        0.0053   257                      0.0053   891585                    z_2_7 N   1697   1696     35
   1715   248        0.0053   223                      0.0053   900812                    z_2_1 N   1715   1697     36
   1730   245    infeasible                            0.0053   909500                    z_0_7 U   1730   1728     35
   1745   248        0.0053   277                      0.0053   919231                    z_2_7 N   1745   1743     39
   1772   245    infeasible                            0.0053   930281                    z_2_1 U   1772   1736     35
   1784   239        0.0053   263                      0.0053   939537                   z_1_19 N   1784    878     40
   1813   224    infeasible                            0.0053   952877                   z_0_20 D   1813   1021     48
   1843   212    infeasible                            0.0053   963832                   z_0_18 U   1843    995     45
Elapsed time = 221.50 sec. (452298.78 ticks, tree = 19.02 MB, solutions = 0)
   1876   203        0.0053   248                      0.0053   974177                   z_2_18 N   1876   1039     40
   1895   196    infeasible                            0.0053   984183                    z_1_7 D   1895   1894     41
   1912   191    infeasible                            0.0053   993849                   z_1_15 U   1912   1908     42
   1934   183        0.0053   220                      0.0053  1004663                    z_2_6 N   1934    620     41
   1956   173    infeasible                            0.0053  1017062                    z_0_7 U   1956   1954     47
   1985   170    infeasible                            0.0053  1029955                    z_2_7 D   1985   1984     46
   2004   163    infeasible                            0.0053  1042057                    z_1_7 U   2004   2001     47
   2025   160        0.0053   215                      0.0053  1052393                    z_1_2 N   2025    655     42
   2043   152    infeasible                            0.0053  1064083                    z_0_7 D   2043   2042     44
   2058   149        0.0053   212                      0.0053  1073863                    z_0_7 D   2058   2056     41
Elapsed time = 241.31 sec. (491783.03 ticks, tree = 13.16 MB, solutions = 0)
   2089   148        0.0053   269                      0.0053  1084841                    z_2_1 U   2089    679     39
   2108   139        0.0053   242                      0.0053  1095631                    z_2_7 D   2108   2107     41
   2124   129    infeasible                            0.0053  1106101                   z_1_18 U   2124    638     50
   2143   118    infeasible                            0.0053  1117863                   z_2_19 U   2143    450     41
   2161   110        0.0053   239                      0.0053  1129868                   z_1_10 N   2161    361     24
   2167   114        0.0053   263                      0.0053  1139043                    z_2_1 D   2167   2166     29
   2175   112        0.0053   257                      0.0053  1150875                   z_0_10 N   2175    354     18

GUB cover cuts applied:  1
Clique cuts applied:  16
Cover cuts applied:  13
Implied bound cuts applied:  924
Flow cuts applied:  117
Mixed integer rounding cuts applied:  35
Zero-half cuts applied:  4
Gomory fractional cuts applied:  8

Root node processing (before b&c):
  Real time             =    3.14 sec. (5675.44 ticks)
Sequential b&c:
  Real time             =  255.16 sec. (519326.38 ticks)
                          ------------
Total (root+branch&cut) =  258.30 sec. (525001.83 ticks)
CPLEX Error  1217: No solution exists.
CPLEX Error  1217: No solution exists.
CPLEX Error  1217: No solution exists.
moderate_seed4301.txt gcap-frontier global_gini_tree_time_limit obj=0.0192781 runtime=294.155 columns=0
