
Gurobi 13.0.2 (win64) logging started Wed Jul 22 22:20:38 2026

Set parameter LogFile to value "E:\codes\ExactEBRP\results\gf_paper_safe_gurobi_scheduling_round27\runs\stage2__V12_M2__c0_legacy__300s\native.log"
Set parameter Threads to value 1
Set parameter Presolve to value -1
Set parameter Seed to value 0
Set parameter MIPGap to value 0
Set parameter MIPGapAbs to value 0
Warning: unknown variable 'r_max' in bounds section (line 12040)
Warning: unknown variable 'r_min' in bounds section (line 12041)
Read LP format model from file E:\codes\ExactEBRP\results\gf_paper_safe_gurobi_scheduling_round27\runs\stage2__V12_M2__c0_legacy__300s\external\models\L0.lp
Reading time = 0.03 seconds
obj: 11351 rows, 1034 columns, 113440 nonzeros
Set parameter TimeLimit to value 30
Warning: unknown variable 'r_max' in bounds section (line 12040)
Warning: unknown variable 'r_min' in bounds section (line 12041)
Read LP format model from file E:\codes\ExactEBRP\results\gf_paper_safe_gurobi_scheduling_round27\runs\stage2__V12_M2__c0_legacy__300s\external\models\L1.lp
Reading time = 0.03 seconds
obj: 11351 rows, 1034 columns, 113600 nonzeros
Set parameter TimeLimit to value 30
Warning: unknown variable 'r_max' in bounds section (line 12040)
Warning: unknown variable 'r_min' in bounds section (line 12041)
Read LP format model from file E:\codes\ExactEBRP\results\gf_paper_safe_gurobi_scheduling_round27\runs\stage2__V12_M2__c0_legacy__300s\external\models\L2.lp
Reading time = 0.03 seconds
obj: 11351 rows, 1034 columns, 113600 nonzeros
Set parameter TimeLimit to value 30
Warning: unknown variable 'r_max' in bounds section (line 12040)
Warning: unknown variable 'r_min' in bounds section (line 12041)
Read LP format model from file E:\codes\ExactEBRP\results\gf_paper_safe_gurobi_scheduling_round27\runs\stage2__V12_M2__c0_legacy__300s\external\models\L3.lp
Reading time = 0.03 seconds
obj: 11351 rows, 1034 columns, 113600 nonzeros
Set parameter TimeLimit to value 30
Warning: unknown variable 'r_max' in bounds section (line 12040)
Warning: unknown variable 'r_min' in bounds section (line 12041)
Read LP format model from file E:\codes\ExactEBRP\results\gf_paper_safe_gurobi_scheduling_round27\runs\stage2__V12_M2__c0_legacy__300s\external\models\L2.0.lp
Reading time = 0.03 seconds
obj: 11351 rows, 1034 columns, 113600 nonzeros
Set parameter TimeLimit to value 30
Warning: unknown variable 'r_max' in bounds section (line 12040)
Warning: unknown variable 'r_min' in bounds section (line 12041)
Read LP format model from file E:\codes\ExactEBRP\results\gf_paper_safe_gurobi_scheduling_round27\runs\stage2__V12_M2__c0_legacy__300s\external\models\L2.1.lp
Reading time = 0.03 seconds
obj: 11351 rows, 1034 columns, 113600 nonzeros
Set parameter TimeLimit to value 30
