
Gurobi 13.0.2 (win64) logging started Thu Jul 23 07:31:07 2026

Set parameter LogFile to value "E:\codes\ExactEBRP\results\gf_cplex_equivalent_gurobi_replica_round28\runs\stage2__tight_T_seed6102__p_grb__300s\native.log"
Set parameter Threads to value 1
Set parameter Presolve to value -1
Set parameter Seed to value 0
Set parameter MIPGap to value 0
Set parameter MIPGapAbs to value 0
Set parameter TimeLimit to value 294
Read LP format model from file E:\codes\ExactEBRP\results\gf_cplex_equivalent_gurobi_replica_round28\runs\stage2__tight_T_seed6102__p_grb__300s\canonical.lp
Reading time = 0.04 seconds
obj: 27653 rows, 10536 columns, 135612 nonzeros
Gurobi Optimizer version 13.0.2 build v13.0.2rc1 (win64 - Windows 10.0 (19045.2))

CPU model: 12th Gen Intel(R) Core(TM) i7-12700KF, instruction set [SSE2|AVX|AVX2]
Thread count: 12 physical cores, 20 logical processors, using up to 1 threads

Non-default parameters:
TimeLimit  294
MIPGap  0
MIPGapAbs  0
LogToConsole  0
Threads  1

Optimize a model with 27653 rows, 10536 columns and 135612 nonzeros (Min)
Model fingerprint: 0x7b31beec
Model has 51 linear objective coefficients
Variable types: 1806 continuous, 8730 integer (8230 binary)
Coefficient statistics:
  Matrix range     [2e-02, 6e+02]
  Objective range  [8e-03, 1e+00]
  Bounds range     [1e+00, 6e+01]
  RHS range        [1e+00, 4e+03]

Presolve removed 408 rows and 99 columns
Presolve time: 0.29s
Presolved: 27245 rows, 10437 columns, 215918 nonzeros
Variable types: 514 continuous, 9923 integer (8205 binary)
Found heuristic solution: objective 6.8039158

Use crossover to convert LP symmetric solution to basic solution...
Crossover time: 0.03 seconds (0.04 work units)

Root relaxation: objective 3.453381e-01, 7184 iterations, 0.41 seconds (0.86 work units)

    Nodes    |    Current Node    |     Objective Bounds      |     Work
 Expl Unexpl |  Obj  Depth IntInf | Incumbent    BestBd   Gap | It/Node Time

     0     0    0.34534    0  649    6.80392    0.34534  94.9%     -    0s
     0     0    0.34914    0  587    6.80392    0.34914  94.9%     -    0s
     0     0    0.44886    0 1653    6.80392    0.44886  93.4%     -    2s
     0     0    0.44996    0 1665    6.80392    0.44996  93.4%     -    2s
     0     0    0.46870    0 1800    6.80392    0.46870  93.1%     -    3s
H    0     0                       6.7830584    0.46870  93.1%     -    3s
H    0     0                       6.7748188    0.46870  93.1%     -    3s
H    0     0                       6.7746451    0.46870  93.1%     -    3s
H    0     0                       6.7671952    0.46870  93.1%     -    3s
     0     0    0.46945    0 1802    6.76720    0.46945  93.1%     -    3s
     0     0    0.47685    0 1771    6.76720    0.47685  93.0%     -    4s
     0     0    0.47726    0 1770    6.76720    0.47726  92.9%     -    5s
     0     0    0.47971    0 1749    6.76720    0.47971  92.9%     -    6s
H    0     0                       6.5316976    0.47971  92.7%     -    6s
H    0     0                       5.4600453    0.47971  91.2%     -    6s
H    0     0                       5.4600239    0.47971  91.2%     -    6s
     0     0    0.47987    0 1781    5.46002    0.47987  91.2%     -    6s
     0     0    0.48051    0 1837    5.46002    0.48051  91.2%     -    7s
H    0     0                       5.4315797    0.48051  91.2%     -    7s
H    0     0                       5.4287878    0.48051  91.1%     -    7s
     0     0    0.48094    0 1885    5.42879    0.48094  91.1%     -    7s
     0     0    0.48164    0 1820    5.42879    0.48164  91.1%     -    8s
H    0     0                       5.4282870    0.48164  91.1%     -    8s
     0     0    0.48180    0 1853    5.42829    0.48180  91.1%     -    8s
     0     0    0.48253    0 1817    5.42829    0.48253  91.1%     -    9s
     0     0    0.48265    0 1855    5.42829    0.48265  91.1%     -    9s
     0     0    0.48295    0 1901    5.42829    0.48295  91.1%     -    9s
H    0     0                       5.4267935    0.48295  91.1%     -    9s
H    0     0                       5.4253000    0.48295  91.1%     -    9s
H    0     0                       5.4223131    0.48295  91.1%     -    9s
H    0     0                       5.3963615    0.48295  91.1%     -    9s
H    0     0                       5.3878374    0.48295  91.0%     -    9s
H    0     0                       5.3733089    0.48295  91.0%     -    9s
H    0     0                       5.3687711    0.48295  91.0%     -    9s
H    0     0                       5.3654763    0.48295  91.0%     -    9s
H    0     0                       5.3652127    0.48295  91.0%     -   10s
     0     0    0.48300    0 1906    5.36521    0.48300  91.0%     -   10s
     0     0    0.48323    0 1827    5.36521    0.48323  91.0%     -   10s
H    0     0                       5.3593463    0.48323  91.0%     -   10s
H    0     0                       5.3569121    0.48323  91.0%     -   10s
     0     0    0.48326    0 1914    5.35691    0.48326  91.0%     -   11s
     0     0    0.48339    0 1925    5.35691    0.48339  91.0%     -   11s
H    0     0                       3.2660846    0.48339  85.2%     -   11s
H    0     0                       3.2656218    0.48339  85.2%     -   11s
     0     0    0.48341    0 1941    3.26562    0.48341  85.2%     -   12s
     0     0    0.48344    0 1946    3.26562    0.48344  85.2%     -   12s
     0     0    0.48344    0 1945    3.26562    0.48344  85.2%     -   12s
     0     0    0.48344    0 1885    3.26562    0.48344  85.2%     -   13s
H    0     0                       3.2612540    0.48344  85.2%     -   14s
H    0     0                       3.2591050    0.48344  85.2%     -   14s
H    0     0                       3.1960242    0.48344  84.9%     -   14s
H    0     0                       3.1913564    0.48344  84.9%     -   14s
H    0     0                       3.1801436    0.48344  84.8%     -   14s
H    0     0                       3.1790842    0.48344  84.8%     -   14s
H    0     0                       3.1790698    0.48344  84.8%     -   14s
H    0     0                       3.1719300    0.48344  84.8%     -   14s
H    0     0                       2.2218279    0.48344  78.2%     -   14s
H    0     0                       2.2194495    0.48344  78.2%     -   14s
     0     2    0.48344    0 1878    2.21945    0.48344  78.2%     -   14s
H    2     2                       2.1559088    0.48344  77.6%   274   14s
H    2     2                       2.1546219    0.48344  77.6%   274   14s
H    2     2                       2.1511674    0.48344  77.5%   274   14s
H    2     2                       2.1477129    0.48344  77.5%   274   14s
H    2     2                       2.1442584    0.48344  77.5%   274   14s
H    2     2                       2.1408039    0.48344  77.4%   274   14s
H    2     2                       2.1373495    0.48344  77.4%   274   14s
H    2     2                       2.1338950    0.48344  77.3%   274   14s
H    2     2                       2.1122240    0.48344  77.1%   274   14s
H    2     2                       2.1117336    0.48344  77.1%   274   14s
H    2     2                       2.1053558    0.48344  77.0%   274   14s
H    2     2                       2.1049146    0.48344  77.0%   274   14s
H    2     2                       2.1041375    0.48344  77.0%   274   14s
H    2     2                       2.1033747    0.48344  77.0%   274   14s
H    2     2                       2.0772560    0.48344  76.7%   274   14s
     2     4    0.48449    2 1754    2.07726    0.48344  76.7%   280   15s
H    5     5                       2.0666506    0.48344  76.6%   221   15s
H    5     5                       2.0660914    0.48344  76.6%   221   15s
H    5     5                       2.0625802    0.48344  76.6%   221   15s
H    5     5                       2.0605762    0.48344  76.5%   221   15s
H    5     5                       2.0593080    0.48344  76.5%   221   15s
H    5     5                       2.0591254    0.48344  76.5%   221   15s
H    5     5                       2.0590157    0.48344  76.5%   221   15s
H    5     5                       2.0410282    0.48344  76.3%   221   16s
H   18    18                       2.0407207    0.48344  76.3%   220   17s
H   18    18                       2.0207725    0.48344  76.1%   220   18s
H   18    18                       2.0189827    0.48344  76.1%   220   18s
H   18    18                       2.0166078    0.48344  76.0%   220   18s
H   18    18                       2.0153073    0.48344  76.0%   220   18s
H   18    18                       2.0140127    0.48344  76.0%   220   18s
    18    20    0.52132   15 1713    2.01401    0.48344  76.0%   267   20s
H   41    41                       2.0136133    0.48344  76.0%   308   22s
H   41    41                       2.0086965    0.48344  75.9%   308   22s
H   57    57                       2.0021457    0.48344  75.9%   267   23s
H   67    67                       1.9994666    0.48344  75.8%   237   23s
H   74    74                       1.9991719    0.48344  75.8%   222   24s
H   82    82                       1.9987895    0.48344  75.8%   219   24s
H   82    82                       1.9987004    0.48344  75.8%   219   24s
    88    90    0.52250   57 1601    1.99870    0.48344  75.8%   214   25s
H   94    94                       1.9985964    0.48344  75.8%   206   25s
H  100   100                       1.9985627    0.48344  75.8%   197   25s
H  100   100                       1.9985560    0.48344  75.8%   197   25s
H  226   215                       1.2599064    0.48344  61.6%   127   29s
H  226   215                       1.2578134    0.48344  61.6%   127   29s
H  226   215                       1.2567410    0.48344  61.5%   127   29s
H  229   218                       1.2567203    0.48344  61.5%   128   29s
H  235   222                       1.2531661    0.48344  61.4%   128   29s
H  235   222                       1.2531346    0.48344  61.4%   128   29s
H  235   222                       1.2530938    0.48344  61.4%   128   29s
   238   227    1.02469  159 1085    1.25309    0.48344  61.4%   128   30s
H  257   244                       1.2509789    0.48344  61.4%   120   30s
H  257   244                       1.2508617    0.48344  61.4%   120   30s
H  286   269                       1.1550427    0.48344  58.1%   110   30s
H  286   269                       1.1550342    0.48344  58.1%   110   30s
H  286   269                       1.1549319    0.48344  58.1%   110   30s
H  355   184                       0.7988887    0.48436  39.4%  96.3   32s
H  355   184                       0.7878138    0.48436  38.5%  96.3   32s
H  359   188                       0.7877403    0.48436  38.5%  98.6   32s
H  362   191                       0.7851289    0.48436  38.3%   101   33s
H  362   191                       0.7830139    0.48436  38.1%   101   33s
H  362   191                       0.7815240    0.48436  38.0%   101   33s
H  365   194                       0.7810421    0.48436  38.0%   104   33s
H  370   199                       0.7809979    0.48436  38.0%   105   34s
H  374   203                       0.7809954    0.48436  38.0%   106   34s
H  374   203                       0.7809880    0.48436  38.0%   106   34s
H  374   203                       0.7807355    0.48436  38.0%   106   35s
H  374   203                       0.7805113    0.48436  37.9%   106   35s
H  374   203                       0.7787502    0.48436  37.8%   106   35s
H  374   203                       0.7786192    0.48436  37.8%   106   35s
H  374   203                       0.7768572    0.48436  37.7%   106   35s
H  374   203                       0.7765271    0.48436  37.6%   106   35s
H  377   206                       0.7765108    0.48436  37.6%   109   36s
H  377   206                       0.7763757    0.48436  37.6%   109   36s
H  377   206                       0.7762885    0.48436  37.6%   109   36s
H  385   214                       0.7758590    0.48436  37.6%   115   37s
H  385   214                       0.7758495    0.48436  37.6%   115   37s
H  385   214                       0.7756217    0.48436  37.6%   115   37s
H  385   214                       0.7756068    0.48436  37.6%   115   37s
H  385   214                       0.7754808    0.48436  37.5%   115   37s
H  396   225                       0.7754124    0.48436  37.5%   114   38s
H  403   232                       0.7753302    0.48436  37.5%   113   38s
   425   256    0.56533   63 1402    0.77533    0.48436  37.5%   116   40s
H  427   256                       0.7750922    0.48436  37.5%   116   40s
H  427   256                       0.7748479    0.48436  37.5%   116   40s
H  427   256                       0.7748187    0.48436  37.5%   116   40s
H  427   256                       0.7747699    0.48436  37.5%   116   40s
H  427   256                       0.7747502    0.48436  37.5%   116   40s
H  480   309                       0.7740231    0.48436  37.4%   114   43s
H  480   309                       0.7726939    0.48436  37.3%   114   43s
H  480   309                       0.7707043    0.48436  37.2%   114   43s
H  480   309                       0.7706228    0.48436  37.1%   114   44s
H  480   309                       0.7692966    0.48436  37.0%   114   44s
H  480   309                       0.7654803    0.48436  36.7%   114   44s
   480   311    0.59013  105 1088    0.76548    0.48436  36.7%   114   45s
H  528   352                       0.7631560    0.48436  36.5%   110   47s
H  528   352                       0.7606004    0.48436  36.3%   110   47s
H  528   352                       0.7486329    0.48436  35.3%   110   47s
H  528   352                       0.7470033    0.48436  35.2%   110   47s
H  528   352                       0.7469654    0.48436  35.2%   110   47s
H  528   352                       0.7469024    0.48436  35.2%   110   47s
H  528   352                       0.7448344    0.48436  35.0%   110   47s
H  528   352                       0.7443023    0.48436  34.9%   110   47s
H  528   352                       0.7442988    0.48436  34.9%   110   47s
H  528   352                       0.7442594    0.48436  34.9%   110   47s
H  528   352                       0.7442545    0.48436  34.9%   110   47s
H  528   352                       0.7441976    0.48436  34.9%   110   47s
   529   353    0.58122   62 1885    0.74420    0.48436  34.9%   110   51s
H  530   336                       0.7439358    0.48436  34.9%   110   53s
   532   337    0.52229   72 1648    0.74394    0.48436  34.9%   109   56s
   534   338    0.59344  113 1846    0.74394    0.49277  33.8%   109   60s
   537   340    0.58376   84 1806    0.74394    0.49727  33.2%   108   65s
   540   342    0.52502   17 1922    0.74394    0.49826  33.0%   108   71s
H  541   325                       0.7344844    0.49846  32.1%   108   75s
H  541   309                       0.7323122    0.49846  31.9%   108   75s
   545   312    0.50759   50 1921    0.73231    0.49899  31.9%   107   80s
   549   314    0.64475  128 1964    0.73231    0.49912  31.8%   106   85s
   552   316    0.64963  134 1945    0.73231    0.49915  31.8%   106   91s
   556   319    0.51773   38 1974    0.73231    0.49917  31.8%   105   95s
H  562   308                       0.7318756    0.49918  31.8%   196   99s
H  562   293                       0.7306859    0.49918  31.7%   196   99s
H  562   278                       0.7306124    0.49918  31.7%   196   99s
   563   278    0.50420   37  602    0.73061    0.49918  31.7%   195  100s
   566   280    0.52802   80 1803    0.73061    0.49918  31.7%   194  106s
   569   282    0.52502   17 1906    0.73061    0.50015  31.5%   193  111s
   571   284    0.50062   20 1945    0.73061    0.50062  31.5%   193  115s
   573   285    0.58806   92 2005    0.73061    0.50085  31.4%   192  120s
H  573   271                       0.7215385    0.50094  30.6%   192  122s
H  573   257                       0.7201351    0.50094  30.4%   192  122s
H  573   244                       0.7184735    0.50094  30.3%   192  122s
   576   246    0.50723   43 1954    0.71847    0.50120  30.2%   191  126s
H  577   234                       0.7183609    0.50149  30.2%   191  128s
H  577   222                       0.7183457    0.50149  30.2%   191  128s
H  577   211                       0.7183256    0.50149  30.2%   191  128s
   580   213    0.56062  123 1988    0.71833    0.50149  30.2%   190  130s
   585   216    0.58740  104 1950    0.71833    0.50149  30.2%   188  135s
H  587   206                       0.7139075    0.50149  29.8%   188  145s
H  587   195                       0.7137949    0.50149  29.7%   188  145s
H  587   185                       0.7137942    0.50149  29.7%   188  145s
H  587   175                       0.7137740    0.50149  29.7%   188  145s
H  587   166                       0.7125654    0.50149  29.6%   188  145s
H  590   159                       0.7125024    0.50161  29.6%   263  149s
H  590   150                       0.7111328    0.50161  29.5%   263  149s
H  590   143                       0.7109137    0.50161  29.4%   263  149s
H  590   135                       0.7091247    0.50161  29.3%   263  149s
H  590   128                       0.7085880    0.50161  29.2%   263  149s
H  590   121                       0.7080396    0.50161  29.2%   263  149s
H  590   115                       0.7061665    0.50161  29.0%   263  149s
H  590   108                       0.7048822    0.50161  28.8%   263  149s
   590   110    0.51337   23 1938    0.70488    0.50344  28.6%   268  151s
   593   112    0.50722   25 1923    0.70488    0.50719  28.0%   278  156s
   596   114    0.51780   26 1963    0.70488    0.51063  27.6%   295  161s
   603   119    0.51443   30 1784    0.70488    0.51139  27.5%   300  165s
H  604   113                       0.7047051    0.51139  27.4%   300  166s
H  604   107                       0.7043885    0.51139  27.4%   300  166s
H  604   102                       0.7043456    0.51139  27.4%   300  166s
   610   108    0.62711   33 1768    0.70435    0.51139  27.4%   317  170s
   620   114    0.52751   38 1761    0.70435    0.51139  27.4%   335  175s
   633   123    0.52925   45 1659    0.70435    0.51139  27.4%   351  180s
   652   136    0.56267   54 1481    0.70435    0.51139  27.4%   366  185s
   676   152    0.54002   66 1258    0.70435    0.51139  27.4%   365  190s
   712   176    0.54923   84 1011    0.70435    0.51139  27.4%   362  195s
   749   200    0.55237  103  707    0.70435    0.51139  27.4%   358  200s
   796   232    0.55774  126  580    0.70435    0.51139  27.4%   349  205s
   842   262    0.56006  149  529    0.70435    0.51139  27.4%   344  210s
   898   312    0.55992  177  671    0.70435    0.51139  27.4%   334  215s
   954   367    0.58939  205  576    0.70435    0.51139  27.4%   328  220s
   998   411    0.58942  227  714    0.70435    0.51139  27.4%   327  225s
  1058   468    0.59433  257  564    0.70435    0.51139  27.4%   321  230s
  1120   527    0.59368  288  617    0.70435    0.51139  27.4%   314  235s
  1173   568    0.58074  315  640    0.70435    0.51139  27.4%   312  240s
  1218   602     cutoff  337         0.70435    0.51139  27.4%   313  245s
  1255   625    0.59704  356  761    0.70435    0.51139  27.4%   317  250s
  1303   663    0.59756  380  861    0.70435    0.51139  27.4%   318  255s
  1348   692 infeasible  402         0.70435    0.51139  27.4%   321  260s
  1423   761    0.62466  440  506    0.70435    0.51139  27.4%   314  265s
  1503   840    0.63418  480  482    0.70435    0.51139  27.4%   307  270s
  1603   928    0.68016  528  518    0.70435    0.51139  27.4%   298  275s
  1629   932    0.53088   28 1630    0.70435    0.51141  27.4%   299  280s
  1645   948    0.53411   36 1542    0.70435    0.51141  27.4%   303  285s
  1667   970    0.55202   47 1258    0.70435    0.51141  27.4%   305  290s

Cutting planes:
  Learned: 16
  Gomory: 3
  Cover: 62
  Implied bound: 127
  Projected implied bound: 90
  Clique: 95
  MIR: 396
  StrongCG: 41
  Flow cover: 562
  GUB cover: 5
  Zero half: 53
  RLT: 59
  Relax-and-lift: 204
  BQP: 44

Explored 1704 nodes (540302 simplex iterations) in 294.00 seconds (679.16 work units)
Thread count was 1 (of 20 available processors)

Solution count 10: 0.704346 0.704388 0.704705 ... 0.711133

Time limit reached
Best objective 7.043455740789e-01, best bound 5.114077669337e-01, gap 27.3925%

User-callback calls 58504, time in user-callback 0.02 sec
