
Gurobi 13.0.2 (win64) logging started Fri Jul 24 09:19:46 2026

Set parameter LogFile to value "E:\codes\ExactEBRP\results\gf_c0_mechanism_transfer_c5_round30\runs\stage2__high_imbalance_seed5203__c5_candidate__300s\native.log"
Set parameter Threads to value 1
Set parameter Presolve to value -1
Set parameter Seed to value 0
Set parameter MIPGap to value 0
Set parameter MIPGapAbs to value 0
Warning: unknown variable 'r_max' in bounds section (line 13965)
Warning: unknown variable 'r_min' in bounds section (line 13966)
Read LP format model from file E:\codes\ExactEBRP\results\gf_c0_mechanism_transfer_c5_round30\runs\stage2__high_imbalance_seed5203__c5_candidate__300s\external\models\L0.lp
Reading time = 0.02 seconds
obj: 11922 rows, 3380 columns, 67158 nonzeros
Set parameter TimeLimit to value 280.634445
Warning: unknown variable 'r_max' in bounds section (line 13965)
Warning: unknown variable 'r_min' in bounds section (line 13966)
Read LP format model from file E:\codes\ExactEBRP\results\gf_c0_mechanism_transfer_c5_round30\runs\stage2__high_imbalance_seed5203__c5_candidate__300s\external\models\L1.lp
Reading time = 0.02 seconds
obj: 11922 rows, 3380 columns, 67404 nonzeros
Set parameter TimeLimit to value 280.4348677
Warning: unknown variable 'r_max' in bounds section (line 13965)
Warning: unknown variable 'r_min' in bounds section (line 13966)
Read LP format model from file E:\codes\ExactEBRP\results\gf_c0_mechanism_transfer_c5_round30\runs\stage2__high_imbalance_seed5203__c5_candidate__300s\external\models\L1.0.lp
Reading time = 0.02 seconds
obj: 11922 rows, 3380 columns, 67404 nonzeros
Set parameter TimeLimit to value 280.0502273
Warning: unknown variable 'r_max' in bounds section (line 13965)
Warning: unknown variable 'r_min' in bounds section (line 13966)
Read LP format model from file E:\codes\ExactEBRP\results\gf_c0_mechanism_transfer_c5_round30\runs\stage2__high_imbalance_seed5203__c5_candidate__300s\external\models\L1.1.lp
Reading time = 0.02 seconds
obj: 11922 rows, 3380 columns, 67404 nonzeros
Set parameter TimeLimit to value 279.8139991
Warning: unknown variable 'r_max' in bounds section (line 13965)
Warning: unknown variable 'r_min' in bounds section (line 13966)
Read LP format model from file E:\codes\ExactEBRP\results\gf_c0_mechanism_transfer_c5_round30\runs\stage2__high_imbalance_seed5203__c5_candidate__300s\external\models\L2.lp
Reading time = 0.02 seconds
obj: 11922 rows, 3380 columns, 67404 nonzeros
Set parameter TimeLimit to value 279.4576514
Warning: unknown variable 'r_max' in bounds section (line 13965)
Warning: unknown variable 'r_min' in bounds section (line 13966)
Read LP format model from file E:\codes\ExactEBRP\results\gf_c0_mechanism_transfer_c5_round30\runs\stage2__high_imbalance_seed5203__c5_candidate__300s\external\models\L2.0.lp
Reading time = 0.02 seconds
obj: 11922 rows, 3380 columns, 67404 nonzeros
Set parameter TimeLimit to value 279.0495962
Warning: unknown variable 'r_max' in bounds section (line 13965)
Warning: unknown variable 'r_min' in bounds section (line 13966)
Read LP format model from file E:\codes\ExactEBRP\results\gf_c0_mechanism_transfer_c5_round30\runs\stage2__high_imbalance_seed5203__c5_candidate__300s\external\models\L2.1.lp
Reading time = 0.02 seconds
obj: 11922 rows, 3380 columns, 67404 nonzeros
Set parameter TimeLimit to value 278.6697419
Warning: unknown variable 'r_max' in bounds section (line 13966)
Warning: unknown variable 'r_min' in bounds section (line 13967)
Read LP format model from file E:\codes\ExactEBRP\results\gf_c0_mechanism_transfer_c5_round30\runs\stage2__high_imbalance_seed5203__c5_candidate__300s\external\models\L3.lp
Reading time = 0.02 seconds
obj: 11923 rows, 3380 columns, 67030 nonzeros
Set parameter TimeLimit to value 278.3152437
Warning: unknown variable 'r_max' in bounds section (line 13966)
Warning: unknown variable 'r_min' in bounds section (line 13967)
Read LP format model from file E:\codes\ExactEBRP\results\gf_c0_mechanism_transfer_c5_round30\runs\stage2__high_imbalance_seed5203__c5_candidate__300s\external\models\L3.0.lp
Reading time = 0.02 seconds
obj: 11923 rows, 3380 columns, 67410 nonzeros
Set parameter TimeLimit to value 277.9492002
Warning: unknown variable 'r_max' in bounds section (line 13966)
Warning: unknown variable 'r_min' in bounds section (line 13967)
Read LP format model from file E:\codes\ExactEBRP\results\gf_c0_mechanism_transfer_c5_round30\runs\stage2__high_imbalance_seed5203__c5_candidate__300s\external\models\L3.1.lp
Reading time = 0.02 seconds
obj: 11923 rows, 3380 columns, 67030 nonzeros
Set parameter TimeLimit to value 277.6168469
Warning: unknown variable 'r_max' in bounds section (line 13965)
Warning: unknown variable 'r_min' in bounds section (line 13966)
Read LP format model from file E:\codes\ExactEBRP\results\gf_c0_mechanism_transfer_c5_round30\runs\stage2__high_imbalance_seed5203__c5_candidate__300s\external\models\L2.0.0.lp
Reading time = 0.02 seconds
obj: 11922 rows, 3380 columns, 67404 nonzeros
Set parameter TimeLimit to value 276.5506372
Warning: unknown variable 'r_max' in bounds section (line 13965)
Warning: unknown variable 'r_min' in bounds section (line 13966)
Read LP format model from file E:\codes\ExactEBRP\results\gf_c0_mechanism_transfer_c5_round30\runs\stage2__high_imbalance_seed5203__c5_candidate__300s\external\models\L2.0.1.lp
Reading time = 0.02 seconds
obj: 11922 rows, 3380 columns, 67404 nonzeros
Set parameter TimeLimit to value 276.1404157
Warning: unknown variable 'r_max' in bounds section (line 13965)
Warning: unknown variable 'r_min' in bounds section (line 13966)
Read LP format model from file E:\codes\ExactEBRP\results\gf_c0_mechanism_transfer_c5_round30\runs\stage2__high_imbalance_seed5203__c5_candidate__300s\external\models\L2.0.0.0.lp
Reading time = 0.02 seconds
obj: 11922 rows, 3380 columns, 67404 nonzeros
Set parameter TimeLimit to value 275.7857447
Warning: unknown variable 'r_max' in bounds section (line 13965)
Warning: unknown variable 'r_min' in bounds section (line 13966)
Read LP format model from file E:\codes\ExactEBRP\results\gf_c0_mechanism_transfer_c5_round30\runs\stage2__high_imbalance_seed5203__c5_candidate__300s\external\models\L2.0.0.1.lp
Reading time = 0.02 seconds
obj: 11922 rows, 3380 columns, 67404 nonzeros
Set parameter TimeLimit to value 275.3970554
Warning: unknown variable 'r_max' in bounds section (line 13965)
Warning: unknown variable 'r_min' in bounds section (line 13966)
Read LP format model from file E:\codes\ExactEBRP\results\gf_c0_mechanism_transfer_c5_round30\runs\stage2__high_imbalance_seed5203__c5_candidate__300s\external\models\L2.0.0.1.0.lp
Reading time = 0.02 seconds
obj: 11922 rows, 3380 columns, 67404 nonzeros
Set parameter TimeLimit to value 2.7501147960000003e+02
Warning: unknown variable 'r_max' in bounds section (line 13965)
Warning: unknown variable 'r_min' in bounds section (line 13966)
Read LP format model from file E:\codes\ExactEBRP\results\gf_c0_mechanism_transfer_c5_round30\runs\stage2__high_imbalance_seed5203__c5_candidate__300s\external\models\L2.0.0.1.1.lp
Reading time = 0.02 seconds
obj: 11922 rows, 3380 columns, 67404 nonzeros
Set parameter TimeLimit to value 274.6319068
Warning: unknown variable 'r_max' in bounds section (line 13965)
Warning: unknown variable 'r_min' in bounds section (line 13966)
Read LP format model from file E:\codes\ExactEBRP\results\gf_c0_mechanism_transfer_c5_round30\runs\stage2__high_imbalance_seed5203__c5_candidate__300s\external\models\L2.0.0.1.1.0.lp
Reading time = 0.02 seconds
obj: 11922 rows, 3380 columns, 67404 nonzeros
Set parameter TimeLimit to value 274.2356257
Warning: unknown variable 'r_max' in bounds section (line 13965)
Warning: unknown variable 'r_min' in bounds section (line 13966)
Read LP format model from file E:\codes\ExactEBRP\results\gf_c0_mechanism_transfer_c5_round30\runs\stage2__high_imbalance_seed5203__c5_candidate__300s\external\models\L2.0.0.1.1.1.lp
Reading time = 0.02 seconds
obj: 11922 rows, 3380 columns, 67404 nonzeros
Set parameter TimeLimit to value 273.8515322
Warning: unknown variable 'r_max' in bounds section (line 13965)
Warning: unknown variable 'r_min' in bounds section (line 13966)
Read LP format model from file E:\codes\ExactEBRP\results\gf_c0_mechanism_transfer_c5_round30\runs\stage2__high_imbalance_seed5203__c5_candidate__300s\external\models\L2.0.1.0.lp
Reading time = 0.02 seconds
obj: 11922 rows, 3380 columns, 67404 nonzeros
Set parameter TimeLimit to value 272.9919224
Warning: unknown variable 'r_max' in bounds section (line 13965)
Warning: unknown variable 'r_min' in bounds section (line 13966)
Read LP format model from file E:\codes\ExactEBRP\results\gf_c0_mechanism_transfer_c5_round30\runs\stage2__high_imbalance_seed5203__c5_candidate__300s\external\models\L2.0.1.1.lp
Reading time = 0.02 seconds
obj: 11922 rows, 3380 columns, 67404 nonzeros
Set parameter TimeLimit to value 272.5093433
Warning: unknown variable 'r_max' in bounds section (line 13965)
Warning: unknown variable 'r_min' in bounds section (line 13966)
Read LP format model from file E:\codes\ExactEBRP\results\gf_c0_mechanism_transfer_c5_round30\runs\stage2__high_imbalance_seed5203__c5_candidate__300s\external\models\L2.0.0.1.1.0.0.lp
Reading time = 0.02 seconds
obj: 11922 rows, 3380 columns, 67404 nonzeros
Set parameter TimeLimit to value 271.7308031
Warning: unknown variable 'r_max' in bounds section (line 13965)
Warning: unknown variable 'r_min' in bounds section (line 13966)
Read LP format model from file E:\codes\ExactEBRP\results\gf_c0_mechanism_transfer_c5_round30\runs\stage2__high_imbalance_seed5203__c5_candidate__300s\external\models\L2.0.0.1.1.0.1.lp
Reading time = 0.02 seconds
obj: 11922 rows, 3380 columns, 67404 nonzeros
Set parameter TimeLimit to value 271.3810444
Warning: unknown variable 'r_max' in bounds section (line 13965)
Warning: unknown variable 'r_min' in bounds section (line 13966)
Read LP format model from file E:\codes\ExactEBRP\results\gf_c0_mechanism_transfer_c5_round30\runs\stage2__high_imbalance_seed5203__c5_candidate__300s\external\models\L2.0.0.1.1.1.0.lp
Reading time = 0.02 seconds
obj: 11922 rows, 3380 columns, 67404 nonzeros
Set parameter TimeLimit to value 266.3669819
Warning: unknown variable 'r_max' in bounds section (line 13965)
Warning: unknown variable 'r_min' in bounds section (line 13966)
Read LP format model from file E:\codes\ExactEBRP\results\gf_c0_mechanism_transfer_c5_round30\runs\stage2__high_imbalance_seed5203__c5_candidate__300s\external\models\L2.0.0.1.1.1.1.lp
Reading time = 0.02 seconds
obj: 11922 rows, 3380 columns, 67404 nonzeros
Set parameter TimeLimit to value 265.9999729
Warning: unknown variable 'r_max' in bounds section (line 13965)
Warning: unknown variable 'r_min' in bounds section (line 13966)
Read LP format model from file E:\codes\ExactEBRP\results\gf_c0_mechanism_transfer_c5_round30\runs\stage2__high_imbalance_seed5203__c5_candidate__300s\external\models\L2.0.1.0.0.lp
Reading time = 0.02 seconds
obj: 11922 rows, 3380 columns, 67404 nonzeros
Set parameter TimeLimit to value 248.9730131
Warning: unknown variable 'r_max' in bounds section (line 13965)
Warning: unknown variable 'r_min' in bounds section (line 13966)
Read LP format model from file E:\codes\ExactEBRP\results\gf_c0_mechanism_transfer_c5_round30\runs\stage2__high_imbalance_seed5203__c5_candidate__300s\external\models\L2.0.1.0.1.lp
Reading time = 0.02 seconds
obj: 11922 rows, 3380 columns, 67404 nonzeros
Set parameter TimeLimit to value 248.5797248
Warning: unknown variable 'r_max' in bounds section (line 13965)
Warning: unknown variable 'r_min' in bounds section (line 13966)
Read LP format model from file E:\codes\ExactEBRP\results\gf_c0_mechanism_transfer_c5_round30\runs\stage2__high_imbalance_seed5203__c5_candidate__300s\external\models\L2.0.0.1.0.0.lp
Reading time = 0.02 seconds
obj: 11922 rows, 3380 columns, 67404 nonzeros
Set parameter TimeLimit to value 158.2019074
Warning: unknown variable 'r_max' in bounds section (line 13965)
Warning: unknown variable 'r_min' in bounds section (line 13966)
Read LP format model from file E:\codes\ExactEBRP\results\gf_c0_mechanism_transfer_c5_round30\runs\stage2__high_imbalance_seed5203__c5_candidate__300s\external\models\L2.0.0.1.0.1.lp
Reading time = 0.02 seconds
obj: 11922 rows, 3380 columns, 67404 nonzeros
Set parameter TimeLimit to value 157.8170476
Warning: unknown variable 'r_max' in bounds section (line 13965)
Warning: unknown variable 'r_min' in bounds section (line 13966)
Read LP format model from file E:\codes\ExactEBRP\results\gf_c0_mechanism_transfer_c5_round30\runs\stage2__high_imbalance_seed5203__c5_candidate__300s\external\models\L2.0.1.1.0.lp
Reading time = 0.02 seconds
obj: 11922 rows, 3380 columns, 67404 nonzeros
Set parameter TimeLimit to value 157.0221216
Warning: unknown variable 'r_max' in bounds section (line 13965)
Warning: unknown variable 'r_min' in bounds section (line 13966)
Read LP format model from file E:\codes\ExactEBRP\results\gf_c0_mechanism_transfer_c5_round30\runs\stage2__high_imbalance_seed5203__c5_candidate__300s\external\models\L2.0.1.1.1.lp
Reading time = 0.02 seconds
obj: 11922 rows, 3380 columns, 67404 nonzeros
Set parameter TimeLimit to value 156.6829229
Warning: unknown variable 'r_max' in bounds section (line 13965)
Warning: unknown variable 'r_min' in bounds section (line 13966)
Read LP format model from file E:\codes\ExactEBRP\results\gf_c0_mechanism_transfer_c5_round30\runs\stage2__high_imbalance_seed5203__c5_candidate__300s\external\models\L2.0.0.1.0.1.0.lp
Reading time = 0.02 seconds
obj: 11922 rows, 3380 columns, 67404 nonzeros
Set parameter TimeLimit to value 1.0830225089999999e+02
Warning: unknown variable 'r_max' in bounds section (line 13965)
Warning: unknown variable 'r_min' in bounds section (line 13966)
Read LP format model from file E:\codes\ExactEBRP\results\gf_c0_mechanism_transfer_c5_round30\runs\stage2__high_imbalance_seed5203__c5_candidate__300s\external\models\L2.0.0.1.0.1.1.lp
Reading time = 0.02 seconds
obj: 11922 rows, 3380 columns, 67404 nonzeros
Set parameter TimeLimit to value 1.0792162049999999e+02
Warning: unknown variable 'r_max' in bounds section (line 13965)
Warning: unknown variable 'r_min' in bounds section (line 13966)
Read LP format model from file E:\codes\ExactEBRP\results\gf_c0_mechanism_transfer_c5_round30\runs\stage2__high_imbalance_seed5203__c5_candidate__300s\external\models\L2.1.0.lp
Reading time = 0.02 seconds
obj: 11922 rows, 3380 columns, 67404 nonzeros
Set parameter TimeLimit to value 1.0540284510000001e+02
Warning: unknown variable 'r_max' in bounds section (line 13965)
Warning: unknown variable 'r_min' in bounds section (line 13966)
Read LP format model from file E:\codes\ExactEBRP\results\gf_c0_mechanism_transfer_c5_round30\runs\stage2__high_imbalance_seed5203__c5_candidate__300s\external\models\L2.1.1.lp
Reading time = 0.02 seconds
obj: 11922 rows, 3380 columns, 67404 nonzeros
Set parameter TimeLimit to value 105.0728652
Warning: unknown variable 'r_max' in bounds section (line 13965)
Warning: unknown variable 'r_min' in bounds section (line 13966)
Read LP format model from file E:\codes\ExactEBRP\results\gf_c0_mechanism_transfer_c5_round30\runs\stage2__high_imbalance_seed5203__c5_candidate__300s\external\models\L2.0.0.1.0.0.0.lp
Reading time = 0.02 seconds
obj: 11922 rows, 3380 columns, 67404 nonzeros
Set parameter TimeLimit to value 83.6978269
Warning: unknown variable 'r_max' in bounds section (line 13965)
Warning: unknown variable 'r_min' in bounds section (line 13966)
Read LP format model from file E:\codes\ExactEBRP\results\gf_c0_mechanism_transfer_c5_round30\runs\stage2__high_imbalance_seed5203__c5_candidate__300s\external\models\L2.0.0.1.0.0.1.lp
Reading time = 0.02 seconds
obj: 11922 rows, 3380 columns, 67404 nonzeros
Set parameter TimeLimit to value 8.3336841999999990e+01
Warning: unknown variable 'r_max' in bounds section (line 13965)
Warning: unknown variable 'r_min' in bounds section (line 13966)
Read LP format model from file E:\codes\ExactEBRP\results\gf_c0_mechanism_transfer_c5_round30\runs\stage2__high_imbalance_seed5203__c5_candidate__300s\external\models\L2.0.0.1.0.0.1.0.lp
Reading time = 0.02 seconds
obj: 11922 rows, 3380 columns, 67404 nonzeros
Set parameter TimeLimit to value 8.2558652599999988e+01
Warning: unknown variable 'r_max' in bounds section (line 13965)
Warning: unknown variable 'r_min' in bounds section (line 13966)
Read LP format model from file E:\codes\ExactEBRP\results\gf_c0_mechanism_transfer_c5_round30\runs\stage2__high_imbalance_seed5203__c5_candidate__300s\external\models\L2.0.0.1.0.0.1.1.lp
Reading time = 0.02 seconds
obj: 11922 rows, 3380 columns, 67404 nonzeros
Set parameter TimeLimit to value 82.1722537
Warning: unknown variable 'r_max' in bounds section (line 13965)
Warning: unknown variable 'r_min' in bounds section (line 13966)
Read LP format model from file E:\codes\ExactEBRP\results\gf_c0_mechanism_transfer_c5_round30\runs\stage2__high_imbalance_seed5203__c5_candidate__300s\external\models\L2.0.0.1.0.0.0.0.lp
Reading time = 0.02 seconds
obj: 11922 rows, 3380 columns, 67404 nonzeros
Set parameter TimeLimit to value 8.0627563799999990e+01
Warning: unknown variable 'r_max' in bounds section (line 13965)
Warning: unknown variable 'r_min' in bounds section (line 13966)
Read LP format model from file E:\codes\ExactEBRP\results\gf_c0_mechanism_transfer_c5_round30\runs\stage2__high_imbalance_seed5203__c5_candidate__300s\external\models\L2.0.0.1.0.0.0.1.lp
Reading time = 0.02 seconds
obj: 11922 rows, 3380 columns, 67404 nonzeros
Set parameter TimeLimit to value 8.0260208699999993e+01
Warning: unknown variable 'r_max' in bounds section (line 13965)
Warning: unknown variable 'r_min' in bounds section (line 13966)
Read LP format model from file E:\codes\ExactEBRP\results\gf_c0_mechanism_transfer_c5_round30\runs\stage2__high_imbalance_seed5203__c5_candidate__300s\external\models\L2.0.0.0.0.lp
Reading time = 0.02 seconds
obj: 11922 rows, 3380 columns, 67404 nonzeros
Set parameter TimeLimit to value 79.4705026
Warning: unknown variable 'r_max' in bounds section (line 13965)
Warning: unknown variable 'r_min' in bounds section (line 13966)
Read LP format model from file E:\codes\ExactEBRP\results\gf_c0_mechanism_transfer_c5_round30\runs\stage2__high_imbalance_seed5203__c5_candidate__300s\external\models\L2.0.0.0.1.lp
Reading time = 0.02 seconds
obj: 11922 rows, 3380 columns, 67404 nonzeros
Set parameter TimeLimit to value 79.0573358
Warning: unknown variable 'r_max' in bounds section (line 13965)
Warning: unknown variable 'r_min' in bounds section (line 13966)
Read LP format model from file E:\codes\ExactEBRP\results\gf_c0_mechanism_transfer_c5_round30\runs\stage2__high_imbalance_seed5203__c5_candidate__300s\external\models\L2.0.0.1.0.0.0.0.0.lp
Reading time = 0.02 seconds
obj: 11922 rows, 3380 columns, 67404 nonzeros
Set parameter TimeLimit to value 7.8653109199999989e+01
Warning: unknown variable 'r_max' in bounds section (line 13965)
Warning: unknown variable 'r_min' in bounds section (line 13966)
Read LP format model from file E:\codes\ExactEBRP\results\gf_c0_mechanism_transfer_c5_round30\runs\stage2__high_imbalance_seed5203__c5_candidate__300s\external\models\L2.0.0.1.0.0.0.0.1.lp
Reading time = 0.02 seconds
obj: 11922 rows, 3380 columns, 67404 nonzeros
Set parameter TimeLimit to value 78.2872098
Warning: unknown variable 'r_max' in bounds section (line 13965)
Warning: unknown variable 'r_min' in bounds section (line 13966)
Read LP format model from file E:\codes\ExactEBRP\results\gf_c0_mechanism_transfer_c5_round30\runs\stage2__high_imbalance_seed5203__c5_candidate__300s\external\models\L2.0.0.1.0.0.0.1.0.lp
Reading time = 0.02 seconds
obj: 11922 rows, 3380 columns, 67404 nonzeros
Set parameter TimeLimit to value 7.7036145199999993e+01
Warning: unknown variable 'r_max' in bounds section (line 13965)
Warning: unknown variable 'r_min' in bounds section (line 13966)
Read LP format model from file E:\codes\ExactEBRP\results\gf_c0_mechanism_transfer_c5_round30\runs\stage2__high_imbalance_seed5203__c5_candidate__300s\external\models\L2.0.0.1.0.0.0.1.1.lp
Reading time = 0.02 seconds
obj: 11922 rows, 3380 columns, 67404 nonzeros
Set parameter TimeLimit to value 76.6480478
Warning: unknown variable 'r_max' in bounds section (line 13965)
Warning: unknown variable 'r_min' in bounds section (line 13966)
Read LP format model from file E:\codes\ExactEBRP\results\gf_c0_mechanism_transfer_c5_round30\runs\stage2__high_imbalance_seed5203__c5_candidate__300s\external\models\L2.0.0.0.1.0.lp
Reading time = 0.02 seconds
obj: 11922 rows, 3380 columns, 67404 nonzeros
Set parameter TimeLimit to value 75.2125025
Warning: unknown variable 'r_max' in bounds section (line 13965)
Warning: unknown variable 'r_min' in bounds section (line 13966)
Read LP format model from file E:\codes\ExactEBRP\results\gf_c0_mechanism_transfer_c5_round30\runs\stage2__high_imbalance_seed5203__c5_candidate__300s\external\models\L2.0.0.0.1.1.lp
Reading time = 0.02 seconds
obj: 11922 rows, 3380 columns, 67404 nonzeros
Set parameter TimeLimit to value 7.4818435099999988e+01
Warning: unknown variable 'r_max' in bounds section (line 13965)
Warning: unknown variable 'r_min' in bounds section (line 13966)
Read LP format model from file E:\codes\ExactEBRP\results\gf_c0_mechanism_transfer_c5_round30\runs\stage2__high_imbalance_seed5203__c5_candidate__300s\external\models\L2.0.0.0.1.1.0.lp
Reading time = 0.02 seconds
obj: 11922 rows, 3380 columns, 67404 nonzeros
Set parameter TimeLimit to value 7.4004581300000012e+01
Warning: unknown variable 'r_max' in bounds section (line 13965)
Warning: unknown variable 'r_min' in bounds section (line 13966)
Read LP format model from file E:\codes\ExactEBRP\results\gf_c0_mechanism_transfer_c5_round30\runs\stage2__high_imbalance_seed5203__c5_candidate__300s\external\models\L2.0.0.0.1.1.1.lp
Reading time = 0.02 seconds
obj: 11922 rows, 3380 columns, 67404 nonzeros
Set parameter TimeLimit to value 7.3635282499999988e+01
Warning: unknown variable 'r_max' in bounds section (line 13965)
Warning: unknown variable 'r_min' in bounds section (line 13966)
Read LP format model from file E:\codes\ExactEBRP\results\gf_c0_mechanism_transfer_c5_round30\runs\stage2__high_imbalance_seed5203__c5_candidate__300s\external\models\L2.0.0.0.1.0.0.lp
Reading time = 0.02 seconds
obj: 11922 rows, 3380 columns, 67404 nonzeros
Set parameter TimeLimit to value 72.3678946
Warning: unknown variable 'r_max' in bounds section (line 13965)
Warning: unknown variable 'r_min' in bounds section (line 13966)
Read LP format model from file E:\codes\ExactEBRP\results\gf_c0_mechanism_transfer_c5_round30\runs\stage2__high_imbalance_seed5203__c5_candidate__300s\external\models\L2.0.0.0.1.0.1.lp
Reading time = 0.02 seconds
obj: 11922 rows, 3380 columns, 67404 nonzeros
Set parameter TimeLimit to value 7.2012866300000013e+01
Warning: unknown variable 'r_max' in bounds section (line 13965)
Warning: unknown variable 'r_min' in bounds section (line 13966)
Read LP format model from file E:\codes\ExactEBRP\results\gf_c0_mechanism_transfer_c5_round30\runs\stage2__high_imbalance_seed5203__c5_candidate__300s\external\models\L2.0.0.0.1.0.1.0.lp
Reading time = 0.02 seconds
obj: 11922 rows, 3380 columns, 67404 nonzeros
Set parameter TimeLimit to value 71.210534
Warning: unknown variable 'r_max' in bounds section (line 13965)
Warning: unknown variable 'r_min' in bounds section (line 13966)
Read LP format model from file E:\codes\ExactEBRP\results\gf_c0_mechanism_transfer_c5_round30\runs\stage2__high_imbalance_seed5203__c5_candidate__300s\external\models\L2.0.0.0.1.0.1.1.lp
Reading time = 0.02 seconds
obj: 11922 rows, 3380 columns, 67404 nonzeros
Set parameter TimeLimit to value 70.8059217
Warning: unknown variable 'r_max' in bounds section (line 13965)
Warning: unknown variable 'r_min' in bounds section (line 13966)
Read LP format model from file E:\codes\ExactEBRP\results\gf_c0_mechanism_transfer_c5_round30\runs\stage2__high_imbalance_seed5203__c5_candidate__300s\external\models\L2.0.0.0.1.0.0.0.lp
Reading time = 0.02 seconds
obj: 11922 rows, 3380 columns, 67404 nonzeros
Set parameter TimeLimit to value 6.9572214300000013e+01
Warning: unknown variable 'r_max' in bounds section (line 13965)
Warning: unknown variable 'r_min' in bounds section (line 13966)
Read LP format model from file E:\codes\ExactEBRP\results\gf_c0_mechanism_transfer_c5_round30\runs\stage2__high_imbalance_seed5203__c5_candidate__300s\external\models\L2.0.0.0.1.0.0.1.lp
Reading time = 0.02 seconds
obj: 11922 rows, 3380 columns, 67404 nonzeros
Set parameter TimeLimit to value 6.9193206800000013e+01
Warning: unknown variable 'r_max' in bounds section (line 13965)
Warning: unknown variable 'r_min' in bounds section (line 13966)
Read LP format model from file E:\codes\ExactEBRP\results\gf_c0_mechanism_transfer_c5_round30\runs\stage2__high_imbalance_seed5203__c5_candidate__300s\external\models\L2.0.0.0.1.0.0.0.0.lp
Reading time = 0.02 seconds
obj: 11922 rows, 3380 columns, 67404 nonzeros
Set parameter TimeLimit to value 6.8443417899999986e+01
Warning: unknown variable 'r_max' in bounds section (line 13965)
Warning: unknown variable 'r_min' in bounds section (line 13966)
Read LP format model from file E:\codes\ExactEBRP\results\gf_c0_mechanism_transfer_c5_round30\runs\stage2__high_imbalance_seed5203__c5_candidate__300s\external\models\L2.0.0.0.1.0.0.0.1.lp
Reading time = 0.02 seconds
obj: 11922 rows, 3380 columns, 67404 nonzeros
Set parameter TimeLimit to value 6.8064115399999991e+01
Warning: unknown variable 'r_max' in bounds section (line 13965)
Warning: unknown variable 'r_min' in bounds section (line 13966)
Read LP format model from file E:\codes\ExactEBRP\results\gf_c0_mechanism_transfer_c5_round30\runs\stage2__high_imbalance_seed5203__c5_candidate__300s\external\models\L2.0.0.0.1.0.0.1.0.lp
Reading time = 0.02 seconds
obj: 11922 rows, 3380 columns, 67404 nonzeros
Set parameter TimeLimit to value 66.9925145
Warning: unknown variable 'r_max' in bounds section (line 13965)
Warning: unknown variable 'r_min' in bounds section (line 13966)
Read LP format model from file E:\codes\ExactEBRP\results\gf_c0_mechanism_transfer_c5_round30\runs\stage2__high_imbalance_seed5203__c5_candidate__300s\external\models\L2.0.0.0.1.0.0.1.1.lp
Reading time = 0.02 seconds
obj: 11922 rows, 3380 columns, 67404 nonzeros
Set parameter TimeLimit to value 6.6616484500000013e+01
Warning: unknown variable 'r_max' in bounds section (line 13965)
Warning: unknown variable 'r_min' in bounds section (line 13966)
Read LP format model from file E:\codes\ExactEBRP\results\gf_c0_mechanism_transfer_c5_round30\runs\stage2__high_imbalance_seed5203__c5_candidate__300s\external\models\L2.0.0.0.0.0.lp
Reading time = 0.02 seconds
obj: 11922 rows, 3380 columns, 67404 nonzeros
Set parameter TimeLimit to value 6.5563045600000009e+01
Warning: unknown variable 'r_max' in bounds section (line 13965)
Warning: unknown variable 'r_min' in bounds section (line 13966)
Read LP format model from file E:\codes\ExactEBRP\results\gf_c0_mechanism_transfer_c5_round30\runs\stage2__high_imbalance_seed5203__c5_candidate__300s\external\models\L2.0.0.0.0.1.lp
Reading time = 0.02 seconds
obj: 11922 rows, 3380 columns, 67404 nonzeros
Set parameter TimeLimit to value 65.2025089
Warning: unknown variable 'r_max' in bounds section (line 13965)
Warning: unknown variable 'r_min' in bounds section (line 13966)
Read LP format model from file E:\codes\ExactEBRP\results\gf_c0_mechanism_transfer_c5_round30\runs\stage2__high_imbalance_seed5203__c5_candidate__300s\external\models\L2.0.0.0.0.1.0.lp
Reading time = 0.02 seconds
obj: 11922 rows, 3380 columns, 67404 nonzeros
Set parameter TimeLimit to value 6.4831870500000008e+01
Warning: unknown variable 'r_max' in bounds section (line 13965)
Warning: unknown variable 'r_min' in bounds section (line 13966)
Read LP format model from file E:\codes\ExactEBRP\results\gf_c0_mechanism_transfer_c5_round30\runs\stage2__high_imbalance_seed5203__c5_candidate__300s\external\models\L2.0.0.0.0.1.1.lp
Reading time = 0.02 seconds
obj: 11922 rows, 3380 columns, 67404 nonzeros
Set parameter TimeLimit to value 64.4701441
Warning: unknown variable 'r_max' in bounds section (line 13965)
Warning: unknown variable 'r_min' in bounds section (line 13966)
Read LP format model from file E:\codes\ExactEBRP\results\gf_c0_mechanism_transfer_c5_round30\runs\stage2__high_imbalance_seed5203__c5_candidate__300s\external\models\L2.0.0.0.0.1.1.0.lp
Reading time = 0.02 seconds
obj: 11922 rows, 3380 columns, 67404 nonzeros
Set parameter TimeLimit to value 6.3665962500000006e+01
Warning: unknown variable 'r_max' in bounds section (line 13965)
Warning: unknown variable 'r_min' in bounds section (line 13966)
Read LP format model from file E:\codes\ExactEBRP\results\gf_c0_mechanism_transfer_c5_round30\runs\stage2__high_imbalance_seed5203__c5_candidate__300s\external\models\L2.0.0.0.0.1.1.1.lp
Reading time = 0.02 seconds
obj: 11922 rows, 3380 columns, 67404 nonzeros
Set parameter TimeLimit to value 6.3304423899999989e+01
Warning: unknown variable 'r_max' in bounds section (line 13965)
Warning: unknown variable 'r_min' in bounds section (line 13966)
Read LP format model from file E:\codes\ExactEBRP\results\gf_c0_mechanism_transfer_c5_round30\runs\stage2__high_imbalance_seed5203__c5_candidate__300s\external\models\L2.0.0.0.0.1.0.0.lp
Reading time = 0.02 seconds
obj: 11922 rows, 3380 columns, 67404 nonzeros
Set parameter TimeLimit to value 6.2420275699999991e+01
Warning: unknown variable 'r_max' in bounds section (line 13965)
Warning: unknown variable 'r_min' in bounds section (line 13966)
Read LP format model from file E:\codes\ExactEBRP\results\gf_c0_mechanism_transfer_c5_round30\runs\stage2__high_imbalance_seed5203__c5_candidate__300s\external\models\L2.0.0.0.0.1.0.1.lp
Reading time = 0.02 seconds
obj: 11922 rows, 3380 columns, 67404 nonzeros
Set parameter TimeLimit to value 6.2001967299999990e+01
Warning: unknown variable 'r_max' in bounds section (line 13965)
Warning: unknown variable 'r_min' in bounds section (line 13966)
Read LP format model from file E:\codes\ExactEBRP\results\gf_c0_mechanism_transfer_c5_round30\runs\stage2__high_imbalance_seed5203__c5_candidate__300s\external\models\L2.0.0.0.0.1.0.0.0.lp
Reading time = 0.02 seconds
obj: 11922 rows, 3380 columns, 67404 nonzeros
Set parameter TimeLimit to value 6.1228888399999988e+01
Warning: unknown variable 'r_max' in bounds section (line 13965)
Warning: unknown variable 'r_min' in bounds section (line 13966)
Read LP format model from file E:\codes\ExactEBRP\results\gf_c0_mechanism_transfer_c5_round30\runs\stage2__high_imbalance_seed5203__c5_candidate__300s\external\models\L2.0.0.0.0.1.0.0.1.lp
Reading time = 0.02 seconds
obj: 11922 rows, 3380 columns, 67404 nonzeros
Set parameter TimeLimit to value 6.0881045300000011e+01
Warning: unknown variable 'r_max' in bounds section (line 13965)
Warning: unknown variable 'r_min' in bounds section (line 13966)
Read LP format model from file E:\codes\ExactEBRP\results\gf_c0_mechanism_transfer_c5_round30\runs\stage2__high_imbalance_seed5203__c5_candidate__300s\external\models\L2.0.0.0.0.1.0.1.0.lp
Reading time = 0.02 seconds
obj: 11922 rows, 3380 columns, 67404 nonzeros
Set parameter TimeLimit to value 5.9967887399999995e+01
Warning: unknown variable 'r_max' in bounds section (line 13965)
Warning: unknown variable 'r_min' in bounds section (line 13966)
Read LP format model from file E:\codes\ExactEBRP\results\gf_c0_mechanism_transfer_c5_round30\runs\stage2__high_imbalance_seed5203__c5_candidate__300s\external\models\L2.0.0.0.0.1.0.1.1.lp
Reading time = 0.02 seconds
obj: 11922 rows, 3380 columns, 67404 nonzeros
Set parameter TimeLimit to value 5.9616059299999989e+01
Warning: unknown variable 'r_max' in bounds section (line 13965)
Warning: unknown variable 'r_min' in bounds section (line 13966)
Read LP format model from file E:\codes\ExactEBRP\results\gf_c0_mechanism_transfer_c5_round30\runs\stage2__high_imbalance_seed5203__c5_candidate__300s\external\models\L2.0.0.0.0.0.0.lp
Reading time = 0.02 seconds
obj: 11922 rows, 3380 columns, 67404 nonzeros
Set parameter TimeLimit to value 5.8730038000000008e+01
Warning: unknown variable 'r_max' in bounds section (line 13965)
Warning: unknown variable 'r_min' in bounds section (line 13966)
Read LP format model from file E:\codes\ExactEBRP\results\gf_c0_mechanism_transfer_c5_round30\runs\stage2__high_imbalance_seed5203__c5_candidate__300s\external\models\L2.0.0.0.0.0.1.lp
Reading time = 0.02 seconds
obj: 11922 rows, 3380 columns, 67404 nonzeros
Set parameter TimeLimit to value 5.8371863999999988e+01
Warning: unknown variable 'r_max' in bounds section (line 13965)
Warning: unknown variable 'r_min' in bounds section (line 13966)
Read LP format model from file E:\codes\ExactEBRP\results\gf_c0_mechanism_transfer_c5_round30\runs\stage2__high_imbalance_seed5203__c5_candidate__300s\external\models\L2.0.0.0.0.0.1.0.lp
Reading time = 0.02 seconds
obj: 11922 rows, 3380 columns, 67404 nonzeros
Set parameter TimeLimit to value 5.7611796999999996e+01
Warning: unknown variable 'r_max' in bounds section (line 13965)
Warning: unknown variable 'r_min' in bounds section (line 13966)
Read LP format model from file E:\codes\ExactEBRP\results\gf_c0_mechanism_transfer_c5_round30\runs\stage2__high_imbalance_seed5203__c5_candidate__300s\external\models\L2.0.0.0.0.0.1.1.lp
Reading time = 0.02 seconds
obj: 11922 rows, 3380 columns, 67404 nonzeros
Set parameter TimeLimit to value 5.7231021199999986e+01
Warning: unknown variable 'r_max' in bounds section (line 13965)
Warning: unknown variable 'r_min' in bounds section (line 13966)
Read LP format model from file E:\codes\ExactEBRP\results\gf_c0_mechanism_transfer_c5_round30\runs\stage2__high_imbalance_seed5203__c5_candidate__300s\external\models\L1.1.0.lp
Reading time = 0.02 seconds
obj: 11922 rows, 3380 columns, 67404 nonzeros
Set parameter TimeLimit to value 5.6078411899999992e+01
Warning: unknown variable 'r_max' in bounds section (line 13965)
Warning: unknown variable 'r_min' in bounds section (line 13966)
Read LP format model from file E:\codes\ExactEBRP\results\gf_c0_mechanism_transfer_c5_round30\runs\stage2__high_imbalance_seed5203__c5_candidate__300s\external\models\L1.1.1.lp
Reading time = 0.02 seconds
obj: 11922 rows, 3380 columns, 67404 nonzeros
Set parameter TimeLimit to value 5.5862173799999994e+01
Warning: unknown variable 'r_max' in bounds section (line 13965)
Warning: unknown variable 'r_min' in bounds section (line 13966)
Read LP format model from file E:\codes\ExactEBRP\results\gf_c0_mechanism_transfer_c5_round30\runs\stage2__high_imbalance_seed5203__c5_candidate__300s\external\models\L2.0.0.0.0.0.0.0.lp
Reading time = 0.02 seconds
obj: 11922 rows, 3380 columns, 67404 nonzeros
Set parameter TimeLimit to value 5.5476626100000004e+01
Warning: unknown variable 'r_max' in bounds section (line 13965)
Warning: unknown variable 'r_min' in bounds section (line 13966)
Read LP format model from file E:\codes\ExactEBRP\results\gf_c0_mechanism_transfer_c5_round30\runs\stage2__high_imbalance_seed5203__c5_candidate__300s\external\models\L2.0.0.0.0.0.0.1.lp
Reading time = 0.02 seconds
obj: 11922 rows, 3380 columns, 67404 nonzeros
Set parameter TimeLimit to value 5.5056767000000008e+01
Warning: unknown variable 'r_max' in bounds section (line 13965)
Warning: unknown variable 'r_min' in bounds section (line 13966)
Read LP format model from file E:\codes\ExactEBRP\results\gf_c0_mechanism_transfer_c5_round30\runs\stage2__high_imbalance_seed5203__c5_candidate__300s\external\models\L1.1.1.0.lp
Reading time = 0.02 seconds
obj: 11922 rows, 3380 columns, 67404 nonzeros
Set parameter TimeLimit to value 5.4248655299999996e+01
Warning: unknown variable 'r_max' in bounds section (line 13965)
Warning: unknown variable 'r_min' in bounds section (line 13966)
Read LP format model from file E:\codes\ExactEBRP\results\gf_c0_mechanism_transfer_c5_round30\runs\stage2__high_imbalance_seed5203__c5_candidate__300s\external\models\L1.1.1.1.lp
Reading time = 0.02 seconds
obj: 11922 rows, 3380 columns, 67404 nonzeros
Set parameter TimeLimit to value 5.3915502800000013e+01
Warning: unknown variable 'r_max' in bounds section (line 13965)
Warning: unknown variable 'r_min' in bounds section (line 13966)
Read LP format model from file E:\codes\ExactEBRP\results\gf_c0_mechanism_transfer_c5_round30\runs\stage2__high_imbalance_seed5203__c5_candidate__300s\external\models\L1.1.1.1.0.lp
Reading time = 0.02 seconds
obj: 11922 rows, 3380 columns, 67404 nonzeros
Set parameter TimeLimit to value 53.5586625
Warning: unknown variable 'r_max' in bounds section (line 13965)
Warning: unknown variable 'r_min' in bounds section (line 13966)
Read LP format model from file E:\codes\ExactEBRP\results\gf_c0_mechanism_transfer_c5_round30\runs\stage2__high_imbalance_seed5203__c5_candidate__300s\external\models\L1.1.1.1.1.lp
Reading time = 0.02 seconds
obj: 11922 rows, 3380 columns, 67404 nonzeros
Set parameter TimeLimit to value 5.3149718900000011e+01
Warning: unknown variable 'r_max' in bounds section (line 13965)
Warning: unknown variable 'r_min' in bounds section (line 13966)
Read LP format model from file E:\codes\ExactEBRP\results\gf_c0_mechanism_transfer_c5_round30\runs\stage2__high_imbalance_seed5203__c5_candidate__300s\external\models\L2.0.0.0.0.0.0.0.0.lp
Reading time = 0.02 seconds
obj: 11922 rows, 3380 columns, 67404 nonzeros
Set parameter TimeLimit to value 5.2751202900000010e+01
Warning: unknown variable 'r_max' in bounds section (line 13965)
Warning: unknown variable 'r_min' in bounds section (line 13966)
Read LP format model from file E:\codes\ExactEBRP\results\gf_c0_mechanism_transfer_c5_round30\runs\stage2__high_imbalance_seed5203__c5_candidate__300s\external\models\L2.0.0.0.0.0.0.0.1.lp
Reading time = 0.02 seconds
obj: 11922 rows, 3380 columns, 67404 nonzeros
Set parameter TimeLimit to value 52.3714617
Warning: unknown variable 'r_max' in bounds section (line 13965)
Warning: unknown variable 'r_min' in bounds section (line 13966)
Read LP format model from file E:\codes\ExactEBRP\results\gf_c0_mechanism_transfer_c5_round30\runs\stage2__high_imbalance_seed5203__c5_candidate__300s\external\models\L2.0.0.0.0.0.0.1.0.lp
Reading time = 0.02 seconds
obj: 11922 rows, 3380 columns, 67404 nonzeros
Set parameter TimeLimit to value 5.1493452200000007e+01
Warning: unknown variable 'r_max' in bounds section (line 13965)
Warning: unknown variable 'r_min' in bounds section (line 13966)
Read LP format model from file E:\codes\ExactEBRP\results\gf_c0_mechanism_transfer_c5_round30\runs\stage2__high_imbalance_seed5203__c5_candidate__300s\external\models\L2.0.0.0.0.0.0.1.1.lp
Reading time = 0.02 seconds
obj: 11922 rows, 3380 columns, 67404 nonzeros
Set parameter TimeLimit to value 5.1082541200000009e+01
Warning: unknown variable 'r_max' in bounds section (line 13965)
Warning: unknown variable 'r_min' in bounds section (line 13966)
Read LP format model from file E:\codes\ExactEBRP\results\gf_c0_mechanism_transfer_c5_round30\runs\stage2__high_imbalance_seed5203__c5_candidate__300s\external\models\L1.1.1.1.1.0.lp
Reading time = 0.02 seconds
obj: 11922 rows, 3380 columns, 67404 nonzeros
Set parameter TimeLimit to value 5.0117845100000011e+01
Warning: unknown variable 'r_max' in bounds section (line 13965)
Warning: unknown variable 'r_min' in bounds section (line 13966)
Read LP format model from file E:\codes\ExactEBRP\results\gf_c0_mechanism_transfer_c5_round30\runs\stage2__high_imbalance_seed5203__c5_candidate__300s\external\models\L1.1.1.1.1.1.lp
Reading time = 0.02 seconds
obj: 11922 rows, 3380 columns, 67404 nonzeros
Set parameter TimeLimit to value 4.9776885600000014e+01
Warning: unknown variable 'r_max' in bounds section (line 13965)
Warning: unknown variable 'r_min' in bounds section (line 13966)
Read LP format model from file E:\codes\ExactEBRP\results\gf_c0_mechanism_transfer_c5_round30\runs\stage2__high_imbalance_seed5203__c5_candidate__300s\external\models\L1.1.1.1.1.1.0.lp
Reading time = 0.02 seconds
obj: 11922 rows, 3380 columns, 67404 nonzeros
Set parameter TimeLimit to value 4.9379771199999993e+01
Warning: unknown variable 'r_max' in bounds section (line 13965)
Warning: unknown variable 'r_min' in bounds section (line 13966)
Read LP format model from file E:\codes\ExactEBRP\results\gf_c0_mechanism_transfer_c5_round30\runs\stage2__high_imbalance_seed5203__c5_candidate__300s\external\models\L1.1.1.1.1.1.1.lp
Reading time = 0.02 seconds
obj: 11922 rows, 3380 columns, 67404 nonzeros
Set parameter TimeLimit to value 4.8976354399999991e+01
Warning: unknown variable 'r_max' in bounds section (line 13965)
Warning: unknown variable 'r_min' in bounds section (line 13966)
Read LP format model from file E:\codes\ExactEBRP\results\gf_c0_mechanism_transfer_c5_round30\runs\stage2__high_imbalance_seed5203__c5_candidate__300s\external\models\L1.1.1.1.1.1.1.0.lp
Reading time = 0.02 seconds
obj: 11922 rows, 3380 columns, 67404 nonzeros
Set parameter TimeLimit to value 4.8613191599999993e+01
Warning: unknown variable 'r_max' in bounds section (line 13965)
Warning: unknown variable 'r_min' in bounds section (line 13966)
Read LP format model from file E:\codes\ExactEBRP\results\gf_c0_mechanism_transfer_c5_round30\runs\stage2__high_imbalance_seed5203__c5_candidate__300s\external\models\L1.1.1.1.1.1.1.1.lp
Reading time = 0.02 seconds
obj: 11922 rows, 3380 columns, 67404 nonzeros
Set parameter TimeLimit to value 4.8261722999999989e+01
Warning: unknown variable 'r_max' in bounds section (line 13965)
Warning: unknown variable 'r_min' in bounds section (line 13966)
Read LP format model from file E:\codes\ExactEBRP\results\gf_c0_mechanism_transfer_c5_round30\runs\stage2__high_imbalance_seed5203__c5_candidate__300s\external\models\L1.1.1.1.1.1.1.1.0.lp
Reading time = 0.02 seconds
obj: 11922 rows, 3380 columns, 67404 nonzeros
Set parameter TimeLimit to value 47.8850841
Warning: unknown variable 'r_max' in bounds section (line 13965)
Warning: unknown variable 'r_min' in bounds section (line 13966)
Read LP format model from file E:\codes\ExactEBRP\results\gf_c0_mechanism_transfer_c5_round30\runs\stage2__high_imbalance_seed5203__c5_candidate__300s\external\models\L1.1.1.1.1.1.1.1.1.lp
Reading time = 0.02 seconds
obj: 11922 rows, 3380 columns, 67404 nonzeros
Set parameter TimeLimit to value 47.5133486
Warning: unknown variable 'r_max' in bounds section (line 13965)
Warning: unknown variable 'r_min' in bounds section (line 13966)
Read LP format model from file E:\codes\ExactEBRP\results\gf_c0_mechanism_transfer_c5_round30\runs\stage2__high_imbalance_seed5203__c5_candidate__300s\external\models\L1.1.1.1.1.1.1.0.0.lp
Reading time = 0.02 seconds
obj: 11922 rows, 3380 columns, 67404 nonzeros
Set parameter TimeLimit to value 46.7303134
Warning: unknown variable 'r_max' in bounds section (line 13965)
Warning: unknown variable 'r_min' in bounds section (line 13966)
Read LP format model from file E:\codes\ExactEBRP\results\gf_c0_mechanism_transfer_c5_round30\runs\stage2__high_imbalance_seed5203__c5_candidate__300s\external\models\L1.1.1.1.1.1.1.0.1.lp
Reading time = 0.02 seconds
obj: 11922 rows, 3380 columns, 67404 nonzeros
Set parameter TimeLimit to value 46.3602296
Warning: unknown variable 'r_max' in bounds section (line 13965)
Warning: unknown variable 'r_min' in bounds section (line 13966)
Read LP format model from file E:\codes\ExactEBRP\results\gf_c0_mechanism_transfer_c5_round30\runs\stage2__high_imbalance_seed5203__c5_candidate__300s\external\models\L1.1.1.1.1.1.0.0.lp
Reading time = 0.02 seconds
obj: 11922 rows, 3380 columns, 67404 nonzeros
Set parameter TimeLimit to value 4.4515246499999989e+01
Warning: unknown variable 'r_max' in bounds section (line 13965)
Warning: unknown variable 'r_min' in bounds section (line 13966)
Read LP format model from file E:\codes\ExactEBRP\results\gf_c0_mechanism_transfer_c5_round30\runs\stage2__high_imbalance_seed5203__c5_candidate__300s\external\models\L1.1.1.1.1.1.0.1.lp
Reading time = 0.02 seconds
obj: 11922 rows, 3380 columns, 67404 nonzeros
Set parameter TimeLimit to value 4.4143686599999995e+01
Warning: unknown variable 'r_max' in bounds section (line 13965)
Warning: unknown variable 'r_min' in bounds section (line 13966)
Read LP format model from file E:\codes\ExactEBRP\results\gf_c0_mechanism_transfer_c5_round30\runs\stage2__high_imbalance_seed5203__c5_candidate__300s\external\models\L1.1.1.1.1.1.0.1.0.lp
Reading time = 0.02 seconds
obj: 11922 rows, 3380 columns, 67404 nonzeros
Set parameter TimeLimit to value 43.7936335
Warning: unknown variable 'r_max' in bounds section (line 13965)
Warning: unknown variable 'r_min' in bounds section (line 13966)
Read LP format model from file E:\codes\ExactEBRP\results\gf_c0_mechanism_transfer_c5_round30\runs\stage2__high_imbalance_seed5203__c5_candidate__300s\external\models\L1.1.1.1.1.1.0.1.1.lp
Reading time = 0.02 seconds
obj: 11922 rows, 3380 columns, 67404 nonzeros
Set parameter TimeLimit to value 43.4033024
