
Gurobi 13.0.2 (win64) logging started Thu Jul 23 16:45:41 2026

Set parameter LogFile to value "E:\codes\ExactEBRP\results\gf_gurobi_performance_recovery_round29\runs\stage2__high_imbalance_seed5203__c3_replica__300s\native.log"
Set parameter Threads to value 1
Set parameter Presolve to value -1
Set parameter Seed to value 0
Set parameter MIPGap to value 0
Set parameter MIPGapAbs to value 0
Warning: unknown variable 'r_max' in bounds section (line 13965)
Warning: unknown variable 'r_min' in bounds section (line 13966)
Read LP format model from file E:\codes\ExactEBRP\results\gf_gurobi_performance_recovery_round29\runs\stage2__high_imbalance_seed5203__c3_replica__300s\external\models\R.lp
Reading time = 0.02 seconds
obj: 11922 rows, 3380 columns, 66778 nonzeros
Set parameter TimeLimit to value 270.3834669
Warning: unknown variable 'r_max' in bounds section (line 13965)
Warning: unknown variable 'r_min' in bounds section (line 13966)
Read LP format model from file E:\codes\ExactEBRP\results\gf_gurobi_performance_recovery_round29\runs\stage2__high_imbalance_seed5203__c3_replica__300s\external\models\R.0.lp
Reading time = 0.02 seconds
obj: 11922 rows, 3380 columns, 67158 nonzeros
Set parameter TimeLimit to value 269.9323539
Warning: unknown variable 'r_max' in bounds section (line 13965)
Warning: unknown variable 'r_min' in bounds section (line 13966)
Read LP format model from file E:\codes\ExactEBRP\results\gf_gurobi_performance_recovery_round29\runs\stage2__high_imbalance_seed5203__c3_replica__300s\external\models\R.1.lp
Reading time = 0.02 seconds
obj: 11922 rows, 3380 columns, 67024 nonzeros
Set parameter TimeLimit to value 269.5815612
Warning: unknown variable 'r_max' in bounds section (line 13965)
Warning: unknown variable 'r_min' in bounds section (line 13966)
Read LP format model from file E:\codes\ExactEBRP\results\gf_gurobi_performance_recovery_round29\runs\stage2__high_imbalance_seed5203__c3_replica__300s\external\models\R.1.0.lp
Reading time = 0.02 seconds
obj: 11922 rows, 3380 columns, 67404 nonzeros
Set parameter TimeLimit to value 269.168522
Warning: unknown variable 'r_max' in bounds section (line 13966)
Warning: unknown variable 'r_min' in bounds section (line 13967)
Read LP format model from file E:\codes\ExactEBRP\results\gf_gurobi_performance_recovery_round29\runs\stage2__high_imbalance_seed5203__c3_replica__300s\external\models\R.1.1.lp
Reading time = 0.02 seconds
obj: 11923 rows, 3380 columns, 67030 nonzeros
Set parameter TimeLimit to value 268.7600445
Warning: unknown variable 'r_max' in bounds section (line 13965)
Warning: unknown variable 'r_min' in bounds section (line 13966)
Read LP format model from file E:\codes\ExactEBRP\results\gf_gurobi_performance_recovery_round29\runs\stage2__high_imbalance_seed5203__c3_replica__300s\external\models\R.1.0.1.lp
Reading time = 0.02 seconds
obj: 11922 rows, 3380 columns, 67404 nonzeros
Set parameter TimeLimit to value 268.3769729
Warning: unknown variable 'r_max' in bounds section (line 13965)
Warning: unknown variable 'r_min' in bounds section (line 13966)
Read LP format model from file E:\codes\ExactEBRP\results\gf_gurobi_performance_recovery_round29\runs\stage2__high_imbalance_seed5203__c3_replica__300s\external\models\R.1.0.0.lp
Reading time = 0.02 seconds
obj: 11922 rows, 3380 columns, 67404 nonzeros
Set parameter TimeLimit to value 268.0034291
Warning: unknown variable 'r_max' in bounds section (line 13965)
Warning: unknown variable 'r_min' in bounds section (line 13966)
Read LP format model from file E:\codes\ExactEBRP\results\gf_gurobi_performance_recovery_round29\runs\stage2__high_imbalance_seed5203__c3_replica__300s\external\models\R.1.0.0.1.lp
Reading time = 0.02 seconds
obj: 11922 rows, 3380 columns, 67404 nonzeros
Set parameter TimeLimit to value 267.6068017
Warning: unknown variable 'r_max' in bounds section (line 13965)
Warning: unknown variable 'r_min' in bounds section (line 13966)
Read LP format model from file E:\codes\ExactEBRP\results\gf_gurobi_performance_recovery_round29\runs\stage2__high_imbalance_seed5203__c3_replica__300s\external\models\R.1.0.0.0.lp
Reading time = 0.02 seconds
obj: 11922 rows, 3380 columns, 67404 nonzeros
Set parameter TimeLimit to value 267.2326129
Warning: unknown variable 'r_max' in bounds section (line 13965)
Warning: unknown variable 'r_min' in bounds section (line 13966)
Read LP format model from file E:\codes\ExactEBRP\results\gf_gurobi_performance_recovery_round29\runs\stage2__high_imbalance_seed5203__c3_replica__300s\external\models\R.1.0.0.0.0.lp
Reading time = 0.02 seconds
obj: 11922 rows, 3380 columns, 67404 nonzeros
Set parameter TimeLimit to value 266.8056163
Warning: unknown variable 'r_max' in bounds section (line 13965)
Warning: unknown variable 'r_min' in bounds section (line 13966)
Read LP format model from file E:\codes\ExactEBRP\results\gf_gurobi_performance_recovery_round29\runs\stage2__high_imbalance_seed5203__c3_replica__300s\external\models\R.1.0.0.0.1.lp
Reading time = 0.02 seconds
obj: 11922 rows, 3380 columns, 67404 nonzeros
Set parameter TimeLimit to value 266.4135205
Warning: unknown variable 'r_max' in bounds section (line 13965)
Warning: unknown variable 'r_min' in bounds section (line 13966)
Read LP format model from file E:\codes\ExactEBRP\results\gf_gurobi_performance_recovery_round29\runs\stage2__high_imbalance_seed5203__c3_replica__300s\external\models\R.1.0.0.0.1.0.lp
Reading time = 0.02 seconds
obj: 11922 rows, 3380 columns, 67404 nonzeros
Set parameter TimeLimit to value 266.0156284
Warning: unknown variable 'r_max' in bounds section (line 13965)
Warning: unknown variable 'r_min' in bounds section (line 13966)
Read LP format model from file E:\codes\ExactEBRP\results\gf_gurobi_performance_recovery_round29\runs\stage2__high_imbalance_seed5203__c3_replica__300s\external\models\R.1.0.0.0.1.1.lp
Reading time = 0.02 seconds
obj: 11922 rows, 3380 columns, 67404 nonzeros
Set parameter TimeLimit to value 265.622948
Warning: unknown variable 'r_max' in bounds section (line 13965)
Warning: unknown variable 'r_min' in bounds section (line 13966)
Read LP format model from file E:\codes\ExactEBRP\results\gf_gurobi_performance_recovery_round29\runs\stage2__high_imbalance_seed5203__c3_replica__300s\external\models\R.1.0.0.0.1.1.0.lp
Reading time = 0.02 seconds
obj: 11922 rows, 3380 columns, 67404 nonzeros
Set parameter TimeLimit to value 265.2105573
Warning: unknown variable 'r_max' in bounds section (line 13965)
Warning: unknown variable 'r_min' in bounds section (line 13966)
Read LP format model from file E:\codes\ExactEBRP\results\gf_gurobi_performance_recovery_round29\runs\stage2__high_imbalance_seed5203__c3_replica__300s\external\models\R.1.0.0.0.1.1.1.lp
Reading time = 0.02 seconds
obj: 11922 rows, 3380 columns, 67404 nonzeros
Set parameter TimeLimit to value 264.7739966
Warning: unknown variable 'r_max' in bounds section (line 13965)
Warning: unknown variable 'r_min' in bounds section (line 13966)
Read LP format model from file E:\codes\ExactEBRP\results\gf_gurobi_performance_recovery_round29\runs\stage2__high_imbalance_seed5203__c3_replica__300s\external\models\R.1.0.0.0.1.1.1.1.lp
Reading time = 0.02 seconds
obj: 11922 rows, 3380 columns, 67404 nonzeros
Set parameter TimeLimit to value 264.4003029
Warning: unknown variable 'r_max' in bounds section (line 13965)
Warning: unknown variable 'r_min' in bounds section (line 13966)
Read LP format model from file E:\codes\ExactEBRP\results\gf_gurobi_performance_recovery_round29\runs\stage2__high_imbalance_seed5203__c3_replica__300s\external\models\R.1.0.0.0.1.1.1.0.lp
Reading time = 0.02 seconds
obj: 11922 rows, 3380 columns, 67404 nonzeros
Set parameter TimeLimit to value 263.9701234
Warning: unknown variable 'r_max' in bounds section (line 13965)
Warning: unknown variable 'r_min' in bounds section (line 13966)
Read LP format model from file E:\codes\ExactEBRP\results\gf_gurobi_performance_recovery_round29\runs\stage2__high_imbalance_seed5203__c3_replica__300s\external\models\R.1.0.0.0.1.1.1.0.0.lp
Reading time = 0.02 seconds
obj: 11922 rows, 3380 columns, 67404 nonzeros
Set parameter TimeLimit to value 263.5826905
Warning: unknown variable 'r_max' in bounds section (line 13965)
Warning: unknown variable 'r_min' in bounds section (line 13966)
Read LP format model from file E:\codes\ExactEBRP\results\gf_gurobi_performance_recovery_round29\runs\stage2__high_imbalance_seed5203__c3_replica__300s\external\models\R.1.0.0.0.1.1.1.0.1.lp
Reading time = 0.02 seconds
obj: 11922 rows, 3380 columns, 67404 nonzeros
Set parameter TimeLimit to value 263.2205724
Warning: unknown variable 'r_max' in bounds section (line 13965)
Warning: unknown variable 'r_min' in bounds section (line 13966)
Read LP format model from file E:\codes\ExactEBRP\results\gf_gurobi_performance_recovery_round29\runs\stage2__high_imbalance_seed5203__c3_replica__300s\external\models\R.1.0.0.0.1.1.1.0.1.0.lp
Reading time = 0.02 seconds
obj: 11922 rows, 3380 columns, 67404 nonzeros
Set parameter TimeLimit to value 262.8291991
Warning: unknown variable 'r_max' in bounds section (line 13965)
Warning: unknown variable 'r_min' in bounds section (line 13966)
Read LP format model from file E:\codes\ExactEBRP\results\gf_gurobi_performance_recovery_round29\runs\stage2__high_imbalance_seed5203__c3_replica__300s\external\models\R.1.0.0.0.1.1.1.0.1.0.lp
Reading time = 0.02 seconds
obj: 11922 rows, 3380 columns, 67404 nonzeros
Set parameter TimeLimit to value 262.543573
Warning: unknown variable 'r_max' in bounds section (line 13965)
Warning: unknown variable 'r_min' in bounds section (line 13966)
Read LP format model from file E:\codes\ExactEBRP\results\gf_gurobi_performance_recovery_round29\runs\stage2__high_imbalance_seed5203__c3_replica__300s\external\models\R.1.0.0.0.1.1.1.0.1.1.lp
Reading time = 0.02 seconds
obj: 11922 rows, 3380 columns, 67404 nonzeros
Set parameter TimeLimit to value 256.7931945
Warning: unknown variable 'r_max' in bounds section (line 13965)
Warning: unknown variable 'r_min' in bounds section (line 13966)
Read LP format model from file E:\codes\ExactEBRP\results\gf_gurobi_performance_recovery_round29\runs\stage2__high_imbalance_seed5203__c3_replica__300s\external\models\R.1.0.0.0.1.1.1.0.1.1.lp
Reading time = 0.02 seconds
obj: 11922 rows, 3380 columns, 67404 nonzeros
Set parameter TimeLimit to value 256.5256963
Warning: unknown variable 'r_max' in bounds section (line 13965)
Warning: unknown variable 'r_min' in bounds section (line 13966)
Read LP format model from file E:\codes\ExactEBRP\results\gf_gurobi_performance_recovery_round29\runs\stage2__high_imbalance_seed5203__c3_replica__300s\external\models\R.1.0.0.0.1.1.1.1.0.lp
Reading time = 0.02 seconds
obj: 11922 rows, 3380 columns, 67404 nonzeros
Set parameter TimeLimit to value 247.4789782
Warning: unknown variable 'r_max' in bounds section (line 13965)
Warning: unknown variable 'r_min' in bounds section (line 13966)
Read LP format model from file E:\codes\ExactEBRP\results\gf_gurobi_performance_recovery_round29\runs\stage2__high_imbalance_seed5203__c3_replica__300s\external\models\R.1.0.0.0.1.1.1.1.1.lp
Reading time = 0.02 seconds
obj: 11922 rows, 3380 columns, 67404 nonzeros
Set parameter TimeLimit to value 247.089152
Warning: unknown variable 'r_max' in bounds section (line 13965)
Warning: unknown variable 'r_min' in bounds section (line 13966)
Read LP format model from file E:\codes\ExactEBRP\results\gf_gurobi_performance_recovery_round29\runs\stage2__high_imbalance_seed5203__c3_replica__300s\external\models\R.1.0.0.0.1.1.1.1.0.1.lp
Reading time = 0.02 seconds
obj: 11922 rows, 3380 columns, 67404 nonzeros
Set parameter TimeLimit to value 246.7288313
Warning: unknown variable 'r_max' in bounds section (line 13965)
Warning: unknown variable 'r_min' in bounds section (line 13966)
Read LP format model from file E:\codes\ExactEBRP\results\gf_gurobi_performance_recovery_round29\runs\stage2__high_imbalance_seed5203__c3_replica__300s\external\models\R.1.0.0.0.1.1.1.1.0.1.lp
Reading time = 0.02 seconds
obj: 11922 rows, 3380 columns, 67404 nonzeros
Set parameter TimeLimit to value 246.4681504
Warning: unknown variable 'r_max' in bounds section (line 13965)
Warning: unknown variable 'r_min' in bounds section (line 13966)
Read LP format model from file E:\codes\ExactEBRP\results\gf_gurobi_performance_recovery_round29\runs\stage2__high_imbalance_seed5203__c3_replica__300s\external\models\R.1.0.0.0.1.1.1.1.0.0.lp
Reading time = 0.02 seconds
obj: 11922 rows, 3380 columns, 67404 nonzeros
Set parameter TimeLimit to value 234.3135723
Warning: unknown variable 'r_max' in bounds section (line 13965)
Warning: unknown variable 'r_min' in bounds section (line 13966)
Read LP format model from file E:\codes\ExactEBRP\results\gf_gurobi_performance_recovery_round29\runs\stage2__high_imbalance_seed5203__c3_replica__300s\external\models\R.1.0.0.0.1.1.1.1.0.0.lp
Reading time = 0.02 seconds
obj: 11922 rows, 3380 columns, 67404 nonzeros
Set parameter TimeLimit to value 234.0367577
Warning: unknown variable 'r_max' in bounds section (line 13965)
Warning: unknown variable 'r_min' in bounds section (line 13966)
Read LP format model from file E:\codes\ExactEBRP\results\gf_gurobi_performance_recovery_round29\runs\stage2__high_imbalance_seed5203__c3_replica__300s\external\models\R.1.0.0.0.1.1.0.0.lp
Reading time = 0.02 seconds
obj: 11922 rows, 3380 columns, 67404 nonzeros
Set parameter TimeLimit to value 2.2255072619999999e+02
Warning: unknown variable 'r_max' in bounds section (line 13965)
Warning: unknown variable 'r_min' in bounds section (line 13966)
Read LP format model from file E:\codes\ExactEBRP\results\gf_gurobi_performance_recovery_round29\runs\stage2__high_imbalance_seed5203__c3_replica__300s\external\models\R.1.0.0.0.1.1.0.1.lp
Reading time = 0.02 seconds
obj: 11922 rows, 3380 columns, 67404 nonzeros
Set parameter TimeLimit to value 222.1910037
Warning: unknown variable 'r_max' in bounds section (line 13965)
Warning: unknown variable 'r_min' in bounds section (line 13966)
Read LP format model from file E:\codes\ExactEBRP\results\gf_gurobi_performance_recovery_round29\runs\stage2__high_imbalance_seed5203__c3_replica__300s\external\models\R.1.0.0.0.1.1.1.0.0.0.lp
Reading time = 0.02 seconds
obj: 11922 rows, 3380 columns, 67404 nonzeros
Set parameter TimeLimit to value 221.796268
Warning: unknown variable 'r_max' in bounds section (line 13965)
Warning: unknown variable 'r_min' in bounds section (line 13966)
Read LP format model from file E:\codes\ExactEBRP\results\gf_gurobi_performance_recovery_round29\runs\stage2__high_imbalance_seed5203__c3_replica__300s\external\models\R.1.0.0.0.1.1.1.0.0.0.lp
Reading time = 0.02 seconds
obj: 11922 rows, 3380 columns, 67404 nonzeros
Set parameter TimeLimit to value 2.2152067019999998e+02
Warning: unknown variable 'r_max' in bounds section (line 13965)
Warning: unknown variable 'r_min' in bounds section (line 13966)
Read LP format model from file E:\codes\ExactEBRP\results\gf_gurobi_performance_recovery_round29\runs\stage2__high_imbalance_seed5203__c3_replica__300s\external\models\R.1.0.0.0.1.1.1.0.0.1.lp
Reading time = 0.02 seconds
obj: 11922 rows, 3380 columns, 67404 nonzeros
Set parameter TimeLimit to value 2.1686906820000002e+02
Warning: unknown variable 'r_max' in bounds section (line 13965)
Warning: unknown variable 'r_min' in bounds section (line 13966)
Read LP format model from file E:\codes\ExactEBRP\results\gf_gurobi_performance_recovery_round29\runs\stage2__high_imbalance_seed5203__c3_replica__300s\external\models\R.1.0.0.0.1.1.1.0.0.1.lp
Reading time = 0.02 seconds
obj: 11922 rows, 3380 columns, 67404 nonzeros
Set parameter TimeLimit to value 2.1660087900000002e+02
Warning: unknown variable 'r_max' in bounds section (line 13965)
Warning: unknown variable 'r_min' in bounds section (line 13966)
Read LP format model from file E:\codes\ExactEBRP\results\gf_gurobi_performance_recovery_round29\runs\stage2__high_imbalance_seed5203__c3_replica__300s\external\models\R.1.0.0.0.1.1.1.1.1.0.lp
Reading time = 0.02 seconds
obj: 11922 rows, 3380 columns, 67404 nonzeros
Set parameter TimeLimit to value 211.3788897
Warning: unknown variable 'r_max' in bounds section (line 13965)
Warning: unknown variable 'r_min' in bounds section (line 13966)
Read LP format model from file E:\codes\ExactEBRP\results\gf_gurobi_performance_recovery_round29\runs\stage2__high_imbalance_seed5203__c3_replica__300s\external\models\R.1.0.0.0.1.1.1.1.1.0.lp
Reading time = 0.02 seconds
obj: 11922 rows, 3380 columns, 67404 nonzeros
Set parameter TimeLimit to value 211.0786465
Warning: unknown variable 'r_max' in bounds section (line 13965)
Warning: unknown variable 'r_min' in bounds section (line 13966)
Read LP format model from file E:\codes\ExactEBRP\results\gf_gurobi_performance_recovery_round29\runs\stage2__high_imbalance_seed5203__c3_replica__300s\external\models\R.1.0.0.0.1.1.1.1.1.1.lp
Reading time = 0.02 seconds
obj: 11922 rows, 3380 columns, 67404 nonzeros
Set parameter TimeLimit to value 200.4544895
Warning: unknown variable 'r_max' in bounds section (line 13965)
Warning: unknown variable 'r_min' in bounds section (line 13966)
Read LP format model from file E:\codes\ExactEBRP\results\gf_gurobi_performance_recovery_round29\runs\stage2__high_imbalance_seed5203__c3_replica__300s\external\models\R.1.0.0.0.1.1.1.1.1.1.lp
Reading time = 0.02 seconds
obj: 11922 rows, 3380 columns, 67404 nonzeros
Set parameter TimeLimit to value 200.2145552
Warning: unknown variable 'r_max' in bounds section (line 13965)
Warning: unknown variable 'r_min' in bounds section (line 13966)
Read LP format model from file E:\codes\ExactEBRP\results\gf_gurobi_performance_recovery_round29\runs\stage2__high_imbalance_seed5203__c3_replica__300s\external\models\R.1.0.0.0.1.1.0.1.1.lp
Reading time = 0.02 seconds
obj: 11922 rows, 3380 columns, 67404 nonzeros
Set parameter TimeLimit to value 171.010564
Warning: unknown variable 'r_max' in bounds section (line 13965)
Warning: unknown variable 'r_min' in bounds section (line 13966)
Read LP format model from file E:\codes\ExactEBRP\results\gf_gurobi_performance_recovery_round29\runs\stage2__high_imbalance_seed5203__c3_replica__300s\external\models\R.1.0.0.0.1.1.0.1.0.lp
Reading time = 0.02 seconds
obj: 11922 rows, 3380 columns, 67404 nonzeros
Set parameter TimeLimit to value 1.7062958270000001e+02
Warning: unknown variable 'r_max' in bounds section (line 13965)
Warning: unknown variable 'r_min' in bounds section (line 13966)
Read LP format model from file E:\codes\ExactEBRP\results\gf_gurobi_performance_recovery_round29\runs\stage2__high_imbalance_seed5203__c3_replica__300s\external\models\R.1.0.0.1.0.lp
Reading time = 0.02 seconds
obj: 11922 rows, 3380 columns, 67404 nonzeros
Set parameter TimeLimit to value 170.2748503
Warning: unknown variable 'r_max' in bounds section (line 13965)
Warning: unknown variable 'r_min' in bounds section (line 13966)
Read LP format model from file E:\codes\ExactEBRP\results\gf_gurobi_performance_recovery_round29\runs\stage2__high_imbalance_seed5203__c3_replica__300s\external\models\R.1.0.0.1.1.lp
Reading time = 0.02 seconds
obj: 11922 rows, 3380 columns, 67404 nonzeros
Set parameter TimeLimit to value 1.6986983229999998e+02
Warning: unknown variable 'r_max' in bounds section (line 13965)
Warning: unknown variable 'r_min' in bounds section (line 13966)
Read LP format model from file E:\codes\ExactEBRP\results\gf_gurobi_performance_recovery_round29\runs\stage2__high_imbalance_seed5203__c3_replica__300s\external\models\R.1.0.0.1.0.1.lp
Reading time = 0.02 seconds
obj: 11922 rows, 3380 columns, 67404 nonzeros
Set parameter TimeLimit to value 169.4748529
Warning: unknown variable 'r_max' in bounds section (line 13965)
Warning: unknown variable 'r_min' in bounds section (line 13966)
Read LP format model from file E:\codes\ExactEBRP\results\gf_gurobi_performance_recovery_round29\runs\stage2__high_imbalance_seed5203__c3_replica__300s\external\models\R.1.0.0.1.0.0.lp
Reading time = 0.02 seconds
obj: 11922 rows, 3380 columns, 67404 nonzeros
Set parameter TimeLimit to value 169.1235891
Warning: unknown variable 'r_max' in bounds section (line 13965)
Warning: unknown variable 'r_min' in bounds section (line 13966)
Read LP format model from file E:\codes\ExactEBRP\results\gf_gurobi_performance_recovery_round29\runs\stage2__high_imbalance_seed5203__c3_replica__300s\external\models\R.1.0.0.1.0.0.0.lp
Reading time = 0.02 seconds
obj: 11922 rows, 3380 columns, 67404 nonzeros
Set parameter TimeLimit to value 1.6872362579999998e+02
Warning: unknown variable 'r_max' in bounds section (line 13965)
Warning: unknown variable 'r_min' in bounds section (line 13966)
Read LP format model from file E:\codes\ExactEBRP\results\gf_gurobi_performance_recovery_round29\runs\stage2__high_imbalance_seed5203__c3_replica__300s\external\models\R.1.0.0.1.0.0.1.lp
Reading time = 0.02 seconds
obj: 11922 rows, 3380 columns, 67404 nonzeros
Set parameter TimeLimit to value 168.3517199
Warning: unknown variable 'r_max' in bounds section (line 13965)
Warning: unknown variable 'r_min' in bounds section (line 13966)
Read LP format model from file E:\codes\ExactEBRP\results\gf_gurobi_performance_recovery_round29\runs\stage2__high_imbalance_seed5203__c3_replica__300s\external\models\R.1.0.0.1.0.0.0.0.lp
Reading time = 0.02 seconds
obj: 11922 rows, 3380 columns, 67404 nonzeros
Set parameter TimeLimit to value 1.6796191399999998e+02
Warning: unknown variable 'r_max' in bounds section (line 13965)
Warning: unknown variable 'r_min' in bounds section (line 13966)
Read LP format model from file E:\codes\ExactEBRP\results\gf_gurobi_performance_recovery_round29\runs\stage2__high_imbalance_seed5203__c3_replica__300s\external\models\R.1.0.0.1.0.0.0.1.lp
Reading time = 0.02 seconds
obj: 11922 rows, 3380 columns, 67404 nonzeros
Set parameter TimeLimit to value 167.5702731
Warning: unknown variable 'r_max' in bounds section (line 13965)
Warning: unknown variable 'r_min' in bounds section (line 13966)
Read LP format model from file E:\codes\ExactEBRP\results\gf_gurobi_performance_recovery_round29\runs\stage2__high_imbalance_seed5203__c3_replica__300s\external\models\R.1.0.0.1.0.0.0.0.0.lp
Reading time = 0.02 seconds
obj: 11922 rows, 3380 columns, 67404 nonzeros
Set parameter TimeLimit to value 167.1462306
Warning: unknown variable 'r_max' in bounds section (line 13965)
Warning: unknown variable 'r_min' in bounds section (line 13966)
Read LP format model from file E:\codes\ExactEBRP\results\gf_gurobi_performance_recovery_round29\runs\stage2__high_imbalance_seed5203__c3_replica__300s\external\models\R.1.0.0.1.0.0.0.0.1.lp
Reading time = 0.02 seconds
obj: 11922 rows, 3380 columns, 67404 nonzeros
Set parameter TimeLimit to value 166.7391009
Warning: unknown variable 'r_max' in bounds section (line 13965)
Warning: unknown variable 'r_min' in bounds section (line 13966)
Read LP format model from file E:\codes\ExactEBRP\results\gf_gurobi_performance_recovery_round29\runs\stage2__high_imbalance_seed5203__c3_replica__300s\external\models\R.1.0.0.0.1.1.0.1.1.1.lp
Reading time = 0.02 seconds
obj: 11922 rows, 3380 columns, 67404 nonzeros
Set parameter TimeLimit to value 166.3598189
Warning: unknown variable 'r_max' in bounds section (line 13965)
Warning: unknown variable 'r_min' in bounds section (line 13966)
Read LP format model from file E:\codes\ExactEBRP\results\gf_gurobi_performance_recovery_round29\runs\stage2__high_imbalance_seed5203__c3_replica__300s\external\models\R.1.0.0.0.1.1.0.1.1.1.lp
Reading time = 0.02 seconds
obj: 11922 rows, 3380 columns, 67404 nonzeros
Set parameter TimeLimit to value 166.1033523
Warning: unknown variable 'r_max' in bounds section (line 13965)
Warning: unknown variable 'r_min' in bounds section (line 13966)
Read LP format model from file E:\codes\ExactEBRP\results\gf_gurobi_performance_recovery_round29\runs\stage2__high_imbalance_seed5203__c3_replica__300s\external\models\R.1.0.0.0.1.1.0.1.1.0.lp
Reading time = 0.02 seconds
obj: 11922 rows, 3380 columns, 67404 nonzeros
Set parameter TimeLimit to value 162.3348461
Warning: unknown variable 'r_max' in bounds section (line 13965)
Warning: unknown variable 'r_min' in bounds section (line 13966)
Read LP format model from file E:\codes\ExactEBRP\results\gf_gurobi_performance_recovery_round29\runs\stage2__high_imbalance_seed5203__c3_replica__300s\external\models\R.1.0.0.0.1.1.0.1.1.0.lp
Reading time = 0.02 seconds
obj: 11922 rows, 3380 columns, 67404 nonzeros
Set parameter TimeLimit to value 162.0789595
Warning: unknown variable 'r_max' in bounds section (line 13965)
Warning: unknown variable 'r_min' in bounds section (line 13966)
Read LP format model from file E:\codes\ExactEBRP\results\gf_gurobi_performance_recovery_round29\runs\stage2__high_imbalance_seed5203__c3_replica__300s\external\models\R.1.0.0.1.0.0.0.0.0.1.lp
Reading time = 0.02 seconds
obj: 11922 rows, 3380 columns, 67404 nonzeros
Set parameter TimeLimit to value 158.0289358
Warning: unknown variable 'r_max' in bounds section (line 13965)
Warning: unknown variable 'r_min' in bounds section (line 13966)
Read LP format model from file E:\codes\ExactEBRP\results\gf_gurobi_performance_recovery_round29\runs\stage2__high_imbalance_seed5203__c3_replica__300s\external\models\R.1.0.0.1.0.0.0.0.0.1.lp
Reading time = 0.02 seconds
obj: 11922 rows, 3380 columns, 67404 nonzeros
Set parameter TimeLimit to value 157.7711694
Warning: unknown variable 'r_max' in bounds section (line 13965)
Warning: unknown variable 'r_min' in bounds section (line 13966)
Read LP format model from file E:\codes\ExactEBRP\results\gf_gurobi_performance_recovery_round29\runs\stage2__high_imbalance_seed5203__c3_replica__300s\external\models\R.1.0.0.1.0.0.0.0.0.0.lp
Reading time = 0.02 seconds
obj: 11922 rows, 3380 columns, 67404 nonzeros
Set parameter TimeLimit to value 136.6721527
Warning: unknown variable 'r_max' in bounds section (line 13965)
Warning: unknown variable 'r_min' in bounds section (line 13966)
Read LP format model from file E:\codes\ExactEBRP\results\gf_gurobi_performance_recovery_round29\runs\stage2__high_imbalance_seed5203__c3_replica__300s\external\models\R.1.0.0.1.0.0.0.0.0.0.lp
Reading time = 0.02 seconds
obj: 11922 rows, 3380 columns, 67404 nonzeros
Set parameter TimeLimit to value 136.381761
Warning: unknown variable 'r_max' in bounds section (line 13965)
Warning: unknown variable 'r_min' in bounds section (line 13966)
Read LP format model from file E:\codes\ExactEBRP\results\gf_gurobi_performance_recovery_round29\runs\stage2__high_imbalance_seed5203__c3_replica__300s\external\models\R.1.0.0.1.0.0.0.0.1.0.lp
Reading time = 0.02 seconds
obj: 11922 rows, 3380 columns, 67404 nonzeros
Set parameter TimeLimit to value 1.1028720340000001e+02
Warning: unknown variable 'r_max' in bounds section (line 13965)
Warning: unknown variable 'r_min' in bounds section (line 13966)
Read LP format model from file E:\codes\ExactEBRP\results\gf_gurobi_performance_recovery_round29\runs\stage2__high_imbalance_seed5203__c3_replica__300s\external\models\R.1.0.0.1.0.0.0.0.1.0.lp
Reading time = 0.02 seconds
obj: 11922 rows, 3380 columns, 67404 nonzeros
Set parameter TimeLimit to value 110.0097456
Warning: unknown variable 'r_max' in bounds section (line 13965)
Warning: unknown variable 'r_min' in bounds section (line 13966)
Read LP format model from file E:\codes\ExactEBRP\results\gf_gurobi_performance_recovery_round29\runs\stage2__high_imbalance_seed5203__c3_replica__300s\external\models\R.1.0.0.1.0.0.0.0.1.1.lp
Reading time = 0.02 seconds
obj: 11922 rows, 3380 columns, 67404 nonzeros
Set parameter TimeLimit to value 8.7958679600000011e+01
Warning: unknown variable 'r_max' in bounds section (line 13965)
Warning: unknown variable 'r_min' in bounds section (line 13966)
Read LP format model from file E:\codes\ExactEBRP\results\gf_gurobi_performance_recovery_round29\runs\stage2__high_imbalance_seed5203__c3_replica__300s\external\models\R.1.0.0.1.0.0.0.0.1.1.lp
Reading time = 0.02 seconds
obj: 11922 rows, 3380 columns, 67404 nonzeros
Set parameter TimeLimit to value 87.661496
Warning: unknown variable 'r_max' in bounds section (line 13965)
Warning: unknown variable 'r_min' in bounds section (line 13966)
Read LP format model from file E:\codes\ExactEBRP\results\gf_gurobi_performance_recovery_round29\runs\stage2__high_imbalance_seed5203__c3_replica__300s\external\models\R.1.0.0.1.0.0.0.1.1.lp
Reading time = 0.02 seconds
obj: 11922 rows, 3380 columns, 67404 nonzeros
Set parameter TimeLimit to value 7.1882664699999992e+01
Warning: unknown variable 'r_max' in bounds section (line 13965)
Warning: unknown variable 'r_min' in bounds section (line 13966)
Read LP format model from file E:\codes\ExactEBRP\results\gf_gurobi_performance_recovery_round29\runs\stage2__high_imbalance_seed5203__c3_replica__300s\external\models\R.1.0.0.1.0.0.0.1.0.lp
Reading time = 0.02 seconds
obj: 11922 rows, 3380 columns, 67404 nonzeros
Set parameter TimeLimit to value 7.1492931700000014e+01
Warning: unknown variable 'r_max' in bounds section (line 13965)
Warning: unknown variable 'r_min' in bounds section (line 13966)
Read LP format model from file E:\codes\ExactEBRP\results\gf_gurobi_performance_recovery_round29\runs\stage2__high_imbalance_seed5203__c3_replica__300s\external\models\R.1.0.0.1.0.0.0.1.0.0.lp
Reading time = 0.02 seconds
obj: 11922 rows, 3380 columns, 67404 nonzeros
Set parameter TimeLimit to value 71.0911845
Warning: unknown variable 'r_max' in bounds section (line 13965)
Warning: unknown variable 'r_min' in bounds section (line 13966)
Read LP format model from file E:\codes\ExactEBRP\results\gf_gurobi_performance_recovery_round29\runs\stage2__high_imbalance_seed5203__c3_replica__300s\external\models\R.1.0.0.1.0.0.0.1.0.0.lp
Reading time = 0.02 seconds
obj: 11922 rows, 3380 columns, 67404 nonzeros
Set parameter TimeLimit to value 7.0801410400000009e+01
Warning: unknown variable 'r_max' in bounds section (line 13965)
Warning: unknown variable 'r_min' in bounds section (line 13966)
Read LP format model from file E:\codes\ExactEBRP\results\gf_gurobi_performance_recovery_round29\runs\stage2__high_imbalance_seed5203__c3_replica__300s\external\models\R.1.0.0.1.0.0.0.1.0.1.lp
Reading time = 0.02 seconds
obj: 11922 rows, 3380 columns, 67404 nonzeros
Set parameter TimeLimit to value 48.6885724
Warning: unknown variable 'r_max' in bounds section (line 13965)
Warning: unknown variable 'r_min' in bounds section (line 13966)
Read LP format model from file E:\codes\ExactEBRP\results\gf_gurobi_performance_recovery_round29\runs\stage2__high_imbalance_seed5203__c3_replica__300s\external\models\R.1.0.0.1.0.0.0.1.0.1.lp
Reading time = 0.02 seconds
obj: 11922 rows, 3380 columns, 67404 nonzeros
Set parameter TimeLimit to value 4.8405617000000007e+01
