
Gurobi 13.0.2 (win64) logging started Fri Jul 24 10:04:37 2026

Set parameter LogFile to value "E:\codes\ExactEBRP\results\gf_c0_mechanism_transfer_c5_round30\runs\stage2__tight_T_seed6102__c4_candidate__300s\native.log"
Set parameter Threads to value 1
Set parameter Presolve to value -1
Set parameter Seed to value 0
Set parameter MIPGap to value 0
Set parameter MIPGapAbs to value 0
Warning: unknown variable 'r_max' in bounds section (line 103361)
Warning: unknown variable 'r_min' in bounds section (line 103362)
Read LP format model from file E:\codes\ExactEBRP\results\gf_c0_mechanism_transfer_c5_round30\runs\stage2__tight_T_seed6102__c4_candidate__300s\external\models\L0.lp
Reading time = 0.23 seconds
obj: 93019 rows, 18189 columns, 665236 nonzeros
Set parameter TimeLimit to value 203.5446062
Warning: unknown variable 'r_max' in bounds section (line 103361)
Warning: unknown variable 'r_min' in bounds section (line 103362)
Read LP format model from file E:\codes\ExactEBRP\results\gf_c0_mechanism_transfer_c5_round30\runs\stage2__tight_T_seed6102__c4_candidate__300s\external\models\L1.lp
Reading time = 0.23 seconds
obj: 93019 rows, 18189 columns, 665846 nonzeros
Set parameter TimeLimit to value 1.9711768089999998e+02
Warning: unknown variable 'r_max' in bounds section (line 103361)
Warning: unknown variable 'r_min' in bounds section (line 103362)
Read LP format model from file E:\codes\ExactEBRP\results\gf_c0_mechanism_transfer_c5_round30\runs\stage2__tight_T_seed6102__c4_candidate__300s\external\models\L1.0.lp
Reading time = 0.22 seconds
obj: 93019 rows, 18189 columns, 665846 nonzeros
Set parameter TimeLimit to value 192.7560584
Warning: unknown variable 'r_max' in bounds section (line 103361)
Warning: unknown variable 'r_min' in bounds section (line 103362)
Read LP format model from file E:\codes\ExactEBRP\results\gf_c0_mechanism_transfer_c5_round30\runs\stage2__tight_T_seed6102__c4_candidate__300s\external\models\L1.1.lp
Reading time = 0.22 seconds
obj: 93019 rows, 18189 columns, 665846 nonzeros
Set parameter TimeLimit to value 180.6916831
Warning: unknown variable 'r_max' in bounds section (line 103361)
Warning: unknown variable 'r_min' in bounds section (line 103362)
Read LP format model from file E:\codes\ExactEBRP\results\gf_c0_mechanism_transfer_c5_round30\runs\stage2__tight_T_seed6102__c4_candidate__300s\external\models\L2.lp
Reading time = 0.22 seconds
obj: 93019 rows, 18189 columns, 665846 nonzeros
Set parameter TimeLimit to value 176.0513863
Warning: unknown variable 'r_max' in bounds section (line 103361)
Warning: unknown variable 'r_min' in bounds section (line 103362)
Read LP format model from file E:\codes\ExactEBRP\results\gf_c0_mechanism_transfer_c5_round30\runs\stage2__tight_T_seed6102__c4_candidate__300s\external\models\L2.0.lp
Reading time = 0.22 seconds
obj: 93019 rows, 18189 columns, 665846 nonzeros
Set parameter TimeLimit to value 172.1569845
Warning: unknown variable 'r_max' in bounds section (line 103361)
Warning: unknown variable 'r_min' in bounds section (line 103362)
Read LP format model from file E:\codes\ExactEBRP\results\gf_c0_mechanism_transfer_c5_round30\runs\stage2__tight_T_seed6102__c4_candidate__300s\external\models\L2.1.lp
Reading time = 0.22 seconds
obj: 93019 rows, 18189 columns, 665846 nonzeros
Set parameter TimeLimit to value 167.9821833
Warning: unknown variable 'r_max' in bounds section (line 103361)
Warning: unknown variable 'r_min' in bounds section (line 103362)
Read LP format model from file E:\codes\ExactEBRP\results\gf_c0_mechanism_transfer_c5_round30\runs\stage2__tight_T_seed6102__c4_candidate__300s\external\models\L3.lp
Reading time = 0.23 seconds
obj: 93019 rows, 18189 columns, 665846 nonzeros
Set parameter TimeLimit to value 158.5906967
Warning: unknown variable 'r_max' in bounds section (line 103361)
Warning: unknown variable 'r_min' in bounds section (line 103362)
Read LP format model from file E:\codes\ExactEBRP\results\gf_c0_mechanism_transfer_c5_round30\runs\stage2__tight_T_seed6102__c4_candidate__300s\external\models\L1.1.0.lp
Reading time = 0.22 seconds
obj: 93019 rows, 18189 columns, 665846 nonzeros
Set parameter TimeLimit to value 155.7247428
Warning: unknown variable 'r_max' in bounds section (line 103361)
Warning: unknown variable 'r_min' in bounds section (line 103362)
Read LP format model from file E:\codes\ExactEBRP\results\gf_c0_mechanism_transfer_c5_round30\runs\stage2__tight_T_seed6102__c4_candidate__300s\external\models\L1.1.1.lp
Reading time = 0.23 seconds
obj: 93019 rows, 18189 columns, 665846 nonzeros
Set parameter TimeLimit to value 151.1911462
Warning: unknown variable 'r_max' in bounds section (line 103361)
Warning: unknown variable 'r_min' in bounds section (line 103362)
Read LP format model from file E:\codes\ExactEBRP\results\gf_c0_mechanism_transfer_c5_round30\runs\stage2__tight_T_seed6102__c4_candidate__300s\external\models\L1.1.0.0.lp
Reading time = 0.22 seconds
obj: 93019 rows, 18189 columns, 665846 nonzeros
Set parameter TimeLimit to value 146.715906
Warning: unknown variable 'r_max' in bounds section (line 103361)
Warning: unknown variable 'r_min' in bounds section (line 103362)
Read LP format model from file E:\codes\ExactEBRP\results\gf_c0_mechanism_transfer_c5_round30\runs\stage2__tight_T_seed6102__c4_candidate__300s\external\models\L1.1.0.1.lp
Reading time = 0.22 seconds
obj: 93019 rows, 18189 columns, 665846 nonzeros
Set parameter TimeLimit to value 141.087527
Warning: unknown variable 'r_max' in bounds section (line 103361)
Warning: unknown variable 'r_min' in bounds section (line 103362)
Read LP format model from file E:\codes\ExactEBRP\results\gf_c0_mechanism_transfer_c5_round30\runs\stage2__tight_T_seed6102__c4_candidate__300s\external\models\L1.1.0.0.0.lp
Reading time = 0.23 seconds
obj: 93019 rows, 18189 columns, 665846 nonzeros
Set parameter TimeLimit to value 136.6345103
Warning: unknown variable 'r_max' in bounds section (line 103361)
Warning: unknown variable 'r_min' in bounds section (line 103362)
Read LP format model from file E:\codes\ExactEBRP\results\gf_c0_mechanism_transfer_c5_round30\runs\stage2__tight_T_seed6102__c4_candidate__300s\external\models\L1.1.0.0.1.lp
Reading time = 0.22 seconds
obj: 93019 rows, 18189 columns, 665846 nonzeros
Set parameter TimeLimit to value 132.0172081
Warning: unknown variable 'r_max' in bounds section (line 103361)
Warning: unknown variable 'r_min' in bounds section (line 103362)
Read LP format model from file E:\codes\ExactEBRP\results\gf_c0_mechanism_transfer_c5_round30\runs\stage2__tight_T_seed6102__c4_candidate__300s\external\models\L1.1.0.0.1.0.lp
Reading time = 0.22 seconds
obj: 93019 rows, 18189 columns, 665846 nonzeros
Set parameter TimeLimit to value 1.2682594259999999e+02
Warning: unknown variable 'r_max' in bounds section (line 103361)
Warning: unknown variable 'r_min' in bounds section (line 103362)
Read LP format model from file E:\codes\ExactEBRP\results\gf_c0_mechanism_transfer_c5_round30\runs\stage2__tight_T_seed6102__c4_candidate__300s\external\models\L1.1.0.0.1.1.lp
Reading time = 0.22 seconds
obj: 93019 rows, 18189 columns, 665846 nonzeros
Set parameter TimeLimit to value 122.5773427
Warning: unknown variable 'r_max' in bounds section (line 103361)
Warning: unknown variable 'r_min' in bounds section (line 103362)
Read LP format model from file E:\codes\ExactEBRP\results\gf_c0_mechanism_transfer_c5_round30\runs\stage2__tight_T_seed6102__c4_candidate__300s\external\models\L1.1.0.0.1.0.0.lp
Reading time = 0.22 seconds
obj: 93019 rows, 18189 columns, 665846 nonzeros
Set parameter TimeLimit to value 1.1760138939999999e+02
Warning: unknown variable 'r_max' in bounds section (line 103361)
Warning: unknown variable 'r_min' in bounds section (line 103362)
Read LP format model from file E:\codes\ExactEBRP\results\gf_c0_mechanism_transfer_c5_round30\runs\stage2__tight_T_seed6102__c4_candidate__300s\external\models\L1.1.0.0.1.0.1.lp
Reading time = 0.23 seconds
obj: 93019 rows, 18189 columns, 665846 nonzeros
Set parameter TimeLimit to value 112.8743945
Warning: unknown variable 'r_max' in bounds section (line 103361)
Warning: unknown variable 'r_min' in bounds section (line 103362)
Read LP format model from file E:\codes\ExactEBRP\results\gf_c0_mechanism_transfer_c5_round30\runs\stage2__tight_T_seed6102__c4_candidate__300s\external\models\L1.1.0.0.1.0.1.0.lp
Reading time = 0.22 seconds
obj: 93019 rows, 18189 columns, 665846 nonzeros
Set parameter TimeLimit to value 1.0812027330000001e+02
Warning: unknown variable 'r_max' in bounds section (line 103361)
Warning: unknown variable 'r_min' in bounds section (line 103362)
Read LP format model from file E:\codes\ExactEBRP\results\gf_c0_mechanism_transfer_c5_round30\runs\stage2__tight_T_seed6102__c4_candidate__300s\external\models\L1.1.0.0.1.0.1.1.lp
Reading time = 0.22 seconds
obj: 93019 rows, 18189 columns, 665846 nonzeros
Set parameter TimeLimit to value 1.0244659909999999e+02
Warning: unknown variable 'r_max' in bounds section (line 103361)
Warning: unknown variable 'r_min' in bounds section (line 103362)
Read LP format model from file E:\codes\ExactEBRP\results\gf_c0_mechanism_transfer_c5_round30\runs\stage2__tight_T_seed6102__c4_candidate__300s\external\models\L1.1.0.0.1.0.1.0.0.lp
Reading time = 0.22 seconds
obj: 93019 rows, 18189 columns, 665846 nonzeros
Set parameter TimeLimit to value 98.0284959
Warning: unknown variable 'r_max' in bounds section (line 103361)
Warning: unknown variable 'r_min' in bounds section (line 103362)
Read LP format model from file E:\codes\ExactEBRP\results\gf_c0_mechanism_transfer_c5_round30\runs\stage2__tight_T_seed6102__c4_candidate__300s\external\models\L1.1.0.0.1.0.1.0.1.lp
Reading time = 0.22 seconds
obj: 93019 rows, 18189 columns, 665846 nonzeros
Set parameter TimeLimit to value 9.3155610599999989e+01
Warning: unknown variable 'r_max' in bounds section (line 103361)
Warning: unknown variable 'r_min' in bounds section (line 103362)
Read LP format model from file E:\codes\ExactEBRP\results\gf_c0_mechanism_transfer_c5_round30\runs\stage2__tight_T_seed6102__c4_candidate__300s\external\models\L1.1.0.0.1.0.1.1.0.lp
Reading time = 0.22 seconds
obj: 93019 rows, 18189 columns, 665846 nonzeros
Set parameter TimeLimit to value 88.8808228
Warning: unknown variable 'r_max' in bounds section (line 103361)
Warning: unknown variable 'r_min' in bounds section (line 103362)
Read LP format model from file E:\codes\ExactEBRP\results\gf_c0_mechanism_transfer_c5_round30\runs\stage2__tight_T_seed6102__c4_candidate__300s\external\models\L1.1.0.0.1.0.1.1.1.lp
Reading time = 0.22 seconds
obj: 93019 rows, 18189 columns, 665846 nonzeros
Set parameter TimeLimit to value 83.8659389
