
Gurobi 13.0.2 (win64) logging started Thu Jul 23 09:14:58 2026

Set parameter LogFile to value "E:\codes\ExactEBRP\results\gf_cplex_equivalent_gurobi_replica_round28\runs\stage4__moderate_seed3302__c3_replica__rep2__300s\native.log"
Set parameter Threads to value 1
Set parameter Presolve to value -1
Set parameter Seed to value 0
Set parameter MIPGap to value 0
Set parameter MIPGapAbs to value 0
Warning: unknown variable 'r_max' in bounds section (line 13940)
Warning: unknown variable 'r_min' in bounds section (line 13941)
Read LP format model from file E:\codes\ExactEBRP\results\gf_cplex_equivalent_gurobi_replica_round28\runs\stage4__moderate_seed3302__c3_replica__rep2__300s\external\models\R.lp
Reading time = 0.02 seconds
obj: 11903 rows, 3374 columns, 67088 nonzeros
Set parameter TimeLimit to value 250.9293909
Warning: unknown variable 'r_max' in bounds section (line 13940)
Warning: unknown variable 'r_min' in bounds section (line 13941)
Read LP format model from file E:\codes\ExactEBRP\results\gf_cplex_equivalent_gurobi_replica_round28\runs\stage4__moderate_seed3302__c3_replica__rep2__300s\external\models\R.0.lp
Reading time = 0.02 seconds
obj: 11903 rows, 3374 columns, 67088 nonzeros
Set parameter TimeLimit to value 250.4003487
Warning: unknown variable 'r_max' in bounds section (line 13940)
Warning: unknown variable 'r_min' in bounds section (line 13941)
Read LP format model from file E:\codes\ExactEBRP\results\gf_cplex_equivalent_gurobi_replica_round28\runs\stage4__moderate_seed3302__c3_replica__rep2__300s\external\models\R.1.lp
Reading time = 0.02 seconds
obj: 11903 rows, 3374 columns, 67328 nonzeros
Set parameter TimeLimit to value 2.4983378589999998e+02
Warning: unknown variable 'r_max' in bounds section (line 13940)
Warning: unknown variable 'r_min' in bounds section (line 13941)
Read LP format model from file E:\codes\ExactEBRP\results\gf_cplex_equivalent_gurobi_replica_round28\runs\stage4__moderate_seed3302__c3_replica__rep2__300s\external\models\R.0.0.lp
Reading time = 0.02 seconds
obj: 11903 rows, 3374 columns, 67088 nonzeros
Set parameter TimeLimit to value 249.313189
Warning: unknown variable 'r_max' in bounds section (line 13940)
Warning: unknown variable 'r_min' in bounds section (line 13941)
Read LP format model from file E:\codes\ExactEBRP\results\gf_cplex_equivalent_gurobi_replica_round28\runs\stage4__moderate_seed3302__c3_replica__rep2__300s\external\models\R.0.1.lp
Reading time = 0.02 seconds
obj: 11903 rows, 3374 columns, 67328 nonzeros
Set parameter TimeLimit to value 2.4858310759999998e+02
Warning: unknown variable 'r_max' in bounds section (line 13940)
Warning: unknown variable 'r_min' in bounds section (line 13941)
Read LP format model from file E:\codes\ExactEBRP\results\gf_cplex_equivalent_gurobi_replica_round28\runs\stage4__moderate_seed3302__c3_replica__rep2__300s\external\models\R.0.0.0.lp
Reading time = 0.02 seconds
obj: 11903 rows, 3374 columns, 67088 nonzeros
Set parameter TimeLimit to value 248.0802374
Warning: unknown variable 'r_max' in bounds section (line 13940)
Warning: unknown variable 'r_min' in bounds section (line 13941)
Read LP format model from file E:\codes\ExactEBRP\results\gf_cplex_equivalent_gurobi_replica_round28\runs\stage4__moderate_seed3302__c3_replica__rep2__300s\external\models\R.0.0.1.lp
Reading time = 0.02 seconds
obj: 11903 rows, 3374 columns, 67328 nonzeros
Set parameter TimeLimit to value 2.4774476629999998e+02
Warning: unknown variable 'r_max' in bounds section (line 13940)
Warning: unknown variable 'r_min' in bounds section (line 13941)
Read LP format model from file E:\codes\ExactEBRP\results\gf_cplex_equivalent_gurobi_replica_round28\runs\stage4__moderate_seed3302__c3_replica__rep2__300s\external\models\R.0.0.0.0.lp
Reading time = 0.02 seconds
obj: 11903 rows, 3374 columns, 67088 nonzeros
Set parameter TimeLimit to value 247.0340669
Warning: unknown variable 'r_max' in bounds section (line 13940)
Warning: unknown variable 'r_min' in bounds section (line 13941)
Read LP format model from file E:\codes\ExactEBRP\results\gf_cplex_equivalent_gurobi_replica_round28\runs\stage4__moderate_seed3302__c3_replica__rep2__300s\external\models\R.0.0.0.1.lp
Reading time = 0.02 seconds
obj: 11903 rows, 3374 columns, 67328 nonzeros
Set parameter TimeLimit to value 246.6746183
Warning: unknown variable 'r_max' in bounds section (line 13940)
Warning: unknown variable 'r_min' in bounds section (line 13941)
Read LP format model from file E:\codes\ExactEBRP\results\gf_cplex_equivalent_gurobi_replica_round28\runs\stage4__moderate_seed3302__c3_replica__rep2__300s\external\models\R.0.0.1.0.lp
Reading time = 0.02 seconds
obj: 11903 rows, 3374 columns, 67328 nonzeros
Set parameter TimeLimit to value 2.4633672579999998e+02
Warning: unknown variable 'r_max' in bounds section (line 13940)
Warning: unknown variable 'r_min' in bounds section (line 13941)
Read LP format model from file E:\codes\ExactEBRP\results\gf_cplex_equivalent_gurobi_replica_round28\runs\stage4__moderate_seed3302__c3_replica__rep2__300s\external\models\R.0.0.1.1.lp
Reading time = 0.02 seconds
obj: 11903 rows, 3374 columns, 67328 nonzeros
Set parameter TimeLimit to value 2.4586394339999998e+02
Warning: unknown variable 'r_max' in bounds section (line 13940)
Warning: unknown variable 'r_min' in bounds section (line 13941)
Read LP format model from file E:\codes\ExactEBRP\results\gf_cplex_equivalent_gurobi_replica_round28\runs\stage4__moderate_seed3302__c3_replica__rep2__300s\external\models\R.0.0.1.0.0.lp
Reading time = 0.02 seconds
obj: 11903 rows, 3374 columns, 67328 nonzeros
Set parameter TimeLimit to value 245.2282914
Warning: unknown variable 'r_max' in bounds section (line 13940)
Warning: unknown variable 'r_min' in bounds section (line 13941)
Read LP format model from file E:\codes\ExactEBRP\results\gf_cplex_equivalent_gurobi_replica_round28\runs\stage4__moderate_seed3302__c3_replica__rep2__300s\external\models\R.0.0.1.0.1.lp
Reading time = 0.02 seconds
obj: 11903 rows, 3374 columns, 67328 nonzeros
Set parameter TimeLimit to value 2.4482790179999998e+02
Warning: unknown variable 'r_max' in bounds section (line 13940)
Warning: unknown variable 'r_min' in bounds section (line 13941)
Read LP format model from file E:\codes\ExactEBRP\results\gf_cplex_equivalent_gurobi_replica_round28\runs\stage4__moderate_seed3302__c3_replica__rep2__300s\external\models\R.0.0.0.1.0.lp
Reading time = 0.02 seconds
obj: 11903 rows, 3374 columns, 67328 nonzeros
Set parameter TimeLimit to value 244.4146518
Warning: unknown variable 'r_max' in bounds section (line 13940)
Warning: unknown variable 'r_min' in bounds section (line 13941)
Read LP format model from file E:\codes\ExactEBRP\results\gf_cplex_equivalent_gurobi_replica_round28\runs\stage4__moderate_seed3302__c3_replica__rep2__300s\external\models\R.0.0.0.1.1.lp
Reading time = 0.02 seconds
obj: 11903 rows, 3374 columns, 67328 nonzeros
Set parameter TimeLimit to value 244.0850376
Warning: unknown variable 'r_max' in bounds section (line 13940)
Warning: unknown variable 'r_min' in bounds section (line 13941)
Read LP format model from file E:\codes\ExactEBRP\results\gf_cplex_equivalent_gurobi_replica_round28\runs\stage4__moderate_seed3302__c3_replica__rep2__300s\external\models\R.0.0.1.1.0.lp
Reading time = 0.02 seconds
obj: 11903 rows, 3374 columns, 67328 nonzeros
Set parameter TimeLimit to value 2.4373394019999998e+02
Warning: unknown variable 'r_max' in bounds section (line 13940)
Warning: unknown variable 'r_min' in bounds section (line 13941)
Read LP format model from file E:\codes\ExactEBRP\results\gf_cplex_equivalent_gurobi_replica_round28\runs\stage4__moderate_seed3302__c3_replica__rep2__300s\external\models\R.0.0.1.1.1.lp
Reading time = 0.02 seconds
obj: 11903 rows, 3374 columns, 67328 nonzeros
Set parameter TimeLimit to value 2.4318078119999998e+02
Warning: unknown variable 'r_max' in bounds section (line 13940)
Warning: unknown variable 'r_min' in bounds section (line 13941)
Read LP format model from file E:\codes\ExactEBRP\results\gf_cplex_equivalent_gurobi_replica_round28\runs\stage4__moderate_seed3302__c3_replica__rep2__300s\external\models\R.0.1.0.lp
Reading time = 0.02 seconds
obj: 11903 rows, 3374 columns, 67328 nonzeros
Set parameter TimeLimit to value 2.4261564679999998e+02
Warning: unknown variable 'r_max' in bounds section (line 13940)
Warning: unknown variable 'r_min' in bounds section (line 13941)
Read LP format model from file E:\codes\ExactEBRP\results\gf_cplex_equivalent_gurobi_replica_round28\runs\stage4__moderate_seed3302__c3_replica__rep2__300s\external\models\R.0.1.1.lp
Reading time = 0.02 seconds
obj: 11903 rows, 3374 columns, 67328 nonzeros
Set parameter TimeLimit to value 242.1052953
Warning: unknown variable 'r_max' in bounds section (line 13940)
Warning: unknown variable 'r_min' in bounds section (line 13941)
Read LP format model from file E:\codes\ExactEBRP\results\gf_cplex_equivalent_gurobi_replica_round28\runs\stage4__moderate_seed3302__c3_replica__rep2__300s\external\models\R.0.0.1.0.0.1.lp
Reading time = 0.02 seconds
obj: 11903 rows, 3374 columns, 67328 nonzeros
Set parameter TimeLimit to value 2.4158887239999999e+02
Warning: unknown variable 'r_max' in bounds section (line 13940)
Warning: unknown variable 'r_min' in bounds section (line 13941)
Read LP format model from file E:\codes\ExactEBRP\results\gf_cplex_equivalent_gurobi_replica_round28\runs\stage4__moderate_seed3302__c3_replica__rep2__300s\external\models\R.0.0.1.0.0.0.lp
Reading time = 0.02 seconds
obj: 11903 rows, 3374 columns, 67328 nonzeros
Set parameter TimeLimit to value 2.4123094329999998e+02
Warning: unknown variable 'r_max' in bounds section (line 13940)
Warning: unknown variable 'r_min' in bounds section (line 13941)
Read LP format model from file E:\codes\ExactEBRP\results\gf_cplex_equivalent_gurobi_replica_round28\runs\stage4__moderate_seed3302__c3_replica__rep2__300s\external\models\R.0.0.1.0.1.0.lp
Reading time = 0.02 seconds
obj: 11903 rows, 3374 columns, 67328 nonzeros
Set parameter TimeLimit to value 240.889807
Warning: unknown variable 'r_max' in bounds section (line 13940)
Warning: unknown variable 'r_min' in bounds section (line 13941)
Read LP format model from file E:\codes\ExactEBRP\results\gf_cplex_equivalent_gurobi_replica_round28\runs\stage4__moderate_seed3302__c3_replica__rep2__300s\external\models\R.0.0.1.0.1.1.lp
Reading time = 0.02 seconds
obj: 11903 rows, 3374 columns, 67328 nonzeros
Set parameter TimeLimit to value 240.5375062
Warning: unknown variable 'r_max' in bounds section (line 13940)
Warning: unknown variable 'r_min' in bounds section (line 13941)
Read LP format model from file E:\codes\ExactEBRP\results\gf_cplex_equivalent_gurobi_replica_round28\runs\stage4__moderate_seed3302__c3_replica__rep2__300s\external\models\R.0.0.0.1.1.0.lp
Reading time = 0.02 seconds
obj: 11903 rows, 3374 columns, 67328 nonzeros
Set parameter TimeLimit to value 2.4014933169999998e+02
Warning: unknown variable 'r_max' in bounds section (line 13940)
Warning: unknown variable 'r_min' in bounds section (line 13941)
Read LP format model from file E:\codes\ExactEBRP\results\gf_cplex_equivalent_gurobi_replica_round28\runs\stage4__moderate_seed3302__c3_replica__rep2__300s\external\models\R.0.0.0.1.1.1.lp
Reading time = 0.02 seconds
obj: 11903 rows, 3374 columns, 67328 nonzeros
Set parameter TimeLimit to value 2.3979401339999998e+02
Warning: unknown variable 'r_max' in bounds section (line 13940)
Warning: unknown variable 'r_min' in bounds section (line 13941)
Read LP format model from file E:\codes\ExactEBRP\results\gf_cplex_equivalent_gurobi_replica_round28\runs\stage4__moderate_seed3302__c3_replica__rep2__300s\external\models\R.0.0.1.1.0.1.lp
Reading time = 0.02 seconds
obj: 11903 rows, 3374 columns, 67328 nonzeros
Set parameter TimeLimit to value 239.4630573
Warning: unknown variable 'r_max' in bounds section (line 13940)
Warning: unknown variable 'r_min' in bounds section (line 13941)
Read LP format model from file E:\codes\ExactEBRP\results\gf_cplex_equivalent_gurobi_replica_round28\runs\stage4__moderate_seed3302__c3_replica__rep2__300s\external\models\R.0.0.1.1.0.0.lp
Reading time = 0.02 seconds
obj: 11903 rows, 3374 columns, 67328 nonzeros
Set parameter TimeLimit to value 238.9227234
Warning: unknown variable 'r_max' in bounds section (line 13940)
Warning: unknown variable 'r_min' in bounds section (line 13941)
Read LP format model from file E:\codes\ExactEBRP\results\gf_cplex_equivalent_gurobi_replica_round28\runs\stage4__moderate_seed3302__c3_replica__rep2__300s\external\models\R.0.0.1.0.0.1.0.lp
Reading time = 0.02 seconds
obj: 11903 rows, 3374 columns, 67328 nonzeros
Set parameter TimeLimit to value 238.3750288
Warning: unknown variable 'r_max' in bounds section (line 13940)
Warning: unknown variable 'r_min' in bounds section (line 13941)
Read LP format model from file E:\codes\ExactEBRP\results\gf_cplex_equivalent_gurobi_replica_round28\runs\stage4__moderate_seed3302__c3_replica__rep2__300s\external\models\R.0.0.1.0.0.1.1.lp
Reading time = 0.02 seconds
obj: 11903 rows, 3374 columns, 67328 nonzeros
Set parameter TimeLimit to value 238.0145751
Warning: unknown variable 'r_max' in bounds section (line 13940)
Warning: unknown variable 'r_min' in bounds section (line 13941)
Read LP format model from file E:\codes\ExactEBRP\results\gf_cplex_equivalent_gurobi_replica_round28\runs\stage4__moderate_seed3302__c3_replica__rep2__300s\external\models\R.0.0.1.0.1.0.1.lp
Reading time = 0.02 seconds
obj: 11903 rows, 3374 columns, 67328 nonzeros
Set parameter TimeLimit to value 237.665247
Warning: unknown variable 'r_max' in bounds section (line 13940)
Warning: unknown variable 'r_min' in bounds section (line 13941)
Read LP format model from file E:\codes\ExactEBRP\results\gf_cplex_equivalent_gurobi_replica_round28\runs\stage4__moderate_seed3302__c3_replica__rep2__300s\external\models\R.0.0.1.0.1.0.0.lp
Reading time = 0.02 seconds
obj: 11903 rows, 3374 columns, 67328 nonzeros
Set parameter TimeLimit to value 237.2917901
Warning: unknown variable 'r_max' in bounds section (line 13940)
Warning: unknown variable 'r_min' in bounds section (line 13941)
Read LP format model from file E:\codes\ExactEBRP\results\gf_cplex_equivalent_gurobi_replica_round28\runs\stage4__moderate_seed3302__c3_replica__rep2__300s\external\models\R.0.0.1.0.0.0.0.lp
Reading time = 0.02 seconds
obj: 11903 rows, 3374 columns, 67328 nonzeros
Set parameter TimeLimit to value 236.9515803
Warning: unknown variable 'r_max' in bounds section (line 13940)
Warning: unknown variable 'r_min' in bounds section (line 13941)
Read LP format model from file E:\codes\ExactEBRP\results\gf_cplex_equivalent_gurobi_replica_round28\runs\stage4__moderate_seed3302__c3_replica__rep2__300s\external\models\R.0.0.1.0.0.0.1.lp
Reading time = 0.02 seconds
obj: 11903 rows, 3374 columns, 67328 nonzeros
Set parameter TimeLimit to value 2.3659020479999998e+02
Warning: unknown variable 'r_max' in bounds section (line 13940)
Warning: unknown variable 'r_min' in bounds section (line 13941)
Read LP format model from file E:\codes\ExactEBRP\results\gf_cplex_equivalent_gurobi_replica_round28\runs\stage4__moderate_seed3302__c3_replica__rep2__300s\external\models\R.0.0.1.0.1.1.1.lp
Reading time = 0.02 seconds
obj: 11903 rows, 3374 columns, 67328 nonzeros
Set parameter TimeLimit to value 2.3618147399999998e+02
Warning: unknown variable 'r_max' in bounds section (line 13940)
Warning: unknown variable 'r_min' in bounds section (line 13941)
Read LP format model from file E:\codes\ExactEBRP\results\gf_cplex_equivalent_gurobi_replica_round28\runs\stage4__moderate_seed3302__c3_replica__rep2__300s\external\models\R.0.0.1.0.1.1.0.lp
Reading time = 0.02 seconds
obj: 11903 rows, 3374 columns, 67328 nonzeros
Set parameter TimeLimit to value 2.3578230019999998e+02
Warning: unknown variable 'r_max' in bounds section (line 13940)
Warning: unknown variable 'r_min' in bounds section (line 13941)
Read LP format model from file E:\codes\ExactEBRP\results\gf_cplex_equivalent_gurobi_replica_round28\runs\stage4__moderate_seed3302__c3_replica__rep2__300s\external\models\R.0.1.0.0.lp
Reading time = 0.02 seconds
obj: 11903 rows, 3374 columns, 67328 nonzeros
Set parameter TimeLimit to value 235.3765488
Warning: unknown variable 'r_max' in bounds section (line 13940)
Warning: unknown variable 'r_min' in bounds section (line 13941)
Read LP format model from file E:\codes\ExactEBRP\results\gf_cplex_equivalent_gurobi_replica_round28\runs\stage4__moderate_seed3302__c3_replica__rep2__300s\external\models\R.0.1.0.1.lp
Reading time = 0.02 seconds
obj: 11903 rows, 3374 columns, 67328 nonzeros
Set parameter TimeLimit to value 2.3483406449999998e+02
Warning: unknown variable 'r_max' in bounds section (line 13940)
Warning: unknown variable 'r_min' in bounds section (line 13941)
Read LP format model from file E:\codes\ExactEBRP\results\gf_cplex_equivalent_gurobi_replica_round28\runs\stage4__moderate_seed3302__c3_replica__rep2__300s\external\models\R.0.0.0.1.1.1.0.lp
Reading time = 0.02 seconds
obj: 11903 rows, 3374 columns, 67328 nonzeros
Set parameter TimeLimit to value 234.3034304
Warning: unknown variable 'r_max' in bounds section (line 13940)
Warning: unknown variable 'r_min' in bounds section (line 13941)
Read LP format model from file E:\codes\ExactEBRP\results\gf_cplex_equivalent_gurobi_replica_round28\runs\stage4__moderate_seed3302__c3_replica__rep2__300s\external\models\R.0.0.0.1.1.1.1.lp
Reading time = 0.02 seconds
obj: 11903 rows, 3374 columns, 67328 nonzeros
Set parameter TimeLimit to value 2.3399056449999998e+02
Warning: unknown variable 'r_max' in bounds section (line 13940)
Warning: unknown variable 'r_min' in bounds section (line 13941)
Read LP format model from file E:\codes\ExactEBRP\results\gf_cplex_equivalent_gurobi_replica_round28\runs\stage4__moderate_seed3302__c3_replica__rep2__300s\external\models\R.0.0.1.1.0.0.0.lp
Reading time = 0.02 seconds
obj: 11903 rows, 3374 columns, 67328 nonzeros
Set parameter TimeLimit to value 233.6670666
Warning: unknown variable 'r_max' in bounds section (line 13940)
Warning: unknown variable 'r_min' in bounds section (line 13941)
Read LP format model from file E:\codes\ExactEBRP\results\gf_cplex_equivalent_gurobi_replica_round28\runs\stage4__moderate_seed3302__c3_replica__rep2__300s\external\models\R.0.0.1.1.0.0.1.lp
Reading time = 0.02 seconds
obj: 11903 rows, 3374 columns, 67328 nonzeros
Set parameter TimeLimit to value 233.2346561
Warning: unknown variable 'r_max' in bounds section (line 13940)
Warning: unknown variable 'r_min' in bounds section (line 13941)
Read LP format model from file E:\codes\ExactEBRP\results\gf_cplex_equivalent_gurobi_replica_round28\runs\stage4__moderate_seed3302__c3_replica__rep2__300s\external\models\R.0.0.1.1.1.0.lp
Reading time = 0.02 seconds
obj: 11903 rows, 3374 columns, 67328 nonzeros
Set parameter TimeLimit to value 232.6564976
Warning: unknown variable 'r_max' in bounds section (line 13940)
Warning: unknown variable 'r_min' in bounds section (line 13941)
Read LP format model from file E:\codes\ExactEBRP\results\gf_cplex_equivalent_gurobi_replica_round28\runs\stage4__moderate_seed3302__c3_replica__rep2__300s\external\models\R.0.0.1.1.1.1.lp
Reading time = 0.02 seconds
obj: 11903 rows, 3374 columns, 67328 nonzeros
Set parameter TimeLimit to value 2.3210846139999998e+02
Warning: unknown variable 'r_max' in bounds section (line 13940)
Warning: unknown variable 'r_min' in bounds section (line 13941)
Read LP format model from file E:\codes\ExactEBRP\results\gf_cplex_equivalent_gurobi_replica_round28\runs\stage4__moderate_seed3302__c3_replica__rep2__300s\external\models\R.0.0.0.1.1.0.1.lp
Reading time = 0.02 seconds
obj: 11903 rows, 3374 columns, 67328 nonzeros
Set parameter TimeLimit to value 2.3159960239999998e+02
Warning: unknown variable 'r_max' in bounds section (line 13940)
Warning: unknown variable 'r_min' in bounds section (line 13941)
Read LP format model from file E:\codes\ExactEBRP\results\gf_cplex_equivalent_gurobi_replica_round28\runs\stage4__moderate_seed3302__c3_replica__rep2__300s\external\models\R.0.0.0.1.1.0.0.lp
Reading time = 0.03 seconds
obj: 11903 rows, 3374 columns, 67328 nonzeros
Set parameter TimeLimit to value 2.3125065869999997e+02
Warning: unknown variable 'r_max' in bounds section (line 13940)
Warning: unknown variable 'r_min' in bounds section (line 13941)
Read LP format model from file E:\codes\ExactEBRP\results\gf_cplex_equivalent_gurobi_replica_round28\runs\stage4__moderate_seed3302__c3_replica__rep2__300s\external\models\R.0.0.1.0.0.1.1.1.lp
Reading time = 0.02 seconds
obj: 11903 rows, 3374 columns, 67328 nonzeros
Set parameter TimeLimit to value 230.9154572
Warning: unknown variable 'r_max' in bounds section (line 13940)
Warning: unknown variable 'r_min' in bounds section (line 13941)
Read LP format model from file E:\codes\ExactEBRP\results\gf_cplex_equivalent_gurobi_replica_round28\runs\stage4__moderate_seed3302__c3_replica__rep2__300s\external\models\R.0.0.1.0.0.1.1.0.lp
Reading time = 0.02 seconds
obj: 11903 rows, 3374 columns, 67328 nonzeros
Set parameter TimeLimit to value 2.3056970619999998e+02
Warning: unknown variable 'r_max' in bounds section (line 13940)
Warning: unknown variable 'r_min' in bounds section (line 13941)
Read LP format model from file E:\codes\ExactEBRP\results\gf_cplex_equivalent_gurobi_replica_round28\runs\stage4__moderate_seed3302__c3_replica__rep2__300s\external\models\R.0.0.1.0.1.0.0.0.lp
Reading time = 0.02 seconds
obj: 11903 rows, 3374 columns, 67328 nonzeros
Set parameter TimeLimit to value 230.2293413
Warning: unknown variable 'r_max' in bounds section (line 13940)
Warning: unknown variable 'r_min' in bounds section (line 13941)
Read LP format model from file E:\codes\ExactEBRP\results\gf_cplex_equivalent_gurobi_replica_round28\runs\stage4__moderate_seed3302__c3_replica__rep2__300s\external\models\R.0.0.1.0.1.0.0.1.lp
Reading time = 0.02 seconds
obj: 11903 rows, 3374 columns, 67328 nonzeros
Set parameter TimeLimit to value 229.8656887
Warning: unknown variable 'r_max' in bounds section (line 13940)
Warning: unknown variable 'r_min' in bounds section (line 13941)
Read LP format model from file E:\codes\ExactEBRP\results\gf_cplex_equivalent_gurobi_replica_round28\runs\stage4__moderate_seed3302__c3_replica__rep2__300s\external\models\R.0.0.1.0.0.1.0.0.lp
Reading time = 0.02 seconds
obj: 11903 rows, 3374 columns, 67328 nonzeros
Set parameter TimeLimit to value 2.2949219119999998e+02
Warning: unknown variable 'r_max' in bounds section (line 13940)
Warning: unknown variable 'r_min' in bounds section (line 13941)
Read LP format model from file E:\codes\ExactEBRP\results\gf_cplex_equivalent_gurobi_replica_round28\runs\stage4__moderate_seed3302__c3_replica__rep2__300s\external\models\R.0.0.1.0.0.1.0.1.lp
Reading time = 0.02 seconds
obj: 11903 rows, 3374 columns, 67328 nonzeros
Set parameter TimeLimit to value 2.2919015109999998e+02
Warning: unknown variable 'r_max' in bounds section (line 13940)
Warning: unknown variable 'r_min' in bounds section (line 13941)
Read LP format model from file E:\codes\ExactEBRP\results\gf_cplex_equivalent_gurobi_replica_round28\runs\stage4__moderate_seed3302__c3_replica__rep2__300s\external\models\R.0.0.1.0.1.0.1.1.lp
Reading time = 0.02 seconds
obj: 11903 rows, 3374 columns, 67328 nonzeros
Set parameter TimeLimit to value 2.2885200189999998e+02
Warning: unknown variable 'r_max' in bounds section (line 13940)
Warning: unknown variable 'r_min' in bounds section (line 13941)
Read LP format model from file E:\codes\ExactEBRP\results\gf_cplex_equivalent_gurobi_replica_round28\runs\stage4__moderate_seed3302__c3_replica__rep2__300s\external\models\R.0.0.1.0.1.0.1.0.lp
Reading time = 0.02 seconds
obj: 11903 rows, 3374 columns, 67328 nonzeros
Set parameter TimeLimit to value 228.4398956
Warning: unknown variable 'r_max' in bounds section (line 13940)
Warning: unknown variable 'r_min' in bounds section (line 13941)
Read LP format model from file E:\codes\ExactEBRP\results\gf_cplex_equivalent_gurobi_replica_round28\runs\stage4__moderate_seed3302__c3_replica__rep2__300s\external\models\R.0.0.1.0.0.0.1.0.lp
Reading time = 0.02 seconds
obj: 11903 rows, 3374 columns, 67328 nonzeros
Set parameter TimeLimit to value 2.2798334939999998e+02
Warning: unknown variable 'r_max' in bounds section (line 13940)
Warning: unknown variable 'r_min' in bounds section (line 13941)
Read LP format model from file E:\codes\ExactEBRP\results\gf_cplex_equivalent_gurobi_replica_round28\runs\stage4__moderate_seed3302__c3_replica__rep2__300s\external\models\R.0.0.1.0.0.0.1.1.lp
Reading time = 0.02 seconds
obj: 11903 rows, 3374 columns, 67328 nonzeros
Set parameter TimeLimit to value 227.6523665
Warning: unknown variable 'r_max' in bounds section (line 13940)
Warning: unknown variable 'r_min' in bounds section (line 13941)
Read LP format model from file E:\codes\ExactEBRP\results\gf_cplex_equivalent_gurobi_replica_round28\runs\stage4__moderate_seed3302__c3_replica__rep2__300s\external\models\R.0.0.1.0.1.1.0.0.lp
Reading time = 0.02 seconds
obj: 11903 rows, 3374 columns, 67328 nonzeros
Set parameter TimeLimit to value 227.3157469
Warning: unknown variable 'r_max' in bounds section (line 13940)
Warning: unknown variable 'r_min' in bounds section (line 13941)
Read LP format model from file E:\codes\ExactEBRP\results\gf_cplex_equivalent_gurobi_replica_round28\runs\stage4__moderate_seed3302__c3_replica__rep2__300s\external\models\R.0.0.1.0.1.1.0.1.lp
Reading time = 0.02 seconds
obj: 11903 rows, 3374 columns, 67328 nonzeros
Set parameter TimeLimit to value 2.2691280559999998e+02
Warning: unknown variable 'r_max' in bounds section (line 13940)
Warning: unknown variable 'r_min' in bounds section (line 13941)
Read LP format model from file E:\codes\ExactEBRP\results\gf_cplex_equivalent_gurobi_replica_round28\runs\stage4__moderate_seed3302__c3_replica__rep2__300s\external\models\R.0.0.1.1.0.1.0.lp
Reading time = 0.02 seconds
obj: 11903 rows, 3374 columns, 67328 nonzeros
Set parameter TimeLimit to value 226.4946805
Warning: unknown variable 'r_max' in bounds section (line 13940)
Warning: unknown variable 'r_min' in bounds section (line 13941)
Read LP format model from file E:\codes\ExactEBRP\results\gf_cplex_equivalent_gurobi_replica_round28\runs\stage4__moderate_seed3302__c3_replica__rep2__300s\external\models\R.0.0.1.1.0.1.1.lp
Reading time = 0.02 seconds
obj: 11903 rows, 3374 columns, 67328 nonzeros
Set parameter TimeLimit to value 225.938008
Warning: unknown variable 'r_max' in bounds section (line 13940)
Warning: unknown variable 'r_min' in bounds section (line 13941)
Read LP format model from file E:\codes\ExactEBRP\results\gf_cplex_equivalent_gurobi_replica_round28\runs\stage4__moderate_seed3302__c3_replica__rep2__300s\external\models\R.0.0.1.0.1.1.1.0.lp
Reading time = 0.02 seconds
obj: 11903 rows, 3374 columns, 67328 nonzeros
Set parameter TimeLimit to value 225.4108595
Warning: unknown variable 'r_max' in bounds section (line 13940)
Warning: unknown variable 'r_min' in bounds section (line 13941)
Read LP format model from file E:\codes\ExactEBRP\results\gf_cplex_equivalent_gurobi_replica_round28\runs\stage4__moderate_seed3302__c3_replica__rep2__300s\external\models\R.0.0.1.0.1.1.1.1.lp
Reading time = 0.02 seconds
obj: 11903 rows, 3374 columns, 67328 nonzeros
Set parameter TimeLimit to value 2.2506507009999999e+02
Warning: unknown variable 'r_max' in bounds section (line 13940)
Warning: unknown variable 'r_min' in bounds section (line 13941)
Read LP format model from file E:\codes\ExactEBRP\results\gf_cplex_equivalent_gurobi_replica_round28\runs\stage4__moderate_seed3302__c3_replica__rep2__300s\external\models\R.0.0.1.0.0.0.0.1.lp
Reading time = 0.02 seconds
obj: 11903 rows, 3374 columns, 67328 nonzeros
Set parameter TimeLimit to value 224.656226
Warning: unknown variable 'r_max' in bounds section (line 13940)
Warning: unknown variable 'r_min' in bounds section (line 13941)
Read LP format model from file E:\codes\ExactEBRP\results\gf_cplex_equivalent_gurobi_replica_round28\runs\stage4__moderate_seed3302__c3_replica__rep2__300s\external\models\R.0.0.1.0.0.0.0.0.lp
Reading time = 0.02 seconds
obj: 11903 rows, 3374 columns, 67328 nonzeros
Set parameter TimeLimit to value 2.2430612969999999e+02
Warning: unknown variable 'r_max' in bounds section (line 13940)
Warning: unknown variable 'r_min' in bounds section (line 13941)
Read LP format model from file E:\codes\ExactEBRP\results\gf_cplex_equivalent_gurobi_replica_round28\runs\stage4__moderate_seed3302__c3_replica__rep2__300s\external\models\R.0.0.1.0.0.1.1.1.0.lp
Reading time = 0.02 seconds
obj: 11903 rows, 3374 columns, 67328 nonzeros
Set parameter TimeLimit to value 2.2399733469999998e+02
Warning: unknown variable 'r_max' in bounds section (line 13940)
Warning: unknown variable 'r_min' in bounds section (line 13941)
Read LP format model from file E:\codes\ExactEBRP\results\gf_cplex_equivalent_gurobi_replica_round28\runs\stage4__moderate_seed3302__c3_replica__rep2__300s\external\models\R.0.0.1.0.0.1.1.1.1.lp
Reading time = 0.02 seconds
obj: 11903 rows, 3374 columns, 67328 nonzeros
Set parameter TimeLimit to value 223.6267701
Warning: unknown variable 'r_max' in bounds section (line 13940)
Warning: unknown variable 'r_min' in bounds section (line 13941)
Read LP format model from file E:\codes\ExactEBRP\results\gf_cplex_equivalent_gurobi_replica_round28\runs\stage4__moderate_seed3302__c3_replica__rep2__300s\external\models\R.0.0.1.0.0.1.1.0.0.lp
Reading time = 0.02 seconds
obj: 11903 rows, 3374 columns, 67328 nonzeros
Set parameter TimeLimit to value 223.2790474
Warning: unknown variable 'r_max' in bounds section (line 13940)
Warning: unknown variable 'r_min' in bounds section (line 13941)
Read LP format model from file E:\codes\ExactEBRP\results\gf_cplex_equivalent_gurobi_replica_round28\runs\stage4__moderate_seed3302__c3_replica__rep2__300s\external\models\R.0.0.1.0.0.1.1.0.1.lp
Reading time = 0.02 seconds
obj: 11903 rows, 3374 columns, 67328 nonzeros
Set parameter TimeLimit to value 222.9107427
Warning: unknown variable 'r_max' in bounds section (line 13940)
Warning: unknown variable 'r_min' in bounds section (line 13941)
Read LP format model from file E:\codes\ExactEBRP\results\gf_cplex_equivalent_gurobi_replica_round28\runs\stage4__moderate_seed3302__c3_replica__rep2__300s\external\models\R.0.0.1.1.0.0.0.1.lp
Reading time = 0.02 seconds
obj: 11903 rows, 3374 columns, 67328 nonzeros
Set parameter TimeLimit to value 222.5842649
Warning: unknown variable 'r_max' in bounds section (line 13940)
Warning: unknown variable 'r_min' in bounds section (line 13941)
Read LP format model from file E:\codes\ExactEBRP\results\gf_cplex_equivalent_gurobi_replica_round28\runs\stage4__moderate_seed3302__c3_replica__rep2__300s\external\models\R.0.0.1.1.0.0.0.0.lp
Reading time = 0.02 seconds
obj: 11903 rows, 3374 columns, 67328 nonzeros
Set parameter TimeLimit to value 2.2216501159999999e+02
Warning: unknown variable 'r_max' in bounds section (line 13940)
Warning: unknown variable 'r_min' in bounds section (line 13941)
Read LP format model from file E:\codes\ExactEBRP\results\gf_cplex_equivalent_gurobi_replica_round28\runs\stage4__moderate_seed3302__c3_replica__rep2__300s\external\models\R.0.0.1.0.1.0.0.0.1.lp
Reading time = 0.02 seconds
obj: 11903 rows, 3374 columns, 67328 nonzeros
Set parameter TimeLimit to value 2.2177946659999998e+02
Warning: unknown variable 'r_max' in bounds section (line 13940)
Warning: unknown variable 'r_min' in bounds section (line 13941)
Read LP format model from file E:\codes\ExactEBRP\results\gf_cplex_equivalent_gurobi_replica_round28\runs\stage4__moderate_seed3302__c3_replica__rep2__300s\external\models\R.0.0.1.0.1.0.0.0.0.lp
Reading time = 0.02 seconds
obj: 11903 rows, 3374 columns, 67328 nonzeros
Set parameter TimeLimit to value 221.4298403
Warning: unknown variable 'r_max' in bounds section (line 13940)
Warning: unknown variable 'r_min' in bounds section (line 13941)
Read LP format model from file E:\codes\ExactEBRP\results\gf_cplex_equivalent_gurobi_replica_round28\runs\stage4__moderate_seed3302__c3_replica__rep2__300s\external\models\R.0.0.0.1.1.1.1.0.lp
Reading time = 0.02 seconds
obj: 11903 rows, 3374 columns, 67328 nonzeros
Set parameter TimeLimit to value 2.2107100509999998e+02
Warning: unknown variable 'r_max' in bounds section (line 13940)
Warning: unknown variable 'r_min' in bounds section (line 13941)
Read LP format model from file E:\codes\ExactEBRP\results\gf_cplex_equivalent_gurobi_replica_round28\runs\stage4__moderate_seed3302__c3_replica__rep2__300s\external\models\R.0.0.0.1.1.1.1.1.lp
Reading time = 0.02 seconds
obj: 11903 rows, 3374 columns, 67328 nonzeros
Set parameter TimeLimit to value 2.2071567019999998e+02
Warning: unknown variable 'r_max' in bounds section (line 13940)
Warning: unknown variable 'r_min' in bounds section (line 13941)
Read LP format model from file E:\codes\ExactEBRP\results\gf_cplex_equivalent_gurobi_replica_round28\runs\stage4__moderate_seed3302__c3_replica__rep2__300s\external\models\R.0.0.1.0.0.1.0.1.1.lp
Reading time = 0.02 seconds
obj: 11903 rows, 3374 columns, 67328 nonzeros
Set parameter TimeLimit to value 220.3834389
Warning: unknown variable 'r_max' in bounds section (line 13940)
Warning: unknown variable 'r_min' in bounds section (line 13941)
Read LP format model from file E:\codes\ExactEBRP\results\gf_cplex_equivalent_gurobi_replica_round28\runs\stage4__moderate_seed3302__c3_replica__rep2__300s\external\models\R.0.0.1.0.0.1.0.1.0.lp
Reading time = 0.02 seconds
obj: 11903 rows, 3374 columns, 67328 nonzeros
Set parameter TimeLimit to value 220.0443254
Warning: unknown variable 'r_max' in bounds section (line 13940)
Warning: unknown variable 'r_min' in bounds section (line 13941)
Read LP format model from file E:\codes\ExactEBRP\results\gf_cplex_equivalent_gurobi_replica_round28\runs\stage4__moderate_seed3302__c3_replica__rep2__300s\external\models\R.0.0.1.0.1.0.0.1.0.lp
Reading time = 0.02 seconds
obj: 11903 rows, 3374 columns, 67328 nonzeros
Set parameter TimeLimit to value 2.1963346539999998e+02
Warning: unknown variable 'r_max' in bounds section (line 13940)
Warning: unknown variable 'r_min' in bounds section (line 13941)
Read LP format model from file E:\codes\ExactEBRP\results\gf_cplex_equivalent_gurobi_replica_round28\runs\stage4__moderate_seed3302__c3_replica__rep2__300s\external\models\R.0.0.1.0.1.0.0.1.1.lp
Reading time = 0.02 seconds
obj: 11903 rows, 3374 columns, 67328 nonzeros
Set parameter TimeLimit to value 2.1926291809999998e+02
Warning: unknown variable 'r_max' in bounds section (line 13940)
Warning: unknown variable 'r_min' in bounds section (line 13941)
Read LP format model from file E:\codes\ExactEBRP\results\gf_cplex_equivalent_gurobi_replica_round28\runs\stage4__moderate_seed3302__c3_replica__rep2__300s\external\models\R.0.0.1.0.1.0.1.0.1.lp
Reading time = 0.02 seconds
obj: 11903 rows, 3374 columns, 67328 nonzeros
Set parameter TimeLimit to value 218.8753361
Warning: unknown variable 'r_max' in bounds section (line 13940)
Warning: unknown variable 'r_min' in bounds section (line 13941)
Read LP format model from file E:\codes\ExactEBRP\results\gf_cplex_equivalent_gurobi_replica_round28\runs\stage4__moderate_seed3302__c3_replica__rep2__300s\external\models\R.0.0.1.0.1.0.1.0.0.lp
Reading time = 0.02 seconds
obj: 11903 rows, 3374 columns, 67328 nonzeros
Set parameter TimeLimit to value 218.4500484
Warning: unknown variable 'r_max' in bounds section (line 13940)
Warning: unknown variable 'r_min' in bounds section (line 13941)
Read LP format model from file E:\codes\ExactEBRP\results\gf_cplex_equivalent_gurobi_replica_round28\runs\stage4__moderate_seed3302__c3_replica__rep2__300s\external\models\R.0.0.1.0.0.1.0.0.0.lp
Reading time = 0.02 seconds
obj: 11903 rows, 3374 columns, 67328 nonzeros
Set parameter TimeLimit to value 2.1805053289999998e+02
Warning: unknown variable 'r_max' in bounds section (line 13940)
Warning: unknown variable 'r_min' in bounds section (line 13941)
Read LP format model from file E:\codes\ExactEBRP\results\gf_cplex_equivalent_gurobi_replica_round28\runs\stage4__moderate_seed3302__c3_replica__rep2__300s\external\models\R.0.0.1.0.0.1.0.0.1.lp
Reading time = 0.02 seconds
obj: 11903 rows, 3374 columns, 67328 nonzeros
Set parameter TimeLimit to value 2.1771357799999998e+02
Warning: unknown variable 'r_max' in bounds section (line 13940)
Warning: unknown variable 'r_min' in bounds section (line 13941)
Read LP format model from file E:\codes\ExactEBRP\results\gf_cplex_equivalent_gurobi_replica_round28\runs\stage4__moderate_seed3302__c3_replica__rep2__300s\external\models\R.0.0.1.0.0.1.1.1.0.0.lp
Reading time = 0.02 seconds
obj: 11903 rows, 3374 columns, 67328 nonzeros
Set parameter TimeLimit to value 217.4090934
Warning: unknown variable 'r_max' in bounds section (line 13940)
Warning: unknown variable 'r_min' in bounds section (line 13941)
Read LP format model from file E:\codes\ExactEBRP\results\gf_cplex_equivalent_gurobi_replica_round28\runs\stage4__moderate_seed3302__c3_replica__rep2__300s\external\models\R.0.0.1.0.0.1.1.1.0.0.lp
Reading time = 0.02 seconds
obj: 11903 rows, 3374 columns, 67328 nonzeros
Set parameter TimeLimit to value 217.2291525
Warning: unknown variable 'r_max' in bounds section (line 13940)
Warning: unknown variable 'r_min' in bounds section (line 13941)
Read LP format model from file E:\codes\ExactEBRP\results\gf_cplex_equivalent_gurobi_replica_round28\runs\stage4__moderate_seed3302__c3_replica__rep2__300s\external\models\R.0.0.1.0.0.1.1.1.0.1.lp
Reading time = 0.02 seconds
obj: 11903 rows, 3374 columns, 67328 nonzeros
Set parameter TimeLimit to value 2.0737685829999998e+02
Warning: unknown variable 'r_max' in bounds section (line 13940)
Warning: unknown variable 'r_min' in bounds section (line 13941)
Read LP format model from file E:\codes\ExactEBRP\results\gf_cplex_equivalent_gurobi_replica_round28\runs\stage4__moderate_seed3302__c3_replica__rep2__300s\external\models\R.0.0.1.0.0.1.1.1.0.1.lp
Reading time = 0.02 seconds
obj: 11903 rows, 3374 columns, 67328 nonzeros
Set parameter TimeLimit to value 207.1250073
Warning: unknown variable 'r_max' in bounds section (line 13940)
Warning: unknown variable 'r_min' in bounds section (line 13941)
Read LP format model from file E:\codes\ExactEBRP\results\gf_cplex_equivalent_gurobi_replica_round28\runs\stage4__moderate_seed3302__c3_replica__rep2__300s\external\models\R.0.0.1.0.1.0.1.1.0.lp
Reading time = 0.02 seconds
obj: 11903 rows, 3374 columns, 67328 nonzeros
Set parameter TimeLimit to value 1.9874115799999998e+02
Warning: unknown variable 'r_max' in bounds section (line 13940)
Warning: unknown variable 'r_min' in bounds section (line 13941)
Read LP format model from file E:\codes\ExactEBRP\results\gf_cplex_equivalent_gurobi_replica_round28\runs\stage4__moderate_seed3302__c3_replica__rep2__300s\external\models\R.0.0.1.0.1.0.1.1.1.lp
Reading time = 0.02 seconds
obj: 11903 rows, 3374 columns, 67328 nonzeros
Set parameter TimeLimit to value 198.3143584
Warning: unknown variable 'r_max' in bounds section (line 13940)
Warning: unknown variable 'r_min' in bounds section (line 13941)
Read LP format model from file E:\codes\ExactEBRP\results\gf_cplex_equivalent_gurobi_replica_round28\runs\stage4__moderate_seed3302__c3_replica__rep2__300s\external\models\R.0.0.0.1.1.1.0.1.lp
Reading time = 0.02 seconds
obj: 11903 rows, 3374 columns, 67328 nonzeros
Set parameter TimeLimit to value 197.9083197
Warning: unknown variable 'r_max' in bounds section (line 13940)
Warning: unknown variable 'r_min' in bounds section (line 13941)
Read LP format model from file E:\codes\ExactEBRP\results\gf_cplex_equivalent_gurobi_replica_round28\runs\stage4__moderate_seed3302__c3_replica__rep2__300s\external\models\R.0.0.0.1.1.1.0.0.lp
Reading time = 0.02 seconds
obj: 11903 rows, 3374 columns, 67328 nonzeros
Set parameter TimeLimit to value 197.5639163
Warning: unknown variable 'r_max' in bounds section (line 13940)
Warning: unknown variable 'r_min' in bounds section (line 13941)
Read LP format model from file E:\codes\ExactEBRP\results\gf_cplex_equivalent_gurobi_replica_round28\runs\stage4__moderate_seed3302__c3_replica__rep2__300s\external\models\R.0.0.1.1.0.0.1.0.lp
Reading time = 0.02 seconds
obj: 11903 rows, 3374 columns, 67328 nonzeros
Set parameter TimeLimit to value 1.9723040429999998e+02
Warning: unknown variable 'r_max' in bounds section (line 13940)
Warning: unknown variable 'r_min' in bounds section (line 13941)
Read LP format model from file E:\codes\ExactEBRP\results\gf_cplex_equivalent_gurobi_replica_round28\runs\stage4__moderate_seed3302__c3_replica__rep2__300s\external\models\R.0.0.1.1.0.0.1.1.lp
Reading time = 0.02 seconds
obj: 11903 rows, 3374 columns, 67328 nonzeros
Set parameter TimeLimit to value 1.9672496239999998e+02
Warning: unknown variable 'r_max' in bounds section (line 13940)
Warning: unknown variable 'r_min' in bounds section (line 13941)
Read LP format model from file E:\codes\ExactEBRP\results\gf_cplex_equivalent_gurobi_replica_round28\runs\stage4__moderate_seed3302__c3_replica__rep2__300s\external\models\R.0.0.1.0.0.1.1.1.1.0.lp
Reading time = 0.02 seconds
obj: 11903 rows, 3374 columns, 67328 nonzeros
Set parameter TimeLimit to value 196.0752254
Warning: unknown variable 'r_max' in bounds section (line 13940)
Warning: unknown variable 'r_min' in bounds section (line 13941)
Read LP format model from file E:\codes\ExactEBRP\results\gf_cplex_equivalent_gurobi_replica_round28\runs\stage4__moderate_seed3302__c3_replica__rep2__300s\external\models\R.0.0.1.0.0.1.1.1.1.0.lp
Reading time = 0.02 seconds
obj: 11903 rows, 3374 columns, 67328 nonzeros
Set parameter TimeLimit to value 195.8158441
Warning: unknown variable 'r_max' in bounds section (line 13940)
Warning: unknown variable 'r_min' in bounds section (line 13941)
Read LP format model from file E:\codes\ExactEBRP\results\gf_cplex_equivalent_gurobi_replica_round28\runs\stage4__moderate_seed3302__c3_replica__rep2__300s\external\models\R.0.0.1.0.0.1.1.1.1.1.lp
Reading time = 0.02 seconds
obj: 11903 rows, 3374 columns, 67328 nonzeros
Set parameter TimeLimit to value 188.8951234
Warning: unknown variable 'r_max' in bounds section (line 13940)
Warning: unknown variable 'r_min' in bounds section (line 13941)
Read LP format model from file E:\codes\ExactEBRP\results\gf_cplex_equivalent_gurobi_replica_round28\runs\stage4__moderate_seed3302__c3_replica__rep2__300s\external\models\R.0.0.1.0.0.1.1.1.1.1.lp
Reading time = 0.02 seconds
obj: 11903 rows, 3374 columns, 67328 nonzeros
Set parameter TimeLimit to value 188.6687389
Warning: unknown variable 'r_max' in bounds section (line 13940)
Warning: unknown variable 'r_min' in bounds section (line 13941)
Read LP format model from file E:\codes\ExactEBRP\results\gf_cplex_equivalent_gurobi_replica_round28\runs\stage4__moderate_seed3302__c3_replica__rep2__300s\external\models\R.0.0.1.0.0.0.1.1.0.lp
Reading time = 0.02 seconds
obj: 11903 rows, 3374 columns, 67328 nonzeros
Set parameter TimeLimit to value 1.8073992529999998e+02
Warning: unknown variable 'r_max' in bounds section (line 13940)
Warning: unknown variable 'r_min' in bounds section (line 13941)
Read LP format model from file E:\codes\ExactEBRP\results\gf_cplex_equivalent_gurobi_replica_round28\runs\stage4__moderate_seed3302__c3_replica__rep2__300s\external\models\R.0.0.1.0.0.0.1.1.1.lp
Reading time = 0.02 seconds
obj: 11903 rows, 3374 columns, 67328 nonzeros
Set parameter TimeLimit to value 180.4072224
Warning: unknown variable 'r_max' in bounds section (line 13940)
Warning: unknown variable 'r_min' in bounds section (line 13941)
Read LP format model from file E:\codes\ExactEBRP\results\gf_cplex_equivalent_gurobi_replica_round28\runs\stage4__moderate_seed3302__c3_replica__rep2__300s\external\models\R.0.0.1.0.0.1.1.0.1.1.lp
Reading time = 0.02 seconds
obj: 11903 rows, 3374 columns, 67328 nonzeros
Set parameter TimeLimit to value 180.0720984
Warning: unknown variable 'r_max' in bounds section (line 13940)
Warning: unknown variable 'r_min' in bounds section (line 13941)
Read LP format model from file E:\codes\ExactEBRP\results\gf_cplex_equivalent_gurobi_replica_round28\runs\stage4__moderate_seed3302__c3_replica__rep2__300s\external\models\R.0.0.1.0.0.1.1.0.1.1.lp
Reading time = 0.02 seconds
obj: 11903 rows, 3374 columns, 67328 nonzeros
Set parameter TimeLimit to value 179.8574992
Warning: unknown variable 'r_max' in bounds section (line 13940)
Warning: unknown variable 'r_min' in bounds section (line 13941)
Read LP format model from file E:\codes\ExactEBRP\results\gf_cplex_equivalent_gurobi_replica_round28\runs\stage4__moderate_seed3302__c3_replica__rep2__300s\external\models\R.0.0.1.0.0.1.1.0.1.0.lp
Reading time = 0.02 seconds
obj: 11903 rows, 3374 columns, 67328 nonzeros
Set parameter TimeLimit to value 171.42012
Warning: unknown variable 'r_max' in bounds section (line 13940)
Warning: unknown variable 'r_min' in bounds section (line 13941)
Read LP format model from file E:\codes\ExactEBRP\results\gf_cplex_equivalent_gurobi_replica_round28\runs\stage4__moderate_seed3302__c3_replica__rep2__300s\external\models\R.0.0.1.0.0.1.1.0.1.0.lp
Reading time = 0.02 seconds
obj: 11903 rows, 3374 columns, 67328 nonzeros
Set parameter TimeLimit to value 171.2320848
Warning: unknown variable 'r_max' in bounds section (line 13940)
Warning: unknown variable 'r_min' in bounds section (line 13941)
Read LP format model from file E:\codes\ExactEBRP\results\gf_cplex_equivalent_gurobi_replica_round28\runs\stage4__moderate_seed3302__c3_replica__rep2__300s\external\models\R.0.0.1.0.1.1.0.0.0.lp
Reading time = 0.02 seconds
obj: 11903 rows, 3374 columns, 67328 nonzeros
Set parameter TimeLimit to value 164.6879066
Warning: unknown variable 'r_max' in bounds section (line 13940)
Warning: unknown variable 'r_min' in bounds section (line 13941)
Read LP format model from file E:\codes\ExactEBRP\results\gf_cplex_equivalent_gurobi_replica_round28\runs\stage4__moderate_seed3302__c3_replica__rep2__300s\external\models\R.0.0.1.0.1.1.0.0.1.lp
Reading time = 0.02 seconds
obj: 11903 rows, 3374 columns, 67328 nonzeros
Set parameter TimeLimit to value 1.6435629089999998e+02
Warning: unknown variable 'r_max' in bounds section (line 13940)
Warning: unknown variable 'r_min' in bounds section (line 13941)
Read LP format model from file E:\codes\ExactEBRP\results\gf_cplex_equivalent_gurobi_replica_round28\runs\stage4__moderate_seed3302__c3_replica__rep2__300s\external\models\R.0.0.1.0.1.0.0.0.0.1.lp
Reading time = 0.02 seconds
obj: 11903 rows, 3374 columns, 67328 nonzeros
Set parameter TimeLimit to value 1.6396390429999997e+02
Warning: unknown variable 'r_max' in bounds section (line 13940)
Warning: unknown variable 'r_min' in bounds section (line 13941)
Read LP format model from file E:\codes\ExactEBRP\results\gf_cplex_equivalent_gurobi_replica_round28\runs\stage4__moderate_seed3302__c3_replica__rep2__300s\external\models\R.0.0.1.0.1.0.0.0.0.1.lp
Reading time = 0.02 seconds
obj: 11903 rows, 3374 columns, 67328 nonzeros
Set parameter TimeLimit to value 163.7426822
Warning: unknown variable 'r_max' in bounds section (line 13940)
Warning: unknown variable 'r_min' in bounds section (line 13941)
Read LP format model from file E:\codes\ExactEBRP\results\gf_cplex_equivalent_gurobi_replica_round28\runs\stage4__moderate_seed3302__c3_replica__rep2__300s\external\models\R.0.0.1.0.1.0.0.0.0.0.lp
Reading time = 0.02 seconds
obj: 11903 rows, 3374 columns, 67328 nonzeros
Set parameter TimeLimit to value 151.9136762
Warning: unknown variable 'r_max' in bounds section (line 13940)
Warning: unknown variable 'r_min' in bounds section (line 13941)
Read LP format model from file E:\codes\ExactEBRP\results\gf_cplex_equivalent_gurobi_replica_round28\runs\stage4__moderate_seed3302__c3_replica__rep2__300s\external\models\R.0.0.1.0.1.0.0.0.0.0.lp
Reading time = 0.02 seconds
obj: 11903 rows, 3374 columns, 67328 nonzeros
Set parameter TimeLimit to value 151.7147923
Warning: unknown variable 'r_max' in bounds section (line 13940)
Warning: unknown variable 'r_min' in bounds section (line 13941)
Read LP format model from file E:\codes\ExactEBRP\results\gf_cplex_equivalent_gurobi_replica_round28\runs\stage4__moderate_seed3302__c3_replica__rep2__300s\external\models\R.0.0.1.0.0.1.1.0.0.0.lp
Reading time = 0.02 seconds
obj: 11903 rows, 3374 columns, 67328 nonzeros
Set parameter TimeLimit to value 1.4089612929999998e+02
Warning: unknown variable 'r_max' in bounds section (line 13940)
Warning: unknown variable 'r_min' in bounds section (line 13941)
Read LP format model from file E:\codes\ExactEBRP\results\gf_cplex_equivalent_gurobi_replica_round28\runs\stage4__moderate_seed3302__c3_replica__rep2__300s\external\models\R.0.0.1.0.0.1.1.0.0.0.lp
Reading time = 0.02 seconds
obj: 11903 rows, 3374 columns, 67328 nonzeros
Set parameter TimeLimit to value 140.6792544
Warning: unknown variable 'r_max' in bounds section (line 13940)
Warning: unknown variable 'r_min' in bounds section (line 13941)
Read LP format model from file E:\codes\ExactEBRP\results\gf_cplex_equivalent_gurobi_replica_round28\runs\stage4__moderate_seed3302__c3_replica__rep2__300s\external\models\R.0.0.1.0.0.1.1.0.0.1.lp
Reading time = 0.02 seconds
obj: 11903 rows, 3374 columns, 67328 nonzeros
Set parameter TimeLimit to value 133.0282968
Warning: unknown variable 'r_max' in bounds section (line 13940)
Warning: unknown variable 'r_min' in bounds section (line 13941)
Read LP format model from file E:\codes\ExactEBRP\results\gf_cplex_equivalent_gurobi_replica_round28\runs\stage4__moderate_seed3302__c3_replica__rep2__300s\external\models\R.0.0.1.0.0.1.1.0.0.1.lp
Reading time = 0.02 seconds
obj: 11903 rows, 3374 columns, 67328 nonzeros
Set parameter TimeLimit to value 132.7822251
Warning: unknown variable 'r_max' in bounds section (line 13940)
Warning: unknown variable 'r_min' in bounds section (line 13941)
Read LP format model from file E:\codes\ExactEBRP\results\gf_cplex_equivalent_gurobi_replica_round28\runs\stage4__moderate_seed3302__c3_replica__rep2__300s\external\models\R.0.0.1.0.1.0.0.0.1.0.lp
Reading time = 0.02 seconds
obj: 11903 rows, 3374 columns, 67328 nonzeros
Set parameter TimeLimit to value 1.2686025499999998e+02
Warning: unknown variable 'r_max' in bounds section (line 13940)
Warning: unknown variable 'r_min' in bounds section (line 13941)
Read LP format model from file E:\codes\ExactEBRP\results\gf_cplex_equivalent_gurobi_replica_round28\runs\stage4__moderate_seed3302__c3_replica__rep2__300s\external\models\R.0.0.1.0.1.0.0.0.1.0.lp
Reading time = 0.02 seconds
obj: 11903 rows, 3374 columns, 67328 nonzeros
Set parameter TimeLimit to value 1.2662224609999998e+02
Warning: unknown variable 'r_max' in bounds section (line 13940)
Warning: unknown variable 'r_min' in bounds section (line 13941)
Read LP format model from file E:\codes\ExactEBRP\results\gf_cplex_equivalent_gurobi_replica_round28\runs\stage4__moderate_seed3302__c3_replica__rep2__300s\external\models\R.0.0.1.0.1.0.0.0.1.1.lp
Reading time = 0.02 seconds
obj: 11903 rows, 3374 columns, 67328 nonzeros
Set parameter TimeLimit to value 1.1451436619999998e+02
Warning: unknown variable 'r_max' in bounds section (line 13940)
Warning: unknown variable 'r_min' in bounds section (line 13941)
Read LP format model from file E:\codes\ExactEBRP\results\gf_cplex_equivalent_gurobi_replica_round28\runs\stage4__moderate_seed3302__c3_replica__rep2__300s\external\models\R.0.0.1.0.1.0.0.0.1.1.lp
Reading time = 0.02 seconds
obj: 11903 rows, 3374 columns, 67328 nonzeros
Set parameter TimeLimit to value 114.2465982
Warning: unknown variable 'r_max' in bounds section (line 13940)
Warning: unknown variable 'r_min' in bounds section (line 13941)
Read LP format model from file E:\codes\ExactEBRP\results\gf_cplex_equivalent_gurobi_replica_round28\runs\stage4__moderate_seed3302__c3_replica__rep2__300s\external\models\R.0.0.1.0.1.1.0.1.1.lp
Reading time = 0.02 seconds
obj: 11903 rows, 3374 columns, 67328 nonzeros
Set parameter TimeLimit to value 9.7654682999999977e+01
Warning: unknown variable 'r_max' in bounds section (line 13940)
Warning: unknown variable 'r_min' in bounds section (line 13941)
Read LP format model from file E:\codes\ExactEBRP\results\gf_cplex_equivalent_gurobi_replica_round28\runs\stage4__moderate_seed3302__c3_replica__rep2__300s\external\models\R.0.0.1.0.1.1.0.1.0.lp
Reading time = 0.03 seconds
obj: 11903 rows, 3374 columns, 67328 nonzeros
Set parameter TimeLimit to value 97.213009
Warning: unknown variable 'r_max' in bounds section (line 13940)
Warning: unknown variable 'r_min' in bounds section (line 13941)
Read LP format model from file E:\codes\ExactEBRP\results\gf_cplex_equivalent_gurobi_replica_round28\runs\stage4__moderate_seed3302__c3_replica__rep2__300s\external\models\R.0.0.1.0.1.0.0.1.0.0.lp
Reading time = 0.02 seconds
obj: 11903 rows, 3374 columns, 67328 nonzeros
Set parameter TimeLimit to value 96.8223151
Warning: unknown variable 'r_max' in bounds section (line 13940)
Warning: unknown variable 'r_min' in bounds section (line 13941)
Read LP format model from file E:\codes\ExactEBRP\results\gf_cplex_equivalent_gurobi_replica_round28\runs\stage4__moderate_seed3302__c3_replica__rep2__300s\external\models\R.0.0.1.0.1.0.0.1.0.0.lp
Reading time = 0.02 seconds
obj: 11903 rows, 3374 columns, 67328 nonzeros
Set parameter TimeLimit to value 9.6527228799999989e+01
Warning: unknown variable 'r_max' in bounds section (line 13940)
Warning: unknown variable 'r_min' in bounds section (line 13941)
Read LP format model from file E:\codes\ExactEBRP\results\gf_cplex_equivalent_gurobi_replica_round28\runs\stage4__moderate_seed3302__c3_replica__rep2__300s\external\models\R.0.0.1.0.1.0.0.1.0.1.lp
Reading time = 0.02 seconds
obj: 11903 rows, 3374 columns, 67328 nonzeros
Set parameter TimeLimit to value 7.7391620999999986e+01
Warning: unknown variable 'r_max' in bounds section (line 13940)
Warning: unknown variable 'r_min' in bounds section (line 13941)
Read LP format model from file E:\codes\ExactEBRP\results\gf_cplex_equivalent_gurobi_replica_round28\runs\stage4__moderate_seed3302__c3_replica__rep2__300s\external\models\R.0.0.1.0.1.0.0.1.0.1.lp
Reading time = 0.02 seconds
obj: 11903 rows, 3374 columns, 67328 nonzeros
Set parameter TimeLimit to value 7.7154642599999988e+01
Warning: unknown variable 'r_max' in bounds section (line 13940)
Warning: unknown variable 'r_min' in bounds section (line 13941)
Read LP format model from file E:\codes\ExactEBRP\results\gf_cplex_equivalent_gurobi_replica_round28\runs\stage4__moderate_seed3302__c3_replica__rep2__300s\external\models\R.0.0.1.0.0.0.1.0.1.lp
Reading time = 0.02 seconds
obj: 11903 rows, 3374 columns, 67328 nonzeros
Set parameter TimeLimit to value 5.0399695999999977e+01
Warning: unknown variable 'r_max' in bounds section (line 13940)
Warning: unknown variable 'r_min' in bounds section (line 13941)
Read LP format model from file E:\codes\ExactEBRP\results\gf_cplex_equivalent_gurobi_replica_round28\runs\stage4__moderate_seed3302__c3_replica__rep2__300s\external\models\R.0.0.1.0.0.0.1.0.0.lp
Reading time = 0.02 seconds
obj: 11903 rows, 3374 columns, 67328 nonzeros
Set parameter TimeLimit to value 50.0705318
Warning: unknown variable 'r_max' in bounds section (line 13940)
Warning: unknown variable 'r_min' in bounds section (line 13941)
Read LP format model from file E:\codes\ExactEBRP\results\gf_cplex_equivalent_gurobi_replica_round28\runs\stage4__moderate_seed3302__c3_replica__rep2__300s\external\models\R.0.0.1.0.0.1.0.1.1.0.lp
Reading time = 0.02 seconds
obj: 11903 rows, 3374 columns, 67328 nonzeros
Set parameter TimeLimit to value 4.9768424499999981e+01
Warning: unknown variable 'r_max' in bounds section (line 13940)
Warning: unknown variable 'r_min' in bounds section (line 13941)
Read LP format model from file E:\codes\ExactEBRP\results\gf_cplex_equivalent_gurobi_replica_round28\runs\stage4__moderate_seed3302__c3_replica__rep2__300s\external\models\R.0.0.1.0.0.1.0.1.1.0.lp
Reading time = 0.02 seconds
obj: 11903 rows, 3374 columns, 67328 nonzeros
Set parameter TimeLimit to value 4.9568512799999979e+01
Warning: unknown variable 'r_max' in bounds section (line 13940)
Warning: unknown variable 'r_min' in bounds section (line 13941)
Read LP format model from file E:\codes\ExactEBRP\results\gf_cplex_equivalent_gurobi_replica_round28\runs\stage4__moderate_seed3302__c3_replica__rep2__300s\external\models\R.0.0.1.0.0.1.0.1.1.1.lp
Reading time = 0.02 seconds
obj: 11903 rows, 3374 columns, 67328 nonzeros
Set parameter TimeLimit to value 4.3874379999999974e+01
Warning: unknown variable 'r_max' in bounds section (line 13940)
Warning: unknown variable 'r_min' in bounds section (line 13941)
Read LP format model from file E:\codes\ExactEBRP\results\gf_cplex_equivalent_gurobi_replica_round28\runs\stage4__moderate_seed3302__c3_replica__rep2__300s\external\models\R.0.0.1.0.0.1.0.1.1.1.lp
Reading time = 0.02 seconds
obj: 11903 rows, 3374 columns, 67328 nonzeros
Set parameter TimeLimit to value 4.3664937799999990e+01
Warning: unknown variable 'r_max' in bounds section (line 13940)
Warning: unknown variable 'r_min' in bounds section (line 13941)
Read LP format model from file E:\codes\ExactEBRP\results\gf_cplex_equivalent_gurobi_replica_round28\runs\stage4__moderate_seed3302__c3_replica__rep2__300s\external\models\R.0.0.0.1.1.0.1.0.lp
Reading time = 0.02 seconds
obj: 11903 rows, 3374 columns, 67328 nonzeros
Set parameter TimeLimit to value 3.8396362899999986e+01
Warning: unknown variable 'r_max' in bounds section (line 13940)
Warning: unknown variable 'r_min' in bounds section (line 13941)
Read LP format model from file E:\codes\ExactEBRP\results\gf_cplex_equivalent_gurobi_replica_round28\runs\stage4__moderate_seed3302__c3_replica__rep2__300s\external\models\R.0.0.0.1.1.0.1.1.lp
Reading time = 0.02 seconds
obj: 11903 rows, 3374 columns, 67328 nonzeros
Set parameter TimeLimit to value 3.8056130199999984e+01
Warning: unknown variable 'r_max' in bounds section (line 13940)
Warning: unknown variable 'r_min' in bounds section (line 13941)
Read LP format model from file E:\codes\ExactEBRP\results\gf_cplex_equivalent_gurobi_replica_round28\runs\stage4__moderate_seed3302__c3_replica__rep2__300s\external\models\R.0.0.1.0.1.0.0.1.1.0.lp
Reading time = 0.02 seconds
obj: 11903 rows, 3374 columns, 67328 nonzeros
Set parameter TimeLimit to value 3.7719515899999976e+01
Warning: unknown variable 'r_max' in bounds section (line 13940)
Warning: unknown variable 'r_min' in bounds section (line 13941)
Read LP format model from file E:\codes\ExactEBRP\results\gf_cplex_equivalent_gurobi_replica_round28\runs\stage4__moderate_seed3302__c3_replica__rep2__300s\external\models\R.0.0.1.0.1.0.0.1.1.0.lp
Reading time = 0.02 seconds
obj: 11903 rows, 3374 columns, 67328 nonzeros
Set parameter TimeLimit to value 3.7544677899999982e+01
Warning: unknown variable 'r_max' in bounds section (line 13940)
Warning: unknown variable 'r_min' in bounds section (line 13941)
Read LP format model from file E:\codes\ExactEBRP\results\gf_cplex_equivalent_gurobi_replica_round28\runs\stage4__moderate_seed3302__c3_replica__rep2__300s\external\models\R.0.0.1.0.1.0.0.1.1.1.lp
Reading time = 0.02 seconds
obj: 11903 rows, 3374 columns, 67328 nonzeros
Set parameter TimeLimit to value 11.8018529
Warning: unknown variable 'r_max' in bounds section (line 13940)
Warning: unknown variable 'r_min' in bounds section (line 13941)
Read LP format model from file E:\codes\ExactEBRP\results\gf_cplex_equivalent_gurobi_replica_round28\runs\stage4__moderate_seed3302__c3_replica__rep2__300s\external\models\R.0.0.1.0.1.0.0.1.1.1.lp
Reading time = 0.02 seconds
obj: 11903 rows, 3374 columns, 67328 nonzeros
Set parameter TimeLimit to value 1.1597875399999992e+01
