DONE stage2__V12_M1__p_grb__300s rc=0 wall=34.782
DONE stage2__V12_M1__c3_replica__300s rc=0 wall=294.062
DONE stage2__V12_M2__p_grb__300s rc=0 wall=170.750
DONE stage2__V12_M2__c3_replica__300s rc=0 wall=294.078
DONE stage2__high_imbalance_seed3202__p_grb__300s rc=0 wall=294.109
DONE stage2__high_imbalance_seed3202__c3_replica__300s rc=0 wall=294.063
DONE stage2__moderate_seed3302__p_grb__300s rc=0 wall=294.110
DONE stage2__moderate_seed3302__c3_replica__300s rc=0 wall=294.094
DONE stage2__tight_T_seed3101__p_grb__300s rc=0 wall=294.093
DONE stage2__tight_T_seed3101__c3_replica__300s rc=0 wall=294.093
DONE stage2__high_imbalance_seed4201__p_grb__300s rc=0 wall=294.093
DONE stage2__high_imbalance_seed4201__c3_replica__300s rc=0 wall=294.078
DONE stage2__moderate_seed4302__p_grb__300s rc=0 wall=294.109
DONE stage2__moderate_seed4302__c3_replica__300s rc=0 wall=294.078
DONE stage2__tight_T_seed4101__p_grb__300s rc=0 wall=294.093
DONE stage2__tight_T_seed4101__c3_replica__300s rc=0 wall=294.078
DONE stage2__high_imbalance_seed5202__p_grb__300s rc=0 wall=294.109
DONE stage2__high_imbalance_seed5202__c3_replica__300s rc=0 wall=294.078
DONE stage2__high_imbalance_seed5203__p_grb__300s rc=0 wall=294.093
DONE stage2__high_imbalance_seed5203__c3_replica__300s rc=0 wall=294.078
DONE stage2__moderate_seed5301__p_grb__300s rc=0 wall=294.094
DONE stage2__moderate_seed5301__c3_replica__300s rc=0 wall=294.078
DONE stage2__moderate_seed5302__p_grb__300s rc=0 wall=294.125
DONE stage2__moderate_seed5302__c3_replica__300s rc=0 wall=294.078
DONE stage2__tight_T_seed5102__p_grb__300s rc=0 wall=294.109
DONE stage2__tight_T_seed5102__c3_replica__300s rc=0 wall=294.078
DONE stage2__tight_T_seed5103__p_grb__300s rc=0 wall=294.109
DONE stage2__tight_T_seed5103__c3_replica__300s rc=0 wall=294.078
DONE stage2__high_imbalance_seed6202__p_grb__300s rc=0 wall=294.296
DONE stage2__high_imbalance_seed6202__c3_replica__300s rc=0 wall=294.344
DONE stage2__moderate_seed6301__p_grb__300s rc=0 wall=294.297
DONE stage2__moderate_seed6301__c3_replica__300s rc=124 wall=315.031
DONE stage2__tight_T_seed6102__p_grb__300s rc=0 wall=294.297
DONE stage2__tight_T_seed6102__c3_replica__300s rc=0 wall=294.344
STAGE2 complete process_failures=1
