
Gurobi 13.0.2 (win64) logging started Fri Jul 24 08:50:20 2026

Set parameter LogFile to value "E:\codes\ExactEBRP\results\gf_c0_mechanism_transfer_c5_round30\runs\stage2__moderate_seed4302__c5_candidate__300s\native.log"
Set parameter Threads to value 1
Set parameter Presolve to value -1
Set parameter Seed to value 0
Set parameter MIPGap to value 0
Set parameter MIPGapAbs to value 0
Warning: unknown variable 'r_max' in bounds section (line 13960)
Warning: unknown variable 'r_min' in bounds section (line 13961)
Read LP format model from file E:\codes\ExactEBRP\results\gf_c0_mechanism_transfer_c5_round30\runs\stage2__moderate_seed4302__c5_candidate__300s\external\models\L0.lp
Reading time = 0.02 seconds
obj: 11919 rows, 3378 columns, 67134 nonzeros
Set parameter TimeLimit to value 275.7321702
Warning: unknown variable 'r_max' in bounds section (line 13960)
Warning: unknown variable 'r_min' in bounds section (line 13961)
Read LP format model from file E:\codes\ExactEBRP\results\gf_c0_mechanism_transfer_c5_round30\runs\stage2__moderate_seed4302__c5_candidate__300s\external\models\L0.0.lp
Reading time = 0.02 seconds
obj: 11919 rows, 3378 columns, 67134 nonzeros
Set parameter TimeLimit to value 275.4729231
Warning: unknown variable 'r_max' in bounds section (line 13960)
Warning: unknown variable 'r_min' in bounds section (line 13961)
Read LP format model from file E:\codes\ExactEBRP\results\gf_c0_mechanism_transfer_c5_round30\runs\stage2__moderate_seed4302__c5_candidate__300s\external\models\L0.1.lp
Reading time = 0.02 seconds
obj: 11919 rows, 3378 columns, 67378 nonzeros
Set parameter TimeLimit to value 2.7521611359999997e+02
Warning: unknown variable 'r_max' in bounds section (line 13960)
Warning: unknown variable 'r_min' in bounds section (line 13961)
Read LP format model from file E:\codes\ExactEBRP\results\gf_c0_mechanism_transfer_c5_round30\runs\stage2__moderate_seed4302__c5_candidate__300s\external\models\L1.lp
Reading time = 0.02 seconds
obj: 11919 rows, 3378 columns, 67378 nonzeros
Set parameter TimeLimit to value 2.5325621569999998e+02
Warning: unknown variable 'r_max' in bounds section (line 13960)
Warning: unknown variable 'r_min' in bounds section (line 13961)
Read LP format model from file E:\codes\ExactEBRP\results\gf_c0_mechanism_transfer_c5_round30\runs\stage2__moderate_seed4302__c5_candidate__300s\external\models\L1.0.lp
Reading time = 0.02 seconds
obj: 11919 rows, 3378 columns, 67378 nonzeros
Set parameter TimeLimit to value 2.5302744969999998e+02
Warning: unknown variable 'r_max' in bounds section (line 13960)
Warning: unknown variable 'r_min' in bounds section (line 13961)
Read LP format model from file E:\codes\ExactEBRP\results\gf_c0_mechanism_transfer_c5_round30\runs\stage2__moderate_seed4302__c5_candidate__300s\external\models\L1.1.lp
Reading time = 0.02 seconds
obj: 11919 rows, 3378 columns, 67378 nonzeros
Set parameter TimeLimit to value 2.5278136440000003e+02
