
Gurobi 13.0.2 (win64) logging started Fri Jul 24 04:52:21 2026

Set parameter LogFile to value "E:\codes\ExactEBRP\results\gf_c0_mechanism_transfer_c5_round30\development\tight_T_seed3101__c4_candidate__60s\native.log"
Set parameter Threads to value 1
Set parameter Presolve to value -1
Set parameter Seed to value 0
Set parameter MIPGap to value 0
Set parameter MIPGapAbs to value 0
Warning: unknown variable 'r_max' in bounds section (line 13986)
Warning: unknown variable 'r_min' in bounds section (line 13987)
Read LP format model from file E:\codes\ExactEBRP\results\gf_c0_mechanism_transfer_c5_round30\development\tight_T_seed3101__c4_candidate__60s\external\models\L0.lp
Reading time = 0.02 seconds
obj: 11939 rows, 3384 columns, 67170 nonzeros
Set parameter TimeLimit to value 39.8536485
Warning: unknown variable 'r_max' in bounds section (line 13986)
Warning: unknown variable 'r_min' in bounds section (line 13987)
Read LP format model from file E:\codes\ExactEBRP\results\gf_c0_mechanism_transfer_c5_round30\development\tight_T_seed3101__c4_candidate__60s\external\models\L0.0.lp
Reading time = 0.02 seconds
obj: 11939 rows, 3384 columns, 67170 nonzeros
Set parameter TimeLimit to value 3.9414752899999996e+01
Warning: unknown variable 'r_max' in bounds section (line 13986)
Warning: unknown variable 'r_min' in bounds section (line 13987)
Read LP format model from file E:\codes\ExactEBRP\results\gf_c0_mechanism_transfer_c5_round30\development\tight_T_seed3101__c4_candidate__60s\external\models\L0.1.lp
Reading time = 0.02 seconds
obj: 11939 rows, 3384 columns, 67420 nonzeros
Set parameter TimeLimit to value 38.9916446
Warning: unknown variable 'r_max' in bounds section (line 13986)
Warning: unknown variable 'r_min' in bounds section (line 13987)
Read LP format model from file E:\codes\ExactEBRP\results\gf_c0_mechanism_transfer_c5_round30\development\tight_T_seed3101__c4_candidate__60s\external\models\L0.0.0.lp
Reading time = 0.02 seconds
obj: 11939 rows, 3384 columns, 67170 nonzeros
Set parameter TimeLimit to value 38.5796597
Warning: unknown variable 'r_max' in bounds section (line 13986)
Warning: unknown variable 'r_min' in bounds section (line 13987)
Read LP format model from file E:\codes\ExactEBRP\results\gf_c0_mechanism_transfer_c5_round30\development\tight_T_seed3101__c4_candidate__60s\external\models\L0.0.1.lp
Reading time = 0.02 seconds
obj: 11939 rows, 3384 columns, 67420 nonzeros
Set parameter TimeLimit to value 38.1943546
Warning: unknown variable 'r_max' in bounds section (line 13986)
Warning: unknown variable 'r_min' in bounds section (line 13987)
Read LP format model from file E:\codes\ExactEBRP\results\gf_c0_mechanism_transfer_c5_round30\development\tight_T_seed3101__c4_candidate__60s\external\models\L0.0.0.0.lp
Reading time = 0.02 seconds
obj: 11939 rows, 3384 columns, 67170 nonzeros
Set parameter TimeLimit to value 3.7781248500000004e+01
Warning: unknown variable 'r_max' in bounds section (line 13986)
Warning: unknown variable 'r_min' in bounds section (line 13987)
Read LP format model from file E:\codes\ExactEBRP\results\gf_c0_mechanism_transfer_c5_round30\development\tight_T_seed3101__c4_candidate__60s\external\models\L0.0.0.1.lp
Reading time = 0.02 seconds
obj: 11939 rows, 3384 columns, 67420 nonzeros
Set parameter TimeLimit to value 37.3306976
Warning: unknown variable 'r_max' in bounds section (line 13986)
Warning: unknown variable 'r_min' in bounds section (line 13987)
Read LP format model from file E:\codes\ExactEBRP\results\gf_c0_mechanism_transfer_c5_round30\development\tight_T_seed3101__c4_candidate__60s\external\models\L0.0.0.1.0.lp
Reading time = 0.02 seconds
obj: 11939 rows, 3384 columns, 67420 nonzeros
Set parameter TimeLimit to value 36.957397
Warning: unknown variable 'r_max' in bounds section (line 13986)
Warning: unknown variable 'r_min' in bounds section (line 13987)
Read LP format model from file E:\codes\ExactEBRP\results\gf_c0_mechanism_transfer_c5_round30\development\tight_T_seed3101__c4_candidate__60s\external\models\L0.0.0.1.1.lp
Reading time = 0.02 seconds
obj: 11939 rows, 3384 columns, 67420 nonzeros
Set parameter TimeLimit to value 36.5233166
Warning: unknown variable 'r_max' in bounds section (line 13986)
Warning: unknown variable 'r_min' in bounds section (line 13987)
Read LP format model from file E:\codes\ExactEBRP\results\gf_c0_mechanism_transfer_c5_round30\development\tight_T_seed3101__c4_candidate__60s\external\models\L0.0.0.1.0.0.lp
Reading time = 0.02 seconds
obj: 11939 rows, 3384 columns, 67420 nonzeros
Set parameter TimeLimit to value 36.1093427
Warning: unknown variable 'r_max' in bounds section (line 13986)
Warning: unknown variable 'r_min' in bounds section (line 13987)
Read LP format model from file E:\codes\ExactEBRP\results\gf_c0_mechanism_transfer_c5_round30\development\tight_T_seed3101__c4_candidate__60s\external\models\L0.0.0.1.0.1.lp
Reading time = 0.02 seconds
obj: 11939 rows, 3384 columns, 67420 nonzeros
Set parameter TimeLimit to value 35.6929318
Warning: unknown variable 'r_max' in bounds section (line 13986)
Warning: unknown variable 'r_min' in bounds section (line 13987)
Read LP format model from file E:\codes\ExactEBRP\results\gf_c0_mechanism_transfer_c5_round30\development\tight_T_seed3101__c4_candidate__60s\external\models\L0.0.0.1.0.1.0.lp
Reading time = 0.02 seconds
obj: 11939 rows, 3384 columns, 67420 nonzeros
Set parameter TimeLimit to value 35.2736509
Warning: unknown variable 'r_max' in bounds section (line 13986)
Warning: unknown variable 'r_min' in bounds section (line 13987)
Read LP format model from file E:\codes\ExactEBRP\results\gf_c0_mechanism_transfer_c5_round30\development\tight_T_seed3101__c4_candidate__60s\external\models\L0.0.0.1.0.1.1.lp
Reading time = 0.02 seconds
obj: 11939 rows, 3384 columns, 67420 nonzeros
Set parameter TimeLimit to value 34.8707503
Warning: unknown variable 'r_max' in bounds section (line 13986)
Warning: unknown variable 'r_min' in bounds section (line 13987)
Read LP format model from file E:\codes\ExactEBRP\results\gf_c0_mechanism_transfer_c5_round30\development\tight_T_seed3101__c4_candidate__60s\external\models\L0.0.0.1.0.1.0.0.lp
Reading time = 0.02 seconds
obj: 11939 rows, 3384 columns, 67420 nonzeros
Set parameter TimeLimit to value 34.4474777
Warning: unknown variable 'r_max' in bounds section (line 13986)
Warning: unknown variable 'r_min' in bounds section (line 13987)
Read LP format model from file E:\codes\ExactEBRP\results\gf_c0_mechanism_transfer_c5_round30\development\tight_T_seed3101__c4_candidate__60s\external\models\L0.0.0.1.0.1.0.1.lp
Reading time = 0.02 seconds
obj: 11939 rows, 3384 columns, 67420 nonzeros
Set parameter TimeLimit to value 3.4056217000000004e+01
Warning: unknown variable 'r_max' in bounds section (line 13986)
Warning: unknown variable 'r_min' in bounds section (line 13987)
Read LP format model from file E:\codes\ExactEBRP\results\gf_c0_mechanism_transfer_c5_round30\development\tight_T_seed3101__c4_candidate__60s\external\models\L0.0.0.1.0.1.0.1.0.lp
Reading time = 0.02 seconds
obj: 11939 rows, 3384 columns, 67420 nonzeros
Set parameter TimeLimit to value 3.3643328600000004e+01
Warning: unknown variable 'r_max' in bounds section (line 13986)
Warning: unknown variable 'r_min' in bounds section (line 13987)
Read LP format model from file E:\codes\ExactEBRP\results\gf_c0_mechanism_transfer_c5_round30\development\tight_T_seed3101__c4_candidate__60s\external\models\L0.0.0.1.0.1.0.1.1.lp
Reading time = 0.02 seconds
obj: 11939 rows, 3384 columns, 67420 nonzeros
Set parameter TimeLimit to value 33.2278052
Warning: unknown variable 'r_max' in bounds section (line 13986)
Warning: unknown variable 'r_min' in bounds section (line 13987)
Read LP format model from file E:\codes\ExactEBRP\results\gf_c0_mechanism_transfer_c5_round30\development\tight_T_seed3101__c4_candidate__60s\external\models\L0.0.0.1.0.1.1.0.lp
Reading time = 0.02 seconds
obj: 11939 rows, 3384 columns, 67420 nonzeros
Set parameter TimeLimit to value 3.1943396399999997e+01
Warning: unknown variable 'r_max' in bounds section (line 13986)
Warning: unknown variable 'r_min' in bounds section (line 13987)
Read LP format model from file E:\codes\ExactEBRP\results\gf_c0_mechanism_transfer_c5_round30\development\tight_T_seed3101__c4_candidate__60s\external\models\L0.0.0.1.0.1.1.1.lp
Reading time = 0.02 seconds
obj: 11939 rows, 3384 columns, 67420 nonzeros
Set parameter TimeLimit to value 3.1533920800000004e+01
Warning: unknown variable 'r_max' in bounds section (line 13986)
Warning: unknown variable 'r_min' in bounds section (line 13987)
Read LP format model from file E:\codes\ExactEBRP\results\gf_c0_mechanism_transfer_c5_round30\development\tight_T_seed3101__c4_candidate__60s\external\models\L0.0.0.1.1.0.lp
Reading time = 0.02 seconds
obj: 11939 rows, 3384 columns, 67420 nonzeros
Set parameter TimeLimit to value 3.0695674600000004e+01
Warning: unknown variable 'r_max' in bounds section (line 13986)
Warning: unknown variable 'r_min' in bounds section (line 13987)
Read LP format model from file E:\codes\ExactEBRP\results\gf_c0_mechanism_transfer_c5_round30\development\tight_T_seed3101__c4_candidate__60s\external\models\L0.0.0.1.1.1.lp
Reading time = 0.02 seconds
obj: 11939 rows, 3384 columns, 67420 nonzeros
Set parameter TimeLimit to value 30.2896487
Warning: unknown variable 'r_max' in bounds section (line 13986)
Warning: unknown variable 'r_min' in bounds section (line 13987)
Read LP format model from file E:\codes\ExactEBRP\results\gf_c0_mechanism_transfer_c5_round30\development\tight_T_seed3101__c4_candidate__60s\external\models\L0.0.0.1.0.1.0.0.0.lp
Reading time = 0.02 seconds
obj: 11939 rows, 3384 columns, 67420 nonzeros
Set parameter TimeLimit to value 2.9404023800000004e+01
Warning: unknown variable 'r_max' in bounds section (line 13986)
Warning: unknown variable 'r_min' in bounds section (line 13987)
Read LP format model from file E:\codes\ExactEBRP\results\gf_c0_mechanism_transfer_c5_round30\development\tight_T_seed3101__c4_candidate__60s\external\models\L0.0.0.1.0.1.0.0.1.lp
Reading time = 0.02 seconds
obj: 11939 rows, 3384 columns, 67420 nonzeros
Set parameter TimeLimit to value 2.8969486000000003e+01
Warning: unknown variable 'r_max' in bounds section (line 13986)
Warning: unknown variable 'r_min' in bounds section (line 13987)
Read LP format model from file E:\codes\ExactEBRP\results\gf_c0_mechanism_transfer_c5_round30\development\tight_T_seed3101__c4_candidate__60s\external\models\L0.0.1.0.lp
Reading time = 0.02 seconds
obj: 11939 rows, 3384 columns, 67420 nonzeros
Set parameter TimeLimit to value 2.8070734200000004e+01
Warning: unknown variable 'r_max' in bounds section (line 13986)
Warning: unknown variable 'r_min' in bounds section (line 13987)
Read LP format model from file E:\codes\ExactEBRP\results\gf_c0_mechanism_transfer_c5_round30\development\tight_T_seed3101__c4_candidate__60s\external\models\L0.0.1.1.lp
Reading time = 0.02 seconds
obj: 11939 rows, 3384 columns, 67420 nonzeros
Set parameter TimeLimit to value 2.7659147399999995e+01
Warning: unknown variable 'r_max' in bounds section (line 13986)
Warning: unknown variable 'r_min' in bounds section (line 13987)
Read LP format model from file E:\codes\ExactEBRP\results\gf_c0_mechanism_transfer_c5_round30\development\tight_T_seed3101__c4_candidate__60s\external\models\L0.1.0.lp
Reading time = 0.02 seconds
obj: 11939 rows, 3384 columns, 67420 nonzeros
Set parameter TimeLimit to value 26.1067863
Warning: unknown variable 'r_max' in bounds section (line 13986)
Warning: unknown variable 'r_min' in bounds section (line 13987)
Read LP format model from file E:\codes\ExactEBRP\results\gf_c0_mechanism_transfer_c5_round30\development\tight_T_seed3101__c4_candidate__60s\external\models\L0.1.1.lp
Reading time = 0.02 seconds
obj: 11939 rows, 3384 columns, 67420 nonzeros
Set parameter TimeLimit to value 25.7196776
Warning: unknown variable 'r_max' in bounds section (line 13986)
Warning: unknown variable 'r_min' in bounds section (line 13987)
Read LP format model from file E:\codes\ExactEBRP\results\gf_c0_mechanism_transfer_c5_round30\development\tight_T_seed3101__c4_candidate__60s\external\models\L1.lp
Reading time = 0.02 seconds
obj: 11939 rows, 3384 columns, 67420 nonzeros
Set parameter TimeLimit to value 23.7311512
Warning: unknown variable 'r_max' in bounds section (line 13986)
Warning: unknown variable 'r_min' in bounds section (line 13987)
Read LP format model from file E:\codes\ExactEBRP\results\gf_c0_mechanism_transfer_c5_round30\development\tight_T_seed3101__c4_candidate__60s\external\models\L1.0.lp
Reading time = 0.02 seconds
obj: 11939 rows, 3384 columns, 67420 nonzeros
Set parameter TimeLimit to value 23.3010106
Warning: unknown variable 'r_max' in bounds section (line 13986)
Warning: unknown variable 'r_min' in bounds section (line 13987)
Read LP format model from file E:\codes\ExactEBRP\results\gf_c0_mechanism_transfer_c5_round30\development\tight_T_seed3101__c4_candidate__60s\external\models\L1.1.lp
Reading time = 0.02 seconds
obj: 11939 rows, 3384 columns, 67420 nonzeros
Set parameter TimeLimit to value 2.2914279200000003e+01
