
Gurobi 13.0.2 (win64) logging started Thu Jul 23 15:56:06 2026

Set parameter LogFile to value "E:\codes\ExactEBRP\results\gf_gurobi_performance_recovery_round29\runs\stage2__moderate_seed6301__p_grb__300s\native.log"
Set parameter Threads to value 1
Set parameter Presolve to value -1
Set parameter Seed to value 0
Set parameter MIPGap to value 0
Set parameter MIPGapAbs to value 0
Set parameter TimeLimit to value 300
Read LP format model from file E:\codes\ExactEBRP\results\gf_gurobi_performance_recovery_round29\runs\stage2__moderate_seed6301__p_grb__300s\canonical.lp
Reading time = 0.04 seconds
obj: 27656 rows, 10538 columns, 135648 nonzeros
Set parameter TimeLimit to value 294.750189
Gurobi Optimizer version 13.0.2 build v13.0.2rc1 (win64 - Windows 10.0 (19045.2))

CPU model: 12th Gen Intel(R) Core(TM) i7-12700KF, instruction set [SSE2|AVX|AVX2]
Thread count: 12 physical cores, 20 logical processors, using up to 1 threads

Non-default parameters:
TimeLimit  294.750189
MIPGap  0
MIPGapAbs  0
LogToConsole  0
Threads  1

Optimize a model with 27656 rows, 10538 columns and 135648 nonzeros (Min)
Model fingerprint: 0x80d28b19
Model has 51 linear objective coefficients
Variable types: 1807 continuous, 8731 integer (8231 binary)
Coefficient statistics:
  Matrix range     [3e-02, 6e+02]
  Objective range  [7e-03, 1e+00]
  Bounds range     [1e+00, 5e+01]
  RHS range        [1e+00, 4e+03]

Presolve removed 366 rows and 63 columns
Presolve time: 0.27s
Presolved: 27290 rows, 10475 columns, 217693 nonzeros
Variable types: 483 continuous, 9992 integer (8225 binary)
Found heuristic solution: objective 7.7534700
Root relaxation presolved: 27146 rows, 10331 columns, 217405 nonzeros


Root relaxation: objective 3.079995e-01, 4685 iterations, 0.48 seconds (1.19 work units)

    Nodes    |    Current Node    |     Objective Bounds      |     Work
 Expl Unexpl |  Obj  Depth IntInf | Incumbent    BestBd   Gap | It/Node Time

     0     0    0.30800    0  625    7.75347    0.30800  96.0%     -    0s
     0     0    0.39592    0 1666    7.75347    0.39592  94.9%     -    2s
     0     0    0.39899    0 1726    7.75347    0.39899  94.9%     -    2s
     0     0    0.40977    0 1874    7.75347    0.40977  94.7%     -    3s
     0     0    0.41074    0 1874    7.75347    0.41074  94.7%     -    4s
     0     0    0.41471    0 1989    7.75347    0.41471  94.7%     -    5s
     0     0    0.41548    0 1972    7.75347    0.41548  94.6%     -    6s
     0     0    0.41762    0 1946    7.75347    0.41762  94.6%     -    8s
H    0     0                       6.8224644    0.41762  93.9%     -    8s
H    0     0                       6.8114407    0.41762  93.9%     -    8s
H    0     0                       6.8084779    0.41762  93.9%     -    8s
H    0     0                       6.4738859    0.41762  93.5%     -    8s
H    0     0                       6.4643872    0.41762  93.5%     -    8s
H    0     0                       6.4610444    0.41762  93.5%     -    8s
     0     0    0.41782    0 1937    6.46104    0.41782  93.5%     -    8s
     0     0    0.41826    0 1966    6.46104    0.41826  93.5%     -    9s
H    0     0                       6.4557025    0.41826  93.5%     -    9s
H    0     0                       6.4536408    0.41826  93.5%     -    9s
     0     0    0.41836    0 1964    6.45364    0.41836  93.5%     -   10s
     0     0    0.41874    0 2018    6.45364    0.41874  93.5%     -   11s
H    0     0                       6.4532609    0.41874  93.5%     -   11s
H    0     0                       6.4527457    0.41874  93.5%     -   11s
H    0     0                       6.4475930    0.41874  93.5%     -   11s
H    0     0                       6.4433020    0.41874  93.5%     -   11s
H    0     0                       6.4427604    0.41874  93.5%     -   11s
H    0     0                       6.4419252    0.41874  93.5%     -   11s
H    0     0                       6.4337818    0.41874  93.5%     -   11s
H    0     0                       6.4334618    0.41874  93.5%     -   11s
H    0     0                       6.4330818    0.41874  93.5%     -   11s
H    0     0                       6.4323219    0.41874  93.5%     -   11s
H    0     0                       6.4274781    0.41874  93.5%     -   11s
H    0     0                       6.4258635    0.41874  93.5%     -   11s
H    0     0                       6.4210198    0.41874  93.5%     -   11s
H    0     0                       6.4194052    0.41874  93.5%     -   11s
H    0     0                       6.4129468    0.41874  93.5%     -   11s
H    0     0                       5.9824351    0.41874  93.0%     -   11s
H    0     0                       5.9780645    0.41874  93.0%     -   11s
H    0     0                       4.4683972    0.41874  90.6%     -   11s
H    0     0                       4.3187771    0.41874  90.3%     -   11s
H    0     0                       4.3183972    0.41874  90.3%     -   11s
H    0     0                       4.3179629    0.41874  90.3%     -   11s
H    0     0                       4.3166915    0.41874  90.3%     -   11s
H    0     0                       4.3162573    0.41874  90.3%     -   11s
H    0     0                       4.3158452    0.41874  90.3%     -   11s
     0     0    0.41883    0 2030    4.31585    0.41883  90.3%     -   12s
     0     0    0.41897    0 2027    4.31585    0.41897  90.3%     -   13s
H    0     0                       4.2417779    0.41897  90.1%     -   13s
H    0     0                       4.2397162    0.41897  90.1%     -   13s
     0     0    0.41897    0 2030    4.23972    0.41897  90.1%     -   13s
     0     0    0.41907    0 2012    4.23972    0.41907  90.1%     -   14s
H    0     0                       4.2396898    0.41907  90.1%     -   14s
H    0     0                       4.1141403    0.41907  89.8%     -   14s
H    0     0                       4.1080899    0.41907  89.8%     -   14s
H    0     0                       3.2992362    0.41907  87.3%     -   14s
H    0     0                       3.2987899    0.41907  87.3%     -   14s
H    0     0                       3.1757274    0.41907  86.8%     -   14s
H    0     0                       3.1638301    0.41907  86.8%     -   14s
H    0     0                       3.1634862    0.41907  86.8%     -   14s
H    0     0                       3.1564566    0.41907  86.7%     -   14s
H    0     0                       2.8838468    0.41907  85.5%     -   14s
H    0     0                       2.8833052    0.41907  85.5%     -   14s
     0     0    0.41907    0 2049    2.88331    0.41907  85.5%     -   15s
     0     0    0.41909    0 2062    2.88331    0.41909  85.5%     -   15s
     0     0    0.41912    0 2086    2.88331    0.41912  85.5%     -   16s
     0     0    0.41917    0 2078    2.88331    0.41917  85.5%     -   17s
     0     0    0.41917    0 2074    2.88331    0.41917  85.5%     -   17s
     0     0    0.41917    0 2036    2.88331    0.41917  85.5%     -   17s
H    0     0                       2.8162210    0.41917  85.1%     -   18s
H    0     0                       2.8108893    0.41917  85.1%     -   19s
H    0     0                       2.8104550    0.41917  85.1%     -   19s
H    0     0                       2.8090902    0.41917  85.1%     -   19s
H    0     0                       2.8090214    0.41917  85.1%     -   19s
H    0     0                       2.8069428    0.41917  85.1%     -   19s
H    0     0                       2.8063571    0.41917  85.1%     -   19s
H    0     0                       2.8054910    0.41917  85.1%     -   19s
H    0     0                       2.8052814    0.41917  85.1%     -   19s
H    0     0                       2.8052803    0.41917  85.1%     -   19s
H    0     0                       2.8047100    0.41917  85.1%     -   19s
H    0     0                       2.8046247    0.41917  85.1%     -   19s
H    0     0                       2.8045007    0.41917  85.1%     -   19s
     0     2    0.41917    0 2035    2.80450    0.41917  85.1%     -   19s
     3     5    0.41956    3 2006    2.80450    0.41955  85.0%   520   20s
H    4     4                       2.6192507    0.41955  84.0%   390   20s
H    4     4                       2.6183294    0.41955  84.0%   390   20s
H    4     4                       2.5257044    0.41955  83.4%   390   20s
H    9     9                       2.5154883    0.41955  83.3%   315   21s
H    9     9                       2.5150541    0.41955  83.3%   315   21s
H    9     9                       2.5144768    0.41955  83.3%   315   21s
H    9     9                       2.5128954    0.41955  83.3%   315   21s
H    9     9                       2.5063639    0.41955  83.3%   315   22s
H    9     9                       2.4956046    0.41955  83.2%   315   22s
H   13    13                       2.4777423    0.41955  83.1%   288   23s
    25    27    0.42439   17 1894    2.47774    0.41955  83.1%   325   25s
    95    97    0.44283   59 1748    2.47774    0.41955  83.1%   216   30s
H   97    97                       2.4773719    0.41955  83.1%   213   30s
H   97    97                       2.3861875    0.41955  82.4%   213   30s
H   97    97                       2.3859818    0.41955  82.4%   213   31s
H   97    97                       2.1991698    0.41955  80.9%   213   31s
H   97    97                       2.1581856    0.41955  80.6%   213   31s
H   97    97                       1.3532166    0.41955  69.0%   213   31s
H   97    97                       1.3529565    0.41955  69.0%   213   32s
H   97    96                       1.1046396    0.41955  62.0%   213   32s
H   97    96                       1.1006810    0.41955  61.9%   213   32s
H  103   102                       1.1006698    0.41955  61.9%   214   33s
   157   158    0.46464  114 1605    1.10067    0.41955  61.9%   159   35s
H  165   164                       1.0976268    0.41955  61.8%   154   35s
H  165   164                       1.0971026    0.41955  61.8%   154   35s
H  228   214                       1.0921196    0.41956  61.6%   132   37s
H  228   214                       1.0921191    0.41956  61.6%   132   37s
H  228   214                       1.0919160    0.41956  61.6%   132   37s
H  228   214                       1.0919066    0.41956  61.6%   132   37s
   251   239    0.44732   28 1702    1.09191    0.41956  61.6%   144   40s
H  256   242                       1.0828570    0.41956  61.3%   146   40s
H  256   242                       1.0825840    0.41956  61.2%   146   40s
H  256   242                       1.0812667    0.41956  61.2%   146   40s
H  256   242                       1.0804170    0.41956  61.2%   146   40s
H  272   257                       1.0765028    0.41956  61.0%   146   41s
H  280   261                       1.0764118    0.41956  61.0%   155   43s
H  289   270                       1.0728439    0.41956  60.9%   155   44s
H  289   270                       1.0700547    0.41956  60.8%   155   44s
H  289   270                       1.0662471    0.41956  60.7%   155   44s
H  289   270                       1.0651764    0.41956  60.6%   155   44s
H  289   270                       1.0627917    0.41956  60.5%   155   44s
H  289   270                       1.0621673    0.41956  60.5%   155   44s
H  289   270                       1.0621596    0.41956  60.5%   155   44s
H  297   278                       1.0621376    0.41956  60.5%   154   44s
H  297   278                       1.0621240    0.41956  60.5%   154   44s
H  297   278                       1.0621134    0.41956  60.5%   154   44s
H  297   278                       1.0621115    0.41956  60.5%   154   44s
H  297   278                       1.0620996    0.41956  60.5%   154   44s
H  297   278                       1.0620845    0.41956  60.5%   154   44s
H  297   278                       1.0620664    0.41956  60.5%   154   44s
   300   283    0.46638   61 1529    1.06207    0.41956  60.5%   155   45s
   391   370    0.60389  135 1426    1.06207    0.41956  60.5%   138   50s
H  453   397                       1.0605280    0.41956  60.4%   123   51s
H  453   397                       1.0604847    0.41956  60.4%   123   51s
H  453   397                       1.0604335    0.41956  60.4%   123   51s
   471   417    0.43614   23 1818    1.06043    0.41956  60.4%   135   55s
   535   479    0.48826   71 1541    1.06043    0.41956  60.4%   139   60s
   546   487    0.45275   86 2036    1.06043    0.41956  60.4%   141   70s
   549   489    0.48770  117 1823    1.06043    0.41956  60.4%   141   75s
   551   490    0.42437   23 1938    1.06043    0.41975  60.4%   140   80s
   553   492    0.60757  133 2106    1.06043    0.42140  60.3%   140   86s
   555   493    0.48986  109 2092    1.06043    0.42237  60.2%   139   93s
   556   494    0.44610   51 2070    1.06043    0.42247  60.2%   139   96s
   558   495    0.65247  133 2122    1.06043    0.42273  60.1%   138  102s
   559   496    0.64667  131 2011    1.06043    0.42284  60.1%   138  106s
   561   497    0.46615   54 2105    1.06043    0.42298  60.1%   138  110s
H  562   472                       1.0595571    0.42303  60.1%   137  115s
   566   474    0.45842   46 2114    1.05956    0.42309  60.1%   136  121s
   569   476    0.42309    5 2160    1.05956    0.42309  60.1%   136  125s
   573   479    0.46130  112 2141    1.05956    0.42309  60.1%   135  130s
   578   484    0.42707   29 2036    1.05956    0.42310  60.1%   235  135s
   581   486    0.44649   50 1790    1.05956    0.42310  60.1%   234  142s
   582   487    0.45208   73 1880    1.05956    0.42310  60.1%   234  145s
   584   488    0.51080   88 1974    1.05956    0.42310  60.1%   233  151s
   586   489    0.49093   78 2054    1.05956    0.42321  60.1%   232  156s
   588   491    0.45250   87 2089    1.05956    0.42338  60.0%   231  163s
   589   491    0.44438   35 2066    1.05956    0.42350  60.0%   231  167s
   590   492    0.45842   46 2085    1.05956    0.42352  60.0%   230  170s
   592   493    0.66226  150 2109    1.05956    0.42364  60.0%   230  176s
   595   495    0.44523   12 2098    1.05956    0.42382  60.0%   228  182s
   598   497    0.47148   67 2084    1.05956    0.42383  60.0%   227  185s
   601   499    0.46721  115 2072    1.05956    0.42385  60.0%   226  190s
H  602   474                       1.0430029    0.42385  59.4%   226  194s
H  602   450                       1.0421732    0.42385  59.3%   226  194s
   603   451    0.44741   32 2089    1.04217    0.42385  59.3%   225  195s
H  606   430                       1.0421463    0.42385  59.3%   224  203s
H  606   408                       1.0421379    0.42385  59.3%   224  203s
H  606   387                       1.0421331    0.42385  59.3%   224  203s
   608   390    0.42504   23 2023    1.04213    0.42385  59.3%   322  209s
   609   391    0.43839   23 2047    1.04213    0.42504  59.2%   326  211s
   612   393    0.42729   25 2076    1.04213    0.42628  59.1%   346  219s
   613   393    0.43950   25 2000    1.04213    0.42729  59.0%   352  222s
   615   395    0.43346   26 2025    1.04213    0.42867  58.9%   358  225s
   619   397    0.45086   28 1995    1.04213    0.43053  58.7%   370  230s
   622   399    0.43136   30 2033    1.04213    0.43103  58.6%   390  235s
   626   402    0.43242   32 1962    1.04213    0.43217  58.5%   402  240s
   630   405    0.43350   34 2005    1.04213    0.43303  58.4%   416  246s
   633   407    0.45283   35 1946    1.04213    0.43346  58.4%   426  250s
   637   409    0.45331   37 1877    1.04213    0.43346  58.4%   440  255s
   641   412    0.44094   39 1876    1.04213    0.43346  58.4%   449  260s
   646   415    0.43696   42 1858    1.04213    0.43346  58.4%   463  266s
   651   419    0.44055   44 1865    1.04213    0.43346  58.4%   472  272s
   653   420    0.52435   45 1832    1.04213    0.43346  58.4%   476  275s
   657   423    0.44167   47 1780    1.04213    0.43346  58.4%   485  280s
   661   425    0.44306   49 1808    1.04213    0.43346  58.4%   489  285s
   667   429    0.43922   52 1740    1.04213    0.43346  58.4%   501  290s

Cutting planes:
  Learned: 11
  Cover: 61
  Implied bound: 96
  Projected implied bound: 33
  Clique: 61
  MIR: 404
  StrongCG: 47
  Flow cover: 451
  GUB cover: 1
  Zero half: 31
  RLT: 23
  Relax-and-lift: 129
  BQP: 49

Explored 673 nodes (374610 simplex iterations) in 294.76 seconds (726.04 work units)
Thread count was 1 (of 20 available processors)

Solution count 10: 1.04213 1.04214 1.04215 ... 1.06207

Time limit reached
Best objective 1.042133065991e+00, best bound 4.334604561008e-01, gap 58.4064%

User-callback calls 48320, time in user-callback 0.01 sec
