
--- ROUND19 RUNNER STDOUT ---
Version identifier: 22.1.1.0 | 2022-11-27 | 9160aff4d
CPXPARAM_Threads                                 1
CPXPARAM_MIP_Strategy_Search                     1
CPXPARAM_TimeLimit                               279.96687029999998
CPXPARAM_MIP_Tolerances_MIPGap                   1e-08
Generic callback                                 0xd0
Tried aggregator 2 times.
MIP Presolve eliminated 1559 rows and 20 columns.
MIP Presolve modified 37065 coefficients.
Aggregator did 47 substitutions.
Reduced MIP has 8923 rows, 2045 columns, and 47654 nonzeros.
Reduced MIP has 1481 binaries, 191 generals, 0 SOSs, and 0 indicators.
Presolve time = 0.06 sec. (111.54 ticks)
Probing fixed 84 vars, tightened 137 bounds.
Probing changed sense of 3 constraints.
Probing time = 0.09 sec. (219.62 ticks)
Cover probing fixed 0 vars, tightened 33 bounds.
Tried aggregator 1 time.
Detecting symmetries...
MIP Presolve eliminated 214 rows and 94 columns.
MIP Presolve modified 11149 coefficients.
Reduced MIP has 8709 rows, 1951 columns, and 46069 nonzeros.
Reduced MIP has 1390 binaries, 188 generals, 0 SOSs, and 0 indicators.
Presolve time = 0.05 sec. (71.07 ticks)
Probing time = 0.00 sec. (6.14 ticks)
Clique table members: 24059.
MIP emphasis: balance optimality and feasibility.
MIP search method: traditional branch-and-cut.
Parallel mode: none, using 1 thread.
Root relaxation solution time = 0.11 sec. (155.46 ticks)

        Nodes                                         Cuts/
   Node  Left     Objective  IInf  Best Integer    Best Bound    ItCnt     Gap         Variable B NodeID Parent  Depth

      0     0        0.4237   185                      0.4237     1416         
      0     0        0.4266   202                    Cuts: 99     1605         
      0     0        0.4278   237                   Cuts: 104     1827         
      0     0        0.4287   237                    Cuts: 95     1929         
      0     0        0.4289   257                    Cuts: 99     2090         
      0     0        0.4291   279                    Cuts: 76     2272         
Detecting symmetries...
      0     0        0.4305   254                   Cuts: 143     2412         
      0     0        0.4305   273                    Cuts: 48     2534         
      0     0        0.4308   265                    Cuts: 35     2694         
      0     0        0.4314   267                    Cuts: 95     2781         
      0     0        0.4319   265                    Cuts: 50     2853         
      0     0        0.4319   274                    Cuts: 56     3027         
Detecting symmetries...
      0     2        0.4319   266                      0.4319     3027                                 0             0
Elapsed time = 2.25 sec. (5111.77 ticks, tree = 0.01 MB, solutions = 0)
      2     2    infeasible                            0.4319     4284                          X      2      0      1
      3     3        0.4554   246                      0.4319     5651                          X      3      1      2
      4     4        0.5124   208                      0.4554    11077                          X      4      1      2
      5     3    infeasible                            0.4554    11828                          X      5      3      3
      6     4        0.4801   216                      0.4801    12324                          X      6      3      3
      7     5        0.5099   237                      0.4801    12765                          X      7      6      4
      8     6        0.4956   244                      0.4956    13462                          X      8      6      4
     10     8        0.5041   236                      0.4983    13946                          X     10      8      5
     12    10        0.5057   203                      0.4983    14306                          X     12     11      7
     18    16        0.5038   186                      0.4983    14926                          X     18     17     10
Elapsed time = 6.41 sec. (12287.32 ticks, tree = 2.36 MB, solutions = 0)
     19    17        0.5032   189                      0.4983    14985                          X     19     17     10
     22    20        0.5111   198                      0.4983    15529                 bit_12_4 U     22     21     13
     25    21    infeasible                            0.4983    17439                 bit_19_5 U     25     22     14
     30    22    infeasible                            0.4983    19835                 bit_15_4 U     30     27     17
     33    23    infeasible                            0.4983    21457                  bit_8_5 U     33     31     19
     36    26        0.5201   163                      0.4983    22042                      Y_9 U     36     35     22
     41    25    infeasible                            0.4983    23608                  bit_3_4 D     41     38     25
     49    33        0.5033   192                      0.5026    25460                          X     49     47     10
     56    40        0.5071   204                      0.5026    26441                  bit_8_4 D     56     55     17
     57    41        0.5346   171                      0.5026    27972                  bit_8_4 U     57     55     17
Elapsed time = 12.91 sec. (26284.78 ticks, tree = 6.64 MB, solutions = 0)
     65    49        0.5204   187                      0.5026    29963                  bit_2_4 D     65     64     23
     79    59        0.5089   179                      0.5026    30671                   z_1_15 D     79     78     32
     84    64        0.5111   185                      0.5026    32034                      Y_8 U     84     81     34
     96    70    infeasible                            0.5026    33695                   z_2_12 U     96     95     44
    100    70        0.5030   195                      0.5026    34195                          X    100     15      9
    103    73        0.5082   204                      0.5026    35043                  bit_3_4 D    103    102     11
    106    74    infeasible                            0.5026    36406                 bit_15_4 U    106    104     13
    117    81    infeasible                            0.5026    37383                  bit_6_5 U    117    115     22
    128    88        0.5153   144                      0.5026    38128                 bit_13_4 D    128    126     29
    138    94        0.5105   207                      0.5028    39414                  bit_3_4 D    138    137     12
Elapsed time = 20.33 sec. (42980.93 ticks, tree = 16.46 MB, solutions = 0)
    154   106        0.5098   219                      0.5029    40723                  bit_3_4 D    154    153     12
    170   118    infeasible                            0.5029    41864                  bit_8_5 U    170    168     24
    180   126        0.5519   162                      0.5029    42500                 bit_13_4 U    180    179     33
    190   130        0.5034   189                      0.5030    43210                          X    190     45      9
    203   143        0.5169   172                      0.5030    44613                 bit_19_5 U    203    201     19
    213   151        0.5078   197                      0.5030    45769                   z_2_12 D    213    212     27
    230   166        0.5091   171                      0.5030    46579                   z_1_15 D    230    229     42
    239   167        0.5633   159                      0.5030    47324                   z_2_11 D    239    238     47
    246   168    infeasible                            0.5030    48140                 x_2_9_18 U    246    244     50
    250   168        0.5107   212                      0.5030    48750                   z_2_20 D    250    249     12
Elapsed time = 24.78 sec. (54045.83 ticks, tree = 37.91 MB, solutions = 0)
    254   170        0.5482   235                      0.5030    50072                     Y_14 U    254    252     14
    265   177    infeasible                            0.5030    52271                  bit_5_5 U    265    263     23
    272   180        0.5495   204                      0.5030    53523                   z_2_12 D    272    270     28
    278   180        0.5100   245                      0.5031    55132                     Y_10 N    278    152     11
    281   181    infeasible                            0.5031    55654                     Y_14 D    281    280     14
    284   184        0.5521   219                      0.5031    56367                   z_1_14 D    284    283     16
    304   200        0.5035   237                      0.5031    57352                  bit_3_4 N    304    101     11
    311   207        0.5370   216                      0.5031    58556                   z_2_12 U    311    309     17
    319   211    infeasible                            0.5031    59897                 bit_19_5 U    319    317     23
    326   214    infeasible                            0.5031    60990                  bit_5_5 U    326    324     28
Elapsed time = 29.58 sec. (66518.00 ticks, tree = 51.12 MB, solutions = 0)
    341   225    infeasible                            0.5031    62129                 x_2_14_8 N    341    339     42
    343   225        0.5090   249                      0.5032    63058                  bit_3_4 N    343    101     11
    346   228        0.5490   237                      0.5032    63808                     Y_14 U    346    345     14
    354   236        0.5514   230                      0.5032    64565                 bit_10_3 U    354    353     22
    385   267        0.5630   202                      0.5032    65339                     Y_18 D    385    384     53
    395   273        0.5035   251                      0.5032    66885                  bit_3_4 N    395    102     11
    400   278        0.5057   235                      0.5032    67311                   z_2_18 D    400    399     16
    406   282    infeasible                            0.5032    68562                  bit_6_5 U    406    404     20
    412   282    infeasible                            0.5032    69765                 bit_19_5 U    412    409     24
    415   285        0.5034   251                      0.5032    70389                     Y_10 N    415    414     13
Elapsed time = 34.06 sec. (77835.84 ticks, tree = 71.53 MB, solutions = 0)
    418   286    infeasible                            0.5032    71804                     Y_14 D    418    417     16
    425   293        0.5590   220                      0.5032    72875                   z_2_10 D    425    424     22
    448   312        0.5396   151                      0.5032    73908                  bit_3_4 D    448    447     14
    454   312    infeasible                            0.5032    74860                     Y_14 D    454    453     14
    458   316        0.5528   237                      0.5032    75737                   z_1_14 N    458    457     17
    465   319        0.5076   235                      0.5033    77142                  bit_3_4 N    465     48     11
    474   328        0.5502   240                      0.5033    78667                     Y_14 U    474    472     19
    477   329    infeasible                            0.5033    79944                   z_2_12 U    477    475     21
    480   332        0.5630   207                      0.5033    80189                 bit_14_2 D    480    479     24
    497   341        0.5633   199                      0.5033    81497                 x_2_8_14 D    497    495     37
Elapsed time = 38.48 sec. (88466.58 ticks, tree = 86.22 MB, solutions = 0)
    505   343        0.5038   262                      0.5033    82375                  bit_3_4 N    505     48     11
    509   347        0.5042   238                      0.5033    82796                   z_2_18 D    509    508     15
    511   349        0.5214   239                      0.5033    83544                     Y_10 N    511    510     17
    514   352        0.5607   226                      0.5033    84462                     Y_14 U    514    513     19
    523   355    infeasible                            0.5033    85626                      Y_8 N    523    521     25
    524   356        0.5039   300                      0.5033    87166                  bit_3_4 N    524    137     12
    532   362        0.5054   225                      0.5033    88342                   z_0_14 D    532    531     19
    538   364        0.5593   222                      0.5033    89461                    z_2_9 D    538    537     23
    558   378        0.5643   203                      0.5033    90795                 bit_12_4 U    558    556     39
    569   381        0.5039   278                      0.5034    92131                  bit_3_4 N    569     49     11
Elapsed time = 43.30 sec. (100240.31 ticks, tree = 95.62 MB, solutions = 0)
    577   389        0.5051   213                      0.5034    93144                   z_2_12 D    577    576     19
    597   403        0.5039   291                      0.5034    94833                  bit_3_4 N    597    153     12
    600   406        0.5041   251                      0.5034    95109                   z_0_18 D    600    599     15
    602   406        0.5086   246                      0.5034    96727                   z_2_18 U    602    600     16
    605   409        0.5490   236                      0.5034    97376                   z_2_10 N    605    604     18
    611   413        0.5541   234                      0.5034    98416                mode_2_11 D    611    609     23
    614   412        0.5215   215                      0.5034   100229                   z_2_20 U    614    191     11
    618   412    infeasible                            0.5034   101691                   z_0_18 D    618    617     14
    627   417        0.5035   259                      0.5035   102959                   z_2_20 N    627    191     11
    630   420        0.5354   204                      0.5035   104559                   z_1_18 U    630    628     13
Elapsed time = 48.70 sec. (113357.89 ticks, tree = 105.60 MB, solutions = 0)
    632   422        0.5367   214                      0.5035   105967                   z_0_18 D    632    631     15
    637   425        0.5613   199                      0.5035   107305                   z_2_12 D    637    636     18
    646   430        0.5053   251                      0.5035   108615                   z_0_14 D    646    645     12
    651   435        0.5630   222                      0.5035   109682                   z_2_20 D    651    650     17
    660   438    infeasible                            0.5035   111122                mode_2_11 U    660    658     24
    664   442        0.5056   245                      0.5035   112132                     Y_15 U    664    662     11
    668   446        0.5327   239                      0.5035   113315                   z_0_18 D    668    667     15
    670   448        0.5367   222                      0.5035   114578                   z_2_20 D    670    669     16
    677   451    infeasible                            0.5035   115823                  bit_9_5 U    677    675     20
    702   467        0.5498   308                      0.5035   120853                     Y_14 U    702    701     14
Elapsed time = 54.72 sec. (127086.30 ticks, tree = 115.62 MB, solutions = 0)
    731   480        0.5049   265                      0.5035   125923                     Y_15 N    731    627     12
    749   490        0.5091   267                      0.5036   130163                     Y_15 D    749    747     17
    759   496        0.5618   235                      0.5036   135339                   z_1_14 D    759    758     25
    770   499    infeasible                            0.5036   140164                   z_0_18 U    770    768     20
    791   509        0.5136   240                      0.5037   144295                   z_0_14 D    791    790     16
    804   516        0.5098   254                      0.5037   147871                    z_2_9 U    804    803     14
    816   520        0.5044   250                      0.5037   151816                          X    816    815     10
    840   538        0.5077   254                      0.5038   156141                   z_2_18 D    840    838     13
    851   547    infeasible                            0.5038   160565                     Y_14 D    851    850     21
    861   551        0.5088   280                      0.5038   164479                     Y_15 D    861    859     18
Elapsed time = 72.78 sec. (166972.31 ticks, tree = 134.18 MB, solutions = 0)
    878   560    infeasible                            0.5038   169361                   z_2_18 U    878    877     19
    891   561        0.5576   217                      0.5039   174157                     Y_14 N    891    890     14
    911   571        0.5411   209                      0.5039   179125                   z_2_18 D    911    910     15
    922   574    infeasible                            0.5039   183999                   z_1_14 D    922    921     15
    941   579        0.5067   268                      0.5039   189548                   z_1_18 N    941    598     14
    953   583    infeasible                            0.5039   194058                     Y_14 D    953    952     16
    964   588    infeasible                            0.5039   198320                   z_0_14 D    964    962     18
    998   606        0.5159   242                      0.5040   203189                   z_1_14 D    998    997     20
   1010   606        0.5069   241                      0.5040   207586                    z_2_9 N   1010    571     14
   1028   616        0.5333   225                      0.5040   212291                   z_2_18 D   1028   1027     17
Elapsed time = 90.48 sec. (206588.94 ticks, tree = 145.85 MB, solutions = 0)
   1046   622        0.5781   182                      0.5040   216588                   z_2_12 N   1046   1044     18
   1065   629        0.5084   291                      0.5041   222543                     Y_10 N   1065    572     15
   1081   639        0.5072   228                      0.5041   227142                          X   1081   1079     10
   1103   655        0.5242   183                      0.5041   230550                   z_2_20 D   1103   1102     12
   1121   665    infeasible                            0.5041   234509                     Y_14 D   1121   1120     18
   1130   668        0.5046   221                      0.5042   238778                          X   1130   1129     10
   1149   681    infeasible                            0.5042   243613                 mode_2_4 D   1149   1148     27
   1160   680        0.5046   266                      0.5042   248624                   z_2_12 N   1160    509     16
   1179   687    infeasible                            0.5042   253755                   z_2_18 U   1179   1177     23
   1199   695    infeasible                            0.5042   258153                   z_1_18 D   1199   1198     17
Elapsed time = 110.12 sec. (247330.38 ticks, tree = 161.78 MB, solutions = 0)
   1218   700        0.5051   276                      0.5042   262854                     Y_15 N   1218    663     11
   1231   707        0.5059   259                      0.5043   267808                     Y_15 N   1231    663     11
   1243   713    infeasible                            0.5043   274246                  bit_8_5 U   1243    856     15
   1252   722        0.5620   258                      0.5043   279196                     Y_14 N   1252   1251     16
   1276   734        0.5702   181                      0.5043   284759                   z_1_14 U   1276    574     17
   1316   752    infeasible                            0.5044   289623                  x_0_8_5 D   1316   1315     37
   1337   765        0.5206   244                      0.5045   294510                   z_2_12 D   1337   1336     20
   1377   787    infeasible                            0.5045   298657                   z_1_18 D   1377   1376     23
   1387   791        0.5049   296                      0.5045   304606                          X   1387     16     10
   1408   806        0.5768   183                      0.5045   309218                x_1_14_11 N   1408   1407     19
Elapsed time = 128.38 sec. (289396.68 ticks, tree = 181.38 MB, solutions = 0)
   1433   815        0.5378   179                      0.5045   313776                   z_1_18 D   1433   1432     20
   1447   809    infeasible                            0.5046   318755                  bit_8_5 U   1447    745     15
   1460   820        0.5702   226                      0.5046   324430                   z_0_14 D   1460   1459     21
   1543   877        0.5313   189                      0.5046   332409                     Y_13 U   1543   1542     14
   1567   883        0.5062   259                      0.5048   340356                 bit_13_4 N   1567   1426     16
   1583   889    infeasible                            0.5048   347983                   z_2_20 D   1583   1582     16
   1608   896        0.5465   287                      0.5049   355823                     Y_14 U   1608   1606     14
   1642   904    infeasible                            0.5049   363490                   z_1_14 U   1642   1640     22
   1665   913        0.5061   262                      0.5049   372005                   z_2_10 N   1665    872     15
   1681   919        0.5084   256                      0.5049   378146                   z_1_18 D   1681   1680     17
Elapsed time = 145.95 sec. (329155.95 ticks, tree = 192.77 MB, solutions = 0)
   1699   925        0.5309   260                      0.5049   385587                  bit_8_4 U   1699   1697     19
   1719   933        0.5069   248                      0.5049   393009                   z_0_14 U   1719   1717     12
   1741   941        0.5069   245                      0.5050   402166                   z_2_18 N   1741   1133     14
   1790   986        0.5114   251                      0.5050   409823                    z_2_9 N   1790   1789     16
   1818   992        0.5223   206                      0.5051   417739                   z_2_20 U   1818   1115     13
   1846  1004        0.5472   235                      0.5051   425228                   z_2_12 U   1846   1844     14
   1870  1018        0.5576   178                      0.5051   433017                   z_1_14 U   1870   1868     16
   1889  1017        0.5216   229                      0.5051   440191                   z_2_20 U   1889   1218     12
   1920  1032        0.5056   229                      0.5051   447872                    z_2_8 U   1920   1919     14
   1933  1037        0.5337   237                      0.5051   456829                   z_0_18 D   1933   1932     15
Elapsed time = 164.73 sec. (369013.63 ticks, tree = 204.45 MB, solutions = 0)
   1981  1061        0.5065   256                      0.5051   464455                          X   1981   1979     10
   2007  1077        0.5260   269                      0.5052   472534                   z_0_14 D   2007   2006     16
   2038  1092        0.5256   260                      0.5052   481051                   z_0_14 D   2038   2037     14
   2063  1101        0.5793   233                      0.5052   489129                     Y_14 U   2063   2061     14
   2088  1104        0.5663   218                      0.5053   497222                    z_2_8 N   2088   2086     23
   2109  1113        0.5462   216                      0.5053   505217                  bit_8_5 D   2109   2108     19
   2131  1117    infeasible                            0.5053   512733                     Y_14 D   2131   2130     18
   2161  1127        0.5061   238                      0.5054   519574                          X   2161   2159     10
   2182  1142        0.5212   228                      0.5054   527023                   z_2_10 D   2182   2181     16
   2204  1146    infeasible                            0.5054   534445                   z_1_14 U   2204   2202     17
Elapsed time = 182.03 sec. (408672.21 ticks, tree = 215.54 MB, solutions = 0)
   2222  1154        0.5266   272                      0.5055   541822                mode_2_11 D   2222   2221     19
   2245  1163        0.5084   282                      0.5055   550246                    z_2_8 D   2245   2243     12
   2269  1173    infeasible                            0.5056   558146                   z_0_14 D   2269   2268     16
   2290  1182    infeasible                            0.5056   566825                   z_2_20 D   2290   2288     13
   2306  1188        0.5695   257                      0.5056   574736                     Y_14 U   2306   2304     22
   2322  1194        0.5177   284                      0.5056   583560                    z_2_8 U   2322   2320     13
   2342  1202    infeasible                            0.5056   591418                  bit_8_4 U   2342   2340     20
   2360  1206        0.5602   212                      0.5057   598232                     Y_14 U   2360   2358     14
   2387  1211        0.5581   254                      0.5057   606585                     Y_14 U   2387   2386     19
   2403  1217    infeasible                            0.5057   613459                   z_2_18 U   2403   2401     22
Elapsed time = 198.56 sec. (448347.15 ticks, tree = 221.88 MB, solutions = 0)
   2431  1233        0.5091   262                      0.5057   621389                    z_2_8 U   2431   2428     11
   2447  1235        0.5092   302                      0.5057   629703                          X   2447     12      8
   2465  1243    infeasible                            0.5058   637812                  bit_8_5 U   2465   1372     19
   2475  1241    infeasible                            0.5058   645059                   z_1_15 U   2475    992     16
   2495  1243        0.5317   265                      0.5059   653761                   z_0_18 N   2495   1235     15
   2511  1247        0.5281   222                      0.5059   661579                   z_2_20 U   2511   2509     13
   2534  1260        0.5460   263                      0.5059   669290                   z_1_18 D   2534   2532     20
   2550  1268        0.5505   223                      0.5059   676340                mode_2_11 D   2550   2548     16
   2572  1272    infeasible                            0.5060   681008                   z_0_14 U   2572    995     19
   2597  1277        0.5532   243                      0.5060   688706                     Y_14 U   2597   2595     22
Elapsed time = 216.76 sec. (488155.93 ticks, tree = 227.67 MB, solutions = 0)
   2608  1284        0.5188   227                      0.5060   693196                   z_0_14 D   2608   2607     20
   2634  1286    infeasible                            0.5061   701937                   z_0_18 U   2634   1375     22
   2670  1310        0.5213   243                      0.5061   709412                   z_2_20 U   2670   2669     13
   2714  1334    infeasible                            0.5061   717206                 bit_19_5 U   2714   2712     31
   2763  1355        0.5283   277                      0.5061   725677                  bit_8_4 N   2763   2004     14
   2778  1362    infeasible                            0.5061   732933                   z_1_14 U   2778   2776     21
   2802  1380        0.5067   265                      0.5061   739803                   z_2_20 D   2802   2800     11
   2819  1389    infeasible                            0.5062   747571                  bit_8_5 U   2819   2005     15
   2835  1395        0.5193   268                      0.5062   755853                   z_1_14 U   2835   2263     12
   2863  1403    infeasible                            0.5062   764222                   z_2_10 D   2863   2862     18
Elapsed time = 233.23 sec. (527442.51 ticks, tree = 241.16 MB, solutions = 0)
   2875  1405        0.5515   226                      0.5063   771225                   z_2_20 D   2875   2874     15
   2900  1416    infeasible                            0.5063   779716                   z_2_12 U   2900   2899     22
   2964  1452        0.5094   244                      0.5063   787835                   z_2_18 N   2964   1567     17
   2980  1456        0.5072   307                      0.5063   795024                   z_0_14 D   2980   2979     12
   3000  1470        0.5562   283                      0.5063   802712                   z_2_10 D   3000   2999     17
   3026  1476    infeasible                            0.5064   810874                   z_1_14 D   3026   3025     17
   3040  1478        0.5214   269                      0.5065   818359                   z_1_14 U   3040   3039     13
   3056  1478        0.5066   279                      0.5065   826431                   z_1_14 D   3056   3055     14
   3082  1494        0.5482   200                      0.5066   834861                 bit_12_4 U   3082   3081     22
   3140  1528    infeasible                            0.5066   841690                   z_1_18 D   3140   3139     16
Elapsed time = 250.00 sec. (567449.61 ticks, tree = 254.96 MB, solutions = 0)
   3158  1538        0.5082   290                      0.5066   849706                   z_2_18 N   3158    818     13
   3173  1541        0.5180   216                      0.5067   858110                   z_2_20 N   3173   2800     11
   3196  1554        0.5793   242                      0.5067   866090                     Y_14 U   3196   3195     21
   3220  1556        0.5369   183                      0.5067   874687                   z_2_20 U   3220   3218     16
   3239  1567        0.5908   164                      0.5067   882666                   z_2_12 U   3239   3237     17
   3268  1568        0.5188   295                      0.5068   891116                   z_0_14 N   3268   2163     12
   3301  1585    infeasible                            0.5068   899870                     Y_14 D   3301   3299     18
   3321  1595        0.5752   238                      0.5068   908344                     Y_14 U   3321   3318     20
   3356  1620        0.5101   239                      0.5069   916567                   z_1_14 D   3356   3355     17
   3373  1619    infeasible                            0.5069   925355                   z_2_12 D   3373   3371     22
Elapsed time = 267.86 sec. (607187.14 ticks, tree = 264.45 MB, solutions = 0)
   3390  1620        0.5074   258                      0.5069   933138                          X   3390   1078      9
   3406  1634        0.5854   202                      0.5069   941320                     Y_14 U   3406   3404     19
   3434  1636    infeasible                            0.5070   950454                   z_1_14 D   3434   2179     14
   3453  1649        0.5537   202                      0.5071   958851                   z_2_20 D   3453   3452     14
   3496  1682    infeasible                            0.5071   967161                  bit_8_4 U   3496   3494     23
   3513  1687        0.5808   263                      0.5071   975091                   z_1_14 N   3513   3511     17

Cover cuts applied:  37
Implied bound cuts applied:  384
Flow cuts applied:  35
Mixed integer rounding cuts applied:  68
Zero-half cuts applied:  17
Lift and project cuts applied:  2
Gomory fractional cuts applied:  3

Root node processing (before b&c):
  Real time             =    2.20 sec. (5066.89 ticks)
Sequential b&c:
  Real time             =  277.77 sec. (630741.34 ticks)
                          ------------
Total (root+branch&cut) =  279.97 sec. (635808.23 ticks)
CPLEX Error  1217: No solution exists.
CPLEX Error  1217: No solution exists.
tight_T_seed3102.txt gcap-frontier global_gini_tree_time_limit obj=0.600704 runtime=300.152 columns=0

--- ROUND19 RUNNER STDERR ---
