
--- ROUND19 RUNNER STDOUT ---
Version identifier: 22.1.1.0 | 2022-11-27 | 9160aff4d
CPXPARAM_Threads                                 1
CPXPARAM_MIP_Strategy_Search                     1
CPXPARAM_TimeLimit                               879.98423300000002
CPXPARAM_MIP_Tolerances_MIPGap                   1e-08
Generic callback                                 0xd0
Tried aggregator 2 times.
MIP Presolve eliminated 1618 rows and 36 columns.
MIP Presolve modified 33872 coefficients.
Aggregator did 40 substitutions.
Reduced MIP has 8901 rows, 2046 columns, and 55241 nonzeros.
Reduced MIP has 1477 binaries, 197 generals, 0 SOSs, and 0 indicators.
Presolve time = 0.05 sec. (105.74 ticks)
Probing fixed 8 vars, tightened 34 bounds.
Probing time = 0.06 sec. (122.60 ticks)
Tried aggregator 1 time.
Detecting symmetries...
MIP Presolve eliminated 59 rows and 26 columns.
MIP Presolve modified 2301 coefficients.
Reduced MIP has 8842 rows, 2020 columns, and 54446 nonzeros.
Reduced MIP has 1460 binaries, 188 generals, 0 SOSs, and 0 indicators.
Presolve time = 0.05 sec. (63.37 ticks)
Probing time = 0.00 sec. (6.70 ticks)
Cover probing fixed 0 vars, tightened 20 bounds.
Clique table members: 28168.
MIP emphasis: balance optimality and feasibility.
MIP search method: traditional branch-and-cut.
Parallel mode: none, using 1 thread.
Root relaxation solution time = 0.12 sec. (203.93 ticks)

        Nodes                                         Cuts/
   Node  Left     Objective  IInf  Best Integer    Best Bound    ItCnt     Gap         Variable B NodeID Parent  Depth

      0     0        0.0010   208                      0.0010     1386         
      0     0        0.0041   234                    Cuts: 77     1582         
      0     0        0.0054   235                   Cuts: 129     1735         
      0     0        0.0058   279                   Cuts: 138     1883         
      0     0        0.0058   270                    Cuts: 83     2037         
      0     0        0.0058   286                    Cuts: 85     2358         
Detecting symmetries...
      0     0        0.0058   226                    Cuts: 24     2403         
      0     0        0.0059   265                   Cuts: 118     2517         
      0     0        0.0060   261                    Cuts: 63     2592         
      0     0        0.0060   261                    Cuts: 44     2708         
Detecting symmetries...
      0     2        0.0060   247                      0.0060     2708                                 0             0
Elapsed time = 1.78 sec. (3572.06 ticks, tree = 0.01 MB, solutions = 0)
      4     6        0.0295   188                      0.0061     4231                          X      4      1      2
      6     8        0.0162   191                      0.0069     6972                          X      6      3      3
      8    10        0.0108   210                      0.0108     7411                          X      8      5      4
     13    15        0.0130   150                      0.0115     7798                          X     13     11      7
     17    19        0.0130   150                      0.0115     8310                          X     17     15      9
     19    21        0.0132   145                      0.0115     8716                          X     19     18     10
     20    22        0.0133   145                      0.0115     8841                          X     20     18     10
     27    29        0.0133   142                      0.0115     8850                  bit_6_4 D     27     26     17
     29    29        0.0133   141                      0.0115     9307                  bit_4_3 D     29     27     18
     34    34        0.0178   219                      0.0115    10273                 bit_10_5 U     34     32     22
Elapsed time = 5.75 sec. (11053.79 ticks, tree = 4.02 MB, solutions = 0)
     41    41        0.0204   178                      0.0115    11780                 x_1_9_18 D     41     39     28
     45    41    infeasible                            0.0115    12480                  bit_8_2 D     45     43     30
     55    47        0.0555   177                      0.0115    14000                 bit_16_4 U     55     52     37
     61    53        0.0267   131                      0.0115    14305                   z_1_11 D     61     60     41
     69    58        0.9629   149                      0.0115    14548                 x_2_7_10 D     69     68     46
     77    64        0.0148   190                      0.0115    15311                 x_1_18_9 D     77     75     11
     79    64    infeasible                            0.0115    17257                  bit_6_4 U     79     77     12
    104    85        0.0157   111                      0.0115    18760                  bit_9_2 U    104    102     33
    121    98        0.0243   114                      0.0115    19447                  x_0_8_5 D    121    120     44
    140   112        0.0271   129                      0.0115    19631                  x_0_6_9 D    140    139     61
Elapsed time = 11.16 sec. (23180.71 ticks, tree = 15.99 MB, solutions = 0)
    159   121        0.0277   128                      0.0115    20053                 x_0_12_7 D    159    158     75
    180   134        0.0317   112                      0.0115    20262                 x_0_10_5 D    180    179     93
    197   143    infeasible                            0.0122    22363                  bit_6_4 U    197    195     13
    236   176        0.0184   141                      0.0122    23997                    z_2_9 D    236    235     45
    260   196        0.0162   176                      0.0126    25412                  bit_4_2 U    260    259     22
    286   222        0.0182   125                      0.0126    26451                  x_1_5_2 D    286    285     48
    307   243        0.0273   114                      0.0126    26784                 x_2_5_14 D    307    306     69
    347   276        0.0163   196                      0.0127    28407                    z_1_8 D    347    346     36
    356   285        0.0163   163                      0.0127    29501                 x_1_20_2 D    356    354     41
    380   301        0.0202   215                      0.0129    31761                    z_2_9 D    380    379     25
Elapsed time = 16.08 sec. (33136.70 ticks, tree = 36.64 MB, solutions = 0)
    398   319        0.0410   115                      0.0129    33680                   z_2_12 U    398    397     39
    434   347        0.0305   139                      0.0129    36023                    z_1_8 D    434    433     36
    445   350        0.0132   196                      0.0129    37831                          X    445    444      9
    480   385        0.0416   156                      0.0129    39377                   z_1_15 D    480    479     44
    510   409        0.0215   154                      0.0129    41345                   z_1_18 U    510    507     33
    526   419    infeasible                            0.0129    42992                    p_0_3 N    526    524     44
    530   423        0.0199   224                      0.0129    44027                    p_0_3 D    530    529     14
    559   452        0.0380   195                      0.0129    44843                x_0_12_15 D    559    558     43
    578   464        0.0131   209                      0.0130    46007                   z_1_11 D    578    577     16
    598   480    infeasible                            0.0130    48159                 bit_16_4 U    598    596     31
Elapsed time = 20.39 sec. (43228.96 ticks, tree = 56.61 MB, solutions = 0)
    626   496        0.0131   231                      0.0130    49932                 bit_16_4 D    626    625     14
    664   532        0.0156   163                      0.0130    51757                x_2_14_11 D    664    663     51
    669   533        0.0215   242                      0.0130    53336                 x_1_10_7 D    669    668     14
    675   539        0.0215   208                      0.0130    55397                 x_2_6_12 D    675    673     18
    684   542    infeasible                            0.0130    55956                  bit_8_3 U    684    682     24
    707   563        0.0236   177                      0.0130    58405                    p_0_3 D    707    705     32
    731   575        0.0149   251                      0.0130    60970                   z_2_18 U    731    730     12
    744   588        0.0241   191                      0.0130    63291                 x_2_7_16 U    744    742     22
    769   603        0.0130   195                      0.0130    65942                          X    769     17     10
    790   620        0.0157   229                      0.0130    68112                 x_2_6_12 N    790    788     27
Elapsed time = 24.72 sec. (53549.68 ticks, tree = 72.27 MB, solutions = 0)
    827   641        0.0131   223                      0.0130    70261                   z_2_18 N    827    407     11
    838   652        0.0455   253                      0.0130    72962                 x_2_7_10 D    838    837     22
    862   662        0.0185   220                      0.0130    75151                 x_1_10_7 U    862    624     13
    894   694        0.0325   133                      0.0130    75802                x_1_20_17 D    894    893     45
    899   695        0.0693   207                      0.0130    78950                 x_2_6_12 N    899    898     15
    925   713        0.0131   240                      0.0130    81029                   z_2_12 U    925    924     17
    933   721        0.0515   191                      0.0130    83409                 x_2_7_10 D    933    932     25
    943   727        0.0199   242                      0.0130    86171                   z_1_18 U    943    942     22
    970   742    infeasible                            0.0130    88106                   z_1_12 D    970    968     43
    982   750        0.0131   228                      0.0130    90408                    z_1_8 N    982    920     13
Elapsed time = 29.19 sec. (64265.61 ticks, tree = 86.79 MB, solutions = 0)
   1006   770        0.0178   191                      0.0130    92702                x_2_14_11 D   1006   1005     33
   1029   787        0.0439   131                      0.0130    93857                x_2_10_14 D   1029   1027     51
   1050   799        0.0136   238                      0.0130    94978                mode_1_15 D   1050   1049     17
   1059   804        0.0171   213                      0.0131    97427                 x_1_10_7 U   1059    923     16
   1090   825        0.0132   261                      0.0131    99519                    p_0_3 N   1090    626     15
   1111   836        0.0137   248                      0.0131   101926                 x_2_6_12 U   1111    627     16
   1138   851    infeasible                            0.0131   104652                 bit_12_3 U   1138   1136     36
   1155   854    infeasible                            0.0131   107222                 bit_20_2 D   1155    635     24
   1157   854        0.0226   194                      0.0131   109860                  bit_9_4 N   1157    638     27
   1167   860        0.0142   207                      0.0131   113438                x_0_13_16 U   1167    636     25
Elapsed time = 33.53 sec. (74766.66 ticks, tree = 99.07 MB, solutions = 0)
   1184   873        0.0164   279                      0.0131   115657                   z_2_18 U   1184   1183     11
   1194   883        0.0165   232                      0.0131   118102                 x_2_7_10 D   1194   1193     19
   1227   902    infeasible                            0.0131   120711                 x_0_9_12 U   1227   1225     44
   1245   912        0.0132   243                      0.0131   122879                          X   1245    247     10
   1255   920        0.0160   206                      0.0131   124385                    z_0_8 U   1255   1254     18
   1280   939        0.0195   203                      0.0131   126555                   z_2_12 D   1280   1279     38
   1302   955        0.0132   231                      0.0131   128586                   z_2_18 N   1302    406     11
   1308   961        0.0143   234                      0.0131   130803                x_0_13_16 D   1308   1306     15
   1326   973    infeasible                            0.0131   133273                 x_1_7_10 U   1326   1324     29
   1356   993        0.0164   248                      0.0131   135805                 x_1_18_9 D   1356   1355     19
Elapsed time = 38.05 sec. (85442.43 ticks, tree = 113.95 MB, solutions = 0)
   1368  1001        0.0185   206                      0.0131   139457                 x_1_10_7 U   1368    983     15
   1398  1021        0.0146   239                      0.0131   142800                 x_2_6_12 N   1398    982     14
   1402  1023    infeasible                            0.0131   145011                   z_1_18 U   1402   1401     18
   1418  1035        0.0131   218                      0.0131   147479                 x_1_18_9 N   1418    938     18
   1428  1045        0.0133   203                      0.0131   149697                 x_2_7_10 D   1428   1427     27
   1460  1069        0.0142   200                      0.0131   151588                 x_0_2_11 D   1460   1459     54
   1473  1074        0.0212   232                      0.0131   154062                    p_0_3 N   1473   1472     21
   1511  1106    infeasible                            0.0131   156186                  bit_6_4 U   1511   1509     24
   1532  1121        0.0373   160                      0.0131   159117                 bit_18_3 N   1532   1530     41
   1560  1139    infeasible                            0.0131   161815                 x_1_16_7 U   1560   1558     33
Elapsed time = 42.62 sec. (96453.12 ticks, tree = 130.41 MB, solutions = 0)
   1589  1152        0.0295   152                      0.0131   163675                  bit_8_2 U   1589   1587     37
   1615  1164        0.0132   253                      0.0131   165891                x_0_13_16 N   1615    986     18
   1667  1206        0.0246   255                      0.0131   167874                 bit_16_4 U   1667   1421     21
   1684  1213        0.0132   242                      0.0131   170223                    p_0_3 N   1684    576     15
   1697  1220    infeasible                            0.0131   173156                  x_2_2_5 N   1697   1695     25
   1701  1220        0.0131   191                      0.0131   175435                 x_1_18_9 N   1701    987     18
   1705  1224        0.0170   227                      0.0131   178193                mode_0_15 D   1705   1703     21
   1711  1224        0.0143   218                      0.0131   180575                 x_2_6_12 N   1711    828     13
   1717  1228        0.0452   253                      0.0131   183032                mode_1_15 D   1717   1716     18
   1781  1272        0.0224   179                      0.0131   191951                 bit_16_4 D   1781   1780     23
Elapsed time = 48.14 sec. (109669.53 ticks, tree = 145.15 MB, solutions = 0)
   1833  1294        0.0152   246                      0.0131   201219                   z_1_12 U   1833   1423     23
   1897  1334        0.0213   232                      0.0131   209403                 x_1_18_9 N   1897   1896     16
   1958  1375    infeasible                            0.0132   218937                mode_0_15 N   1958   1957     21
   1987  1386        0.0132   230                      0.0132   228768                   z_0_12 N   1987   1755     19
   2050  1428        0.0482   204                      0.0132   238094                    z_1_8 D   2050   2049     26
   2079  1435    infeasible                            0.0132   248052                    p_0_3 N   2079   1822     20
   2103  1447        0.0333   226                      0.0132   258134                 x_1_9_18 D   2103   2102     24
   2133  1447        0.0149   194                      0.0132   268294                x_0_13_16 U   2133    694     21
   2156  1451        0.0337   175                      0.0132   277354                 x_1_3_18 N   2156   2155     25
   2222  1489        0.0339   233                      0.0132   288985                   z_0_12 D   2222   1684     16
Elapsed time = 65.02 sec. (149323.30 ticks, tree = 169.21 MB, solutions = 0)
   2259  1499    infeasible                            0.0132   297810                x_2_17_14 U   2259   1515     29
   2294  1522        0.0168   279                      0.0132   307725                   z_2_18 U   2294   2293     13
   2320  1534        0.0653   245                      0.0132   318005                   z_2_12 D   2320   2318     37
   2340  1528    infeasible                            0.0133   326200                x_2_17_14 U   2340   1693     23
   2392  1560    infeasible                            0.0133   334686                mode_1_15 D   2392   2391     33
   2451  1599    infeasible                            0.0133   343849                 x_2_7_10 U   2451   1427     27
   2468  1610        0.0692   198                      0.0133   351737                    z_0_8 D   2468   2467     28
   2494  1614        0.0163   230                      0.0133   361129                 x_1_18_9 D   2494   1818     16
   2559  1663        0.0344   230                      0.0133   370741                mode_1_15 D   2559   2558     23
   2591  1679        0.0471   160                      0.0133   380436                 x_1_3_18 U   2591   2589     39
Elapsed time = 82.17 sec. (188128.38 ticks, tree = 190.11 MB, solutions = 0)
   2629  1691        0.0391   154                      0.0134   389183                mode_1_15 D   2629   2628     36
   2682  1730        0.0145   231                      0.0134   398808                 x_1_20_2 D   2682   2681     21
   2711  1741        0.0545   209                      0.0134   408805                 x_1_18_9 U   2711    835     20
   2741  1737    infeasible                            0.0134   418412                    z_1_8 U   2741   1877     31
   2770  1756        0.0325   178                      0.0134   426788                   z_0_12 N   2770   2768     19
   2807  1771    infeasible                            0.0135   437115                   z_1_11 U   2807   1996     28
   2844  1800        0.0199   244                      0.0135   445964                 x_1_9_18 N   2844   2670     11
   2882  1816    infeasible                            0.0136   455770                  x_1_5_2 U   2882    660     48
   2915  1837        0.0240   265                      0.0136   465353                mode_2_15 D   2915   2914     22
   3012  1896        0.0214   239                      0.0136   473826                mode_0_15 N   3012   3011     18
Elapsed time = 98.91 sec. (227052.93 ticks, tree = 214.22 MB, solutions = 0)
   3046  1896        0.0755   214                      0.0137   483769                    z_2_9 D   3046   3045     22
   3081  1901    infeasible                            0.0137   493128                mode_2_15 D   3081   3079     21
   3130  1936        0.0238   205                      0.0137   502173                   p_0_16 D   3130   3129     40
   3184  1960    infeasible                            0.0138   512092                   z_2_11 U   3184   1913     30
   3227  1993        0.0198   225                      0.0138   521532                    p_0_3 D   3227   3226     20
   3251  1993        0.0455   223                      0.0139   532021                    p_0_3 U   3251   3249     17
   3277  1983    infeasible                            0.0140   541807                  bit_8_2 D   3277   1627     31
   3351  2019        0.0261   252                      0.0140   550991                 x_1_3_18 U   3351   1816     14
   3431  2047    infeasible                            0.0142   560136                x_0_17_11 U   3431   1454     49
   3472  2082        0.0363   144                      0.0142   569871                     Y_14 D   3472   3470     38
Elapsed time = 116.23 sec. (266419.40 ticks, tree = 234.93 MB, solutions = 0)
   3530  2108        0.0773   220                      0.0142   577951                 bit_16_4 U   3530   3528     19
   3660  2222        0.0220   227                      0.0142   586517                 x_1_12_9 U   3660   3658     14
   3728  2262        0.0270   251                      0.0143   596050                   z_2_12 D   3728   3727     17
   3775  2291        0.0181   285                      0.0144   605531                 x_1_9_18 U   3775   3586     11
   3802  2306        0.0153   240                      0.0144   615668                   z_2_18 U   3802   3801     19
   3836  2322        0.0314   202                      0.0144   626501                 bit_12_3 U   3836    324     16
   3868  2322    infeasible                            0.0144   634816                  bit_6_4 U   3868   3866     16
   3938  2368    infeasible                            0.0144   643171                  bit_8_3 D   3938   3937     17
   4012  2406    infeasible                            0.0144   652521                   z_0_12 N   4012   4010     22
   4054  2426    infeasible                            0.0144   661159                 x_2_7_16 U   4054   1142     41
Elapsed time = 133.97 sec. (307035.64 ticks, tree = 273.33 MB, solutions = 0)
   4081  2433    infeasible                            0.0144   670946                   z_0_18 U   4081   4079     27
   4121  2449    infeasible                            0.0145   680028                  x_2_8_2 U   4121   1937     50
   4153  2471        0.0145   267                      0.0145   689861                   z_0_18 N   4153   2814     15
   4186  2492        0.0279   225                      0.0145   699325                   z_2_12 D   4186   4185     16
   4220  2514        0.0250   243                      0.0145   709346                  x_0_7_4 D   4220   4219     25
   4266  2542        0.0223   253                      0.0145   719143                   z_2_18 U   4266   4265     19
   4305  2567        0.0494   245                      0.0145   729544                    z_2_6 D   4305   4304     21
   4353  2597    infeasible                            0.0145   738521                mode_0_15 D   4353   4352     24
   4395  2621    infeasible                            0.0145   748586                    p_0_3 U   4395   4394     31
   4439  2649        0.0218   202                      0.0145   756879                   z_1_12 U   4439   4437     16
Elapsed time = 150.92 sec. (346357.79 ticks, tree = 298.12 MB, solutions = 0)
   4490  2688        0.0269   234                      0.0145   766096                    z_0_8 N   4490   4488     23
   4533  2719        0.0358   249                      0.0145   775418                    z_2_9 U   4533   4531     14
   4564  2736        0.0289   268                      0.0145   784855                   z_2_11 U   4564   4562     21
   4614  2776        0.0257   217                      0.0145   795185                    p_0_3 U   4614   4612     25
   4665  2813        0.0146   276                      0.0145   804064                   z_2_12 N   4665   3187     12
   4697  2829        0.0190   251                      0.0145   813404                    z_0_8 D   4697   4696     18
   4728  2850        0.0250   195                      0.0145   823670                    z_2_6 U   4728   4726     21
   4763  2869    infeasible                            0.0145   832438                   z_2_18 U   4763   4762     26
   4801  2887    infeasible                            0.0145   842259                   z_0_12 U   4801   4799     31
   4827  2899        0.0164   231                      0.0145   851097                    z_2_9 D   4827   4826     26
Elapsed time = 167.88 sec. (385577.29 ticks, tree = 326.03 MB, solutions = 0)
   4856  2920        0.0251   251                      0.0145   860560                mode_0_15 D   4856   4855     23
   4886  2940        0.0528   183                      0.0145   870129                     Y_14 D   4886   4885     25
   4923  2959        0.0482   212                      0.0145   880396                   z_2_11 U   4923   4921     32
   4952  2964    infeasible                            0.0145   890022                   z_2_12 U   4952   4950     14
   4977  2985        0.0252   265                      0.0145   899357                   z_0_12 U   4977   4976     20
   5011  2993        0.0146   222                      0.0146   908353                          X   5011     12      7
   5040  3018        0.0155   221                      0.0146   916915                          X   5040   5039      8
   5120  3090        0.0230   210                      0.0146   926038                   z_1_12 U   5120   5119     22
   5152  3106        0.0206   260                      0.0146   935746                   z_0_18 N   5152   5151     18
   5178  3120        0.0176   242                      0.0146   945936                   z_2_18 D   5178   5176     22
Elapsed time = 185.38 sec. (424915.24 ticks, tree = 350.58 MB, solutions = 0)
   5232  3160        0.0146   212                      0.0146   954428                    z_0_8 U   5232   5230     16
   5256  3178        0.0240   243                      0.0146   963885                   z_2_11 D   5256   5255     24
   5297  3207        0.0171   250                      0.0146   973726                   z_2_18 U   5297   5296     28
   5340  3228        0.0146   224                      0.0146   983141                    z_2_6 N   5340   5115     20
   5366  3242        0.0245   260                      0.0146   993178                mode_2_15 N   5366   5365     21
   5389  3251        0.0187   248                      0.0146  1003590                mode_0_15 D   5389   5388     24
   5406  3254    infeasible                            0.0146  1012845                   z_2_18 D   5406   5404     20
   5448  3278        0.0588   222                      0.0146  1023436                mode_1_15 D   5448   5447     35
   5478  3290        0.0147   234                      0.0146  1033957                   z_1_12 N   5478   5463     18
   5502  3302        0.0224   223                      0.0146  1044008                    z_2_6 D   5502   5501     20
Elapsed time = 202.72 sec. (464342.01 ticks, tree = 370.90 MB, solutions = 0)
   5565  3347        0.0682   233                      0.0146  1053339                   z_1_12 U   5565   5563     16
   5612  3376        0.0227   235                      0.0147  1062397                   z_2_18 U   5612   5611     15
   5639  3393        0.0613   257                      0.0147  1070963                     Y_14 D   5639   5638     22
   5708  3432        0.0147   248                      0.0147  1079212                   z_0_18 N   5708   5372     15
   5745  3453        0.0172   281                      0.0147  1088703                   z_0_18 U   5745   5744     14
   5777  3475        0.0199   224                      0.0147  1097295                    z_2_6 U   5777   5775     21
   5802  3488        0.0170   238                      0.0147  1106478                   z_1_18 U   5802   5800     14
   5820  3498        0.0166   242                      0.0147  1115590                   z_0_12 N   5820   5819     17
   5879  3537        0.0303   259                      0.0147  1124471                    z_2_6 N   5879   5878     20
   5927  3559        0.0154   275                      0.0147  1133162                          X   5927    188      9
Elapsed time = 219.91 sec. (503926.97 ticks, tree = 399.62 MB, solutions = 0)
   5968  3584        0.0320   254                      0.0147  1142059                 x_1_9_18 U   5968   3812     11
   5999  3595        0.0514   236                      0.0148  1150586                   z_2_11 U   5999   5998     17
   6061  3641        0.0149   223                      0.0148  1158551                    z_0_8 U   6061   6059     15
   6119  3677        0.0188   239                      0.0148  1167210                   z_0_18 U   6119   6118     16
   6145  3687        0.0167   257                      0.0148  1175521                   z_2_18 N   6145   6143     13
   6165  3697        0.0283   177                      0.0148  1184180                    z_0_8 U   6165   6163     20
   6203  3713        0.0148   263                      0.0148  1193321                   z_0_12 N   6203   2087     16
   6240  3732        0.0154   238                      0.0148  1203807                 x_1_20_2 U   6240   2089     18
   6264  3740        0.0194   256                      0.0148  1212985                   z_2_18 U   6264   6263     20
   6298  3760    infeasible                            0.0148  1221974                     Y_14 D   6298   6296     27
Elapsed time = 237.22 sec. (543512.76 ticks, tree = 422.19 MB, solutions = 0)
   6340  3792        0.0271   184                      0.0148  1230869                 x_1_16_7 D   6340   6339     32
   6411  3835        0.0205   268                      0.0149  1239375                mode_0_15 N   6411   6409     19
   6446  3854        0.0149   236                      0.0149  1248556                    z_1_8 N   6446   3745     14
   6480  3872        0.0194   225                      0.0149  1257488                 x_2_6_12 U   6480    734     16
   6528  3892        0.0280   203                      0.0149  1266658                   z_0_12 N   6528   6527     14
   6559  3913    infeasible                            0.0149  1275929                   p_0_16 U   6559   6557     21
   6586  3928        0.0346   244                      0.0149  1285313                mode_2_15 D   6586   6585     23
   6635  3955        0.0530   232                      0.0149  1295449                 bit_12_3 U   6635    372     19
   6645  3955    infeasible                            0.0149  1301858                     Y_14 D   6645   6644     23
   6680  3964        0.0170   273                      0.0149  1312166                    z_2_9 U   6680   6286     18
Elapsed time = 254.25 sec. (583001.93 ticks, tree = 444.89 MB, solutions = 0)
   6701  3971        0.0170   258                      0.0149  1321059                   z_1_12 U   6701   6699     15
   6728  3978        0.0150   253                      0.0149  1330170                  bit_8_2 N   6728    196     14
   6750  3980    infeasible                            0.0149  1339342                    z_1_8 N   6750   6749     28
   6784  3994        0.0270   216                      0.0149  1347291                 x_1_7_10 U   6784   6783     14
   6816  4006        0.0204   234                      0.0149  1356116                    z_2_9 D   6816   6815     14
   6837  4014        0.0202   250                      0.0150  1364910                    z_2_9 D   6837   6836     26
   6865  4024    infeasible                            0.0150  1374446                 bit_16_4 U   6865    208     25
   6896  4043        0.0194   244                      0.0150  1382206                   z_1_18 D   6896   6895     21
   6925  4056        0.0163   254                      0.0150  1391716                    z_2_9 D   6925   6924     16
   6954  4075        0.0339   220                      0.0150  1400734                mode_0_15 D   6954   6953     25
Elapsed time = 271.34 sec. (623104.16 ticks, tree = 457.29 MB, solutions = 0)
   6988  4093        0.0150   235                      0.0150  1411989                   z_2_11 D   6988   5801     14
   7037  4122        0.0150   235                      0.0150  1420474                   z_1_18 N   7037   6996     16
   7065  4138        0.0190   197                      0.0150  1429148                 x_1_7_10 N   7065   7064     29
   7105  4154        0.0168   244                      0.0151  1438842                   z_2_18 D   7105   7103     18
   7144  4179        0.0157   196                      0.0151  1448850                 x_1_7_10 U   7144   7143     11
   7177  4202        0.0271   207                      0.0151  1458350                 x_1_7_10 U   7177   7176     13
   7220  4217        0.0203   222                      0.0152  1468346                   p_0_16 U   7220   3946     16
   7238  4229    infeasible                            0.0152  1473861                 bit_11_4 D   7238   7237     22
   7240  4229        0.0173   271                      0.0152  1475517                 x_1_9_18 N   7240   7225     12
   7292  4267        0.0163   265                      0.0152  1483811                    z_2_9 D   7292   7291     15
Elapsed time = 290.19 sec. (666350.16 ticks, tree = 478.92 MB, solutions = 0)
   7331  4288        0.0177   264                      0.0152  1492162                   z_2_11 N   7331   5940     11
   7361  4302        0.0620   238                      0.0152  1500820                   z_0_18 U   7361   7359     16
   7388  4311        0.0153   243                      0.0153  1510229                 bit_11_3 N   7388   4521     18
   7427  4328        0.0156   244                      0.0153  1519261                   z_1_18 N   7427   7425     12
   7480  4357        0.0292   247                      0.0153  1527542                   p_0_16 N   7480   7477     50
   7510  4373        0.0168   253                      0.0153  1536606                   z_1_18 N   7510   7509     15
   7533  4380    infeasible                            0.0153  1540888                 bit_11_4 U   7533   7531     22
   7555  4382    infeasible                            0.0153  1549250                 bit_11_4 U   7555   7553     17
   7587  4396    infeasible                            0.0154  1557213                 x_1_16_7 U   7587   7585     20
   7610  4405        0.0167   265                      0.0154  1567494                   z_1_18 U   7610   7609     15
Elapsed time = 309.86 sec. (712453.15 ticks, tree = 494.33 MB, solutions = 0)
   7642  4425        0.0157   245                      0.0154  1576848                   z_1_18 D   7642   7628     12
   7664  4445    infeasible                            0.0154  1584498                   p_0_16 U   7664   7662     30
   7716  4475        0.0285   240                      0.0154  1593055                   z_0_12 D   7716   7714     21
   7752  4495        0.0248   224                      0.0154  1601995                    z_2_6 D   7752   7751     22
   7799  4530        0.0308   209                      0.0154  1611445                 x_1_7_10 U   7799   7797     11
   7830  4541        0.0155   264                      0.0154  1621684                    z_1_8 N   7830   3813     12
   7857  4554        0.0162   246                      0.0154  1631353                   z_1_12 U   7857   3815     14
   7882  4561        0.0155   269                      0.0155  1640962                 x_1_7_10 D   7882   7830     13
   7918  4585        0.0176   242                      0.0155  1649287                   z_1_18 U   7918   7916     13
   7952  4601        0.0619   237                      0.0155  1659310                    z_2_9 U   7952   7950     22
Elapsed time = 328.03 sec. (752128.75 ticks, tree = 515.89 MB, solutions = 0)
   7976  4613        0.0395   194                      0.0155  1669597                    z_2_9 U   7976   7973     27
   8003  4624        0.0468   190                      0.0155  1678143                   z_0_12 N   8003   8002     16
   8034  4633        0.0183   244                      0.0155  1687131                    z_1_8 U   8034   8032     18
   8060  4641        0.0170   251                      0.0155  1696250                   z_0_12 N   8060   8059     16
   8089  4658        0.0349   253                      0.0156  1704444                    p_0_3 D   8089   8088     18
   8107  4664        0.0170   250                      0.0156  1713048                    z_1_8 D   8107   8106     16
   8150  4689        0.0206   273                      0.0156  1722638                   z_2_11 U   8150   8148     13
   8186  4709        0.0194   259                      0.0156  1732557                mode_0_15 D   8186   8185     20
   8297  4811        0.0156   234                      0.0156  1738484                   z_0_18 N   8297   7431     16
   8327  4831        0.0163   265                      0.0156  1747144                mode_1_15 D   8327   8325     19
Elapsed time = 345.69 sec. (792375.50 ticks, tree = 541.59 MB, solutions = 0)
   8356  4850        0.0187   255                      0.0156  1755257                mode_2_15 D   8356   8355     21
   8395  4869        0.0411   207                      0.0156  1764201                    z_0_5 D   8395   8394     16
   8426  4884        0.0245   251                      0.0157  1773113                   z_2_11 U   8426   8425     19
   8449  4889    infeasible                            0.0157  1782506                 x_1_7_10 U   8449   8448     35
   8480  4888        0.0322   187                      0.0157  1791028                  bit_9_2 D   8480    102     33
   8502  4900        0.0157   208                      0.0157  1799746                   z_1_12 U   8502   8487     16
   8542  4934        0.0177   218                      0.0157  1807462                x_0_13_16 D   8542   8541     38
   8572  4950        0.0171   261                      0.0157  1815794                 x_1_9_18 U   8572   7913     11
   8617  4979        0.0158   248                      0.0157  1824430                   z_0_12 N   8617   8553     19
   8658  4998        0.0214   195                      0.0157  1833169                 x_1_7_10 U   8658   8657     20
Elapsed time = 362.62 sec. (832084.37 ticks, tree = 560.25 MB, solutions = 0)
   8684  5008        0.0184   253                      0.0157  1842294                 bit_11_3 U   8684   8683     26
   8732  5044    infeasible                            0.0157  1851281                mode_1_15 U   8732   8730     33
   8780  5072        0.0171   235                      0.0157  1859982                    z_2_9 D   8780   8779     24
   8810  5086        0.0199   261                      0.0157  1868454                   z_2_11 U   8810   8809     14
   8841  5107        0.0426   259                      0.0157  1876684                   z_2_18 U   8841   8839     28
   8871  5121        0.0279   222                      0.0158  1885217                 x_1_9_18 U   8871   7130     12
   8909  5143        0.0273   235                      0.0158  1893661                mode_2_15 D   8909   8908     25
   8917  5147        0.0206   226                      0.0158  1900526                   z_2_18 D   8917   8915     17
   8950  5174        0.0241   212                      0.0158  1909249                  x_0_7_4 U   8950   8948     29
   8992  5202        0.0167   235                      0.0158  1917199                   z_1_11 D   8992   8991     24
Elapsed time = 379.11 sec. (870960.75 ticks, tree = 583.05 MB, solutions = 0)
   9045  5245        0.0175   196                      0.0158  1925016                mode_2_15 D   9045   9044     25
   9073  5263        0.0173   228                      0.0158  1932884                    z_0_5 D   9073   9072     31
   9115  5291        0.0378   213                      0.0158  1942006                    z_1_8 U   9115   9114     27
   9141  5303        0.0516   279                      0.0158  1949422                   z_2_18 N   9141   9139     24
   9181  5329        0.0249   199                      0.0158  1958210                  x_0_7_4 U   9181   9178     32
   9221  5351        0.0221   263                      0.0158  1967325                   z_0_18 U   9221   8504     19
   9272  5388        0.0213   226                      0.0158  1975306                   z_0_12 U   9272   9271     40
   9377  5472        0.0233   232                      0.0159  1981595                 x_1_7_10 U   9377   9376     19
   9397  5480    infeasible                            0.0159  1987251                 bit_11_4 U   9397   9395     25
   9430  5497        0.0330   221                      0.0159  1996067                 x_1_9_18 U   9430   9428     18
Elapsed time = 396.14 sec. (910217.62 ticks, tree = 616.01 MB, solutions = 0)
   9465  5516        0.0177   243                      0.0159  2004550                    z_2_9 D   9465   9464     22
   9491  5528        0.0160   223                      0.0159  2013615                    p_0_3 N   9491   9458     17
   9523  5548        0.0159   244                      0.0159  2021766                  bit_8_3 D   9523   9522     15
   9591  5600    infeasible                            0.0159  2030237                 x_0_13_1 U   9591   9589     67
   9628  5625        0.0159   238                      0.0159  2037922                    p_0_3 N   9628   9521     14
   9688  5681        0.0169   275                      0.0159  2046025                mode_1_15 D   9688   9687     23
   9724  5695    infeasible                            0.0159  2054527                    z_0_8 D   9724   9722     26
   9755  5712        0.0300   197                      0.0159  2063256                 x_1_16_7 D   9755   9754     16
   9778  5725        0.0590   259                      0.0159  2071678                    z_2_6 N   9778   9775     26
   9812  5733    infeasible                            0.0159  2080206                  bit_8_3 U   9812   9810     16
Elapsed time = 412.81 sec. (949171.59 ticks, tree = 642.50 MB, solutions = 0)
   9845  5754        0.0493   189                      0.0159  2089324                     Y_14 D   9845   9843     20
   9871  5768        0.0805   288                      0.0159  2096916                 x_1_12_9 D   9871   9870     28
   9905  5788        0.0169   242                      0.0159  2105353                 x_2_6_12 D   9905   9904     27
   9959  5830        0.0167   238                      0.0159  2113962                 x_2_6_12 D   9959   9958     26
   9990  5853        0.0181   243                      0.0160  2123232                x_2_20_11 N   9990   9989     23
  10024  5873        0.0457   284                      0.0160  2132152                    z_2_9 D  10024  10022     23
  10058  5885        0.0196   260                      0.0160  2143818                   z_0_18 U  10058   9682     20
  10091  5898        0.0172   266                      0.0160  2152205                    z_2_9 U  10091   8988     21
  10128  5915        0.0161   227                      0.0160  2161270                    z_2_6 N  10128  10127     19
  10155  5930    infeasible                            0.0160  2170427                 x_1_18_9 U  10155  10153     28
Elapsed time = 429.94 sec. (988876.69 ticks, tree = 664.51 MB, solutions = 0)
  10195  5960        0.0443   253                      0.0160  2179536                 bit_12_3 U  10195  10192     23
  10245  5994    infeasible                            0.0160  2187724                   z_2_12 D  10245  10243     26
  10284  6019        0.0160   231                      0.0160  2196464                   z_0_12 N  10284   9526     19
  10308  6027        0.0484   266                      0.0160  2205584                    z_2_9 D  10308  10307     17
  10340  6041        0.0168   265                      0.0160  2214388                    z_2_9 U  10340   4850     18
  10369  6056        0.0191   224                      0.0160  2224185                   z_1_12 U  10369   1249     14
  10397  6060        0.0160   238                      0.0160  2233263                   z_0_18 N  10397  10160     19
  10412  6071        0.0167   245                      0.0160  2241551                 x_1_10_7 D  10412  10411     26
  10473  6118    infeasible                            0.0160  2250177                mode_0_15 U  10473   8825     19
  10504  6139        0.0169   215                      0.0161  2258919                 x_1_7_10 U  10504  10503     12
Elapsed time = 447.14 sec. (1028839.29 ticks, tree = 687.75 MB, solutions = 0)
  10570  6183        0.0220   225                      0.0161  2267143                mode_1_15 D  10570  10569     21
  10595  6194        0.0204   271                      0.0161  2276280                   z_0_12 D  10595   9741     20
  10626  6211        0.0393   276                      0.0161  2285068                   z_2_18 U  10626  10624     24
  10657  6216        0.0161   217                      0.0161  2292983                 x_1_7_10 D  10657  10562     14
  10784  6335        0.0161   208                      0.0161  2298461                   z_1_12 D  10784  10783     17
  10813  6354        0.0176   227                      0.0161  2308323                    z_2_9 D  10813  10812     18
  10839  6368        0.0173   242                      0.0161  2317150                    p_0_3 N  10839  10838     15
  10862  6385    infeasible                            0.0161  2325495                 bit_11_4 U  10862  10860     23
  10886  6399        0.0161   229                      0.0161  2332990                   z_2_12 D  10886  10885     18
  10904  6413        0.0163   207                      0.0161  2341487                mode_1_15 D  10904  10903     19
Elapsed time = 463.95 sec. (1068493.51 ticks, tree = 718.35 MB, solutions = 0)
  10979  6476        0.0207   230                      0.0161  2348932                   z_2_18 U  10979  10978     24
  11015  6492        0.0162   211                      0.0161  2359480                    z_2_6 D  11015  11014     21
  11044  6507        0.0165   212                      0.0161  2368517                   z_2_12 U  11044  11042     14
  11085  6526        0.0296   220                      0.0161  2377822                     Y_14 N  11085  11084     39
  11116  6527    infeasible                            0.0161  2385553                mode_0_15 D  11116   1760     23
  11137  6534        0.0373   195                      0.0161  2394563                  bit_9_2 N  11137    229     41
  11151  6538        0.0416   276                      0.0161  2400886                   z_2_18 N  11151  11149     27
  11168  6543        0.0315   213                      0.0161  2407476                   z_2_11 U  11168  11167     18
  11208  6561    infeasible                            0.0161  2415182                mode_1_15 U  11208   8586     22
  11251  6582        0.0179   252                      0.0161  2424428                    z_2_6 N  11251  11249     23
Elapsed time = 481.16 sec. (1108399.98 ticks, tree = 737.25 MB, solutions = 0)
  11290  6605        0.0541   214                      0.0162  2433536                   z_0_12 D  11290  11288     36
  11325  6620        0.0167   227                      0.0162  2442816                   z_1_12 D  11325  11324     18
  11357  6634        0.0174   226                      0.0162  2452966                 x_2_6_12 U  11357    488     15
  11387  6648        0.0547   211                      0.0162  2462271                   z_0_18 U  11387  11385     18
  11408  6659        0.0171   262                      0.0162  2470505                   z_1_18 U  11408  11407     12
  11479  6716    infeasible                            0.0162  2478136                  bit_6_3 D  11479    490     17
  11504  6723        0.0516   191                      0.0162  2487697                 x_1_7_10 N  11504  11503     21
  11530  6737        0.0175   241                      0.0162  2495589                  x_1_6_3 D  11530  11529     20
  11552  6743        0.0548   218                      0.0162  2505222                    p_0_3 D  11552  11551     28
  11602  6767        0.0430   183                      0.0162  2514249                     Y_14 N  11602  11600     22
Elapsed time = 499.64 sec. (1148134.97 ticks, tree = 757.53 MB, solutions = 0)
  11629  6778    infeasible                            0.0162  2523205                   z_2_18 D  11629  11627     27
  11657  6792        0.0167   223                      0.0162  2535811                   z_1_18 U  11657  11656     13
  11697  6822        0.0181   262                      0.0162  2544654                   z_1_12 D  11697  11696     18
  11843  6962        0.0162   226                      0.0162  2551128                    p_0_3 D  11843  11842     15
  11870  6985        0.0347   256                      0.0162  2560320                   z_2_18 U  11870  11869     27
  11890  6997        0.0163   227                      0.0162  2568815                    z_2_6 D  11890  11889     20
  11917  7020        0.0168   237                      0.0162  2578288                  x_1_5_2 D  11917  11916     25
  11971  7056        0.0174   300                      0.0162  2587072                mode_1_15 D  11971  11970     24
  12013  7080    infeasible                            0.0162  2596212                mode_2_15 U  12013  10826     21
  12051  7098        0.0164   243                      0.0162  2605222                   z_2_12 N  12051  10607     21
Elapsed time = 516.98 sec. (1188996.55 ticks, tree = 794.50 MB, solutions = 0)
  12074  7109    infeasible                            0.0162  2614739                    z_0_8 N  12074  12072     36
  12105  7118        0.0427   234                      0.0162  2624770                 bit_16_4 N  12105    261     24
  12182  7167        0.0172   261                      0.0162  2633179                 x_1_9_18 U  12182   7629     13
  12223  7190        0.0164   210                      0.0162  2642314                    z_2_6 N  12223  11889     20
  12252  7205        0.0241   189                      0.0162  2650705                    p_0_3 D  12252  12251     25
  12286  7219    infeasible                            0.0163  2659906                  x_1_6_3 U  12286  12284     23
  12315  7230        0.0442   242                      0.0163  2668569                 x_1_3_18 D  12315  12314     24
  12353  7244        0.0396   175                      0.0163  2677506                     Y_14 D  12353  12352     20
  12386  7255        0.0168   245                      0.0163  2687120                   p_0_16 U  12386   4025     17
  12413  7264        0.0510   252                      0.0163  2696061                    z_2_6 D  12413  12412     20
Elapsed time = 534.67 sec. (1228687.81 ticks, tree = 813.05 MB, solutions = 0)
  12436  7271    infeasible                            0.0163  2704748                   z_0_12 U  12436  12434     25
  12478  7293    infeasible                            0.0163  2713359                 x_1_7_16 U  12478  12476     39
  12511  7308        0.0477   165                      0.0163  2721520                    z_2_6 D  12511  12510     31
  12540  7317    infeasible                            0.0163  2730669                   z_2_11 U  12540  12539     27
  12573  7328        0.0311   208                      0.0163  2739509                   z_1_11 N  12573  12572     23
  12603  7338        0.0252   184                      0.0163  2748269                   z_0_18 U  12603  12600     28
  12646  7359        0.0172   275                      0.0163  2757824                    z_2_9 N  12646  11267     21
  12672  7369        0.0163   277                      0.0163  2766942                   z_0_18 N  12672   4145     15
  12690  7377    infeasible                            0.0163  2775218                 x_1_7_10 N  12690  12689     19
  12716  7387        0.0165   249                      0.0163  2784476                   z_1_12 N  12716   4173     19
Elapsed time = 552.39 sec. (1268002.51 ticks, tree = 826.80 MB, solutions = 0)
  12745  7402        0.0247   238                      0.0163  2793322                   z_1_18 U  12745   4285     18
  12770  7415    infeasible                            0.0163  2802455                 x_0_12_9 U  12770  12769     22
  12798  7425        0.0205   247                      0.0163  2810966                 x_1_9_18 N  12798  12796     19
  12836  7445    infeasible                            0.0163  2820128                    p_0_3 D  12836  12835     21
  12862  7453        0.0175   244                      0.0163  2828918                 x_2_6_12 N  12862   2196     19
  12888  7465        0.0165   258                      0.0163  2838539                   z_2_18 D  12888  12886     17
  12930  7491    infeasible                            0.0163  2846879                   z_1_11 U  12930  12928     33
  12964  7509        0.0222   251                      0.0163  2855918                   z_2_12 U  12964  12963     21
  12991  7520        0.0233   233                      0.0163  2865375                mode_2_15 D  12991  12990     19
  13019  7530        0.0165   261                      0.0163  2874632                   z_1_12 N  13019   3190     15
Elapsed time = 569.91 sec. (1307226.51 ticks, tree = 842.78 MB, solutions = 0)
  13056  7549        0.0471   233                      0.0163  2883900                 bit_12_3 N  13056   3191     16
  13119  7592        0.0207   175                      0.0163  2892346                 bit_11_4 N  13119  13118     25
  13169  7628        0.0169   207                      0.0163  2900972                    z_2_9 D  13169  13168     17
  13193  7644        0.0181   241                      0.0163  2909711                    z_0_8 D  13193  13192     18
  13259  7706        0.0453   293                      0.0163  2917976                   z_2_12 U  13259  13258     24
  13292  7719        0.0247   258                      0.0163  2926089                   z_0_12 U  13292  13291     19
  13390  7787        0.0187   205                      0.0163  2933875                   z_1_18 U  13390  13389     13
  13421  7812    infeasible                            0.0163  2942569                    z_2_6 U  13421  13419     35
  13457  7838        0.0211   252                      0.0163  2951633                   z_1_11 N  13457  13456     18
  13484  7845    infeasible                            0.0163  2960605                mode_1_15 U  13484  11144     22
Elapsed time = 588.16 sec. (1346584.03 ticks, tree = 877.84 MB, solutions = 0)
  13525  7874        0.0178   277                      0.0163  2968530                    z_0_8 D  13525  13524     20
  13600  7943        0.0469   230                      0.0163  2976173                   z_0_12 U  13600  13599     19
  13619  7954        0.0191   244                      0.0163  2984990                    p_0_3 N  13619  13617     13
  13646  7965        0.0294   192                      0.0163  2993571                 x_1_7_10 U  13646  13644     19
  13699  7992    infeasible                            0.0163  3002319                   z_0_18 D  13699  13698     19
  13746  8029        0.0172   243                      0.0163  3010857                    z_0_8 U  13746  13744     21
  13788  8057        0.0266   223                      0.0163  3021037                  bit_9_2 D  13788    341     32
  13807  8068    infeasible                            0.0163  3029278                   z_2_18 D  13807  13804     19
  13832  8065        0.0164   246                      0.0163  3037802                   z_0_12 N  13832    345     35
  13851  8072    infeasible                            0.0163  3043844                mode_1_15 D  13851  13850     47
Elapsed time = 606.14 sec. (1385772.81 ticks, tree = 903.20 MB, solutions = 0)
  13865  8076        0.0436   170                      0.0163  3050625                mode_1_15 N  13865  13864     41
  13886  8081        0.0235   242                      0.0163  3056450                mode_0_15 N  13886  13885     32
  13901  8090        0.0235   256                      0.0163  3061351                 x_0_12_9 D  13901  13899     25
  13930  8103        0.0165   217                      0.0163  3069865                    p_0_3 N  13930  13929     23
  13956  8119        0.0169   192                      0.0163  3078171                    z_0_8 U  13956  13955     24
  13985  8138        0.0171   262                      0.0163  3086879                    z_1_8 U  13985  13984     20
  14009  8150    infeasible                            0.0163  3094916                   z_2_18 U  14009  14007     30
  14046  8163        0.0167   250                      0.0163  3104082                    p_0_3 U  14046  12933     16
  14072  8175        0.0166   236                      0.0163  3113272                    z_1_8 D  14072  14071     20
  14111  8200        0.0173   263                      0.0163  3121406                mode_0_15 N  14111   9529     20
Elapsed time = 623.20 sec. (1424791.17 ticks, tree = 917.72 MB, solutions = 0)
  14150  8219    infeasible                            0.0164  3130144                   z_0_18 U  14150  14147     21
  14187  8234        0.0181   224                      0.0164  3139987                   z_0_18 U  14187  14186     20
  14219  8254        0.0169   205                      0.0164  3149733                 x_1_10_7 D  14219  14218     23
  14264  8285        0.0164   256                      0.0164  3158316                    p_0_3 D  14264  14263     19
  14296  8299        0.0194   216                      0.0164  3167279                 x_1_7_10 N  14296  14295     22
  14335  8316    infeasible                            0.0164  3176022                     Y_14 N  14335  14334     27
  14369  8326        0.0309   190                      0.0164  3185705                   z_1_12 U  14369  14368     20
  14400  8341        0.0497   280                      0.0164  3193793                mode_1_15 D  14400  14399     24
  14426  8341        0.0165   273                      0.0164  3202618                    z_1_8 D  14426   2373     17
  14458  8355    infeasible                            0.0164  3210784                   z_2_12 U  14458  14456     24
Elapsed time = 640.67 sec. (1463963.42 ticks, tree = 935.15 MB, solutions = 0)
  14494  8377        0.0396   160                      0.0164  3219398                     Y_14 D  14494  14493     18
  14530  8389        0.0195   236                      0.0164  3228178                x_1_17_11 D  14530  14529     24
  14560  8401        0.0445   235                      0.0164  3237394                     Y_14 D  14560  14559     24
  14593  8418        0.0523   179                      0.0164  3246188                 x_2_7_10 D  14593  14592     40
  14631  8424    infeasible                            0.0164  3255094                mode_0_15 U  14631  12051     22
  14654  8429        0.0269   215                      0.0164  3263996                   z_0_12 U  14654  14653     23
  14684  8433        0.0207   263                      0.0164  3273231                mode_1_15 D  14684  14683     31
  14707  8432    infeasible                            0.0164  3281041                mode_1_15 U  14707  10476     22
  14732  8447        0.0169   227                      0.0164  3290039                    z_0_8 N  14732  14730     16
  14800  8503        0.0324   141                      0.0164  3297840                  bit_9_4 U  14800  14799     72
Elapsed time = 657.98 sec. (1502897.88 ticks, tree = 951.58 MB, solutions = 0)
  14894  8553        0.0164   209                      0.0164  3305480                    z_1_8 N  14894  11321     15
  14917  8564        0.0206   187                      0.0164  3314450                    z_2_6 U  14917   6856     27
  14945  8578        0.0204   242                      0.0164  3323007                mode_0_15 D  14945  14944     22
  14973  8588        0.0190   222                      0.0164  3332783                 x_0_7_10 U  14973   1357     21
  15002  8597        0.0177   231                      0.0164  3341816                   z_2_11 U  15002  15001     19
  15025  8600    infeasible                            0.0164  3350296                    p_0_3 N  15025   1363     27
  15037  8612        0.0193   282                      0.0164  3358320                mode_1_15 D  15037  15036     19
  15087  8640        0.0167   236                      0.0164  3366758                mode_1_15 D  15087  15086     19
  15120  8653        0.0170   240                      0.0164  3375248                mode_1_15 D  15120  15119     21
  15154  8671        0.0185   171                      0.0164  3383677                   z_1_11 N  15154    264     27
Elapsed time = 675.30 sec. (1542359.88 ticks, tree = 970.35 MB, solutions = 0)
  15185  8678        0.0362   278                      0.0164  3391689                mode_2_15 D  15185  15184     22
  15226  8683    infeasible                            0.0164  3400725                mode_0_15 U  15226  10856     20
  15252  8695    infeasible                            0.0164  3408962                 bit_11_4 U  15252  15250     22
  15282  8711        0.0267   178                      0.0164  3417350                mode_2_15 D  15282  15281     42
  15304  8711    infeasible                            0.0164  3425935                 bit_12_3 U  15304   2608     18
  15331  8726        0.0348   263                      0.0164  3434295                mode_2_15 N  15331  15330     24
  15355  8724        0.0501   288                      0.0164  3443019                    p_0_3 U  15355  15066     23
  15377  8730        0.0599   256                      0.0165  3452237                   z_0_12 U  15377  15374     17
  15414  8745        0.0189   245                      0.0165  3461549                   z_0_18 U  15414  14896     17
  15450  8753        0.0174   261                      0.0165  3471433                    z_0_8 D  15450  15449     19
Elapsed time = 696.73 sec. (1589115.72 ticks, tree = 979.40 MB, solutions = 0)
  15500  8787        0.0196   244                      0.0165  3479664                    z_2_7 D  15500  15499     48
  15547  8812        0.0244   242                      0.0165  3488664                    z_1_8 U  15547  15545     16
  15563  8820        0.0790   266                      0.0165  3497681                   z_0_18 U  15563  15561     19
  15592  8833        0.0424   210                      0.0165  3507784                   z_0_18 U  15592   6854     25
  15619  8832        0.0207   227                      0.0165  3516648                 x_1_7_10 U  15619  13694     15
  15651  8842    infeasible                            0.0165  3525773                   z_1_18 U  15651  15649     22
  15683  8854    infeasible                            0.0165  3534990                   z_0_12 D  15683  15681     24
  15720  8865        0.0165   234                      0.0165  3543690                  x_1_6_3 D  15720  15719     39
  15747  8870        0.0165   233                      0.0165  3551131                   z_2_11 N  15747  14020     23
  15781  8886    infeasible                            0.0165  3559232                   z_0_18 U  15781  15780     30
Elapsed time = 714.23 sec. (1628009.48 ticks, tree = 994.49 MB, solutions = 0)
  15820  8899        0.0181   252                      0.0165  3568608                   z_1_11 U  15820  15818     22
  15850  8911    infeasible                            0.0165  3577425                mode_0_15 U  15850   7974     27
  15883  8922        0.0393   283                      0.0165  3586125                   z_1_11 U  15883  15881     21
  15921  8936    infeasible                            0.0165  3595236                     Y_14 D  15921  15919     20
  15947  8944    infeasible                            0.0165  3603960                mode_2_15 D  15947  15946     23
  15976  8955        0.0167   268                      0.0165  3612669                   z_1_18 D  15976  15975     19
  16000  8959        0.0500   267                      0.0165  3621035                    p_0_3 D  16000  15999     18
  16048  8975        0.0171   222                      0.0165  3629687                    z_2_6 D  16048  16047     21
  16100  9009    infeasible                            0.0165  3638326                   z_2_18 D  16100  16097     21
  16131  9028    infeasible                            0.0165  3646437                mode_1_15 U  16131  16129     23
Elapsed time = 731.59 sec. (1666720.50 ticks, tree = 1010.37 MB, solutions = 0)
  16149  9040    infeasible                            0.0165  3654181                 bit_11_4 U  16149  16147     19
  16181  9056    infeasible                            0.0165  3662735                   z_0_18 U  16181  16179     26
  16211  9060        0.0171   258                      0.0165  3671773                   z_2_18 U  16211  16210     19
  16237  9072        0.0181   265                      0.0165  3680419                mode_0_15 D  16237  16235     20
  16272  9083    infeasible                            0.0165  3689764                   z_2_18 U  16272  16270     43
  16296  9095        0.0165   245                      0.0165  3698806                   z_0_18 N  16296  14186     20
  16324  9101        0.0262   183                      0.0165  3707969                mode_1_15 D  16324  16323     41
  16360  9115        0.0264   173                      0.0165  3717332                mode_1_15 D  16360  16359     41
  16393  9118        0.0195   254                      0.0165  3724606                    z_0_5 D  16393  16392     25
  16420  9133    infeasible                            0.0165  3734225                    z_0_8 U  16420  16417     27
Elapsed time = 750.53 sec. (1708358.48 ticks, tree = 1022.10 MB, solutions = 0)
  16448  9147        0.0273   224                      0.0165  3743223                  x_1_6_3 D  16448  16446     29
  16484  9161        0.0306   276                      0.0166  3752745                   z_0_18 U  16484  16483     19
  16525  9180        0.0166   217                      0.0166  3761916                   z_2_12 N  16525  16516     41
  16555  9188    infeasible                            0.0166  3771258                  x_1_6_3 U  16555  16553     21
  16581  9192        0.0250   274                      0.0166  3780340                mode_1_15 N  16581  16580     21
  16615  9200    infeasible                            0.0166  3789530                   z_1_18 U  16615  16614     28
  16660  9229        0.0353   282                      0.0166  3799245                   z_2_18 U  16660  16658     25
  16704  9253        0.0451   177                      0.0166  3808259                x_1_14_17 U  16704  16702     37
  16762  9285        0.0173   261                      0.0166  3815881                   z_1_12 N  16762  14070     20
  16791  9300    infeasible                            0.0166  3823574                   z_2_18 D  16791  16789     22
Elapsed time = 768.56 sec. (1748079.87 ticks, tree = 1040.65 MB, solutions = 0)
  16832  9311        0.0180   283                      0.0166  3832021                mode_0_15 N  16832   7957     23
  16864  9319    infeasible                            0.0166  3840692                     Y_14 N  16864  16863     29
  16955  9374        0.0183   238                      0.0166  3849412                   z_2_11 U  16955  16954     16
  16987  9388        0.0490   221                      0.0166  3859221                   z_0_18 U  16987  14001     25
  17011  9394        0.0582   208                      0.0166  3868075                   z_0_18 D  17011  17009     20
  17039  9398        0.0168   288                      0.0166  3875889                   z_1_18 D  17039  17038     21
  17074  9405        0.0167   250                      0.0166  3885095                mode_0_15 D  17074  17073     17
  17107  9428        0.0496   207                      0.0166  3894263                mode_2_15 D  17107  17106     27
  17164  9465        0.0235   212                      0.0166  3902829                 x_1_7_10 U  17164  16177     25
  17206  9485        0.0182   251                      0.0166  3911197                   z_1_18 U  17206   6062     17
Elapsed time = 786.44 sec. (1787145.65 ticks, tree = 1061.33 MB, solutions = 0)
  17248  9507        0.0187   236                      0.0166  3920138                   z_1_11 U  17248  17247     23
  17286  9523        0.0249   229                      0.0166  3928765                  x_2_8_5 D  17286  17285     28
  17339  9554    infeasible                            0.0166  3937545                   z_1_18 U  17339  17338     21
  17384  9577        0.0219   236                      0.0166  3945502                 x_0_16_7 D  17384  17383     32
  17412  9593        0.0179   274                      0.0166  3954554                   z_1_12 D  17412  17410     16
  17468  9635        0.0166   225                      0.0166  3962401                   z_1_12 D  17468  17467     14
  17491  9652        0.0179   238                      0.0166  3971574                    z_2_9 D  17491  17490     20
  17525  9672        0.0461   207                      0.0166  3980641                     Y_14 D  17525  17524     24
  17549  9680    infeasible                            0.0166  3989205                 x_1_7_10 U  17549  17548     25
  17601  9704    infeasible                            0.0166  3997790                    z_2_7 U  17601  17599     43
Elapsed time = 804.08 sec. (1826483.44 ticks, tree = 1085.80 MB, solutions = 0)
  17633  9714        0.0225   148                      0.0166  4007243                 x_1_7_10 U  17633   1209     32
  17668  9723    infeasible                            0.0166  4015079                  x_1_6_3 U  17668  17666     25
  17709  9744        0.0254   224                      0.0166  4023490                mode_0_15 D  17709  17708     22
  17756  9755    infeasible                            0.0166  4032990                 bit_12_3 U  17756   1213     36
  17806  9785        0.0180   244                      0.0166  4041482                mode_2_15 D  17806  17805     24
  17867  9822        0.0533   299                      0.0166  4050440                mode_2_15 D  17867  17866     22
  17912  9837    infeasible                            0.0166  4059953                   z_0_18 U  17912   6004     15
  17961  9864        0.0178   242                      0.0166  4068308                    z_2_9 D  17961  17960     21
  17988  9871        0.0249   257                      0.0166  4076524                   z_1_18 N  17988  17987     19
  18016  9871        0.0168   216                      0.0167  4084279                   z_0_12 U  18016  17958     19
Elapsed time = 822.44 sec. (1865837.66 ticks, tree = 1104.47 MB, solutions = 0)
  18040  9885        0.0193   225                      0.0167  4093270                mode_2_15 N  18040  18039     20
  18056  9891        0.0167   222                      0.0167  4102708                    z_0_8 U  18056  17486     16
  18089  9912        0.0173   235                      0.0167  4112465                mode_0_15 D  18089  18088     21
  18106  9923        0.0515   275                      0.0167  4120645                   z_2_18 U  18106  18104     25
  18124  9927        0.0293   225                      0.0167  4128379                 x_2_10_7 N  18124   3748     17
  18153  9934        0.0234   269                      0.0167  4137645                   z_1_18 U  18153  18152     11
  18187  9948        0.0236   257                      0.0167  4146304                mode_0_15 D  18187  18186     20
  18213  9956        0.0170   278                      0.0167  4155588                mode_2_15 N  18213  15308     22
  18228  9961        0.0207   220                      0.0167  4160190                   z_2_11 N  18228  18226     24
  18262  9973        0.0171   200                      0.0167  4169292                  x_1_5_2 D  18262  18261     21
Elapsed time = 840.16 sec. (1905512.30 ticks, tree = 1115.87 MB, solutions = 0)
  18332 10033    infeasible                            0.0167  4178065                 x_1_7_10 U  18332  18330     22
  18367 10048    infeasible                            0.0167  4187249                   z_2_18 D  18367  18365     25
  18396 10053        0.0183   265                      0.0167  4196963                    z_2_6 D  18396  18395     23
  18436 10077    infeasible                            0.0167  4205564                     Y_14 D  18436  18435     29
  18466 10083    infeasible                            0.0167  4213372                   z_1_18 D  18466  15326     20
  18500 10111        0.0285   198                      0.0167  4220962                 x_2_7_10 D  18500  18499     32
  18551 10140        0.0219   226                      0.0167  4229268                  x_0_7_4 D  18551  18550     44
  18598 10165    infeasible                            0.0167  4238189                mode_2_15 D  18598  18597     24
  18625 10168    infeasible                            0.0167  4247269                   z_0_18 D  18625  18624     26
  18649 10166    infeasible                            0.0167  4255913                     Y_14 N  18649  18647     22
Elapsed time = 857.98 sec. (1945207.86 ticks, tree = 1137.56 MB, solutions = 0)
  18690 10187        0.0183   226                      0.0167  4263315                  x_0_7_4 D  18690  18689     34
  18714 10193        0.0186   240                      0.0167  4270769                   z_2_18 N  18714  18713     23
  18778 10237        0.0422   205                      0.0167  4279743                    z_2_6 U  18778  18777     43
  18814 10241        0.0195   185                      0.0167  4288717                 x_1_10_7 U  18814   8993     26
  18853 10256    infeasible                            0.0167  4298270                  x_1_6_3 U  18853  18170     17
  18891 10272    infeasible                            0.0167  4306758                   z_2_12 U  18891  18890     26
  18928 10285        0.0175   253                      0.0167  4316094                    z_2_9 U  18928   2766     17
  18947 10292        0.0567   213                      0.0167  4325137                x_1_17_11 D  18947  18945     29
  18970 10305        0.0662   281                      0.0167  4334571                    z_0_8 D  18970  18969     21
  19008 10317    infeasible                            0.0167  4343368                   z_0_18 D  19008  19007     30
Elapsed time = 876.03 sec. (1984293.94 ticks, tree = 1154.44 MB, solutions = 0)
  19036 10321        0.0172   259                      0.0167  4352208                    z_2_6 U  19036   2421     21
  19070 10327        0.0280   200                      0.0167  4361045                   z_1_18 U  19070  19068     18

Clique cuts applied:  3
Cover cuts applied:  54
Implied bound cuts applied:  821
Flow cuts applied:  15
Mixed integer rounding cuts applied:  23
Zero-half cuts applied:  36
Lift and project cuts applied:  2
Gomory fractional cuts applied:  14

Root node processing (before b&c):
  Real time             =    1.73 sec. (3537.05 ticks)
Sequential b&c:
  Real time             =  878.27 sec. (1989750.12 ticks)
                          ------------
Total (root+branch&cut) =  880.00 sec. (1993287.17 ticks)
CPLEX Error  1217: No solution exists.
CPLEX Error  1217: No solution exists.
tight_T_seed3101.txt gcap-frontier global_gini_tree_time_limit obj=0.107253 runtime=900.641 columns=0

--- ROUND19 RUNNER STDERR ---
