
--- ROUND19 RUNNER STDOUT ---
Version identifier: 22.1.1.0 | 2022-11-27 | 9160aff4d
CPXPARAM_Threads                                 1
CPXPARAM_MIP_Strategy_Search                     1
CPXPARAM_TimeLimit                               279.98369559999998
CPXPARAM_MIP_Tolerances_MIPGap                   1e-08
Generic callback                                 0xd0
Tried aggregator 2 times.
MIP Presolve eliminated 2402 rows and 17 columns.
MIP Presolve modified 27922 coefficients.
Aggregator did 90 substitutions.
Reduced MIP has 8030 rows, 2003 columns, and 42058 nonzeros.
Reduced MIP has 1482 binaries, 188 generals, 0 SOSs, and 0 indicators.
Presolve time = 0.06 sec. (96.92 ticks)
Probing fixed 3 vars, tightened 16 bounds.
Probing time = 0.03 sec. (76.11 ticks)
Tried aggregator 1 time.
Detecting symmetries...
MIP Presolve eliminated 18 rows and 10 columns.
MIP Presolve modified 2587 coefficients.
Reduced MIP has 8012 rows, 1993 columns, and 41808 nonzeros.
Reduced MIP has 1475 binaries, 185 generals, 0 SOSs, and 0 indicators.
Presolve time = 0.03 sec. (54.66 ticks)
Probing time = 0.02 sec. (6.66 ticks)
Clique table members: 21772.
MIP emphasis: balance optimality and feasibility.
MIP search method: traditional branch-and-cut.
Parallel mode: none, using 1 thread.
Root relaxation solution time = 0.16 sec. (404.06 ticks)

        Nodes                                         Cuts/
   Node  Left     Objective  IInf  Best Integer    Best Bound    ItCnt     Gap         Variable B NodeID Parent  Depth

      0     0        1.2906   223                      1.2906     1739         
      0     0        1.3564   250                   Cuts: 102     2326         
      0     0        1.3678   280                   Cuts: 195     2643         
      0     0        1.3711   286                   Cuts: 169     2909         
      0     0        1.3715   309                    Cuts: 98     3100         
      0     0        1.3718   320                    Cuts: 67     3276         
Detecting symmetries...
      0     0        1.3730   323                    Cuts: 87     3860         
      0     0        1.3732   312                   Cuts: 106     4040         
      0     0        1.3732   336                    Cuts: 54     4162         
      0     0        1.3733   307                    Cuts: 22     4270         
      0     0        1.3739   313                    Cuts: 56     4445         
      0     0        1.3747   322                    Cuts: 99     4569         
      0     0        1.3752   337                    Cuts: 78     4698         
      0     0        1.3753   351                    Cuts: 73     4786         
Detecting symmetries...
      0     2        1.3753   345                      1.3753     4786                                 0             0
Elapsed time = 3.47 sec. (7864.72 ticks, tree = 0.01 MB, solutions = 0)
      1     3        1.5911   308                      1.3753     5959                          X      1      0      1
      2     4        1.5882   275                      1.5882     7916                          X      2      0      1
      5     5        1.5897   270                      1.5885    13257                          X      5      3      3
      7     7        1.6276   195                      1.5885    13879                          X      7      5      4
      9     9        1.6034   265                      1.5885    15229                          X      9      6      5
     10    10        1.6177   288                      1.5885    15942                          X     10      8      6
     12    12        1.6032   270                      1.5885    16824                          X     12     11      7
     15    15        1.6026   270                      1.5885    17313                          X     15     13      8
     18    18        1.6034   272                      1.5885    17779                          X     18     17     10
     19    19        1.6034   256                      1.5885    17869                          X     19     17     10
Elapsed time = 8.38 sec. (18043.13 ticks, tree = 1.36 MB, solutions = 0)
     20    20        1.6045   274                      1.5885    18114                 bit_10_4 U     20     19     11
     23    23        1.6039   267                      1.5885    18332                 bit_10_3 U     23     22     13
     27    27        1.6058   267                      1.5885    18928                  bit_6_4 U     27     25     16
     32    32        1.6138   239                      1.5885    19556                  bit_4_4 U     32     30     19
     44    43        1.7003   238                      1.5885    21787                  bit_9_4 D     44     42     28
     53    49        1.7208   208                      1.5885    23387                 x_1_6_18 U     53     51     34
     63    52        1.6870   194                      1.5911    24357                          X     63     61      5
     77    66        1.6917   184                      1.5911    24993                 bit_13_4 D     77     75     12
     89    75        1.7210   153                      1.5911    25545                x_2_16_19 U     89     86     20
    102    86        1.7426   126                      1.5911    26287                 x_2_0_16 U    102     99     29
Elapsed time = 14.45 sec. (31756.04 ticks, tree = 8.77 MB, solutions = 0)
    121    89    infeasible                            1.5911    28964                          X    121    120      6
    129    97        1.6850   295                      1.5911    30438                          X    129    128     10
    148   110        1.7062   238                      1.5911    32401                     Y_18 U    148    146     23
    163   119        1.6034   258                      1.6026    33746                          X    163    161     10
    165   121        1.6713   327                      1.6026    35250                    p_1_1 U    165    164     12
    169   125        1.7166   308                      1.6026    37037                 bit_13_4 D    169    166     14
    173   123    infeasible                            1.6026    38761                 bit_15_4 N    173    171     16
    178   128        1.6333   268                      1.6032    40080                   z_2_19 N    178    175     11
    181   130        1.7338   251                      1.6032    42070                    p_1_1 U    181    180     14
    189   133        1.6059   266                      1.6032    43016                          X    189    188     10
Elapsed time = 19.86 sec. (43129.12 ticks, tree = 14.17 MB, solutions = 0)
    193   137        1.6881   313                      1.6032    44657                     Y_19 U    193    192     13
    196   136    infeasible                            1.6032    46365                 bit_13_4 N    196    194     15
    200   140        1.6752   287                      1.6033    48339                    p_1_1 U    200    199     11
    208   144        1.6288   259                      1.6033    51446                   z_2_19 N    208    162     11
    211   147        1.6780   274                      1.6033    54293                    p_1_1 N    211    209     13
    222   152        1.6044   281                      1.6033    55437                    p_1_1 N    222    164     12
    244   174        1.6079   220                      1.6033    56708                x_1_13_19 D    244    243     34
    260   186    infeasible                            1.6033    57977                 bit_19_4 U    260    258     49
    262   188        1.6404   292                      1.6033    59402                 bit_18_4 N    262    261     12
    264   190        1.7052   266                      1.6033    61170                    p_1_1 N    264    263     14
Elapsed time = 24.76 sec. (55123.22 ticks, tree = 20.79 MB, solutions = 0)
    273   197        1.7367   211                      1.6033    62450                     Y_19 U    273    271     21
    286   204        1.6044   288                      1.6033    64009                 bit_18_4 N    286    285     12
    307   223        1.6099   244                      1.6033    65865                x_1_20_11 D    307    306     32
    324   235        1.6726   332                      1.6033    68548                    p_1_1 U    324    177     12
    333   242        1.7161   261                      1.6033    70460                     Y_18 U    333    332     20
    350   257        1.7273   190                      1.6033    71978                   z_2_11 D    350    349     33
    356   259        1.6045   312                      1.6033    73596                    p_1_1 N    356    177     12
    371   274        1.6145   264                      1.6033    75880                   z_1_11 U    371    370     27
    381   282        1.6827   242                      1.6033    78208                   z_1_19 N    381    379     36
    384   281        1.6046   310                      1.6033    79494                          X    384     16     10
Elapsed time = 29.11 sec. (65857.01 ticks, tree = 30.92 MB, solutions = 0)
    390   287        1.6147   287                      1.6033    81658                 bit_11_4 U    390    389     16
    396   293        1.6672   300                      1.6033    84321                 bit_19_2 N    396    395     21
    401   294    infeasible                            1.6033    85927                x_2_12_18 N    401    399     25
    406   297        1.6047   303                      1.6034    87970                 bit_13_4 U    406    404     12
    409   300        1.6122   313                      1.6034    89467                    p_1_1 N    409    407     14
    415   306        1.6673   302                      1.6034    91768                 bit_11_4 U    415    414     20
    420   311        1.6869   240                      1.6034    93846                 bit_18_2 N    420    418     24
    427   314        1.6103   219                      1.6034    95737                          X    427    425      8
    437   322        1.6342   230                      1.6034    98011                   z_2_19 D    437    436     14
    442   325    infeasible                            1.6034    99814                 bit_13_4 N    442    440     17
Elapsed time = 34.05 sec. (76874.44 ticks, tree = 35.92 MB, solutions = 0)
    446   325    infeasible                            1.6034   101843                 bit_18_3 U    446    444     20
    454   333        1.6197   200                      1.6034   103230                   z_2_11 U    454    453     13
    460   339        1.7060   210                      1.6034   104834                 bit_18_2 D    460    459     19
    470   345        1.6378   300                      1.6034   107569                   z_1_19 D    470    468     16
    472   347        1.6950   262                      1.6034   108709                 bit_19_2 N    472    471     18
    478   353        1.7212   254                      1.6034   110284                 bit_18_2 U    478    476     23
    489   364        1.7310   211                      1.6034   112429                   z_1_11 U    489    488     32
    494   363        1.6382   265                      1.6034   114272                 bit_18_4 N    494    493     12
    504   371        1.7220   254                      1.6034   116104                 bit_11_4 U    504    503     21
    515   378        1.6128   286                      1.6034   118127                 bit_13_4 D    515    514     15
Elapsed time = 38.45 sec. (87423.53 ticks, tree = 41.64 MB, solutions = 0)
    526   387        1.6569   264                      1.6034   120762                     Y_19 U    526    524     24
    536   395    infeasible                            1.6034   123079                 bit_16_5 N    536    534     33
    540   397        1.6046   308                      1.6035   123979                 bit_18_3 D    540    539     13
    546   403        1.6397   303                      1.6035   125697                   z_1_19 U    546    545     19
    551   408        1.6811   282                      1.6035   128337                   z_1_11 U    551    550     24
    554   407        1.6065   293                      1.6038   130304                 bit_10_3 N    554     22     13
    561   414        1.6132   268                      1.6038   131997                   z_1_19 D    561    559     18
    562   415        1.6369   322                      1.6038   133411                   z_2_19 D    562    561     19
    564   413    infeasible                            1.6038   136205                     Y_19 N    564    562     20
    568   415        1.6053   284                      1.6039   137353                 bit_18_4 N    568    567     11
Elapsed time = 42.94 sec. (98857.84 ticks, tree = 45.88 MB, solutions = 0)
    572   419        1.6533   291                      1.6039   139135                    p_1_1 U    572    571     15
    577   420        1.6051   310                      1.6040   141408                  bit_6_4 N    577     25     16
    583   426        1.6398   291                      1.6040   143189                   z_1_19 U    583    582     22
    590   433        1.7023   266                      1.6040   145860                     Y_19 U    590    589     29
    601   436        1.6890   252                      1.6044   148401                 bit_18_3 U    601     23     14
    610   441    infeasible                            1.6044   150487                    p_1_1 D    610    608     21
    616   447        1.6450   302                      1.6044   152294                     Y_19 N    616    615     19
    622   453        1.6998   245                      1.6044   154451                     Y_19 U    622    621     25
    629   456        1.6342   270                      1.6044   156391                   z_1_19 U    629    628     19
    632   455        1.6123   301                      1.6044   158077                  bit_9_4 N    632    225     16
Elapsed time = 47.28 sec. (109515.60 ticks, tree = 50.32 MB, solutions = 0)
    636   455    infeasible                            1.6044   160080                   z_1_19 N    636    635     19
    638   455        1.6642   240                      1.6044   162894                 bit_11_4 N    638    226     17
    641   456        1.6850   248                      1.6044   164655                   z_2_11 N    641    639     19
    645   458        1.6968   263                      1.6044   165945                 bit_19_2 N    645    644     22
    650   459        1.6105   298                      1.6045   167243                    p_1_1 D    650    649     15
    653   462        1.6452   306                      1.6045   168643                   z_1_19 N    653    652     18
    658   467        1.6811   263                      1.6045   170295                   z_1_11 U    658    657     23
    673   478        1.6359   302                      1.6045   172877                   z_1_19 U    673    672     22
    680   481        1.6053   285                      1.6045   173690                    p_1_1 N    680    679     14
    745   538        1.6053   293                      1.6045   178821                          X    745    743      9
Elapsed time = 53.08 sec. (124002.45 ticks, tree = 59.59 MB, solutions = 0)
    766   551        1.6061   292                      1.6045   185667                          X    766    765      9
    800   573        1.6049   277                      1.6045   192028                 bit_18_2 N    800    799     18
    809   576        1.6622   251                      1.6045   199017                   z_1_19 N    809    808     18
    864   621        1.6052   273                      1.6046   204671                   z_2_11 N    864    863     17
    874   624        1.7351   190                      1.6046   212219                   z_1_11 N    874    873     21
    893   627        1.6907   245                      1.6046   218718                 bit_18_3 N    893    288     15
    974   702    infeasible                            1.6046   224001                   z_2_19 N    974    973     16
    988   708    infeasible                            1.6047   230809                     Y_19 D    988    986     23
   1009   721        1.6743   355                      1.6047   238660                    p_1_1 D   1009   1008     17
   1030   729    infeasible                            1.6047   246713                   z_1_19 D   1030   1028     16
Elapsed time = 69.19 sec. (164055.36 ticks, tree = 80.96 MB, solutions = 0)
   1043   734        1.7020   273                      1.6047   255797                    z_2_1 D   1043   1042     15
   1067   746    infeasible                            1.6047   263146                     Y_19 D   1067   1065     17
   1075   744        1.6051   328                      1.6047   270797                    p_1_1 N   1075    406     13
   1081   744    infeasible                            1.6047   277473                   z_2_19 N   1081   1080     14
   1088   741        1.6504   228                      1.6048   285319                    z_2_1 N   1088    996     14
   1096   735    infeasible                            1.6049   293070                   z_1_19 N   1096   1094     19
   1106   735        1.6407   329                      1.6049   300559                   z_1_19 N   1106   1105     15
   1114   735        1.7145   218                      1.6049   307564                    z_2_1 N   1114   1112     16
   1122   735        1.6404   323                      1.6050   315462                   z_1_19 N   1122   1105     15
   1130   739        1.7246   187                      1.6050   321910                     Y_19 N   1130   1129     17
Elapsed time = 85.41 sec. (204414.18 ticks, tree = 81.97 MB, solutions = 0)
   1145   744        1.7122   212                      1.6051   328678                   z_2_19 N   1145   1144     20
   1160   753        1.7303   193                      1.6051   335336                 bit_19_4 N   1160   1159     19
   1210   782    infeasible                            1.6051   339864                   z_1_19 N   1210   1209     23
   1219   783        1.6649   233                      1.6051   346914                    z_2_1 N   1219   1218     21
   1231   783        1.6477   305                      1.6053   354073                     Y_19 N   1231   1230     15
   1272   804        1.6476   298                      1.6053   361941                    p_1_1 U   1272    679     14
   1293   817        1.7399   192                      1.6053   370106                    p_1_1 N   1293   1292     19
   1313   829    infeasible                            1.6053   376956                     Y_19 U   1313   1312     26
   1328   834        1.6260   293                      1.6053   385107                   z_1_19 N   1328   1326     16
   1345   844    infeasible                            1.6053   391938                     Y_19 U   1345   1344     25
Elapsed time = 102.08 sec. (245229.05 ticks, tree = 93.94 MB, solutions = 0)
   1360   851        1.6917   281                      1.6053   398759                     Y_19 U   1360   1359     16
   1385   868        1.7247   259                      1.6054   406702                   z_2_11 N   1385   1384     21
   1411   883        1.7044   270                      1.6054   414360                   z_1_19 N   1411   1410     19
   1439   901        1.6110   239                      1.6054   422474                   z_2_11 N   1439    570     14
   1452   904        1.6863   269                      1.6054   430085                    p_1_1 N   1452   1451     13
   1457   905        1.6869   313                      1.6055   436958                   z_2_19 N   1457   1456     12
   1478   916        1.7151   246                      1.6055   444389                    z_2_1 N   1478   1477     15
   1491   919        1.6889   264                      1.6056   452084                    p_1_1 N   1491   1490     14
   1500   918        1.6578   276                      1.6056   460621                    p_1_1 N   1500   1499     15
   1517   925        1.6506   308                      1.6056   467716                    p_1_1 U   1517    516     16
Elapsed time = 118.73 sec. (285989.00 ticks, tree = 103.03 MB, solutions = 0)
   1525   925        1.6379   295                      1.6058   476439                    z_2_1 N   1525   1356     13
   1555   945    infeasible                            1.6058   485327                    z_2_1 N   1555   1553     25
   1571   953        1.6651   323                      1.6058   492530                     Y_19 N   1571   1570     13
   1588   960    infeasible                            1.6058   500238                   z_1_19 D   1588   1586     19
   1599   961    infeasible                            1.6058   507548                     Y_19 N   1599   1597     21
   1610   962    infeasible                            1.6059   513960                    p_1_1 D   1610   1607     17
   1623   971        1.7154   212                      1.6059   521250                    z_2_1 N   1623   1622     14
   1636   972        1.6071   263                      1.6061   528194                    p_1_1 N   1636   1635     11
   1676  1006        1.6955   304                      1.6062   537494                   z_2_19 N   1676   1675     14
   1696  1016        1.6973   286                      1.6065   546254                   z_2_19 N   1696   1695     13
Elapsed time = 135.55 sec. (327473.35 ticks, tree = 113.35 MB, solutions = 0)
   1741  1045        1.7091   266                      1.6065   554014                   z_1_19 N   1741   1740     16
   1780  1076        1.7058   294                      1.6065   561862                    z_2_1 D   1780   1779     20
   1796  1084    infeasible                            1.6065   570066                   z_1_19 N   1796   1794     15
   1807  1083    infeasible                            1.6065   577583                    p_1_1 N   1807   1805     19
   1816  1090        1.7252   241                      1.6065   584532                 bit_19_4 N   1816   1815     17
   1845  1105        1.7052   272                      1.6066   592449                    p_1_1 N   1845   1611     12
   1868  1122        1.7243   308                      1.6066   601898                   z_2_19 N   1868   1865     20
   1877  1121    infeasible                            1.6066   610075                    z_2_1 N   1877   1875     20
   1885  1121    infeasible                            1.6067   617577                     Y_19 N   1885   1884     21
   1895  1129        1.7113   243                      1.6068   625348                     Y_19 N   1895   1894     19
Elapsed time = 152.33 sec. (368891.18 ticks, tree = 125.99 MB, solutions = 0)
   1907  1131        1.6948   292                      1.6068   633015                 bit_19_2 N   1907   1905     14
   1945  1153        1.6823   300                      1.6068   640778                    z_2_1 N   1945   1943     18
   1953  1153        1.7031   282                      1.6070   650046                   z_1_19 N   1953   1951     17
   1996  1184        1.7091   236                      1.6070   658392                     Y_19 N   1996   1995     17
   2023  1203        1.7273   181                      1.6070   666737                   z_1_19 N   2023   2022     16
   2035  1209        1.7178   253                      1.6070   674553                 bit_18_2 U   2035   2034     18
   2063  1225    infeasible                            1.6071   683089                 x_2_0_12 N   2063   2061     29
   2078  1236        1.7324   244                      1.6073   690536                 bit_13_4 N   2078   2077     23
   2137  1269    infeasible                            1.6074   698368                     Y_19 N   2137   2136     21
   2145  1265    infeasible                            1.6075   707572                   z_1_19 N   2145   2016     18
Elapsed time = 169.25 sec. (409682.11 ticks, tree = 141.94 MB, solutions = 0)
   2154  1270        1.6554   346                      1.6076   715506                     Y_19 N   2154   2153     13
   2172  1276        1.6856   284                      1.6076   724447                   z_2_19 N   2172   2171     12
   2218  1296    infeasible                            1.6076   733029                  bit_3_5 N   2218    236     27
   2229  1305        1.7424   224                      1.6076   740392                   z_1_11 N   2229   2227     19
   2250  1304        1.6382   226                      1.6080   747935                    p_1_1 N   2250   2249     12
   2271  1311        1.6126   202                      1.6081   755771                   z_2_11 N   2271    430     11
   2281  1317        1.6772   207                      1.6081   764913                    p_1_1 N   2281   1863     18
   2293  1321        1.6991   275                      1.6085   773982                    z_2_1 N   2293   2291     15
   2316  1328        1.7070   276                      1.6085   781768                     Y_19 N   2316   2315     14
   2339  1339        1.6637   205                      1.6086   790359                     Y_19 N   2339   2338     18
Elapsed time = 186.47 sec. (451712.95 ticks, tree = 150.07 MB, solutions = 0)
   2346  1342        1.7153   250                      1.6086   798002                     Y_19 N   2346   2345     18
   2374  1354        1.7101   222                      1.6087   805921                   z_1_19 N   2374   2373     16
   2392  1362        1.6772   327                      1.6089   814007                     Y_18 N   2392   2391     13
   2416  1368        1.6092   255                      1.6090   821810                  bit_4_4 N   2416    302     28
   2426  1372        1.7044   259                      1.6090   829450                   z_1_19 N   2426   2424     14
   2449  1385        1.6405   269                      1.6092   837517                     Y_16 N   2449   2448     14
   2464  1394        1.7080   243                      1.6094   846965                   z_2_19 N   2464   2463     15
   2478  1398        1.6922   249                      1.6095   855225                   z_1_19 N   2478   2477     14
   2495  1407        1.6811   189                      1.6098   863580                    p_1_1 U   2495   2494     19
   2510  1414        1.6811   287                      1.6098   871430                   z_1_19 U   2510   2509     15
Elapsed time = 203.05 sec. (492024.43 ticks, tree = 158.68 MB, solutions = 0)
   2534  1426    infeasible                            1.6099   879667                x_1_19_13 N   2534   1267     17
   2543  1425        1.6690   264                      1.6101   888834                    p_1_1 N   2543   1217     20
   2559  1433        1.7472   167                      1.6101   896066                     Y_19 N   2559   2558     22
   2578  1438        1.7444   201                      1.6103   903863                    z_2_6 N   2578   2577     22
   2612  1450        1.6364   257                      1.6103   912362                    z_2_1 D   2612   2611     12
   2627  1461        1.6986   280                      1.6104   921346                    p_1_1 N   2627   2625     14
   2654  1482        1.7488   176                      1.6104   929937                x_1_19_16 N   2654   2653     27
   2667  1487        1.6977   257                      1.6104   938373                 bit_18_3 N   2667    611     15
   2677  1487        1.7026   220                      1.6105   947323                    p_1_1 N   2677    649     15
   2700  1504        1.7335   168                      1.6105   956697                 bit_18_2 N   2700   2698     21
Elapsed time = 220.12 sec. (533056.03 ticks, tree = 169.02 MB, solutions = 0)
   2726  1519        1.6386   171                      1.6105   966211                    z_2_1 N   2726   2611     12
   2777  1550        1.6241   205                      1.6105   974879                   z_0_16 N   2777   2776     18
   2785  1554        1.7207   259                      1.6105   983689                     Y_19 N   2785   2783     19
   2807  1556        1.6116   290                      1.6106   992227                          X   2807    198     10
   2822  1561    infeasible                            1.6107   999338                    z_2_1 D   2822   2821     18
   2830  1561        1.6965   264                      1.6108  1009768                 bit_18_3 N   2830    358     15
   2838  1559    infeasible                            1.6108  1017694                    z_2_1 U   2838   2836     14
   2850  1559        1.7036   288                      1.6111  1026800                    p_1_1 N   2850   1439     15
   2863  1566        1.7094   262                      1.6112  1033539                   z_2_11 N   2863   2862     18
   2910  1597        1.7117   246                      1.6112  1041890                   z_0_16 D   2910   2908     20
Elapsed time = 237.00 sec. (574223.17 ticks, tree = 179.28 MB, solutions = 0)
   2926  1599    infeasible                            1.6116  1049445                 bit_18_4 U   2926   2924     14
   2943  1608        1.6319   337                      1.6117  1057916                     Y_19 U   2943   2942     13
   2961  1618        1.6672   291                      1.6117  1066809                     Y_18 N   2961   2960     17
   2987  1627    infeasible                            1.6118  1076487                    p_1_1 N   2987   1799     18
   3026  1650        1.6360   347                      1.6122  1086226                   z_2_19 N   3026    405     13
   3035  1651    infeasible                            1.6122  1094421                   z_1_19 N   3035    582     22
   3049  1657        1.7054   259                      1.6124  1102650                   z_1_19 N   3049   3048     15
   3067  1665        1.6601   289                      1.6124  1110717                    z_2_1 D   3067   3066     20
   3076  1668        1.6718   279                      1.6124  1118726                    z_2_1 N   3076   3075     22
   3090  1674        1.7048   266                      1.6125  1127168                     Y_19 N   3090   3089     15
Elapsed time = 253.73 sec. (615215.63 ticks, tree = 187.79 MB, solutions = 0)
   3114  1690        1.6928   266                      1.6126  1136451                 bit_19_2 N   3114   3113     16
   3166  1721        1.6133   213                      1.6128  1144690                   z_0_16 N   3166   2272     13
   3196  1737        1.6129   318                      1.6129  1153802                    p_1_1 N   3196    515     16
   3233  1756        1.6133   247                      1.6129  1161755                   z_1_19 D   3233   3232     12
   3253  1768        1.6520   325                      1.6131  1171941                    p_1_1 U   3253    557     17
   3280  1783    infeasible                            1.6132  1181038                x_1_11_20 N   3280    249     40
   3295  1792        1.7061   245                      1.6133  1187656                     Y_16 U   3295   3294     19
   3326  1805        1.7236   256                      1.6134  1196335                    p_1_1 N   3326   3325     24
   3339  1810        1.6753   267                      1.6134  1203849                    z_2_1 N   3339   3075     22
   3350  1813        1.6867   252                      1.6134  1212697                    z_2_1 N   3350   3349     13
Elapsed time = 270.41 sec. (655544.52 ticks, tree = 203.28 MB, solutions = 0)
   3438  1885        1.7322   167                      1.6134  1220758                 x_1_8_20 N   3438   3436     33
   3518  1936        1.7000   300                      1.6134  1229590                    z_2_1 D   3518   3516     14
   3543  1957        1.7282   235                      1.6135  1240085                    z_2_1 N   3543   3541     14
   3558  1964        1.7463   209                      1.6135  1248501                   z_2_11 N   3558   3557     19
   3584  1974        1.7377   213                      1.6136  1256599                   z_1_19 U   3584   3582     18

Clique cuts applied:  1
Cover cuts applied:  29
Implied bound cuts applied:  496
Flow cuts applied:  21
Mixed integer rounding cuts applied:  37
Zero-half cuts applied:  22
Lift and project cuts applied:  1
Gomory fractional cuts applied:  3

Root node processing (before b&c):
  Real time             =    3.42 sec. (7784.65 ticks)
Sequential b&c:
  Real time             =  276.56 sec. (669993.95 ticks)
                          ------------
Total (root+branch&cut) =  279.98 sec. (677778.60 ticks)
CPLEX Error  1217: No solution exists.
CPLEX Error  1217: No solution exists.
high_imbalance_seed3202.txt gcap-frontier global_gini_tree_time_limit obj=1.74931 runtime=300.117 columns=0

--- ROUND19 RUNNER STDERR ---
