
--- ROUND19 RUNNER STDOUT ---
Version identifier: 22.1.1.0 | 2022-11-27 | 9160aff4d
CPXPARAM_Threads                                 1
CPXPARAM_MIP_Strategy_Search                     1
CPXPARAM_TimeLimit                               279.97575089999998
CPXPARAM_MIP_Tolerances_MIPGap                   1e-08
Generic callback                                 0xd0
Tried aggregator 2 times.
MIP Presolve eliminated 1111 rows and 37 columns.
MIP Presolve modified 37765 coefficients.
Aggregator did 44 substitutions.
Reduced MIP has 9403 rows, 2037 columns, and 56087 nonzeros.
Reduced MIP has 1474 binaries, 192 generals, 0 SOSs, and 0 indicators.
Presolve time = 0.06 sec. (120.65 ticks)
Probing fixed 0 vars, tightened 15 bounds.
Probing time = 0.03 sec. (70.39 ticks)
Tried aggregator 1 time.
Detecting symmetries...
MIP Presolve eliminated 100 rows and 30 columns.
MIP Presolve modified 3054 coefficients.
Reduced MIP has 9303 rows, 2007 columns, and 55077 nonzeros.
Reduced MIP has 1468 binaries, 186 generals, 0 SOSs, and 0 indicators.
Presolve time = 0.05 sec. (67.07 ticks)
Probing time = 0.02 sec. (33.67 ticks)
Cover probing fixed 0 vars, tightened 20 bounds.
Clique table members: 28422.
MIP emphasis: balance optimality and feasibility.
MIP search method: traditional branch-and-cut.
Parallel mode: none, using 1 thread.
Root relaxation solution time = 0.19 sec. (258.49 ticks)

        Nodes                                         Cuts/
   Node  Left     Objective  IInf  Best Integer    Best Bound    ItCnt     Gap         Variable B NodeID Parent  Depth

      0     0        0.0328   261                      0.0328     2007         
      0     0        0.0343   243                    Cuts: 65     3024         
      0     0        0.0344   284                   Cuts: 197     4625         
      0     0        0.0344   343                   Cuts: 204     6167         
      0     0        0.0344   222                    Cuts: 28     6238         
      0     0        0.0344   214                    Cuts: 91     6301         
      0     0        0.0344   226                    Cuts: 46     6441         
Detecting symmetries...
      0     2        0.0344   207                      0.0344     6441                                 0             0
Elapsed time = 2.30 sec. (4591.86 ticks, tree = 0.01 MB, solutions = 0)
      2     4        0.0468   265                      0.0353     9740                          X      2      0      1
      6     6        0.0406   194                      0.0406    10472                          X      6      3      3
     10    10        0.0427   188                      0.0415    11027                          X     10      8      5
     16    16        0.0441   171                      0.0415    11582                          X     16     15      9
     17    17        0.0440   175                      0.0415    11674                          X     17     15      9
     20    20        0.0441   180                      0.0415    11701                 bit_10_4 D     20     19     12
     26    20        0.0447   218                      0.0415    12922                          X     26      4      3
     31    25        0.0452   197                      0.0415    13401                          X     31     29      7
     35    29        0.0452   196                      0.0415    13814                          X     35     33      9
     44    38        0.0489   200                      0.0415    14764                     Y_16 D     44     43     16
Elapsed time = 6.66 sec. (11983.12 ticks, tree = 3.50 MB, solutions = 0)
     61    49        0.0436   172                      0.0421    16599                          X     61     60      9
     78    60        0.0447   176                      0.0427    18637                     Y_18 D     78     77     10
     96    74        0.0453   184                      0.0427    20224                     Y_18 U     96     94     10
    102    76        0.0436   185                      0.0431    20943                          X    102    100      8
    115    81        0.0432   182                      0.0431    23287                          X    115    101      8
    130    84        0.0434   175                      0.0433    24661                          X    130    128      8
    148    90        0.0434   188                      0.0433    26814                          X    148    108      8
    161    93    infeasible                            0.0433    28861                      Y_2 D    161    160     11
    176    90    infeasible                            0.0434    31468                      Y_2 U    176    174     12
    190   100        0.0456   186                      0.0434    32438                     Y_10 D    190    189     16
Elapsed time = 13.42 sec. (22073.98 ticks, tree = 9.76 MB, solutions = 0)
    209   111    infeasible                            0.0434    33973                      Y_2 U    209    207     17
    224   114        0.0442   182                      0.0434    35990                     Y_18 N    224    131     10
    233   119        0.0459   181                      0.0434    37688                     Y_15 D    233    232     12
    240   118        0.0442   178                      0.0434    39961                     Y_18 D    240    239     10
    253   117        0.0448   192                      0.0435    41985                     Y_18 U    253    131     10
    265   115    infeasible                            0.0435    44249                      Y_2 D    265    264     11
    279   119        0.0440   193                      0.0436    46000                          X    279    278      9
    283   119        0.0446   240                      0.0436    47226                     Y_18 U    283    140     10
    293   121        0.0436   188                      0.0436    49156                          X    293     59      9
    299   123        0.0445   227                      0.0436    50701                     Y_18 U    299    256     10
Elapsed time = 19.09 sec. (32800.06 ticks, tree = 12.48 MB, solutions = 0)
    316   128    infeasible                            0.0436    52587                      Y_2 D    316    315     10
    322   128        0.0437   241                      0.0436    54037                          X    322    321      9
    330   128    infeasible                            0.0436    54773                      Y_2 D    330    328     11
    337   129    infeasible                            0.0436    56538                      Y_3 D    337    335     11
    348   132        0.0447   212                      0.0436    58453                          X    348    346      7
    364   144        0.0445   190                      0.0437    60227                     Y_18 N    364    293     10
    373   145        0.0445   204                      0.0437    62647                     Y_18 N    373     61     10
    378   144        0.0444   200                      0.0437    66428                     Y_18 N    378    215     10
    384   146        0.0437   265                      0.0437    67379                          X    384    321      9
    394   152        0.0445   210                      0.0437    68530                     Y_18 N    394     62     10
Elapsed time = 25.53 sec. (45175.22 ticks, tree = 17.28 MB, solutions = 0)
    399   153        0.0445   242                      0.0437    69588                     Y_18 N    399    215     10
    403   153        0.0445   231                      0.0438    72345                     Y_18 N    403    216     10
    418   160        0.0445   202                      0.0438    73403                     Y_18 N    418    322     10
    433   167        0.0445   225                      0.0438    75384                     Y_18 N    433    198     10
    440   170        0.0445   200                      0.0438    76108                     Y_18 D    440    439     10
    462   182        0.0440   212                      0.0438    77759                          X    462    180      7
    480   200        0.0480   184                      0.0438    79000                      Y_1 D    480    477     19
    488   200        0.0446   242                      0.0438    80813                     Y_18 N    488    199     10
    502   206        0.0453   185                      0.0438    81904                     Y_15 D    502    501     12
    519   213        0.0456   201                      0.0438    83362                          X    519    517      7
Elapsed time = 32.23 sec. (57406.34 ticks, tree = 32.26 MB, solutions = 0)
    525   217    infeasible                            0.0438    85470                      Y_2 D    525    523     10
    533   219        0.0439   229                      0.0438    88138                          X    533    181      8
    543   227    infeasible                            0.0438    88763                      Y_2 D    543    542     18
    560   238        0.0446   194                      0.0439    90764                     Y_18 N    560    499     10
    565   239        0.0446   209                      0.0439    94030                     Y_18 N    565    408     10
    581   247        0.0443   208                      0.0439    95254                          X    581     73      6
    601   265    infeasible                            0.0439    96267                     Y_16 D    601    599     20
    611   265        0.0451   231                      0.0440    97412                      Y_1 D    611    610     10
    617   267    infeasible                            0.0440    99784                      Y_2 D    617    614     14
    631   273        0.0447   218                      0.0440   100778                     Y_18 N    631    183     10
Elapsed time = 38.45 sec. (69559.97 ticks, tree = 44.67 MB, solutions = 0)
    641   277        0.0460   218                      0.0440   101708                      Y_3 U    641    639     13
    650   278        0.0446   261                      0.0440   109485                     Y_18 N    650    465     10
    661   283        0.0443   260                      0.0440   111129                          X    661    660      9
    672   286        0.0448   218                      0.0441   115131                     Y_18 N    672    466     10
    688   294        0.0441   211                      0.0441   117474                          X    688    464      9
    703   301    infeasible                            0.0441   119993                      Y_2 U    703    700     10
    710   302        0.0442   240                      0.0441   123218                          X    710     75      8
    728   312        0.0442   225                      0.0441   125576                          X    728     76      9
    741   315    infeasible                            0.0441   128065                      Y_2 D    741    740     10
    752   320        0.0449   202                      0.0442   130080                     Y_18 N    752     77     10
Elapsed time = 46.02 sec. (84988.72 ticks, tree = 50.15 MB, solutions = 0)
    759   321        0.0464   284                      0.0442   134130                     Y_15 U    759    173     11
    771   325    infeasible                            0.0442   137325                      Y_2 D    771    768     16
    783   331    infeasible                            0.0442   140147                      Y_2 D    783    781     10
    789   333        0.0453   216                      0.0442   142999                      Y_1 D    789    788     10
    817   347        0.0443   263                      0.0442   145241                          X    817    660      9
    830   356        0.0449   245                      0.0443   147851                      Y_1 N    830    762     10
    848   368    infeasible                            0.0443   149953                      Y_2 D    848    847     15
    864   372    infeasible                            0.0443   153043                      Y_3 D    864    268     11
    869   369    infeasible                            0.0443   156576                      Y_3 D    869    231     11
    883   371    infeasible                            0.0443   159189                      Y_2 U    883    782     10
Elapsed time = 51.33 sec. (96635.31 ticks, tree = 54.95 MB, solutions = 0)
    886   374        0.0486   254                      0.0443   160818                     Y_14 D    886    885     12
    898   378        0.0475   239                      0.0444   163814                     Y_15 D    898    897     17
    905   377        0.0450   223                      0.0444   165235                      Y_1 N    905    788     10
    920   384        0.0448   206                      0.0444   166598                          X    920    345      6
    939   399    infeasible                            0.0444   168227                     Y_14 U    939    937     20
    945   402        0.0487   158                      0.0444   170007                    z_0_2 D    945    944     23
    949   406        0.0487   197                      0.0444   171966                    z_2_9 U    949    948     27
    953   410        0.0491   188                      0.0444   173365                   z_0_15 U    953    952     30
    954   411        0.0491   190                      0.0444   175151                   z_0_15 D    954    952     30
    960   409    infeasible                            0.0444   179260                      Y_2 D    960    959     13
Elapsed time = 57.16 sec. (109639.22 ticks, tree = 60.78 MB, solutions = 0)
    980   417        0.0466   275                      0.0444   182447                     Y_15 U    980    232     12
    983   416        0.0453   270                      0.0444   185077                      Y_1 D    983    585     10
    997   426        0.0456   252                      0.0444   186527                     Y_15 U    997     63     11
   1014   435    infeasible                            0.0444   188074                      Y_2 D   1014   1013     21
   1038   451        0.0480   176                      0.0444   189498                     Y_19 U   1038   1036     20
   1047   448        0.0484   206                      0.0445   190724                      Y_3 N   1047    424     11
   1059   454        0.0488   223                      0.0445   192345                      Y_3 U   1059   1058     16
   1074   449    infeasible                            0.0445   193596                      Y_2 U   1074    159     11
   1097   464    infeasible                            0.0445   194899                      Y_2 D   1097   1095     24
   1141   474    infeasible                            0.0445   201436                      Y_2 D   1141    159     11
Elapsed time = 64.45 sec. (123513.76 ticks, tree = 78.77 MB, solutions = 0)
   1182   476        0.0481   236                      0.0446   206720                      Y_3 D   1182    305     11
   1216   474        0.0456   217                      0.0446   212249                     Y_15 U   1216    184     11
   1254   476        0.0484   182                      0.0446   217341                     Y_18 D   1254   1253     12
   1323   507    infeasible                            0.0447   223643                     Y_10 D   1323   1322     15
   1375   521    infeasible                            0.0447   229277                      Y_2 D   1375   1373     15
   1440   560        0.0456   186                      0.0447   233830                      Y_1 D   1440   1439     11
   1484   592        0.0455   194                      0.0447   239885                      Y_1 N   1484    631     11
   1535   611        0.0454   223                      0.0447   245123                     Y_18 N   1535    637     11
   1596   652        0.0478   168                      0.0447   251123                    z_1_8 U   1596   1594     25
   1613   653        0.0463   273                      0.0447   256219                          X   1613     26      4
Elapsed time = 84.36 sec. (163375.97 ticks, tree = 126.00 MB, solutions = 0)
   1671   693        0.0452   267                      0.0448   261478                      Y_1 N   1671   1568     12
   1730   726        0.0455   194                      0.0448   265988                     Y_18 N   1730    719     11
   1813   779        0.0481   168                      0.0448   270341                     Y_19 D   1813   1812     23
   1848   790        0.0453   281                      0.0448   279184                      Y_6 N   1848   1797     12
   1893   815    infeasible                            0.0448   285195                      Y_2 D   1893    154     11
   1937   837        0.0458   235                      0.0448   290278                     Y_15 U   1937     79     12
   1951   841        0.0453   269                      0.0448   296384                      Y_1 N   1951   1523     12
   1973   857        0.0477   180                      0.0448   303913                     Y_14 D   1973   1972     19
   2003   873        0.0474   260                      0.0449   310961                     Y_14 D   2003   1962     11
   2045   893    infeasible                            0.0449   316677                     Y_10 D   2045   2044     19
Elapsed time = 105.06 sec. (205163.65 ticks, tree = 185.63 MB, solutions = 0)
   2098   928        0.0459   273                      0.0449   321193                    z_0_2 D   2098   2097     13
   2130   942        0.0455   285                      0.0449   326125                     Y_18 N   2130    884     11
   2189   989        0.0465   204                      0.0450   331272                      Y_6 U   2189   2188     16
   2229  1005        0.0458   264                      0.0450   338327                    z_0_2 U   2229   2227     11
   2283  1035        0.0484   188                      0.0450   343191                     Y_20 U   2283   2282     13
   2312  1050        0.0454   259                      0.0451   351889                      Y_6 N   2312   1768     10
   2355  1081        0.0473   251                      0.0451   361108                     Y_16 U   2355   2353     22
   2412  1108        0.0462   205                      0.0451   367000                     Y_10 D   2412   2411     13
   2462  1136        0.0489   196                      0.0451   372738                      Y_1 N   2462   2460     14
   2514  1162        0.0469   178                      0.0451   377788                     Y_20 D   2514   2513     15
Elapsed time = 124.89 sec. (245758.74 ticks, tree = 244.35 MB, solutions = 0)
   2571  1187        0.0453   206                      0.0452   383324                     Y_20 D   2571   2226     10
   2609  1199        0.0454   194                      0.0452   388986                     Y_10 N   2609   1303     12
   2644  1218        0.0471   253                      0.0452   394713                    z_1_9 U   2644   2643     19
   2699  1247        0.0479   197                      0.0452   399471                     Y_19 D   2699   2698     20
   2731  1253        0.0462   211                      0.0452   405098                     Y_18 D   2731   2730     12
   2749  1267        0.0477   245                      0.0452   412670                      Y_1 N   2749   2748     19
   2790  1288        0.0464   250                      0.0452   420124                   z_1_10 D   2790   2789     15
   2824  1298        0.0476   225                      0.0453   425135                     Y_14 D   2824   2822     10
   2870  1320    infeasible                            0.0453   431872                      Y_2 D   2870   2868     18
   2917  1337        0.0459   235                      0.0453   435508                     Y_18 N   2917    818     11
Elapsed time = 143.98 sec. (284966.72 ticks, tree = 284.52 MB, solutions = 0)
   2955  1353        0.0478   312                      0.0453   443542                     Y_16 N   2955    429     16
   2986  1362    infeasible                            0.0453   450493                      Y_3 D   2986    185     12
   3032  1386        0.0479   195                      0.0453   456948                     Y_14 D   3032   1547     13
   3091  1411        0.0487   207                      0.0453   460945                     Y_16 D   3091   3089     17
   3112  1414        0.0453   318                      0.0453   466775                   z_0_10 D   3112   3111     11
   3170  1448        0.0467   270                      0.0453   474132                    z_1_9 N   3170   3168     17
   3188  1458        0.0464   233                      0.0453   481957                     Y_20 U   3188   3186     14
   3229  1481        0.0487   196                      0.0453   487072                     Y_10 D   3229   3228     13
   3263  1495        0.0454   271                      0.0453   493238                   z_1_10 D   3263   3262     10
   3285  1507        0.0453   255                      0.0453   500795                   z_0_10 N   3285   2422     13
Elapsed time = 163.62 sec. (326156.81 ticks, tree = 321.31 MB, solutions = 0)
   3321  1523        0.0467   147                      0.0453   507340                     Y_10 D   3321   3320     14
   3365  1541        0.0471   160                      0.0453   510765                     Y_10 D   3365   3364     15
   3402  1558        0.0460   228                      0.0454   516379                     Y_18 N   3402    587     11
   3479  1593        0.0467   206                      0.0454   520084                     Y_16 D   3479    773     12
   3514  1610        0.0454   298                      0.0454   527546                   z_0_10 N   3514   3263     11
   3577  1639        0.0460   213                      0.0454   531700                     Y_20 N   3577   3525     12
   3615  1651        0.0458   311                      0.0454   538126                     Y_10 N   3615     85     18
   3663  1679        0.0454   263                      0.0454   544691                   z_0_10 N   3663   2060     12
   3681  1687        0.0459   278                      0.0454   558913                     Y_18 N   3681   3339     12
   3703  1701        0.0468   295                      0.0454   567358                     Y_10 D   3703   3702     13
Elapsed time = 186.61 sec. (373004.45 ticks, tree = 366.31 MB, solutions = 0)
   3754  1726        0.0477   252                      0.0454   572745                     Y_14 D   3754   3752     12
   3806  1750        0.0459   201                      0.0454   577813                     Y_10 N   3806   2810     15
   3858  1762    infeasible                            0.0455   582310                     Y_14 D   3858   3855     16
   3899  1773        0.0458   264                      0.0455   588122                     Y_18 N   3899   3247     12
   3962  1796        0.0455   269                      0.0455   592465                          X   3962     30      7
   4011  1831        0.0455   283                      0.0455   598113                    z_0_2 N   4011   2025     13
   4048  1834        0.0464   281                      0.0455   600744                      Y_5 N   4048   4011     14
   4096  1850        0.0467   264                      0.0455   607218                     Y_18 U   4096   4094     13
   4148  1878        0.0485   226                      0.0455   613118                    z_0_2 D   4148   4146     22
   4201  1893        0.0481   229                      0.0455   616863                     Y_14 N   4201   4200     16
Elapsed time = 209.89 sec. (415180.41 ticks, tree = 416.47 MB, solutions = 0)
   4244  1922        0.0488   115                      0.0455   622718                    z_0_2 D   4244   4243     30
   4302  1948    infeasible                            0.0456   631725                          X   4302    519      8
   4362  1974        0.0474   198                      0.0456   636857                     Y_10 D   4362   4361     19
   4400  1992        0.0459   238                      0.0456   640475                      Y_5 N   4400   4399     17
   4414  2002        0.0478   239                      0.0456   644959                     Y_15 N   4414   4413     21
   4457  2023    infeasible                            0.0456   650113                      Y_2 D   4457   4455     37
   4500  2030        0.0472   239                      0.0456   656509                     Y_18 U   4500   4499     16
   4532  2044        0.0456   267                      0.0456   665241                   z_0_10 N   4532   1536     13
   4559  2045    infeasible                            0.0456   670801                      Y_2 D   4559    567     13
   4607  2069        0.0477   224                      0.0456   675167                     Y_10 U   4607   4605     13
Elapsed time = 231.41 sec. (458581.00 ticks, tree = 457.63 MB, solutions = 0)
   4658  2084    infeasible                            0.0456   680025                      Y_3 U   4658   4657     24
   4714  2112        0.0479   188                      0.0457   684362                     Y_19 U   4714   4713     19
   4769  2139        0.0490   243                      0.0457   688945                     Y_10 D   4769   4768     15
   4811  2151        0.0476   249                      0.0457   698621                      Y_5 U   4811   4578     18
   4849  2153    infeasible                            0.0457   703908                      Y_5 U   4849   4847     16
   4889  2157    infeasible                            0.0457   709713                   z_0_10 U   4889   1783     13
   4909  2165        0.0486   228                      0.0457   715644                     Y_16 U   4909   4907     20
   4944  2152    infeasible                            0.0457   721679                      Y_2 U   4944   4942     14
   4952  2154        0.0469   299                      0.0457   732115                     Y_10 N   4952   4951     15
   4995  2159        0.0465   197                      0.0458   736606                     Y_10 U   4995   2707     12
Elapsed time = 254.52 sec. (502059.56 ticks, tree = 479.56 MB, solutions = 0)
   5045  2179        0.0458   199                      0.0458   741292                    z_1_9 N   5045   2095     11
   5077  2187        0.0458   327                      0.0458   750679                      Y_3 N   5077   3319     13
   5111  2197    infeasible                            0.0458   761192                      Y_3 D   5111    874     13
   5158  2214        0.0482   275                      0.0458   765710                      Y_5 U   5158   4670     18
   5207  2233        0.0463   290                      0.0458   776372                     Y_10 N   5207   1896     16
   5231  2235    infeasible                            0.0458   782999                      Y_2 D   5231   5229     18
   5275  2247    infeasible                            0.0458   787714                     Y_10 U   5275   3539     13
   5333  2273    infeasible                            0.0458   792694                      Y_3 D   5333   5331     22
   5378  2288    infeasible                            0.0458   798509                      Y_3 D   5378    612     12
   5401  2285        0.0458   266                      0.0458   804919                    z_1_9 N   5401   2015     15
Elapsed time = 279.67 sec. (547909.08 ticks, tree = 514.05 MB, solutions = 0)

Cover cuts applied:  41
Implied bound cuts applied:  924
Flow cuts applied:  37
Mixed integer rounding cuts applied:  41
Zero-half cuts applied:  16
Multi commodity flow cuts applied:  1
Gomory fractional cuts applied:  11

Root node processing (before b&c):
  Real time             =    2.25 sec. (4498.39 ticks)
Sequential b&c:
  Real time             =  277.73 sec. (543971.70 ticks)
                          ------------
Total (root+branch&cut) =  279.98 sec. (548470.09 ticks)
CPLEX Error  1217: No solution exists.
CPLEX Error  1217: No solution exists.
moderate_seed3301.txt gcap-frontier global_gini_tree_time_limit obj=0.0491526 runtime=300.181 columns=0

--- ROUND19 RUNNER STDERR ---
