
--- ROUND19 RUNNER STDOUT ---
Version identifier: 22.1.1.0 | 2022-11-27 | 9160aff4d
CPXPARAM_Threads                                 1
CPXPARAM_MIP_Strategy_Search                     1
CPXPARAM_TimeLimit                               879.98491030000002
CPXPARAM_MIP_Tolerances_MIPGap                   1e-08
Generic callback                                 0xd0
Tried aggregator 2 times.
MIP Presolve eliminated 2402 rows and 17 columns.
MIP Presolve modified 27922 coefficients.
Aggregator did 90 substitutions.
Reduced MIP has 8030 rows, 2003 columns, and 42058 nonzeros.
Reduced MIP has 1482 binaries, 188 generals, 0 SOSs, and 0 indicators.
Presolve time = 0.05 sec. (96.92 ticks)
Probing fixed 3 vars, tightened 16 bounds.
Probing time = 0.03 sec. (76.11 ticks)
Tried aggregator 1 time.
Detecting symmetries...
MIP Presolve eliminated 18 rows and 10 columns.
MIP Presolve modified 2587 coefficients.
Reduced MIP has 8012 rows, 1993 columns, and 41808 nonzeros.
Reduced MIP has 1475 binaries, 185 generals, 0 SOSs, and 0 indicators.
Presolve time = 0.03 sec. (54.66 ticks)
Probing time = 0.00 sec. (6.66 ticks)
Clique table members: 21772.
MIP emphasis: balance optimality and feasibility.
MIP search method: traditional branch-and-cut.
Parallel mode: none, using 1 thread.
Root relaxation solution time = 0.17 sec. (404.06 ticks)

        Nodes                                         Cuts/
   Node  Left     Objective  IInf  Best Integer    Best Bound    ItCnt     Gap         Variable B NodeID Parent  Depth

      0     0        1.2906   223                      1.2906     1739         
      0     0        1.3564   250                   Cuts: 102     2326         
      0     0        1.3678   280                   Cuts: 195     2643         
      0     0        1.3711   286                   Cuts: 169     2909         
      0     0        1.3715   309                    Cuts: 98     3100         
      0     0        1.3718   320                    Cuts: 67     3276         
Detecting symmetries...
      0     0        1.3730   323                    Cuts: 87     3860         
      0     0        1.3732   312                   Cuts: 106     4040         
      0     0        1.3732   336                    Cuts: 54     4162         
      0     0        1.3733   307                    Cuts: 22     4270         
      0     0        1.3739   313                    Cuts: 56     4445         
      0     0        1.3747   322                    Cuts: 99     4569         
      0     0        1.3752   337                    Cuts: 78     4698         
      0     0        1.3753   351                    Cuts: 73     4786         
Detecting symmetries...
      0     2        1.3753   345                      1.3753     4786                                 0             0
Elapsed time = 3.50 sec. (7864.72 ticks, tree = 0.01 MB, solutions = 0)
      1     3        1.5911   308                      1.3753     5959                          X      1      0      1
      2     4        1.5882   275                      1.5882     7916                          X      2      0      1
      5     5        1.5897   270                      1.5885    13257                          X      5      3      3
      7     7        1.6276   195                      1.5885    13879                          X      7      5      4
      9     9        1.6034   265                      1.5885    15229                          X      9      6      5
     10    10        1.6177   288                      1.5885    15942                          X     10      8      6
     12    12        1.6032   270                      1.5885    16824                          X     12     11      7
     15    15        1.6026   270                      1.5885    17313                          X     15     13      8
     18    18        1.6034   272                      1.5885    17779                          X     18     17     10
     19    19        1.6034   256                      1.5885    17869                          X     19     17     10
Elapsed time = 8.55 sec. (18043.13 ticks, tree = 1.36 MB, solutions = 0)
     20    20        1.6045   274                      1.5885    18114                 bit_10_4 U     20     19     11
     23    23        1.6039   267                      1.5885    18332                 bit_10_3 U     23     22     13
     27    27        1.6058   267                      1.5885    18928                  bit_6_4 U     27     25     16
     32    32        1.6138   239                      1.5885    19556                  bit_4_4 U     32     30     19
     44    43        1.7003   238                      1.5885    21787                  bit_9_4 D     44     42     28
     53    49        1.7208   208                      1.5885    23387                 x_1_6_18 U     53     51     34
     63    52        1.6870   194                      1.5911    24357                          X     63     61      5
     77    66        1.6917   184                      1.5911    24993                 bit_13_4 D     77     75     12
     89    75        1.7210   153                      1.5911    25545                x_2_16_19 U     89     86     20
    102    86        1.7426   126                      1.5911    26287                 x_2_0_16 U    102     99     29
Elapsed time = 14.84 sec. (31756.04 ticks, tree = 8.77 MB, solutions = 0)
    121    89    infeasible                            1.5911    28964                          X    121    120      6
    129    97        1.6850   295                      1.5911    30438                          X    129    128     10
    148   110        1.7062   238                      1.5911    32401                     Y_18 U    148    146     23
    163   119        1.6034   258                      1.6026    33746                          X    163    161     10
    165   121        1.6713   327                      1.6026    35250                    p_1_1 U    165    164     12
    169   125        1.7166   308                      1.6026    37037                 bit_13_4 D    169    166     14
    173   123    infeasible                            1.6026    38761                 bit_15_4 N    173    171     16
    178   128        1.6333   268                      1.6032    40080                   z_2_19 N    178    175     11
    181   130        1.7338   251                      1.6032    42070                    p_1_1 U    181    180     14
    189   133        1.6059   266                      1.6032    43016                          X    189    188     10
Elapsed time = 20.33 sec. (43129.12 ticks, tree = 14.17 MB, solutions = 0)
    193   137        1.6881   313                      1.6032    44657                     Y_19 U    193    192     13
    196   136    infeasible                            1.6032    46365                 bit_13_4 N    196    194     15
    200   140        1.6752   287                      1.6033    48339                    p_1_1 U    200    199     11
    208   144        1.6288   259                      1.6033    51446                   z_2_19 N    208    162     11
    211   147        1.6780   274                      1.6033    54293                    p_1_1 N    211    209     13
    222   152        1.6044   281                      1.6033    55437                    p_1_1 N    222    164     12
    244   174        1.6079   220                      1.6033    56708                x_1_13_19 D    244    243     34
    260   186    infeasible                            1.6033    57977                 bit_19_4 U    260    258     49
    262   188        1.6404   292                      1.6033    59402                 bit_18_4 N    262    261     12
    264   190        1.7052   266                      1.6033    61170                    p_1_1 N    264    263     14
Elapsed time = 25.30 sec. (55123.22 ticks, tree = 20.79 MB, solutions = 0)
    273   197        1.7367   211                      1.6033    62450                     Y_19 U    273    271     21
    286   204        1.6044   288                      1.6033    64009                 bit_18_4 N    286    285     12
    307   223        1.6099   244                      1.6033    65865                x_1_20_11 D    307    306     32
    324   235        1.6726   332                      1.6033    68548                    p_1_1 U    324    177     12
    333   242        1.7161   261                      1.6033    70460                     Y_18 U    333    332     20
    350   257        1.7273   190                      1.6033    71978                   z_2_11 D    350    349     33
    356   259        1.6045   312                      1.6033    73596                    p_1_1 N    356    177     12
    371   274        1.6145   264                      1.6033    75880                   z_1_11 U    371    370     27
    381   282        1.6827   242                      1.6033    78208                   z_1_19 N    381    379     36
    384   281        1.6046   310                      1.6033    79494                          X    384     16     10
Elapsed time = 29.62 sec. (65857.01 ticks, tree = 30.92 MB, solutions = 0)
    390   287        1.6147   287                      1.6033    81658                 bit_11_4 U    390    389     16
    396   293        1.6672   300                      1.6033    84321                 bit_19_2 N    396    395     21
    401   294    infeasible                            1.6033    85927                x_2_12_18 N    401    399     25
    406   297        1.6047   303                      1.6034    87970                 bit_13_4 U    406    404     12
    409   300        1.6122   313                      1.6034    89467                    p_1_1 N    409    407     14
    415   306        1.6673   302                      1.6034    91768                 bit_11_4 U    415    414     20
    420   311        1.6869   240                      1.6034    93846                 bit_18_2 N    420    418     24
    427   314        1.6103   219                      1.6034    95737                          X    427    425      8
    437   322        1.6342   230                      1.6034    98011                   z_2_19 D    437    436     14
    442   325    infeasible                            1.6034    99814                 bit_13_4 N    442    440     17
Elapsed time = 34.64 sec. (76874.44 ticks, tree = 35.92 MB, solutions = 0)
    446   325    infeasible                            1.6034   101843                 bit_18_3 U    446    444     20
    454   333        1.6197   200                      1.6034   103230                   z_2_11 U    454    453     13
    460   339        1.7060   210                      1.6034   104834                 bit_18_2 D    460    459     19
    470   345        1.6378   300                      1.6034   107569                   z_1_19 D    470    468     16
    472   347        1.6950   262                      1.6034   108709                 bit_19_2 N    472    471     18
    478   353        1.7212   254                      1.6034   110284                 bit_18_2 U    478    476     23
    489   364        1.7310   211                      1.6034   112429                   z_1_11 U    489    488     32
    494   363        1.6382   265                      1.6034   114272                 bit_18_4 N    494    493     12
    504   371        1.7220   254                      1.6034   116104                 bit_11_4 U    504    503     21
    515   378        1.6128   286                      1.6034   118127                 bit_13_4 D    515    514     15
Elapsed time = 39.09 sec. (87423.53 ticks, tree = 41.64 MB, solutions = 0)
    526   387        1.6569   264                      1.6034   120762                     Y_19 U    526    524     24
    536   395    infeasible                            1.6034   123079                 bit_16_5 N    536    534     33
    540   397        1.6046   308                      1.6035   123979                 bit_18_3 D    540    539     13
    546   403        1.6397   303                      1.6035   125697                   z_1_19 U    546    545     19
    551   408        1.6811   282                      1.6035   128337                   z_1_11 U    551    550     24
    554   407        1.6065   293                      1.6038   130304                 bit_10_3 N    554     22     13
    561   414        1.6132   268                      1.6038   131997                   z_1_19 D    561    559     18
    562   415        1.6369   322                      1.6038   133411                   z_2_19 D    562    561     19
    564   413    infeasible                            1.6038   136205                     Y_19 N    564    562     20
    568   415        1.6053   284                      1.6039   137353                 bit_18_4 N    568    567     11
Elapsed time = 43.62 sec. (98857.84 ticks, tree = 45.88 MB, solutions = 0)
    572   419        1.6533   291                      1.6039   139135                    p_1_1 U    572    571     15
    577   420        1.6051   310                      1.6040   141408                  bit_6_4 N    577     25     16
    583   426        1.6398   291                      1.6040   143189                   z_1_19 U    583    582     22
    590   433        1.7023   266                      1.6040   145860                     Y_19 U    590    589     29
    601   436        1.6890   252                      1.6044   148401                 bit_18_3 U    601     23     14
    610   441    infeasible                            1.6044   150487                    p_1_1 D    610    608     21
    616   447        1.6450   302                      1.6044   152294                     Y_19 N    616    615     19
    622   453        1.6998   245                      1.6044   154451                     Y_19 U    622    621     25
    629   456        1.6342   270                      1.6044   156391                   z_1_19 U    629    628     19
    632   455        1.6123   301                      1.6044   158077                  bit_9_4 N    632    225     16
Elapsed time = 47.94 sec. (109515.60 ticks, tree = 50.32 MB, solutions = 0)
    636   455    infeasible                            1.6044   160080                   z_1_19 N    636    635     19
    638   455        1.6642   240                      1.6044   162894                 bit_11_4 N    638    226     17
    641   456        1.6850   248                      1.6044   164655                   z_2_11 N    641    639     19
    645   458        1.6968   263                      1.6044   165945                 bit_19_2 N    645    644     22
    650   459        1.6105   298                      1.6045   167243                    p_1_1 D    650    649     15
    653   462        1.6452   306                      1.6045   168643                   z_1_19 N    653    652     18
    658   467        1.6811   263                      1.6045   170295                   z_1_11 U    658    657     23
    673   478        1.6359   302                      1.6045   172877                   z_1_19 U    673    672     22
    680   481        1.6053   285                      1.6045   173690                    p_1_1 N    680    679     14
    745   538        1.6053   293                      1.6045   178821                          X    745    743      9
Elapsed time = 53.72 sec. (124002.45 ticks, tree = 59.59 MB, solutions = 0)
    766   551        1.6061   292                      1.6045   185667                          X    766    765      9
    800   573        1.6049   277                      1.6045   192028                 bit_18_2 N    800    799     18
    809   576        1.6622   251                      1.6045   199017                   z_1_19 N    809    808     18
    864   621        1.6052   273                      1.6046   204671                   z_2_11 N    864    863     17
    874   624        1.7351   190                      1.6046   212219                   z_1_11 N    874    873     21
    893   627        1.6907   245                      1.6046   218718                 bit_18_3 N    893    288     15
    974   702    infeasible                            1.6046   224001                   z_2_19 N    974    973     16
    988   708    infeasible                            1.6047   230809                     Y_19 D    988    986     23
   1009   721        1.6743   355                      1.6047   238660                    p_1_1 D   1009   1008     17
   1030   729    infeasible                            1.6047   246713                   z_1_19 D   1030   1028     16
Elapsed time = 70.12 sec. (164055.36 ticks, tree = 80.96 MB, solutions = 0)
   1043   734        1.7020   273                      1.6047   255797                    z_2_1 D   1043   1042     15
   1067   746    infeasible                            1.6047   263146                     Y_19 D   1067   1065     17
   1075   744        1.6051   328                      1.6047   270797                    p_1_1 N   1075    406     13
   1081   744    infeasible                            1.6047   277473                   z_2_19 N   1081   1080     14
   1088   741        1.6504   228                      1.6048   285319                    z_2_1 N   1088    996     14
   1096   735    infeasible                            1.6049   293070                   z_1_19 N   1096   1094     19
   1106   735        1.6407   329                      1.6049   300559                   z_1_19 N   1106   1105     15
   1114   735        1.7145   218                      1.6049   307564                    z_2_1 N   1114   1112     16
   1122   735        1.6404   323                      1.6050   315462                   z_1_19 N   1122   1105     15
   1130   739        1.7246   187                      1.6050   321910                     Y_19 N   1130   1129     17
Elapsed time = 86.62 sec. (204414.18 ticks, tree = 81.97 MB, solutions = 0)
   1145   744        1.7122   212                      1.6051   328678                   z_2_19 N   1145   1144     20
   1160   753        1.7303   193                      1.6051   335336                 bit_19_4 N   1160   1159     19
   1210   782    infeasible                            1.6051   339864                   z_1_19 N   1210   1209     23
   1219   783        1.6649   233                      1.6051   346914                    z_2_1 N   1219   1218     21
   1231   783        1.6477   305                      1.6053   354073                     Y_19 N   1231   1230     15
   1272   804        1.6476   298                      1.6053   361941                    p_1_1 U   1272    679     14
   1293   817        1.7399   192                      1.6053   370106                    p_1_1 N   1293   1292     19
   1313   829    infeasible                            1.6053   376956                     Y_19 U   1313   1312     26
   1328   834        1.6260   293                      1.6053   385107                   z_1_19 N   1328   1326     16
   1345   844    infeasible                            1.6053   391938                     Y_19 U   1345   1344     25
Elapsed time = 103.49 sec. (245229.05 ticks, tree = 93.94 MB, solutions = 0)
   1360   851        1.6917   281                      1.6053   398759                     Y_19 U   1360   1359     16
   1385   868        1.7247   259                      1.6054   406702                   z_2_11 N   1385   1384     21
   1411   883        1.7044   270                      1.6054   414360                   z_1_19 N   1411   1410     19
   1439   901        1.6110   239                      1.6054   422474                   z_2_11 N   1439    570     14
   1452   904        1.6863   269                      1.6054   430085                    p_1_1 N   1452   1451     13
   1457   905        1.6869   313                      1.6055   436958                   z_2_19 N   1457   1456     12
   1478   916        1.7151   246                      1.6055   444389                    z_2_1 N   1478   1477     15
   1491   919        1.6889   264                      1.6056   452084                    p_1_1 N   1491   1490     14
   1500   918        1.6578   276                      1.6056   460621                    p_1_1 N   1500   1499     15
   1517   925        1.6506   308                      1.6056   467716                    p_1_1 U   1517    516     16
Elapsed time = 120.33 sec. (285989.00 ticks, tree = 103.03 MB, solutions = 0)
   1525   925        1.6379   295                      1.6058   476439                    z_2_1 N   1525   1356     13
   1555   945    infeasible                            1.6058   485327                    z_2_1 N   1555   1553     25
   1571   953        1.6651   323                      1.6058   492530                     Y_19 N   1571   1570     13
   1588   960    infeasible                            1.6058   500238                   z_1_19 D   1588   1586     19
   1599   961    infeasible                            1.6058   507548                     Y_19 N   1599   1597     21
   1610   962    infeasible                            1.6059   513960                    p_1_1 D   1610   1607     17
   1623   971        1.7154   212                      1.6059   521250                    z_2_1 N   1623   1622     14
   1636   972        1.6071   263                      1.6061   528194                    p_1_1 N   1636   1635     11
   1676  1006        1.6955   304                      1.6062   537494                   z_2_19 N   1676   1675     14
   1696  1016        1.6973   286                      1.6065   546254                   z_2_19 N   1696   1695     13
Elapsed time = 137.27 sec. (327473.35 ticks, tree = 113.35 MB, solutions = 0)
   1741  1045        1.7091   266                      1.6065   554014                   z_1_19 N   1741   1740     16
   1780  1076        1.7058   294                      1.6065   561862                    z_2_1 D   1780   1779     20
   1796  1084    infeasible                            1.6065   570066                   z_1_19 N   1796   1794     15
   1807  1083    infeasible                            1.6065   577583                    p_1_1 N   1807   1805     19
   1816  1090        1.7252   241                      1.6065   584532                 bit_19_4 N   1816   1815     17
   1845  1105        1.7052   272                      1.6066   592449                    p_1_1 N   1845   1611     12
   1868  1122        1.7243   308                      1.6066   601898                   z_2_19 N   1868   1865     20
   1877  1121    infeasible                            1.6066   610075                    z_2_1 N   1877   1875     20
   1885  1121    infeasible                            1.6067   617577                     Y_19 N   1885   1884     21
   1895  1129        1.7113   243                      1.6068   625348                     Y_19 N   1895   1894     19
Elapsed time = 154.20 sec. (368891.18 ticks, tree = 125.99 MB, solutions = 0)
   1907  1131        1.6948   292                      1.6068   633015                 bit_19_2 N   1907   1905     14
   1945  1153        1.6823   300                      1.6068   640778                    z_2_1 N   1945   1943     18
   1953  1153        1.7031   282                      1.6070   650046                   z_1_19 N   1953   1951     17
   1996  1184        1.7091   236                      1.6070   658392                     Y_19 N   1996   1995     17
   2023  1203        1.7273   181                      1.6070   666737                   z_1_19 N   2023   2022     16
   2035  1209        1.7178   253                      1.6070   674553                 bit_18_2 U   2035   2034     18
   2063  1225    infeasible                            1.6071   683089                 x_2_0_12 N   2063   2061     29
   2078  1236        1.7324   244                      1.6073   690536                 bit_13_4 N   2078   2077     23
   2137  1269    infeasible                            1.6074   698368                     Y_19 N   2137   2136     21
   2145  1265    infeasible                            1.6075   707572                   z_1_19 N   2145   2016     18
Elapsed time = 171.19 sec. (409682.11 ticks, tree = 141.94 MB, solutions = 0)
   2154  1270        1.6554   346                      1.6076   715506                     Y_19 N   2154   2153     13
   2172  1276        1.6856   284                      1.6076   724447                   z_2_19 N   2172   2171     12
   2218  1296    infeasible                            1.6076   733029                  bit_3_5 N   2218    236     27
   2229  1305        1.7424   224                      1.6076   740392                   z_1_11 N   2229   2227     19
   2250  1304        1.6382   226                      1.6080   747935                    p_1_1 N   2250   2249     12
   2271  1311        1.6126   202                      1.6081   755771                   z_2_11 N   2271    430     11
   2281  1317        1.6772   207                      1.6081   764913                    p_1_1 N   2281   1863     18
   2293  1321        1.6991   275                      1.6085   773982                    z_2_1 N   2293   2291     15
   2316  1328        1.7070   276                      1.6085   781768                     Y_19 N   2316   2315     14
   2339  1339        1.6637   205                      1.6086   790359                     Y_19 N   2339   2338     18
Elapsed time = 188.75 sec. (451712.95 ticks, tree = 150.07 MB, solutions = 0)
   2346  1342        1.7153   250                      1.6086   798002                     Y_19 N   2346   2345     18
   2374  1354        1.7101   222                      1.6087   805921                   z_1_19 N   2374   2373     16
   2392  1362        1.6772   327                      1.6089   814007                     Y_18 N   2392   2391     13
   2416  1368        1.6092   255                      1.6090   821810                  bit_4_4 N   2416    302     28
   2426  1372        1.7044   259                      1.6090   829450                   z_1_19 N   2426   2424     14
   2449  1385        1.6405   269                      1.6092   837517                     Y_16 N   2449   2448     14
   2464  1394        1.7080   243                      1.6094   846965                   z_2_19 N   2464   2463     15
   2478  1398        1.6922   249                      1.6095   855225                   z_1_19 N   2478   2477     14
   2495  1407        1.6811   189                      1.6098   863580                    p_1_1 U   2495   2494     19
   2510  1414        1.6811   287                      1.6098   871430                   z_1_19 U   2510   2509     15
Elapsed time = 205.36 sec. (492024.43 ticks, tree = 158.68 MB, solutions = 0)
   2534  1426    infeasible                            1.6099   879667                x_1_19_13 N   2534   1267     17
   2543  1425        1.6690   264                      1.6101   888834                    p_1_1 N   2543   1217     20
   2559  1433        1.7472   167                      1.6101   896066                     Y_19 N   2559   2558     22
   2578  1438        1.7444   201                      1.6103   903863                    z_2_6 N   2578   2577     22
   2612  1450        1.6364   257                      1.6103   912362                    z_2_1 D   2612   2611     12
   2627  1461        1.6986   280                      1.6104   921346                    p_1_1 N   2627   2625     14
   2654  1482        1.7488   176                      1.6104   929937                x_1_19_16 N   2654   2653     27
   2667  1487        1.6977   257                      1.6104   938373                 bit_18_3 N   2667    611     15
   2677  1487        1.7026   220                      1.6105   947323                    p_1_1 N   2677    649     15
   2700  1504        1.7335   168                      1.6105   956697                 bit_18_2 N   2700   2698     21
Elapsed time = 222.38 sec. (533056.03 ticks, tree = 169.02 MB, solutions = 0)
   2726  1519        1.6386   171                      1.6105   966211                    z_2_1 N   2726   2611     12
   2777  1550        1.6241   205                      1.6105   974879                   z_0_16 N   2777   2776     18
   2785  1554        1.7207   259                      1.6105   983689                     Y_19 N   2785   2783     19
   2807  1556        1.6116   290                      1.6106   992227                          X   2807    198     10
   2822  1561    infeasible                            1.6107   999338                    z_2_1 D   2822   2821     18
   2830  1561        1.6965   264                      1.6108  1009768                 bit_18_3 N   2830    358     15
   2838  1559    infeasible                            1.6108  1017694                    z_2_1 U   2838   2836     14
   2850  1559        1.7036   288                      1.6111  1026800                    p_1_1 N   2850   1439     15
   2863  1566        1.7094   262                      1.6112  1033539                   z_2_11 N   2863   2862     18
   2910  1597        1.7117   246                      1.6112  1041890                   z_0_16 D   2910   2908     20
Elapsed time = 239.33 sec. (574223.17 ticks, tree = 179.28 MB, solutions = 0)
   2926  1599    infeasible                            1.6116  1049445                 bit_18_4 U   2926   2924     14
   2943  1608        1.6319   337                      1.6117  1057916                     Y_19 U   2943   2942     13
   2961  1618        1.6672   291                      1.6117  1066809                     Y_18 N   2961   2960     17
   2987  1627    infeasible                            1.6118  1076487                    p_1_1 N   2987   1799     18
   3026  1650        1.6360   347                      1.6122  1086226                   z_2_19 N   3026    405     13
   3035  1651    infeasible                            1.6122  1094421                   z_1_19 N   3035    582     22
   3049  1657        1.7054   259                      1.6124  1102650                   z_1_19 N   3049   3048     15
   3067  1665        1.6601   289                      1.6124  1110717                    z_2_1 D   3067   3066     20
   3076  1668        1.6718   279                      1.6124  1118726                    z_2_1 N   3076   3075     22
   3090  1674        1.7048   266                      1.6125  1127168                     Y_19 N   3090   3089     15
Elapsed time = 256.14 sec. (615215.63 ticks, tree = 187.79 MB, solutions = 0)
   3114  1690        1.6928   266                      1.6126  1136451                 bit_19_2 N   3114   3113     16
   3166  1721        1.6133   213                      1.6128  1144690                   z_0_16 N   3166   2272     13
   3196  1737        1.6129   318                      1.6129  1153802                    p_1_1 N   3196    515     16
   3233  1756        1.6133   247                      1.6129  1161755                   z_1_19 D   3233   3232     12
   3253  1768        1.6520   325                      1.6131  1171941                    p_1_1 U   3253    557     17
   3280  1783    infeasible                            1.6132  1181038                x_1_11_20 N   3280    249     40
   3295  1792        1.7061   245                      1.6133  1187656                     Y_16 U   3295   3294     19
   3326  1805        1.7236   256                      1.6134  1196335                    p_1_1 N   3326   3325     24
   3339  1810        1.6753   267                      1.6134  1203849                    z_2_1 N   3339   3075     22
   3350  1813        1.6867   252                      1.6134  1212697                    z_2_1 N   3350   3349     13
Elapsed time = 272.72 sec. (655544.52 ticks, tree = 203.28 MB, solutions = 0)
   3438  1885        1.7322   167                      1.6134  1220758                 x_1_8_20 N   3438   3436     33
   3518  1936        1.7000   300                      1.6134  1229590                    z_2_1 D   3518   3516     14
   3543  1957        1.7282   235                      1.6135  1240085                    z_2_1 N   3543   3541     14
   3558  1964        1.7463   209                      1.6135  1248501                   z_2_11 N   3558   3557     19
   3584  1974        1.7377   213                      1.6136  1256599                   z_1_19 U   3584   3582     18
   3604  1974    infeasible                            1.6138  1265046                    z_2_1 U   3604   3602     21
   3612  1978        1.6301   303                      1.6138  1272771                 bit_18_2 N   3612    361     18
   3626  1980    infeasible                            1.6138  1281353                   z_1_19 U   3626   3625     26
   3645  1983    infeasible                            1.6138  1288442                 bit_19_4 N   3645   3644     23
   3655  1981    infeasible                            1.6140  1296460                    z_2_1 N   3655   3653     21
Elapsed time = 289.80 sec. (695657.74 ticks, tree = 222.11 MB, solutions = 0)
   3664  1980        1.6163   286                      1.6141  1305379                 bit_10_3 N   3664    368     25
   3672  1982        1.6898   293                      1.6141  1313249                    z_2_1 N   3672   3670     14
   3683  1983        1.6775   234                      1.6143  1322703                    z_2_1 N   3683   3682     27
   3696  1984        1.6576   315                      1.6145  1331282                   z_1_19 N   3696   3695     21
   3706  1980        1.6723   235                      1.6146  1340579                   z_1_19 N   3706   3704     19
   3715  1979    infeasible                            1.6147  1348184                    z_2_1 D   3715   3714     21
   3727  1987        1.7100   227                      1.6149  1356065                 bit_16_2 N   3727   3726     19
   3764  2002    infeasible                            1.6150  1364909                    z_2_1 N   3764   3762     19
   3784  2010    infeasible                            1.6151  1374133                    z_2_1 D   3784   3649     26
   3797  2013        1.7073   187                      1.6153  1382448                    z_2_1 N   3797   3796     35
Elapsed time = 307.00 sec. (737100.54 ticks, tree = 225.56 MB, solutions = 0)
   3812  2016        1.7305   250                      1.6154  1391096                     Y_19 U   3812   3811     19
   3834  2028        1.6201   213                      1.6155  1400060                   z_1_11 N   3834   3817     14
   3851  2033        1.6837   236                      1.6156  1408492                    z_2_1 U   3851   3850     34
   3875  2041    infeasible                            1.6157  1417256                    z_2_1 D   3875   3874     17
   3889  2043        1.6476   261                      1.6159  1426039                   z_2_19 N   3889   3888     15
   3928  2068        1.7133   200                      1.6162  1435320                 x_0_4_13 N   3928   3927     19
   3965  2087    infeasible                            1.6164  1444383                 bit_11_4 N   3965   3964     21
   3979  2089        1.6177   253                      1.6165  1452711                  bit_9_4 N   3979     42     28
   3993  2095        1.6177   259                      1.6165  1461048                 bit_20_3 N   3993     41     27
   4003  2097        1.7363   189                      1.6165  1469354                    p_1_1 N   4003   4001     26
Elapsed time = 323.38 sec. (777442.23 ticks, tree = 235.00 MB, solutions = 0)
   4023  2105        1.6168   252                      1.6166  1476904                   z_1_19 N   4023   3409     11
   4042  2118        1.7072   262                      1.6166  1487470                    p_1_1 D   4042   4041     16
   4061  2129        1.7249   237                      1.6167  1496731                 bit_11_2 D   4061   4058     22
   4087  2137        1.7161   246                      1.6169  1506527                   z_0_13 D   4087   4084     18
   4115  2149        1.6893   257                      1.6172  1516772                   z_2_19 D   4115   4114     17
   4143  2165    infeasible                            1.6175  1527271                 bit_18_2 N   4143   4141     23
   4161  2179        1.7130   329                      1.6177  1537210                   z_1_19 N   4161   4160     12
   4176  2190        1.6454   346                      1.6177  1545742                   z_2_19 D   4176   4175     14
   4191  2197        1.6906   272                      1.6177  1555988                   z_1_19 N   4191   4189     13
   4237  2217        1.7267   247                      1.6177  1566398                    z_2_1 N   4237   3986     28
Elapsed time = 340.55 sec. (818313.75 ticks, tree = 248.32 MB, solutions = 0)
   4255  2217    infeasible                            1.6178  1574713                   z_1_19 U   4255   4254     31
   4272  2218        1.7310   217                      1.6178  1583277                    p_1_1 N   4272   3995     30
   4285  2221        1.7114   241                      1.6179  1591392                   d_0_16 N   4285   4284     17
   4322  2244        1.7100   276                      1.6182  1601560                     Y_19 U   4322   4321     19
   4362  2272        1.6916   270                      1.6184  1610924                     Y_16 U   4362   4360     19
   4389  2287        1.6611   248                      1.6184  1620164                   z_0_16 U   4389   4388     16
   4403  2295        1.6517   246                      1.6186  1626412                   z_2_19 U   4403   4401     14
   4434  2310        1.7174   331                      1.6189  1636121                    z_2_1 D   4434   4433     14
   4484  2334        1.6960   270                      1.6191  1646159                     Y_19 N   4484   4483     15
   4563  2381        1.6961   260                      1.6191  1655551                   z_2_19 N   4563   4562     14
Elapsed time = 356.84 sec. (857783.56 ticks, tree = 266.58 MB, solutions = 0)
   4611  2409        1.6205   241                      1.6194  1663259                    z_2_1 N   4611   4610     11
   4634  2426        1.6846   329                      1.6194  1674191                   z_1_19 U   4634   4633     13
   4656  2442        1.7476   218                      1.6195  1683943                 bit_18_3 D   4656   4654     18
   4736  2484    infeasible                            1.6197  1692931                    z_2_1 D   4736   3850     34
   4767  2505        1.7021   323                      1.6198  1703217                    p_1_1 N   4767   4766     15
   4784  2514        1.6611   319                      1.6199  1714094                    z_2_1 N   4784   1127     15
   4796  2518        1.6200   332                      1.6200  1722795                    p_1_1 N   4796   1499     15
   4807  2523        1.6571   255                      1.6201  1731108                    p_1_1 N   4807    978     15
   4830  2534        1.6568   355                      1.6201  1741256                    z_2_1 U   4830    979     16
   4842  2538        1.6565   251                      1.6203  1752135                    p_1_1 N   4842   1142     18
Elapsed time = 374.24 sec. (899853.57 ticks, tree = 283.92 MB, solutions = 0)
   4898  2568        1.6563   250                      1.6203  1761657                    z_2_1 N   4898   1143     19
   4920  2576        1.7106   286                      1.6206  1771546                  bit_9_4 D   4920     43     28
   4950  2590    infeasible                            1.6206  1780754                    z_2_1 N   4950   4949     20
   4976  2606        1.7141   211                      1.6208  1790017                    z_2_8 N   4976   4975     21
   5005  2613        1.7017   259                      1.6209  1800937                    p_1_1 N   5005   5003     15
   5047  2639        1.6209   217                      1.6209  1810218                    p_1_1 N   5047   3722     16
   5058  2640        1.7293   218                      1.6212  1819763                    z_2_1 N   5058   1036     18
   5076  2654        1.7450   163                      1.6214  1829844                  bit_9_2 N   5076   5074     21
   5095  2663    infeasible                            1.6215  1838308                     Y_16 N   5095   5093     24
   5121  2675        1.7035   247                      1.6216  1848097                     Y_19 N   5121   5120     20
Elapsed time = 391.22 sec. (940636.86 ticks, tree = 299.18 MB, solutions = 0)
   5151  2689    infeasible                            1.6216  1856945                    p_1_1 U   5151   5150     16
   5183  2708        1.6797   321                      1.6216  1868195                    z_2_1 N   5183   5182     15
   5201  2716        1.6840   249                      1.6218  1877700                   z_1_19 D   5201   5199     15
   5262  2756        1.6939   232                      1.6218  1886929                   z_2_19 U   5262   5260     20
   5276  2756        1.6285   192                      1.6219  1896564                   z_1_13 N   5276   5275     15
   5290  2760        1.7250   309                      1.6220  1904938                   z_1_19 U   5290   5289     15
   5302  2762        1.7130   265                      1.6222  1914199                     Y_19 N   5302   5301     17
   5343  2791        1.6976   208                      1.6222  1924606                    z_2_1 N   5343   5341     14
   5365  2799        1.7247   243                      1.6223  1934953                     Y_19 N   5365   5364     17
   5390  2806    infeasible                            1.6224  1943043                   z_0_16 N   5390   5388     18
Elapsed time = 408.09 sec. (980851.61 ticks, tree = 313.88 MB, solutions = 0)
   5419  2833        1.7483   142                      1.6224  1952386                  bit_4_4 D   5419   5418     39
   5454  2854        1.6921   305                      1.6227  1962056                     Y_18 N   5454   5453     14
   5472  2866    infeasible                            1.6227  1972464                    z_2_8 N   5472   5471     22
   5481  2869        1.7180   241                      1.6229  1983794                   z_2_19 N   5481   5479     18
   5503  2879        1.6991   336                      1.6230  1993119                   z_2_19 U   5503   5501     18
   5519  2883        1.7351   304                      1.6231  2001359                   z_1_19 U   5519   5518     14
   5549  2905        1.7446   145                      1.6231  2010029                 bit_16_2 N   5549   5547     31
   5598  2940        1.6343   302                      1.6231  2019599                   z_1_13 N   5598   5495     18
   5622  2950    infeasible                            1.6234  2030428                    z_2_1 U   5622   5374     15
   5640  2958        1.6260   259                      1.6244  2038199                   z_1_11 D   5640   5639     13
Elapsed time = 424.81 sec. (1021217.15 ticks, tree = 330.61 MB, solutions = 0)
   5662  2970        1.6967   297                      1.6244  2048479                     Y_18 N   5662   5661     14
   5680  2974        1.6593   160                      1.6248  2058108                   z_1_13 N   5680   5356     17
   5695  2977        1.7071   266                      1.6249  2067950                   z_2_19 D   5695   5694     16
   5720  2990        1.6250   248                      1.6250  2077231                          X   5720   3533      9
   5760  3018        1.7087   157                      1.6250  2087210                 bit_18_2 U   5760   5759     22
   5791  3033        1.6916   212                      1.6252  2097243                    z_2_1 U   5791   5790     16
   5808  3042        1.7122   263                      1.6256  2107470                     Y_19 N   5808   5807     16
   5836  3058        1.6525   161                      1.6256  2117054                    p_1_1 N   5836   5391     13
   5869  3077        1.7091   349                      1.6258  2128671                    z_2_1 D   5869   5868     16
   5898  3086        1.7035   264                      1.6259  2138437                   z_2_19 D   5898   5897     15
Elapsed time = 441.61 sec. (1061504.32 ticks, tree = 345.02 MB, solutions = 0)
   5912  3092        1.7224   226                      1.6259  2148949                     Y_19 N   5912   5911     17
   5944  3108    infeasible                            1.6259  2158890                   z_0_16 U   5944   5942     23
   5970  3128        1.7321   201                      1.6259  2168667                x_1_13_16 N   5970   5969     17
   6009  3151        1.7308   237                      1.6260  2179280                   z_2_19 N   6009   6007     16
   6024  3156        1.7118   255                      1.6260  2188207                   z_0_16 N   6024   6023     16
   6042  3164    infeasible                            1.6260  2195885                     Y_18 N   6042   6041     16
   6055  3171        1.7016   345                      1.6260  2204370                    z_2_1 U   6055   6053     15
   6068  3174        1.7321   252                      1.6260  2213742                   z_1_13 N   6068   6066     18
   6085  3179        1.6924   199                      1.6261  2222551                   d_0_16 D   6085   6084     18
   6101  3183    infeasible                            1.6261  2230358                     Y_19 D   6101   6098     16
Elapsed time = 458.88 sec. (1102339.03 ticks, tree = 355.95 MB, solutions = 0)
   6113  3189        1.7299   186                      1.6261  2239257                  bit_9_4 N   6113   6112     16
   6136  3198        1.6300   269                      1.6266  2247162                   z_1_13 U   6136   6135     18
   6147  3199        1.6958   292                      1.6268  2256956                    z_2_1 N   6147   6095     13
   6166  3210    infeasible                            1.6268  2264955                  bit_8_5 D   6166   6164     20
   6200  3226        1.7178   211                      1.6269  2274165                  bit_9_4 N   6200   6199     20
   6211  3229        1.6928   207                      1.6269  2282357                   z_2_19 N   6211   6210     14
   6241  3249        1.7250   235                      1.6270  2292105                    z_2_8 N   6241   6240     17
   6272  3264        1.6287   241                      1.6276  2299438                    p_1_1 D   6272   6270     11
   6306  3288        1.6888   190                      1.6277  2308375                    z_2_1 D   6306   6305     15
   6330  3300        1.6296   250                      1.6278  2317748                   z_1_13 D   6330   5706     11
Elapsed time = 477.17 sec. (1143675.43 ticks, tree = 368.34 MB, solutions = 0)
   6358  3320        1.7193   154                      1.6278  2326667                     Y_19 N   6358   6356     17
   6378  3330        1.7114   250                      1.6280  2335005                   z_0_16 N   6378   6377     15
   6404  3338        1.7280   209                      1.6284  2343671                 bit_18_2 N   6404   6403     17
   6424  3348        1.7357   141                      1.6286  2351039                 bit_18_2 N   6424   6421     20
   6459  3369        1.6560   182                      1.6287  2359571                    p_1_1 N   6459   6270     11
   6489  3389        1.6335   210                      1.6288  2368824                   z_1_11 N   6489   6272     12
   6518  3404        1.7384   191                      1.6290  2379425                    z_2_1 D   6518   6517     19
   6533  3405        1.6641   270                      1.6291  2389262                    z_2_1 N   6533   3066     20
   6545  3407        1.7006   236                      1.6292  2396717                   z_1_19 N   6545   6544     16
   6565  3415    infeasible                            1.6294  2405785                   z_2_19 N   6565   6105     21
Elapsed time = 494.16 sec. (1184223.04 ticks, tree = 381.26 MB, solutions = 0)
   6585  3427        1.7083   205                      1.6296  2413992                   z_0_16 D   6585   6584     17
   6618  3450        1.6563   187                      1.6297  2423357                   p_0_11 N   6618   6617     13
   6668  3486        1.6334   202                      1.6297  2432542                   z_1_11 N   6668   6331     13
   6683  3497        1.7006   227                      1.6297  2441952                   z_1_19 N   6683   6682     14
   6701  3503        1.6488   277                      1.6298  2450929                   z_1_13 N   6701   6700     14
   6723  3509        1.7241   183                      1.6300  2459446                   z_1_19 U   6723   6722     16
   6749  3523        1.6631   200                      1.6302  2468681                    z_2_1 N   6749   3612     19
   6766  3530        1.6308   195                      1.6304  2476622                   z_0_16 N   6766   6126     15
   6782  3534        1.6838   302                      1.6305  2484707                     Y_19 N   6782   6781     19
   6798  3544        1.7331   237                      1.6306  2493308                   z_2_19 D   6798   6796     19
Elapsed time = 511.02 sec. (1224549.15 ticks, tree = 395.52 MB, solutions = 0)
   6819  3559        1.7461   158                      1.6306  2503868                     Y_19 N   6819   6818     24
   6852  3582        1.7337   229                      1.6306  2513078                    z_2_8 D   6852   6851     19
   6899  3605    infeasible                            1.6307  2521488                     Y_16 N   6899   6897     27
   6912  3608        1.6880   272                      1.6312  2532061                    z_2_1 N   6912   6911     15
   6931  3613    infeasible                            1.6312  2540171                   d_0_16 N   6931   6929     22
   6944  3618        1.6588   186                      1.6316  2549982                    p_1_1 N   6944   6801     11
   6973  3633        1.7105   253                      1.6317  2558772                   z_1_19 N   6973   6972     14
   6999  3643    infeasible                            1.6318  2566628                    p_1_1 D   6999   6998     14
   7016  3646        1.7429   300                      1.6321  2575178                    z_2_1 D   7016   7015     19
   7041  3655    infeasible                            1.6322  2583180                 bit_11_3 N   7041   7040     24
Elapsed time = 528.09 sec. (1265321.55 ticks, tree = 408.02 MB, solutions = 0)
   7058  3660        1.7115   237                      1.6324  2591260                    z_2_1 D   7058   7057     15
   7092  3680        1.6628   159                      1.6324  2600202                   z_0_13 U   7092   7091     13
   7118  3694        1.7378   259                      1.6326  2609082                    p_1_1 N   7118   7117     14
   7135  3693    infeasible                            1.6328  2618164                    z_2_1 N   7135   3845     15
   7149  3699        1.7367   200                      1.6328  2627747                    z_2_1 N   7149   7147     17
   7172  3702        1.7076   210                      1.6332  2636825                   z_1_19 D   7172   7171     16
   7192  3710        1.6640   294                      1.6332  2644666                     Y_18 N   7192   7191     15
   7206  3718        1.6656   264                      1.6332  2652534                   z_1_19 D   7206   7204     15
   7218  3722    infeasible                            1.6333  2659735                    z_2_1 D   7218   7217     17
   7228  3726        1.6607   181                      1.6333  2668598                    p_1_1 N   7228   7066     11
Elapsed time = 545.59 sec. (1306498.66 ticks, tree = 415.88 MB, solutions = 0)
   7297  3789        1.7095   198                      1.6334  2677142                   z_1_11 N   7297   7296     17
   7389  3859        1.7404   116                      1.6334  2684685                  x_1_8_5 D   7389   7388     36
   7431  3889        1.6563   290                      1.6334  2693424                     Y_19 N   7431    178     12
   7446  3894        1.6737   307                      1.6335  2700737                   p_0_11 N   7446   7445     16
   7462  3896        1.6639   162                      1.6336  2708693                   z_1_19 N   7462   6711     18
   7488  3910        1.7437   177                      1.6339  2719581                   z_2_19 N   7488   7486     20
   7510  3918    infeasible                            1.6340  2728600                  bit_9_4 N   7510   7509     24
   7541  3939        1.7310   195                      1.6342  2737296                 bit_18_2 U   7541   7540     21
   7568  3952    infeasible                            1.6342  2746085                   z_0_13 N   7568   7567     22
   7584  3958        1.6405   305                      1.6342  2753239                     Y_19 N   7584    469     17
Elapsed time = 562.31 sec. (1346365.71 ticks, tree = 441.74 MB, solutions = 0)
   7594  3960        1.6434   245                      1.6342  2761482                     Y_19 N   7594    437     15
   7616  3968        1.6628   179                      1.6343  2769518                   p_0_11 N   7616   7615     12
   7636  3978        1.6379   251                      1.6343  2777282                   p_0_11 N   7636   7635     13
   7660  3988        1.6672   203                      1.6344  2786609                     Y_18 U   7660   7659     18
   7671  3985    infeasible                            1.6347  2794732                     Y_19 U   7671   7669     20
   7686  3986        1.6446   240                      1.6353  2802908                     Y_19 N   7686    435     14
   7700  3996        1.7126   212                      1.6353  2810749                   d_0_16 N   7700   7699     16
   7731  4013        1.6598   228                      1.6354  2819433                   z_1_13 U   7731   7730     14
   7746  4020        1.7213   215                      1.6356  2830475                    z_2_1 N   7746   7744     17
   7771  4037        1.7163   233                      1.6357  2838780                     Y_18 U   7771   7770     19
Elapsed time = 579.19 sec. (1386335.37 ticks, tree = 450.55 MB, solutions = 0)
   7787  4045        1.7270   250                      1.6359  2848704                x_0_13_19 N   7787   7478     15
   7830  4068    infeasible                            1.6359  2857559                   d_0_16 U   7830   7828     22
   7841  4069    infeasible                            1.6360  2866845                    z_2_1 N   7841   7840     15
   7865  4079        1.6399   262                      1.6361  2873306                          X   7865   7863     10
   7898  4102        1.7001   340                      1.6362  2885347                   z_2_19 N   7898   1675     14
   7936  4124    infeasible                            1.6362  2893969                    z_2_1 U   7936   7935     18
   7953  4129        1.7349   279                      1.6363  2903474                   z_1_13 D   7953   7951     22
   7981  4139        1.6373   252                      1.6366  2911550                    p_1_1 N   7981   7980     12
   8004  4152        1.7136   253                      1.6369  2921042                    z_2_1 D   8004   8003     16
   8020  4160        1.7107   211                      1.6369  2931114                     Y_19 N   8020   8019     16
Elapsed time = 596.72 sec. (1427479.88 ticks, tree = 464.44 MB, solutions = 0)
   8046  4176        1.7318   201                      1.6371  2940344                     Y_19 N   8046   8045     20
   8065  4177    infeasible                            1.6371  2948312                 bit_18_3 U   8065   8063     23
   8087  4191        1.6575   283                      1.6372  2957411                     Y_19 U   8087   8086     13
   8102  4196        1.6636   178                      1.6372  2965431                    p_1_1 N   8102   7980     12
   8124  4210        1.6449   197                      1.6374  2973325                   z_1_13 U   8124   8123     14
   8138  4212        1.7045   282                      1.6374  2983315                     Y_19 N   8138   8137     16
   8154  4218    infeasible                            1.6375  2991322                    z_2_1 U   8154   8152     23
   8193  4245        1.6504   282                      1.6375  2999989                     Y_18 N   8193   7186     11
   8214  4258        1.7167   190                      1.6375  3007882                   d_2_16 D   8214   8213     19
   8253  4277    infeasible                            1.6376  3017051                     Y_19 U   8253   8252     27
Elapsed time = 613.09 sec. (1467193.67 ticks, tree = 477.58 MB, solutions = 0)
   8266  4274        1.7251   278                      1.6376  3026140                     Y_19 N   8266   1377     15
   8286  4278        1.6692   237                      1.6378  3033262                     Y_19 U   8286   8284     19
   8302  4284    infeasible                            1.6378  3042336                     Y_19 N   8302   8300     20
   8317  4291        1.6854   350                      1.6379  3050099                    z_2_1 D   8317   8316     21
   8326  4290    infeasible                            1.6379  3057478                    z_2_1 D   8326   8324     16
   8346  4302        1.7152   313                      1.6379  3066732                   z_1_19 D   8346   8344     17
   8360  4308        1.7396   255                      1.6380  3075054                   z_1_19 N   8360   8358     19
   8389  4321        1.6483   244                      1.6382  3084205                   z_1_19 N   8389   7055     13
   8409  4331    infeasible                            1.6382  3092720                 bit_18_3 U   8409   8407     20
   8430  4336        1.6932   261                      1.6382  3101878                     Y_19 N   8430   8429     17
Elapsed time = 629.88 sec. (1506936.70 ticks, tree = 484.04 MB, solutions = 0)
   8449  4341        1.7051   242                      1.6383  3111267                     Y_19 N   8449   8448     13
   8470  4352        1.6614   190                      1.6383  3120231                   z_0_13 N   8470   8469     16
   8488  4352        1.7256   187                      1.6384  3128030                   p_0_11 N   8488   8487     13
   8509  4359        1.7135   307                      1.6386  3136975                   z_2_19 D   8509   8508     19
   8545  4379        1.7063   177                      1.6388  3146627                    z_2_1 N   8545   8544     16
   8565  4391        1.6723   164                      1.6388  3155935                   z_1_19 N   8565   8564     15
   8596  4408        1.7023   305                      1.6389  3165292                   d_0_16 D   8596   8595     19
   8618  4418        1.6750   336                      1.6390  3175206                   z_1_19 N   8618   8617     14
   8638  4428        1.7163   192                      1.6391  3184061                    z_2_1 D   8638   8637     18
   8661  4441        1.7431   197                      1.6392  3193738                    z_2_1 N   8661   7826     20
Elapsed time = 646.83 sec. (1547636.02 ticks, tree = 495.56 MB, solutions = 0)
   8691  4453        1.7397   159                      1.6393  3203506                    z_2_1 D   8691   8689     17
   8730  4470    infeasible                            1.6393  3213031                     Y_16 D   8730   8728     22
   8748  4480        1.6656   136                      1.6394  3221343                    z_2_1 N   8748   8747     15
   8781  4503        1.7290   324                      1.6397  3230263                  bit_9_4 D   8781   8779     20
   8814  4518        1.7405   139                      1.6398  3240957                     Y_19 N   8814   8813     21
   8843  4521    infeasible                            1.6399  3248619                   z_1_19 D   8843   8841     17
   8903  4561        1.7396   195                      1.6400  3257703                   z_0_13 U   8903   8901     19
   8928  4570    infeasible                            1.6401  3266944                    p_1_1 U   8928   8926     19
   8942  4578        1.7427   185                      1.6403  3274979                  bit_9_4 D   8942   8940     20
   8958  4578    infeasible                            1.6403  3283719                   z_1_11 N   8958    759     20
Elapsed time = 663.31 sec. (1587191.27 ticks, tree = 510.93 MB, solutions = 0)
   8983  4587        1.6661   162                      1.6404  3292285                    p_1_1 N   8983   8233     14
   9047  4633    infeasible                            1.6404  3302025                    p_1_1 U   9047   9045     15
   9074  4644    infeasible                            1.6405  3310384                 bit_16_2 U   9074   9073     26
   9101  4655        1.7163   253                      1.6406  3319281                     Y_18 U   9101   9100     20
   9115  4659        1.6741   161                      1.6406  3328058                   z_1_19 U   9115   9114     16
   9141  4671        1.6758   192                      1.6406  3336743                    z_2_1 U   9141   9140     19
   9162  4678        1.7244   191                      1.6406  3346611                     Y_19 U   9162   9161     21
   9203  4701    infeasible                            1.6407  3354296                  bit_8_5 U   9203   9202     22
   9240  4726        1.7415    80                      1.6408  3363022                  bit_6_4 D   9240   9239     39
   9300  4768        1.6748   192                      1.6409  3370842                    p_1_1 D   9300   9298     21
Elapsed time = 679.91 sec. (1626713.61 ticks, tree = 532.00 MB, solutions = 0)
   9342  4796        1.7376   163                      1.6409  3380512                   z_2_11 U   9342   9340     20
   9377  4811        1.6732   161                      1.6410  3390138                   z_1_19 U   9377   9376     16
   9407  4819        1.6684   148                      1.6411  3399441                    z_2_1 N   9407   9310     14
   9433  4827    infeasible                            1.6412  3409250                    z_2_1 N   9433   6017     16
   9462  4844        1.6779   184                      1.6414  3418504                   z_1_19 N   9462   7472     15
   9482  4852        1.7387   309                      1.6414  3427585                    z_2_1 D   9482   9480     20
   9507  4859        1.7165   181                      1.6415  3435892                  bit_9_4 D   9507   9505     22
   9531  4869        1.7253   209                      1.6415  3445545                     Y_19 N   9531   9530     16
   9556  4880        1.7224   243                      1.6417  3454515                     Y_19 N   9556   9555     16
   9583  4899        1.6687   174                      1.6417  3464005                    z_2_1 D   9583   9581     13
Elapsed time = 696.62 sec. (1666914.82 ticks, tree = 546.61 MB, solutions = 0)
   9612  4918        1.7354   306                      1.6418  3475478                   z_1_19 U   9612   9611     16
   9630  4922        1.7083   219                      1.6418  3484801                    z_2_1 N   9630   7072     15
   9696  4976        1.7121   204                      1.6419  3493257                     Y_19 N   9696   9695     16
   9744  5004        1.6610   183                      1.6419  3501855                   z_1_19 N   9744   9742     19
   9764  5010        1.7200   233                      1.6419  3511886                    z_2_1 D   9764   9763     20
   9789  5015    infeasible                            1.6420  3522024                     Y_19 N   9789   9786     18
   9804  5020        1.6871   215                      1.6420  3530811                     Y_19 N   9804   9803     14
   9825  5029        1.7158   233                      1.6420  3540015                   z_1_19 N   9825   9824     14
   9843  5033        1.7266   254                      1.6421  3548276                   p_0_11 N   9843   9841     19
   9889  5049        1.6450   192                      1.6423  3557626                   z_1_16 N   9889   9313     16
Elapsed time = 713.17 sec. (1706822.73 ticks, tree = 563.32 MB, solutions = 0)
   9907  5047        1.7107   203                      1.6425  3566609                     Y_19 N   9907   9906     17
   9935  5057    infeasible                            1.6426  3575473                    z_2_1 N   9935   3608     26
   9952  5066        1.7457   168                      1.6426  3585285                    z_2_1 N   9952   9950     17
   9980  5070    infeasible                            1.6427  3594639                   z_0_16 U   9980   9979     19
  10060  5122        1.7434    74                      1.6427  3602963                 x_0_5_14 N  10060  10059     65
  10113  5151        1.7110   205                      1.6429  3611731                   z_1_19 U  10113  10112     16
  10143  5165        1.7301   152                      1.6429  3621267                   z_1_13 D  10143  10142     21
  10166  5174    infeasible                            1.6431  3630154                   z_0_13 N  10166  10165     17
  10191  5187        1.7280   207                      1.6431  3638013                 bit_18_2 U  10191  10189     18
  10221  5193    infeasible                            1.6431  3646189                     Y_19 N  10221  10220     18
Elapsed time = 729.66 sec. (1746529.64 ticks, tree = 579.32 MB, solutions = 0)
  10243  5201        1.7274   287                      1.6432  3653973                     Y_19 U  10243  10241     20
  10264  5210        1.7224   152                      1.6432  3663552                    z_2_1 N  10264  10261     19
  10286  5214        1.6471   171                      1.6432  3671874                     Y_16 N  10286   4112     15
  10300  5220        1.7249   218                      1.6433  3682466                    p_1_1 N  10300   8417     16
  10323  5225    infeasible                            1.6433  3690629                 bit_18_2 U  10323  10321     21
  10376  5266        1.6444   240                      1.6434  3699616                  bit_9_2 N  10376   8503     14
  10390  5270        1.6585   238                      1.6434  3707733                   z_0_13 N  10390   3591     17
  10416  5280        1.7393   159                      1.6435  3715867                   z_1_16 D  10416  10415     22
  10435  5281    infeasible                            1.6435  3725592                    p_1_1 N  10435    441     18
  10465  5305        1.6436   263                      1.6436  3732376                          X  10465  10463     10
Elapsed time = 746.99 sec. (1786332.83 ticks, tree = 591.52 MB, solutions = 0)
  10493  5323        1.7208   205                      1.6436  3741443                   z_2_19 D  10493  10492     15
  10528  5338    infeasible                            1.6437  3750231                 bit_18_2 N  10528  10526     20
  10540  5342        1.6548   311                      1.6438  3758264                   z_0_16 N  10540  10539     19
  10575  5353    infeasible                            1.6438  3767560                     Y_19 D  10575  10573     17
  10604  5372        1.6763   154                      1.6441  3776432                    z_2_1 N  10604   9790     15
  10630  5382    infeasible                            1.6443  3786229                  bit_1_2 N  10630  10629     14
  10648  5390        1.6595   271                      1.6443  3793123                     Y_19 U  10648  10647     14
  10668  5398        1.7093   128                      1.6444  3801877                    z_2_1 N  10668   9116     17
  10686  5404        1.6993   262                      1.6444  3809930                    p_1_1 D  10686  10685     18
  10712  5410    infeasible                            1.6445  3818564                     Y_19 N  10712  10711     21
Elapsed time = 763.78 sec. (1826189.04 ticks, tree = 603.44 MB, solutions = 0)
  10722  5414        1.7349   230                      1.6445  3827428                   z_0_16 N  10722  10721     19
  10793  5463    infeasible                            1.6446  3836526                   p_0_11 U  10793  10791     21
  10806  5466    infeasible                            1.6446  3845178                   z_0_13 N  10806  10805     20
  10825  5467        1.6458   195                      1.6446  3852171                   z_1_13 D  10825  10824     15
  10846  5480        1.7202   190                      1.6446  3863295                    z_2_1 N  10846  10844     17
  10868  5484        1.6855   135                      1.6448  3871630                   z_1_13 N  10868  10867     16
  10897  5491        1.6988   202                      1.6449  3879927                    z_2_1 D  10897  10896     16
  10920  5496        1.6513   294                      1.6450  3889237                     Y_16 N  10920   2385     16
  10951  5509        1.6459   263                      1.6450  3898801                     Y_19 N  10951   1230     15
  10965  5503        1.7266   250                      1.6451  3908962                    z_2_1 N  10965  10964     18
Elapsed time = 780.78 sec. (1866721.69 ticks, tree = 613.58 MB, solutions = 0)
  10980  5506        1.7240   264                      1.6451  3920678                    z_2_1 N  10980   6556     16
  11002  5510    infeasible                            1.6452  3929353                     Y_19 N  11002    653     19
  11013  5515        1.7131   102                      1.6453  3939580                   z_1_19 N  11013  11011     17
  11040  5518        1.6464   216                      1.6453  3948923                   z_1_13 N  11040   9846     14
  11063  5533        1.7469   157                      1.6453  3958620                     Y_18 U  11063  11062     25
  11116  5566        1.7492   233                      1.6454  3968563                   z_1_19 D  11116  11114     19
  11151  5587        1.6724   174                      1.6455  3977944                    z_2_1 U  11151  11150     14
  11185  5605    infeasible                            1.6456  3987542                  bit_1_2 N  11185  11184     15
  11207  5605        1.7165   202                      1.6457  3997832                    z_2_1 N  11207   8794     15
  11258  5628        1.7485   151                      1.6460  4005633                    p_1_1 D  11258  11256     19
Elapsed time = 798.19 sec. (1907779.98 ticks, tree = 627.65 MB, solutions = 0)
  11277  5629    infeasible                            1.6461  4013496                    z_2_8 U  11277  11275     20
  11299  5640        1.7319   174                      1.6462  4022062                    z_2_8 D  11299  11297     20
  11381  5700        1.7493   119                      1.6463  4029611                  x_2_1_7 D  11381  11380     34
  11411  5708        1.6560   162                      1.6464  4038622                   d_0_16 N  11411   4113     16
  11433  5712        1.6511   343                      1.6465  4047242                     Y_19 N  11433   4173     13
  11446  5717        1.6996   279                      1.6466  4055670                    p_1_1 D  11446  11445     17
  11466  5725        1.7019   231                      1.6466  4065602                    p_1_1 N  11466  11445     17
  11509  5746        1.6777   139                      1.6467  4075251                    z_2_1 U  11509  11507     17
  11530  5747        1.7278   187                      1.6468  4085082                    z_2_1 N  11530  11528     18
  11559  5754        1.7424   254                      1.6469  4094375                   z_1_19 D  11559  11558     18
Elapsed time = 814.99 sec. (1947849.05 ticks, tree = 641.59 MB, solutions = 0)
  11573  5748    infeasible                            1.6470  4104086                     Y_19 N  11573   5084     18
  11586  5757        1.7330   161                      1.6471  4113059                   d_0_13 N  11586  11585     19
  11612  5759        1.7149   111                      1.6471  4123558                   z_1_19 N  11612  11610     16
  11640  5769        1.7126   202                      1.6472  4133263                    z_2_1 U  11640   8166     17
  11733  5844    infeasible                            1.6472  4142761                  bit_1_2 N  11733  11732     14
  11755  5848    infeasible                            1.6473  4151158                   z_1_19 N  11755  11753     17
  11774  5847    infeasible                            1.6473  4160457                    p_1_1 U  11774  11772     16
  11790  5863        1.7275   201                      1.6473  4168848                    z_2_1 N  11790  11788     17
  11823  5888        1.7332   277                      1.6473  4178249                    z_2_1 D  11823  11822     17
  11837  5888        1.6866   271                      1.6473  4186229                    z_2_1 N  11837   3349     13
Elapsed time = 832.31 sec. (1989007.60 ticks, tree = 656.68 MB, solutions = 0)
  11851  5892        1.7336   202                      1.6474  4194693                     Y_19 N  11851  11850     16
  11875  5904        1.7314   137                      1.6474  4203409                   d_0_16 D  11875  11873     19
  11896  5906        1.6547   208                      1.6475  4211377                   z_1_13 N  11896  11895     13
  11920  5920        1.6543   226                      1.6476  4219841                   p_0_11 U  11920  11919     16
  11937  5921        1.6629   146                      1.6476  4227775                 bit_18_2 N  11937  10281     17
  11957  5919        1.6478   203                      1.6477  4235693                   p_0_11 N  11957  11886     20
  11975  5915    infeasible                            1.6477  4243504                   d_1_13 N  11975  11973     20
  11998  5922        1.6796   155                      1.6478  4252099                    z_2_1 N  11998   9527     14
  12010  5922        1.7136   191                      1.6478  4260366                   z_2_19 N  12010  12009     14
  12105  5987        1.6987   267                      1.6479  4269318                x_0_19_16 N  12105   3047     14
Elapsed time = 849.06 sec. (2028695.53 ticks, tree = 667.72 MB, solutions = 0)
  12127  5995        1.6479   274                      1.6479  4278933                          X  12127   4156      8
  12139  6003        1.6990   251                      1.6479  4286624                     Y_18 U  12139  12138     18
  12152  6010        1.6804   295                      1.6480  4294254                     Y_18 U  12152  12151     16
  12167  6015        1.7428   150                      1.6480  4302911                   z_0_16 N  12167  12165     19
  12181  6019        1.7144   242                      1.6482  4310752                     Y_19 U  12181  12180     16
  12201  6021        1.7162   251                      1.6482  4319624                   z_1_19 N  12201   6702     15
  12224  6030        1.7177   207                      1.6483  4328317                     Y_19 U  12224  12223     15
  12249  6041        1.6777   178                      1.6483  4337686                    z_2_1 N  12249  12247     13
  12330  6090    infeasible                            1.6484  4348639                    p_1_1 N  12330  12213     16
  12370  6116    infeasible                            1.6484  4358087                   p_0_11 N  12370  12214     17
Elapsed time = 866.38 sec. (2069380.55 ticks, tree = 682.23 MB, solutions = 0)
  12396  6126        1.7150   114                      1.6485  4366944                   z_1_19 D  12396  12394     16
  12455  6165        1.6530   223                      1.6485  4374560                   z_1_16 N  12455  12454     14
  12474  6168    infeasible                            1.6486  4384917                    z_2_1 N  12474  12473     17
  12489  6169        1.6919   188                      1.6487  4394229                   d_1_13 N  12489  12488     20
  12513  6177        1.6790   142                      1.6487  4402382                    z_2_1 D  12513  12376     15
  12528  6182        1.7182   167                      1.6487  4411504                   z_1_11 U  12528  12527     19
  12553  6187        1.7439   185                      1.6489  4420725                    z_2_1 U  12553  12551     18
  12574  6192        1.6954   261                      1.6490  4430112                   z_2_19 D  12574  12573     14

Clique cuts applied:  1
Cover cuts applied:  63
Implied bound cuts applied:  814
Flow cuts applied:  27
Mixed integer rounding cuts applied:  44
Zero-half cuts applied:  31
Lift and project cuts applied:  1
Gomory fractional cuts applied:  3

Root node processing (before b&c):
  Real time             =    3.45 sec. (7784.65 ticks)
Sequential b&c:
  Real time             =  876.53 sec. (2094120.79 ticks)
                          ------------
Total (root+branch&cut) =  879.99 sec. (2101905.44 ticks)
CPLEX Error  1217: No solution exists.
CPLEX Error  1217: No solution exists.
high_imbalance_seed3202.txt gcap-frontier global_gini_tree_time_limit obj=1.74931 runtime=900.249 columns=0

--- ROUND19 RUNNER STDERR ---
