
--- ROUND19 RUNNER STDOUT ---
Version identifier: 22.1.1.0 | 2022-11-27 | 9160aff4d
CPXPARAM_Threads                                 1
CPXPARAM_MIP_Strategy_Search                     1
CPXPARAM_TimeLimit                               879.98196399999995
CPXPARAM_MIP_Tolerances_MIPGap                   1e-08
Generic callback                                 0xd0
Tried aggregator 2 times.
MIP Presolve eliminated 1071 rows and 4 columns.
MIP Presolve modified 43035 coefficients.
Aggregator did 43 substitutions.
Reduced MIP has 9406 rows, 2065 columns, and 58426 nonzeros.
Reduced MIP has 1488 binaries, 197 generals, 0 SOSs, and 0 indicators.
Presolve time = 0.05 sec. (94.38 ticks)
Probing fixed 0 vars, tightened 6 bounds.
Probing time = 0.02 sec. (55.61 ticks)
Cover probing fixed 0 vars, tightened 20 bounds.
Tried aggregator 1 time.
Detecting symmetries...
MIP Presolve eliminated 24 rows and 12 columns.
MIP Presolve modified 20 coefficients.
Reduced MIP has 9382 rows, 2053 columns, and 58006 nonzeros.
Reduced MIP has 1482 binaries, 191 generals, 0 SOSs, and 0 indicators.
Presolve time = 0.03 sec. (45.03 ticks)
Probing time = 0.00 sec. (6.41 ticks)
Clique table members: 29929.
MIP emphasis: balance optimality and feasibility.
MIP search method: traditional branch-and-cut.
Parallel mode: none, using 1 thread.
Root relaxation solution time = 0.17 sec. (385.71 ticks)

        Nodes                                         Cuts/
   Node  Left     Objective  IInf  Best Integer    Best Bound    ItCnt     Gap         Variable B NodeID Parent  Depth

      0     0        0.1000   239                      0.1000     1553         
      0     0        0.1016   249                   Cuts: 122     1937         
      0     0        0.1024   274                   Cuts: 135     2167         
      0     0        0.1161   271                   Cuts: 245     2638         
      0     0        0.1198   247                    Cuts: 74     3363         
      0     0        0.1210   266                    Cuts: 57     3462         
Detecting symmetries...
      0     0        0.1210   259                    Cuts: 32     3539         
      0     0        0.1210   277                    Cuts: 36     3605         
      0     0        0.1210   263                    Cuts: 10     3617         
      0     0        0.1210   275                    Cuts: 68     3720         
Detecting symmetries...
      0     2        0.1210   258                      0.1210     3720                                 0             0
Elapsed time = 2.73 sec. (5520.03 ticks, tree = 0.01 MB, solutions = 0)
      2     4        0.1249   269                      0.1210     4737                          X      2      1      2
      3     5        0.1419   241                      0.1210     5774                          X      3      1      2
      4     6        0.1321   284                      0.1210     8077                          X      4      2      3
      5     7        0.1335   266                      0.1210    11676                          X      5      2      3
      7     9        0.1377   257                      0.1210    12543                          X      7      5      4
      8    10        0.1376   294                      0.1210    15548                          X      8      6      5
      9    11        0.1379   295                      0.1210    19155                          X      9      6      5
     12    14        0.1393   224                      0.1210    19748                          X     12     10      7
     15    17        0.1397   221                      0.1210    20237                          X     15     13      9
     17    19        0.1397   226                      0.1210    20506                          X     17     15     10
Elapsed time = 7.23 sec. (14612.73 ticks, tree = 1.05 MB, solutions = 0)
     18    20        0.1398   223                      0.1210    20508                 bit_19_2 U     18     17     11
     19    21        0.1679   251                      0.1210    22023                 bit_19_2 D     19     17     11
     21    23        0.1520   247                      0.1210    24469                  bit_3_4 U     21     18     12
     25    25        0.1520   244                      0.1210    25920                     Y_15 U     25     24     15
     35    27        0.1684   189                      0.1321    28891                          X     35      0      1
     43    33        0.1724   196                      0.1321    32717                          X     43     40      5
     52    42        0.1703   166                      0.1321    34711                          X     52     50     10
     55    45        0.1716   212                      0.1321    35781                      Y_6 D     55     54     12
     63    51        0.1705   137                      0.1321    36331                    z_2_4 D     63     61     16
     76    64        0.1733   137                      0.1321    37427                   z_2_13 U     76     75     26
Elapsed time = 14.14 sec. (29434.91 ticks, tree = 5.47 MB, solutions = 0)
     85    73        0.1718   148                      0.1321    37725                    z_1_9 D     85     83     32
     91    77        0.1751   139                      0.1321    38430                   z_2_15 D     91     90     36
     99    81        0.1771   134                      0.1321    39666                   z_0_20 D     99     97     40
    112    91        0.1918   113                      0.1321    40513                    z_1_6 D    112    110     49
    117    92        0.1424   260                      0.1321    43832                          X    117    116      5
    126   101        0.1440   258                      0.1321    46296                          X    126    125     10
    131   106        0.1519   231                      0.1321    48571                      Y_4 N    131    130     14
    135   110        0.1525   253                      0.1321    50889                    z_2_1 U    135    134     17
    143   114        0.1488   292                      0.1361    53270                          X    143      4      4
    152   119        0.1380   287                      0.1376    56781                          X    152    116      5
Elapsed time = 20.05 sec. (41400.24 ticks, tree = 11.44 MB, solutions = 0)
    160   127        0.1400   230                      0.1376    59185                          X    160    159     10
    167   132        0.1522   268                      0.1376    62243                     Y_14 D    167    165     15
    173   138        0.1522   222                      0.1376    62912                    z_2_3 U    173    172     20
    174   139        0.1529   244                      0.1376    69764                     Y_15 U    174    173     21
    179   144        0.1641   228                      0.1376    71322                      Y_5 D    179    177     24
    197   158        0.1394   284                      0.1377    72367                          X    197    196      9
    212   173        0.1457   182                      0.1377    73153                     Y_11 D    212    211     20
    240   199        0.1693   167                      0.1377    74216                 bit_10_5 D    240    239     40
    254   207        0.1695   157                      0.1377    75178                   z_1_18 D    254    253     49
    268   215        0.1406   229                      0.1377    76212                          X    268    266      9
Elapsed time = 27.08 sec. (53564.37 ticks, tree = 34.26 MB, solutions = 0)
    278   225        0.1759   192                      0.1377    77223                 bit_19_2 D    278    276     16
    291   238        0.1460   196                      0.1377    78104                      Y_8 D    291    289     27
    310   257        0.1473   173                      0.1377    79328                 bit_13_4 U    310    308     41
    327   268    infeasible                            0.1377    81057                   z_1_10 D    327    325     53
    340   281        0.1420   188                      0.1379    82023                   z_1_14 D    340    339     17
    353   294        0.1445   179                      0.1379    83210                   z_1_19 D    353    352     30
    359   299        0.1454   151                      0.1379    84232                   z_0_14 U    359    358     36
    369   305        0.1551   176                      0.1379    85060                   z_0_19 D    369    368     44
    381   313        0.1404   246                      0.1379    87014                      Y_3 U    381    380     13
    383   315        0.1412   243                      0.1379    89002                      Y_4 U    383    382     15
Elapsed time = 33.19 sec. (65333.45 ticks, tree = 59.83 MB, solutions = 0)
    401   332        0.1431   190                      0.1379    90185                      Y_5 U    401    399     29
    414   345        0.1559   206                      0.1379    91381                  bit_7_4 D    414    412     37
    422   349    infeasible                            0.1379    94346                   z_0_11 U    422    421     44
    430   355        0.1407   245                      0.1385    95957                      Y_3 U    430    429     12
    451   374        0.1573   233                      0.1385    97492                   z_0_14 D    451    449     32
    464   381        0.1403   237                      0.1387    98439                          X    464    463     10
    478   395        0.1453   175                      0.1387    99196                     Y_16 D    478    477     23
    484   401        0.1761   230                      0.1387   102477                 bit_19_2 D    484    482     26
    490   407        0.1554   214                      0.1387   104071                   z_2_17 U    490    489     32
    503   413        0.1396   195                      0.1389   105026                    z_1_4 U    503    502     12
Elapsed time = 39.55 sec. (77655.28 ticks, tree = 86.62 MB, solutions = 0)
    505   415        0.1406   249                      0.1389   106690                      Y_3 U    505    504     14
    519   429        0.1473   197                      0.1389   107439                    z_1_6 D    519    518     28
    535   443        0.1634   141                      0.1389   108742                     Y_14 D    535    533     43
    550   454        0.1398   263                      0.1391   109862                          X    550    548     10
    558   462        0.1440   202                      0.1391   111240                      Y_6 D    558    557     16
    575   479        0.1792   167                      0.1391   111983                    z_2_3 U    575    573     29
    600   502        0.1805   134                      0.1391   113264                 x_1_0_20 D    600    599     47
    611   507        0.1402   216                      0.1391   114717                     Y_16 U    611    610     14
    625   521        0.1724   177                      0.1391   117085                   z_1_11 D    625    624     28
    633   523        0.1396   283                      0.1391   118131                          X    633    632     10
Elapsed time = 44.84 sec. (88533.78 ticks, tree = 118.58 MB, solutions = 0)
    650   538    infeasible                            0.1391   119517                  bit_1_5 U    650    648     24
    658   546        0.1450   211                      0.1391   120964                     Y_15 U    658    655     29
    664   550    infeasible                            0.1391   122383                     Y_14 D    664    663     34
    670   554        0.1396   253                      0.1391   126006                   z_0_11 U    670    669     11
    673   557        0.1411   228                      0.1391   127441                      Y_3 N    673    671     13
    686   570        0.1759   225                      0.1391   128806                  bit_1_5 U    686    684     24
    703   581        0.1394   283                      0.1392   130274                          X    703    425      8
    712   590        0.1406   249                      0.1392   131324                      Y_3 U    712    711     14
    724   602        0.1532   225                      0.1392   133235                   z_1_14 D    724    723     25
    739   611    infeasible                            0.1392   135388                 bit_10_5 U    739    737     35
Elapsed time = 50.70 sec. (101096.53 ticks, tree = 143.85 MB, solutions = 0)
    768   632        0.1396   238                      0.1392   137386                   z_0_11 U    768    767     12
    771   635        0.1408   243                      0.1392   138724                   z_1_10 D    771    770     15
    786   648    infeasible                            0.1392   140671                   z_1_14 D    786    785     30
    800   658        0.1420   293                      0.1392   141717                          X    800    799     10
    807   665        0.1506   230                      0.1392   143023                     Y_16 U    807    806     16
    817   671        0.1502   270                      0.1393   146308                     Y_14 D    817    816     11
    820   674        0.1503   266                      0.1393   149404                   z_1_14 D    820    819     14
    827   681        0.1627   261                      0.1393   152093                      Y_5 D    827    826     21
    835   685        0.1403   226                      0.1393   152836                      Y_5 D    835    833     11
    844   694        0.1621   228                      0.1393   154178                     Y_14 D    844    843     18
Elapsed time = 57.94 sec. (114989.65 ticks, tree = 167.29 MB, solutions = 0)
    856   706        0.1655   220                      0.1393   155620                   z_2_17 U    856    855     30
    863   709        0.1395   220                      0.1393   156944                   z_1_14 D    863    862     13
    867   713        0.1513   236                      0.1393   159362                    z_1_4 U    867    866     17
    872   718        0.1652   225                      0.1393   160982                   z_1_10 D    872    871     22
    877   721    infeasible                            0.1393   162265                     Y_14 D    877    876     27
    884   726        0.1408   239                      0.1393   163035                      Y_3 U    884    883     13
    891   733        0.1686   238                      0.1393   164649                 bit_19_2 D    891    889     17
    914   756        0.1480   163                      0.1393   166049                      Y_8 U    914    912     37
    927   761        0.1396   274                      0.1393   167560                          X    927    373      8
    952   784        0.1675   181                      0.1393   174940                     Y_14 D    952    951     32
Elapsed time = 64.11 sec. (128781.50 ticks, tree = 191.95 MB, solutions = 0)
    991   817        0.1691   250                      0.1394   184810                    z_1_5 D    991    990     22
   1026   844    infeasible                            0.1394   193057                   z_1_11 D   1026   1025     31
   1055   867    infeasible                            0.1394   201310                      Y_6 U   1055   1054     29
   1119   917        0.1402   254                      0.1394   206188                    z_1_5 D   1119   1118     16
   1143   939    infeasible                            0.1394   211623                  bit_1_5 U   1143   1141     35
   1188   976        0.1395   217                      0.1394   216789                   z_1_11 D   1188   1187     18
   1238  1018        0.1407   243                      0.1394   221278                      Y_3 U   1238   1237     19
   1271  1043        0.1410   242                      0.1394   226797                      Y_3 U   1271   1270     17
   1282  1052    infeasible                            0.1394   234849                    z_1_5 D   1282   1281     26
   1325  1087        0.1409   284                      0.1395   243941                      Y_4 U   1325   1324     12
Elapsed time = 84.08 sec. (171801.22 ticks, tree = 264.09 MB, solutions = 0)
   1360  1112    infeasible                            0.1395   255038                   z_0_14 D   1360   1359     23
   1366  1116        0.1685   278                      0.1395   262601                   z_1_14 D   1366   1365     14
   1391  1137    infeasible                            0.1395   268599                     Y_14 D   1391   1389     33
   1404  1146        0.1416   213                      0.1395   277984                   z_1_13 D   1404   1403     24
   1432  1168        0.1410   205                      0.1395   285094                   z_1_11 D   1432   1431     21
   1449  1179        0.1644   213                      0.1395   293874                   z_1_13 D   1449   1448     25
   1455  1179        0.1395   233                      0.1395   299351                   z_0_17 N   1455   1183     15
   1486  1202        0.1395   225                      0.1395   308563                    z_0_5 N   1486   1181     14
   1495  1209        0.1473   207                      0.1395   315736                   z_1_13 D   1495   1494     21
   1509  1213        0.1515   242                      0.1395   323564                   z_1_14 D   1509   1508     18
Elapsed time = 107.03 sec. (213576.22 ticks, tree = 283.30 MB, solutions = 0)
   1536  1230        0.1422   224                      0.1395   331484                    z_1_5 D   1536   1535     19
   1552  1240        0.1603   229                      0.1395   338099                      Y_7 N   1552   1549     30
   1556  1238        0.1395   299                      0.1395   345524                    z_1_4 N   1556   1179     12
   1571  1251    infeasible                            0.1395   354716                   z_1_13 D   1571   1570     24
   1597  1273        0.1515   235                      0.1395   359363                   z_0_14 D   1597   1596     21
   1617  1285    infeasible                            0.1395   367191                    z_0_5 U   1617   1616     23
   1659  1315        0.1531   202                      0.1395   372223                   z_2_19 D   1659   1658     23
   1677  1325        0.1429   244                      0.1395   377766                      Y_5 N   1677   1676     20
   1687  1327    infeasible                            0.1395   386375                   z_0_14 U   1687   1674     18
   1705  1335        0.1489   205                      0.1395   393921                   z_1_17 U   1705   1699     20
Elapsed time = 125.77 sec. (255506.67 ticks, tree = 313.77 MB, solutions = 0)
   1733  1359        0.1409   249                      0.1395   402197                   z_1_19 D   1733   1731     22
   1754  1372        0.1426   222                      0.1395   409347                   z_1_15 D   1754   1753     25
   1782  1390    infeasible                            0.1395   415107                   z_1_15 U   1782   1780     28
   1794  1396        0.1515   242                      0.1395   422314                     Y_14 D   1794   1793     24
   1814  1410        0.1422   232                      0.1395   430432                      Y_5 D   1814   1812     24
   1822  1410        0.1395   269                      0.1395   437354                   z_0_11 N   1822   1556     13
   1830  1418        0.1395   231                      0.1395   443036                    z_1_5 D   1830   1829     20
   1837  1419        0.1493   227                      0.1395   451587                   z_1_14 D   1837   1836     21
   1850  1422    infeasible                            0.1395   458828                   z_2_17 D   1850   1848     29
   1862  1428        0.1474   264                      0.1395   467144                   z_0_13 U   1862   1861     19
Elapsed time = 144.61 sec. (297869.20 ticks, tree = 334.69 MB, solutions = 0)
   1876  1440        0.1598   212                      0.1395   474623                   z_1_15 D   1876   1875     29
   1903  1455        0.1411   256                      0.1395   483542                      Y_5 D   1903   1900     22
   1937  1485        0.1401   207                      0.1395   491848                      Y_9 U   1937   1936     18
   1944  1492        0.1575   220                      0.1395   501796                   z_1_19 D   1944   1943     25
   1967  1501        0.1401   247                      0.1395   508684                   z_1_11 D   1967   1966     22
   2026  1548        0.1539   224                      0.1395   514092                      Y_4 U   2026   2025     22
   2046  1556    infeasible                            0.1395   519503                   z_1_19 U   2046   2044     24
   2062  1570        0.1549   206                      0.1395   525228                      Y_2 U   2062   2061     34
   2077  1577        0.1395   242                      0.1395   531124                   z_0_13 N   2077   1895     18
   2100  1594        0.1410   229                      0.1395   537337                      Y_4 U   2100   2099     21
Elapsed time = 162.94 sec. (337935.05 ticks, tree = 372.70 MB, solutions = 0)
   2127  1615        0.1515   240                      0.1395   545517                     Y_14 D   2127   2126     25
   2134  1616        0.1410   253                      0.1395   555222                      Y_4 U   2134   2133     18
   2148  1626        0.1466   207                      0.1395   561113                     Y_14 U   2148   2147     30
   2157  1631        0.1410   262                      0.1395   568825                   z_1_11 D   2157   2156     21
   2164  1636        0.1665   233                      0.1395   573808                      Y_5 D   2164   2162     25
   2173  1641        0.1634   229                      0.1395   582099                   z_1_11 D   2173   2172     20
   2196  1650        0.1598   195                      0.1395   591803                    z_1_6 D   2196   2195     25
   2213  1659        0.1395   281                      0.1395   598908                   z_0_17 N   2213   1823     15
   2227  1671        0.1422   213                      0.1395   606716                    z_1_5 D   2227   2226     26
   2241  1679        0.1410   267                      0.1395   612639                      Y_4 U   2241   2240     17
Elapsed time = 181.81 sec. (379861.87 ticks, tree = 387.57 MB, solutions = 0)
   2247  1683        0.1610   237                      0.1395   620211                     Y_14 D   2247   2246     22
   2266  1690    infeasible                            0.1395   629908                   z_1_11 D   2266   2264     23
   2275  1695    infeasible                            0.1395   636158                   z_1_11 D   2275   2274     26
   2289  1701        0.1414   255                      0.1395   642743                   z_1_11 D   2289   2288     19
   2304  1708        0.1412   304                      0.1395   650492                   z_0_17 D   2304   2303     13
   2317  1719        0.1519   246                      0.1395   659445                    z_1_5 D   2317   2316     25
   2330  1726        0.1416   261                      0.1395   665883                      Y_2 N   2330    199     11
   2347  1743        0.1483   251                      0.1395   673958                    z_1_5 D   2347   2346     24
   2375  1761        0.1409   226                      0.1395   678818                      Y_4 N   2375   2080     21
   2392  1778        0.1467   208                      0.1395   684912                      Y_7 D   2392   2390     33
Elapsed time = 200.92 sec. (421950.19 ticks, tree = 413.44 MB, solutions = 0)
   2408  1786        0.1409   260                      0.1395   691394                      Y_4 N   2408   2240     17
   2432  1804        0.1409   263                      0.1395   701440                      Y_4 N   2432   1675     19
   2448  1812        0.1409   226                      0.1395   709659                      Y_4 N   2448   2099     21
   2470  1828        0.1542   254                      0.1395   717670                   z_1_11 N   2470   2469     22
   2477  1827        0.1409   263                      0.1395   724822                    z_0_5 D   2477   2476     23
   2487  1831        0.1653   232                      0.1395   731804                   z_1_14 D   2487   2486     20
   2503  1839        0.1422   234                      0.1395   738499                      Y_5 D   2503   2501     23
   2537  1867        0.1446   217                      0.1395   744721                   z_1_10 D   2537   2536     30
   2560  1882        0.1530   215                      0.1395   750581                   z_1_15 D   2560   2559     26
   2581  1897        0.1397   247                      0.1395   756036                   z_1_15 D   2581   2579     18
Elapsed time = 220.58 sec. (465588.95 ticks, tree = 443.66 MB, solutions = 0)
   2603  1917        0.1547   201                      0.1395   761214                     Y_15 D   2603   2601     33
   2622  1930        0.1686   285                      0.1395   766523                   z_1_17 D   2622   2621     18
   2636  1940        0.1453   224                      0.1395   775620                   z_1_10 D   2636   2635     27
   2651  1949    infeasible                            0.1395   783857                   z_1_13 D   2651   2650     23
   2659  1951    infeasible                            0.1395   803630                   z_1_14 U   2659   2657     17
   2668  1956    infeasible                            0.1395   812840                   z_1_14 U   2668   2666     23
   2672  1956    infeasible                            0.1395   822163                   z_1_14 U   2672   2670     21
   2680  1960        0.1395   239                      0.1395   830255                   z_0_11 N   2680   2643     16
   2689  1967    infeasible                            0.1395   838230                   z_0_13 D   2689   2688     23
   2695  1969        0.1769   247                      0.1395   846379                   z_1_14 D   2695   2694     19
Elapsed time = 243.56 sec. (514525.01 ticks, tree = 457.85 MB, solutions = 0)
Advanced basis not built.
Advanced basis not built.
   2708  1968        0.1719   258                      0.1395   854323                    z_1_5 U   2708   2706     18
   2723  1977    infeasible                            0.1395   864667                   z_1_19 U   2723   2707     19
   2728  1978        0.1395   249                      0.1395   872864                   z_1_14 D   2728   2727     18
   2742  1986        0.1552   238                      0.1395   881274                   z_1_19 D   2742   2741     23
   2759  1995        0.1424   248                      0.1395   890902                    z_0_5 D   2759   2740     22
   2768  2002        0.1762   233                      0.1395   898903                    z_1_6 N   2768   2767     30
   2779  1999    infeasible                            0.1395   910420                   z_1_14 D   2779   2778     18
   2784  2000        0.1684   269                      0.1395   919296                   z_0_17 U   2784   2782     13
   2792  2008        0.1901   247                      0.1395   926787                   z_0_11 U   2792   2790     19
   2811  2021        0.1395   280                      0.1395   936658                   z_1_13 N   2811   1229     11
Elapsed time = 265.75 sec. (560795.14 ticks, tree = 464.81 MB, solutions = 0)
   2819  2029        0.1684   283                      0.1395   946052                   z_0_11 U   2819   2818     17
   2828  2036        0.1708   226                      0.1395   953337                      Y_4 U   2828   2827     23
   2878  2076        0.1713   249                      0.1395   958873                    z_1_4 U   2878   2877     26
   2905  2091        0.1826   238                      0.1395   964935                   z_1_10 D   2905   2904     24
   2944  2116        0.1795   226                      0.1395   970847                    z_1_4 D   2944   2942     25
   2965  2125        0.1412   229                      0.1395   976824                   z_1_11 D   2965   2964     21
   2993  2143    infeasible                            0.1395   983558                 bit_19_2 D   2993   2991     21
   2999  2143    infeasible                            0.1395   991883                   z_1_19 U   2999   2998     15
   3006  2148        0.1752   246                      0.1395   998115                      Y_5 D   3006   3005     19
   3030  2166        0.1950   179                      0.1395  1005014                      Y_6 D   3030   3027     39
Elapsed time = 285.09 sec. (604852.85 ticks, tree = 503.42 MB, solutions = 0)
   3045  2171        0.1774   249                      0.1395  1014118                   z_1_11 U   3045   3035     15
   3052  2174        0.1599   283                      0.1395  1022073                   z_1_19 N   3052   3036     16
   3065  2183        0.1395   292                      0.1395  1026520                   z_1_17 N   3065   2813     14
   3082  2200        0.1755   241                      0.1395  1032031                    z_1_4 D   3082   3080     27
   3108  2208    infeasible                            0.1395  1038601                   z_0_17 U   3108   3106     24
   3120  2220        0.1432   171                      0.1395  1047059                   z_1_10 N   3120   3118     25
   3133  2229        0.1409   272                      0.1395  1054068                      Y_4 N   3133   1487     16
   3155  2243        0.1612   226                      0.1395  1059646                      Y_5 D   3155   3154     28
   3172  2248        0.1419   280                      0.1395  1067860                    z_0_5 N   3172   3103     22
   3178  2250    infeasible                            0.1395  1076047                    z_1_4 D   3178   3177     27
Elapsed time = 305.97 sec. (648187.84 ticks, tree = 522.61 MB, solutions = 0)
   3198  2262        0.1395   259                      0.1395  1083836                   z_1_11 N   3198   1236     18
   3220  2278        0.1420   242                      0.1395  1095255                   z_1_19 U   3220   3218     24
   3249  2297        0.1624   262                      0.1395  1106981                   z_1_10 D   3249   3248     24
   3261  2303    infeasible                            0.1395  1118079                   z_0_13 D   3261   3260     23
   3276  2302    infeasible                            0.1395  1126419                   z_0_11 U   3276   3258     21
   3288  2296    infeasible                            0.1395  1133224                   z_0_13 U   3288   3287     22
   3299  2297    infeasible                            0.1395  1140611                   z_0_14 D   3299   3298     21
   3306  2296    infeasible                            0.1395  1149987                   z_0_11 U   3306   3300     22
   3317  2299        0.1395   240                      0.1395  1157921                   z_2_19 U   3317   3315     21
   3325  2301    infeasible                            0.1395  1167078                   z_1_15 U   3325   3323     27
Elapsed time = 326.45 sec. (690641.40 ticks, tree = 527.24 MB, solutions = 0)
   3336  2306    infeasible                            0.1395  1176130                   z_1_10 D   3336   3335     28
   3345  2311    infeasible                            0.1395  1185494                     Y_14 D   3345   3343     35
   3356  2314    infeasible                            0.1395  1195385                    z_1_4 U   3356   3355     24
   3380  2330        0.1733   246                      0.1395  1202714                    z_1_4 D   3380   3378     26
   3399  2341        0.1438   210                      0.1395  1208613                      Y_5 U   3399   3398     22
   3419  2357        0.1553   258                      0.1395  1216516                   z_1_15 U   3419   3395     19
   3433  2365        0.1510   259                      0.1395  1225711                    z_1_4 U   3433   3396     20
   3448  2368        0.1704   216                      0.1395  1233214                    z_1_4 N   3448   3446     25
   3465  2375    infeasible                            0.1395  1242708                    z_0_5 U   3465   3463     23
   3483  2381    infeasible                            0.1395  1254224                   z_1_11 D   3483   3482     18
Elapsed time = 349.16 sec. (736496.47 ticks, tree = 544.59 MB, solutions = 0)
   3500  2390    infeasible                            0.1395  1260374                   z_2_19 U   3500   3486     20
   3533  2419        0.1515   218                      0.1395  1266211                   z_1_19 U   3533   3532     23
   3550  2424    infeasible                            0.1395  1273415                      Y_4 D   3550   3548     27
   3565  2429        0.1639   228                      0.1395  1279539                    z_1_4 D   3565   3563     23
   3583  2437    infeasible                            0.1395  1285024                    z_1_4 U   3583   3582     23
   3600  2446        0.1412   234                      0.1395  1292225                      Y_5 D   3600   3598     23
   3625  2467        0.1655   217                      0.1395  1302102                    z_1_6 D   3625   3624     28
   3649  2481        0.1438   231                      0.1395  1312507                     Y_17 U   3649   3648     27
   3677  2499        0.1573   247                      0.1395  1322862                    z_0_5 D   3677   3676     23
   3694  2510        0.1557   244                      0.1395  1335717                   z_1_10 U   3694   3692     26
Elapsed time = 368.03 sec. (777624.03 ticks, tree = 569.95 MB, solutions = 0)
   3709  2513        0.1746   259                      0.1395  1345870                   z_0_14 D   3709   3708     22
   3716  2516        0.1395   260                      0.1395  1353194                   z_0_13 D   3716   3715     17
   3730  2526    infeasible                            0.1395  1361065                   z_2_17 U   3730   3729     26
   3743  2535        0.1569   231                      0.1395  1371820                   z_1_15 D   3743   3742     28
   3758  2546        0.1540   234                      0.1395  1380429                     Y_17 U   3758   3757     30
   3789  2567    infeasible                            0.1395  1386758                     Y_14 D   3789   3787     35
   3793  2569    infeasible                            0.1395  1392841                    z_0_5 U   3793   3792     23
   3812  2578        0.1395   269                      0.1395  1401675                   z_2_17 N   3812   3802     23
   3832  2592        0.1395   240                      0.1395  1410919                    z_0_5 D   3832   3831     22
   3838  2598        0.1519   256                      0.1395  1418333                     Y_12 D   3838   3837     28
Elapsed time = 387.33 sec. (818874.52 ticks, tree = 589.16 MB, solutions = 0)
   3854  2610        0.1515   231                      0.1395  1426701                   z_2_17 D   3854   3853     26
   3873  2621        0.1395   265                      0.1395  1434185                   z_1_19 N   3873   3732     19
   3882  2624    infeasible                            0.1395  1444374                   z_0_11 D   3882   3880     25
   3896  2628        0.1435   255                      0.1395  1450430                   z_0_11 D   3896   3895     21
   3919  2645        0.1532   244                      0.1395  1460737                   z_1_10 U   3919   3918     28
   3931  2647    infeasible                            0.1395  1467740                   z_2_19 D   3931   3930     24
   3953  2659        0.1516   224                      0.1395  1474491                   z_1_10 D   3953   3951     25
   3972  2674        0.1475   258                      0.1395  1483302                   z_1_19 D   3972   3971     23
   3979  2677    infeasible                            0.1395  1492859                   z_1_10 D   3979   3977     29
   3991  2687        0.1428   217                      0.1395  1501400                    z_1_5 D   3991   3990     24
Elapsed time = 406.91 sec. (861952.67 ticks, tree = 600.27 MB, solutions = 0)
   4011  2701        0.1515   224                      0.1395  1510930                    z_1_5 D   4011   4010     24
   4018  2702        0.1395   278                      0.1395  1519485                   z_1_17 D   4018   4017     17
   4039  2713        0.1675   252                      0.1395  1530223                     Y_14 D   4039   4037     27
   4048  2716    infeasible                            0.1395  1539040                    z_1_5 U   4048   4047     23
   4059  2721        0.1747   235                      0.1395  1546642                    z_1_6 D   4059   4058     30
   4076  2732        0.1524   227                      0.1395  1556068                     Y_12 D   4076   4075     29
   4089  2735    infeasible                            0.1395  1566625                   z_1_10 D   4089   4088     27
   4101  2741        0.1419   232                      0.1395  1572141                    z_1_5 N   4101   4069     23
   4111  2745    infeasible                            0.1395  1580512                    z_1_6 D   4111   4110     31
   4117  2745        0.1490   242                      0.1395  1588434                   z_0_13 D   4117   4018     18
Elapsed time = 427.17 sec. (905415.91 ticks, tree = 609.59 MB, solutions = 0)
   4134  2754        0.1564   251                      0.1395  1598946                    z_0_5 U   4134   4033     24
   4150  2758        0.1432   239                      0.1395  1605304                   z_1_10 D   4150   4144     25
   4163  2765    infeasible                            0.1395  1611689                   z_1_11 D   4163   4162     22
   4174  2772    infeasible                            0.1395  1620031                    z_0_5 D   4174   4173     27
   4186  2778    infeasible                            0.1395  1626221                    z_0_5 D   4186   4184     26
   4194  2778    infeasible                            0.1395  1633979                   z_0_11 D   4194   4193     22
   4208  2788        0.1410   256                      0.1395  1642458                      Y_4 U   4208   4207     22
   4222  2796        0.1644   271                      0.1395  1651820                   z_1_10 U   4222   4221     22
   4232  2800        0.1509   242                      0.1395  1658051                      Y_5 U   4232   4231     24
   4252  2810        0.1410   239                      0.1395  1667183                      Y_4 D   4252   4250     22
Elapsed time = 446.94 sec. (947457.62 ticks, tree = 621.38 MB, solutions = 0)
   4271  2823        0.1395   287                      0.1395  1674559                    z_0_5 U   4271   4269     15
   4282  2834        0.1522   232                      0.1395  1683562                   z_0_11 U   4282   4281     24
   4305  2847        0.1395   251                      0.1395  1688764                   z_2_19 N   4305   4272     17
   4317  2857        0.1533   253                      0.1395  1696747                     Y_12 U   4317   4315     26
   4333  2867    infeasible                            0.1395  1704995                     Y_14 D   4333   4332     22
   4353  2883        0.1564   197                      0.1395  1711851                     Y_12 U   4353   4351     32
   4359  2885        0.1745   271                      0.1395  1720241                 bit_11_4 D   4359   4358     21
   4380  2898        0.1553   215                      0.1395  1730093                     Y_12 U   4380   4378     29
   4400  2906        0.1409   248                      0.1395  1738894                   z_0_13 N   4400   4337     22
   4444  2944        0.1490   201                      0.1395  1746912                    z_1_6 N   4444   4442     27
Elapsed time = 465.81 sec. (987895.16 ticks, tree = 642.42 MB, solutions = 0)
   4473  2961        0.1515   246                      0.1395  1756939                     Y_14 D   4473   4471     25
   4496  2980        0.1441   211                      0.1395  1766061                   z_1_10 D   4496   4495     28
   4518  2986        0.1395   258                      0.1395  1775868                   z_0_13 U   4518   4517     21
   4539  2997        0.1546   221                      0.1395  1785965                     Y_18 U   4539   4538     31
   4558  3002        0.1395   265                      0.1395  1795159                   z_0_11 N   4558   4514     20
   4568  3002        0.1595   234                      0.1395  1806065                    z_1_6 D   4568   4567     26
   4582  3008        0.1560   215                      0.1395  1816692                   z_1_11 U   4582   4581     24
   4603  3023        0.1395   267                      0.1395  1825687                    z_0_5 D   4603   4602     19
   4618  3036        0.1443   242                      0.1395  1835605                     Y_13 D   4618   4616     30
   4665  3065        0.1631   224                      0.1395  1846355                     Y_20 D   4665   4664     24
Elapsed time = 484.06 sec. (1026905.07 ticks, tree = 656.00 MB, solutions = 0)
   4691  3079        0.1577   232                      0.1395  1857372                   z_1_10 D   4691   4690     26
   4706  3086        0.1532   238                      0.1395  1867197                   z_1_15 D   4706   4705     27
   4731  3101        0.1521   243                      0.1395  1877313                    z_1_5 D   4731   4730     28
   4747  3113        0.1543   241                      0.1395  1887908                     Y_14 D   4747   4746     27
   4765  3127        0.1522   227                      0.1395  1897956                   z_1_10 D   4765   4763     30
   4784  3136        0.1463   220                      0.1395  1909795                    z_1_5 D   4784   4783     24
   4812  3154        0.1418   217                      0.1395  1920764                    z_1_5 D   4812   4811     24
   4837  3175        0.1595   256                      0.1395  1930803                     Y_12 D   4837   4834     33
   4846  3174    infeasible                            0.1395  1940254                    z_1_5 D   4846   4844     27
   4863  3191        0.1588   212                      0.1395  1950243                     Y_13 D   4863   4861     36
Elapsed time = 503.97 sec. (1069162.94 ticks, tree = 670.15 MB, solutions = 0)
   4878  3196        0.1613   215                      0.1395  1960212                     Y_17 D   4878   4876     29
   4899  3207        0.1395   248                      0.1395  1969741                    z_1_5 D   4899   4898     21
   4928  3228        0.1395   256                      0.1395  1978703                    z_1_5 N   4928   4898     21
   4950  3242        0.1574   226                      0.1395  1987892                     Y_18 U   4950   4948     33
   4991  3269    infeasible                            0.1395  1996794                     Y_14 D   4991   4990     33
   5003  3275    infeasible                            0.1395  2007407                     Y_14 D   5003   5001     28
   5015  3279        0.1426   216                      0.1395  2017084                      Y_5 D   5015   5014     27
   5040  3294        0.1475   265                      0.1395  2026983                   z_2_19 D   5040   5038     24
   5070  3306        0.1395   277                      0.1395  2037288                   z_0_11 D   5070   5069     21
   5083  3313    infeasible                            0.1395  2047062                     Y_12 D   5083   5082     32
Elapsed time = 522.39 sec. (1108498.14 ticks, tree = 683.96 MB, solutions = 0)
   5096  3322        0.1410   218                      0.1395  2056349                      Y_4 D   5096   5094     24
   5109  3329        0.1644   256                      0.1395  2066086                     Y_14 N   5109   5108     22
   5125  3335        0.1410   254                      0.1395  2076074                      Y_4 D   5125   5123     23
   5135  3345        0.1606   212                      0.1395  2085424                     Y_15 D   5135   5132     31
   5161  3363        0.1395   254                      0.1395  2095098                   z_1_11 N   5161   5066     18
   5186  3382        0.1603   152                      0.1395  2104657                      Y_2 D   5186   5184     32
   5206  3390        0.1563   210                      0.1395  2114293                     Y_12 U   5206   5205     33
   5230  3398        0.1548   246                      0.1395  2125149                     Y_20 U   5230   5228     30
   5245  3395        0.1395   248                      0.1395  2135625                   z_2_19 N   5245   5241     21
   5261  3405    infeasible                            0.1395  2145474                     Y_14 D   5261   5259     35
Elapsed time = 540.89 sec. (1147754.27 ticks, tree = 694.28 MB, solutions = 0)
   5286  3424        0.1519   212                      0.1395  2155246                     Y_14 D   5286   5285     27
   5305  3427    infeasible                            0.1395  2165518                   z_1_17 D   5305   5303     24
   5322  3430    infeasible                            0.1395  2176152                   z_1_19 U   5322   3199     20
   5345  3443    infeasible                            0.1395  2186100                   z_2_17 D   5345   5343     29
   5354  3446        0.1537   227                      0.1395  2195954                   z_1_10 D   5354   5352     26
   5369  3447        0.1634   277                      0.1395  2206093                   z_1_19 U   5369   5368     20
   5382  3450    infeasible                            0.1395  2216480                   z_1_10 D   5382   5381     25
   5392  3450        0.1403   262                      0.1395  2227804                      Y_7 N   5392   1161     16
   5406  3460        0.1520   278                      0.1395  2237383                   z_2_19 D   5406   5404     23
   5414  3462        0.1395   287                      0.1395  2245933                   z_1_17 D   5414   5413     12
Elapsed time = 560.39 sec. (1188766.68 ticks, tree = 700.97 MB, solutions = 0)
   5423  3471        0.1921   274                      0.1395  2254017                   z_2_17 U   5423   5422     21
   5432  3476        0.1395   246                      0.1395  2259846                   z_0_13 U   5432   5429     19
   5443  3481        0.1600   259                      0.1395  2269678                    z_1_5 D   5443   5442     23
   5469  3491    infeasible                            0.1395  2279933                     Y_18 U   5469   5468     34
   5475  3495        0.1565   282                      0.1395  2290351                    z_1_5 U   5475   5473     20
   5489  3501        0.1484   265                      0.1395  2297068                    z_0_5 U   5489   5488     20
   5497  3509        0.1733   253                      0.1395  2305311                      Y_4 U   5497   5496     28
   5510  3514        0.1475   251                      0.1395  2315639                   z_1_10 D   5510   5508     26
   5514  3516    infeasible                            0.1395  2324308                     Y_14 U   5514   5512     29
   5527  3523        0.1413   215                      0.1395  2335702                      Y_5 D   5527   5525     26
Elapsed time = 580.50 sec. (1231341.31 ticks, tree = 710.46 MB, solutions = 0)
   5549  3539        0.1395   294                      0.1395  2344111                   z_0_14 N   5549   5415     14
   5558  3548        0.1409   252                      0.1395  2355683                      Y_4 D   5558   5556     20
   5575  3559        0.1689   245                      0.1395  2362289                 bit_19_2 D   5575   5436     22
   5588  3564        0.1395   258                      0.1395  2371073                   z_1_19 U   5588   5586     14
   5596  3572        0.1410   246                      0.1395  2379430                      Y_4 U   5596   5595     20
   5600  3576        0.1412   260                      0.1395  2385297                   z_1_10 D   5600   5599     22
   5616  3582        0.1688   247                      0.1395  2394845                 bit_19_2 D   5616   5593     19
   5625  3591        0.1875   284                      0.1395  2404457                 bit_11_4 D   5625   5624     28
   5639  3601        0.1395   290                      0.1395  2413335                   z_0_13 N   5639   5637     15
   5654  3614        0.1424   231                      0.1395  2421979                   z_1_10 D   5654   5653     26
Elapsed time = 601.25 sec. (1274980.85 ticks, tree = 724.84 MB, solutions = 0)
   5691  3641        0.1395   306                      0.1395  2431217                   z_1_19 N   5691   5414     13
   5697  3647        0.1626   272                      0.1395  2440161                   z_1_11 D   5697   5696     19
   5709  3653        0.1395   283                      0.1395  2451805                    z_1_4 D   5709   5708     20
   5715  3659        0.1604   204                      0.1395  2461312                   z_1_15 U   5715   5714     23
   5725  3663        0.1616   266                      0.1395  2468508                   z_0_13 U   5725   5709     21
   5737  3665    infeasible                            0.1395  2478457                   z_1_13 D   5737   5736     25
   5756  3678        0.1828   222                      0.1395  2484785                   z_1_10 D   5756   5755     26
   5772  3686        0.1395   272                      0.1395  2493515                    z_1_5 U   5772   5770     20
   5787  3699        0.1666   264                      0.1395  2500025                 bit_11_4 D   5787   5785     32
   5802  3706        0.1409   257                      0.1395  2506186                      Y_4 D   5802   5800     24
Elapsed time = 621.25 sec. (1316967.20 ticks, tree = 741.22 MB, solutions = 0)
   5824  3724        0.1689   248                      0.1395  2514376                 bit_19_2 D   5824   5798     23
   5844  3740        0.1689   270                      0.1395  2523546                   z_1_11 D   5844   5843     22
   5860  3752        0.1947   231                      0.1395  2534597                     Y_14 D   5860   5859     33
   5874  3758    infeasible                            0.1395  2544270                   z_0_13 U   5874   5872     22
   5884  3760        0.1472   272                      0.1395  2552414                    z_1_4 U   5884   5882     19
   5890  3764        0.1797   279                      0.1395  2559838                 bit_11_5 D   5890   5889     24
   5905  3769        0.1484   252                      0.1395  2568724                   z_0_13 U   5905   5895     21
   5916  3778    infeasible                            0.1395  2578891                 bit_11_4 U   5916   5914     30
   5924  3780        0.1395   294                      0.1395  2589247                    z_1_4 D   5924   5923     20
   5937  3789        0.1395   268                      0.1395  2600491                   z_2_17 U   5937   5935     17
Elapsed time = 642.66 sec. (1362745.51 ticks, tree = 753.57 MB, solutions = 0)
   5947  3797        0.1430   241                      0.1395  2609622                    z_1_4 D   5947   5946     24
   5959  3805        0.1442   229                      0.1395  2620183                    z_1_4 D   5959   5958     23
   5974  3814        0.1598   220                      0.1395  2627936                    z_1_4 D   5974   5973     25
   5984  3814        0.1705   236                      0.1395  2634643                     Y_17 U   5984   5983     24
   5992  3816        0.1585   282                      0.1395  2642209                   z_0_13 N   5992   5769     19
   6002  3822    infeasible                            0.1395  2651970                   z_1_10 D   6002   6001     27
   6017  3833        0.1395   268                      0.1395  2661124                   z_1_14 D   6017   6016     17
   6027  3841        0.1629   262                      0.1395  2670934                    z_1_5 D   6027   6026     24
   6041  3849        0.1395   257                      0.1395  2679910                   z_0_14 N   6041   6019     19
   6046  3854        0.1412   258                      0.1395  2688698                   z_0_13 D   6046   6045     24
Elapsed time = 663.14 sec. (1406149.89 ticks, tree = 764.65 MB, solutions = 0)
   6052  3856        0.1664   225                      0.1395  2696820                   z_1_10 U   6052   6050     28
   6060  3860        0.1760   246                      0.1395  2705675                   z_1_10 D   6060   6059     25
   6084  3874    infeasible                            0.1395  2710943                   z_1_13 U   6084   6082     16
   6102  3886        0.1556   212                      0.1395  2716484                      Y_3 U   6102   6101     31
   6114  3892        0.1549   275                      0.1395  2723038                   z_1_19 D   6114   6113     19
   6126  3896        0.1691   228                      0.1395  2731814                   z_1_15 N   6126   6125     22
   6147  3915    infeasible                            0.1395  2738555                      Y_6 U   6147   6146     43
   6160  3920    infeasible                            0.1395  2744658                   z_1_11 U   6160   6081     15
   6167  3927        0.1409   249                      0.1395  2751675                      Y_4 N   6167   6165     21
   6183  3937        0.1688   209                      0.1395  2758630                   z_1_13 D   6183   6182     20
Elapsed time = 681.88 sec. (1446916.56 ticks, tree = 785.24 MB, solutions = 0)
   6191  3941        0.1430   253                      0.1395  2768088                   z_0_17 N   6191   5867     18
   6201  3945        0.1749   251                      0.1395  2776952                    z_1_5 N   6201   6199     21
   6213  3951        0.1576   218                      0.1395  2785371                   z_1_13 D   6213   6212     21
   6227  3957        0.1645   250                      0.1395  2794159                   z_1_15 D   6227   6226     22
   6240  3960        0.1395   285                      0.1395  2804046                   z_0_14 N   6240   5588     15
   6247  3963        0.1395   295                      0.1395  2810773                   z_1_15 N   6247   6240     16
   6254  3968    infeasible                            0.1395  2821333                   z_1_11 D   6254   6252     21
   6261  3971        0.1505   255                      0.1395  2829095                   z_1_13 U   6261   6258     19
   6277  3981        0.1516   225                      0.1395  2839760                     Y_14 D   6277   6276     24
   6291  3989        0.1838   222                      0.1395  2848933                   z_1_10 D   6291   6290     23
Elapsed time = 702.62 sec. (1491332.59 ticks, tree = 791.84 MB, solutions = 0)
   6308  4000        0.1538   218                      0.1395  2857507                   z_1_10 D   6308   6307     26
   6326  4012        0.1800   208                      0.1395  2866257                     Y_18 D   6326   6325     29
   6347  4023        0.1810   240                      0.1395  2877021                    z_1_5 D   6347   6346     23
   6355  4031        0.1544   223                      0.1395  2885572                    z_1_6 D   6355   6354     29
   6363  4031    infeasible                            0.1395  2895901                    z_1_5 D   6363   6362     24
   6373  4041        0.1764   231                      0.1395  2906067                      Y_9 U   6373   6372     33
   6395  4055        0.1423   278                      0.1395  2917582                      Y_5 D   6395   6393     22
   6400  4060        0.1423   238                      0.1395  2925159                   z_1_13 D   6400   6398     25
   6406  4066        0.1438   245                      0.1395  2932890                    z_1_6 D   6406   6405     29
   6425  4081        0.1713   251                      0.1395  2941819                    z_1_5 D   6425   6424     22
Elapsed time = 723.09 sec. (1535426.86 ticks, tree = 803.99 MB, solutions = 0)
   6440  4090        0.1395   258                      0.1395  2952123                   z_1_11 N   6440   5707     19
   6446  4096        0.1409   256                      0.1395  2959487                      Y_4 D   6446   6444     23
   6453  4099        0.1689   246                      0.1395  2969360                   z_1_13 D   6453   6452     22
   6460  4102        0.1395   274                      0.1395  2977050                   z_0_17 N   6460   5919     17
   6467  4107        0.1705   242                      0.1395  2987310                   z_2_13 D   6467   6464     21
   6489  4117        0.1689   233                      0.1395  2997323                 bit_19_2 D   6489   5924     21
   6506  4126        0.1408   259                      0.1395  3007483                   z_1_13 D   6506   6505     19
   6521  4133        0.1549   295                      0.1395  3017463                   z_0_13 U   6521   6519     18
   6531  4143        0.1410   230                      0.1395  3026268                      Y_4 U   6531   6530     24
   6542  4154        0.1461   243                      0.1395  3035975                      Y_8 U   6542   6540     30
Elapsed time = 743.19 sec. (1578206.19 ticks, tree = 813.65 MB, solutions = 0)
   6566  4168        0.1486   246                      0.1395  3046688                      Y_4 D   6566   6564     27
   6574  4170        0.1808   266                      0.1395  3057998                    z_1_5 D   6574   6573     20
   6588  4178        0.1395   259                      0.1395  3066571                   z_1_11 N   6588   6571     18
   6604  4194        0.1501   210                      0.1395  3076416                   z_1_10 D   6604   6602     28
   6611  4197        0.1688   248                      0.1395  3085780                   z_1_13 N   6611   6610     22
   6616  4200    infeasible                            0.1395  3094072                   z_2_13 U   6616   6615     27
   6618  4200        0.1686   261                      0.1395  3103166                 bit_19_2 N   6618   6572     19
   6620  4202        0.1686   262                      0.1395  3110510                    z_1_5 U   6620   6618     20
   6632  4206        0.1395   263                      0.1395  3120560                   z_1_11 D   6632   6631     19
   6636  4210        0.1618   263                      0.1395  3129691                   z_2_17 U   6636   6635     23
Elapsed time = 763.53 sec. (1622101.53 ticks, tree = 820.51 MB, solutions = 0)
   6649  4217        0.1411   268                      0.1395  3138462                      Y_5 D   6649   6647     26
   6671  4233        0.1472   267                      0.1395  3148103                    z_1_4 U   6671   6632     20
   6679  4237        0.1686   241                      0.1395  3158962                    z_1_5 D   6679   6678     18
   6691  4249        0.1754   254                      0.1395  3167900                      Y_3 U   6691   6690     25
   6699  4255    infeasible                            0.1395  3176273                     Y_18 D   6699   6697     30
   6710  4258    infeasible                            0.1395  3187386                   z_1_13 U   6710   6708     20
   6730  4270        0.1769   238                      0.1395  3194620                   z_1_10 U   6730   6728     22
   6754  4290        0.1704   211                      0.1395  3199725                    z_1_5 U   6754   6751     22
   6771  4299    infeasible                            0.1395  3205191                     Y_14 U   6771   6770     25
   6785  4307        0.1395   277                      0.1395  3210226                    z_0_5 U   6785   6783     17
Elapsed time = 783.14 sec. (1663475.17 ticks, tree = 839.76 MB, solutions = 0)
   6790  4312        0.1395   246                      0.1395  3217027                   z_1_15 D   6790   6789     21
   6800  4320        0.1445   205                      0.1395  3224651                      Y_8 D   6800   6799     29
   6813  4327    infeasible                            0.1395  3232484                     Y_14 D   6813   6812     22
   6819  4331        0.1479   257                      0.1395  3239008                   z_1_10 U   6819   6818     21
   6842  4348        0.1688   242                      0.1395  3249359                 bit_19_2 D   6842   6784     18
   6858  4360        0.1423   226                      0.1395  3259724                      Y_5 D   6858   6856     22
   6877  4371        0.1688   243                      0.1395  3268684                    z_0_5 D   6877   6876     19
   6904  4394        0.1717   226                      0.1395  3277911                    z_1_6 D   6904   6903     26
   6922  4406        0.1397   242                      0.1395  3288622                   z_1_15 D   6922   6921     21
   6941  4421        0.1693   219                      0.1395  3300403                 bit_19_2 D   6941   6164     20
Elapsed time = 803.16 sec. (1706889.97 ticks, tree = 853.89 MB, solutions = 0)
   6965  4441        0.1435   249                      0.1395  3311267                   z_1_11 D   6965   6964     18
   6977  4443    infeasible                            0.1395  3321033                   z_2_13 D   6977   6974     19
   6987  4451        0.1662   224                      0.1395  3329635                    z_1_4 D   6987   6986     27
   7006  4464        0.1688   265                      0.1395  3334984                   z_1_11 D   7006   7005     19
   7027  4479        0.1395   253                      0.1395  3340595                   z_1_11 N   7027   5937     18
   7043  4491        0.1562   179                      0.1395  3346328                     Y_12 U   7043   7042     30
   7068  4506        0.1412   259                      0.1395  3353368                   z_1_13 N   7068   7029     20
   7079  4511        0.1902   266                      0.1395  3360464                   z_1_15 U   7079   6163     19
   7096  4520    infeasible                            0.1395  3367637                   z_1_10 U   7096   7093     30
   7107  4525    infeasible                            0.1395  3373437                   z_1_13 D   7107   7106     18
Elapsed time = 822.75 sec. (1749009.91 ticks, tree = 875.76 MB, solutions = 0)
   7111  4525        0.1395   284                      0.1395  3380339                   z_1_13 D   7111   7110     18
   7118  4532        0.1411   237                      0.1395  3390085                   z_0_13 D   7118   7117     23
   7123  4535        0.1626   281                      0.1395  3398205                 bit_11_4 U   7123   7120     25
   7134  4538        0.1658   262                      0.1395  3408705                   z_1_15 D   7134   7133     22
   7148  4546        0.1572   249                      0.1395  3419680                     Y_14 D   7148   7147     24
   7150  4546    infeasible                            0.1395  3426161                   z_1_15 D   7150   7149     26
   7158  4550        0.1658   282                      0.1395  3437716                     Y_14 D   7158   7157     21
   7171  4559        0.1516   263                      0.1395  3449205                    z_1_5 D   7171   7170     21
   7179  4563        0.1687   248                      0.1395  3459087                 bit_19_2 D   7179   7169     20
   7206  4586        0.1473   292                      0.1395  3467750                   z_1_13 U   7206   7168     19
Elapsed time = 844.03 sec. (1793975.59 ticks, tree = 884.59 MB, solutions = 0)
   7217  4589        0.1658   267                      0.1395  3479319                   z_2_13 D   7217   7215     21
   7230  4598        0.1593   235                      0.1395  3487449                     Y_14 D   7230   7229     26
   7248  4606        0.1432   216                      0.1395  3497945                      Y_5 U   7248   7247     28
   7263  4617    infeasible                            0.1395  3513207                     Y_14 D   7263   7261     38
   7277  4629    infeasible                            0.1395  3524340                     Y_14 D   7277   7276     37
   7285  4635        0.1841   257                      0.1395  3533763                      Y_4 U   7285   7284     27
   7293  4637        0.1395   311                      0.1395  3546560                   z_0_14 D   7293   7292     18
   7305  4641        0.1458   274                      0.1395  3555523                      Y_5 D   7305   7304     20
   7317  4647        0.1517   253                      0.1395  3565951                   z_1_11 U   7317   7316     22
   7322  4652        0.1617   243                      0.1395  3571973                     Y_18 U   7322   7320     25
Elapsed time = 866.67 sec. (1841641.67 ticks, tree = 893.90 MB, solutions = 0)
   7334  4658        0.1792   260                      0.1395  3582580                   z_1_11 D   7334   7333     21
   7355  4671        0.1769   260                      0.1395  3591533                   z_1_10 U   7355   7354     26
   7370  4680        0.1710   234                      0.1395  3602850                      Y_4 U   7370   7369     26
   7402  4704        0.1496   247                      0.1395  3614308                   z_0_13 N   7402   7401     21
   7412  4710        0.1820   267                      0.1395  3625979                   z_1_15 U   7412   7411     26
   7421  4713        0.1719   213                      0.1395  3635180                    z_1_6 D   7421   7420     27

Cover cuts applied:  48
Implied bound cuts applied:  1291
Flow cuts applied:  9
Mixed integer rounding cuts applied:  16
Zero-half cuts applied:  20
Gomory fractional cuts applied:  1

Root node processing (before b&c):
  Real time             =    2.69 sec. (5457.27 ticks)
Sequential b&c:
  Real time             =  877.30 sec. (1865050.09 ticks)
                          ------------
Total (root+branch&cut) =  879.98 sec. (1870507.36 ticks)
CPLEX Error  1217: No solution exists.
CPLEX Error  1217: No solution exists.
moderate_seed3302.txt gcap-frontier global_gini_tree_time_limit obj=0.195636 runtime=900.298 columns=0

--- ROUND19 RUNNER STDERR ---
