
--- ROUND19 RUNNER STDOUT ---
Version identifier: 22.1.1.0 | 2022-11-27 | 9160aff4d
CPXPARAM_Threads                                 1
CPXPARAM_MIP_Strategy_Search                     1
CPXPARAM_TimeLimit                               279.98869769999999
CPXPARAM_MIP_Tolerances_MIPGap                   1e-08
Generic callback                                 0xd0
Tried aggregator 2 times.
MIP Presolve eliminated 1071 rows and 4 columns.
MIP Presolve modified 43035 coefficients.
Aggregator did 43 substitutions.
Reduced MIP has 9406 rows, 2065 columns, and 58426 nonzeros.
Reduced MIP has 1488 binaries, 197 generals, 0 SOSs, and 0 indicators.
Presolve time = 0.05 sec. (94.38 ticks)
Probing fixed 0 vars, tightened 6 bounds.
Probing time = 0.02 sec. (55.61 ticks)
Cover probing fixed 0 vars, tightened 20 bounds.
Tried aggregator 1 time.
Detecting symmetries...
MIP Presolve eliminated 24 rows and 12 columns.
MIP Presolve modified 20 coefficients.
Reduced MIP has 9382 rows, 2053 columns, and 58006 nonzeros.
Reduced MIP has 1482 binaries, 191 generals, 0 SOSs, and 0 indicators.
Presolve time = 0.03 sec. (45.03 ticks)
Probing time = 0.00 sec. (6.41 ticks)
Clique table members: 29929.
MIP emphasis: balance optimality and feasibility.
MIP search method: traditional branch-and-cut.
Parallel mode: none, using 1 thread.
Root relaxation solution time = 0.17 sec. (385.71 ticks)

        Nodes                                         Cuts/
   Node  Left     Objective  IInf  Best Integer    Best Bound    ItCnt     Gap         Variable B NodeID Parent  Depth

      0     0        0.1000   239                      0.1000     1553         
      0     0        0.1016   249                   Cuts: 122     1937         
      0     0        0.1024   274                   Cuts: 135     2167         
      0     0        0.1161   271                   Cuts: 245     2638         
      0     0        0.1198   247                    Cuts: 74     3363         
      0     0        0.1210   266                    Cuts: 57     3462         
Detecting symmetries...
      0     0        0.1210   259                    Cuts: 32     3539         
      0     0        0.1210   277                    Cuts: 36     3605         
      0     0        0.1210   263                    Cuts: 10     3617         
      0     0        0.1210   275                    Cuts: 68     3720         
Detecting symmetries...
      0     2        0.1210   258                      0.1210     3720                                 0             0
Elapsed time = 2.75 sec. (5520.03 ticks, tree = 0.01 MB, solutions = 0)
      2     4        0.1249   269                      0.1210     4737                          X      2      1      2
      3     5        0.1419   241                      0.1210     5774                          X      3      1      2
      4     6        0.1321   284                      0.1210     8077                          X      4      2      3
      5     7        0.1335   266                      0.1210    11676                          X      5      2      3
      7     9        0.1377   257                      0.1210    12543                          X      7      5      4
      8    10        0.1376   294                      0.1210    15548                          X      8      6      5
      9    11        0.1379   295                      0.1210    19155                          X      9      6      5
     12    14        0.1393   224                      0.1210    19748                          X     12     10      7
     15    17        0.1397   221                      0.1210    20237                          X     15     13      9
     17    19        0.1397   226                      0.1210    20506                          X     17     15     10
Elapsed time = 7.25 sec. (14612.73 ticks, tree = 1.05 MB, solutions = 0)
     18    20        0.1398   223                      0.1210    20508                 bit_19_2 U     18     17     11
     19    21        0.1679   251                      0.1210    22023                 bit_19_2 D     19     17     11
     21    23        0.1520   247                      0.1210    24469                  bit_3_4 U     21     18     12
     25    25        0.1520   244                      0.1210    25920                     Y_15 U     25     24     15
     35    27        0.1684   189                      0.1321    28891                          X     35      0      1
     43    33        0.1724   196                      0.1321    32717                          X     43     40      5
     52    42        0.1703   166                      0.1321    34711                          X     52     50     10
     55    45        0.1716   212                      0.1321    35781                      Y_6 D     55     54     12
     63    51        0.1705   137                      0.1321    36331                    z_2_4 D     63     61     16
     76    64        0.1733   137                      0.1321    37427                   z_2_13 U     76     75     26
Elapsed time = 14.12 sec. (29434.91 ticks, tree = 5.47 MB, solutions = 0)
     85    73        0.1718   148                      0.1321    37725                    z_1_9 D     85     83     32
     91    77        0.1751   139                      0.1321    38430                   z_2_15 D     91     90     36
     99    81        0.1771   134                      0.1321    39666                   z_0_20 D     99     97     40
    112    91        0.1918   113                      0.1321    40513                    z_1_6 D    112    110     49
    117    92        0.1424   260                      0.1321    43832                          X    117    116      5
    126   101        0.1440   258                      0.1321    46296                          X    126    125     10
    131   106        0.1519   231                      0.1321    48571                      Y_4 N    131    130     14
    135   110        0.1525   253                      0.1321    50889                    z_2_1 U    135    134     17
    143   114        0.1488   292                      0.1361    53270                          X    143      4      4
    152   119        0.1380   287                      0.1376    56781                          X    152    116      5
Elapsed time = 20.02 sec. (41400.24 ticks, tree = 11.44 MB, solutions = 0)
    160   127        0.1400   230                      0.1376    59185                          X    160    159     10
    167   132        0.1522   268                      0.1376    62243                     Y_14 D    167    165     15
    173   138        0.1522   222                      0.1376    62912                    z_2_3 U    173    172     20
    174   139        0.1529   244                      0.1376    69764                     Y_15 U    174    173     21
    179   144        0.1641   228                      0.1376    71322                      Y_5 D    179    177     24
    197   158        0.1394   284                      0.1377    72367                          X    197    196      9
    212   173        0.1457   182                      0.1377    73153                     Y_11 D    212    211     20
    240   199        0.1693   167                      0.1377    74216                 bit_10_5 D    240    239     40
    254   207        0.1695   157                      0.1377    75178                   z_1_18 D    254    253     49
    268   215        0.1406   229                      0.1377    76212                          X    268    266      9
Elapsed time = 26.98 sec. (53564.37 ticks, tree = 34.26 MB, solutions = 0)
    278   225        0.1759   192                      0.1377    77223                 bit_19_2 D    278    276     16
    291   238        0.1460   196                      0.1377    78104                      Y_8 D    291    289     27
    310   257        0.1473   173                      0.1377    79328                 bit_13_4 U    310    308     41
    327   268    infeasible                            0.1377    81057                   z_1_10 D    327    325     53
    340   281        0.1420   188                      0.1379    82023                   z_1_14 D    340    339     17
    353   294        0.1445   179                      0.1379    83210                   z_1_19 D    353    352     30
    359   299        0.1454   151                      0.1379    84232                   z_0_14 U    359    358     36
    369   305        0.1551   176                      0.1379    85060                   z_0_19 D    369    368     44
    381   313        0.1404   246                      0.1379    87014                      Y_3 U    381    380     13
    383   315        0.1412   243                      0.1379    89002                      Y_4 U    383    382     15
Elapsed time = 33.11 sec. (65333.45 ticks, tree = 59.83 MB, solutions = 0)
    401   332        0.1431   190                      0.1379    90185                      Y_5 U    401    399     29
    414   345        0.1559   206                      0.1379    91381                  bit_7_4 D    414    412     37
    422   349    infeasible                            0.1379    94346                   z_0_11 U    422    421     44
    430   355        0.1407   245                      0.1385    95957                      Y_3 U    430    429     12
    451   374        0.1573   233                      0.1385    97492                   z_0_14 D    451    449     32
    464   381        0.1403   237                      0.1387    98439                          X    464    463     10
    478   395        0.1453   175                      0.1387    99196                     Y_16 D    478    477     23
    484   401        0.1761   230                      0.1387   102477                 bit_19_2 D    484    482     26
    490   407        0.1554   214                      0.1387   104071                   z_2_17 U    490    489     32
    503   413        0.1396   195                      0.1389   105026                    z_1_4 U    503    502     12
Elapsed time = 39.52 sec. (77655.28 ticks, tree = 86.62 MB, solutions = 0)
    505   415        0.1406   249                      0.1389   106690                      Y_3 U    505    504     14
    519   429        0.1473   197                      0.1389   107439                    z_1_6 D    519    518     28
    535   443        0.1634   141                      0.1389   108742                     Y_14 D    535    533     43
    550   454        0.1398   263                      0.1391   109862                          X    550    548     10
    558   462        0.1440   202                      0.1391   111240                      Y_6 D    558    557     16
    575   479        0.1792   167                      0.1391   111983                    z_2_3 U    575    573     29
    600   502        0.1805   134                      0.1391   113264                 x_1_0_20 D    600    599     47
    611   507        0.1402   216                      0.1391   114717                     Y_16 U    611    610     14
    625   521        0.1724   177                      0.1391   117085                   z_1_11 D    625    624     28
    633   523        0.1396   283                      0.1391   118131                          X    633    632     10
Elapsed time = 44.83 sec. (88533.78 ticks, tree = 118.58 MB, solutions = 0)
    650   538    infeasible                            0.1391   119517                  bit_1_5 U    650    648     24
    658   546        0.1450   211                      0.1391   120964                     Y_15 U    658    655     29
    664   550    infeasible                            0.1391   122383                     Y_14 D    664    663     34
    670   554        0.1396   253                      0.1391   126006                   z_0_11 U    670    669     11
    673   557        0.1411   228                      0.1391   127441                      Y_3 N    673    671     13
    686   570        0.1759   225                      0.1391   128806                  bit_1_5 U    686    684     24
    703   581        0.1394   283                      0.1392   130274                          X    703    425      8
    712   590        0.1406   249                      0.1392   131324                      Y_3 U    712    711     14
    724   602        0.1532   225                      0.1392   133235                   z_1_14 D    724    723     25
    739   611    infeasible                            0.1392   135388                 bit_10_5 U    739    737     35
Elapsed time = 50.73 sec. (101096.53 ticks, tree = 143.85 MB, solutions = 0)
    768   632        0.1396   238                      0.1392   137386                   z_0_11 U    768    767     12
    771   635        0.1408   243                      0.1392   138724                   z_1_10 D    771    770     15
    786   648    infeasible                            0.1392   140671                   z_1_14 D    786    785     30
    800   658        0.1420   293                      0.1392   141717                          X    800    799     10
    807   665        0.1506   230                      0.1392   143023                     Y_16 U    807    806     16
    817   671        0.1502   270                      0.1393   146308                     Y_14 D    817    816     11
    820   674        0.1503   266                      0.1393   149404                   z_1_14 D    820    819     14
    827   681        0.1627   261                      0.1393   152093                      Y_5 D    827    826     21
    835   685        0.1403   226                      0.1393   152836                      Y_5 D    835    833     11
    844   694        0.1621   228                      0.1393   154178                     Y_14 D    844    843     18
Elapsed time = 57.98 sec. (114989.65 ticks, tree = 167.29 MB, solutions = 0)
    856   706        0.1655   220                      0.1393   155620                   z_2_17 U    856    855     30
    863   709        0.1395   220                      0.1393   156944                   z_1_14 D    863    862     13
    867   713        0.1513   236                      0.1393   159362                    z_1_4 U    867    866     17
    872   718        0.1652   225                      0.1393   160982                   z_1_10 D    872    871     22
    877   721    infeasible                            0.1393   162265                     Y_14 D    877    876     27
    884   726        0.1408   239                      0.1393   163035                      Y_3 U    884    883     13
    891   733        0.1686   238                      0.1393   164649                 bit_19_2 D    891    889     17
    914   756        0.1480   163                      0.1393   166049                      Y_8 U    914    912     37
    927   761        0.1396   274                      0.1393   167560                          X    927    373      8
    952   784        0.1675   181                      0.1393   174940                     Y_14 D    952    951     32
Elapsed time = 64.19 sec. (128781.50 ticks, tree = 191.95 MB, solutions = 0)
    991   817        0.1691   250                      0.1394   184810                    z_1_5 D    991    990     22
   1026   844    infeasible                            0.1394   193057                   z_1_11 D   1026   1025     31
   1055   867    infeasible                            0.1394   201310                      Y_6 U   1055   1054     29
   1119   917        0.1402   254                      0.1394   206188                    z_1_5 D   1119   1118     16
   1143   939    infeasible                            0.1394   211623                  bit_1_5 U   1143   1141     35
   1188   976        0.1395   217                      0.1394   216789                   z_1_11 D   1188   1187     18
   1238  1018        0.1407   243                      0.1394   221278                      Y_3 U   1238   1237     19
   1271  1043        0.1410   242                      0.1394   226797                      Y_3 U   1271   1270     17
   1282  1052    infeasible                            0.1394   234849                    z_1_5 D   1282   1281     26
   1325  1087        0.1409   284                      0.1395   243941                      Y_4 U   1325   1324     12
Elapsed time = 84.27 sec. (171801.22 ticks, tree = 264.09 MB, solutions = 0)
   1360  1112    infeasible                            0.1395   255038                   z_0_14 D   1360   1359     23
   1366  1116        0.1685   278                      0.1395   262601                   z_1_14 D   1366   1365     14
   1391  1137    infeasible                            0.1395   268599                     Y_14 D   1391   1389     33
   1404  1146        0.1416   213                      0.1395   277984                   z_1_13 D   1404   1403     24
   1432  1168        0.1410   205                      0.1395   285094                   z_1_11 D   1432   1431     21
   1449  1179        0.1644   213                      0.1395   293874                   z_1_13 D   1449   1448     25
   1455  1179        0.1395   233                      0.1395   299351                   z_0_17 N   1455   1183     15
   1486  1202        0.1395   225                      0.1395   308563                    z_0_5 N   1486   1181     14
   1495  1209        0.1473   207                      0.1395   315736                   z_1_13 D   1495   1494     21
   1509  1213        0.1515   242                      0.1395   323564                   z_1_14 D   1509   1508     18
Elapsed time = 107.08 sec. (213576.22 ticks, tree = 283.30 MB, solutions = 0)
   1536  1230        0.1422   224                      0.1395   331484                    z_1_5 D   1536   1535     19
   1552  1240        0.1603   229                      0.1395   338099                      Y_7 N   1552   1549     30
   1556  1238        0.1395   299                      0.1395   345524                    z_1_4 N   1556   1179     12
   1571  1251    infeasible                            0.1395   354716                   z_1_13 D   1571   1570     24
   1597  1273        0.1515   235                      0.1395   359363                   z_0_14 D   1597   1596     21
   1617  1285    infeasible                            0.1395   367191                    z_0_5 U   1617   1616     23
   1659  1315        0.1531   202                      0.1395   372223                   z_2_19 D   1659   1658     23
   1677  1325        0.1429   244                      0.1395   377766                      Y_5 N   1677   1676     20
   1687  1327    infeasible                            0.1395   386375                   z_0_14 U   1687   1674     18
   1705  1335        0.1489   205                      0.1395   393921                   z_1_17 U   1705   1699     20
Elapsed time = 125.83 sec. (255506.67 ticks, tree = 313.77 MB, solutions = 0)
   1733  1359        0.1409   249                      0.1395   402197                   z_1_19 D   1733   1731     22
   1754  1372        0.1426   222                      0.1395   409347                   z_1_15 D   1754   1753     25
   1782  1390    infeasible                            0.1395   415107                   z_1_15 U   1782   1780     28
   1794  1396        0.1515   242                      0.1395   422314                     Y_14 D   1794   1793     24
   1814  1410        0.1422   232                      0.1395   430432                      Y_5 D   1814   1812     24
   1822  1410        0.1395   269                      0.1395   437354                   z_0_11 N   1822   1556     13
   1830  1418        0.1395   231                      0.1395   443036                    z_1_5 D   1830   1829     20
   1837  1419        0.1493   227                      0.1395   451587                   z_1_14 D   1837   1836     21
   1850  1422    infeasible                            0.1395   458828                   z_2_17 D   1850   1848     29
   1862  1428        0.1474   264                      0.1395   467144                   z_0_13 U   1862   1861     19
Elapsed time = 144.78 sec. (297869.20 ticks, tree = 334.69 MB, solutions = 0)
   1876  1440        0.1598   212                      0.1395   474623                   z_1_15 D   1876   1875     29
   1903  1455        0.1411   256                      0.1395   483542                      Y_5 D   1903   1900     22
   1937  1485        0.1401   207                      0.1395   491848                      Y_9 U   1937   1936     18
   1944  1492        0.1575   220                      0.1395   501796                   z_1_19 D   1944   1943     25
   1967  1501        0.1401   247                      0.1395   508684                   z_1_11 D   1967   1966     22
   2026  1548        0.1539   224                      0.1395   514092                      Y_4 U   2026   2025     22
   2046  1556    infeasible                            0.1395   519503                   z_1_19 U   2046   2044     24
   2062  1570        0.1549   206                      0.1395   525228                      Y_2 U   2062   2061     34
   2077  1577        0.1395   242                      0.1395   531124                   z_0_13 N   2077   1895     18
   2100  1594        0.1410   229                      0.1395   537337                      Y_4 U   2100   2099     21
Elapsed time = 163.12 sec. (337935.05 ticks, tree = 372.70 MB, solutions = 0)
   2127  1615        0.1515   240                      0.1395   545517                     Y_14 D   2127   2126     25
   2134  1616        0.1410   253                      0.1395   555222                      Y_4 U   2134   2133     18
   2148  1626        0.1466   207                      0.1395   561113                     Y_14 U   2148   2147     30
   2157  1631        0.1410   262                      0.1395   568825                   z_1_11 D   2157   2156     21
   2164  1636        0.1665   233                      0.1395   573808                      Y_5 D   2164   2162     25
   2173  1641        0.1634   229                      0.1395   582099                   z_1_11 D   2173   2172     20
   2196  1650        0.1598   195                      0.1395   591803                    z_1_6 D   2196   2195     25
   2213  1659        0.1395   281                      0.1395   598908                   z_0_17 N   2213   1823     15
   2227  1671        0.1422   213                      0.1395   606716                    z_1_5 D   2227   2226     26
   2241  1679        0.1410   267                      0.1395   612639                      Y_4 U   2241   2240     17
Elapsed time = 181.98 sec. (379861.87 ticks, tree = 387.57 MB, solutions = 0)
   2247  1683        0.1610   237                      0.1395   620211                     Y_14 D   2247   2246     22
   2266  1690    infeasible                            0.1395   629908                   z_1_11 D   2266   2264     23
   2275  1695    infeasible                            0.1395   636158                   z_1_11 D   2275   2274     26
   2289  1701        0.1414   255                      0.1395   642743                   z_1_11 D   2289   2288     19
   2304  1708        0.1412   304                      0.1395   650492                   z_0_17 D   2304   2303     13
   2317  1719        0.1519   246                      0.1395   659445                    z_1_5 D   2317   2316     25
   2330  1726        0.1416   261                      0.1395   665883                      Y_2 N   2330    199     11
   2347  1743        0.1483   251                      0.1395   673958                    z_1_5 D   2347   2346     24
   2375  1761        0.1409   226                      0.1395   678818                      Y_4 N   2375   2080     21
   2392  1778        0.1467   208                      0.1395   684912                      Y_7 D   2392   2390     33
Elapsed time = 201.14 sec. (421950.19 ticks, tree = 413.44 MB, solutions = 0)
   2408  1786        0.1409   260                      0.1395   691394                      Y_4 N   2408   2240     17
   2432  1804        0.1409   263                      0.1395   701440                      Y_4 N   2432   1675     19
   2448  1812        0.1409   226                      0.1395   709659                      Y_4 N   2448   2099     21
   2470  1828        0.1542   254                      0.1395   717670                   z_1_11 N   2470   2469     22
   2477  1827        0.1409   263                      0.1395   724822                    z_0_5 D   2477   2476     23
   2487  1831        0.1653   232                      0.1395   731804                   z_1_14 D   2487   2486     20
   2503  1839        0.1422   234                      0.1395   738499                      Y_5 D   2503   2501     23
   2537  1867        0.1446   217                      0.1395   744721                   z_1_10 D   2537   2536     30
   2560  1882        0.1530   215                      0.1395   750581                   z_1_15 D   2560   2559     26
   2581  1897        0.1397   247                      0.1395   756036                   z_1_15 D   2581   2579     18
Elapsed time = 220.83 sec. (465588.95 ticks, tree = 443.66 MB, solutions = 0)
   2603  1917        0.1547   201                      0.1395   761214                     Y_15 D   2603   2601     33
   2622  1930        0.1686   285                      0.1395   766523                   z_1_17 D   2622   2621     18
   2636  1940        0.1453   224                      0.1395   775620                   z_1_10 D   2636   2635     27
   2651  1949    infeasible                            0.1395   783857                   z_1_13 D   2651   2650     23
   2659  1951    infeasible                            0.1395   803630                   z_1_14 U   2659   2657     17
   2668  1956    infeasible                            0.1395   812840                   z_1_14 U   2668   2666     23
   2672  1956    infeasible                            0.1395   822163                   z_1_14 U   2672   2670     21
   2680  1960        0.1395   239                      0.1395   830255                   z_0_11 N   2680   2643     16
   2689  1967    infeasible                            0.1395   838230                   z_0_13 D   2689   2688     23
   2695  1969        0.1769   247                      0.1395   846379                   z_1_14 D   2695   2694     19
Elapsed time = 243.84 sec. (514525.01 ticks, tree = 457.85 MB, solutions = 0)
Advanced basis not built.
Advanced basis not built.
   2708  1968        0.1719   258                      0.1395   854323                    z_1_5 U   2708   2706     18
   2723  1977    infeasible                            0.1395   864667                   z_1_19 U   2723   2707     19
   2728  1978        0.1395   249                      0.1395   872864                   z_1_14 D   2728   2727     18
   2742  1986        0.1552   238                      0.1395   881274                   z_1_19 D   2742   2741     23
   2759  1995        0.1424   248                      0.1395   890902                    z_0_5 D   2759   2740     22
   2768  2002        0.1762   233                      0.1395   898903                    z_1_6 N   2768   2767     30
   2779  1999    infeasible                            0.1395   910420                   z_1_14 D   2779   2778     18
   2784  2000        0.1684   269                      0.1395   919296                   z_0_17 U   2784   2782     13
   2792  2008        0.1901   247                      0.1395   926787                   z_0_11 U   2792   2790     19
   2811  2021        0.1395   280                      0.1395   936658                   z_1_13 N   2811   1229     11
Elapsed time = 265.95 sec. (560795.14 ticks, tree = 464.81 MB, solutions = 0)
   2819  2029        0.1684   283                      0.1395   946052                   z_0_11 U   2819   2818     17
   2828  2036        0.1708   226                      0.1395   953337                      Y_4 U   2828   2827     23
   2878  2076        0.1713   249                      0.1395   958873                    z_1_4 U   2878   2877     26
   2905  2091        0.1826   238                      0.1395   964935                   z_1_10 D   2905   2904     24
   2944  2116        0.1795   226                      0.1395   970847                    z_1_4 D   2944   2942     25
   2965  2125        0.1412   229                      0.1395   976824                   z_1_11 D   2965   2964     21
   2993  2143    infeasible                            0.1395   983558                 bit_19_2 D   2993   2991     21

Cover cuts applied:  13
Implied bound cuts applied:  698
Flow cuts applied:  6
Mixed integer rounding cuts applied:  15
Zero-half cuts applied:  15
Gomory fractional cuts applied:  1

Root node processing (before b&c):
  Real time             =    2.70 sec. (5457.26 ticks)
Sequential b&c:
  Real time             =  277.30 sec. (587772.57 ticks)
                          ------------
Total (root+branch&cut) =  280.00 sec. (593229.83 ticks)
CPLEX Error  1217: No solution exists.
CPLEX Error  1217: No solution exists.
moderate_seed3302.txt gcap-frontier global_gini_tree_time_limit obj=0.195636 runtime=300.177 columns=0

--- ROUND19 RUNNER STDERR ---
