
Gurobi 13.0.2 (win64) logging started Thu Jul 23 18:20:13 2026

Set parameter LogFile to value "E:\codes\ExactEBRP\results\gf_gurobi_performance_recovery_round29\runs\stage4__tight_T_seed3101__c4_candidate__rep2__300s\native.log"
Set parameter Threads to value 1
Set parameter Presolve to value -1
Set parameter Seed to value 0
Set parameter MIPGap to value 0
Set parameter MIPGapAbs to value 0
Warning: unknown variable 'r_max' in bounds section (line 13986)
Warning: unknown variable 'r_min' in bounds section (line 13987)
Read LP format model from file E:\codes\ExactEBRP\results\gf_gurobi_performance_recovery_round29\runs\stage4__tight_T_seed3101__c4_candidate__rep2__300s\external\models\L0.lp
Reading time = 0.02 seconds
obj: 11939 rows, 3384 columns, 67170 nonzeros
Set parameter TimeLimit to value 279.8008663
Warning: unknown variable 'r_max' in bounds section (line 13986)
Warning: unknown variable 'r_min' in bounds section (line 13987)
Read LP format model from file E:\codes\ExactEBRP\results\gf_gurobi_performance_recovery_round29\runs\stage4__tight_T_seed3101__c4_candidate__rep2__300s\external\models\L0.0.lp
Reading time = 0.02 seconds
obj: 11939 rows, 3384 columns, 67170 nonzeros
Set parameter TimeLimit to value 279.3683922
Warning: unknown variable 'r_max' in bounds section (line 13986)
Warning: unknown variable 'r_min' in bounds section (line 13987)
Read LP format model from file E:\codes\ExactEBRP\results\gf_gurobi_performance_recovery_round29\runs\stage4__tight_T_seed3101__c4_candidate__rep2__300s\external\models\L0.1.lp
Reading time = 0.02 seconds
obj: 11939 rows, 3384 columns, 67420 nonzeros
Set parameter TimeLimit to value 278.9570634
Warning: unknown variable 'r_max' in bounds section (line 13986)
Warning: unknown variable 'r_min' in bounds section (line 13987)
Read LP format model from file E:\codes\ExactEBRP\results\gf_gurobi_performance_recovery_round29\runs\stage4__tight_T_seed3101__c4_candidate__rep2__300s\external\models\L0.0.0.lp
Reading time = 0.02 seconds
obj: 11939 rows, 3384 columns, 67170 nonzeros
Set parameter TimeLimit to value 278.5784642
Warning: unknown variable 'r_max' in bounds section (line 13986)
Warning: unknown variable 'r_min' in bounds section (line 13987)
Read LP format model from file E:\codes\ExactEBRP\results\gf_gurobi_performance_recovery_round29\runs\stage4__tight_T_seed3101__c4_candidate__rep2__300s\external\models\L0.0.1.lp
Reading time = 0.02 seconds
obj: 11939 rows, 3384 columns, 67420 nonzeros
Set parameter TimeLimit to value 278.189362
Warning: unknown variable 'r_max' in bounds section (line 13986)
Warning: unknown variable 'r_min' in bounds section (line 13987)
Read LP format model from file E:\codes\ExactEBRP\results\gf_gurobi_performance_recovery_round29\runs\stage4__tight_T_seed3101__c4_candidate__rep2__300s\external\models\L0.0.0.0.lp
Reading time = 0.02 seconds
obj: 11939 rows, 3384 columns, 67170 nonzeros
Set parameter TimeLimit to value 277.7518367
Warning: unknown variable 'r_max' in bounds section (line 13986)
Warning: unknown variable 'r_min' in bounds section (line 13987)
Read LP format model from file E:\codes\ExactEBRP\results\gf_gurobi_performance_recovery_round29\runs\stage4__tight_T_seed3101__c4_candidate__rep2__300s\external\models\L0.0.0.1.lp
Reading time = 0.02 seconds
obj: 11939 rows, 3384 columns, 67420 nonzeros
Set parameter TimeLimit to value 277.3061624
Warning: unknown variable 'r_max' in bounds section (line 13986)
Warning: unknown variable 'r_min' in bounds section (line 13987)
Read LP format model from file E:\codes\ExactEBRP\results\gf_gurobi_performance_recovery_round29\runs\stage4__tight_T_seed3101__c4_candidate__rep2__300s\external\models\L0.0.0.1.0.lp
Reading time = 0.02 seconds
obj: 11939 rows, 3384 columns, 67420 nonzeros
Set parameter TimeLimit to value 276.9387904
Warning: unknown variable 'r_max' in bounds section (line 13986)
Warning: unknown variable 'r_min' in bounds section (line 13987)
Read LP format model from file E:\codes\ExactEBRP\results\gf_gurobi_performance_recovery_round29\runs\stage4__tight_T_seed3101__c4_candidate__rep2__300s\external\models\L0.0.0.1.1.lp
Reading time = 0.02 seconds
obj: 11939 rows, 3384 columns, 67420 nonzeros
Set parameter TimeLimit to value 276.5109342
Warning: unknown variable 'r_max' in bounds section (line 13986)
Warning: unknown variable 'r_min' in bounds section (line 13987)
Read LP format model from file E:\codes\ExactEBRP\results\gf_gurobi_performance_recovery_round29\runs\stage4__tight_T_seed3101__c4_candidate__rep2__300s\external\models\L0.0.0.1.0.0.lp
Reading time = 0.02 seconds
obj: 11939 rows, 3384 columns, 67420 nonzeros
Set parameter TimeLimit to value 276.1014309
Warning: unknown variable 'r_max' in bounds section (line 13986)
Warning: unknown variable 'r_min' in bounds section (line 13987)
Read LP format model from file E:\codes\ExactEBRP\results\gf_gurobi_performance_recovery_round29\runs\stage4__tight_T_seed3101__c4_candidate__rep2__300s\external\models\L0.0.0.1.0.1.lp
Reading time = 0.02 seconds
obj: 11939 rows, 3384 columns, 67420 nonzeros
Set parameter TimeLimit to value 275.691282
Warning: unknown variable 'r_max' in bounds section (line 13986)
Warning: unknown variable 'r_min' in bounds section (line 13987)
Read LP format model from file E:\codes\ExactEBRP\results\gf_gurobi_performance_recovery_round29\runs\stage4__tight_T_seed3101__c4_candidate__rep2__300s\external\models\L0.0.0.1.0.1.0.lp
Reading time = 0.02 seconds
obj: 11939 rows, 3384 columns, 67420 nonzeros
Set parameter TimeLimit to value 275.2760268
Warning: unknown variable 'r_max' in bounds section (line 13986)
Warning: unknown variable 'r_min' in bounds section (line 13987)
Read LP format model from file E:\codes\ExactEBRP\results\gf_gurobi_performance_recovery_round29\runs\stage4__tight_T_seed3101__c4_candidate__rep2__300s\external\models\L0.0.0.1.0.1.1.lp
Reading time = 0.02 seconds
obj: 11939 rows, 3384 columns, 67420 nonzeros
Set parameter TimeLimit to value 274.8780181
Warning: unknown variable 'r_max' in bounds section (line 13986)
Warning: unknown variable 'r_min' in bounds section (line 13987)
Read LP format model from file E:\codes\ExactEBRP\results\gf_gurobi_performance_recovery_round29\runs\stage4__tight_T_seed3101__c4_candidate__rep2__300s\external\models\L0.0.0.1.0.1.0.0.lp
Reading time = 0.02 seconds
obj: 11939 rows, 3384 columns, 67420 nonzeros
Set parameter TimeLimit to value 274.4614382
Warning: unknown variable 'r_max' in bounds section (line 13986)
Warning: unknown variable 'r_min' in bounds section (line 13987)
Read LP format model from file E:\codes\ExactEBRP\results\gf_gurobi_performance_recovery_round29\runs\stage4__tight_T_seed3101__c4_candidate__rep2__300s\external\models\L0.0.0.1.0.1.0.1.lp
Reading time = 0.02 seconds
obj: 11939 rows, 3384 columns, 67420 nonzeros
Set parameter TimeLimit to value 274.0649923
Warning: unknown variable 'r_max' in bounds section (line 13986)
Warning: unknown variable 'r_min' in bounds section (line 13987)
Read LP format model from file E:\codes\ExactEBRP\results\gf_gurobi_performance_recovery_round29\runs\stage4__tight_T_seed3101__c4_candidate__rep2__300s\external\models\L0.0.0.1.0.1.0.1.0.lp
Reading time = 0.02 seconds
obj: 11939 rows, 3384 columns, 67420 nonzeros
Set parameter TimeLimit to value 273.6558115
Warning: unknown variable 'r_max' in bounds section (line 13986)
Warning: unknown variable 'r_min' in bounds section (line 13987)
Read LP format model from file E:\codes\ExactEBRP\results\gf_gurobi_performance_recovery_round29\runs\stage4__tight_T_seed3101__c4_candidate__rep2__300s\external\models\L0.0.0.1.0.1.0.1.1.lp
Reading time = 0.02 seconds
obj: 11939 rows, 3384 columns, 67420 nonzeros
Set parameter TimeLimit to value 273.2554337
Warning: unknown variable 'r_max' in bounds section (line 13986)
Warning: unknown variable 'r_min' in bounds section (line 13987)
Read LP format model from file E:\codes\ExactEBRP\results\gf_gurobi_performance_recovery_round29\runs\stage4__tight_T_seed3101__c4_candidate__rep2__300s\external\models\L0.0.0.1.0.1.1.0.lp
Reading time = 0.02 seconds
obj: 11939 rows, 3384 columns, 67420 nonzeros
Set parameter TimeLimit to value 271.9808426
Warning: unknown variable 'r_max' in bounds section (line 13986)
Warning: unknown variable 'r_min' in bounds section (line 13987)
Read LP format model from file E:\codes\ExactEBRP\results\gf_gurobi_performance_recovery_round29\runs\stage4__tight_T_seed3101__c4_candidate__rep2__300s\external\models\L0.0.0.1.0.1.1.1.lp
Reading time = 0.02 seconds
obj: 11939 rows, 3384 columns, 67420 nonzeros
Set parameter TimeLimit to value 271.5760917
Warning: unknown variable 'r_max' in bounds section (line 13986)
Warning: unknown variable 'r_min' in bounds section (line 13987)
Read LP format model from file E:\codes\ExactEBRP\results\gf_gurobi_performance_recovery_round29\runs\stage4__tight_T_seed3101__c4_candidate__rep2__300s\external\models\L0.0.0.1.1.0.lp
Reading time = 0.02 seconds
obj: 11939 rows, 3384 columns, 67420 nonzeros
Set parameter TimeLimit to value 270.7388822
Warning: unknown variable 'r_max' in bounds section (line 13986)
Warning: unknown variable 'r_min' in bounds section (line 13987)
Read LP format model from file E:\codes\ExactEBRP\results\gf_gurobi_performance_recovery_round29\runs\stage4__tight_T_seed3101__c4_candidate__rep2__300s\external\models\L0.0.0.1.1.1.lp
Reading time = 0.02 seconds
obj: 11939 rows, 3384 columns, 67420 nonzeros
Set parameter TimeLimit to value 270.3431181
Warning: unknown variable 'r_max' in bounds section (line 13986)
Warning: unknown variable 'r_min' in bounds section (line 13987)
Read LP format model from file E:\codes\ExactEBRP\results\gf_gurobi_performance_recovery_round29\runs\stage4__tight_T_seed3101__c4_candidate__rep2__300s\external\models\L0.0.0.1.0.1.0.0.0.lp
Reading time = 0.02 seconds
obj: 11939 rows, 3384 columns, 67420 nonzeros
Set parameter TimeLimit to value 269.4664262
Warning: unknown variable 'r_max' in bounds section (line 13986)
Warning: unknown variable 'r_min' in bounds section (line 13987)
Read LP format model from file E:\codes\ExactEBRP\results\gf_gurobi_performance_recovery_round29\runs\stage4__tight_T_seed3101__c4_candidate__rep2__300s\external\models\L0.0.0.1.0.1.0.0.1.lp
Reading time = 0.02 seconds
obj: 11939 rows, 3384 columns, 67420 nonzeros
Set parameter TimeLimit to value 269.0374673
Warning: unknown variable 'r_max' in bounds section (line 13986)
Warning: unknown variable 'r_min' in bounds section (line 13987)
Read LP format model from file E:\codes\ExactEBRP\results\gf_gurobi_performance_recovery_round29\runs\stage4__tight_T_seed3101__c4_candidate__rep2__300s\external\models\L0.0.1.0.lp
Reading time = 0.02 seconds
obj: 11939 rows, 3384 columns, 67420 nonzeros
Set parameter TimeLimit to value 268.1919147
Warning: unknown variable 'r_max' in bounds section (line 13986)
Warning: unknown variable 'r_min' in bounds section (line 13987)
Read LP format model from file E:\codes\ExactEBRP\results\gf_gurobi_performance_recovery_round29\runs\stage4__tight_T_seed3101__c4_candidate__rep2__300s\external\models\L0.0.1.1.lp
Reading time = 0.02 seconds
obj: 11939 rows, 3384 columns, 67420 nonzeros
Set parameter TimeLimit to value 267.7889205
Warning: unknown variable 'r_max' in bounds section (line 13986)
Warning: unknown variable 'r_min' in bounds section (line 13987)
Read LP format model from file E:\codes\ExactEBRP\results\gf_gurobi_performance_recovery_round29\runs\stage4__tight_T_seed3101__c4_candidate__rep2__300s\external\models\L0.1.0.lp
Reading time = 0.02 seconds
obj: 11939 rows, 3384 columns, 67420 nonzeros
Set parameter TimeLimit to value 266.2691586
Warning: unknown variable 'r_max' in bounds section (line 13986)
Warning: unknown variable 'r_min' in bounds section (line 13987)
Read LP format model from file E:\codes\ExactEBRP\results\gf_gurobi_performance_recovery_round29\runs\stage4__tight_T_seed3101__c4_candidate__rep2__300s\external\models\L0.1.1.lp
Reading time = 0.02 seconds
obj: 11939 rows, 3384 columns, 67420 nonzeros
Set parameter TimeLimit to value 265.8859019
Warning: unknown variable 'r_max' in bounds section (line 13986)
Warning: unknown variable 'r_min' in bounds section (line 13987)
Read LP format model from file E:\codes\ExactEBRP\results\gf_gurobi_performance_recovery_round29\runs\stage4__tight_T_seed3101__c4_candidate__rep2__300s\external\models\L1.lp
Reading time = 0.02 seconds
obj: 11939 rows, 3384 columns, 67420 nonzeros
Set parameter TimeLimit to value 263.8512986
Warning: unknown variable 'r_max' in bounds section (line 13986)
Warning: unknown variable 'r_min' in bounds section (line 13987)
Read LP format model from file E:\codes\ExactEBRP\results\gf_gurobi_performance_recovery_round29\runs\stage4__tight_T_seed3101__c4_candidate__rep2__300s\external\models\L1.0.lp
Reading time = 0.02 seconds
obj: 11939 rows, 3384 columns, 67420 nonzeros
Set parameter TimeLimit to value 263.4206412
Warning: unknown variable 'r_max' in bounds section (line 13986)
Warning: unknown variable 'r_min' in bounds section (line 13987)
Read LP format model from file E:\codes\ExactEBRP\results\gf_gurobi_performance_recovery_round29\runs\stage4__tight_T_seed3101__c4_candidate__rep2__300s\external\models\L1.1.lp
Reading time = 0.02 seconds
obj: 11939 rows, 3384 columns, 67420 nonzeros
Set parameter TimeLimit to value 263.0330531
