
Gurobi 13.0.2 (win64) logging started Thu Jul 23 15:36:25 2026

Set parameter LogFile to value "E:\codes\ExactEBRP\results\gf_gurobi_performance_recovery_round29\runs\stage2__moderate_seed5302__p_grb__300s\native.log"
Set parameter Threads to value 1
Set parameter Presolve to value -1
Set parameter Seed to value 0
Set parameter MIPGap to value 0
Set parameter MIPGapAbs to value 0
Set parameter TimeLimit to value 300
Read LP format model from file E:\codes\ExactEBRP\results\gf_gurobi_performance_recovery_round29\runs\stage2__moderate_seed5302__p_grb__300s\canonical.lp
Reading time = 0.01 seconds
obj: 5075 rows, 2119 columns, 23376 nonzeros
Set parameter TimeLimit to value 294.9235986
Gurobi Optimizer version 13.0.2 build v13.0.2rc1 (win64 - Windows 10.0 (19045.2))

CPU model: 12th Gen Intel(R) Core(TM) i7-12700KF, instruction set [SSE2|AVX|AVX2]
Thread count: 12 physical cores, 20 logical processors, using up to 1 threads

Non-default parameters:
TimeLimit  294.9235986
MIPGap  0
MIPGapAbs  0
LogToConsole  0
Threads  1

Optimize a model with 5075 rows, 2119 columns and 23376 nonzeros (Min)
Model fingerprint: 0xaaf6ba74
Model has 21 linear objective coefficients
Variable types: 425 continuous, 1694 integer (1494 binary)
Coefficient statistics:
  Matrix range     [3e-02, 6e+02]
  Objective range  [9e-03, 1e+00]
  Bounds range     [1e+00, 5e+01]
  RHS range        [1e+00, 4e+03]

Presolve removed 140 rows and 20 columns
Presolve time: 0.05s
Presolved: 4935 rows, 2099 columns, 42172 nonzeros
Variable types: 195 continuous, 1904 integer (1497 binary)
Found heuristic solution: objective 1.0880635

Root relaxation: objective 6.109820e-03, 1138 iterations, 0.03 seconds (0.09 work units)

    Nodes    |    Current Node    |     Objective Bounds      |     Work
 Expl Unexpl |  Obj  Depth IntInf | Incumbent    BestBd   Gap | It/Node Time

     0     0    0.00611    0  202    1.08806    0.00611  99.4%     -    0s
     0     0    0.01469    0  482    1.08806    0.01469  98.7%     -    0s
     0     0    0.01576    0  473    1.08806    0.01576  98.6%     -    0s
     0     0    0.01706    0  538    1.08806    0.01706  98.4%     -    0s
H    0     0                       1.0180680    0.01706  98.3%     -    0s
     0     0    0.01722    0  535    1.01807    0.01722  98.3%     -    0s
     0     0    0.01851    0  491    1.01807    0.01851  98.2%     -    0s
H    0     0                       0.8365144    0.01851  97.8%     -    0s
H    0     0                       0.8362094    0.01851  97.8%     -    0s
     0     0    0.01882    0  492    0.83621    0.01882  97.7%     -    0s
     0     0    0.01890    0  548    0.83621    0.01890  97.7%     -    0s
H    0     0                       0.8348284    0.01890  97.7%     -    0s
H    0     0                       0.8326411    0.01890  97.7%     -    0s
H    0     0                       0.8082010    0.01890  97.7%     -    0s
     0     0    0.01894    0  516    0.80820    0.01894  97.7%     -    0s
     0     0    0.01923    0  504    0.80820    0.01923  97.6%     -    1s
H    0     0                       0.8079226    0.01923  97.6%     -    1s
H    0     0                       0.8076176    0.01923  97.6%     -    1s
     0     0    0.01924    0  508    0.80762    0.01924  97.6%     -    1s
     0     0    0.01926    0  555    0.80762    0.01926  97.6%     -    1s
     0     0    0.01926    0  556    0.80762    0.01926  97.6%     -    1s
     0     0    0.01932    0  585    0.80762    0.01932  97.6%     -    1s
     0     0    0.01933    0  572    0.80762    0.01933  97.6%     -    1s
     0     0    0.01934    0  557    0.80762    0.01934  97.6%     -    1s
H    0     0                       0.7819420    0.01934  97.5%     -    1s
H    0     0                       0.7381939    0.01934  97.4%     -    1s
     0     0    0.01934    0  540    0.73819    0.01934  97.4%     -    1s
     0     0    0.01934    0  590    0.73819    0.01934  97.4%     -    1s
     0     0    0.01935    0  564    0.73819    0.01935  97.4%     -    1s
     0     0    0.01935    0  538    0.73819    0.01935  97.4%     -    1s
     0     0    0.01936    0  537    0.73819    0.01936  97.4%     -    1s
     0     0    0.01936    0  513    0.73819    0.01936  97.4%     -    1s
H    0     0                       0.7357446    0.01938  97.4%     -    1s
H    0     0                       0.7351252    0.01938  97.4%     -    1s
H    0     0                       0.7329705    0.01938  97.4%     -    1s
H    0     0                       0.7110049    0.01938  97.3%     -    1s
H    0     0                       0.6920472    0.01938  97.2%     -    1s
H    0     0                       0.5808283    0.01938  96.7%     -    1s
H    0     0                       0.5615797    0.01938  96.5%     -    1s
     0     2    0.01941    0  497    0.56158    0.01941  96.5%     -    1s
H    6     6                       0.5546872    0.01970  96.4%   104    2s
H    6     6                       0.5454216    0.01970  96.4%   104    2s
H   15    15                       0.5395741    0.01970  96.3%   168    2s
H   71    71                       0.5356020    0.01970  96.3%   100    2s
H  152   146                       0.5177039    0.01970  96.2%  58.8    3s
H  186   171                       0.5008370    0.01970  96.1%  61.5    3s
H  186   171                       0.4976244    0.01970  96.0%  61.5    3s
H  186   171                       0.4975827    0.01970  96.0%  61.5    3s
H  204   189                       0.4973541    0.01970  96.0%  62.6    3s
H  204   189                       0.4970589    0.01970  96.0%  62.6    3s
H  232   217                       0.4963981    0.01970  96.0%  63.3    4s
H  254   239                       0.4907846    0.01970  96.0%  62.6    4s
H  254   239                       0.4893144    0.01970  96.0%  62.6    4s
H  254   239                       0.4786470    0.01970  95.9%  62.6    4s
H  254   239                       0.4771768    0.01970  95.9%  62.6    4s
H  254   239                       0.4740185    0.01970  95.8%  62.6    4s
H  254   239                       0.4734472    0.01970  95.8%  62.6    4s
H  334   299                       0.4486663    0.01971  95.6%  68.4    5s
H  334   299                       0.4463401    0.01971  95.6%  68.4    5s
H  334   299                       0.4454348    0.01971  95.6%  68.4    5s
H  334   299                       0.4439780    0.01971  95.6%  68.4    5s
H  334   299                       0.4438654    0.01971  95.6%  68.4    5s
H  394   345                       0.4390666    0.01973  95.5%  64.5    5s
H  394   345                       0.4375964    0.01973  95.5%  64.5    5s
H  394   345                       0.4327075    0.01973  95.4%  64.5    5s
H  394   345                       0.4302083    0.01973  95.4%  64.5    5s
H  394   345                       0.4297223    0.01973  95.4%  64.5    5s
H  394   345                       0.4272231    0.01973  95.4%  64.5    5s
H  394   345                       0.4270363    0.01973  95.4%  64.5    5s
H  394   345                       0.4270356    0.01973  95.4%  64.5    5s
H  394   345                       0.4240579    0.01973  95.3%  64.5    5s
H  470   419                       0.4144847    0.01973  95.2%  63.4    6s
H  470   419                       0.4130145    0.01973  95.2%  63.4    6s
H  470   419                       0.4080301    0.01973  95.2%  63.4    6s
H  509   448                       0.3921171    0.01973  95.0%  65.2    6s
H  509   448                       0.3903722    0.01973  94.9%  65.2    6s
H  509   448                       0.3897880    0.01973  94.9%  65.2    6s
H  509   448                       0.3883177    0.01973  94.9%  65.2    6s
H  509   448                       0.3848598    0.01973  94.9%  65.2    6s
H  509   448                       0.3834266    0.01973  94.9%  65.2    6s
H  509   448                       0.3831446    0.01973  94.9%  65.2    6s
H  509   448                       0.3830107    0.01973  94.8%  65.2    6s
H  509   448                       0.3829019    0.01973  94.8%  65.2    7s
H  510   448                       0.3472690    0.01973  94.3%  66.8    7s
H  524   460                       0.3154246    0.01973  93.7%  66.1    7s
H  524   460                       0.3112876    0.01973  93.7%  66.1    7s
H  524   458                       0.3043744    0.01973  93.5%  66.1    7s
H  524   457                       0.2987457    0.01973  93.4%  66.1    7s
H  524   456                       0.2964913    0.01973  93.3%  66.1    7s
H  524   456                       0.2963761    0.01973  93.3%  66.1    7s
H  524   456                       0.2923360    0.01973  93.3%  66.1    7s
H  524   456                       0.2917723    0.01973  93.2%  66.1    7s
H  524   456                       0.2916878    0.01973  93.2%  66.1    7s
H  524   456                       0.2916186    0.01973  93.2%  66.1    7s
H  546   478                       0.2845692    0.02005  93.0%  64.9    8s
H  546   476                       0.2833062    0.02005  92.9%  64.9    8s
H  546   470                       0.2717490    0.02005  92.6%  64.9    8s
H  546   470                       0.2716105    0.02005  92.6%  64.9    8s
   553   475    0.03559   17  533    0.27161    0.02153  92.1%  64.1   10s
H  567   459                       0.2681105    0.02222  91.7%  62.5   14s
H  569   438                       0.2645524    0.02222  91.6%  62.3   14s
H  569   415                       0.2645004    0.02222  91.6%  62.3   14s
   574   418    0.04930   80  606    0.26450    0.02222  91.6%  61.7   15s
   601   438    0.07965   70  562    0.26450    0.02235  91.5%  98.2   20s
H  602   415                       0.2644212    0.02235  91.5%   121   20s
H  605   396                       0.2622696    0.02252  91.4%   121   20s
H  606   377                       0.2563187    0.02256  91.2%   121   20s
H  608   359                       0.2560375    0.02259  91.2%   123   21s
H  608   341                       0.2560110    0.02259  91.2%   123   21s
H  608   323                       0.2558412    0.02259  91.2%   123   21s
H  608   307                       0.2554390    0.02259  91.2%   123   21s
H  608   291                       0.2554207    0.02259  91.2%   123   21s
H  608   277                       0.2540820    0.02259  91.1%   123   21s
H  608   263                       0.2530699    0.02259  91.1%   123   21s
H  608   249                       0.2502734    0.02259  91.0%   123   21s
H  608   237                       0.2502223    0.02259  91.0%   123   21s
H  608   224                       0.2431867    0.02259  90.7%   123   21s
H  609   214                       0.2430236    0.02259  90.7%   124   21s
H  609   203                       0.2428965    0.02259  90.7%   124   21s
H  609   193                       0.2428755    0.02259  90.7%   124   21s
H  612   185                       0.2426959    0.02261  90.7%   127   21s
H  612   176                       0.2423045    0.02261  90.7%   127   21s
   678   222    0.04742   63  265    0.24230    0.02261  90.7%   130   25s
H  826   310                       0.2415574    0.02261  90.6%   127   29s
H  827   301                       0.2389136    0.02261  90.5%   128   29s
H  827   293                       0.2366535    0.02261  90.4%   128   29s
H  827   286                       0.2365327    0.02261  90.4%   128   29s
H  827   279                       0.2350137    0.02261  90.4%   128   29s
H  827   272                       0.2331152    0.02261  90.3%   128   29s
H  827   265                       0.2328294    0.02261  90.3%   128   29s
H  828   260                       0.2262382    0.02261  90.0%   127   29s
H  828   254                       0.2262160    0.02261  90.0%   127   29s
H  828   249                       0.2261954    0.02261  90.0%   127   29s
H  829   244                       0.2255358    0.02261  90.0%   127   29s
H  829   239                       0.2255224    0.02261  90.0%   127   29s
H  829   234                       0.2255090    0.02261  90.0%   127   29s
H  829   230                       0.2254886    0.02261  90.0%   127   29s
   830   232    0.21160  139  180    0.22549    0.02261  90.0%   128   30s
H  849   245                       0.2215255    0.02261  89.8%   127   30s
H  849   245                       0.2215120    0.02261  89.8%   127   30s
H  849   245                       0.2215031    0.02261  89.8%   127   30s
H  849   245                       0.2214835    0.02261  89.8%   127   30s
   998   378    0.17093   79  151    0.22148    0.02305  89.6%   130   35s
  1223   549    0.13125   81  299    0.22148    0.02308  89.6%   131   40s
  1587   855    0.05529   33  259    0.22148    0.02321  89.5%   116   45s
H 1782  1026                       0.2120967    0.02323  89.0%   118   49s
H 1782  1023                       0.2102651    0.02323  89.0%   118   49s
H 1782  1023                       0.2102451    0.02323  88.9%   118   49s
H 1782  1023                       0.2102337    0.02323  88.9%   118   49s
H 1782  1023                       0.2101564    0.02323  88.9%   118   49s
H 1782  1023                       0.2101122    0.02323  88.9%   118   49s
H 1782  1022                       0.2100962    0.02323  88.9%   118   49s
H 1782  1022                       0.2100353    0.02323  88.9%   118   49s
H 1791  1024                       0.2064762    0.02323  88.7%   118   49s
H 1791  1024                       0.2064198    0.02323  88.7%   118   49s
H 1791  1023                       0.2053774    0.02323  88.7%   118   49s
H 1791  1023                       0.2050108    0.02323  88.7%   118   49s
H 1791  1022                       0.2049656    0.02323  88.7%   118   49s
H 1791  1021                       0.2048303    0.02323  88.7%   118   49s
H 1791  1020                       0.2045850    0.02323  88.6%   118   49s
H 1791  1019                       0.2045696    0.02323  88.6%   118   49s
  1836  1062    0.06605   87  264    0.20457    0.02323  88.6%   118   50s
H 2044  1230                       0.2042645    0.02323  88.6%   115   53s
H 2044  1230                       0.2040731    0.02323  88.6%   115   53s
H 2044  1230                       0.2040634    0.02323  88.6%   115   53s
H 2044  1230                       0.2040480    0.02323  88.6%   115   53s
H 2086  1236                       0.1940035    0.02323  88.0%   113   53s
H 2086  1233                       0.1913861    0.02323  87.9%   113   53s
H 2086  1232                       0.1910429    0.02323  87.8%   113   53s
H 2086  1228                       0.1882547    0.02323  87.7%   113   53s
H 2086  1224                       0.1867845    0.02323  87.6%   113   53s
H 2086  1224                       0.1866758    0.02323  87.6%   113   53s
H 2086  1221                       0.1861328    0.02323  87.5%   113   53s
H 2086  1218                       0.1836335    0.02323  87.3%   113   53s
H 2086  1217                       0.1831454    0.02323  87.3%   113   53s
H 2086  1216                       0.1823345    0.02323  87.3%   113   53s
H 2086  1216                       0.1823164    0.02323  87.3%   113   53s
H 2086  1215                       0.1803214    0.02323  87.1%   113   53s
H 2086  1215                       0.1803081    0.02323  87.1%   113   53s
  2142  1267    0.04941   56  315    0.18031    0.02343  87.0%   115   55s
  2392  1471    0.03123   61  293    0.18031    0.02345  87.0%   112   60s
  2621  1656    0.04655   53  381    0.18031    0.02352  87.0%   111   65s
  2821  1824    0.05003   48  322    0.18031    0.02354  86.9%   112   70s
  2947  1936    0.04653   51  227    0.18031    0.02354  86.9%   114   75s
  3269  2205    0.11484   62  302    0.18031    0.02357  86.9%   112   80s
  3580  2449    0.16571   33  409    0.18031    0.02372  86.8%   111   85s
  3809  2620    0.11636   53  223    0.18031    0.02401  86.7%   112   90s
* 3967  2685             153       0.1703558    0.02412  85.8%   110   91s
  4247  2867    0.03130   38  437    0.17036    0.02435  85.7%   109   95s
  4604  3144    0.06337   50  276    0.17036    0.02443  85.7%   109  100s
  4907  3375    0.08880   63  333    0.17036    0.02454  85.6%   111  105s
  5175  3560    0.16933   69  351    0.17036    0.02465  85.5%   113  110s
  5572  3836    0.03075   42  461    0.17036    0.02467  85.5%   112  115s
  5923  4106    0.15798   80  186    0.17036    0.02478  85.5%   112  120s
  6268  4344    0.05980   73  265    0.17036    0.02484  85.4%   112  125s
  6848  4803    0.12823   85  268    0.17036    0.02492  85.4%   109  130s
  7197  5040    0.02525   34  493    0.17036    0.02494  85.4%   109  135s
  7611  5326    0.02566   39  509    0.17036    0.02498  85.3%   108  140s
  8028  5657    0.08903   47  291    0.17036    0.02501  85.3%   107  145s
  8460  6011    0.03325   52  362    0.17036    0.02503  85.3%   106  150s
H 8664  6005                       0.1625711    0.02505  84.6%   106  152s
H 8664  6004                       0.1624440    0.02505  84.6%   106  152s
H 8664  5999                       0.1620687    0.02505  84.5%   106  153s
  8767  6075     cutoff   39         0.16207    0.02506  84.5%   107  155s
H 8954  5866                       0.1476938    0.02506  83.0%   107  158s
  9087  5978    0.14732   80  266    0.14769    0.02506  83.0%   107  160s
  9360  6182    0.03904   46  417    0.14769    0.02511  83.0%   108  165s
H 9495  6244                       0.1462036    0.02511  82.8%   108  166s
H 9495  6204                       0.1453194    0.02511  82.7%   108  166s
H 9495  6182                       0.1447197    0.02511  82.6%   108  166s
H 9495  6174                       0.1445650    0.02511  82.6%   108  166s
H 9549  6033                       0.1389031    0.02512  81.9%   107  167s
H 9549  6003                       0.1374128    0.02512  81.7%   107  167s
H 9549  6002                       0.1373672    0.02512  81.7%   107  167s
H 9549  5966                       0.1362736    0.02512  81.6%   107  167s
H 9549  5946                       0.1357356    0.02512  81.5%   107  167s
H 9549  5626                       0.1249966    0.02512  79.9%   107  167s
H 9549  5626                       0.1249928    0.02512  79.9%   107  167s
H 9549  5605                       0.1248567    0.02512  79.9%   107  167s
  9707  5720    0.10102   78  206    0.12486    0.02513  79.9%   108  170s
  9924  5850    0.03194   44  366    0.12486    0.02522  79.8%   109  175s
H 9928  5847                       0.1243649    0.02522  79.7%   109  175s
H 9928  5843                       0.1241956    0.02522  79.7%   109  175s
H 9983  5570                       0.1139736    0.02522  77.9%   109  175s
H 9983  5566                       0.1137265    0.02522  77.8%   109  175s
H10037  5585                       0.1130572    0.02522  77.7%   109  176s
H10037  5537                       0.1119635    0.02522  77.5%   109  176s
H10037  5537                       0.1119435    0.02522  77.5%   109  176s
H10037  5470                       0.1101656    0.02522  77.1%   109  176s
H10037  5466                       0.1099607    0.02522  77.1%   109  176s
H10037  5465                       0.1098429    0.02522  77.0%   109  176s
H10037  5465                       0.1098138    0.02522  77.0%   109  176s
H10091  5502                       0.1097636    0.02523  77.0%   109  177s
H10091  5499                       0.1097106    0.02523  77.0%   109  177s
H10091  5497                       0.1096816    0.02523  77.0%   109  177s
 10203  5582    0.09812   81  513    0.10968    0.02524  77.0%   109  189s
 10206  5584    0.04744   43  512    0.10968    0.02524  77.0%   109  190s
 10212  5588    0.03467   50  530    0.10968    0.02524  77.0%   109  195s
 10218  5592    0.09912   70  558    0.10968    0.02524  77.0%   109  200s
 10224  5596    0.05354   90  572    0.10968    0.02524  77.0%   109  205s
 10230  5600    0.04722   69  595    0.10968    0.02524  77.0%   108  210s
 10235  5603    0.04626   56  589    0.10968    0.02524  77.0%   108  215s
 10241  5607    0.10669  145  599    0.10968    0.02524  77.0%   108  220s
 10246  5611    0.10293  109  611    0.10968    0.02524  77.0%   108  225s
 10252  5615    0.03769   61  613    0.10968    0.02524  77.0%   108  232s
 10255  5617    0.05535   50  604    0.10968    0.02524  77.0%   108  235s
 10261  5621    0.10468   80  580    0.10968    0.02524  77.0%   108  240s
 10267  5625    0.06366  138  618    0.10968    0.02524  77.0%   108  245s
 10273  5629    0.05521   56  616    0.10968    0.02525  77.0%   108  250s
 10284  5636    0.05918   57  603    0.10968    0.02532  76.9%   108  255s
 10300  5647    0.05058   39  601    0.10968    0.02533  76.9%   108  260s
 10376  5693    0.07815   74  253    0.10968    0.02540  76.8%   117  265s
 10458  5724    0.09496   76  278    0.10968    0.02540  76.8%   117  273s
 10482  5730    0.02718   49  450    0.10968    0.02585  76.4%   118  275s
 10576  5756    0.04908   54  420    0.10968    0.02615  76.2%   119  280s
 10707  5773    0.06800   97  289    0.10968    0.02617  76.1%   121  285s
 10817  5775    0.09148   66  410    0.10968    0.02630  76.0%   124  290s

Cutting planes:
  Learned: 22
  Gomory: 6
  Cover: 17
  Implied bound: 49
  Projected implied bound: 34
  Clique: 35
  MIR: 299
  Mixing: 1
  StrongCG: 13
  Flow cover: 481
  Zero half: 12
  RLT: 5
  Relax-and-lift: 58
  BQP: 17

Explored 10945 nodes (1375461 simplex iterations) in 294.92 seconds (541.79 work units)
Thread count was 1 (of 20 available processors)

Solution count 10: 0.109682 0.109711 0.109764 ... 0.113057

Time limit reached
Best objective 1.096815933692e-01, best bound 2.634648576017e-02, gap 75.9791%

User-callback calls 114710, time in user-callback 0.04 sec
