Version identifier: 22.1.1.0 | 2022-11-27 | 9160aff4d
CPXPARAM_Threads                                 1
CPXPARAM_MIP_Strategy_Search                     1
CPXPARAM_TimeLimit                               294
CPXPARAM_MIP_Tolerances_AbsMIPGap                0
CPXPARAM_MIP_Tolerances_MIPGap                   0
Generic callback                                 0x18
Tried aggregator 2 times.
MIP Presolve eliminated 30 rows and 0 columns.
MIP Presolve modified 48 coefficients.
Aggregator did 13 substitutions.
Reduced MIP has 943 rows, 476 columns, and 3780 nonzeros.
Reduced MIP has 253 binaries, 48 generals, 0 SOSs, and 0 indicators.
Presolve time = 0.00 sec. (4.10 ticks)
Found incumbent of value 0.493696 after 0.00 sec. (5.64 ticks)
Probing fixed 0 vars, tightened 2 bounds.
Probing time = 0.00 sec. (3.01 ticks)
Cover probing fixed 0 vars, tightened 98 bounds.
Tried aggregator 2 times.
Detecting symmetries...
MIP Presolve eliminated 2 rows and 1 columns.
MIP Presolve modified 243 coefficients.
Aggregator did 11 substitutions.
Reduced MIP has 930 rows, 464 columns, and 3754 nonzeros.
Reduced MIP has 253 binaries, 48 generals, 0 SOSs, and 0 indicators.
Presolve time = 0.00 sec. (3.42 ticks)
Probing time = 0.00 sec. (2.66 ticks)
Clique table members: 224.
MIP emphasis: balance optimality and feasibility.
MIP search method: traditional branch-and-cut.
Parallel mode: none, using 1 thread.
Root relaxation solution time = 0.02 sec. (11.85 ticks)

        Nodes                                         Cuts/
   Node  Left     Objective  IInf  Best Integer    Best Bound    ItCnt     Gap         Variable B NodeID Parent  Depth

*     0+    0                            0.4937        0.0000           100.00%
      0     0        0.1844   117        0.4937        0.1844      397   62.66%
      0     0        0.2226   144        0.4937     Cuts: 197      530   54.90%
      0     0        0.2272   143        0.4937      Cuts: 50      583   53.97%
      0     0        0.2275   142        0.4937      Cuts: 22      602   53.92%
      0     0        0.2278   143        0.4937      Cuts: 11      613   53.85%
      0     0        0.2279   144        0.4937       Cuts: 9      625   53.84%
Detecting symmetries...
      0     0        0.2279   148        0.4937       Cuts: 9      636   53.84%
      0     0        0.2280   140        0.4937       Cuts: 3      642   53.83%
      0     0        0.2280   143        0.4937      Cuts: 36      655   53.83%
Detecting symmetries...
      0     2        0.2280   140        0.4937        0.2281      655   53.80%                        0             0
Elapsed time = 0.17 sec. (409.93 ticks, tree = 0.01 MB, solutions = 1)
     13    13        0.2687   120        0.4937        0.2423     1306   50.91%         bit_6_3 U     13     11      9
*   113    83      integral     0        0.4880        0.2508     2966   48.60%
    175   137        0.4399    30        0.4880        0.2533     3963   48.10%         x_0_7_6 D    175    174     59
    482   411        0.3199    98        0.4880        0.2644     7471   45.81%         x_0_9_7 D    482    481     16
*   741   628      integral     0        0.4526        0.2649    10181   41.47%
*   841+  714                            0.4368        0.2662            39.05%
    841   716        0.3181    81        0.4368        0.2662    11196   39.05%        x_0_7_10 D    841    840     43
*  1120+  965                            0.4339        0.2709            37.57%
*  1160+ 1000                            0.4325        0.2709            37.36%
*  1175  1011      integral     0        0.4312        0.2709    14682   37.18%         bit_3_1 D   1175   1173     69
   1408  1223        0.3390    81        0.4312        0.2744    18349   36.37%         bit_4_4 D   1408   1407     23
*  1780+ 1482                            0.4092        0.2761            32.53%
   1793  1493        0.3449    68        0.4092        0.2762    22992   32.49%         x_0_4_1 U   1793   1790     23
   2023  1686        0.2929    88        0.4092        0.2770    25590   32.32%         bit_9_4 N   2023   2022     16
   2334  1953        0.3159    79        0.4092        0.2785    30323   31.94%           z_0_7 U   2334   2333     28
   3805  3255        0.3451    39        0.4092        0.2831    48561   30.81%       x_0_12_11 D   3805   3804     41
Elapsed time = 1.49 sec. (3560.24 ticks, tree = 1.65 MB, solutions = 8)
   5232  4523        0.3054    87        0.4092        0.2869    67524   29.89%        bit_12_5 N   5232   1115     11
   6519  5647        cutoff              0.4092        0.2901    87844   29.10%       x_0_10_11 U   6519   6517     27
*  7280+ 6270                            0.4083        0.2911            28.72%
*  7297  6271      integral     0        0.4079        0.2911    99552   28.64%
*  7300+ 6107                            0.4029        0.2911            27.75%
*  7400+ 6157                            0.4021        0.2912            27.59%
*  7400+ 6152                            0.4020        0.2912            27.57%
*  7400+ 6140                            0.4018        0.2912            27.53%
*  7400+ 6024                            0.3993        0.2912            27.08%
*  7400+ 5884                            0.3961        0.2912            26.49%
   7666  6124        0.3928    29        0.3961        0.2914   105024   26.44%        x_0_9_10 D   7666   7665     50
*  8890+ 6672                            0.3888        0.2924            24.80%
   8900  6678        0.3575    76        0.3888        0.2925   123950   24.77%         bit_6_3 N   8900   8899     20
*  8990+ 6257                            0.3824        0.2925            23.51%
*  8990+ 6180                            0.3814        0.2925            23.30%
   9809  6826        0.3344    78        0.3814        0.2940   140469   22.91%         bit_9_5 U   9809   9808     22
  10825  7658        0.3503    60        0.3814        0.2955   158535   22.53%         bit_9_5 U  10825  10824     20
* 11200+ 7814                            0.3799        0.2957            22.16%
  11755  8251        0.3538    73        0.3799        0.2969   176015   21.87%         bit_8_5 U  11755  11754     13
* 12450+ 7908                            0.3728        0.2977            20.15%
* 12550+ 7689                            0.3711        0.2978            19.75%
* 12550+ 7441                            0.3696        0.2978            19.42%
  12595  7481        0.3584    48        0.3696        0.2978   191918   19.42%        x_0_12_1 D  12595  12594     37
  13440  8123        0.3487    53        0.3696        0.2987   210057   19.17%          z_0_11 D  13440  13439     30
  14404  8885    infeasible              0.3696        0.3002   229306   18.78%         x_0_6_8 D  14404  14403     46
Elapsed time = 5.41 sec. (13107.35 ticks, tree = 4.77 MB, solutions = 23)
  15239  9495        0.3501    62        0.3696        0.3015   248623   18.43%           p_0_5 U  15239  15237     25
  16020 10060        0.3461    87        0.3696        0.3028   268217   18.08%         bit_8_5 U  16020  16019     20
  16817 10601        0.3090    84        0.3696        0.3038   287484   17.80%           z_0_6 N  16817   8718     16
  17698 11186        0.3354    95        0.3696        0.3048   306962   17.53%         bit_5_5 U  17698  17697     17
  18471 11710        0.3263    64        0.3696        0.3056   326624   17.30%         bit_4_4 U  18471  18186     17
  19307 12258        0.3529    53        0.3696        0.3064   345752   17.09%           p_0_7 N  19307  19306     22
  20139 12851        0.3417    76        0.3696        0.3070   363959   16.93%          p_0_10 D  20139  20138     19
  20944 13383        0.3139    73        0.3696        0.3076   383305   16.78%         x_0_9_5 N  20944    199     24
  21670 13865        cutoff              0.3696        0.3082   402466   16.60%       x_0_12_11 U  21670  21668     20
  22429 14377        cutoff              0.3696        0.3087   421370   16.47%         bit_9_4 U  22429  22426     17
Elapsed time = 9.30 sec. (22654.80 ticks, tree = 7.52 MB, solutions = 23)
  23229 14921        0.3361    64        0.3696        0.3092   440052   16.34%         x_0_9_3 N  23229  23228     31
  24038 15446        cutoff              0.3696        0.3096   459067   16.22%         bit_5_4 D  24038  24037     26
  24871 16009        0.3404    65        0.3696        0.3102   478010   16.06%         bit_5_5 D  24871  16104     23
  25716 16585        0.3210    69        0.3696        0.3106   496690   15.96%           z_0_6 D  25716   9113     19
  26550 17112        0.3534    67        0.3696        0.3111   514915   15.83%           p_0_7 D  26550  26549     18
  27360 17662        0.3624    37        0.3696        0.3115   533488   15.71%        x_0_6_11 D  27360  27359     41
  28158 18208        0.3478    65        0.3696        0.3118   552049   15.62%           z_0_5 U  28158  28157     29
  28994 18739        0.3452    74        0.3696        0.3123   570276   15.49%          p_0_10 N  28994  28993     27
  29795 19235        0.3279   107        0.3696        0.3126   586987   15.41%        bit_11_4 U  29795  13128     11
  30648 19805        0.3597    56        0.3696        0.3130   604755   15.31%          p_0_10 U  30648  30647     24
Elapsed time = 13.11 sec. (32200.68 ticks, tree = 11.13 MB, solutions = 23)
  31469 20346        0.3515    66        0.3696        0.3133   623125   15.23%           z_0_1 U  31469  31468     28
  32343 20927        cutoff              0.3696        0.3135   641294   15.17%          z_0_11 U  32343  32342     40
  33225 21458    infeasible              0.3696        0.3138   658242   15.09%         x_0_4_6 D  33225  33224     44
  34095 22035        0.3408    80        0.3696        0.3142   676639   14.99%         bit_9_5 U  34095  34094     21
  34911 22570        cutoff              0.3696        0.3144   694623   14.93%        mode_0_9 U  34911  34910     39
  35748 23109        0.3284    89        0.3696        0.3146   711349   14.87%         bit_5_3 D  35748  35747     29
  36632 23680        cutoff              0.3696        0.3149   726671   14.79%           z_0_4 U  36632  36631     18
  37535 24261        cutoff              0.3696        0.3152   742871   14.71%           p_0_8 U  37535  37533     43
  38485 24866        0.3342    83        0.3696        0.3156   757514   14.61%        bit_11_5 D  38485  38484     21
  39450 25517        0.3162    89        0.3696        0.3158   772176   14.54%          p_0_10 U  39450  31404     24
Elapsed time = 16.99 sec. (41747.68 ticks, tree = 14.12 MB, solutions = 23)
  40402 26130        0.3276    74        0.3696        0.3161   786787   14.47%         bit_4_4 N  40402  11923     18
  41319 26729        0.3280    75        0.3696        0.3163   801765   14.41%           p_0_5 D  41319  41317     28
  42248 27336        0.3608    42        0.3696        0.3166   816659   14.35%          z_0_11 U  42248  42246     41
  43202 27964        0.3254    84        0.3696        0.3167   830971   14.30%         bit_4_4 U  43202  21048     19
  44080 28549        0.3519    81        0.3696        0.3169   846005   14.25%           z_0_4 D  44080   5911     15
  45085 29233        0.3563    42        0.3696        0.3171   859697   14.19%          p_0_10 D  45085  45084     34
  46007 29805        0.3449    76        0.3696        0.3173   873880   14.14%       x_0_12_11 D  46007  46006     35
  46960 30417        0.3539    63        0.3696        0.3175   888753   14.10%         bit_1_3 D  46960  46959     36
* 47540+29984                            0.3682        0.3176            13.74%
* 47640+26238                            0.3638        0.3176            12.70%
  47783 26332        0.3486    48        0.3638        0.3177   901611   12.69%          z_0_11 D  47783  47782     30
  48629 26828        0.3228    86        0.3638        0.3179   915329   12.61%         bit_9_4 U  48629  30518     18
Elapsed time = 20.75 sec. (51294.39 ticks, tree = 14.83 MB, solutions = 25)
  49494 27312        0.3367    74        0.3638        0.3182   929708   12.55%           p_0_5 D  49494  49493     25
  50337 27776        0.3526    49        0.3638        0.3184   945461   12.48%           p_0_7 D  50337  50336     16
  51155 28241        0.3543    61        0.3638        0.3186   960655   12.43%         bit_1_4 D  51155  51154     27
  52056 28780        0.3303    84        0.3638        0.3188   974488   12.37%           p_0_7 D  52056  52055     21
  52915 29260        cutoff              0.3638        0.3190   988686   12.31%           p_0_5 U  52915  52913     25
  53709 29721        0.3619    57        0.3638        0.3192  1004232   12.26%          z_0_12 U  53709  53707     39
  54500 30169        0.3630    54        0.3638        0.3194  1018807   12.22%         x_0_9_5 N  54500  54499     35
  55342 30663        0.3313    86        0.3638        0.3196  1033612   12.16%           p_0_5 D  55342  55341     26
  56198 31174        0.3389    65        0.3638        0.3197  1048666   12.12%           p_0_7 N  56198  56197     30
  57073 31696        0.3370    83        0.3638        0.3199  1063494   12.07%         bit_5_3 N  57073  57072     29
Elapsed time = 24.55 sec. (60845.45 ticks, tree = 17.61 MB, solutions = 25)
  57888 32158        0.3535    58        0.3638        0.3201  1078460   12.01%           p_0_7 U  57888  57887     15
  58758 32657        0.3588    44        0.3638        0.3204  1093684   11.94%         bit_2_6 D  58758  58757     41
  59505 33034        cutoff              0.3638        0.3206  1108581   11.89%          z_0_11 D  59505  59504     27
  60360 33531        0.3533    50        0.3638        0.3207  1124044   11.84%           p_0_5 U  60360  60359     28
  61208 33988        0.3547    49        0.3638        0.3209  1138813   11.79%          z_0_11 D  61208  61207     27
  62020 34415        0.3518    41        0.3638        0.3211  1154093   11.74%         bit_6_4 D  62020  62019     17
  62793 34839        0.3256    67        0.3638        0.3213  1168217   11.70%         bit_5_3 D  62793  62301     24
  63649 35335        0.3272    77        0.3638        0.3214  1182251   11.65%         bit_5_3 U  63649  63648     29
  64470 35808        0.3563    45        0.3638        0.3216  1196526   11.61%         bit_2_6 D  64470  64469     34
  65268 36223        0.3527    58        0.3638        0.3218  1211595   11.56%         bit_6_3 D  65268  65267     19
Elapsed time = 28.36 sec. (70389.80 ticks, tree = 21.45 MB, solutions = 25)
  66106 36702        0.3486    69        0.3638        0.3219  1225845   11.52%         bit_5_3 U  66106  66105     23
  66844 37110        0.3561    43        0.3638        0.3221  1240444   11.47%          z_0_11 D  66844  66843     31
  67693 37563        0.3222    87        0.3638        0.3222  1255162   11.43%           p_0_7 N  67693  64173     24
  68546 38008        0.3513    51        0.3638        0.3224  1269013   11.39%         bit_7_4 U  68546  68544     37
  69330 38430        0.3387    66        0.3638        0.3226  1283767   11.34%          p_0_10 U  69330  69329     24
  70180 38921        0.3631    55        0.3638        0.3227  1298312   11.30%         x_0_5_1 D  70180  70178     38
  71067 39441        0.3598    44        0.3638        0.3228  1312132   11.27%         x_0_6_4 D  71067  71066     39
  71973 39965        0.3558    54        0.3638        0.3229  1325696   11.23%           p_0_5 D  71973  71971     31
  72905 40496        0.3314    70        0.3638        0.3231  1339478   11.20%          p_0_10 D  72905  72904     28
  73739 40969        0.3535    75        0.3638        0.3232  1353578   11.17%           z_0_1 U  73739  73738     35
Elapsed time = 32.12 sec. (79935.09 ticks, tree = 24.05 MB, solutions = 25)
  74614 41471        0.3589    70        0.3638        0.3234  1367218   11.12%           p_0_5 U  74614  74612     23
  75511 42016        cutoff              0.3638        0.3235  1382906   11.09%         x_0_3_5 U  75511  75509     41
  76318 42451        0.3386    65        0.3638        0.3236  1397340   11.05%         bit_7_3 U  76318  76317     32
  77197 42913        0.3329    79        0.3638        0.3237  1410771   11.01%         bit_5_3 N  77197  73885     26
  77970 43349        0.3427    49        0.3638        0.3239  1424776   10.98%         bit_2_6 N  77970  77969     34
  78860 43823        0.3471    46        0.3638        0.3240  1438945   10.94%           z_0_4 N  78860  78859     31
  79755 44338        cutoff              0.3638        0.3241  1452315   10.91%           p_0_8 U  79755  79754     51
  80603 44791        0.3581    40        0.3638        0.3242  1465787   10.88%         x_0_6_4 U  80603  80601     39
  81474 45270        0.3248    66        0.3638        0.3243  1479884   10.85%           p_0_5 U  81474  40512     27
  84887 47227        0.3611    36        0.3638        0.3247  1536504   10.74%         bit_1_2 U  84887  84886     44
Elapsed time = 37.00 sec. (92345.16 ticks, tree = 27.51 MB, solutions = 25)
  88310 49110        0.3253    53        0.3638        0.3251  1592486   10.64%          p_0_10 U  88310  81720     22
  91700 51020        0.3491    48        0.3638        0.3255  1647646   10.53%          z_0_11 D  91700  91699     32
  95006 52832        0.3597    68        0.3638        0.3259  1702631   10.43%          z_0_11 D  95006  95005     32
  98370 54642        0.3444    80        0.3638        0.3262  1758141   10.33%         bit_8_5 N  98370  15194     21
 101797 56531        cutoff              0.3638        0.3266  1810523   10.23%          z_0_12 U 101797 101795     41
 105360 58514        0.3541    52        0.3638        0.3269  1862092   10.14%         x_0_9_5 U 105360 105357     34
 108536 60154        0.3342    60        0.3638        0.3273  1916520   10.04%           p_0_7 D 108536  70651     20
 111916 61991        cutoff              0.3638        0.3276  1970125    9.95%         x_0_5_9 D 111916 111915     45
 115272 63778        0.3281    56        0.3638        0.3279  2024372    9.86%         bit_7_3 U 115272   3591     24
 118681 65599        0.3361    83        0.3638        0.3282  2075919    9.79%         bit_7_3 N 118681 118680     27
Elapsed time = 51.95 sec. (130502.65 ticks, tree = 40.66 MB, solutions = 25)
 122002 67341        0.3542    57        0.3638        0.3285  2129953    9.71%           p_0_5 U 122002 122001     40
 125405 69167        0.3587    66        0.3638        0.3288  2183741    9.64%         bit_1_4 U 125405 125403     34
 128837 70982        0.3626    42        0.3638        0.3290  2237541    9.56%         bit_9_3 U 128837 128836     38
 132132 72678        0.3567    51        0.3638        0.3293  2291163    9.50%         bit_1_3 U 132132 132131     36
*132698 72536      integral     0        0.3636        0.3293  2300022    9.43%
*132798+68918                            0.3621        0.3293             9.05%
 135469 70237        0.3602    54        0.3621        0.3295  2343352    8.99%         x_0_9_3 D 135469 135468     41
 138877 71876        0.3612    35        0.3621        0.3298  2396401    8.92%         x_0_9_5 N 138877 138875     40
 142286 73529        0.3478    53        0.3621        0.3300  2452115    8.85%         x_0_3_1 D 142286 142285     39
 145781 75223        0.3600    64        0.3621        0.3303  2506148    8.78%         bit_1_4 D 145781 145780     30
 149025 76758        0.3580    44        0.3621        0.3305  2561716    8.72%          z_0_11 D 149025 149024     30
 152432 78314        0.3447    73        0.3621        0.3308  2616029    8.65%          p_0_10 N 152432 152431     26
Elapsed time = 66.80 sec. (168656.18 ticks, tree = 47.99 MB, solutions = 27)
 156047 80068        cutoff              0.3621        0.3310  2668387    8.59%         bit_7_4 D 156047 126827     33
 159648 81847        cutoff              0.3621        0.3312  2720075    8.53%         bit_7_3 U 159648 159647     23
 163045 83478        0.3596    35        0.3621        0.3314  2773584    8.47%         x_0_4_3 D 163045 163044     44
 166685 85276        0.3417    52        0.3621        0.3316  2825898    8.41%         bit_1_4 D 166685 166684     38
 170283 87012        0.3322    70        0.3621        0.3318  2878521    8.36%           p_0_5 U 170283  74152     29
 173776 88714        0.3520    51        0.3621        0.3320  2931244    8.30%           p_0_7 U 173776 173775     16
 177292 90420        0.3373    76        0.3621        0.3322  2981357    8.25%          p_0_10 N 177292  30193     24
 180758 92080        0.3324    87        0.3621        0.3324  3034092    8.20%          p_0_10 N 180758  23160     28
 184120 93568        0.3543    59        0.3621        0.3326  3085896    8.15%          z_0_11 D 184120 184119     26
 187628 95169        0.3499    70        0.3621        0.3328  3135678    8.10%         bit_8_5 D 187628  34154     21
Elapsed time = 81.77 sec. (206812.91 ticks, tree = 57.64 MB, solutions = 27)
 191132 96856        0.3603    35        0.3621        0.3329  3185441    8.05%         bit_2_6 D 191132 191131     43
 194569 98476        cutoff              0.3621        0.3331  3236209    8.01%         x_0_4_1 U 194569 194567     41
 197888 99994        0.3515    49        0.3621        0.3333  3284897    7.96%           p_0_7 U 197888 197887     31
 201280 101545        0.3420    63        0.3621        0.3334  3334469    7.91%         bit_7_3 D 201280 130121     37
 204751 103084        cutoff              0.3621        0.3336  3384541    7.87%         bit_7_3 D 204751 204750     27
 208131 104642        cutoff              0.3621        0.3338  3436818    7.82%         bit_1_3 U 208131 208129     41
 211389 106098        0.3429    68        0.3621        0.3339  3486257    7.78%           p_0_7 U 211389 211388     39
 214770 107608        0.3578    45        0.3621        0.3341  3535039    7.74%          z_0_11 D 214770 214769     36
 218173 109155        0.3429    72        0.3621        0.3342  3584321    7.70%         bit_5_4 N 218173 218172     26
 221694 110714        0.3615    66        0.3621        0.3344  3634611    7.65%         bit_7_1 D 221694 221692     36
Elapsed time = 96.58 sec. (244967.46 ticks, tree = 66.62 MB, solutions = 27)
 225141 112264        0.3606    63        0.3621        0.3345  3684412    7.61%         bit_2_6 D 225141 225140     39
 228497 113753        0.3545    56        0.3621        0.3347  3733795    7.57%           z_0_7 N 228497  35354     27
 231897 115323        0.3415    68        0.3621        0.3348  3782907    7.54%           p_0_7 D 231897  64626     28
 235294 116808        0.3567    54        0.3621        0.3349  3831517    7.50%         x_0_6_2 N 235294 235293     35
 238772 118424        cutoff              0.3621        0.3351  3881455    7.47%          z_0_11 U 238772 238771     41
 242172 119956        cutoff              0.3621        0.3352  3930864    7.43%         bit_1_4 U 242172 242170     34
 245557 121435        0.3357    66        0.3621        0.3353  3980341    7.39%          p_0_10 U 245557 237834     27
 249034 122981        0.3464    44        0.3621        0.3355  4028796    7.35%         x_0_4_1 N 249034 101281     32
 252506 124553        0.3598    34        0.3621        0.3356  4078383    7.32%          z_0_11 D 252506 252505     36
 255971 126035        0.3537    83        0.3621        0.3357  4126861    7.28%         bit_1_4 D 255971 255970     30
Elapsed time = 111.38 sec. (283125.44 ticks, tree = 75.55 MB, solutions = 27)
 259397 127481        0.3359    68        0.3621        0.3359  4177153    7.24%          p_0_10 N 259397 210232     33
 262900 129060        0.3586    69        0.3621        0.3360  4225977    7.21%         bit_1_4 U 262900 156906     37
 266340 130584        0.3472    68        0.3621        0.3361  4276199    7.18%         bit_5_4 D 266340 266339     25
 269720 131995        0.3427    80        0.3621        0.3362  4326175    7.14%          p_0_10 D 269720 269719     36
 272993 133407        cutoff              0.3621        0.3363  4376480    7.11%           z_0_3 U 272993 272992     42
 276340 134800        0.3487    65        0.3621        0.3365  4426194    7.08%           p_0_5 D 276340 276339     39
 279662 136184        0.3501    71        0.3621        0.3366  4475465    7.05%           z_0_7 N 279662  55124     34
 283124 137668        cutoff              0.3621        0.3367  4524603    7.01%         bit_1_4 U 283124 283122     31
 286390 139082        0.3546    50        0.3621        0.3368  4573080    6.98%         x_0_3_1 D 286390 286389     40
 289695 140474        0.3568    61        0.3621        0.3369  4622665    6.95%         bit_1_4 D 289695 289694     35
Elapsed time = 126.11 sec. (321278.61 ticks, tree = 86.94 MB, solutions = 27)
 293111 141906        0.3612    55        0.3621        0.3370  4671016    6.92%         x_0_6_2 D 293111 293110     42
 296467 143250        0.3619    49        0.3621        0.3371  4719234    6.89%         bit_1_2 D 296467 296466     36
 299882 144683        0.3535    58        0.3621        0.3372  4767902    6.86%         x_0_4_1 D 299882 299881     34
 303328 146141        0.3614    28        0.3621        0.3374  4816315    6.83%         bit_9_3 D 303328 303327     34
 306685 147550        0.3456    61        0.3621        0.3375  4864704    6.80%          z_0_11 D 306685 306683     33
 310035 148973        0.3596    49        0.3621        0.3376  4911686    6.78%           z_0_1 D 310035 310034     30
 313339 150300        0.3499    68        0.3621        0.3377  4960327    6.75%          z_0_11 D 313339 313338     29
 316745 151692        0.3512    46        0.3621        0.3378  5008628    6.72%         bit_1_4 D 316745 316744     29
 320077 153026        cutoff              0.3621        0.3379  5057236    6.69%         bit_1_3 U 320077 320076     41
 323327 154361        0.3419    71        0.3621        0.3380  5106056    6.67%           p_0_5 U 323327 323326     36
Elapsed time = 140.88 sec. (359431.45 ticks, tree = 95.13 MB, solutions = 27)
 326708 155740        0.3519    64        0.3621        0.3380  5154624    6.64%          z_0_11 N 326708 326707     37
 329992 157025        0.3567    62        0.3621        0.3381  5204665    6.61%          z_0_11 U 329992 329989     34
 333426 158441        0.3383    64        0.3621        0.3382  5252938    6.59%           p_0_7 U 333426 117664     35
 336742 159738        cutoff              0.3621        0.3383  5300319    6.56%         bit_1_4 U 336742 336740     27
 340060 161019        0.3572    48        0.3621        0.3384  5348404    6.54%         bit_5_2 D 340060 340059     38
 343401 162329        0.3483    62        0.3621        0.3385  5395490    6.51%          p_0_10 D 343401 343400     28
 346731 163576        0.3386    87        0.3621        0.3386  5445468    6.49%          p_0_10 U 346731 333038     31
 350100 164891        0.3474    47        0.3621        0.3387  5494164    6.47%          z_0_11 D 350100 350099     33
 353620 166252        0.3604    67        0.3621        0.3388  5541073    6.44%         x_0_6_2 D 353620 353619     40
 357030 167488        cutoff              0.3621        0.3388  5588762    6.42%          z_0_11 U 357030 244056     33
Elapsed time = 155.53 sec. (397583.27 ticks, tree = 104.69 MB, solutions = 27)
 360380 168800        0.3482    44        0.3621        0.3389  5636158    6.40%         x_0_9_5 N 360380 104996     31
 363710 170103        0.3390    54        0.3621        0.3390  5682688    6.37%          p_0_10 U 363710 289132     35
 366991 171299        0.3405    76        0.3621        0.3391  5731410    6.35%           p_0_5 N 366991 335369     29
 370350 172564        0.3586    38        0.3621        0.3392  5779652    6.33%           d_0_6 U 370350 370349     47
 373757 173824        0.3395    63        0.3621        0.3392  5828400    6.31%          p_0_10 U 373757 137650     29
 377104 175048        0.3603    70        0.3621        0.3393  5875867    6.29%           z_0_1 D 377104 377103     32
 380425 176348        cutoff              0.3621        0.3394  5923875    6.27%         bit_1_2 U 380425 380424     39
 383822 177541        cutoff              0.3621        0.3395  5970964    6.24%         bit_1_4 U 383822 172572     36
 387163 178789        0.3404    72        0.3621        0.3396  6018656    6.22%          p_0_10 D 387163 242538     32
 390596 180045        0.3500    64        0.3621        0.3396  6065496    6.20%           p_0_5 U 390596 390595     30
Elapsed time = 170.17 sec. (435738.57 ticks, tree = 112.17 MB, solutions = 27)
 394000 181286        cutoff              0.3621        0.3397  6112866    6.18%         bit_7_3 D 394000 393997     28
 397442 182529        0.3545    63        0.3621        0.3398  6160249    6.15%         bit_1_4 D 397442 397441     34
 400628 183566        0.3556    48        0.3621        0.3399  6207153    6.13%           p_0_7 D 400628 400627     33
 403928 184734        0.3515    82        0.3621        0.3400  6253689    6.11%         bit_7_3 U 403928 403927     28
 407200 185876        0.3542    55        0.3621        0.3400  6300367    6.09%         bit_1_4 D 407200 407199     31
 410593 187055        0.3455    77        0.3621        0.3401  6347034    6.07%           p_0_7 D 410593 137933     24
 413684 188097        0.3472    51        0.3621        0.3402  6391471    6.05%          p_0_10 U 413684 413683     33
 417054 189333        0.3568    55        0.3621        0.3403  6437611    6.03%         bit_2_6 D 417054 417053     31
 420486 190501        0.3588    66        0.3621        0.3403  6483631    6.01%         bit_2_6 D 420486 420485     35
 423820 191600        cutoff              0.3621        0.3404  6529823    5.99%         bit_1_4 U 423820 423818     33
Elapsed time = 184.88 sec. (473893.60 ticks, tree = 121.14 MB, solutions = 27)
 427189 192794        0.3500    68        0.3621        0.3405  6576157    5.97%         bit_1_4 N 427189 427188     35
 430504 193911        0.3619    39        0.3621        0.3405  6623473    5.95%         bit_9_3 U 430504 430502     49
*433538 171986      integral     0        0.3596        0.3406  6663800    5.28%           d_0_4 U 433538 433537     49
*433638+164205                            0.3589        0.3406             5.09%
 436845 164970        0.3507    71        0.3589        0.3407  6707689    5.07%         bit_1_4 D 436845 436844     35
 440206 165771        0.3460    55        0.3589        0.3408  6752242    5.04%         bit_1_4 D 440206 440205     30
 443537 166593        0.3572    61        0.3589        0.3408  6797227    5.02%          z_0_11 D 443537 443536     32
 446864 167393        0.3512    58        0.3589        0.3409  6842397    5.00%           p_0_7 D 446864 446863     37
 450248 168166        0.3410    50        0.3589        0.3410  6887054    4.98%           p_0_7 N 450248 168821     32
 453554 168958        0.3418    70        0.3589        0.3411  6932812    4.96%           p_0_5 U 453554 284854     39
 456846 169686        cutoff              0.3589        0.3412  6977718    4.93%         bit_1_4 U 456846 278836     36
Elapsed time = 199.58 sec. (511551.63 ticks, tree = 108.66 MB, solutions = 29)
 460187 170397        0.3486    44        0.3589        0.3412  7023296    4.91%         x_0_4_1 N 460187 221384     36
 463483 171204        0.3422    46        0.3589        0.3413  7068514    4.89%           p_0_7 N 463483 218093     32
 466796 171925        0.3416    78        0.3589        0.3414  7113006    4.87%           p_0_7 D 466796 127740     27
 470183 172647        0.3422    65        0.3589        0.3415  7156861    4.85%           p_0_5 U 470183 397155     34
 473675 173464        0.3580    45        0.3589        0.3416  7201982    4.82%        bit_10_3 U 473675 473673     36
 476994 174172        0.3567    44        0.3589        0.3416  7246747    4.80%         bit_1_3 U 476994 476993     30
 480425 174927        0.3479    65        0.3589        0.3417  7290987    4.78%           p_0_5 N 480425 480424     29
 483769 175664        cutoff              0.3589        0.3418  7335205    4.76%          p_0_10 U 483769 483768     23
 487171 176471        cutoff              0.3589        0.3419  7378515    4.74%         bit_7_4 D 487171 225013     27
 490565 177109        0.3420    71        0.3589        0.3419  7422360    4.72%           p_0_5 D 490565 474006     29
Elapsed time = 214.34 sec. (549707.03 ticks, tree = 113.15 MB, solutions = 29)
 493982 177765        0.3530    65        0.3589        0.3420  7467533    4.70%           p_0_5 D 493982 493981     43
 497267 178419        cutoff              0.3589        0.3421  7511567    4.68%         x_0_4_1 U 497267 245090     32
 500766 179137        cutoff              0.3589        0.3422  7556155    4.65%          z_0_11 D 500766 500765     43
*502700 168766      integral     0        0.3580        0.3422  7582407    4.41%           p_0_8 D 502700 502698     49
*502800+160855                            0.3574        0.3422             4.25%
 506016 161218        0.3574    55        0.3574        0.3423  7624141    4.23%         x_0_6_2 N 506016 506015     33
 509486 161639        0.3472    36        0.3574        0.3424  7668274    4.21%          z_0_11 D 509486 509485     39
 512927 162039        0.3543    56        0.3574        0.3425  7711316    4.18%         x_0_6_2 D 512927 512926     39
 516364 162484        0.3447    59        0.3574        0.3426  7753247    4.16%           p_0_5 U 516364 516361     35
 519684 162869        0.3499    47        0.3574        0.3426  7796204    4.14%         x_0_4_1 D 519684 519683     36
 523071 163338        0.3541    50        0.3574        0.3427  7839050    4.11%         bit_5_4 N 523071 126835     23
Elapsed time = 228.45 sec. (586286.46 ticks, tree = 105.40 MB, solutions = 31)
 526497 163782        0.3529    51        0.3574        0.3428  7882564    4.09%          z_0_11 N 526497 526495     32
 529899 164186        0.3513    51        0.3574        0.3429  7925296    4.07%          z_0_11 U 529899 529898     35
 533260 164597        0.3522    43        0.3574        0.3430  7967141    4.04%         bit_1_3 U 533260 533259     36
 536555 165036        0.3480    47        0.3574        0.3430  8009984    4.02%         x_0_4_1 D 536555 536554     34
 539862 165344        0.3489    50        0.3574        0.3431  8052422    4.00%          p_0_10 U 539862 539861     37
 543145 165712        cutoff              0.3574        0.3432  8094948    3.98%         bit_7_3 N 543145 475308     26
 546568 166108        cutoff              0.3574        0.3433  8138106    3.96%         bit_7_4 D 546568 546567     22
 549849 166445        cutoff              0.3574        0.3434  8179595    3.93%         bit_7_3 N 549849 215796     31
 553200 166839        0.3507    54        0.3574        0.3434  8222243    3.91%          p_0_10 N 553200 525978     40
 556631 167320        0.3560    82        0.3574        0.3435  8263872    3.89%         bit_8_5 N 556631  36985     25
Elapsed time = 243.25 sec. (624442.51 ticks, tree = 107.97 MB, solutions = 31)
 560104 167680        0.3517    48        0.3574        0.3436  8305326    3.87%           p_0_5 U 560104 560102     33
 563493 168054        0.3464    85        0.3574        0.3437  8347358    3.85%         bit_7_2 N 563493 374335     32
 566936 168403        0.3524    33        0.3574        0.3437  8388939    3.82%        bit_10_2 D 566936  67970     26
 570320 168752        0.3508    69        0.3574        0.3438  8430090    3.80%           p_0_5 D 570320 570318     32
 573658 169037        cutoff              0.3574        0.3439  8470535    3.78%           d_0_6 N 573658 573656     39
 576965 169361        0.3531    46        0.3574        0.3440  8510714    3.76%          z_0_11 U 576965 576963     38
 580461 169621        0.3443    75        0.3574        0.3441  8551399    3.74%          p_0_10 U 580461 536637     37
 583851 169919        0.3469    53        0.3574        0.3441  8592683    3.72%           p_0_5 N 583851 583849     34
 587260 170223        0.3530    60        0.3574        0.3442  8633519    3.70%         bit_1_4 D 587260 587259     42
 590754 170647        0.3523    48        0.3574        0.3443  8674534    3.67%         x_0_6_2 N 590754 590753     33
Elapsed time = 258.05 sec. (662603.33 ticks, tree = 110.15 MB, solutions = 31)
 594048 170879        cutoff              0.3574        0.3444  8715571    3.65%         bit_1_4 D 594048 594047     38
 597318 171073        0.3446    68        0.3574        0.3444  8755903    3.63%           p_0_7 N 597318  18997     29
 600552 171312        0.3542    96        0.3574        0.3445  8795119    3.61%         bit_5_4 N 600552 599046     25
 604023 171534        0.3487    58        0.3574        0.3446  8836487    3.59%          z_0_11 U 604023 604022     35
Starting limited solution polishing.
*606700+171668                            0.3574        0.3446             3.57%
 607100 171701        0.3551    78        0.3574        0.3447  8872963    3.57%         bit_1_4 D 607100 607099     43
*607300+171716                            0.3574        0.3447             3.57%
*608500+170091                            0.3573        0.3447             3.53%
 609131 170140        cutoff              0.3573        0.3447  8896825    3.53%           p_0_7 N 609131 609129     38
 610000 170181        0.3552    49        0.3573        0.3447  8906999    3.52%           p_0_5 N 610000 609998     37
 611091 170223        cutoff              0.3573        0.3447  8920523    3.51%         x_0_4_1 U 611091 611089     37
*611700+170268                            0.3573        0.3448             3.51%
 612000 170298    infeasible              0.3573        0.3448  8930549    3.51%        bit_10_2 U 612000 611999     34
*612800+168851                            0.3572        0.3448             3.48%
 612900 168860        0.3491    54        0.3572        0.3448  8941805    3.48%         x_0_9_5 D 612900 612899     36
Elapsed time = 274.06 sec. (701570.52 ticks, tree = 109.28 MB, solutions = 36)
*613000+168857                            0.3572        0.3448             3.48%
 613800 168879        0.3498    61        0.3572        0.3448  8952029    3.47%           p_0_5 D 613800 613799     25
 615074 168958        cutoff              0.3572        0.3448  8966030    3.46%          p_0_10 D 615074 615073     29
 616290 168997        0.3538    33        0.3572        0.3449  8980321    3.46%         x_0_4_1 N 616290 603872     32
 617037 169027        0.3473    55        0.3572        0.3449  8989025    3.45%           z_0_4 N 617037 617036     34
 618100 169105        0.3474    63        0.3572        0.3449  9001566    3.44%          p_0_10 D 618100 170278     37
 619229 169163        0.3540    42        0.3572        0.3449  9014940    3.44%          z_0_11 U 619229 276787     28
*620000+169178                            0.3572        0.3449             3.43%
 622574 169245        0.3567    35        0.3572        0.3450  9054409    3.42%           z_0_3 D 622574 622573     39
 626004 169437        0.3462    46        0.3572        0.3451  9094977    3.40%         bit_7_2 U 626004 626003     32
*626900+169482                            0.3572        0.3451             3.39%
 628867 169599        cutoff              0.3572        0.3451  9130061    3.38%         bit_1_4 D 628867 628866     29
 632350 169776        0.3544    51        0.3572        0.3452  9169333    3.36%         bit_7_3 D 632350  88928     32
Elapsed time = 289.91 sec. (740101.28 ticks, tree = 109.93 MB, solutions = 39)
 635849 169887        0.3456    62        0.3572        0.3453  9209777    3.34%           p_0_5 U 635849 437308     36
 638900 169930        0.3511    65        0.3572        0.3453  9245093    3.32%         x_0_4_1 N 638900 638899     38
Advanced basis not built.

Clique cuts applied:  56
Cover cuts applied:  7
Implied bound cuts applied:  894
Mixed integer rounding cuts applied:  2
Zero-half cuts applied:  10
Lift and project cuts applied:  9
Gomory fractional cuts applied:  9

Root node processing (before b&c):
  Real time             =    0.17 sec. (410.07 ticks)
Sequential b&c:
  Real time             =  293.84 sec. (750883.08 ticks)
                          ------------
Total (root+branch&cut) =  294.02 sec. (751293.14 ticks)
regen_candidate_V12_M1_average.txt cplex time_limit obj=0.357201 runtime=294.894 columns=0
