
Gurobi 13.0.2 (win64) logging started Thu Jul 23 05:23:18 2026

Set parameter LogFile to value "E:\codes\ExactEBRP\results\gf_cplex_equivalent_gurobi_replica_round28\runs\stage2__moderate_seed3302__p_grb__300s\native.log"
Set parameter Threads to value 1
Set parameter Presolve to value -1
Set parameter Seed to value 0
Set parameter MIPGap to value 0
Set parameter MIPGapAbs to value 0
Set parameter TimeLimit to value 294
Read LP format model from file E:\codes\ExactEBRP\results\gf_cplex_equivalent_gurobi_replica_round28\runs\stage2__moderate_seed3302__p_grb__300s\canonical.lp
Reading time = 0.01 seconds
obj: 5063 rows, 2111 columns, 23340 nonzeros
Gurobi Optimizer version 13.0.2 build v13.0.2rc1 (win64 - Windows 10.0 (19045.2))

CPU model: 12th Gen Intel(R) Core(TM) i7-12700KF, instruction set [SSE2|AVX|AVX2]
Thread count: 12 physical cores, 20 logical processors, using up to 1 threads

Non-default parameters:
TimeLimit  294
MIPGap  0
MIPGapAbs  0
LogToConsole  0
Threads  1

Optimize a model with 5063 rows, 2111 columns and 23340 nonzeros (Min)
Model fingerprint: 0xec1216f2
Model has 21 linear objective coefficients
Variable types: 421 continuous, 1690 integer (1490 binary)
Coefficient statistics:
  Matrix range     [3e-02, 6e+02]
  Objective range  [7e-03, 1e+00]
  Bounds range     [1e+00, 5e+01]
  RHS range        [1e+00, 4e+03]

Presolve removed 147 rows and 24 columns
Presolve time: 0.05s
Presolved: 4916 rows, 2087 columns, 40385 nonzeros
Variable types: 191 continuous, 1896 integer (1490 binary)
Found heuristic solution: objective 1.3552773

Root relaxation: objective 9.570934e-02, 2184 iterations, 0.08 seconds (0.19 work units)

    Nodes    |    Current Node    |     Objective Bounds      |     Work
 Expl Unexpl |  Obj  Depth IntInf | Incumbent    BestBd   Gap | It/Node Time

     0     0    0.09571    0  267    1.35528    0.09571  92.9%     -    0s
H    0     0                       1.3521599    0.09571  92.9%     -    0s
     0     0    0.11755    0  402    1.35216    0.11755  91.3%     -    0s
H    0     0                       1.2965727    0.11755  90.9%     -    0s
H    0     0                       1.1704491    0.11755  90.0%     -    0s
H    0     0                       1.1551627    0.11755  89.8%     -    0s
     0     0    0.11831    0  409    1.15516    0.11831  89.8%     -    0s
     0     0    0.11975    0  443    1.15516    0.11975  89.6%     -    0s
H    0     0                       1.1534258    0.11975  89.6%     -    0s
     0     0    0.11993    0  415    1.15343    0.11993  89.6%     -    0s
     0     0    0.12015    0  496    1.15343    0.12015  89.6%     -    0s
     0     0    0.12018    0  495    1.15343    0.12018  89.6%     -    1s
     0     0    0.12025    0  529    1.15343    0.12025  89.6%     -    1s
     0     0    0.12026    0  534    1.15343    0.12026  89.6%     -    1s
     0     0    0.12032    0  551    1.15343    0.12032  89.6%     -    1s
     0     0    0.12033    0  537    1.15343    0.12033  89.6%     -    1s
     0     0    0.12041    0  562    1.15343    0.12041  89.6%     -    1s
H    0     0                       1.1529389    0.12041  89.6%     -    1s
H    0     0                       1.1307878    0.12041  89.4%     -    1s
H    0     0                       1.1275524    0.12041  89.3%     -    1s
H    0     0                       1.1257324    0.12041  89.3%     -    1s
H    0     0                       1.0973126    0.12041  89.0%     -    1s
H    0     0                       1.0946599    0.12041  89.0%     -    1s
     0     0    0.12042    0  559    1.09466    0.12042  89.0%     -    1s
     0     0    0.12044    0  548    1.09466    0.12044  89.0%     -    2s
     0     0    0.12044    0  546    1.09466    0.12044  89.0%     -    2s
     0     0    0.12045    0  546    1.09466    0.12045  89.0%     -    2s
     0     0    0.12046    0  504    1.09466    0.12046  89.0%     -    2s
     0     0    0.12046    0  554    1.09466    0.12046  89.0%     -    2s
     0     0    0.12046    0  553    1.09466    0.12046  89.0%     -    2s
     0     0    0.12046    0  512    1.09466    0.12046  89.0%     -    2s
H    0     0                       1.0945359    0.12046  89.0%     -    2s
H    0     0                       1.0907727    0.12046  89.0%     -    2s
     0     2    0.12046    0  511    1.09077    0.12046  89.0%     -    2s
H    2     2                       1.0532727    0.12046  88.6%  1000    3s
H    2     2                       1.0524651    0.12046  88.6%  1000    3s
H    2     2                       1.0505821    0.12046  88.5%  1000    3s
H    2     2                       1.0097252    0.12046  88.1%  1000    3s
H    2     2                       1.0081100    0.12046  88.1%  1000    3s
H    2     2                       1.0078328    0.12046  88.0%  1000    3s
H    2     2                       1.0070174    0.12046  88.0%  1000    3s
H    2     2                       0.8119759    0.12046  85.2%  1000    3s
H    2     2                       0.7081495    0.12046  83.0%  1000    3s
H    7     7                       0.5981623    0.12121  79.7%   568    3s
H    7     7                       0.5981579    0.12121  79.7%   568    3s
H    9     9                       0.5978274    0.12123  79.7%   648    3s
H    9     9                       0.5677601    0.12123  78.6%   648    3s
H    9     9                       0.5667173    0.12123  78.6%   648    3s
H    9     9                       0.5654475    0.12123  78.6%   648    3s
H   11    11                       0.5620587    0.12123  78.4%   674    4s
H   14    14                       0.5412000    0.12123  77.6%   743    4s
H   14    14                       0.5394301    0.12123  77.5%   743    4s
H   14    14                       0.5371122    0.12123  77.4%   743    4s
H   14    14                       0.5355227    0.12123  77.4%   743    4s
H   17    17                       0.5352609    0.12123  77.4%   739    4s
H   22    22                       0.5348600    0.12123  77.3%   648    4s
H   22    22                       0.5176435    0.12123  76.6%   648    4s
H   22    22                       0.5168359    0.12123  76.5%   648    4s
H   22    22                       0.5147939    0.12123  76.5%   648    4s
H   24    24                       0.5147734    0.12123  76.4%   619    4s
H   24    24                       0.5147206    0.12123  76.4%   619    4s
H   24    24                       0.5132408    0.12123  76.4%   619    4s
H   24    24                       0.5128802    0.12123  76.4%   619    4s
H   24    24                       0.5096872    0.12123  76.2%   619    4s
H   24    24                       0.5073386    0.12123  76.1%   619    4s
H   24    24                       0.5042366    0.12123  76.0%   619    4s
    27    29    0.12619   15  404    0.50424    0.12123  76.0%   599    5s
H   30    30                       0.5041579    0.12123  76.0%   560    5s
H   58    54                       0.5027656    0.12123  75.9%   409    5s
H   71    60                       0.5013252    0.12148  75.8%   434    6s
H   71    60                       0.4995328    0.12148  75.7%   434    6s
H   72    60                       0.4565039    0.12148  73.4%   444    6s
H   72    60                       0.4539190    0.12148  73.2%   444    6s
H   72    60                       0.4480616    0.12148  72.9%   444    6s
H   72    60                       0.4456849    0.12148  72.7%   444    6s
H   73    61                       0.4144926    0.12148  70.7%   453    6s
H   75    63                       0.4122311    0.12148  70.5%   458    7s
H   80    68                       0.4106438    0.12148  70.4%   454    7s
H   82    70                       0.3529411    0.12148  65.6%   460    7s
H   82    70                       0.3528892    0.12148  65.6%   460    7s
H   82    70                       0.3528447    0.12148  65.6%   460    7s
H   85    73                       0.3501451    0.12148  65.3%   465    7s
H   85    73                       0.3501108    0.12148  65.3%   465    7s
H   85    73                       0.3501035    0.12148  65.3%   465    7s
H   85    73                       0.3501024    0.12148  65.3%   465    7s
H   86    74                       0.3500689    0.12148  65.3%   479    7s
H   91    79                       0.3480822    0.12148  65.1%   466    7s
H  111    99                       0.3464670    0.12148  64.9%   416    8s
H  111    99                       0.3450742    0.12148  64.8%   416    8s
H  182   151                       0.3422483    0.12148  64.5%   307    9s
H  182   151                       0.3422477    0.12148  64.5%   307    9s
H  182   151                       0.3420967    0.12148  64.5%   307    9s
H  182   151                       0.3419996    0.12148  64.5%   307    9s
H  184   151                       0.3415069    0.12160  64.4%   316   10s
H  184   151                       0.3405752    0.12160  64.3%   316   10s
H  184   151                       0.3399334    0.12160  64.2%   316   10s
H  184   151                       0.3390702    0.12160  64.1%   316   10s
H  184   151                       0.3384560    0.12160  64.1%   316   10s
   354   309    0.14922   38  291    0.33846    0.12264  63.8%   272   15s
H  517   454                       0.3356221    0.12264  63.5%   207   17s
H  517   454                       0.3350052    0.12264  63.4%   207   17s
   557   483    0.13749   71  512    0.33501    0.12289  63.3%   208   20s
   569   491    0.16832  145  597    0.33501    0.12541  62.6%   204   25s
H  577   470                       0.3305004    0.12545  62.0%   241   30s
H  577   447                       0.3224950    0.12545  61.1%   241   30s
H  578   425                       0.3050789    0.12545  58.9%   242   30s
H  580   404                       0.2972871    0.12612  57.6%   247   31s
H  582   386                       0.2917111    0.12634  56.7%   253   31s
H  582   367                       0.2911085    0.12634  56.6%   253   31s
H  582   348                       0.2908888    0.12634  56.6%   253   31s
H  589   335                       0.2694661    0.12638  53.1%   269   32s
H  589   318                       0.2692602    0.12638  53.1%   269   32s
H  589   302                       0.2691632    0.12638  53.0%   269   32s
H  589   287                       0.2691502    0.12638  53.0%   269   32s
H  596   278                       0.2674670    0.12638  52.7%   274   33s
H  596   264                       0.2652070    0.12638  52.3%   274   33s
H  600   254                       0.2645967    0.12638  52.2%   274   33s
H  600   242                       0.2643430    0.12638  52.2%   274   33s
H  603   232                       0.2620654    0.12638  51.8%   273   33s
   614   241    0.18842   28  375    0.26207    0.12638  51.8%   273   35s
   720   305    0.18556   81  153    0.26207    0.12638  51.8%   256   40s
   792   309    0.14006   21  485    0.26207    0.12639  51.8%   266   45s
   851   348    0.17453   50  240    0.26207    0.12639  51.8%   280   50s
H  987   401                       0.2608204    0.12639  51.5%   276   55s
H  987   391                       0.2604844    0.12639  51.5%   276   55s
  1056   426    0.13472   19  470    0.26048    0.12748  51.1%   290   60s
  1128   466    0.14388   55  236    0.26048    0.12748  51.1%   301   65s
  1238   538    0.13553   19  425    0.26048    0.12748  51.1%   304   70s
  1347   643    0.19305   73  207    0.26048    0.12748  51.1%   301   75s
  1440   720    0.13688   31  397    0.26048    0.12835  50.7%   304   80s
  1553   805    0.13950   21  386    0.26048    0.12836  50.7%   302   85s
H 1561   809                       0.2594511    0.12836  50.5%   302   85s
H 1580   828                       0.2592797    0.12836  50.5%   301   86s
H 1580   827                       0.2590650    0.12836  50.5%   301   86s
H 1592   834                       0.2570301    0.12836  50.1%   301   87s
  1644   886    0.16886   67  210    0.25703    0.12836  50.1%   300   90s
H 1707   921                       0.2566504    0.12836  50.0%   293   91s
H 1707   921                       0.2566215    0.12836  50.0%   293   91s
H 1708   922                       0.2566082    0.12854  49.9%   294   91s
  1744   960    0.13439   35  371    0.25661    0.12854  49.9%   302   95s
H 1811  1017                       0.2493296    0.12854  48.4%   303   99s
H 1812  1014                       0.2463009    0.12854  47.8%   303   99s
H 1812  1010                       0.2427756    0.12854  47.1%   303   99s
H 1812  1010                       0.2426716    0.12854  47.0%   303   99s
H 1812  1010                       0.2406654    0.12854  46.6%   303   99s
H 1814  1012                       0.2406480    0.12854  46.6%   303   99s
  1827  1027    0.14984   76  185    0.24065    0.12854  46.6%   301  100s
H 1885  1048                       0.2396669    0.12856  46.4%   298  102s
  1918  1083    0.15843   36  366    0.23967    0.12856  46.4%   304  105s
H 1985  1148                       0.2396056    0.12856  46.3%   300  109s
  1986  1151    0.16808   70  187    0.23961    0.12856  46.3%   300  110s
H 2008  1158                       0.2392820    0.12897  46.1%   299  111s
  2017  1169    0.13088   24  478    0.23928    0.12897  46.1%   301  115s
  2151  1284    0.12903   19  494    0.23928    0.12897  46.1%   292  120s
  2269  1386    0.13049   26  451    0.23928    0.12898  46.1%   286  125s
  2399  1499    0.13729   47  356    0.23928    0.12903  46.1%   281  130s
  2531  1600    0.14235   51  258    0.23928    0.12904  46.1%   278  135s
  2660  1697    0.12934   17  539    0.23928    0.12906  46.1%   274  140s
  2795  1806    0.13156   34  441    0.23928    0.12906  46.1%   269  145s
  2955  1947    0.13883   43  410    0.23928    0.12906  46.1%   263  150s
H 2958  1947                       0.2384625    0.12906  45.9%   263  151s
  2958  1949    0.14673   46  359    0.23846    0.12906  45.9%   264  155s
  3094  2072    0.21489  102  203    0.23846    0.12907  45.9%   257  160s
  3179  2142    0.16085   59  232    0.23846    0.12907  45.9%   260  165s
  3323  2260    0.16757  103  152    0.23846    0.12908  45.9%   257  170s
H 3326  2255                       0.2343115    0.12908  44.9%   257  170s
H 3326  2255                       0.2340799    0.12908  44.9%   257  170s
  3459  2361    0.13796   43  403    0.23408    0.12910  44.8%   254  175s
H 3465  2365                       0.2335824    0.12910  44.7%   254  175s
H 3465  2360                       0.2314088    0.12910  44.2%   254  175s
H 3465  2357                       0.2289080    0.12910  43.6%   254  175s
H 3465  2357                       0.2287534    0.12910  43.6%   254  175s
  3601  2463    0.20114   63  299    0.22875    0.12910  43.6%   252  180s
  3750  2583    0.13127   20  474    0.22875    0.12911  43.6%   249  185s
  3799  2630    0.15109   40  408    0.22875    0.12911  43.6%   251  190s
  3939  2737    0.13558   24  451    0.22875    0.12911  43.6%   249  195s
  4101  2850    0.12945   16  535    0.22875    0.12912  43.6%   247  200s
  4228  2957    0.15151   39  342    0.22875    0.12912  43.6%   246  205s
  4409  3106    0.13760   34  375    0.22875    0.12914  43.5%   241  210s
  4562  3226    0.13015   19  532    0.22875    0.12916  43.5%   240  215s
  4623  3274    0.13094   30  369    0.22875    0.12916  43.5%   243  220s
H 4681  3295                       0.2231513    0.12917  42.1%   245  223s
H 4738  3338                       0.2231204    0.12917  42.1%   243  225s
H 4738  3338                       0.2231037    0.12917  42.1%   243  225s
  4877  3446    0.13497   23  515    0.22310    0.12919  42.1%   242  230s
  5006  3558    0.14377   48  364    0.22310    0.12920  42.1%   240  235s
H 5087  3594                       0.2205732    0.12921  41.4%   238  238s
  5087  3596    0.20818   80  181    0.22057    0.12921  41.4%   238  241s
  5191  3682    0.21043   76  153    0.22057    0.12922  41.4%   236  245s
  5360  3808    0.12946   25  500    0.22057    0.12923  41.4%   235  250s
  5472  3892    0.12973   24  437    0.22057    0.12924  41.4%   237  255s
H 5490  3905                       0.2202894    0.12924  41.3%   237  255s
  5719  4086    0.12993   21  513    0.22029    0.12925  41.3%   231  260s
  5858  4205    0.17209   66  246    0.22029    0.12925  41.3%   230  265s
  6062  4368    0.16199   52  251    0.22029    0.12926  41.3%   228  270s
  6295  4539    0.13156   27  440    0.22029    0.12927  41.3%   225  275s
  6422  4644    0.18129   42  316    0.22029    0.12928  41.3%   226  280s
  6607  4789    0.17031  112  134    0.22029    0.12928  41.3%   224  285s
H 6713  4855                       0.2199530    0.12929  41.2%   224  289s
  6743  4887    0.17459   60  289    0.21995    0.12929  41.2%   224  290s

Cutting planes:
  Learned: 45
  Cover: 33
  Implied bound: 176
  Projected implied bound: 148
  Clique: 71
  MIR: 804
  StrongCG: 92
  Flow cover: 716
  GUB cover: 2
  Zero half: 36
  RLT: 7
  Relax-and-lift: 51
  BQP: 13
  PSD: 2

Explored 6830 nodes (1547174 simplex iterations) in 294.00 seconds (554.85 work units)
Thread count was 1 (of 20 available processors)

Solution count 10: 0.219953 0.220289 0.220573 ... 0.233582

Time limit reached
Best objective 2.199530220890e-01, best bound 1.293089151726e-01, gap 41.2107%

User-callback calls 92355, time in user-callback 0.02 sec
