
Gurobi 13.0.2 (win64) logging started Thu Jul 23 08:34:59 2026

Set parameter LogFile to value "E:\codes\ExactEBRP\results\gf_cplex_equivalent_gurobi_replica_round28\runs\stage3__moderate_seed3302__c2_paper__300s\native.log"
Set parameter Threads to value 1
Set parameter Presolve to value -1
Set parameter Seed to value 0
Set parameter MIPGap to value 0
Set parameter MIPGapAbs to value 0
Warning: unknown variable 'r_max' in bounds section (line 13940)
Warning: unknown variable 'r_min' in bounds section (line 13941)
Read LP format model from file E:\codes\ExactEBRP\results\gf_cplex_equivalent_gurobi_replica_round28\runs\stage3__moderate_seed3302__c2_paper__300s\external\models\L0.lp
Reading time = 0.02 seconds
obj: 11903 rows, 3374 columns, 67088 nonzeros
Set parameter TimeLimit to value 251.001337
Warning: unknown variable 'r_max' in bounds section (line 13940)
Warning: unknown variable 'r_min' in bounds section (line 13941)
Read LP format model from file E:\codes\ExactEBRP\results\gf_cplex_equivalent_gurobi_replica_round28\runs\stage3__moderate_seed3302__c2_paper__300s\external\models\L0.0.lp
Reading time = 0.02 seconds
obj: 11903 rows, 3374 columns, 67088 nonzeros
Set parameter TimeLimit to value 250.3061218
Warning: unknown variable 'r_max' in bounds section (line 13940)
Warning: unknown variable 'r_min' in bounds section (line 13941)
Read LP format model from file E:\codes\ExactEBRP\results\gf_cplex_equivalent_gurobi_replica_round28\runs\stage3__moderate_seed3302__c2_paper__300s\external\models\L0.1.lp
Reading time = 0.02 seconds
obj: 11903 rows, 3374 columns, 67328 nonzeros
Set parameter TimeLimit to value 249.9839773
Warning: unknown variable 'r_max' in bounds section (line 13940)
Warning: unknown variable 'r_min' in bounds section (line 13941)
Read LP format model from file E:\codes\ExactEBRP\results\gf_cplex_equivalent_gurobi_replica_round28\runs\stage3__moderate_seed3302__c2_paper__300s\external\models\L1.lp
Reading time = 0.02 seconds
obj: 11903 rows, 3374 columns, 67328 nonzeros
Set parameter TimeLimit to value 249.294097
Warning: unknown variable 'r_max' in bounds section (line 13940)
Warning: unknown variable 'r_min' in bounds section (line 13941)
Read LP format model from file E:\codes\ExactEBRP\results\gf_cplex_equivalent_gurobi_replica_round28\runs\stage3__moderate_seed3302__c2_paper__300s\external\models\L1.0.lp
Reading time = 0.02 seconds
obj: 11903 rows, 3374 columns, 67328 nonzeros
Set parameter TimeLimit to value 2.4881098649999998e+02
Warning: unknown variable 'r_max' in bounds section (line 13940)
Warning: unknown variable 'r_min' in bounds section (line 13941)
Read LP format model from file E:\codes\ExactEBRP\results\gf_cplex_equivalent_gurobi_replica_round28\runs\stage3__moderate_seed3302__c2_paper__300s\external\models\L1.1.lp
Reading time = 0.02 seconds
obj: 11903 rows, 3374 columns, 67328 nonzeros
Set parameter TimeLimit to value 248.3155418
Warning: unknown variable 'r_max' in bounds section (line 13940)
Warning: unknown variable 'r_min' in bounds section (line 13941)
Read LP format model from file E:\codes\ExactEBRP\results\gf_cplex_equivalent_gurobi_replica_round28\runs\stage3__moderate_seed3302__c2_paper__300s\external\models\L2.lp
Reading time = 0.02 seconds
obj: 11903 rows, 3374 columns, 67328 nonzeros
Set parameter TimeLimit to value 247.8100488
Warning: unknown variable 'r_max' in bounds section (line 13940)
Warning: unknown variable 'r_min' in bounds section (line 13941)
Read LP format model from file E:\codes\ExactEBRP\results\gf_cplex_equivalent_gurobi_replica_round28\runs\stage3__moderate_seed3302__c2_paper__300s\external\models\L2.0.lp
Reading time = 0.02 seconds
obj: 11903 rows, 3374 columns, 67328 nonzeros
Set parameter TimeLimit to value 247.3149933
Warning: unknown variable 'r_max' in bounds section (line 13940)
Warning: unknown variable 'r_min' in bounds section (line 13941)
Read LP format model from file E:\codes\ExactEBRP\results\gf_cplex_equivalent_gurobi_replica_round28\runs\stage3__moderate_seed3302__c2_paper__300s\external\models\L2.1.lp
Reading time = 0.02 seconds
obj: 11903 rows, 3374 columns, 67328 nonzeros
Set parameter TimeLimit to value 2.4682142009999998e+02
Warning: unknown variable 'r_max' in bounds section (line 13940)
Warning: unknown variable 'r_min' in bounds section (line 13941)
Read LP format model from file E:\codes\ExactEBRP\results\gf_cplex_equivalent_gurobi_replica_round28\runs\stage3__moderate_seed3302__c2_paper__300s\external\models\L0.0.0.lp
Reading time = 0.02 seconds
obj: 11903 rows, 3374 columns, 67088 nonzeros
Set parameter TimeLimit to value 246.4134181
Warning: unknown variable 'r_max' in bounds section (line 13940)
Warning: unknown variable 'r_min' in bounds section (line 13941)
Read LP format model from file E:\codes\ExactEBRP\results\gf_cplex_equivalent_gurobi_replica_round28\runs\stage3__moderate_seed3302__c2_paper__300s\external\models\L0.0.1.lp
Reading time = 0.02 seconds
obj: 11903 rows, 3374 columns, 67328 nonzeros
Set parameter TimeLimit to value 246.0724167
Warning: unknown variable 'r_max' in bounds section (line 13940)
Warning: unknown variable 'r_min' in bounds section (line 13941)
Read LP format model from file E:\codes\ExactEBRP\results\gf_cplex_equivalent_gurobi_replica_round28\runs\stage3__moderate_seed3302__c2_paper__300s\external\models\L0.1.0.lp
Reading time = 0.02 seconds
obj: 11903 rows, 3374 columns, 67328 nonzeros
Set parameter TimeLimit to value 245.7537256
Warning: unknown variable 'r_max' in bounds section (line 13940)
Warning: unknown variable 'r_min' in bounds section (line 13941)
Read LP format model from file E:\codes\ExactEBRP\results\gf_cplex_equivalent_gurobi_replica_round28\runs\stage3__moderate_seed3302__c2_paper__300s\external\models\L0.1.1.lp
Reading time = 0.02 seconds
obj: 11903 rows, 3374 columns, 67328 nonzeros
Set parameter TimeLimit to value 2.4529319759999998e+02
Warning: unknown variable 'r_max' in bounds section (line 13940)
Warning: unknown variable 'r_min' in bounds section (line 13941)
Read LP format model from file E:\codes\ExactEBRP\results\gf_cplex_equivalent_gurobi_replica_round28\runs\stage3__moderate_seed3302__c2_paper__300s\external\models\L0.1.0.0.lp
Reading time = 0.02 seconds
obj: 11903 rows, 3374 columns, 67328 nonzeros
Set parameter TimeLimit to value 244.667606
Warning: unknown variable 'r_max' in bounds section (line 13940)
Warning: unknown variable 'r_min' in bounds section (line 13941)
Read LP format model from file E:\codes\ExactEBRP\results\gf_cplex_equivalent_gurobi_replica_round28\runs\stage3__moderate_seed3302__c2_paper__300s\external\models\L0.1.0.1.lp
Reading time = 0.02 seconds
obj: 11903 rows, 3374 columns, 67328 nonzeros
Set parameter TimeLimit to value 2.4427916199999999e+02
Warning: unknown variable 'r_max' in bounds section (line 13940)
Warning: unknown variable 'r_min' in bounds section (line 13941)
Read LP format model from file E:\codes\ExactEBRP\results\gf_cplex_equivalent_gurobi_replica_round28\runs\stage3__moderate_seed3302__c2_paper__300s\external\models\L0.0.1.0.lp
Reading time = 0.02 seconds
obj: 11903 rows, 3374 columns, 67328 nonzeros
Set parameter TimeLimit to value 2.4388396039999998e+02
Warning: unknown variable 'r_max' in bounds section (line 13940)
Warning: unknown variable 'r_min' in bounds section (line 13941)
Read LP format model from file E:\codes\ExactEBRP\results\gf_cplex_equivalent_gurobi_replica_round28\runs\stage3__moderate_seed3302__c2_paper__300s\external\models\L0.0.1.1.lp
Reading time = 0.02 seconds
obj: 11903 rows, 3374 columns, 67328 nonzeros
Set parameter TimeLimit to value 243.5705524
Warning: unknown variable 'r_max' in bounds section (line 13940)
Warning: unknown variable 'r_min' in bounds section (line 13941)
Read LP format model from file E:\codes\ExactEBRP\results\gf_cplex_equivalent_gurobi_replica_round28\runs\stage3__moderate_seed3302__c2_paper__300s\external\models\L0.1.1.0.lp
Reading time = 0.02 seconds
obj: 11903 rows, 3374 columns, 67328 nonzeros
Set parameter TimeLimit to value 243.2366365
Warning: unknown variable 'r_max' in bounds section (line 13940)
Warning: unknown variable 'r_min' in bounds section (line 13941)
Read LP format model from file E:\codes\ExactEBRP\results\gf_cplex_equivalent_gurobi_replica_round28\runs\stage3__moderate_seed3302__c2_paper__300s\external\models\L0.1.1.1.lp
Reading time = 0.02 seconds
obj: 11903 rows, 3374 columns, 67328 nonzeros
Set parameter TimeLimit to value 242.6914787
Warning: unknown variable 'r_max' in bounds section (line 13940)
Warning: unknown variable 'r_min' in bounds section (line 13941)
Read LP format model from file E:\codes\ExactEBRP\results\gf_cplex_equivalent_gurobi_replica_round28\runs\stage3__moderate_seed3302__c2_paper__300s\external\models\L0.1.0.0.0.lp
Reading time = 0.02 seconds
obj: 11903 rows, 3374 columns, 67328 nonzeros
Set parameter TimeLimit to value 242.1445396
Warning: unknown variable 'r_max' in bounds section (line 13940)
Warning: unknown variable 'r_min' in bounds section (line 13941)
Read LP format model from file E:\codes\ExactEBRP\results\gf_cplex_equivalent_gurobi_replica_round28\runs\stage3__moderate_seed3302__c2_paper__300s\external\models\L0.1.0.0.1.lp
Reading time = 0.02 seconds
obj: 11903 rows, 3374 columns, 67328 nonzeros
Set parameter TimeLimit to value 241.8269665
Warning: unknown variable 'r_max' in bounds section (line 13940)
Warning: unknown variable 'r_min' in bounds section (line 13941)
Read LP format model from file E:\codes\ExactEBRP\results\gf_cplex_equivalent_gurobi_replica_round28\runs\stage3__moderate_seed3302__c2_paper__300s\external\models\L0.1.0.1.0.lp
Reading time = 0.02 seconds
obj: 11903 rows, 3374 columns, 67328 nonzeros
Set parameter TimeLimit to value 241.4835053
Warning: unknown variable 'r_max' in bounds section (line 13940)
Warning: unknown variable 'r_min' in bounds section (line 13941)
Read LP format model from file E:\codes\ExactEBRP\results\gf_cplex_equivalent_gurobi_replica_round28\runs\stage3__moderate_seed3302__c2_paper__300s\external\models\L0.1.0.1.1.lp
Reading time = 0.02 seconds
obj: 11903 rows, 3374 columns, 67328 nonzeros
Set parameter TimeLimit to value 241.1506865
Warning: unknown variable 'r_max' in bounds section (line 13940)
Warning: unknown variable 'r_min' in bounds section (line 13941)
Read LP format model from file E:\codes\ExactEBRP\results\gf_cplex_equivalent_gurobi_replica_round28\runs\stage3__moderate_seed3302__c2_paper__300s\external\models\L0.0.1.1.0.lp
Reading time = 0.02 seconds
obj: 11903 rows, 3374 columns, 67328 nonzeros
Set parameter TimeLimit to value 240.7697958
Warning: unknown variable 'r_max' in bounds section (line 13940)
Warning: unknown variable 'r_min' in bounds section (line 13941)
Read LP format model from file E:\codes\ExactEBRP\results\gf_cplex_equivalent_gurobi_replica_round28\runs\stage3__moderate_seed3302__c2_paper__300s\external\models\L0.0.1.1.1.lp
Reading time = 0.02 seconds
obj: 11903 rows, 3374 columns, 67328 nonzeros
Set parameter TimeLimit to value 240.4272437
Warning: unknown variable 'r_max' in bounds section (line 13940)
Warning: unknown variable 'r_min' in bounds section (line 13941)
Read LP format model from file E:\codes\ExactEBRP\results\gf_cplex_equivalent_gurobi_replica_round28\runs\stage3__moderate_seed3302__c2_paper__300s\external\models\L0.1.1.0.0.lp
Reading time = 0.02 seconds
obj: 11903 rows, 3374 columns, 67328 nonzeros
Set parameter TimeLimit to value 240.1157514
Warning: unknown variable 'r_max' in bounds section (line 13940)
Warning: unknown variable 'r_min' in bounds section (line 13941)
Read LP format model from file E:\codes\ExactEBRP\results\gf_cplex_equivalent_gurobi_replica_round28\runs\stage3__moderate_seed3302__c2_paper__300s\external\models\L0.1.1.0.1.lp
Reading time = 0.02 seconds
obj: 11903 rows, 3374 columns, 67328 nonzeros
Set parameter TimeLimit to value 2.3958470309999998e+02
Warning: unknown variable 'r_max' in bounds section (line 13940)
Warning: unknown variable 'r_min' in bounds section (line 13941)
Read LP format model from file E:\codes\ExactEBRP\results\gf_cplex_equivalent_gurobi_replica_round28\runs\stage3__moderate_seed3302__c2_paper__300s\external\models\L0.1.0.0.1.0.lp
Reading time = 0.02 seconds
obj: 11903 rows, 3374 columns, 67328 nonzeros
Set parameter TimeLimit to value 239.0663916
Warning: unknown variable 'r_max' in bounds section (line 13940)
Warning: unknown variable 'r_min' in bounds section (line 13941)
Read LP format model from file E:\codes\ExactEBRP\results\gf_cplex_equivalent_gurobi_replica_round28\runs\stage3__moderate_seed3302__c2_paper__300s\external\models\L0.1.0.0.1.1.lp
Reading time = 0.02 seconds
obj: 11903 rows, 3374 columns, 67328 nonzeros
Set parameter TimeLimit to value 238.7233051
Warning: unknown variable 'r_max' in bounds section (line 13940)
Warning: unknown variable 'r_min' in bounds section (line 13941)
Read LP format model from file E:\codes\ExactEBRP\results\gf_cplex_equivalent_gurobi_replica_round28\runs\stage3__moderate_seed3302__c2_paper__300s\external\models\L0.1.0.1.0.0.lp
Reading time = 0.02 seconds
obj: 11903 rows, 3374 columns, 67328 nonzeros
Set parameter TimeLimit to value 2.3838930399999998e+02
Warning: unknown variable 'r_max' in bounds section (line 13940)
Warning: unknown variable 'r_min' in bounds section (line 13941)
Read LP format model from file E:\codes\ExactEBRP\results\gf_cplex_equivalent_gurobi_replica_round28\runs\stage3__moderate_seed3302__c2_paper__300s\external\models\L0.1.0.1.0.1.lp
Reading time = 0.02 seconds
obj: 11903 rows, 3374 columns, 67328 nonzeros
Set parameter TimeLimit to value 2.3806530329999998e+02
Warning: unknown variable 'r_max' in bounds section (line 13940)
Warning: unknown variable 'r_min' in bounds section (line 13941)
Read LP format model from file E:\codes\ExactEBRP\results\gf_cplex_equivalent_gurobi_replica_round28\runs\stage3__moderate_seed3302__c2_paper__300s\external\models\L0.1.0.0.0.0.lp
Reading time = 0.02 seconds
obj: 11903 rows, 3374 columns, 67328 nonzeros
Set parameter TimeLimit to value 237.7058427
Warning: unknown variable 'r_max' in bounds section (line 13940)
Warning: unknown variable 'r_min' in bounds section (line 13941)
Read LP format model from file E:\codes\ExactEBRP\results\gf_cplex_equivalent_gurobi_replica_round28\runs\stage3__moderate_seed3302__c2_paper__300s\external\models\L0.1.0.0.0.1.lp
Reading time = 0.02 seconds
obj: 11903 rows, 3374 columns, 67328 nonzeros
Set parameter TimeLimit to value 237.3689176
Warning: unknown variable 'r_max' in bounds section (line 13940)
Warning: unknown variable 'r_min' in bounds section (line 13941)
Read LP format model from file E:\codes\ExactEBRP\results\gf_cplex_equivalent_gurobi_replica_round28\runs\stage3__moderate_seed3302__c2_paper__300s\external\models\L0.1.0.1.1.0.lp
Reading time = 0.03 seconds
obj: 11903 rows, 3374 columns, 67328 nonzeros
Set parameter TimeLimit to value 236.9868109
Warning: unknown variable 'r_max' in bounds section (line 13940)
Warning: unknown variable 'r_min' in bounds section (line 13941)
Read LP format model from file E:\codes\ExactEBRP\results\gf_cplex_equivalent_gurobi_replica_round28\runs\stage3__moderate_seed3302__c2_paper__300s\external\models\L0.1.0.1.1.1.lp
Reading time = 0.02 seconds
obj: 11903 rows, 3374 columns, 67328 nonzeros
Set parameter TimeLimit to value 2.3659476709999998e+02
Warning: unknown variable 'r_max' in bounds section (line 13940)
Warning: unknown variable 'r_min' in bounds section (line 13941)
Read LP format model from file E:\codes\ExactEBRP\results\gf_cplex_equivalent_gurobi_replica_round28\runs\stage3__moderate_seed3302__c2_paper__300s\external\models\L1.0.0.lp
Reading time = 0.02 seconds
obj: 11903 rows, 3374 columns, 67328 nonzeros
Set parameter TimeLimit to value 236.2132067
Warning: unknown variable 'r_max' in bounds section (line 13940)
Warning: unknown variable 'r_min' in bounds section (line 13941)
Read LP format model from file E:\codes\ExactEBRP\results\gf_cplex_equivalent_gurobi_replica_round28\runs\stage3__moderate_seed3302__c2_paper__300s\external\models\L1.0.1.lp
Reading time = 0.02 seconds
obj: 11903 rows, 3374 columns, 67328 nonzeros
Set parameter TimeLimit to value 2.3568950089999998e+02
Warning: unknown variable 'r_max' in bounds section (line 13940)
Warning: unknown variable 'r_min' in bounds section (line 13941)
Read LP format model from file E:\codes\ExactEBRP\results\gf_cplex_equivalent_gurobi_replica_round28\runs\stage3__moderate_seed3302__c2_paper__300s\external\models\L0.0.1.1.1.0.lp
Reading time = 0.02 seconds
obj: 11903 rows, 3374 columns, 67328 nonzeros
Set parameter TimeLimit to value 235.1712952
Warning: unknown variable 'r_max' in bounds section (line 13940)
Warning: unknown variable 'r_min' in bounds section (line 13941)
Read LP format model from file E:\codes\ExactEBRP\results\gf_cplex_equivalent_gurobi_replica_round28\runs\stage3__moderate_seed3302__c2_paper__300s\external\models\L0.0.1.1.1.1.lp
Reading time = 0.02 seconds
obj: 11903 rows, 3374 columns, 67328 nonzeros
Set parameter TimeLimit to value 234.8767935
Warning: unknown variable 'r_max' in bounds section (line 13940)
Warning: unknown variable 'r_min' in bounds section (line 13941)
Read LP format model from file E:\codes\ExactEBRP\results\gf_cplex_equivalent_gurobi_replica_round28\runs\stage3__moderate_seed3302__c2_paper__300s\external\models\L0.1.1.0.0.0.lp
Reading time = 0.02 seconds
obj: 11903 rows, 3374 columns, 67328 nonzeros
Set parameter TimeLimit to value 2.3456681229999998e+02
Warning: unknown variable 'r_max' in bounds section (line 13940)
Warning: unknown variable 'r_min' in bounds section (line 13941)
Read LP format model from file E:\codes\ExactEBRP\results\gf_cplex_equivalent_gurobi_replica_round28\runs\stage3__moderate_seed3302__c2_paper__300s\external\models\L0.1.1.0.0.1.lp
Reading time = 0.02 seconds
obj: 11903 rows, 3374 columns, 67328 nonzeros
Set parameter TimeLimit to value 234.1535907
Warning: unknown variable 'r_max' in bounds section (line 13940)
Warning: unknown variable 'r_min' in bounds section (line 13941)
Read LP format model from file E:\codes\ExactEBRP\results\gf_cplex_equivalent_gurobi_replica_round28\runs\stage3__moderate_seed3302__c2_paper__300s\external\models\L0.1.1.1.0.lp
Reading time = 0.02 seconds
obj: 11903 rows, 3374 columns, 67328 nonzeros
Set parameter TimeLimit to value 233.5958719
Warning: unknown variable 'r_max' in bounds section (line 13940)
Warning: unknown variable 'r_min' in bounds section (line 13941)
Read LP format model from file E:\codes\ExactEBRP\results\gf_cplex_equivalent_gurobi_replica_round28\runs\stage3__moderate_seed3302__c2_paper__300s\external\models\L0.1.1.1.1.lp
Reading time = 0.02 seconds
obj: 11903 rows, 3374 columns, 67328 nonzeros
Set parameter TimeLimit to value 233.0702431
Warning: unknown variable 'r_max' in bounds section (line 13940)
Warning: unknown variable 'r_min' in bounds section (line 13941)
Read LP format model from file E:\codes\ExactEBRP\results\gf_cplex_equivalent_gurobi_replica_round28\runs\stage3__moderate_seed3302__c2_paper__300s\external\models\L0.0.1.1.0.0.lp
Reading time = 0.02 seconds
obj: 11903 rows, 3374 columns, 67328 nonzeros
Set parameter TimeLimit to value 232.586093
Warning: unknown variable 'r_max' in bounds section (line 13940)
Warning: unknown variable 'r_min' in bounds section (line 13941)
Read LP format model from file E:\codes\ExactEBRP\results\gf_cplex_equivalent_gurobi_replica_round28\runs\stage3__moderate_seed3302__c2_paper__300s\external\models\L0.0.1.1.0.1.lp
Reading time = 0.02 seconds
obj: 11903 rows, 3374 columns, 67328 nonzeros
Set parameter TimeLimit to value 232.2780613
Warning: unknown variable 'r_max' in bounds section (line 13940)
Warning: unknown variable 'r_min' in bounds section (line 13941)
Read LP format model from file E:\codes\ExactEBRP\results\gf_cplex_equivalent_gurobi_replica_round28\runs\stage3__moderate_seed3302__c2_paper__300s\external\models\L0.1.0.0.1.1.0.lp
Reading time = 0.02 seconds
obj: 11903 rows, 3374 columns, 67328 nonzeros
Set parameter TimeLimit to value 2.3193860669999998e+02
Warning: unknown variable 'r_max' in bounds section (line 13940)
Warning: unknown variable 'r_min' in bounds section (line 13941)
Read LP format model from file E:\codes\ExactEBRP\results\gf_cplex_equivalent_gurobi_replica_round28\runs\stage3__moderate_seed3302__c2_paper__300s\external\models\L0.1.0.0.1.1.1.lp
Reading time = 0.02 seconds
obj: 11903 rows, 3374 columns, 67328 nonzeros
Set parameter TimeLimit to value 2.3162292159999998e+02
Warning: unknown variable 'r_max' in bounds section (line 13940)
Warning: unknown variable 'r_min' in bounds section (line 13941)
Read LP format model from file E:\codes\ExactEBRP\results\gf_cplex_equivalent_gurobi_replica_round28\runs\stage3__moderate_seed3302__c2_paper__300s\external\models\L0.1.0.1.0.0.0.lp
Reading time = 0.02 seconds
obj: 11903 rows, 3374 columns, 67328 nonzeros
Set parameter TimeLimit to value 2.3129946289999998e+02
Warning: unknown variable 'r_max' in bounds section (line 13940)
Warning: unknown variable 'r_min' in bounds section (line 13941)
Read LP format model from file E:\codes\ExactEBRP\results\gf_cplex_equivalent_gurobi_replica_round28\runs\stage3__moderate_seed3302__c2_paper__300s\external\models\L0.1.0.1.0.0.1.lp
Reading time = 0.02 seconds
obj: 11903 rows, 3374 columns, 67328 nonzeros
Set parameter TimeLimit to value 230.9561743
Warning: unknown variable 'r_max' in bounds section (line 13940)
Warning: unknown variable 'r_min' in bounds section (line 13941)
Read LP format model from file E:\codes\ExactEBRP\results\gf_cplex_equivalent_gurobi_replica_round28\runs\stage3__moderate_seed3302__c2_paper__300s\external\models\L0.1.0.0.1.0.0.lp
Reading time = 0.02 seconds
obj: 11903 rows, 3374 columns, 67328 nonzeros
Set parameter TimeLimit to value 230.5939948
Warning: unknown variable 'r_max' in bounds section (line 13940)
Warning: unknown variable 'r_min' in bounds section (line 13941)
Read LP format model from file E:\codes\ExactEBRP\results\gf_cplex_equivalent_gurobi_replica_round28\runs\stage3__moderate_seed3302__c2_paper__300s\external\models\L0.1.0.0.1.0.1.lp
Reading time = 0.02 seconds
obj: 11903 rows, 3374 columns, 67328 nonzeros
Set parameter TimeLimit to value 230.3118568
Warning: unknown variable 'r_max' in bounds section (line 13940)
Warning: unknown variable 'r_min' in bounds section (line 13941)
Read LP format model from file E:\codes\ExactEBRP\results\gf_cplex_equivalent_gurobi_replica_round28\runs\stage3__moderate_seed3302__c2_paper__300s\external\models\L0.1.0.1.0.1.0.lp
Reading time = 0.02 seconds
obj: 11903 rows, 3374 columns, 67328 nonzeros
Set parameter TimeLimit to value 229.9931842
Warning: unknown variable 'r_max' in bounds section (line 13940)
Warning: unknown variable 'r_min' in bounds section (line 13941)
Read LP format model from file E:\codes\ExactEBRP\results\gf_cplex_equivalent_gurobi_replica_round28\runs\stage3__moderate_seed3302__c2_paper__300s\external\models\L0.1.0.1.0.1.1.lp
Reading time = 0.02 seconds
obj: 11903 rows, 3374 columns, 67328 nonzeros
Set parameter TimeLimit to value 229.5519271
Warning: unknown variable 'r_max' in bounds section (line 13940)
Warning: unknown variable 'r_min' in bounds section (line 13941)
Read LP format model from file E:\codes\ExactEBRP\results\gf_cplex_equivalent_gurobi_replica_round28\runs\stage3__moderate_seed3302__c2_paper__300s\external\models\L0.1.0.0.0.1.0.lp
Reading time = 0.02 seconds
obj: 11903 rows, 3374 columns, 67328 nonzeros
Set parameter TimeLimit to value 2.2915793929999998e+02
Warning: unknown variable 'r_max' in bounds section (line 13940)
Warning: unknown variable 'r_min' in bounds section (line 13941)
Read LP format model from file E:\codes\ExactEBRP\results\gf_cplex_equivalent_gurobi_replica_round28\runs\stage3__moderate_seed3302__c2_paper__300s\external\models\L0.1.0.0.0.1.1.lp
Reading time = 0.02 seconds
obj: 11903 rows, 3374 columns, 67328 nonzeros
Set parameter TimeLimit to value 2.2884699949999998e+02
Warning: unknown variable 'r_max' in bounds section (line 13940)
Warning: unknown variable 'r_min' in bounds section (line 13941)
Read LP format model from file E:\codes\ExactEBRP\results\gf_cplex_equivalent_gurobi_replica_round28\runs\stage3__moderate_seed3302__c2_paper__300s\external\models\L0.1.0.1.1.0.0.lp
Reading time = 0.02 seconds
obj: 11903 rows, 3374 columns, 67328 nonzeros
Set parameter TimeLimit to value 228.5222881
Warning: unknown variable 'r_max' in bounds section (line 13940)
Warning: unknown variable 'r_min' in bounds section (line 13941)
Read LP format model from file E:\codes\ExactEBRP\results\gf_cplex_equivalent_gurobi_replica_round28\runs\stage3__moderate_seed3302__c2_paper__300s\external\models\L0.1.0.1.1.0.1.lp
Reading time = 0.02 seconds
obj: 11903 rows, 3374 columns, 67328 nonzeros
Set parameter TimeLimit to value 228.1388119
Warning: unknown variable 'r_max' in bounds section (line 13940)
Warning: unknown variable 'r_min' in bounds section (line 13941)
Read LP format model from file E:\codes\ExactEBRP\results\gf_cplex_equivalent_gurobi_replica_round28\runs\stage3__moderate_seed3302__c2_paper__300s\external\models\L0.1.1.0.1.0.lp
Reading time = 0.02 seconds
obj: 11903 rows, 3374 columns, 67328 nonzeros
Set parameter TimeLimit to value 227.7352057
Warning: unknown variable 'r_max' in bounds section (line 13940)
Warning: unknown variable 'r_min' in bounds section (line 13941)
Read LP format model from file E:\codes\ExactEBRP\results\gf_cplex_equivalent_gurobi_replica_round28\runs\stage3__moderate_seed3302__c2_paper__300s\external\models\L0.1.1.0.1.1.lp
Reading time = 0.02 seconds
obj: 11903 rows, 3374 columns, 67328 nonzeros
Set parameter TimeLimit to value 227.197868
Warning: unknown variable 'r_max' in bounds section (line 13940)
Warning: unknown variable 'r_min' in bounds section (line 13941)
Read LP format model from file E:\codes\ExactEBRP\results\gf_cplex_equivalent_gurobi_replica_round28\runs\stage3__moderate_seed3302__c2_paper__300s\external\models\L0.1.0.1.1.1.0.lp
Reading time = 0.02 seconds
obj: 11903 rows, 3374 columns, 67328 nonzeros
Set parameter TimeLimit to value 226.6761201
Warning: unknown variable 'r_max' in bounds section (line 13940)
Warning: unknown variable 'r_min' in bounds section (line 13941)
Read LP format model from file E:\codes\ExactEBRP\results\gf_cplex_equivalent_gurobi_replica_round28\runs\stage3__moderate_seed3302__c2_paper__300s\external\models\L0.1.0.1.1.1.1.lp
Reading time = 0.02 seconds
obj: 11903 rows, 3374 columns, 67328 nonzeros
Set parameter TimeLimit to value 226.3400547
Warning: unknown variable 'r_max' in bounds section (line 13940)
Warning: unknown variable 'r_min' in bounds section (line 13941)
Read LP format model from file E:\codes\ExactEBRP\results\gf_cplex_equivalent_gurobi_replica_round28\runs\stage3__moderate_seed3302__c2_paper__300s\external\models\L0.1.0.0.0.0.0.lp
Reading time = 0.02 seconds
obj: 11903 rows, 3374 columns, 67328 nonzeros
Set parameter TimeLimit to value 225.9439553
Warning: unknown variable 'r_max' in bounds section (line 13940)
Warning: unknown variable 'r_min' in bounds section (line 13941)
Read LP format model from file E:\codes\ExactEBRP\results\gf_cplex_equivalent_gurobi_replica_round28\runs\stage3__moderate_seed3302__c2_paper__300s\external\models\L0.1.0.0.0.0.1.lp
Reading time = 0.02 seconds
obj: 11903 rows, 3374 columns, 67328 nonzeros
Set parameter TimeLimit to value 2.2564582919999998e+02
Warning: unknown variable 'r_max' in bounds section (line 13940)
Warning: unknown variable 'r_min' in bounds section (line 13941)
Read LP format model from file E:\codes\ExactEBRP\results\gf_cplex_equivalent_gurobi_replica_round28\runs\stage3__moderate_seed3302__c2_paper__300s\external\models\L0.1.0.0.1.1.1.0.lp
Reading time = 0.02 seconds
obj: 11903 rows, 3374 columns, 67328 nonzeros
Set parameter TimeLimit to value 225.3089764
Warning: unknown variable 'r_max' in bounds section (line 13940)
Warning: unknown variable 'r_min' in bounds section (line 13941)
Read LP format model from file E:\codes\ExactEBRP\results\gf_cplex_equivalent_gurobi_replica_round28\runs\stage3__moderate_seed3302__c2_paper__300s\external\models\L0.1.0.0.1.1.1.1.lp
Reading time = 0.02 seconds
obj: 11903 rows, 3374 columns, 67328 nonzeros
Set parameter TimeLimit to value 224.9573982
Warning: unknown variable 'r_max' in bounds section (line 13940)
Warning: unknown variable 'r_min' in bounds section (line 13941)
Read LP format model from file E:\codes\ExactEBRP\results\gf_cplex_equivalent_gurobi_replica_round28\runs\stage3__moderate_seed3302__c2_paper__300s\external\models\L0.1.0.0.1.1.0.0.lp
Reading time = 0.02 seconds
obj: 11903 rows, 3374 columns, 67328 nonzeros
Set parameter TimeLimit to value 224.6252327
Warning: unknown variable 'r_max' in bounds section (line 13940)
Warning: unknown variable 'r_min' in bounds section (line 13941)
Read LP format model from file E:\codes\ExactEBRP\results\gf_cplex_equivalent_gurobi_replica_round28\runs\stage3__moderate_seed3302__c2_paper__300s\external\models\L0.1.0.0.1.1.0.1.lp
Reading time = 0.02 seconds
obj: 11903 rows, 3374 columns, 67328 nonzeros
Set parameter TimeLimit to value 224.2740711
Warning: unknown variable 'r_max' in bounds section (line 13940)
Warning: unknown variable 'r_min' in bounds section (line 13941)
Read LP format model from file E:\codes\ExactEBRP\results\gf_cplex_equivalent_gurobi_replica_round28\runs\stage3__moderate_seed3302__c2_paper__300s\external\models\L0.1.1.0.0.0.0.lp
Reading time = 0.02 seconds
obj: 11903 rows, 3374 columns, 67328 nonzeros
Set parameter TimeLimit to value 223.9610908
Warning: unknown variable 'r_max' in bounds section (line 13940)
Warning: unknown variable 'r_min' in bounds section (line 13941)
Read LP format model from file E:\codes\ExactEBRP\results\gf_cplex_equivalent_gurobi_replica_round28\runs\stage3__moderate_seed3302__c2_paper__300s\external\models\L0.1.1.0.0.0.1.lp
Reading time = 0.02 seconds
obj: 11903 rows, 3374 columns, 67328 nonzeros
Set parameter TimeLimit to value 2.2359365839999998e+02
Warning: unknown variable 'r_max' in bounds section (line 13940)
Warning: unknown variable 'r_min' in bounds section (line 13941)
Read LP format model from file E:\codes\ExactEBRP\results\gf_cplex_equivalent_gurobi_replica_round28\runs\stage3__moderate_seed3302__c2_paper__300s\external\models\L0.1.0.1.0.0.0.0.lp
Reading time = 0.02 seconds
obj: 11903 rows, 3374 columns, 67328 nonzeros
Set parameter TimeLimit to value 2.2319261039999998e+02
Warning: unknown variable 'r_max' in bounds section (line 13940)
Warning: unknown variable 'r_min' in bounds section (line 13941)
Read LP format model from file E:\codes\ExactEBRP\results\gf_cplex_equivalent_gurobi_replica_round28\runs\stage3__moderate_seed3302__c2_paper__300s\external\models\L0.1.0.1.0.0.0.1.lp
Reading time = 0.02 seconds
obj: 11903 rows, 3374 columns, 67328 nonzeros
Set parameter TimeLimit to value 2.2284644709999998e+02
Warning: unknown variable 'r_max' in bounds section (line 13940)
Warning: unknown variable 'r_min' in bounds section (line 13941)
Read LP format model from file E:\codes\ExactEBRP\results\gf_cplex_equivalent_gurobi_replica_round28\runs\stage3__moderate_seed3302__c2_paper__300s\external\models\L0.0.1.1.1.1.0.lp
Reading time = 0.02 seconds
obj: 11903 rows, 3374 columns, 67328 nonzeros
Set parameter TimeLimit to value 222.5063869
Warning: unknown variable 'r_max' in bounds section (line 13940)
Warning: unknown variable 'r_min' in bounds section (line 13941)
Read LP format model from file E:\codes\ExactEBRP\results\gf_cplex_equivalent_gurobi_replica_round28\runs\stage3__moderate_seed3302__c2_paper__300s\external\models\L0.0.1.1.1.1.1.lp
Reading time = 0.02 seconds
obj: 11903 rows, 3374 columns, 67328 nonzeros
Set parameter TimeLimit to value 222.1604346
Warning: unknown variable 'r_max' in bounds section (line 13940)
Warning: unknown variable 'r_min' in bounds section (line 13941)
Read LP format model from file E:\codes\ExactEBRP\results\gf_cplex_equivalent_gurobi_replica_round28\runs\stage3__moderate_seed3302__c2_paper__300s\external\models\L0.1.0.0.1.0.1.0.lp
Reading time = 0.02 seconds
obj: 11903 rows, 3374 columns, 67328 nonzeros
Set parameter TimeLimit to value 221.8044621
Warning: unknown variable 'r_max' in bounds section (line 13940)
Warning: unknown variable 'r_min' in bounds section (line 13941)
Read LP format model from file E:\codes\ExactEBRP\results\gf_cplex_equivalent_gurobi_replica_round28\runs\stage3__moderate_seed3302__c2_paper__300s\external\models\L0.1.0.0.1.0.1.1.lp
Reading time = 0.02 seconds
obj: 11903 rows, 3374 columns, 67328 nonzeros
Set parameter TimeLimit to value 221.402142
Warning: unknown variable 'r_max' in bounds section (line 13940)
Warning: unknown variable 'r_min' in bounds section (line 13941)
Read LP format model from file E:\codes\ExactEBRP\results\gf_cplex_equivalent_gurobi_replica_round28\runs\stage3__moderate_seed3302__c2_paper__300s\external\models\L0.1.0.1.0.0.1.0.lp
Reading time = 0.02 seconds
obj: 11903 rows, 3374 columns, 67328 nonzeros
Set parameter TimeLimit to value 221.0814716
Warning: unknown variable 'r_max' in bounds section (line 13940)
Warning: unknown variable 'r_min' in bounds section (line 13941)
Read LP format model from file E:\codes\ExactEBRP\results\gf_cplex_equivalent_gurobi_replica_round28\runs\stage3__moderate_seed3302__c2_paper__300s\external\models\L0.1.0.1.0.0.1.1.lp
Reading time = 0.02 seconds
obj: 11903 rows, 3374 columns, 67328 nonzeros
Set parameter TimeLimit to value 220.7321258
Warning: unknown variable 'r_max' in bounds section (line 13940)
Warning: unknown variable 'r_min' in bounds section (line 13941)
Read LP format model from file E:\codes\ExactEBRP\results\gf_cplex_equivalent_gurobi_replica_round28\runs\stage3__moderate_seed3302__c2_paper__300s\external\models\L0.1.0.1.0.1.0.0.lp
Reading time = 0.02 seconds
obj: 11903 rows, 3374 columns, 67328 nonzeros
Set parameter TimeLimit to value 220.3615275
Warning: unknown variable 'r_max' in bounds section (line 13940)
Warning: unknown variable 'r_min' in bounds section (line 13941)
Read LP format model from file E:\codes\ExactEBRP\results\gf_cplex_equivalent_gurobi_replica_round28\runs\stage3__moderate_seed3302__c2_paper__300s\external\models\L0.1.0.1.0.1.0.1.lp
Reading time = 0.02 seconds
obj: 11903 rows, 3374 columns, 67328 nonzeros
Set parameter TimeLimit to value 2.1998005709999998e+02
Warning: unknown variable 'r_max' in bounds section (line 13940)
Warning: unknown variable 'r_min' in bounds section (line 13941)
Read LP format model from file E:\codes\ExactEBRP\results\gf_cplex_equivalent_gurobi_replica_round28\runs\stage3__moderate_seed3302__c2_paper__300s\external\models\L0.1.0.0.1.0.0.0.lp
Reading time = 0.02 seconds
obj: 11903 rows, 3374 columns, 67328 nonzeros
Set parameter TimeLimit to value 219.5654181
Warning: unknown variable 'r_max' in bounds section (line 13940)
Warning: unknown variable 'r_min' in bounds section (line 13941)
Read LP format model from file E:\codes\ExactEBRP\results\gf_cplex_equivalent_gurobi_replica_round28\runs\stage3__moderate_seed3302__c2_paper__300s\external\models\L0.1.0.0.1.0.0.1.lp
Reading time = 0.02 seconds
obj: 11903 rows, 3374 columns, 67328 nonzeros
Set parameter TimeLimit to value 219.2447147
Warning: unknown variable 'r_max' in bounds section (line 13940)
Warning: unknown variable 'r_min' in bounds section (line 13941)
Read LP format model from file E:\codes\ExactEBRP\results\gf_cplex_equivalent_gurobi_replica_round28\runs\stage3__moderate_seed3302__c2_paper__300s\external\models\L0.1.0.0.1.1.1.0.0.lp
Reading time = 0.02 seconds
obj: 11903 rows, 3374 columns, 67328 nonzeros
Set parameter TimeLimit to value 218.9532233
Warning: unknown variable 'r_max' in bounds section (line 13940)
Warning: unknown variable 'r_min' in bounds section (line 13941)
Read LP format model from file E:\codes\ExactEBRP\results\gf_cplex_equivalent_gurobi_replica_round28\runs\stage3__moderate_seed3302__c2_paper__300s\external\models\L0.1.0.0.1.1.1.0.1.lp
Reading time = 0.02 seconds
obj: 11903 rows, 3374 columns, 67328 nonzeros
Set parameter TimeLimit to value 218.6575312
Warning: unknown variable 'r_max' in bounds section (line 13940)
Warning: unknown variable 'r_min' in bounds section (line 13941)
Read LP format model from file E:\codes\ExactEBRP\results\gf_cplex_equivalent_gurobi_replica_round28\runs\stage3__moderate_seed3302__c2_paper__300s\external\models\L0.1.0.1.0.1.1.0.lp
Reading time = 0.02 seconds
obj: 11903 rows, 3374 columns, 67328 nonzeros
Set parameter TimeLimit to value 218.2977659
Warning: unknown variable 'r_max' in bounds section (line 13940)
Warning: unknown variable 'r_min' in bounds section (line 13941)
Read LP format model from file E:\codes\ExactEBRP\results\gf_cplex_equivalent_gurobi_replica_round28\runs\stage3__moderate_seed3302__c2_paper__300s\external\models\L0.1.0.1.0.1.1.1.lp
Reading time = 0.02 seconds
obj: 11903 rows, 3374 columns, 67328 nonzeros
Set parameter TimeLimit to value 217.8864993
Warning: unknown variable 'r_max' in bounds section (line 13940)
Warning: unknown variable 'r_min' in bounds section (line 13941)
Read LP format model from file E:\codes\ExactEBRP\results\gf_cplex_equivalent_gurobi_replica_round28\runs\stage3__moderate_seed3302__c2_paper__300s\external\models\L0.0.1.1.1.0.0.lp
Reading time = 0.02 seconds
obj: 11903 rows, 3374 columns, 67328 nonzeros
Set parameter TimeLimit to value 217.4967768
Warning: unknown variable 'r_max' in bounds section (line 13940)
Warning: unknown variable 'r_min' in bounds section (line 13941)
Read LP format model from file E:\codes\ExactEBRP\results\gf_cplex_equivalent_gurobi_replica_round28\runs\stage3__moderate_seed3302__c2_paper__300s\external\models\L0.0.1.1.1.0.1.lp
Reading time = 0.02 seconds
obj: 11903 rows, 3374 columns, 67328 nonzeros
Set parameter TimeLimit to value 217.1793356
Warning: unknown variable 'r_max' in bounds section (line 13940)
Warning: unknown variable 'r_min' in bounds section (line 13941)
Read LP format model from file E:\codes\ExactEBRP\results\gf_cplex_equivalent_gurobi_replica_round28\runs\stage3__moderate_seed3302__c2_paper__300s\external\models\L0.1.1.0.0.1.0.lp
Reading time = 0.02 seconds
obj: 11903 rows, 3374 columns, 67328 nonzeros
Set parameter TimeLimit to value 216.8514052
Warning: unknown variable 'r_max' in bounds section (line 13940)
Warning: unknown variable 'r_min' in bounds section (line 13941)
Read LP format model from file E:\codes\ExactEBRP\results\gf_cplex_equivalent_gurobi_replica_round28\runs\stage3__moderate_seed3302__c2_paper__300s\external\models\L0.1.1.0.0.1.1.lp
Reading time = 0.02 seconds
obj: 11903 rows, 3374 columns, 67328 nonzeros
Set parameter TimeLimit to value 216.3632718
Warning: unknown variable 'r_max' in bounds section (line 13940)
Warning: unknown variable 'r_min' in bounds section (line 13941)
Read LP format model from file E:\codes\ExactEBRP\results\gf_cplex_equivalent_gurobi_replica_round28\runs\stage3__moderate_seed3302__c2_paper__300s\external\models\L0.1.0.0.1.1.1.1.0.lp
Reading time = 0.02 seconds
obj: 11903 rows, 3374 columns, 67328 nonzeros
Set parameter TimeLimit to value 215.7624634
Warning: unknown variable 'r_max' in bounds section (line 13940)
Warning: unknown variable 'r_min' in bounds section (line 13941)
Read LP format model from file E:\codes\ExactEBRP\results\gf_cplex_equivalent_gurobi_replica_round28\runs\stage3__moderate_seed3302__c2_paper__300s\external\models\L0.1.0.0.1.1.1.1.1.lp
Reading time = 0.02 seconds
obj: 11903 rows, 3374 columns, 67328 nonzeros
Set parameter TimeLimit to value 215.3900152
Warning: unknown variable 'r_max' in bounds section (line 13940)
Warning: unknown variable 'r_min' in bounds section (line 13941)
Read LP format model from file E:\codes\ExactEBRP\results\gf_cplex_equivalent_gurobi_replica_round28\runs\stage3__moderate_seed3302__c2_paper__300s\external\models\L0.1.0.0.0.1.1.0.lp
Reading time = 0.02 seconds
obj: 11903 rows, 3374 columns, 67328 nonzeros
Set parameter TimeLimit to value 215.0549192
Warning: unknown variable 'r_max' in bounds section (line 13940)
Warning: unknown variable 'r_min' in bounds section (line 13941)
Read LP format model from file E:\codes\ExactEBRP\results\gf_cplex_equivalent_gurobi_replica_round28\runs\stage3__moderate_seed3302__c2_paper__300s\external\models\L0.1.0.0.0.1.1.1.lp
Reading time = 0.02 seconds
obj: 11903 rows, 3374 columns, 67328 nonzeros
Set parameter TimeLimit to value 214.7408083
Warning: unknown variable 'r_max' in bounds section (line 13940)
Warning: unknown variable 'r_min' in bounds section (line 13941)
Read LP format model from file E:\codes\ExactEBRP\results\gf_cplex_equivalent_gurobi_replica_round28\runs\stage3__moderate_seed3302__c2_paper__300s\external\models\L0.1.0.0.1.1.0.1.0.lp
Reading time = 0.02 seconds
obj: 11903 rows, 3374 columns, 67328 nonzeros
Set parameter TimeLimit to value 214.4178544
Warning: unknown variable 'r_max' in bounds section (line 13940)
Warning: unknown variable 'r_min' in bounds section (line 13941)
Read LP format model from file E:\codes\ExactEBRP\results\gf_cplex_equivalent_gurobi_replica_round28\runs\stage3__moderate_seed3302__c2_paper__300s\external\models\L0.1.0.0.1.1.0.1.1.lp
Reading time = 0.02 seconds
obj: 11903 rows, 3374 columns, 67328 nonzeros
Set parameter TimeLimit to value 214.1209728
Warning: unknown variable 'r_max' in bounds section (line 13940)
Warning: unknown variable 'r_min' in bounds section (line 13941)
Read LP format model from file E:\codes\ExactEBRP\results\gf_cplex_equivalent_gurobi_replica_round28\runs\stage3__moderate_seed3302__c2_paper__300s\external\models\L0.1.0.1.1.0.0.0.lp
Reading time = 0.02 seconds
obj: 11903 rows, 3374 columns, 67328 nonzeros
Set parameter TimeLimit to value 213.7832422
Warning: unknown variable 'r_max' in bounds section (line 13940)
Warning: unknown variable 'r_min' in bounds section (line 13941)
Read LP format model from file E:\codes\ExactEBRP\results\gf_cplex_equivalent_gurobi_replica_round28\runs\stage3__moderate_seed3302__c2_paper__300s\external\models\L0.1.0.1.1.0.0.1.lp
Reading time = 0.02 seconds
obj: 11903 rows, 3374 columns, 67328 nonzeros
Set parameter TimeLimit to value 213.4650551
Warning: unknown variable 'r_max' in bounds section (line 13940)
Warning: unknown variable 'r_min' in bounds section (line 13941)
Read LP format model from file E:\codes\ExactEBRP\results\gf_cplex_equivalent_gurobi_replica_round28\runs\stage3__moderate_seed3302__c2_paper__300s\external\models\L0.1.0.1.0.0.0.0.0.lp
Reading time = 0.02 seconds
obj: 11903 rows, 3374 columns, 67328 nonzeros
Set parameter TimeLimit to value 2.1309002189999998e+02
Warning: unknown variable 'r_max' in bounds section (line 13940)
Warning: unknown variable 'r_min' in bounds section (line 13941)
Read LP format model from file E:\codes\ExactEBRP\results\gf_cplex_equivalent_gurobi_replica_round28\runs\stage3__moderate_seed3302__c2_paper__300s\external\models\L0.1.0.1.0.0.0.0.1.lp
Reading time = 0.02 seconds
obj: 11903 rows, 3374 columns, 67328 nonzeros
Set parameter TimeLimit to value 212.7773058
Warning: unknown variable 'r_max' in bounds section (line 13940)
Warning: unknown variable 'r_min' in bounds section (line 13941)
Read LP format model from file E:\codes\ExactEBRP\results\gf_cplex_equivalent_gurobi_replica_round28\runs\stage3__moderate_seed3302__c2_paper__300s\external\models\L0.1.0.0.1.1.0.0.0.lp
Reading time = 0.02 seconds
obj: 11903 rows, 3374 columns, 67328 nonzeros
Set parameter TimeLimit to value 2.1243802119999998e+02
Warning: unknown variable 'r_max' in bounds section (line 13940)
Warning: unknown variable 'r_min' in bounds section (line 13941)
Read LP format model from file E:\codes\ExactEBRP\results\gf_cplex_equivalent_gurobi_replica_round28\runs\stage3__moderate_seed3302__c2_paper__300s\external\models\L0.1.0.0.1.1.0.0.1.lp
Reading time = 0.02 seconds
obj: 11903 rows, 3374 columns, 67328 nonzeros
Set parameter TimeLimit to value 212.1141444
Warning: unknown variable 'r_max' in bounds section (line 13940)
Warning: unknown variable 'r_min' in bounds section (line 13941)
Read LP format model from file E:\codes\ExactEBRP\results\gf_cplex_equivalent_gurobi_replica_round28\runs\stage3__moderate_seed3302__c2_paper__300s\external\models\L0.1.0.1.0.0.0.1.0.lp
Reading time = 0.02 seconds
obj: 11903 rows, 3374 columns, 67328 nonzeros
Set parameter TimeLimit to value 211.756081
Warning: unknown variable 'r_max' in bounds section (line 13940)
Warning: unknown variable 'r_min' in bounds section (line 13941)
Read LP format model from file E:\codes\ExactEBRP\results\gf_cplex_equivalent_gurobi_replica_round28\runs\stage3__moderate_seed3302__c2_paper__300s\external\models\L0.1.0.1.0.0.0.1.1.lp
Reading time = 0.02 seconds
obj: 11903 rows, 3374 columns, 67328 nonzeros
Set parameter TimeLimit to value 211.4087145
Warning: unknown variable 'r_max' in bounds section (line 13940)
Warning: unknown variable 'r_min' in bounds section (line 13941)
Read LP format model from file E:\codes\ExactEBRP\results\gf_cplex_equivalent_gurobi_replica_round28\runs\stage3__moderate_seed3302__c2_paper__300s\external\models\L0.1.0.1.1.0.1.0.lp
Reading time = 0.02 seconds
obj: 11903 rows, 3374 columns, 67328 nonzeros
Set parameter TimeLimit to value 211.0302375
Warning: unknown variable 'r_max' in bounds section (line 13940)
Warning: unknown variable 'r_min' in bounds section (line 13941)
Read LP format model from file E:\codes\ExactEBRP\results\gf_cplex_equivalent_gurobi_replica_round28\runs\stage3__moderate_seed3302__c2_paper__300s\external\models\L0.1.0.1.1.0.1.1.lp
Reading time = 0.02 seconds
obj: 11903 rows, 3374 columns, 67328 nonzeros
Set parameter TimeLimit to value 210.6529004
Warning: unknown variable 'r_max' in bounds section (line 13940)
Warning: unknown variable 'r_min' in bounds section (line 13941)
Read LP format model from file E:\codes\ExactEBRP\results\gf_cplex_equivalent_gurobi_replica_round28\runs\stage3__moderate_seed3302__c2_paper__300s\external\models\L0.1.0.1.0.0.1.0.0.lp
Reading time = 0.02 seconds
obj: 11903 rows, 3374 columns, 67328 nonzeros
Set parameter TimeLimit to value 210.2599134
Warning: unknown variable 'r_max' in bounds section (line 13940)
Warning: unknown variable 'r_min' in bounds section (line 13941)
Read LP format model from file E:\codes\ExactEBRP\results\gf_cplex_equivalent_gurobi_replica_round28\runs\stage3__moderate_seed3302__c2_paper__300s\external\models\L0.1.0.1.0.0.1.0.1.lp
Reading time = 0.02 seconds
obj: 11903 rows, 3374 columns, 67328 nonzeros
Set parameter TimeLimit to value 2.0989862599999998e+02
Warning: unknown variable 'r_max' in bounds section (line 13940)
Warning: unknown variable 'r_min' in bounds section (line 13941)
Read LP format model from file E:\codes\ExactEBRP\results\gf_cplex_equivalent_gurobi_replica_round28\runs\stage3__moderate_seed3302__c2_paper__300s\external\models\L0.1.0.0.0.1.0.0.lp
Reading time = 0.02 seconds
obj: 11903 rows, 3374 columns, 67328 nonzeros
Set parameter TimeLimit to value 2.0954818619999998e+02
Warning: unknown variable 'r_max' in bounds section (line 13940)
Warning: unknown variable 'r_min' in bounds section (line 13941)
Read LP format model from file E:\codes\ExactEBRP\results\gf_cplex_equivalent_gurobi_replica_round28\runs\stage3__moderate_seed3302__c2_paper__300s\external\models\L0.1.0.0.0.1.0.1.lp
Reading time = 0.02 seconds
obj: 11903 rows, 3374 columns, 67328 nonzeros
Set parameter TimeLimit to value 209.2585135
Warning: unknown variable 'r_max' in bounds section (line 13940)
Warning: unknown variable 'r_min' in bounds section (line 13941)
Read LP format model from file E:\codes\ExactEBRP\results\gf_cplex_equivalent_gurobi_replica_round28\runs\stage3__moderate_seed3302__c2_paper__300s\external\models\L0.1.0.0.1.0.1.1.0.lp
Reading time = 0.02 seconds
obj: 11903 rows, 3374 columns, 67328 nonzeros
Set parameter TimeLimit to value 2.0894231729999998e+02
Warning: unknown variable 'r_max' in bounds section (line 13940)
Warning: unknown variable 'r_min' in bounds section (line 13941)
Read LP format model from file E:\codes\ExactEBRP\results\gf_cplex_equivalent_gurobi_replica_round28\runs\stage3__moderate_seed3302__c2_paper__300s\external\models\L0.1.0.0.1.0.1.1.1.lp
Reading time = 0.02 seconds
obj: 11903 rows, 3374 columns, 67328 nonzeros
Set parameter TimeLimit to value 2.0862592289999998e+02
Warning: unknown variable 'r_max' in bounds section (line 13940)
Warning: unknown variable 'r_min' in bounds section (line 13941)
Read LP format model from file E:\codes\ExactEBRP\results\gf_cplex_equivalent_gurobi_replica_round28\runs\stage3__moderate_seed3302__c2_paper__300s\external\models\L0.1.0.0.1.1.1.0.1.lp
Reading time = 0.02 seconds
obj: 11903 rows, 3374 columns, 67328 nonzeros
Set parameter TimeLimit to value 2.0841866929999998e+02
Warning: unknown variable 'r_max' in bounds section (line 13940)
Warning: unknown variable 'r_min' in bounds section (line 13941)
Read LP format model from file E:\codes\ExactEBRP\results\gf_cplex_equivalent_gurobi_replica_round28\runs\stage3__moderate_seed3302__c2_paper__300s\external\models\L0.1.0.0.1.1.1.0.0.lp
Reading time = 0.02 seconds
obj: 11903 rows, 3374 columns, 67328 nonzeros
Set parameter TimeLimit to value 200.1757269
Warning: unknown variable 'r_max' in bounds section (line 13940)
Warning: unknown variable 'r_min' in bounds section (line 13941)
Read LP format model from file E:\codes\ExactEBRP\results\gf_cplex_equivalent_gurobi_replica_round28\runs\stage3__moderate_seed3302__c2_paper__300s\external\models\L0.1.0.0.1.1.1.1.0.lp
Reading time = 0.02 seconds
obj: 11903 rows, 3374 columns, 67328 nonzeros
Set parameter TimeLimit to value 190.5202857
Warning: unknown variable 'r_max' in bounds section (line 13940)
Warning: unknown variable 'r_min' in bounds section (line 13941)
Read LP format model from file E:\codes\ExactEBRP\results\gf_cplex_equivalent_gurobi_replica_round28\runs\stage3__moderate_seed3302__c2_paper__300s\external\models\L0.0.1.1.0.1.0.lp
Reading time = 0.02 seconds
obj: 11903 rows, 3374 columns, 67328 nonzeros
Set parameter TimeLimit to value 183.6300335
Warning: unknown variable 'r_max' in bounds section (line 13940)
Warning: unknown variable 'r_min' in bounds section (line 13941)
Read LP format model from file E:\codes\ExactEBRP\results\gf_cplex_equivalent_gurobi_replica_round28\runs\stage3__moderate_seed3302__c2_paper__300s\external\models\L0.0.1.1.0.1.1.lp
Reading time = 0.02 seconds
obj: 11903 rows, 3374 columns, 67328 nonzeros
Set parameter TimeLimit to value 183.305061
Warning: unknown variable 'r_max' in bounds section (line 13940)
Warning: unknown variable 'r_min' in bounds section (line 13941)
Read LP format model from file E:\codes\ExactEBRP\results\gf_cplex_equivalent_gurobi_replica_round28\runs\stage3__moderate_seed3302__c2_paper__300s\external\models\L0.1.0.1.0.0.1.1.0.lp
Reading time = 0.02 seconds
obj: 11903 rows, 3374 columns, 67328 nonzeros
Set parameter TimeLimit to value 182.9724557
Warning: unknown variable 'r_max' in bounds section (line 13940)
Warning: unknown variable 'r_min' in bounds section (line 13941)
Read LP format model from file E:\codes\ExactEBRP\results\gf_cplex_equivalent_gurobi_replica_round28\runs\stage3__moderate_seed3302__c2_paper__300s\external\models\L0.1.0.1.0.0.1.1.1.lp
Reading time = 0.02 seconds
obj: 11903 rows, 3374 columns, 67328 nonzeros
Set parameter TimeLimit to value 182.6880375
Warning: unknown variable 'r_max' in bounds section (line 13940)
Warning: unknown variable 'r_min' in bounds section (line 13941)
Read LP format model from file E:\codes\ExactEBRP\results\gf_cplex_equivalent_gurobi_replica_round28\runs\stage3__moderate_seed3302__c2_paper__300s\external\models\L0.1.0.0.1.1.1.1.1.lp
Reading time = 0.02 seconds
obj: 11903 rows, 3374 columns, 67328 nonzeros
Set parameter TimeLimit to value 182.4819217
Warning: unknown variable 'r_max' in bounds section (line 13940)
Warning: unknown variable 'r_min' in bounds section (line 13941)
Read LP format model from file E:\codes\ExactEBRP\results\gf_cplex_equivalent_gurobi_replica_round28\runs\stage3__moderate_seed3302__c2_paper__300s\external\models\L0.1.0.0.1.1.0.1.1.lp
Reading time = 0.02 seconds
obj: 11903 rows, 3374 columns, 67328 nonzeros
Set parameter TimeLimit to value 174.6383535
Warning: unknown variable 'r_max' in bounds section (line 13940)
Warning: unknown variable 'r_min' in bounds section (line 13941)
Read LP format model from file E:\codes\ExactEBRP\results\gf_cplex_equivalent_gurobi_replica_round28\runs\stage3__moderate_seed3302__c2_paper__300s\external\models\L0.1.0.1.1.1.0.0.lp
Reading time = 0.02 seconds
obj: 11903 rows, 3374 columns, 67328 nonzeros
Set parameter TimeLimit to value 166.1942919
Warning: unknown variable 'r_max' in bounds section (line 13940)
Warning: unknown variable 'r_min' in bounds section (line 13941)
Read LP format model from file E:\codes\ExactEBRP\results\gf_cplex_equivalent_gurobi_replica_round28\runs\stage3__moderate_seed3302__c2_paper__300s\external\models\L0.1.0.1.1.1.0.1.lp
Reading time = 0.02 seconds
obj: 11903 rows, 3374 columns, 67328 nonzeros
Set parameter TimeLimit to value 165.7834135
Warning: unknown variable 'r_max' in bounds section (line 13940)
Warning: unknown variable 'r_min' in bounds section (line 13941)
Read LP format model from file E:\codes\ExactEBRP\results\gf_cplex_equivalent_gurobi_replica_round28\runs\stage3__moderate_seed3302__c2_paper__300s\external\models\L0.1.0.0.1.0.1.0.0.lp
Reading time = 0.02 seconds
obj: 11903 rows, 3374 columns, 67328 nonzeros
Set parameter TimeLimit to value 165.4172659
Warning: unknown variable 'r_max' in bounds section (line 13940)
Warning: unknown variable 'r_min' in bounds section (line 13941)
Read LP format model from file E:\codes\ExactEBRP\results\gf_cplex_equivalent_gurobi_replica_round28\runs\stage3__moderate_seed3302__c2_paper__300s\external\models\L0.1.0.0.1.0.1.0.1.lp
Reading time = 0.02 seconds
obj: 11903 rows, 3374 columns, 67328 nonzeros
Set parameter TimeLimit to value 165.0828685
Warning: unknown variable 'r_max' in bounds section (line 13940)
Warning: unknown variable 'r_min' in bounds section (line 13941)
Read LP format model from file E:\codes\ExactEBRP\results\gf_cplex_equivalent_gurobi_replica_round28\runs\stage3__moderate_seed3302__c2_paper__300s\external\models\L0.1.0.1.0.0.0.0.0.lp
Reading time = 0.02 seconds
obj: 11903 rows, 3374 columns, 67328 nonzeros
Set parameter TimeLimit to value 164.8133444
Warning: unknown variable 'r_max' in bounds section (line 13940)
Warning: unknown variable 'r_min' in bounds section (line 13941)
Read LP format model from file E:\codes\ExactEBRP\results\gf_cplex_equivalent_gurobi_replica_round28\runs\stage3__moderate_seed3302__c2_paper__300s\external\models\L0.1.0.1.0.1.0.0.0.lp
Reading time = 0.02 seconds
obj: 11903 rows, 3374 columns, 67328 nonzeros
Set parameter TimeLimit to value 154.0176252
Warning: unknown variable 'r_max' in bounds section (line 13940)
Warning: unknown variable 'r_min' in bounds section (line 13941)
Read LP format model from file E:\codes\ExactEBRP\results\gf_cplex_equivalent_gurobi_replica_round28\runs\stage3__moderate_seed3302__c2_paper__300s\external\models\L0.1.0.1.0.1.0.0.1.lp
Reading time = 0.02 seconds
obj: 11903 rows, 3374 columns, 67328 nonzeros
Set parameter TimeLimit to value 153.6988594
Warning: unknown variable 'r_max' in bounds section (line 13940)
Warning: unknown variable 'r_min' in bounds section (line 13941)
Read LP format model from file E:\codes\ExactEBRP\results\gf_cplex_equivalent_gurobi_replica_round28\runs\stage3__moderate_seed3302__c2_paper__300s\external\models\L0.1.0.0.1.1.0.1.0.lp
Reading time = 0.02 seconds
obj: 11903 rows, 3374 columns, 67328 nonzeros
Set parameter TimeLimit to value 153.4314383
Warning: unknown variable 'r_max' in bounds section (line 13940)
Warning: unknown variable 'r_min' in bounds section (line 13941)
Read LP format model from file E:\codes\ExactEBRP\results\gf_cplex_equivalent_gurobi_replica_round28\runs\stage3__moderate_seed3302__c2_paper__300s\external\models\L0.1.0.1.0.0.0.0.1.lp
Reading time = 0.02 seconds
obj: 11903 rows, 3374 columns, 67328 nonzeros
Set parameter TimeLimit to value 1.4704100419999997e+02
Warning: unknown variable 'r_max' in bounds section (line 13940)
Warning: unknown variable 'r_min' in bounds section (line 13941)
Read LP format model from file E:\codes\ExactEBRP\results\gf_cplex_equivalent_gurobi_replica_round28\runs\stage3__moderate_seed3302__c2_paper__300s\external\models\L0.1.0.0.0.0.1.0.lp
Reading time = 0.02 seconds
obj: 11903 rows, 3374 columns, 67328 nonzeros
Set parameter TimeLimit to value 1.3528742039999997e+02
Warning: unknown variable 'r_max' in bounds section (line 13940)
Warning: unknown variable 'r_min' in bounds section (line 13941)
Read LP format model from file E:\codes\ExactEBRP\results\gf_cplex_equivalent_gurobi_replica_round28\runs\stage3__moderate_seed3302__c2_paper__300s\external\models\L0.1.0.0.0.0.1.1.lp
Reading time = 0.02 seconds
obj: 11903 rows, 3374 columns, 67328 nonzeros
Set parameter TimeLimit to value 134.9824578
Warning: unknown variable 'r_max' in bounds section (line 13940)
Warning: unknown variable 'r_min' in bounds section (line 13941)
Read LP format model from file E:\codes\ExactEBRP\results\gf_cplex_equivalent_gurobi_replica_round28\runs\stage3__moderate_seed3302__c2_paper__300s\external\models\L0.1.0.1.0.1.0.1.0.lp
Reading time = 0.02 seconds
obj: 11903 rows, 3374 columns, 67328 nonzeros
Set parameter TimeLimit to value 134.6414687
Warning: unknown variable 'r_max' in bounds section (line 13940)
Warning: unknown variable 'r_min' in bounds section (line 13941)
Read LP format model from file E:\codes\ExactEBRP\results\gf_cplex_equivalent_gurobi_replica_round28\runs\stage3__moderate_seed3302__c2_paper__300s\external\models\L0.1.0.1.0.1.0.1.1.lp
Reading time = 0.02 seconds
obj: 11903 rows, 3374 columns, 67328 nonzeros
Set parameter TimeLimit to value 134.2496355
Warning: unknown variable 'r_max' in bounds section (line 13940)
Warning: unknown variable 'r_min' in bounds section (line 13941)
Read LP format model from file E:\codes\ExactEBRP\results\gf_cplex_equivalent_gurobi_replica_round28\runs\stage3__moderate_seed3302__c2_paper__300s\external\models\L0.1.0.1.0.0.0.1.0.lp
Reading time = 0.02 seconds
obj: 11903 rows, 3374 columns, 67328 nonzeros
Set parameter TimeLimit to value 133.9558321
Warning: unknown variable 'r_max' in bounds section (line 13940)
Warning: unknown variable 'r_min' in bounds section (line 13941)
Read LP format model from file E:\codes\ExactEBRP\results\gf_cplex_equivalent_gurobi_replica_round28\runs\stage3__moderate_seed3302__c2_paper__300s\external\models\L0.1.0.0.1.0.0.1.0.lp
Reading time = 0.02 seconds
obj: 11903 rows, 3374 columns, 67328 nonzeros
Set parameter TimeLimit to value 1.2177823409999999e+02
Warning: unknown variable 'r_max' in bounds section (line 13940)
Warning: unknown variable 'r_min' in bounds section (line 13941)
Read LP format model from file E:\codes\ExactEBRP\results\gf_cplex_equivalent_gurobi_replica_round28\runs\stage3__moderate_seed3302__c2_paper__300s\external\models\L0.1.0.0.1.0.0.1.1.lp
Reading time = 0.02 seconds
obj: 11903 rows, 3374 columns, 67328 nonzeros
Set parameter TimeLimit to value 1.2146872859999999e+02
Warning: unknown variable 'r_max' in bounds section (line 13940)
Warning: unknown variable 'r_min' in bounds section (line 13941)
Read LP format model from file E:\codes\ExactEBRP\results\gf_cplex_equivalent_gurobi_replica_round28\runs\stage3__moderate_seed3302__c2_paper__300s\external\models\L0.1.0.0.1.1.0.0.1.lp
Reading time = 0.02 seconds
obj: 11903 rows, 3374 columns, 67328 nonzeros
Set parameter TimeLimit to value 121.2950018
Warning: unknown variable 'r_max' in bounds section (line 13940)
Warning: unknown variable 'r_min' in bounds section (line 13941)
Read LP format model from file E:\codes\ExactEBRP\results\gf_cplex_equivalent_gurobi_replica_round28\runs\stage3__moderate_seed3302__c2_paper__300s\external\models\L0.1.0.1.1.1.1.0.lp
Reading time = 0.02 seconds
obj: 11903 rows, 3374 columns, 67328 nonzeros
Set parameter TimeLimit to value 1.1538123379999999e+02
Warning: unknown variable 'r_max' in bounds section (line 13940)
Warning: unknown variable 'r_min' in bounds section (line 13941)
Read LP format model from file E:\codes\ExactEBRP\results\gf_cplex_equivalent_gurobi_replica_round28\runs\stage3__moderate_seed3302__c2_paper__300s\external\models\L0.1.0.1.1.1.1.1.lp
Reading time = 0.02 seconds
obj: 11903 rows, 3374 columns, 67328 nonzeros
Set parameter TimeLimit to value 115.0271636
Warning: unknown variable 'r_max' in bounds section (line 13940)
Warning: unknown variable 'r_min' in bounds section (line 13941)
Read LP format model from file E:\codes\ExactEBRP\results\gf_cplex_equivalent_gurobi_replica_round28\runs\stage3__moderate_seed3302__c2_paper__300s\external\models\L0.1.0.1.0.0.0.1.1.lp
Reading time = 0.02 seconds
obj: 11903 rows, 3374 columns, 67328 nonzeros
Set parameter TimeLimit to value 1.1474854679999999e+02
Warning: unknown variable 'r_max' in bounds section (line 13940)
Warning: unknown variable 'r_min' in bounds section (line 13941)
Read LP format model from file E:\codes\ExactEBRP\results\gf_cplex_equivalent_gurobi_replica_round28\runs\stage3__moderate_seed3302__c2_paper__300s\external\models\L0.1.0.0.1.1.0.0.0.lp
Reading time = 0.02 seconds
obj: 11903 rows, 3374 columns, 67328 nonzeros
Set parameter TimeLimit to value 98.2187462
Warning: unknown variable 'r_max' in bounds section (line 13940)
Warning: unknown variable 'r_min' in bounds section (line 13941)
Read LP format model from file E:\codes\ExactEBRP\results\gf_cplex_equivalent_gurobi_replica_round28\runs\stage3__moderate_seed3302__c2_paper__300s\external\models\L0.1.0.1.0.1.1.0.0.lp
Reading time = 0.02 seconds
obj: 11903 rows, 3374 columns, 67328 nonzeros
Set parameter TimeLimit to value 90.5930071
Warning: unknown variable 'r_max' in bounds section (line 13940)
Warning: unknown variable 'r_min' in bounds section (line 13941)
Read LP format model from file E:\codes\ExactEBRP\results\gf_cplex_equivalent_gurobi_replica_round28\runs\stage3__moderate_seed3302__c2_paper__300s\external\models\L0.1.0.1.0.1.1.0.1.lp
Reading time = 0.02 seconds
obj: 11903 rows, 3374 columns, 67328 nonzeros
Set parameter TimeLimit to value 90.243167
Warning: unknown variable 'r_max' in bounds section (line 13940)
Warning: unknown variable 'r_min' in bounds section (line 13941)
Read LP format model from file E:\codes\ExactEBRP\results\gf_cplex_equivalent_gurobi_replica_round28\runs\stage3__moderate_seed3302__c2_paper__300s\external\models\L0.1.0.1.0.0.1.0.0.lp
Reading time = 0.02 seconds
obj: 11903 rows, 3374 columns, 67328 nonzeros
Set parameter TimeLimit to value 9.0036779199999984e+01
Warning: unknown variable 'r_max' in bounds section (line 13940)
Warning: unknown variable 'r_min' in bounds section (line 13941)
Read LP format model from file E:\codes\ExactEBRP\results\gf_cplex_equivalent_gurobi_replica_round28\runs\stage3__moderate_seed3302__c2_paper__300s\external\models\L0.1.0.0.1.0.0.0.0.lp
Reading time = 0.02 seconds
obj: 11903 rows, 3374 columns, 67328 nonzeros
Set parameter TimeLimit to value 70.8700436
Warning: unknown variable 'r_max' in bounds section (line 13940)
Warning: unknown variable 'r_min' in bounds section (line 13941)
Read LP format model from file E:\codes\ExactEBRP\results\gf_cplex_equivalent_gurobi_replica_round28\runs\stage3__moderate_seed3302__c2_paper__300s\external\models\L0.1.0.0.1.0.0.0.1.lp
Reading time = 0.02 seconds
obj: 11903 rows, 3374 columns, 67328 nonzeros
Set parameter TimeLimit to value 70.5089686
Warning: unknown variable 'r_max' in bounds section (line 13940)
Warning: unknown variable 'r_min' in bounds section (line 13941)
Read LP format model from file E:\codes\ExactEBRP\results\gf_cplex_equivalent_gurobi_replica_round28\runs\stage3__moderate_seed3302__c2_paper__300s\external\models\L0.1.0.0.1.0.1.1.1.lp
Reading time = 0.02 seconds
obj: 11903 rows, 3374 columns, 67328 nonzeros
Set parameter TimeLimit to value 7.0274386499999991e+01
Warning: unknown variable 'r_max' in bounds section (line 13940)
Warning: unknown variable 'r_min' in bounds section (line 13941)
Read LP format model from file E:\codes\ExactEBRP\results\gf_cplex_equivalent_gurobi_replica_round28\runs\stage3__moderate_seed3302__c2_paper__300s\external\models\L0.1.0.1.0.0.1.0.1.lp
Reading time = 0.02 seconds
obj: 11903 rows, 3374 columns, 67328 nonzeros
Set parameter TimeLimit to value 6.5138489199999981e+01
Warning: unknown variable 'r_max' in bounds section (line 13940)
Warning: unknown variable 'r_min' in bounds section (line 13941)
Read LP format model from file E:\codes\ExactEBRP\results\gf_cplex_equivalent_gurobi_replica_round28\runs\stage3__moderate_seed3302__c2_paper__300s\external\models\L0.1.0.1.0.1.1.1.0.lp
Reading time = 0.02 seconds
obj: 11903 rows, 3374 columns, 67328 nonzeros
Set parameter TimeLimit to value 38.4002715
Warning: unknown variable 'r_max' in bounds section (line 13940)
Warning: unknown variable 'r_min' in bounds section (line 13941)
Read LP format model from file E:\codes\ExactEBRP\results\gf_cplex_equivalent_gurobi_replica_round28\runs\stage3__moderate_seed3302__c2_paper__300s\external\models\L0.1.0.1.0.1.1.1.1.lp
Reading time = 0.02 seconds
obj: 11903 rows, 3374 columns, 67328 nonzeros
Set parameter TimeLimit to value 3.8020727599999987e+01
Warning: unknown variable 'r_max' in bounds section (line 13940)
Warning: unknown variable 'r_min' in bounds section (line 13941)
Read LP format model from file E:\codes\ExactEBRP\results\gf_cplex_equivalent_gurobi_replica_round28\runs\stage3__moderate_seed3302__c2_paper__300s\external\models\L0.1.0.1.0.0.1.1.0.lp
Reading time = 0.02 seconds
obj: 11903 rows, 3374 columns, 67328 nonzeros
Set parameter TimeLimit to value 37.7496328
Warning: unknown variable 'r_max' in bounds section (line 13940)
Warning: unknown variable 'r_min' in bounds section (line 13941)
Read LP format model from file E:\codes\ExactEBRP\results\gf_cplex_equivalent_gurobi_replica_round28\runs\stage3__moderate_seed3302__c2_paper__300s\external\models\L0.1.1.0.0.0.0.0.lp
Reading time = 0.02 seconds
obj: 11903 rows, 3374 columns, 67328 nonzeros
Set parameter TimeLimit to value 1.2046308399999987e+01
Warning: unknown variable 'r_max' in bounds section (line 13940)
Warning: unknown variable 'r_min' in bounds section (line 13941)
Read LP format model from file E:\codes\ExactEBRP\results\gf_cplex_equivalent_gurobi_replica_round28\runs\stage3__moderate_seed3302__c2_paper__300s\external\models\L0.1.1.0.0.0.0.1.lp
Reading time = 0.02 seconds
obj: 11903 rows, 3374 columns, 67328 nonzeros
Set parameter TimeLimit to value 1.1665916100000004e+01
Warning: unknown variable 'r_max' in bounds section (line 13940)
Warning: unknown variable 'r_min' in bounds section (line 13941)
Read LP format model from file E:\codes\ExactEBRP\results\gf_cplex_equivalent_gurobi_replica_round28\runs\stage3__moderate_seed3302__c2_paper__300s\external\models\L0.1.0.0.1.0.1.1.0.lp
Reading time = 0.02 seconds
obj: 11903 rows, 3374 columns, 67328 nonzeros
Set parameter TimeLimit to value 1.1431388499999997e+01
Warning: unknown variable 'r_max' in bounds section (line 13940)
Warning: unknown variable 'r_min' in bounds section (line 13941)
Read LP format model from file E:\codes\ExactEBRP\results\gf_cplex_equivalent_gurobi_replica_round28\runs\stage3__moderate_seed3302__c2_paper__300s\external\models\L0.1.0.0.0.0.0.0.lp
Reading time = 0.02 seconds
obj: 11903 rows, 3374 columns, 67328 nonzeros
Set parameter TimeLimit to value 5.7573581000000047e+00
Warning: unknown variable 'r_max' in bounds section (line 13940)
Warning: unknown variable 'r_min' in bounds section (line 13941)
Read LP format model from file E:\codes\ExactEBRP\results\gf_cplex_equivalent_gurobi_replica_round28\runs\stage3__moderate_seed3302__c2_paper__300s\external\models\L0.1.0.0.0.0.0.1.lp
Reading time = 0.02 seconds
obj: 11903 rows, 3374 columns, 67328 nonzeros
Set parameter TimeLimit to value 5.3667468999999812e+00
Warning: unknown variable 'r_max' in bounds section (line 13940)
Warning: unknown variable 'r_min' in bounds section (line 13941)
Read LP format model from file E:\codes\ExactEBRP\results\gf_cplex_equivalent_gurobi_replica_round28\runs\stage3__moderate_seed3302__c2_paper__300s\external\models\L0.1.0.1.0.0.1.1.1.lp
Reading time = 0.02 seconds
obj: 11903 rows, 3374 columns, 67328 nonzeros
Set parameter TimeLimit to value 5.1863765999999885e+00
