
Gurobi 13.0.2 (win64) logging started Thu Jul 23 08:39:53 2026

Set parameter LogFile to value "E:\codes\ExactEBRP\results\gf_cplex_equivalent_gurobi_replica_round28\runs\stage3__moderate_seed3302__c3_replica__300s\native.log"
Set parameter Threads to value 1
Set parameter Presolve to value -1
Set parameter Seed to value 0
Set parameter MIPGap to value 0
Set parameter MIPGapAbs to value 0
Warning: unknown variable 'r_max' in bounds section (line 13940)
Warning: unknown variable 'r_min' in bounds section (line 13941)
Read LP format model from file E:\codes\ExactEBRP\results\gf_cplex_equivalent_gurobi_replica_round28\runs\stage3__moderate_seed3302__c3_replica__300s\external\models\R.lp
Reading time = 0.02 seconds
obj: 11903 rows, 3374 columns, 67088 nonzeros
Set parameter TimeLimit to value 251.2340716
Warning: unknown variable 'r_max' in bounds section (line 13940)
Warning: unknown variable 'r_min' in bounds section (line 13941)
Read LP format model from file E:\codes\ExactEBRP\results\gf_cplex_equivalent_gurobi_replica_round28\runs\stage3__moderate_seed3302__c3_replica__300s\external\models\R.0.lp
Reading time = 0.02 seconds
obj: 11903 rows, 3374 columns, 67088 nonzeros
Set parameter TimeLimit to value 250.715487
Warning: unknown variable 'r_max' in bounds section (line 13940)
Warning: unknown variable 'r_min' in bounds section (line 13941)
Read LP format model from file E:\codes\ExactEBRP\results\gf_cplex_equivalent_gurobi_replica_round28\runs\stage3__moderate_seed3302__c3_replica__300s\external\models\R.1.lp
Reading time = 0.02 seconds
obj: 11903 rows, 3374 columns, 67328 nonzeros
Set parameter TimeLimit to value 250.1437599
Warning: unknown variable 'r_max' in bounds section (line 13940)
Warning: unknown variable 'r_min' in bounds section (line 13941)
Read LP format model from file E:\codes\ExactEBRP\results\gf_cplex_equivalent_gurobi_replica_round28\runs\stage3__moderate_seed3302__c3_replica__300s\external\models\R.0.0.lp
Reading time = 0.02 seconds
obj: 11903 rows, 3374 columns, 67088 nonzeros
Set parameter TimeLimit to value 2.4963959069999999e+02
Warning: unknown variable 'r_max' in bounds section (line 13940)
Warning: unknown variable 'r_min' in bounds section (line 13941)
Read LP format model from file E:\codes\ExactEBRP\results\gf_cplex_equivalent_gurobi_replica_round28\runs\stage3__moderate_seed3302__c3_replica__300s\external\models\R.0.1.lp
Reading time = 0.02 seconds
obj: 11903 rows, 3374 columns, 67328 nonzeros
Set parameter TimeLimit to value 248.9357077
Warning: unknown variable 'r_max' in bounds section (line 13940)
Warning: unknown variable 'r_min' in bounds section (line 13941)
Read LP format model from file E:\codes\ExactEBRP\results\gf_cplex_equivalent_gurobi_replica_round28\runs\stage3__moderate_seed3302__c3_replica__300s\external\models\R.0.0.0.lp
Reading time = 0.02 seconds
obj: 11903 rows, 3374 columns, 67088 nonzeros
Set parameter TimeLimit to value 248.4384369
Warning: unknown variable 'r_max' in bounds section (line 13940)
Warning: unknown variable 'r_min' in bounds section (line 13941)
Read LP format model from file E:\codes\ExactEBRP\results\gf_cplex_equivalent_gurobi_replica_round28\runs\stage3__moderate_seed3302__c3_replica__300s\external\models\R.0.0.1.lp
Reading time = 0.02 seconds
obj: 11903 rows, 3374 columns, 67328 nonzeros
Set parameter TimeLimit to value 248.0957243
Warning: unknown variable 'r_max' in bounds section (line 13940)
Warning: unknown variable 'r_min' in bounds section (line 13941)
Read LP format model from file E:\codes\ExactEBRP\results\gf_cplex_equivalent_gurobi_replica_round28\runs\stage3__moderate_seed3302__c3_replica__300s\external\models\R.0.0.0.0.lp
Reading time = 0.02 seconds
obj: 11903 rows, 3374 columns, 67088 nonzeros
Set parameter TimeLimit to value 247.3904327
Warning: unknown variable 'r_max' in bounds section (line 13940)
Warning: unknown variable 'r_min' in bounds section (line 13941)
Read LP format model from file E:\codes\ExactEBRP\results\gf_cplex_equivalent_gurobi_replica_round28\runs\stage3__moderate_seed3302__c3_replica__300s\external\models\R.0.0.0.1.lp
Reading time = 0.02 seconds
obj: 11903 rows, 3374 columns, 67328 nonzeros
Set parameter TimeLimit to value 2.4703228639999998e+02
Warning: unknown variable 'r_max' in bounds section (line 13940)
Warning: unknown variable 'r_min' in bounds section (line 13941)
Read LP format model from file E:\codes\ExactEBRP\results\gf_cplex_equivalent_gurobi_replica_round28\runs\stage3__moderate_seed3302__c3_replica__300s\external\models\R.0.0.1.0.lp
Reading time = 0.02 seconds
obj: 11903 rows, 3374 columns, 67328 nonzeros
Set parameter TimeLimit to value 2.4670023989999999e+02
Warning: unknown variable 'r_max' in bounds section (line 13940)
Warning: unknown variable 'r_min' in bounds section (line 13941)
Read LP format model from file E:\codes\ExactEBRP\results\gf_cplex_equivalent_gurobi_replica_round28\runs\stage3__moderate_seed3302__c3_replica__300s\external\models\R.0.0.1.1.lp
Reading time = 0.02 seconds
obj: 11903 rows, 3374 columns, 67328 nonzeros
Set parameter TimeLimit to value 246.2286972
Warning: unknown variable 'r_max' in bounds section (line 13940)
Warning: unknown variable 'r_min' in bounds section (line 13941)
Read LP format model from file E:\codes\ExactEBRP\results\gf_cplex_equivalent_gurobi_replica_round28\runs\stage3__moderate_seed3302__c3_replica__300s\external\models\R.0.0.1.0.0.lp
Reading time = 0.02 seconds
obj: 11903 rows, 3374 columns, 67328 nonzeros
Set parameter TimeLimit to value 245.5992808
Warning: unknown variable 'r_max' in bounds section (line 13940)
Warning: unknown variable 'r_min' in bounds section (line 13941)
Read LP format model from file E:\codes\ExactEBRP\results\gf_cplex_equivalent_gurobi_replica_round28\runs\stage3__moderate_seed3302__c3_replica__300s\external\models\R.0.0.1.0.1.lp
Reading time = 0.02 seconds
obj: 11903 rows, 3374 columns, 67328 nonzeros
Set parameter TimeLimit to value 245.2005345
Warning: unknown variable 'r_max' in bounds section (line 13940)
Warning: unknown variable 'r_min' in bounds section (line 13941)
Read LP format model from file E:\codes\ExactEBRP\results\gf_cplex_equivalent_gurobi_replica_round28\runs\stage3__moderate_seed3302__c3_replica__300s\external\models\R.0.0.0.1.0.lp
Reading time = 0.02 seconds
obj: 11903 rows, 3374 columns, 67328 nonzeros
Set parameter TimeLimit to value 2.4478188999999998e+02
Warning: unknown variable 'r_max' in bounds section (line 13940)
Warning: unknown variable 'r_min' in bounds section (line 13941)
Read LP format model from file E:\codes\ExactEBRP\results\gf_cplex_equivalent_gurobi_replica_round28\runs\stage3__moderate_seed3302__c3_replica__300s\external\models\R.0.0.0.1.1.lp
Reading time = 0.02 seconds
obj: 11903 rows, 3374 columns, 67328 nonzeros
Set parameter TimeLimit to value 2.4445438579999998e+02
Warning: unknown variable 'r_max' in bounds section (line 13940)
Warning: unknown variable 'r_min' in bounds section (line 13941)
Read LP format model from file E:\codes\ExactEBRP\results\gf_cplex_equivalent_gurobi_replica_round28\runs\stage3__moderate_seed3302__c3_replica__300s\external\models\R.0.0.1.1.0.lp
Reading time = 0.02 seconds
obj: 11903 rows, 3374 columns, 67328 nonzeros
Set parameter TimeLimit to value 2.4410533089999998e+02
Warning: unknown variable 'r_max' in bounds section (line 13940)
Warning: unknown variable 'r_min' in bounds section (line 13941)
Read LP format model from file E:\codes\ExactEBRP\results\gf_cplex_equivalent_gurobi_replica_round28\runs\stage3__moderate_seed3302__c3_replica__300s\external\models\R.0.0.1.1.1.lp
Reading time = 0.02 seconds
obj: 11903 rows, 3374 columns, 67328 nonzeros
Set parameter TimeLimit to value 2.4355400079999998e+02
Warning: unknown variable 'r_max' in bounds section (line 13940)
Warning: unknown variable 'r_min' in bounds section (line 13941)
Read LP format model from file E:\codes\ExactEBRP\results\gf_cplex_equivalent_gurobi_replica_round28\runs\stage3__moderate_seed3302__c3_replica__300s\external\models\R.0.1.0.lp
Reading time = 0.02 seconds
obj: 11903 rows, 3374 columns, 67328 nonzeros
Set parameter TimeLimit to value 2.4298104519999998e+02
Warning: unknown variable 'r_max' in bounds section (line 13940)
Warning: unknown variable 'r_min' in bounds section (line 13941)
Read LP format model from file E:\codes\ExactEBRP\results\gf_cplex_equivalent_gurobi_replica_round28\runs\stage3__moderate_seed3302__c3_replica__300s\external\models\R.0.1.1.lp
Reading time = 0.02 seconds
obj: 11903 rows, 3374 columns, 67328 nonzeros
Set parameter TimeLimit to value 242.4747679
Warning: unknown variable 'r_max' in bounds section (line 13940)
Warning: unknown variable 'r_min' in bounds section (line 13941)
Read LP format model from file E:\codes\ExactEBRP\results\gf_cplex_equivalent_gurobi_replica_round28\runs\stage3__moderate_seed3302__c3_replica__300s\external\models\R.0.0.1.0.0.1.lp
Reading time = 0.02 seconds
obj: 11903 rows, 3374 columns, 67328 nonzeros
Set parameter TimeLimit to value 241.9540477
Warning: unknown variable 'r_max' in bounds section (line 13940)
Warning: unknown variable 'r_min' in bounds section (line 13941)
Read LP format model from file E:\codes\ExactEBRP\results\gf_cplex_equivalent_gurobi_replica_round28\runs\stage3__moderate_seed3302__c3_replica__300s\external\models\R.0.0.1.0.0.0.lp
Reading time = 0.02 seconds
obj: 11903 rows, 3374 columns, 67328 nonzeros
Set parameter TimeLimit to value 2.4160069879999998e+02
Warning: unknown variable 'r_max' in bounds section (line 13940)
Warning: unknown variable 'r_min' in bounds section (line 13941)
Read LP format model from file E:\codes\ExactEBRP\results\gf_cplex_equivalent_gurobi_replica_round28\runs\stage3__moderate_seed3302__c3_replica__300s\external\models\R.0.0.1.0.1.0.lp
Reading time = 0.02 seconds
obj: 11903 rows, 3374 columns, 67328 nonzeros
Set parameter TimeLimit to value 241.2668941
Warning: unknown variable 'r_max' in bounds section (line 13940)
Warning: unknown variable 'r_min' in bounds section (line 13941)
Read LP format model from file E:\codes\ExactEBRP\results\gf_cplex_equivalent_gurobi_replica_round28\runs\stage3__moderate_seed3302__c3_replica__300s\external\models\R.0.0.1.0.1.1.lp
Reading time = 0.02 seconds
obj: 11903 rows, 3374 columns, 67328 nonzeros
Set parameter TimeLimit to value 240.9196155
Warning: unknown variable 'r_max' in bounds section (line 13940)
Warning: unknown variable 'r_min' in bounds section (line 13941)
Read LP format model from file E:\codes\ExactEBRP\results\gf_cplex_equivalent_gurobi_replica_round28\runs\stage3__moderate_seed3302__c3_replica__300s\external\models\R.0.0.0.1.1.0.lp
Reading time = 0.02 seconds
obj: 11903 rows, 3374 columns, 67328 nonzeros
Set parameter TimeLimit to value 240.5254698
Warning: unknown variable 'r_max' in bounds section (line 13940)
Warning: unknown variable 'r_min' in bounds section (line 13941)
Read LP format model from file E:\codes\ExactEBRP\results\gf_cplex_equivalent_gurobi_replica_round28\runs\stage3__moderate_seed3302__c3_replica__300s\external\models\R.0.0.0.1.1.1.lp
Reading time = 0.02 seconds
obj: 11903 rows, 3374 columns, 67328 nonzeros
Set parameter TimeLimit to value 240.166267
Warning: unknown variable 'r_max' in bounds section (line 13940)
Warning: unknown variable 'r_min' in bounds section (line 13941)
Read LP format model from file E:\codes\ExactEBRP\results\gf_cplex_equivalent_gurobi_replica_round28\runs\stage3__moderate_seed3302__c3_replica__300s\external\models\R.0.0.1.1.0.1.lp
Reading time = 0.02 seconds
obj: 11903 rows, 3374 columns, 67328 nonzeros
Set parameter TimeLimit to value 2.3983306579999999e+02
Warning: unknown variable 'r_max' in bounds section (line 13940)
Warning: unknown variable 'r_min' in bounds section (line 13941)
Read LP format model from file E:\codes\ExactEBRP\results\gf_cplex_equivalent_gurobi_replica_round28\runs\stage3__moderate_seed3302__c3_replica__300s\external\models\R.0.0.1.1.0.0.lp
Reading time = 0.02 seconds
obj: 11903 rows, 3374 columns, 67328 nonzeros
Set parameter TimeLimit to value 239.2991711
Warning: unknown variable 'r_max' in bounds section (line 13940)
Warning: unknown variable 'r_min' in bounds section (line 13941)
Read LP format model from file E:\codes\ExactEBRP\results\gf_cplex_equivalent_gurobi_replica_round28\runs\stage3__moderate_seed3302__c3_replica__300s\external\models\R.0.0.1.0.0.1.0.lp
Reading time = 0.02 seconds
obj: 11903 rows, 3374 columns, 67328 nonzeros
Set parameter TimeLimit to value 238.752503
Warning: unknown variable 'r_max' in bounds section (line 13940)
Warning: unknown variable 'r_min' in bounds section (line 13941)
Read LP format model from file E:\codes\ExactEBRP\results\gf_cplex_equivalent_gurobi_replica_round28\runs\stage3__moderate_seed3302__c3_replica__300s\external\models\R.0.0.1.0.0.1.1.lp
Reading time = 0.02 seconds
obj: 11903 rows, 3374 columns, 67328 nonzeros
Set parameter TimeLimit to value 238.3984931
Warning: unknown variable 'r_max' in bounds section (line 13940)
Warning: unknown variable 'r_min' in bounds section (line 13941)
Read LP format model from file E:\codes\ExactEBRP\results\gf_cplex_equivalent_gurobi_replica_round28\runs\stage3__moderate_seed3302__c3_replica__300s\external\models\R.0.0.1.0.1.0.1.lp
Reading time = 0.02 seconds
obj: 11903 rows, 3374 columns, 67328 nonzeros
Set parameter TimeLimit to value 238.0523925
Warning: unknown variable 'r_max' in bounds section (line 13940)
Warning: unknown variable 'r_min' in bounds section (line 13941)
Read LP format model from file E:\codes\ExactEBRP\results\gf_cplex_equivalent_gurobi_replica_round28\runs\stage3__moderate_seed3302__c3_replica__300s\external\models\R.0.0.1.0.1.0.0.lp
Reading time = 0.02 seconds
obj: 11903 rows, 3374 columns, 67328 nonzeros
Set parameter TimeLimit to value 237.6774795
Warning: unknown variable 'r_max' in bounds section (line 13940)
Warning: unknown variable 'r_min' in bounds section (line 13941)
Read LP format model from file E:\codes\ExactEBRP\results\gf_cplex_equivalent_gurobi_replica_round28\runs\stage3__moderate_seed3302__c3_replica__300s\external\models\R.0.0.1.0.0.0.0.lp
Reading time = 0.02 seconds
obj: 11903 rows, 3374 columns, 67328 nonzeros
Set parameter TimeLimit to value 237.338684
Warning: unknown variable 'r_max' in bounds section (line 13940)
Warning: unknown variable 'r_min' in bounds section (line 13941)
Read LP format model from file E:\codes\ExactEBRP\results\gf_cplex_equivalent_gurobi_replica_round28\runs\stage3__moderate_seed3302__c3_replica__300s\external\models\R.0.0.1.0.0.0.1.lp
Reading time = 0.02 seconds
obj: 11903 rows, 3374 columns, 67328 nonzeros
Set parameter TimeLimit to value 236.9887487
Warning: unknown variable 'r_max' in bounds section (line 13940)
Warning: unknown variable 'r_min' in bounds section (line 13941)
Read LP format model from file E:\codes\ExactEBRP\results\gf_cplex_equivalent_gurobi_replica_round28\runs\stage3__moderate_seed3302__c3_replica__300s\external\models\R.0.0.1.0.1.1.1.lp
Reading time = 0.02 seconds
obj: 11903 rows, 3374 columns, 67328 nonzeros
Set parameter TimeLimit to value 2.3658790729999998e+02
Warning: unknown variable 'r_max' in bounds section (line 13940)
Warning: unknown variable 'r_min' in bounds section (line 13941)
Read LP format model from file E:\codes\ExactEBRP\results\gf_cplex_equivalent_gurobi_replica_round28\runs\stage3__moderate_seed3302__c3_replica__300s\external\models\R.0.0.1.0.1.1.0.lp
Reading time = 0.02 seconds
obj: 11903 rows, 3374 columns, 67328 nonzeros
Set parameter TimeLimit to value 2.3618863109999998e+02
Warning: unknown variable 'r_max' in bounds section (line 13940)
Warning: unknown variable 'r_min' in bounds section (line 13941)
Read LP format model from file E:\codes\ExactEBRP\results\gf_cplex_equivalent_gurobi_replica_round28\runs\stage3__moderate_seed3302__c3_replica__300s\external\models\R.0.1.0.0.lp
Reading time = 0.02 seconds
obj: 11903 rows, 3374 columns, 67328 nonzeros
Set parameter TimeLimit to value 235.7883967
Warning: unknown variable 'r_max' in bounds section (line 13940)
Warning: unknown variable 'r_min' in bounds section (line 13941)
Read LP format model from file E:\codes\ExactEBRP\results\gf_cplex_equivalent_gurobi_replica_round28\runs\stage3__moderate_seed3302__c3_replica__300s\external\models\R.0.1.0.1.lp
Reading time = 0.02 seconds
obj: 11903 rows, 3374 columns, 67328 nonzeros
Set parameter TimeLimit to value 235.2458283
Warning: unknown variable 'r_max' in bounds section (line 13940)
Warning: unknown variable 'r_min' in bounds section (line 13941)
Read LP format model from file E:\codes\ExactEBRP\results\gf_cplex_equivalent_gurobi_replica_round28\runs\stage3__moderate_seed3302__c3_replica__300s\external\models\R.0.0.0.1.1.1.0.lp
Reading time = 0.03 seconds
obj: 11903 rows, 3374 columns, 67328 nonzeros
Set parameter TimeLimit to value 2.3470968649999998e+02
Warning: unknown variable 'r_max' in bounds section (line 13940)
Warning: unknown variable 'r_min' in bounds section (line 13941)
Read LP format model from file E:\codes\ExactEBRP\results\gf_cplex_equivalent_gurobi_replica_round28\runs\stage3__moderate_seed3302__c3_replica__300s\external\models\R.0.0.0.1.1.1.1.lp
Reading time = 0.02 seconds
obj: 11903 rows, 3374 columns, 67328 nonzeros
Set parameter TimeLimit to value 2.3439608009999998e+02
Warning: unknown variable 'r_max' in bounds section (line 13940)
Warning: unknown variable 'r_min' in bounds section (line 13941)
Read LP format model from file E:\codes\ExactEBRP\results\gf_cplex_equivalent_gurobi_replica_round28\runs\stage3__moderate_seed3302__c3_replica__300s\external\models\R.0.0.1.1.0.0.0.lp
Reading time = 0.02 seconds
obj: 11903 rows, 3374 columns, 67328 nonzeros
Set parameter TimeLimit to value 234.0714079
Warning: unknown variable 'r_max' in bounds section (line 13940)
Warning: unknown variable 'r_min' in bounds section (line 13941)
Read LP format model from file E:\codes\ExactEBRP\results\gf_cplex_equivalent_gurobi_replica_round28\runs\stage3__moderate_seed3302__c3_replica__300s\external\models\R.0.0.1.1.0.0.1.lp
Reading time = 0.02 seconds
obj: 11903 rows, 3374 columns, 67328 nonzeros
Set parameter TimeLimit to value 233.6397993
Warning: unknown variable 'r_max' in bounds section (line 13940)
Warning: unknown variable 'r_min' in bounds section (line 13941)
Read LP format model from file E:\codes\ExactEBRP\results\gf_cplex_equivalent_gurobi_replica_round28\runs\stage3__moderate_seed3302__c3_replica__300s\external\models\R.0.0.1.1.1.0.lp
Reading time = 0.02 seconds
obj: 11903 rows, 3374 columns, 67328 nonzeros
Set parameter TimeLimit to value 233.0587688
Warning: unknown variable 'r_max' in bounds section (line 13940)
Warning: unknown variable 'r_min' in bounds section (line 13941)
Read LP format model from file E:\codes\ExactEBRP\results\gf_cplex_equivalent_gurobi_replica_round28\runs\stage3__moderate_seed3302__c3_replica__300s\external\models\R.0.0.1.1.1.1.lp
Reading time = 0.02 seconds
obj: 11903 rows, 3374 columns, 67328 nonzeros
Set parameter TimeLimit to value 2.3250515919999998e+02
Warning: unknown variable 'r_max' in bounds section (line 13940)
Warning: unknown variable 'r_min' in bounds section (line 13941)
Read LP format model from file E:\codes\ExactEBRP\results\gf_cplex_equivalent_gurobi_replica_round28\runs\stage3__moderate_seed3302__c3_replica__300s\external\models\R.0.0.0.1.1.0.1.lp
Reading time = 0.02 seconds
obj: 11903 rows, 3374 columns, 67328 nonzeros
Set parameter TimeLimit to value 2.3200120629999998e+02
Warning: unknown variable 'r_max' in bounds section (line 13940)
Warning: unknown variable 'r_min' in bounds section (line 13941)
Read LP format model from file E:\codes\ExactEBRP\results\gf_cplex_equivalent_gurobi_replica_round28\runs\stage3__moderate_seed3302__c3_replica__300s\external\models\R.0.0.0.1.1.0.0.lp
Reading time = 0.02 seconds
obj: 11903 rows, 3374 columns, 67328 nonzeros
Set parameter TimeLimit to value 2.3165662329999998e+02
Warning: unknown variable 'r_max' in bounds section (line 13940)
Warning: unknown variable 'r_min' in bounds section (line 13941)
Read LP format model from file E:\codes\ExactEBRP\results\gf_cplex_equivalent_gurobi_replica_round28\runs\stage3__moderate_seed3302__c3_replica__300s\external\models\R.0.0.1.0.0.1.1.1.lp
Reading time = 0.02 seconds
obj: 11903 rows, 3374 columns, 67328 nonzeros
Set parameter TimeLimit to value 231.3274179
Warning: unknown variable 'r_max' in bounds section (line 13940)
Warning: unknown variable 'r_min' in bounds section (line 13941)
Read LP format model from file E:\codes\ExactEBRP\results\gf_cplex_equivalent_gurobi_replica_round28\runs\stage3__moderate_seed3302__c3_replica__300s\external\models\R.0.0.1.0.0.1.1.0.lp
Reading time = 0.02 seconds
obj: 11903 rows, 3374 columns, 67328 nonzeros
Set parameter TimeLimit to value 230.9903694
Warning: unknown variable 'r_max' in bounds section (line 13940)
Warning: unknown variable 'r_min' in bounds section (line 13941)
Read LP format model from file E:\codes\ExactEBRP\results\gf_cplex_equivalent_gurobi_replica_round28\runs\stage3__moderate_seed3302__c3_replica__300s\external\models\R.0.0.1.0.1.0.0.0.lp
Reading time = 0.02 seconds
obj: 11903 rows, 3374 columns, 67328 nonzeros
Set parameter TimeLimit to value 2.3064821329999998e+02
Warning: unknown variable 'r_max' in bounds section (line 13940)
Warning: unknown variable 'r_min' in bounds section (line 13941)
Read LP format model from file E:\codes\ExactEBRP\results\gf_cplex_equivalent_gurobi_replica_round28\runs\stage3__moderate_seed3302__c3_replica__300s\external\models\R.0.0.1.0.1.0.0.1.lp
Reading time = 0.02 seconds
obj: 11903 rows, 3374 columns, 67328 nonzeros
Set parameter TimeLimit to value 2.3028947739999998e+02
Warning: unknown variable 'r_max' in bounds section (line 13940)
Warning: unknown variable 'r_min' in bounds section (line 13941)
Read LP format model from file E:\codes\ExactEBRP\results\gf_cplex_equivalent_gurobi_replica_round28\runs\stage3__moderate_seed3302__c3_replica__300s\external\models\R.0.0.1.0.0.1.0.0.lp
Reading time = 0.02 seconds
obj: 11903 rows, 3374 columns, 67328 nonzeros
Set parameter TimeLimit to value 229.9140469
Warning: unknown variable 'r_max' in bounds section (line 13940)
Warning: unknown variable 'r_min' in bounds section (line 13941)
Read LP format model from file E:\codes\ExactEBRP\results\gf_cplex_equivalent_gurobi_replica_round28\runs\stage3__moderate_seed3302__c3_replica__300s\external\models\R.0.0.1.0.0.1.0.1.lp
Reading time = 0.02 seconds
obj: 11903 rows, 3374 columns, 67328 nonzeros
Set parameter TimeLimit to value 229.6161579
Warning: unknown variable 'r_max' in bounds section (line 13940)
Warning: unknown variable 'r_min' in bounds section (line 13941)
Read LP format model from file E:\codes\ExactEBRP\results\gf_cplex_equivalent_gurobi_replica_round28\runs\stage3__moderate_seed3302__c3_replica__300s\external\models\R.0.0.1.0.1.0.1.1.lp
Reading time = 0.02 seconds
obj: 11903 rows, 3374 columns, 67328 nonzeros
Set parameter TimeLimit to value 229.2885667
Warning: unknown variable 'r_max' in bounds section (line 13940)
Warning: unknown variable 'r_min' in bounds section (line 13941)
Read LP format model from file E:\codes\ExactEBRP\results\gf_cplex_equivalent_gurobi_replica_round28\runs\stage3__moderate_seed3302__c3_replica__300s\external\models\R.0.0.1.0.1.0.1.0.lp
Reading time = 0.02 seconds
obj: 11903 rows, 3374 columns, 67328 nonzeros
Set parameter TimeLimit to value 228.8792786
Warning: unknown variable 'r_max' in bounds section (line 13940)
Warning: unknown variable 'r_min' in bounds section (line 13941)
Read LP format model from file E:\codes\ExactEBRP\results\gf_cplex_equivalent_gurobi_replica_round28\runs\stage3__moderate_seed3302__c3_replica__300s\external\models\R.0.0.1.0.0.0.1.0.lp
Reading time = 0.02 seconds
obj: 11903 rows, 3374 columns, 67328 nonzeros
Set parameter TimeLimit to value 228.4270968
Warning: unknown variable 'r_max' in bounds section (line 13940)
Warning: unknown variable 'r_min' in bounds section (line 13941)
Read LP format model from file E:\codes\ExactEBRP\results\gf_cplex_equivalent_gurobi_replica_round28\runs\stage3__moderate_seed3302__c3_replica__300s\external\models\R.0.0.1.0.0.0.1.1.lp
Reading time = 0.02 seconds
obj: 11903 rows, 3374 columns, 67328 nonzeros
Set parameter TimeLimit to value 228.0996246
Warning: unknown variable 'r_max' in bounds section (line 13940)
Warning: unknown variable 'r_min' in bounds section (line 13941)
Read LP format model from file E:\codes\ExactEBRP\results\gf_cplex_equivalent_gurobi_replica_round28\runs\stage3__moderate_seed3302__c3_replica__300s\external\models\R.0.0.1.0.1.1.0.0.lp
Reading time = 0.02 seconds
obj: 11903 rows, 3374 columns, 67328 nonzeros
Set parameter TimeLimit to value 2.2775622869999998e+02
Warning: unknown variable 'r_max' in bounds section (line 13940)
Warning: unknown variable 'r_min' in bounds section (line 13941)
Read LP format model from file E:\codes\ExactEBRP\results\gf_cplex_equivalent_gurobi_replica_round28\runs\stage3__moderate_seed3302__c3_replica__300s\external\models\R.0.0.1.0.1.1.0.1.lp
Reading time = 0.02 seconds
obj: 11903 rows, 3374 columns, 67328 nonzeros
Set parameter TimeLimit to value 227.3558324
Warning: unknown variable 'r_max' in bounds section (line 13940)
Warning: unknown variable 'r_min' in bounds section (line 13941)
Read LP format model from file E:\codes\ExactEBRP\results\gf_cplex_equivalent_gurobi_replica_round28\runs\stage3__moderate_seed3302__c3_replica__300s\external\models\R.0.0.1.1.0.1.0.lp
Reading time = 0.02 seconds
obj: 11903 rows, 3374 columns, 67328 nonzeros
Set parameter TimeLimit to value 226.9388217
Warning: unknown variable 'r_max' in bounds section (line 13940)
Warning: unknown variable 'r_min' in bounds section (line 13941)
Read LP format model from file E:\codes\ExactEBRP\results\gf_cplex_equivalent_gurobi_replica_round28\runs\stage3__moderate_seed3302__c3_replica__300s\external\models\R.0.0.1.1.0.1.1.lp
Reading time = 0.02 seconds
obj: 11903 rows, 3374 columns, 67328 nonzeros
Set parameter TimeLimit to value 2.2638918339999998e+02
Warning: unknown variable 'r_max' in bounds section (line 13940)
Warning: unknown variable 'r_min' in bounds section (line 13941)
Read LP format model from file E:\codes\ExactEBRP\results\gf_cplex_equivalent_gurobi_replica_round28\runs\stage3__moderate_seed3302__c3_replica__300s\external\models\R.0.0.1.0.1.1.1.0.lp
Reading time = 0.02 seconds
obj: 11903 rows, 3374 columns, 67328 nonzeros
Set parameter TimeLimit to value 2.2586635669999998e+02
Warning: unknown variable 'r_max' in bounds section (line 13940)
Warning: unknown variable 'r_min' in bounds section (line 13941)
Read LP format model from file E:\codes\ExactEBRP\results\gf_cplex_equivalent_gurobi_replica_round28\runs\stage3__moderate_seed3302__c3_replica__300s\external\models\R.0.0.1.0.1.1.1.1.lp
Reading time = 0.02 seconds
obj: 11903 rows, 3374 columns, 67328 nonzeros
Set parameter TimeLimit to value 225.5236261
Warning: unknown variable 'r_max' in bounds section (line 13940)
Warning: unknown variable 'r_min' in bounds section (line 13941)
Read LP format model from file E:\codes\ExactEBRP\results\gf_cplex_equivalent_gurobi_replica_round28\runs\stage3__moderate_seed3302__c3_replica__300s\external\models\R.0.0.1.0.0.0.0.1.lp
Reading time = 0.02 seconds
obj: 11903 rows, 3374 columns, 67328 nonzeros
Set parameter TimeLimit to value 225.1154048
Warning: unknown variable 'r_max' in bounds section (line 13940)
Warning: unknown variable 'r_min' in bounds section (line 13941)
Read LP format model from file E:\codes\ExactEBRP\results\gf_cplex_equivalent_gurobi_replica_round28\runs\stage3__moderate_seed3302__c3_replica__300s\external\models\R.0.0.1.0.0.0.0.0.lp
Reading time = 0.02 seconds
obj: 11903 rows, 3374 columns, 67328 nonzeros
Set parameter TimeLimit to value 224.7656056
Warning: unknown variable 'r_max' in bounds section (line 13940)
Warning: unknown variable 'r_min' in bounds section (line 13941)
Read LP format model from file E:\codes\ExactEBRP\results\gf_cplex_equivalent_gurobi_replica_round28\runs\stage3__moderate_seed3302__c3_replica__300s\external\models\R.0.0.1.0.0.1.1.1.0.lp
Reading time = 0.02 seconds
obj: 11903 rows, 3374 columns, 67328 nonzeros
Set parameter TimeLimit to value 224.4394939
Warning: unknown variable 'r_max' in bounds section (line 13940)
Warning: unknown variable 'r_min' in bounds section (line 13941)
Read LP format model from file E:\codes\ExactEBRP\results\gf_cplex_equivalent_gurobi_replica_round28\runs\stage3__moderate_seed3302__c3_replica__300s\external\models\R.0.0.1.0.0.1.1.1.1.lp
Reading time = 0.02 seconds
obj: 11903 rows, 3374 columns, 67328 nonzeros
Set parameter TimeLimit to value 224.0689301
Warning: unknown variable 'r_max' in bounds section (line 13940)
Warning: unknown variable 'r_min' in bounds section (line 13941)
Read LP format model from file E:\codes\ExactEBRP\results\gf_cplex_equivalent_gurobi_replica_round28\runs\stage3__moderate_seed3302__c3_replica__300s\external\models\R.0.0.1.0.0.1.1.0.0.lp
Reading time = 0.02 seconds
obj: 11903 rows, 3374 columns, 67328 nonzeros
Set parameter TimeLimit to value 223.7157126
Warning: unknown variable 'r_max' in bounds section (line 13940)
Warning: unknown variable 'r_min' in bounds section (line 13941)
Read LP format model from file E:\codes\ExactEBRP\results\gf_cplex_equivalent_gurobi_replica_round28\runs\stage3__moderate_seed3302__c3_replica__300s\external\models\R.0.0.1.0.0.1.1.0.1.lp
Reading time = 0.02 seconds
obj: 11903 rows, 3374 columns, 67328 nonzeros
Set parameter TimeLimit to value 223.3465837
Warning: unknown variable 'r_max' in bounds section (line 13940)
Warning: unknown variable 'r_min' in bounds section (line 13941)
Read LP format model from file E:\codes\ExactEBRP\results\gf_cplex_equivalent_gurobi_replica_round28\runs\stage3__moderate_seed3302__c3_replica__300s\external\models\R.0.0.1.1.0.0.0.1.lp
Reading time = 0.02 seconds
obj: 11903 rows, 3374 columns, 67328 nonzeros
Set parameter TimeLimit to value 223.023112
Warning: unknown variable 'r_max' in bounds section (line 13940)
Warning: unknown variable 'r_min' in bounds section (line 13941)
Read LP format model from file E:\codes\ExactEBRP\results\gf_cplex_equivalent_gurobi_replica_round28\runs\stage3__moderate_seed3302__c3_replica__300s\external\models\R.0.0.1.1.0.0.0.0.lp
Reading time = 0.02 seconds
obj: 11903 rows, 3374 columns, 67328 nonzeros
Set parameter TimeLimit to value 222.595937
Warning: unknown variable 'r_max' in bounds section (line 13940)
Warning: unknown variable 'r_min' in bounds section (line 13941)
Read LP format model from file E:\codes\ExactEBRP\results\gf_cplex_equivalent_gurobi_replica_round28\runs\stage3__moderate_seed3302__c3_replica__300s\external\models\R.0.0.1.0.1.0.0.0.1.lp
Reading time = 0.02 seconds
obj: 11903 rows, 3374 columns, 67328 nonzeros
Set parameter TimeLimit to value 222.2114684
Warning: unknown variable 'r_max' in bounds section (line 13940)
Warning: unknown variable 'r_min' in bounds section (line 13941)
Read LP format model from file E:\codes\ExactEBRP\results\gf_cplex_equivalent_gurobi_replica_round28\runs\stage3__moderate_seed3302__c3_replica__300s\external\models\R.0.0.1.0.1.0.0.0.0.lp
Reading time = 0.02 seconds
obj: 11903 rows, 3374 columns, 67328 nonzeros
Set parameter TimeLimit to value 221.85835
Warning: unknown variable 'r_max' in bounds section (line 13940)
Warning: unknown variable 'r_min' in bounds section (line 13941)
Read LP format model from file E:\codes\ExactEBRP\results\gf_cplex_equivalent_gurobi_replica_round28\runs\stage3__moderate_seed3302__c3_replica__300s\external\models\R.0.0.0.1.1.1.1.0.lp
Reading time = 0.02 seconds
obj: 11903 rows, 3374 columns, 67328 nonzeros
Set parameter TimeLimit to value 221.4930125
Warning: unknown variable 'r_max' in bounds section (line 13940)
Warning: unknown variable 'r_min' in bounds section (line 13941)
Read LP format model from file E:\codes\ExactEBRP\results\gf_cplex_equivalent_gurobi_replica_round28\runs\stage3__moderate_seed3302__c3_replica__300s\external\models\R.0.0.0.1.1.1.1.1.lp
Reading time = 0.02 seconds
obj: 11903 rows, 3374 columns, 67328 nonzeros
Set parameter TimeLimit to value 221.1341785
Warning: unknown variable 'r_max' in bounds section (line 13940)
Warning: unknown variable 'r_min' in bounds section (line 13941)
Read LP format model from file E:\codes\ExactEBRP\results\gf_cplex_equivalent_gurobi_replica_round28\runs\stage3__moderate_seed3302__c3_replica__300s\external\models\R.0.0.1.0.0.1.0.1.1.lp
Reading time = 0.02 seconds
obj: 11903 rows, 3374 columns, 67328 nonzeros
Set parameter TimeLimit to value 220.8029062
Warning: unknown variable 'r_max' in bounds section (line 13940)
Warning: unknown variable 'r_min' in bounds section (line 13941)
Read LP format model from file E:\codes\ExactEBRP\results\gf_cplex_equivalent_gurobi_replica_round28\runs\stage3__moderate_seed3302__c3_replica__300s\external\models\R.0.0.1.0.0.1.0.1.0.lp
Reading time = 0.02 seconds
obj: 11903 rows, 3374 columns, 67328 nonzeros
Set parameter TimeLimit to value 220.4654759
Warning: unknown variable 'r_max' in bounds section (line 13940)
Warning: unknown variable 'r_min' in bounds section (line 13941)
Read LP format model from file E:\codes\ExactEBRP\results\gf_cplex_equivalent_gurobi_replica_round28\runs\stage3__moderate_seed3302__c3_replica__300s\external\models\R.0.0.1.0.1.0.0.1.0.lp
Reading time = 0.02 seconds
obj: 11903 rows, 3374 columns, 67328 nonzeros
Set parameter TimeLimit to value 220.0547327
Warning: unknown variable 'r_max' in bounds section (line 13940)
Warning: unknown variable 'r_min' in bounds section (line 13941)
Read LP format model from file E:\codes\ExactEBRP\results\gf_cplex_equivalent_gurobi_replica_round28\runs\stage3__moderate_seed3302__c3_replica__300s\external\models\R.0.0.1.0.1.0.0.1.1.lp
Reading time = 0.02 seconds
obj: 11903 rows, 3374 columns, 67328 nonzeros
Set parameter TimeLimit to value 2.1968427559999998e+02
Warning: unknown variable 'r_max' in bounds section (line 13940)
Warning: unknown variable 'r_min' in bounds section (line 13941)
Read LP format model from file E:\codes\ExactEBRP\results\gf_cplex_equivalent_gurobi_replica_round28\runs\stage3__moderate_seed3302__c3_replica__300s\external\models\R.0.0.1.0.1.0.1.0.1.lp
Reading time = 0.02 seconds
obj: 11903 rows, 3374 columns, 67328 nonzeros
Set parameter TimeLimit to value 2.1930515649999998e+02
Warning: unknown variable 'r_max' in bounds section (line 13940)
Warning: unknown variable 'r_min' in bounds section (line 13941)
Read LP format model from file E:\codes\ExactEBRP\results\gf_cplex_equivalent_gurobi_replica_round28\runs\stage3__moderate_seed3302__c3_replica__300s\external\models\R.0.0.1.0.1.0.1.0.0.lp
Reading time = 0.02 seconds
obj: 11903 rows, 3374 columns, 67328 nonzeros
Set parameter TimeLimit to value 218.8733714
Warning: unknown variable 'r_max' in bounds section (line 13940)
Warning: unknown variable 'r_min' in bounds section (line 13941)
Read LP format model from file E:\codes\ExactEBRP\results\gf_cplex_equivalent_gurobi_replica_round28\runs\stage3__moderate_seed3302__c3_replica__300s\external\models\R.0.0.1.0.0.1.0.0.0.lp
Reading time = 0.02 seconds
obj: 11903 rows, 3374 columns, 67328 nonzeros
Set parameter TimeLimit to value 218.4753812
Warning: unknown variable 'r_max' in bounds section (line 13940)
Warning: unknown variable 'r_min' in bounds section (line 13941)
Read LP format model from file E:\codes\ExactEBRP\results\gf_cplex_equivalent_gurobi_replica_round28\runs\stage3__moderate_seed3302__c3_replica__300s\external\models\R.0.0.1.0.0.1.0.0.1.lp
Reading time = 0.02 seconds
obj: 11903 rows, 3374 columns, 67328 nonzeros
Set parameter TimeLimit to value 218.1377556
Warning: unknown variable 'r_max' in bounds section (line 13940)
Warning: unknown variable 'r_min' in bounds section (line 13941)
Read LP format model from file E:\codes\ExactEBRP\results\gf_cplex_equivalent_gurobi_replica_round28\runs\stage3__moderate_seed3302__c3_replica__300s\external\models\R.0.0.1.0.0.1.1.1.0.0.lp
Reading time = 0.02 seconds
obj: 11903 rows, 3374 columns, 67328 nonzeros
Set parameter TimeLimit to value 217.829814
Warning: unknown variable 'r_max' in bounds section (line 13940)
Warning: unknown variable 'r_min' in bounds section (line 13941)
Read LP format model from file E:\codes\ExactEBRP\results\gf_cplex_equivalent_gurobi_replica_round28\runs\stage3__moderate_seed3302__c3_replica__300s\external\models\R.0.0.1.0.0.1.1.1.0.0.lp
Reading time = 0.02 seconds
obj: 11903 rows, 3374 columns, 67328 nonzeros
Set parameter TimeLimit to value 217.6441669
Warning: unknown variable 'r_max' in bounds section (line 13940)
Warning: unknown variable 'r_min' in bounds section (line 13941)
Read LP format model from file E:\codes\ExactEBRP\results\gf_cplex_equivalent_gurobi_replica_round28\runs\stage3__moderate_seed3302__c3_replica__300s\external\models\R.0.0.1.0.0.1.1.1.0.1.lp
Reading time = 0.02 seconds
obj: 11903 rows, 3374 columns, 67328 nonzeros
Set parameter TimeLimit to value 207.828395
Warning: unknown variable 'r_max' in bounds section (line 13940)
Warning: unknown variable 'r_min' in bounds section (line 13941)
Read LP format model from file E:\codes\ExactEBRP\results\gf_cplex_equivalent_gurobi_replica_round28\runs\stage3__moderate_seed3302__c3_replica__300s\external\models\R.0.0.1.0.0.1.1.1.0.1.lp
Reading time = 0.02 seconds
obj: 11903 rows, 3374 columns, 67328 nonzeros
Set parameter TimeLimit to value 2.0759092379999998e+02
Warning: unknown variable 'r_max' in bounds section (line 13940)
Warning: unknown variable 'r_min' in bounds section (line 13941)
Read LP format model from file E:\codes\ExactEBRP\results\gf_cplex_equivalent_gurobi_replica_round28\runs\stage3__moderate_seed3302__c3_replica__300s\external\models\R.0.0.1.0.1.0.1.1.0.lp
Reading time = 0.02 seconds
obj: 11903 rows, 3374 columns, 67328 nonzeros
Set parameter TimeLimit to value 199.2561472
Warning: unknown variable 'r_max' in bounds section (line 13940)
Warning: unknown variable 'r_min' in bounds section (line 13941)
Read LP format model from file E:\codes\ExactEBRP\results\gf_cplex_equivalent_gurobi_replica_round28\runs\stage3__moderate_seed3302__c3_replica__300s\external\models\R.0.0.1.0.1.0.1.1.1.lp
Reading time = 0.02 seconds
obj: 11903 rows, 3374 columns, 67328 nonzeros
Set parameter TimeLimit to value 198.8173337
Warning: unknown variable 'r_max' in bounds section (line 13940)
Warning: unknown variable 'r_min' in bounds section (line 13941)
Read LP format model from file E:\codes\ExactEBRP\results\gf_cplex_equivalent_gurobi_replica_round28\runs\stage3__moderate_seed3302__c3_replica__300s\external\models\R.0.0.0.1.1.1.0.1.lp
Reading time = 0.02 seconds
obj: 11903 rows, 3374 columns, 67328 nonzeros
Set parameter TimeLimit to value 198.4150052
Warning: unknown variable 'r_max' in bounds section (line 13940)
Warning: unknown variable 'r_min' in bounds section (line 13941)
Read LP format model from file E:\codes\ExactEBRP\results\gf_cplex_equivalent_gurobi_replica_round28\runs\stage3__moderate_seed3302__c3_replica__300s\external\models\R.0.0.0.1.1.1.0.0.lp
Reading time = 0.02 seconds
obj: 11903 rows, 3374 columns, 67328 nonzeros
Set parameter TimeLimit to value 198.073733
Warning: unknown variable 'r_max' in bounds section (line 13940)
Warning: unknown variable 'r_min' in bounds section (line 13941)
Read LP format model from file E:\codes\ExactEBRP\results\gf_cplex_equivalent_gurobi_replica_round28\runs\stage3__moderate_seed3302__c3_replica__300s\external\models\R.0.0.1.1.0.0.1.0.lp
Reading time = 0.02 seconds
obj: 11903 rows, 3374 columns, 67328 nonzeros
Set parameter TimeLimit to value 197.7433591
Warning: unknown variable 'r_max' in bounds section (line 13940)
Warning: unknown variable 'r_min' in bounds section (line 13941)
Read LP format model from file E:\codes\ExactEBRP\results\gf_cplex_equivalent_gurobi_replica_round28\runs\stage3__moderate_seed3302__c3_replica__300s\external\models\R.0.0.1.1.0.0.1.1.lp
Reading time = 0.02 seconds
obj: 11903 rows, 3374 columns, 67328 nonzeros
Set parameter TimeLimit to value 197.2481885
Warning: unknown variable 'r_max' in bounds section (line 13940)
Warning: unknown variable 'r_min' in bounds section (line 13941)
Read LP format model from file E:\codes\ExactEBRP\results\gf_cplex_equivalent_gurobi_replica_round28\runs\stage3__moderate_seed3302__c3_replica__300s\external\models\R.0.0.1.0.0.1.1.1.1.0.lp
Reading time = 0.02 seconds
obj: 11903 rows, 3374 columns, 67328 nonzeros
Set parameter TimeLimit to value 196.6444517
Warning: unknown variable 'r_max' in bounds section (line 13940)
Warning: unknown variable 'r_min' in bounds section (line 13941)
Read LP format model from file E:\codes\ExactEBRP\results\gf_cplex_equivalent_gurobi_replica_round28\runs\stage3__moderate_seed3302__c3_replica__300s\external\models\R.0.0.1.0.0.1.1.1.1.0.lp
Reading time = 0.02 seconds
obj: 11903 rows, 3374 columns, 67328 nonzeros
Set parameter TimeLimit to value 196.3865635
Warning: unknown variable 'r_max' in bounds section (line 13940)
Warning: unknown variable 'r_min' in bounds section (line 13941)
Read LP format model from file E:\codes\ExactEBRP\results\gf_cplex_equivalent_gurobi_replica_round28\runs\stage3__moderate_seed3302__c3_replica__300s\external\models\R.0.0.1.0.0.1.1.1.1.1.lp
Reading time = 0.02 seconds
obj: 11903 rows, 3374 columns, 67328 nonzeros
Set parameter TimeLimit to value 189.5237671
Warning: unknown variable 'r_max' in bounds section (line 13940)
Warning: unknown variable 'r_min' in bounds section (line 13941)
Read LP format model from file E:\codes\ExactEBRP\results\gf_cplex_equivalent_gurobi_replica_round28\runs\stage3__moderate_seed3302__c3_replica__300s\external\models\R.0.0.1.0.0.1.1.1.1.1.lp
Reading time = 0.02 seconds
obj: 11903 rows, 3374 columns, 67328 nonzeros
Set parameter TimeLimit to value 189.299566
Warning: unknown variable 'r_max' in bounds section (line 13940)
Warning: unknown variable 'r_min' in bounds section (line 13941)
Read LP format model from file E:\codes\ExactEBRP\results\gf_cplex_equivalent_gurobi_replica_round28\runs\stage3__moderate_seed3302__c3_replica__300s\external\models\R.0.0.1.0.0.0.1.1.0.lp
Reading time = 0.02 seconds
obj: 11903 rows, 3374 columns, 67328 nonzeros
Set parameter TimeLimit to value 181.3793761
Warning: unknown variable 'r_max' in bounds section (line 13940)
Warning: unknown variable 'r_min' in bounds section (line 13941)
Read LP format model from file E:\codes\ExactEBRP\results\gf_cplex_equivalent_gurobi_replica_round28\runs\stage3__moderate_seed3302__c3_replica__300s\external\models\R.0.0.1.0.0.0.1.1.1.lp
Reading time = 0.02 seconds
obj: 11903 rows, 3374 columns, 67328 nonzeros
Set parameter TimeLimit to value 181.0467413
Warning: unknown variable 'r_max' in bounds section (line 13940)
Warning: unknown variable 'r_min' in bounds section (line 13941)
Read LP format model from file E:\codes\ExactEBRP\results\gf_cplex_equivalent_gurobi_replica_round28\runs\stage3__moderate_seed3302__c3_replica__300s\external\models\R.0.0.1.0.0.1.1.0.1.1.lp
Reading time = 0.02 seconds
obj: 11903 rows, 3374 columns, 67328 nonzeros
Set parameter TimeLimit to value 180.710244
Warning: unknown variable 'r_max' in bounds section (line 13940)
Warning: unknown variable 'r_min' in bounds section (line 13941)
Read LP format model from file E:\codes\ExactEBRP\results\gf_cplex_equivalent_gurobi_replica_round28\runs\stage3__moderate_seed3302__c3_replica__300s\external\models\R.0.0.1.0.0.1.1.0.1.1.lp
Reading time = 0.02 seconds
obj: 11903 rows, 3374 columns, 67328 nonzeros
Set parameter TimeLimit to value 180.4892285
Warning: unknown variable 'r_max' in bounds section (line 13940)
Warning: unknown variable 'r_min' in bounds section (line 13941)
Read LP format model from file E:\codes\ExactEBRP\results\gf_cplex_equivalent_gurobi_replica_round28\runs\stage3__moderate_seed3302__c3_replica__300s\external\models\R.0.0.1.0.0.1.1.0.1.0.lp
Reading time = 0.02 seconds
obj: 11903 rows, 3374 columns, 67328 nonzeros
Set parameter TimeLimit to value 1.7204023469999998e+02
Warning: unknown variable 'r_max' in bounds section (line 13940)
Warning: unknown variable 'r_min' in bounds section (line 13941)
Read LP format model from file E:\codes\ExactEBRP\results\gf_cplex_equivalent_gurobi_replica_round28\runs\stage3__moderate_seed3302__c3_replica__300s\external\models\R.0.0.1.0.0.1.1.0.1.0.lp
Reading time = 0.02 seconds
obj: 11903 rows, 3374 columns, 67328 nonzeros
Set parameter TimeLimit to value 171.8531798
Warning: unknown variable 'r_max' in bounds section (line 13940)
Warning: unknown variable 'r_min' in bounds section (line 13941)
Read LP format model from file E:\codes\ExactEBRP\results\gf_cplex_equivalent_gurobi_replica_round28\runs\stage3__moderate_seed3302__c3_replica__300s\external\models\R.0.0.1.0.1.1.0.0.0.lp
Reading time = 0.02 seconds
obj: 11903 rows, 3374 columns, 67328 nonzeros
Set parameter TimeLimit to value 165.3422228
Warning: unknown variable 'r_max' in bounds section (line 13940)
Warning: unknown variable 'r_min' in bounds section (line 13941)
Read LP format model from file E:\codes\ExactEBRP\results\gf_cplex_equivalent_gurobi_replica_round28\runs\stage3__moderate_seed3302__c3_replica__300s\external\models\R.0.0.1.0.1.1.0.0.1.lp
Reading time = 0.02 seconds
obj: 11903 rows, 3374 columns, 67328 nonzeros
Set parameter TimeLimit to value 1.6500563569999997e+02
Warning: unknown variable 'r_max' in bounds section (line 13940)
Warning: unknown variable 'r_min' in bounds section (line 13941)
Read LP format model from file E:\codes\ExactEBRP\results\gf_cplex_equivalent_gurobi_replica_round28\runs\stage3__moderate_seed3302__c3_replica__300s\external\models\R.0.0.1.0.1.0.0.0.0.1.lp
Reading time = 0.02 seconds
obj: 11903 rows, 3374 columns, 67328 nonzeros
Set parameter TimeLimit to value 164.6060342
Warning: unknown variable 'r_max' in bounds section (line 13940)
Warning: unknown variable 'r_min' in bounds section (line 13941)
Read LP format model from file E:\codes\ExactEBRP\results\gf_cplex_equivalent_gurobi_replica_round28\runs\stage3__moderate_seed3302__c3_replica__300s\external\models\R.0.0.1.0.1.0.0.0.0.1.lp
Reading time = 0.02 seconds
obj: 11903 rows, 3374 columns, 67328 nonzeros
Set parameter TimeLimit to value 164.3815148
Warning: unknown variable 'r_max' in bounds section (line 13940)
Warning: unknown variable 'r_min' in bounds section (line 13941)
Read LP format model from file E:\codes\ExactEBRP\results\gf_cplex_equivalent_gurobi_replica_round28\runs\stage3__moderate_seed3302__c3_replica__300s\external\models\R.0.0.1.0.1.0.0.0.0.0.lp
Reading time = 0.02 seconds
obj: 11903 rows, 3374 columns, 67328 nonzeros
Set parameter TimeLimit to value 152.6059307
Warning: unknown variable 'r_max' in bounds section (line 13940)
Warning: unknown variable 'r_min' in bounds section (line 13941)
Read LP format model from file E:\codes\ExactEBRP\results\gf_cplex_equivalent_gurobi_replica_round28\runs\stage3__moderate_seed3302__c3_replica__300s\external\models\R.0.0.1.0.1.0.0.0.0.0.lp
Reading time = 0.02 seconds
obj: 11903 rows, 3374 columns, 67328 nonzeros
Set parameter TimeLimit to value 1.5239873889999998e+02
Warning: unknown variable 'r_max' in bounds section (line 13940)
Warning: unknown variable 'r_min' in bounds section (line 13941)
Read LP format model from file E:\codes\ExactEBRP\results\gf_cplex_equivalent_gurobi_replica_round28\runs\stage3__moderate_seed3302__c3_replica__300s\external\models\R.0.0.1.0.0.1.1.0.0.0.lp
Reading time = 0.02 seconds
obj: 11903 rows, 3374 columns, 67328 nonzeros
Set parameter TimeLimit to value 141.6358272
Warning: unknown variable 'r_max' in bounds section (line 13940)
Warning: unknown variable 'r_min' in bounds section (line 13941)
Read LP format model from file E:\codes\ExactEBRP\results\gf_cplex_equivalent_gurobi_replica_round28\runs\stage3__moderate_seed3302__c3_replica__300s\external\models\R.0.0.1.0.0.1.1.0.0.0.lp
Reading time = 0.02 seconds
obj: 11903 rows, 3374 columns, 67328 nonzeros
Set parameter TimeLimit to value 1.4142236979999998e+02
Warning: unknown variable 'r_max' in bounds section (line 13940)
Warning: unknown variable 'r_min' in bounds section (line 13941)
Read LP format model from file E:\codes\ExactEBRP\results\gf_cplex_equivalent_gurobi_replica_round28\runs\stage3__moderate_seed3302__c3_replica__300s\external\models\R.0.0.1.0.0.1.1.0.0.1.lp
Reading time = 0.02 seconds
obj: 11903 rows, 3374 columns, 67328 nonzeros
Set parameter TimeLimit to value 133.7995809
Warning: unknown variable 'r_max' in bounds section (line 13940)
Warning: unknown variable 'r_min' in bounds section (line 13941)
Read LP format model from file E:\codes\ExactEBRP\results\gf_cplex_equivalent_gurobi_replica_round28\runs\stage3__moderate_seed3302__c3_replica__300s\external\models\R.0.0.1.0.0.1.1.0.0.1.lp
Reading time = 0.02 seconds
obj: 11903 rows, 3374 columns, 67328 nonzeros
Set parameter TimeLimit to value 1.3355423889999997e+02
Warning: unknown variable 'r_max' in bounds section (line 13940)
Warning: unknown variable 'r_min' in bounds section (line 13941)
Read LP format model from file E:\codes\ExactEBRP\results\gf_cplex_equivalent_gurobi_replica_round28\runs\stage3__moderate_seed3302__c3_replica__300s\external\models\R.0.0.1.0.1.0.0.0.1.0.lp
Reading time = 0.02 seconds
obj: 11903 rows, 3374 columns, 67328 nonzeros
Set parameter TimeLimit to value 1.2766052269999999e+02
Warning: unknown variable 'r_max' in bounds section (line 13940)
Warning: unknown variable 'r_min' in bounds section (line 13941)
Read LP format model from file E:\codes\ExactEBRP\results\gf_cplex_equivalent_gurobi_replica_round28\runs\stage3__moderate_seed3302__c3_replica__300s\external\models\R.0.0.1.0.1.0.0.0.1.0.lp
Reading time = 0.02 seconds
obj: 11903 rows, 3374 columns, 67328 nonzeros
Set parameter TimeLimit to value 1.2742661729999999e+02
Warning: unknown variable 'r_max' in bounds section (line 13940)
Warning: unknown variable 'r_min' in bounds section (line 13941)
Read LP format model from file E:\codes\ExactEBRP\results\gf_cplex_equivalent_gurobi_replica_round28\runs\stage3__moderate_seed3302__c3_replica__300s\external\models\R.0.0.1.0.1.0.0.0.1.1.lp
Reading time = 0.02 seconds
obj: 11903 rows, 3374 columns, 67328 nonzeros
Set parameter TimeLimit to value 1.1530861539999998e+02
Warning: unknown variable 'r_max' in bounds section (line 13940)
Warning: unknown variable 'r_min' in bounds section (line 13941)
Read LP format model from file E:\codes\ExactEBRP\results\gf_cplex_equivalent_gurobi_replica_round28\runs\stage3__moderate_seed3302__c3_replica__300s\external\models\R.0.0.1.0.1.0.0.0.1.1.lp
Reading time = 0.02 seconds
obj: 11903 rows, 3374 columns, 67328 nonzeros
Set parameter TimeLimit to value 1.1504605219999999e+02
Warning: unknown variable 'r_max' in bounds section (line 13940)
Warning: unknown variable 'r_min' in bounds section (line 13941)
Read LP format model from file E:\codes\ExactEBRP\results\gf_cplex_equivalent_gurobi_replica_round28\runs\stage3__moderate_seed3302__c3_replica__300s\external\models\R.0.0.1.0.1.1.0.1.1.lp
Reading time = 0.02 seconds
obj: 11903 rows, 3374 columns, 67328 nonzeros
Set parameter TimeLimit to value 98.3249332
Warning: unknown variable 'r_max' in bounds section (line 13940)
Warning: unknown variable 'r_min' in bounds section (line 13941)
Read LP format model from file E:\codes\ExactEBRP\results\gf_cplex_equivalent_gurobi_replica_round28\runs\stage3__moderate_seed3302__c3_replica__300s\external\models\R.0.0.1.0.1.1.0.1.0.lp
Reading time = 0.02 seconds
obj: 11903 rows, 3374 columns, 67328 nonzeros
Set parameter TimeLimit to value 97.9096289
Warning: unknown variable 'r_max' in bounds section (line 13940)
Warning: unknown variable 'r_min' in bounds section (line 13941)
Read LP format model from file E:\codes\ExactEBRP\results\gf_cplex_equivalent_gurobi_replica_round28\runs\stage3__moderate_seed3302__c3_replica__300s\external\models\R.0.0.1.0.1.0.0.1.0.0.lp
Reading time = 0.02 seconds
obj: 11903 rows, 3374 columns, 67328 nonzeros
Set parameter TimeLimit to value 97.5233117
Warning: unknown variable 'r_max' in bounds section (line 13940)
Warning: unknown variable 'r_min' in bounds section (line 13941)
Read LP format model from file E:\codes\ExactEBRP\results\gf_cplex_equivalent_gurobi_replica_round28\runs\stage3__moderate_seed3302__c3_replica__300s\external\models\R.0.0.1.0.1.0.0.1.0.0.lp
Reading time = 0.02 seconds
obj: 11903 rows, 3374 columns, 67328 nonzeros
Set parameter TimeLimit to value 97.2772703
Warning: unknown variable 'r_max' in bounds section (line 13940)
Warning: unknown variable 'r_min' in bounds section (line 13941)
Read LP format model from file E:\codes\ExactEBRP\results\gf_cplex_equivalent_gurobi_replica_round28\runs\stage3__moderate_seed3302__c3_replica__300s\external\models\R.0.0.1.0.1.0.0.1.0.1.lp
Reading time = 0.02 seconds
obj: 11903 rows, 3374 columns, 67328 nonzeros
Set parameter TimeLimit to value 78.0984067
Warning: unknown variable 'r_max' in bounds section (line 13940)
Warning: unknown variable 'r_min' in bounds section (line 13941)
Read LP format model from file E:\codes\ExactEBRP\results\gf_cplex_equivalent_gurobi_replica_round28\runs\stage3__moderate_seed3302__c3_replica__300s\external\models\R.0.0.1.0.1.0.0.1.0.1.lp
Reading time = 0.02 seconds
obj: 11903 rows, 3374 columns, 67328 nonzeros
Set parameter TimeLimit to value 7.7862282599999986e+01
Warning: unknown variable 'r_max' in bounds section (line 13940)
Warning: unknown variable 'r_min' in bounds section (line 13941)
Read LP format model from file E:\codes\ExactEBRP\results\gf_cplex_equivalent_gurobi_replica_round28\runs\stage3__moderate_seed3302__c3_replica__300s\external\models\R.0.0.1.0.0.0.1.0.1.lp
Reading time = 0.02 seconds
obj: 11903 rows, 3374 columns, 67328 nonzeros
Set parameter TimeLimit to value 5.0995516699999996e+01
Warning: unknown variable 'r_max' in bounds section (line 13940)
Warning: unknown variable 'r_min' in bounds section (line 13941)
Read LP format model from file E:\codes\ExactEBRP\results\gf_cplex_equivalent_gurobi_replica_round28\runs\stage3__moderate_seed3302__c3_replica__300s\external\models\R.0.0.1.0.0.0.1.0.0.lp
Reading time = 0.02 seconds
obj: 11903 rows, 3374 columns, 67328 nonzeros
Set parameter TimeLimit to value 50.6673548
Warning: unknown variable 'r_max' in bounds section (line 13940)
Warning: unknown variable 'r_min' in bounds section (line 13941)
Read LP format model from file E:\codes\ExactEBRP\results\gf_cplex_equivalent_gurobi_replica_round28\runs\stage3__moderate_seed3302__c3_replica__300s\external\models\R.0.0.1.0.0.1.0.1.1.0.lp
Reading time = 0.02 seconds
obj: 11903 rows, 3374 columns, 67328 nonzeros
Set parameter TimeLimit to value 5.0360781299999985e+01
Warning: unknown variable 'r_max' in bounds section (line 13940)
Warning: unknown variable 'r_min' in bounds section (line 13941)
Read LP format model from file E:\codes\ExactEBRP\results\gf_cplex_equivalent_gurobi_replica_round28\runs\stage3__moderate_seed3302__c3_replica__300s\external\models\R.0.0.1.0.0.1.0.1.1.0.lp
Reading time = 0.02 seconds
obj: 11903 rows, 3374 columns, 67328 nonzeros
Set parameter TimeLimit to value 50.1579376
Warning: unknown variable 'r_max' in bounds section (line 13940)
Warning: unknown variable 'r_min' in bounds section (line 13941)
Read LP format model from file E:\codes\ExactEBRP\results\gf_cplex_equivalent_gurobi_replica_round28\runs\stage3__moderate_seed3302__c3_replica__300s\external\models\R.0.0.1.0.0.1.0.1.1.1.lp
Reading time = 0.02 seconds
obj: 11903 rows, 3374 columns, 67328 nonzeros
Set parameter TimeLimit to value 4.4438109099999991e+01
Warning: unknown variable 'r_max' in bounds section (line 13940)
Warning: unknown variable 'r_min' in bounds section (line 13941)
Read LP format model from file E:\codes\ExactEBRP\results\gf_cplex_equivalent_gurobi_replica_round28\runs\stage3__moderate_seed3302__c3_replica__300s\external\models\R.0.0.1.0.0.1.0.1.1.1.lp
Reading time = 0.02 seconds
obj: 11903 rows, 3374 columns, 67328 nonzeros
Set parameter TimeLimit to value 44.2267851
Warning: unknown variable 'r_max' in bounds section (line 13940)
Warning: unknown variable 'r_min' in bounds section (line 13941)
Read LP format model from file E:\codes\ExactEBRP\results\gf_cplex_equivalent_gurobi_replica_round28\runs\stage3__moderate_seed3302__c3_replica__300s\external\models\R.0.0.0.1.1.0.1.0.lp
Reading time = 0.02 seconds
obj: 11903 rows, 3374 columns, 67328 nonzeros
Set parameter TimeLimit to value 3.8928707599999996e+01
Warning: unknown variable 'r_max' in bounds section (line 13940)
Warning: unknown variable 'r_min' in bounds section (line 13941)
Read LP format model from file E:\codes\ExactEBRP\results\gf_cplex_equivalent_gurobi_replica_round28\runs\stage3__moderate_seed3302__c3_replica__300s\external\models\R.0.0.0.1.1.0.1.1.lp
Reading time = 0.02 seconds
obj: 11903 rows, 3374 columns, 67328 nonzeros
Set parameter TimeLimit to value 38.5878821
Warning: unknown variable 'r_max' in bounds section (line 13940)
Warning: unknown variable 'r_min' in bounds section (line 13941)
Read LP format model from file E:\codes\ExactEBRP\results\gf_cplex_equivalent_gurobi_replica_round28\runs\stage3__moderate_seed3302__c3_replica__300s\external\models\R.0.0.1.0.1.0.0.1.1.0.lp
Reading time = 0.02 seconds
obj: 11903 rows, 3374 columns, 67328 nonzeros
Set parameter TimeLimit to value 3.8246442699999989e+01
Warning: unknown variable 'r_max' in bounds section (line 13940)
Warning: unknown variable 'r_min' in bounds section (line 13941)
Read LP format model from file E:\codes\ExactEBRP\results\gf_cplex_equivalent_gurobi_replica_round28\runs\stage3__moderate_seed3302__c3_replica__300s\external\models\R.0.0.1.0.1.0.0.1.1.0.lp
Reading time = 0.02 seconds
obj: 11903 rows, 3374 columns, 67328 nonzeros
Set parameter TimeLimit to value 3.8073424199999977e+01
Warning: unknown variable 'r_max' in bounds section (line 13940)
Warning: unknown variable 'r_min' in bounds section (line 13941)
Read LP format model from file E:\codes\ExactEBRP\results\gf_cplex_equivalent_gurobi_replica_round28\runs\stage3__moderate_seed3302__c3_replica__300s\external\models\R.0.0.1.0.1.0.0.1.1.1.lp
Reading time = 0.02 seconds
obj: 11903 rows, 3374 columns, 67328 nonzeros
Set parameter TimeLimit to value 1.2211662399999994e+01
Warning: unknown variable 'r_max' in bounds section (line 13940)
Warning: unknown variable 'r_min' in bounds section (line 13941)
Read LP format model from file E:\codes\ExactEBRP\results\gf_cplex_equivalent_gurobi_replica_round28\runs\stage3__moderate_seed3302__c3_replica__300s\external\models\R.0.0.1.0.1.0.0.1.1.1.lp
Reading time = 0.02 seconds
obj: 11903 rows, 3374 columns, 67328 nonzeros
Set parameter TimeLimit to value 1.2005332299999992e+01
