
Gurobi 13.0.2 (win64) logging started Thu Jul 23 05:48:22 2026

Set parameter LogFile to value "E:\codes\ExactEBRP\results\gf_cplex_equivalent_gurobi_replica_round28\runs\stage2__high_imbalance_seed4201__c3_replica__300s\native.log"
Set parameter Threads to value 1
Set parameter Presolve to value -1
Set parameter Seed to value 0
Set parameter MIPGap to value 0
Set parameter MIPGapAbs to value 0
Warning: unknown variable 'r_max' in bounds section (line 13939)
Warning: unknown variable 'r_min' in bounds section (line 13940)
Read LP format model from file E:\codes\ExactEBRP\results\gf_cplex_equivalent_gurobi_replica_round28\runs\stage2__high_imbalance_seed4201__c3_replica__300s\external\models\R.lp
Reading time = 0.02 seconds
obj: 11902 rows, 3374 columns, 66721 nonzeros
Set parameter TimeLimit to value 260.707577
Warning: unknown variable 'r_max' in bounds section (line 13939)
Warning: unknown variable 'r_min' in bounds section (line 13940)
Read LP format model from file E:\codes\ExactEBRP\results\gf_cplex_equivalent_gurobi_replica_round28\runs\stage2__high_imbalance_seed4201__c3_replica__300s\external\models\R.0.lp
Reading time = 0.02 seconds
obj: 11902 rows, 3374 columns, 67101 nonzeros
Set parameter TimeLimit to value 260.3118501
Warning: unknown variable 'r_max' in bounds section (line 13939)
Warning: unknown variable 'r_min' in bounds section (line 13940)
Read LP format model from file E:\codes\ExactEBRP\results\gf_cplex_equivalent_gurobi_replica_round28\runs\stage2__high_imbalance_seed4201__c3_replica__300s\external\models\R.1.lp
Reading time = 0.02 seconds
obj: 11902 rows, 3374 columns, 66961 nonzeros
Set parameter TimeLimit to value 259.8829565
Warning: unknown variable 'r_max' in bounds section (line 13939)
Warning: unknown variable 'r_min' in bounds section (line 13940)
Read LP format model from file E:\codes\ExactEBRP\results\gf_cplex_equivalent_gurobi_replica_round28\runs\stage2__high_imbalance_seed4201__c3_replica__300s\external\models\R.0.0.lp
Reading time = 0.02 seconds
obj: 11902 rows, 3374 columns, 67101 nonzeros
Set parameter TimeLimit to value 259.4848694
Warning: unknown variable 'r_max' in bounds section (line 13939)
Warning: unknown variable 'r_min' in bounds section (line 13940)
Read LP format model from file E:\codes\ExactEBRP\results\gf_cplex_equivalent_gurobi_replica_round28\runs\stage2__high_imbalance_seed4201__c3_replica__300s\external\models\R.0.1.lp
Reading time = 0.02 seconds
obj: 11902 rows, 3374 columns, 67341 nonzeros
Set parameter TimeLimit to value 259.2788226
Warning: unknown variable 'r_max' in bounds section (line 13939)
Warning: unknown variable 'r_min' in bounds section (line 13940)
Read LP format model from file E:\codes\ExactEBRP\results\gf_cplex_equivalent_gurobi_replica_round28\runs\stage2__high_imbalance_seed4201__c3_replica__300s\external\models\R.0.1.0.lp
Reading time = 0.02 seconds
obj: 11902 rows, 3374 columns, 67341 nonzeros
Set parameter TimeLimit to value 258.8121324
Warning: unknown variable 'r_max' in bounds section (line 13939)
Warning: unknown variable 'r_min' in bounds section (line 13940)
Read LP format model from file E:\codes\ExactEBRP\results\gf_cplex_equivalent_gurobi_replica_round28\runs\stage2__high_imbalance_seed4201__c3_replica__300s\external\models\R.0.1.1.lp
Reading time = 0.02 seconds
obj: 11902 rows, 3374 columns, 67341 nonzeros
Set parameter TimeLimit to value 258.5932094
Warning: unknown variable 'r_max' in bounds section (line 13939)
Warning: unknown variable 'r_min' in bounds section (line 13940)
Read LP format model from file E:\codes\ExactEBRP\results\gf_cplex_equivalent_gurobi_replica_round28\runs\stage2__high_imbalance_seed4201__c3_replica__300s\external\models\R.1.0.lp
Reading time = 0.02 seconds
obj: 11902 rows, 3374 columns, 67341 nonzeros
Set parameter TimeLimit to value 258.1338518
Warning: unknown variable 'r_max' in bounds section (line 13939)
Warning: unknown variable 'r_min' in bounds section (line 13940)
Read LP format model from file E:\codes\ExactEBRP\results\gf_cplex_equivalent_gurobi_replica_round28\runs\stage2__high_imbalance_seed4201__c3_replica__300s\external\models\R.1.1.lp
Reading time = 0.02 seconds
obj: 11902 rows, 3374 columns, 66961 nonzeros
Set parameter TimeLimit to value 257.7556094
Warning: unknown variable 'r_max' in bounds section (line 13939)
Warning: unknown variable 'r_min' in bounds section (line 13940)
Read LP format model from file E:\codes\ExactEBRP\results\gf_cplex_equivalent_gurobi_replica_round28\runs\stage2__high_imbalance_seed4201__c3_replica__300s\external\models\R.1.0.1.lp
Reading time = 0.02 seconds
obj: 11902 rows, 3374 columns, 67341 nonzeros
Set parameter TimeLimit to value 257.5133936
Warning: unknown variable 'r_max' in bounds section (line 13939)
Warning: unknown variable 'r_min' in bounds section (line 13940)
Read LP format model from file E:\codes\ExactEBRP\results\gf_cplex_equivalent_gurobi_replica_round28\runs\stage2__high_imbalance_seed4201__c3_replica__300s\external\models\R.1.0.0.lp
Reading time = 0.02 seconds
obj: 11902 rows, 3374 columns, 67341 nonzeros
Set parameter TimeLimit to value 257.1408339
Warning: unknown variable 'r_max' in bounds section (line 13939)
Warning: unknown variable 'r_min' in bounds section (line 13940)
Read LP format model from file E:\codes\ExactEBRP\results\gf_cplex_equivalent_gurobi_replica_round28\runs\stage2__high_imbalance_seed4201__c3_replica__300s\external\models\R.1.0.0.1.lp
Reading time = 0.02 seconds
obj: 11902 rows, 3374 columns, 67341 nonzeros
Set parameter TimeLimit to value 256.7109645
Warning: unknown variable 'r_max' in bounds section (line 13939)
Warning: unknown variable 'r_min' in bounds section (line 13940)
Read LP format model from file E:\codes\ExactEBRP\results\gf_cplex_equivalent_gurobi_replica_round28\runs\stage2__high_imbalance_seed4201__c3_replica__300s\external\models\R.1.0.0.0.lp
Reading time = 0.02 seconds
obj: 11902 rows, 3374 columns, 67341 nonzeros
Set parameter TimeLimit to value 256.3694625
Warning: unknown variable 'r_max' in bounds section (line 13939)
Warning: unknown variable 'r_min' in bounds section (line 13940)
Read LP format model from file E:\codes\ExactEBRP\results\gf_cplex_equivalent_gurobi_replica_round28\runs\stage2__high_imbalance_seed4201__c3_replica__300s\external\models\R.1.0.0.0.0.lp
Reading time = 0.02 seconds
obj: 11902 rows, 3374 columns, 67341 nonzeros
Set parameter TimeLimit to value 255.955953
Warning: unknown variable 'r_max' in bounds section (line 13939)
Warning: unknown variable 'r_min' in bounds section (line 13940)
Read LP format model from file E:\codes\ExactEBRP\results\gf_cplex_equivalent_gurobi_replica_round28\runs\stage2__high_imbalance_seed4201__c3_replica__300s\external\models\R.1.0.0.0.1.lp
Reading time = 0.02 seconds
obj: 11902 rows, 3374 columns, 67341 nonzeros
Set parameter TimeLimit to value 255.5524728
Warning: unknown variable 'r_max' in bounds section (line 13939)
Warning: unknown variable 'r_min' in bounds section (line 13940)
Read LP format model from file E:\codes\ExactEBRP\results\gf_cplex_equivalent_gurobi_replica_round28\runs\stage2__high_imbalance_seed4201__c3_replica__300s\external\models\R.1.0.0.0.0.0.lp
Reading time = 0.02 seconds
obj: 11902 rows, 3374 columns, 67341 nonzeros
Set parameter TimeLimit to value 255.1630662
Warning: unknown variable 'r_max' in bounds section (line 13939)
Warning: unknown variable 'r_min' in bounds section (line 13940)
Read LP format model from file E:\codes\ExactEBRP\results\gf_cplex_equivalent_gurobi_replica_round28\runs\stage2__high_imbalance_seed4201__c3_replica__300s\external\models\R.1.0.0.0.0.1.lp
Reading time = 0.02 seconds
obj: 11902 rows, 3374 columns, 67341 nonzeros
Set parameter TimeLimit to value 254.7203417
Warning: unknown variable 'r_max' in bounds section (line 13939)
Warning: unknown variable 'r_min' in bounds section (line 13940)
Read LP format model from file E:\codes\ExactEBRP\results\gf_cplex_equivalent_gurobi_replica_round28\runs\stage2__high_imbalance_seed4201__c3_replica__300s\external\models\R.1.0.0.0.0.1.0.lp
Reading time = 0.02 seconds
obj: 11902 rows, 3374 columns, 67341 nonzeros
Set parameter TimeLimit to value 254.278704
Warning: unknown variable 'r_max' in bounds section (line 13939)
Warning: unknown variable 'r_min' in bounds section (line 13940)
Read LP format model from file E:\codes\ExactEBRP\results\gf_cplex_equivalent_gurobi_replica_round28\runs\stage2__high_imbalance_seed4201__c3_replica__300s\external\models\R.1.0.0.0.0.1.1.lp
Reading time = 0.02 seconds
obj: 11902 rows, 3374 columns, 67341 nonzeros
Set parameter TimeLimit to value 253.865003
Warning: unknown variable 'r_max' in bounds section (line 13939)
Warning: unknown variable 'r_min' in bounds section (line 13940)
Read LP format model from file E:\codes\ExactEBRP\results\gf_cplex_equivalent_gurobi_replica_round28\runs\stage2__high_imbalance_seed4201__c3_replica__300s\external\models\R.1.0.0.0.1.0.lp
Reading time = 0.02 seconds
obj: 11902 rows, 3374 columns, 67341 nonzeros
Set parameter TimeLimit to value 253.4514182
Warning: unknown variable 'r_max' in bounds section (line 13939)
Warning: unknown variable 'r_min' in bounds section (line 13940)
Read LP format model from file E:\codes\ExactEBRP\results\gf_cplex_equivalent_gurobi_replica_round28\runs\stage2__high_imbalance_seed4201__c3_replica__300s\external\models\R.1.0.0.0.1.1.lp
Reading time = 0.02 seconds
obj: 11902 rows, 3374 columns, 67341 nonzeros
Set parameter TimeLimit to value 252.9805635
Warning: unknown variable 'r_max' in bounds section (line 13939)
Warning: unknown variable 'r_min' in bounds section (line 13940)
Read LP format model from file E:\codes\ExactEBRP\results\gf_cplex_equivalent_gurobi_replica_round28\runs\stage2__high_imbalance_seed4201__c3_replica__300s\external\models\R.1.0.0.0.1.0.0.lp
Reading time = 0.02 seconds
obj: 11902 rows, 3374 columns, 67341 nonzeros
Set parameter TimeLimit to value 252.5985082
Warning: unknown variable 'r_max' in bounds section (line 13939)
Warning: unknown variable 'r_min' in bounds section (line 13940)
Read LP format model from file E:\codes\ExactEBRP\results\gf_cplex_equivalent_gurobi_replica_round28\runs\stage2__high_imbalance_seed4201__c3_replica__300s\external\models\R.1.0.0.0.1.0.1.lp
Reading time = 0.02 seconds
obj: 11902 rows, 3374 columns, 67341 nonzeros
Set parameter TimeLimit to value 252.1604557
Warning: unknown variable 'r_max' in bounds section (line 13939)
Warning: unknown variable 'r_min' in bounds section (line 13940)
Read LP format model from file E:\codes\ExactEBRP\results\gf_cplex_equivalent_gurobi_replica_round28\runs\stage2__high_imbalance_seed4201__c3_replica__300s\external\models\R.1.0.0.0.0.1.1.1.lp
Reading time = 0.02 seconds
obj: 11902 rows, 3374 columns, 67341 nonzeros
Set parameter TimeLimit to value 251.7490014
Warning: unknown variable 'r_max' in bounds section (line 13939)
Warning: unknown variable 'r_min' in bounds section (line 13940)
Read LP format model from file E:\codes\ExactEBRP\results\gf_cplex_equivalent_gurobi_replica_round28\runs\stage2__high_imbalance_seed4201__c3_replica__300s\external\models\R.1.0.0.0.0.1.1.0.lp
Reading time = 0.02 seconds
obj: 11902 rows, 3374 columns, 67341 nonzeros
Set parameter TimeLimit to value 251.3533373
Warning: unknown variable 'r_max' in bounds section (line 13939)
Warning: unknown variable 'r_min' in bounds section (line 13940)
Read LP format model from file E:\codes\ExactEBRP\results\gf_cplex_equivalent_gurobi_replica_round28\runs\stage2__high_imbalance_seed4201__c3_replica__300s\external\models\R.1.0.0.0.1.0.0.0.lp
Reading time = 0.02 seconds
obj: 11902 rows, 3374 columns, 67341 nonzeros
Set parameter TimeLimit to value 250.94189
Warning: unknown variable 'r_max' in bounds section (line 13939)
Warning: unknown variable 'r_min' in bounds section (line 13940)
Read LP format model from file E:\codes\ExactEBRP\results\gf_cplex_equivalent_gurobi_replica_round28\runs\stage2__high_imbalance_seed4201__c3_replica__300s\external\models\R.1.0.0.0.1.0.0.1.lp
Reading time = 0.02 seconds
obj: 11902 rows, 3374 columns, 67341 nonzeros
Set parameter TimeLimit to value 250.5147867
Warning: unknown variable 'r_max' in bounds section (line 13939)
Warning: unknown variable 'r_min' in bounds section (line 13940)
Read LP format model from file E:\codes\ExactEBRP\results\gf_cplex_equivalent_gurobi_replica_round28\runs\stage2__high_imbalance_seed4201__c3_replica__300s\external\models\R.1.0.0.0.0.1.0.1.lp
Reading time = 0.02 seconds
obj: 11902 rows, 3374 columns, 67341 nonzeros
Set parameter TimeLimit to value 250.0799086
Warning: unknown variable 'r_max' in bounds section (line 13939)
Warning: unknown variable 'r_min' in bounds section (line 13940)
Read LP format model from file E:\codes\ExactEBRP\results\gf_cplex_equivalent_gurobi_replica_round28\runs\stage2__high_imbalance_seed4201__c3_replica__300s\external\models\R.1.0.0.0.0.1.0.0.lp
Reading time = 0.02 seconds
obj: 11902 rows, 3374 columns, 67341 nonzeros
Set parameter TimeLimit to value 249.6636418
Warning: unknown variable 'r_max' in bounds section (line 13939)
Warning: unknown variable 'r_min' in bounds section (line 13940)
Read LP format model from file E:\codes\ExactEBRP\results\gf_cplex_equivalent_gurobi_replica_round28\runs\stage2__high_imbalance_seed4201__c3_replica__300s\external\models\R.1.0.0.0.0.0.1.lp
Reading time = 0.02 seconds
obj: 11902 rows, 3374 columns, 67341 nonzeros
Set parameter TimeLimit to value 249.2364964
Warning: unknown variable 'r_max' in bounds section (line 13939)
Warning: unknown variable 'r_min' in bounds section (line 13940)
Read LP format model from file E:\codes\ExactEBRP\results\gf_cplex_equivalent_gurobi_replica_round28\runs\stage2__high_imbalance_seed4201__c3_replica__300s\external\models\R.1.0.0.0.0.0.0.lp
Reading time = 0.02 seconds
obj: 11902 rows, 3374 columns, 67341 nonzeros
Set parameter TimeLimit to value 248.7865466
Warning: unknown variable 'r_max' in bounds section (line 13939)
Warning: unknown variable 'r_min' in bounds section (line 13940)
Read LP format model from file E:\codes\ExactEBRP\results\gf_cplex_equivalent_gurobi_replica_round28\runs\stage2__high_imbalance_seed4201__c3_replica__300s\external\models\R.1.0.0.0.0.1.1.1.0.lp
Reading time = 0.02 seconds
obj: 11902 rows, 3374 columns, 67341 nonzeros
Set parameter TimeLimit to value 248.3631235
Warning: unknown variable 'r_max' in bounds section (line 13939)
Warning: unknown variable 'r_min' in bounds section (line 13940)
Read LP format model from file E:\codes\ExactEBRP\results\gf_cplex_equivalent_gurobi_replica_round28\runs\stage2__high_imbalance_seed4201__c3_replica__300s\external\models\R.1.0.0.0.0.1.1.1.1.lp
Reading time = 0.02 seconds
obj: 11902 rows, 3374 columns, 67341 nonzeros
Set parameter TimeLimit to value 247.960636
Warning: unknown variable 'r_max' in bounds section (line 13939)
Warning: unknown variable 'r_min' in bounds section (line 13940)
Read LP format model from file E:\codes\ExactEBRP\results\gf_cplex_equivalent_gurobi_replica_round28\runs\stage2__high_imbalance_seed4201__c3_replica__300s\external\models\R.1.0.0.0.1.0.0.0.0.lp
Reading time = 0.02 seconds
obj: 11902 rows, 3374 columns, 67341 nonzeros
Set parameter TimeLimit to value 247.5438791
Warning: unknown variable 'r_max' in bounds section (line 13939)
Warning: unknown variable 'r_min' in bounds section (line 13940)
Read LP format model from file E:\codes\ExactEBRP\results\gf_cplex_equivalent_gurobi_replica_round28\runs\stage2__high_imbalance_seed4201__c3_replica__300s\external\models\R.1.0.0.0.1.0.0.0.1.lp
Reading time = 0.02 seconds
obj: 11902 rows, 3374 columns, 67341 nonzeros
Set parameter TimeLimit to value 247.1384474
Warning: unknown variable 'r_max' in bounds section (line 13939)
Warning: unknown variable 'r_min' in bounds section (line 13940)
Read LP format model from file E:\codes\ExactEBRP\results\gf_cplex_equivalent_gurobi_replica_round28\runs\stage2__high_imbalance_seed4201__c3_replica__300s\external\models\R.1.0.0.0.0.1.1.0.0.lp
Reading time = 0.02 seconds
obj: 11902 rows, 3374 columns, 67341 nonzeros
Set parameter TimeLimit to value 246.7183543
Warning: unknown variable 'r_max' in bounds section (line 13939)
Warning: unknown variable 'r_min' in bounds section (line 13940)
Read LP format model from file E:\codes\ExactEBRP\results\gf_cplex_equivalent_gurobi_replica_round28\runs\stage2__high_imbalance_seed4201__c3_replica__300s\external\models\R.1.0.0.0.0.1.1.0.1.lp
Reading time = 0.02 seconds
obj: 11902 rows, 3374 columns, 67341 nonzeros
Set parameter TimeLimit to value 246.3047979
Warning: unknown variable 'r_max' in bounds section (line 13939)
Warning: unknown variable 'r_min' in bounds section (line 13940)
Read LP format model from file E:\codes\ExactEBRP\results\gf_cplex_equivalent_gurobi_replica_round28\runs\stage2__high_imbalance_seed4201__c3_replica__300s\external\models\R.1.0.0.0.1.0.1.1.lp
Reading time = 0.02 seconds
obj: 11902 rows, 3374 columns, 67341 nonzeros
Set parameter TimeLimit to value 245.8893642
Warning: unknown variable 'r_max' in bounds section (line 13939)
Warning: unknown variable 'r_min' in bounds section (line 13940)
Read LP format model from file E:\codes\ExactEBRP\results\gf_cplex_equivalent_gurobi_replica_round28\runs\stage2__high_imbalance_seed4201__c3_replica__300s\external\models\R.1.0.0.0.1.0.1.0.lp
Reading time = 0.02 seconds
obj: 11902 rows, 3374 columns, 67341 nonzeros
Set parameter TimeLimit to value 245.489216
Warning: unknown variable 'r_max' in bounds section (line 13939)
Warning: unknown variable 'r_min' in bounds section (line 13940)
Read LP format model from file E:\codes\ExactEBRP\results\gf_cplex_equivalent_gurobi_replica_round28\runs\stage2__high_imbalance_seed4201__c3_replica__300s\external\models\R.1.0.0.0.1.0.0.1.1.lp
Reading time = 0.02 seconds
obj: 11902 rows, 3374 columns, 67341 nonzeros
Set parameter TimeLimit to value 245.062794
Warning: unknown variable 'r_max' in bounds section (line 13939)
Warning: unknown variable 'r_min' in bounds section (line 13940)
Read LP format model from file E:\codes\ExactEBRP\results\gf_cplex_equivalent_gurobi_replica_round28\runs\stage2__high_imbalance_seed4201__c3_replica__300s\external\models\R.1.0.0.0.1.0.0.1.0.lp
Reading time = 0.02 seconds
obj: 11902 rows, 3374 columns, 67341 nonzeros
Set parameter TimeLimit to value 244.6400224
Warning: unknown variable 'r_max' in bounds section (line 13939)
Warning: unknown variable 'r_min' in bounds section (line 13940)
Read LP format model from file E:\codes\ExactEBRP\results\gf_cplex_equivalent_gurobi_replica_round28\runs\stage2__high_imbalance_seed4201__c3_replica__300s\external\models\R.1.0.0.0.0.1.1.1.1.0.lp
Reading time = 0.02 seconds
obj: 11902 rows, 3374 columns, 67341 nonzeros
Set parameter TimeLimit to value 244.246628
Warning: unknown variable 'r_max' in bounds section (line 13939)
Warning: unknown variable 'r_min' in bounds section (line 13940)
Read LP format model from file E:\codes\ExactEBRP\results\gf_cplex_equivalent_gurobi_replica_round28\runs\stage2__high_imbalance_seed4201__c3_replica__300s\external\models\R.1.0.0.0.0.1.1.1.1.0.lp
Reading time = 0.02 seconds
obj: 11902 rows, 3374 columns, 67341 nonzeros
Set parameter TimeLimit to value 243.9731119
Warning: unknown variable 'r_max' in bounds section (line 13939)
Warning: unknown variable 'r_min' in bounds section (line 13940)
Read LP format model from file E:\codes\ExactEBRP\results\gf_cplex_equivalent_gurobi_replica_round28\runs\stage2__high_imbalance_seed4201__c3_replica__300s\external\models\R.1.0.0.0.0.1.1.1.1.1.lp
Reading time = 0.02 seconds
obj: 11902 rows, 3374 columns, 67341 nonzeros
Set parameter TimeLimit to value 4.0085404600000004e+01
Warning: unknown variable 'r_max' in bounds section (line 13939)
Warning: unknown variable 'r_min' in bounds section (line 13940)
Read LP format model from file E:\codes\ExactEBRP\results\gf_cplex_equivalent_gurobi_replica_round28\runs\stage2__high_imbalance_seed4201__c3_replica__300s\external\models\R.1.0.0.0.0.1.1.1.1.1.lp
Reading time = 0.02 seconds
obj: 11902 rows, 3374 columns, 67341 nonzeros
Set parameter TimeLimit to value 3.9795352699999995e+01
Warning: unknown variable 'r_max' in bounds section (line 13939)
Warning: unknown variable 'r_min' in bounds section (line 13940)
Read LP format model from file E:\codes\ExactEBRP\results\gf_cplex_equivalent_gurobi_replica_round28\runs\stage2__high_imbalance_seed4201__c3_replica__300s\external\models\R.1.0.0.0.1.0.0.0.0.1.lp
Reading time = 0.02 seconds
obj: 11902 rows, 3374 columns, 67341 nonzeros
Set parameter TimeLimit to value 4.1591740000000073e+00
Warning: unknown variable 'r_max' in bounds section (line 13939)
Warning: unknown variable 'r_min' in bounds section (line 13940)
Read LP format model from file E:\codes\ExactEBRP\results\gf_cplex_equivalent_gurobi_replica_round28\runs\stage2__high_imbalance_seed4201__c3_replica__300s\external\models\R.1.0.0.0.1.0.0.0.0.1.lp
Reading time = 0.02 seconds
obj: 11902 rows, 3374 columns, 67341 nonzeros
Set parameter TimeLimit to value 3.8886476999999786e+00
