
Gurobi 13.0.2 (win64) logging started Thu Jul 23 15:21:40 2026

Set parameter LogFile to value "E:\codes\ExactEBRP\results\gf_gurobi_performance_recovery_round29\runs\stage2__high_imbalance_seed5202__p_grb__300s\native.log"
Set parameter Threads to value 1
Set parameter Presolve to value -1
Set parameter Seed to value 0
Set parameter MIPGap to value 0
Set parameter MIPGapAbs to value 0
Set parameter TimeLimit to value 300
Read LP format model from file E:\codes\ExactEBRP\results\gf_gurobi_performance_recovery_round29\runs\stage2__high_imbalance_seed5202__p_grb__300s\canonical.lp
Reading time = 0.01 seconds
obj: 5072 rows, 2117 columns, 23361 nonzeros
Set parameter TimeLimit to value 294.9399497
Gurobi Optimizer version 13.0.2 build v13.0.2rc1 (win64 - Windows 10.0 (19045.2))

CPU model: 12th Gen Intel(R) Core(TM) i7-12700KF, instruction set [SSE2|AVX|AVX2]
Thread count: 12 physical cores, 20 logical processors, using up to 1 threads

Non-default parameters:
TimeLimit  294.9399497
MIPGap  0
MIPGapAbs  0
LogToConsole  0
Threads  1

Optimize a model with 5072 rows, 2117 columns and 23361 nonzeros (Min)
Model fingerprint: 0xb3a6de99
Model has 21 linear objective coefficients
Variable types: 424 continuous, 1693 integer (1493 binary)
Coefficient statistics:
  Matrix range     [2e-02, 6e+02]
  Objective range  [2e-02, 1e+00]
  Bounds range     [1e+00, 5e+01]
  RHS range        [1e+00, 4e+03]

Presolve removed 158 rows and 36 columns
Presolve time: 0.07s
Presolved: 4914 rows, 2081 columns, 39686 nonzeros
Variable types: 204 continuous, 1877 integer (1501 binary)
Found heuristic solution: objective 3.2635070

Root relaxation: objective 7.725809e-01, 1277 iterations, 0.04 seconds (0.10 work units)

    Nodes    |    Current Node    |     Objective Bounds      |     Work
 Expl Unexpl |  Obj  Depth IntInf | Incumbent    BestBd   Gap | It/Node Time

     0     0    0.77258    0  317    3.26351    0.77258  76.3%     -    0s
     0     0    0.86812    0  441    3.26351    0.86812  73.4%     -    0s
H    0     0                       1.8490800    0.86812  53.1%     -    0s
H    0     0                       1.8454966    0.86812  53.0%     -    0s
H    0     0                       1.8448279    0.86812  52.9%     -    0s
     0     0    0.87172    0  437    1.84483    0.87172  52.7%     -    0s
     0     0    0.88314    0  515    1.84483    0.88314  52.1%     -    0s
H    0     0                       1.8343437    0.88314  51.9%     -    0s
     0     0    0.88598    0  491    1.83434    0.88598  51.7%     -    0s
     0     0    0.88955    0  544    1.83434    0.88955  51.5%     -    0s
H    0     0                       1.5639625    0.88955  43.1%     -    0s
     0     0    0.88993    0  547    1.56396    0.88993  43.1%     -    0s
     0     0    0.89136    0  547    1.56396    0.89136  43.0%     -    1s
H    0     0                       1.5036357    0.89136  40.7%     -    1s
H    0     0                       1.5023152    0.89136  40.7%     -    1s
H    0     0                       1.5018751    0.89136  40.7%     -    1s
H    0     0                       1.3953260    0.89136  36.1%     -    1s
     0     0    0.89182    0  549    1.39533    0.89182  36.1%     -    1s
     0     0    0.89240    0  562    1.39533    0.89240  36.0%     -    1s
     0     0    0.89261    0  563    1.39533    0.89261  36.0%     -    1s
     0     0    0.89291    0  559    1.39533    0.89291  36.0%     -    1s
     0     0    0.89291    0  553    1.39533    0.89291  36.0%     -    1s
     0     0    0.89291    0  546    1.39533    0.89291  36.0%     -    1s
H    0     0                       1.3946476    0.89291  36.0%     -    1s
H    0     0                       1.3911678    0.89291  35.8%     -    1s
H    0     0                       1.3898897    0.89291  35.8%     -    1s
H    0     0                       1.3735245    0.89291  35.0%     -    1s
H    0     0                       1.3657926    0.89291  34.6%     -    1s
H    0     0                       1.3648411    0.89291  34.6%     -    1s
H    0     0                       1.3252781    0.89291  32.6%     -    1s
H    0     0                       1.3252020    0.89291  32.6%     -    1s
H    0     0                       1.3248742    0.89291  32.6%     -    1s
H    0     0                       1.3245458    0.89291  32.6%     -    1s
     0     2    0.89291    0  545    1.32455    0.89291  32.6%     -    1s
H    7     7                       1.3011650    0.89624  31.1%   324    2s
H    7     7                       1.2687386    0.89624  29.4%   324    2s
H    7     7                       1.2682245    0.89624  29.3%   324    2s
H   11    11                       1.2535905    0.89624  28.5%   385    2s
H  191   170                       1.2462679    0.89797  27.9%   104    5s
H  191   170                       1.2393216    0.89797  27.5%   104    5s
   550   492    0.97235   16  555    1.23932    0.90235  27.2%  74.5   10s
H  558   471                       1.2382291    0.90477  26.9%  73.5   13s
   563   474    0.94900    4  589    1.23823    0.90483  26.9%  72.8   15s
   622   512    0.99433   39  408    1.23823    0.90688  26.8%   110   20s
H  683   509                       1.2342677    0.90688  26.5%   109   22s
H  683   487                       1.2274648    0.90688  26.1%   109   22s
   744   524    1.03456   44  397    1.22746    0.90688  26.1%   118   25s
H  809   531                       1.2245945    0.90688  25.9%   119   26s
H  855   509                       1.2241377    0.90688  25.9%   115   27s
H  855   490                       1.2197427    0.90688  25.7%   115   27s
H  855   471                       1.2195247    0.90688  25.6%   115   27s
H  855   453                       1.2129418    0.90688  25.2%   115   27s
H  855   437                       1.2127737    0.90688  25.2%   115   27s
H  855   421                       1.2125007    0.90688  25.2%   115   27s
H  855   405                       1.2094003    0.90688  25.0%   115   27s
H  855   391                       1.2090250    0.90688  25.0%   115   27s
   942   433    0.91423   15  486    1.20902    0.90915  24.8%   121   30s
  1120   523    0.96158   38  381    1.20902    0.91085  24.7%   132   35s
  1417   689    1.08925   63  379    1.20902    0.91111  24.6%   133   40s
  1643   841    0.97502   45  384    1.20902    0.91312  24.5%   138   45s
H 1736   913                       1.2089710    0.91312  24.5%   139   47s
  1817   978    1.01389   40  400    1.20897    0.91326  24.5%   139   50s
  2106  1220    1.03493   58  363    1.20897    0.91370  24.4%   133   55s
  2457  1511    0.98824   33  392    1.20897    0.91514  24.3%   125   60s
H 2581  1611                       1.2011212    0.91564  23.8%   125   63s
H 2581  1606                       1.1920579    0.91564  23.2%   125   63s
H 2582  1607                       1.1920381    0.91564  23.2%   126   63s
H 2582  1607                       1.1920108    0.91564  23.2%   126   63s
  2665  1668    0.92824   20  463    1.19201    0.91564  23.2%   124   65s
  2958  1898    0.91913   16  463    1.19201    0.91584  23.2%   121   70s
  3216  2095    0.92060   21  499    1.19201    0.91634  23.1%   120   75s
  3548  2316    0.97223   19  478    1.19201    0.91704  23.1%   118   80s
  3816  2521    0.96215   26  422    1.19201    0.91781  23.0%   117   85s
  3941  2615    1.01211   40  379    1.19201    0.91784  23.0%   118   90s
  4170  2783    0.93584   21  465    1.19201    0.91843  23.0%   118   95s
  4439  2970    1.13522   48  351    1.19201    0.91892  22.9%   117  100s
  4744  3193    1.12100   69  333    1.19201    0.91935  22.9%   117  105s
  4976  3363    0.95642   21  435    1.19201    0.92000  22.8%   116  110s
  5307  3622    0.94933   23  434    1.19201    0.92012  22.8%   116  115s
  5703  3919    0.92325   22  506    1.19201    0.92064  22.8%   113  120s
  5922  4072    0.95438   25  427    1.19201    0.92104  22.7%   113  125s
  6236  4284    0.92892   23  482    1.19201    0.92131  22.7%   113  130s
  6614  4581    0.95360   23  420    1.19201    0.92156  22.7%   112  135s
  7033  4896    1.03049   44  411    1.19201    0.92211  22.6%   111  140s
  7439  5155    1.00008   29  403    1.19201    0.92249  22.6%   109  145s
  7795  5422    1.05182   49  389    1.19201    0.92267  22.6%   109  150s
  8111  5665    1.00284   37  379    1.19201    0.92296  22.6%   108  155s
  8506  5960    0.92888   20  537    1.19201    0.92362  22.5%   108  160s
  8800  6207    1.05290   56  342    1.19201    0.92425  22.5%   108  165s
  9055  6387    0.92482   17  520    1.19201    0.92442  22.4%   108  170s
  9490  6709    0.94135   28  454    1.19201    0.92459  22.4%   107  175s
  9942  7063    1.03626   46  333    1.19201    0.92509  22.4%   106  180s
 10203  7262    1.00503   37  546    1.19201    0.92522  22.4%   105  201s
 10210  7267    1.06433   76  536    1.19201    0.92522  22.4%   105  205s
 10216  7271    0.97187   34  565    1.19201    0.92522  22.4%   105  210s
 10222  7275    1.15762   75  586    1.19201    0.92522  22.4%   105  215s
 10228  7279    1.02713   51  591    1.19201    0.92522  22.4%   105  220s
 10234  7283    0.98020   24  565    1.19201    0.92522  22.4%   105  225s
 10239  7286    1.14598   75  612    1.19201    0.92522  22.4%   105  230s
 10245  7290    1.17918   53  618    1.19201    0.92522  22.4%   105  235s
 10251  7294    1.00330   35  619    1.19201    0.92522  22.4%   105  240s
 10257  7298    1.06377   55  602    1.19201    0.92522  22.4%   105  245s
 10264  7303    1.00226   31  604    1.19201    0.92522  22.4%   105  250s
 10270  7307    0.96271   28  609    1.19201    0.92522  22.4%   105  255s
 10272  7308    1.14681   94  608    1.19201    0.92522  22.4%   105  260s
 10278  7312    1.07959   64  603    1.19201    0.92522  22.4%   105  265s
 10288  7319    1.01184   35  605    1.19201    0.92522  22.4%   105  270s
 10392  7367    0.92522   29  532    1.19201    0.92522  22.4%   107  275s
 10513  7430    0.99759   37  413    1.19201    0.92522  22.4%   108  280s
 10664  7490    0.96518   44  447    1.19201    0.92522  22.4%   109  285s
 10760  7537    0.97791   45  464    1.19201    0.92522  22.4%   110  290s
H10833  7204                       1.1901519    0.92522  22.3%   110  293s
H10833  6855                       1.1901002    0.92522  22.3%   110  293s
H10833  6524                       1.1865031    0.92522  22.0%   110  293s

Cutting planes:
  Learned: 16
  Gomory: 71
  Cover: 23
  Implied bound: 41
  Projected implied bound: 52
  Clique: 35
  MIR: 210
  StrongCG: 1
  Flow cover: 444
  GUB cover: 4
  Zero half: 22
  RLT: 6
  Relax-and-lift: 31
  BQP: 32

Explored 10850 nodes (1206073 simplex iterations) in 294.94 seconds (576.70 work units)
Thread count was 1 (of 20 available processors)

Solution count 10: 1.1865 1.1901 1.19015 ... 1.2094

Time limit reached
Best objective 1.186503077343e+00, best bound 9.252150909251e-01, gap 22.0217%

User-callback calls 109655, time in user-callback 0.04 sec
