
Gurobi 13.0.2 (win64) logging started Thu Jul 23 14:49:19 2026

Set parameter LogFile to value "E:\codes\ExactEBRP\results\gf_gurobi_performance_recovery_round29\runs\stage2__V12_M2__p_grb__300s\native.log"
Set parameter Threads to value 1
Set parameter Presolve to value -1
Set parameter Seed to value 0
Set parameter MIPGap to value 0
Set parameter MIPGapAbs to value 0
Set parameter TimeLimit to value 300
Read LP format model from file E:\codes\ExactEBRP\results\gf_gurobi_performance_recovery_round29\runs\stage2__V12_M2__p_grb__300s\canonical.lp
Reading time = 0.00 seconds
obj: 1551 rows, 719 columns, 6504 nonzeros
Set parameter TimeLimit to value 294.9734448
Gurobi Optimizer version 13.0.2 build v13.0.2rc1 (win64 - Windows 10.0 (19045.2))

CPU model: 12th Gen Intel(R) Core(TM) i7-12700KF, instruction set [SSE2|AVX|AVX2]
Thread count: 12 physical cores, 20 logical processors, using up to 1 threads

Non-default parameters:
TimeLimit  294.9734448
MIPGap  0
MIPGapAbs  0
LogToConsole  0
Threads  1

Optimize a model with 1551 rows, 719 columns and 6504 nonzeros (Min)
Model fingerprint: 0x22f2653a
Model has 13 linear objective coefficients
Variable types: 201 continuous, 518 integer (434 binary)
Coefficient statistics:
  Matrix range     [2e-02, 6e+02]
  Objective range  [5e-05, 1e+00]
  Bounds range     [1e+00, 9e+01]
  RHS range        [1e+00, 4e+03]

Presolve removed 88 rows and 28 columns
Presolve time: 0.02s
Presolved: 1463 rows, 691 columns, 7888 nonzeros
Variable types: 124 continuous, 567 integer (432 binary)
Found heuristic solution: objective 1.0082232

Root relaxation: objective 3.003901e-01, 741 iterations, 0.01 seconds (0.03 work units)

    Nodes    |    Current Node    |     Objective Bounds      |     Work
 Expl Unexpl |  Obj  Depth IntInf | Incumbent    BestBd   Gap | It/Node Time

     0     0    0.30039    0  171    1.00822    0.30039  70.2%     -    0s
H    0     0                       0.9987676    0.30039  69.9%     -    0s
     0     0    0.34702    0  194    0.99877    0.34702  65.3%     -    0s
H    0     0                       0.9923800    0.34854  64.9%     -    0s
     0     0    0.35865    0  206    0.99238    0.35865  63.9%     -    0s
     0     0    0.36444    0  224    0.99238    0.36444  63.3%     -    0s
     0     0    0.36661    0  222    0.99238    0.36661  63.1%     -    0s
     0     0    0.36989    0  233    0.99238    0.36989  62.7%     -    0s
H    0     0                       0.9866798    0.37063  62.4%     -    0s
     0     0    0.37063    0  230    0.98668    0.37063  62.4%     -    0s
     0     0    0.37158    0  235    0.98668    0.37158  62.3%     -    0s
     0     0    0.37256    0  245    0.98668    0.37256  62.2%     -    0s
     0     0    0.37256    0  244    0.98668    0.37256  62.2%     -    0s
H    0     0                       0.9614044    0.37377  61.1%     -    0s
H    0     0                       0.9608042    0.37377  61.1%     -    0s
     0     0    0.37377    0  247    0.96080    0.37377  61.1%     -    0s
     0     0    0.37555    0  223    0.96080    0.37555  60.9%     -    0s
H    0     0                       0.8934380    0.37572  57.9%     -    0s
H    0     0                       0.8819313    0.37572  57.4%     -    0s
H    0     0                       0.8811088    0.37572  57.4%     -    0s
H    0     0                       0.8754763    0.37572  57.1%     -    0s
H    0     0                       0.8688731    0.37572  56.8%     -    0s
H    0     0                       0.8659721    0.37572  56.6%     -    0s
H    0     0                       0.8651616    0.37572  56.6%     -    0s
H    0     0                       0.8623982    0.37572  56.4%     -    0s
     0     0    0.37603    0  239    0.86240    0.37603  56.4%     -    0s
     0     0    0.38962    0  232    0.86240    0.38962  54.8%     -    0s
     0     0    0.39083    0  238    0.86240    0.39083  54.7%     -    0s
     0     0    0.39281    0  242    0.86240    0.39281  54.5%     -    0s
H    0     0                       0.8606150    0.39291  54.3%     -    0s
H    0     0                       0.8570487    0.39291  54.2%     -    0s
H    0     0                       0.8566029    0.39291  54.1%     -    0s
     0     0    0.39291    0  232    0.85660    0.39291  54.1%     -    0s
     0     0    0.39295    0  241    0.85660    0.39295  54.1%     -    0s
     0     0    0.39343    0  245    0.85660    0.39343  54.1%     -    0s
     0     0    0.39417    0  245    0.85660    0.39417  54.0%     -    0s
     0     0    0.39426    0  245    0.85660    0.39426  54.0%     -    0s
     0     0    0.39427    0  250    0.85660    0.39427  54.0%     -    0s
     0     0    0.39427    0  250    0.85660    0.39427  54.0%     -    0s
     0     0    0.39427    0  231    0.85660    0.39427  54.0%     -    0s
     0     2    0.39427    0  229    0.85660    0.39427  54.0%     -    0s
H   20    20                       0.8189004    0.40489  50.6%   113    0s
H   20    20                       0.8166843    0.40489  50.4%   113    0s
H   20    20                       0.8115135    0.40489  50.1%   113    0s
H   20    20                       0.8058432    0.40489  49.8%   113    0s
H   20    20                       0.8039426    0.40489  49.6%   113    0s
H   20    20                       0.7861444    0.40489  48.5%   113    0s
H  130   103                       0.7811908    0.44821  42.6%  80.2    1s
H  130   103                       0.7766993    0.44821  42.3%  80.2    1s
H  130   103                       0.7744809    0.44821  42.1%  80.2    1s
H  130   103                       0.7738212    0.44821  42.1%  80.2    1s
H  130   103                       0.7726771    0.44821  42.0%  80.2    1s
H  130   102                       0.7706654    0.44821  41.8%  80.2    1s
H  262   218                       0.7703884    0.44964  41.6%  56.1    1s
H  262   218                       0.7702037    0.44964  41.6%  56.1    1s
H  262   218                       0.7532139    0.44964  40.3%  56.1    1s
H  267   207                       0.7392003    0.44964  39.2%  55.3    1s
H  273   197                       0.7346373    0.46309  37.0%  57.0    1s
H  595   407                       0.7323289    0.48871  33.3%  58.2    2s
H  595   405                       0.7311285    0.48871  33.2%  58.2    2s
H  609   415                       0.7295666    0.48909  33.0%  59.1    2s
H  609   403                       0.7268369    0.48909  32.7%  59.1    2s
H  638   402                       0.7249902    0.48909  32.5%  60.5    3s
H  645   388                       0.7218754    0.48909  32.2%  67.5    4s
   647   389    0.70590   15  219    0.72188    0.49429  31.5%  67.3    5s
H  687   396                       0.7210165    0.57692  20.0%  74.5    6s
H  687   377                       0.7206542    0.57692  19.9%  74.5    6s
H  687   359                       0.7203599    0.57692  19.9%  74.5    6s
H  687   342                       0.7202267    0.57692  19.9%  74.5    6s
  1392   505    0.69769   50  203    0.72023    0.64056  11.1%  68.4   10s
  2978  1116    0.71457   59  135    0.72023    0.65917  8.48%  58.6   15s
  4525  1652    0.71633   75   97    0.72023    0.66695  7.40%  56.9   20s
  6284  2250    0.71123   66   98    0.72023    0.67243  6.64%  54.9   25s
  7956  2665    0.70069   45  211    0.72023    0.67735  5.95%  54.3   30s
 10042  3210    0.70195   73  115    0.72023    0.68170  5.35%  52.4   35s
 10671  3318    0.71266   67  115    0.72023    0.68277  5.20%  52.0   40s
 12894  3891    0.70026   49  206    0.72023    0.68579  4.78%  51.1   45s
 15016  4367    0.71982   79  113    0.72023    0.68816  4.45%  50.7   50s
H15363  4450                       0.7194715    0.68846  4.31%  50.5   50s
H15363  4446                       0.7192651    0.68846  4.28%  50.5   50s
H15363  4442                       0.7191825    0.68846  4.27%  50.5   50s
H15366  4440                       0.7191412    0.68846  4.27%  50.5   50s
H15418  4419                       0.7185041    0.68853  4.17%  50.4   51s
 16959  4764     cutoff   70         0.71850    0.69027  3.93%  50.3   55s
 19272  5197    0.70696   51  211    0.71850    0.69284  3.57%  49.9   60s
 21704  5683     cutoff   64         0.71850    0.69482  3.30%  49.0   65s
 24356  6271     cutoff   69         0.71850    0.69647  3.07%  48.0   70s
 27164  6828    0.70663   70  128    0.71850    0.69795  2.86%  46.9   75s
 29910  7345    0.71001   78  105    0.71850    0.69910  2.70%  45.9   80s
 32773  7882     cutoff   65         0.71850    0.70040  2.52%  45.1   85s
 35707  8319     cutoff   66         0.71850    0.70148  2.37%  44.4   90s
 38740  8662    0.71315   72  113    0.71850    0.70241  2.24%  43.8   95s
 41610  8920    0.71155   67  133    0.71850    0.70337  2.11%  43.4  100s
 44532  9074     cutoff   74         0.71850    0.70425  1.98%  43.0  105s
 47530  9172 infeasible   51         0.71850    0.70500  1.88%  42.6  110s
 50399  9165     cutoff   77         0.71850    0.70586  1.76%  42.3  115s
 53410  9078    0.71165   54  166    0.71850    0.70659  1.66%  42.1  120s
 56276  8953    0.71779   73   35    0.71850    0.70728  1.56%  41.9  125s
 59233  8706     cutoff   66         0.71850    0.70798  1.47%  41.7  130s
 62233  8373    0.71176   62  139    0.71850    0.70871  1.36%  41.4  135s
 65392  7828    0.71641   81   62    0.71850    0.70944  1.26%  41.2  140s
 68449  7293    0.71392   77   98    0.71850    0.71011  1.17%  41.0  145s
 71706  6549     cutoff   71         0.71850    0.71086  1.06%  40.7  150s
 74751  5604    0.71741   71  145    0.71850    0.71170  0.95%  40.5  155s
 78056  4415 infeasible   73         0.71850    0.71270  0.81%  40.3  160s
 81548  2763     cutoff   68         0.71850    0.71412  0.61%  40.0  165s

Cutting planes:
  Learned: 41
  Gomory: 13
  Cover: 145
  Implied bound: 297
  Projected implied bound: 39
  Clique: 22
  MIR: 108
  StrongCG: 17
  Flow cover: 173
  GUB cover: 2
  Inf proof: 24
  Zero half: 11
  RLT: 16
  Relax-and-lift: 10
  BQP: 14

Explored 85427 nodes (3353916 simplex iterations) in 169.32 seconds (282.10 work units)
Thread count was 1 (of 20 available processors)

Solution count 10: 0.718504 0.718504 0.719141 ... 0.721016

Optimal solution found (tolerance 0.00e+00)
Best objective 7.185040707550e-01, best bound 7.185040707550e-01, gap 0.0000%

User-callback calls 233969, time in user-callback 0.07 sec
