
Gurobi 13.0.2 (win64) logging started Thu Jul 23 12:19:48 2026

Set parameter LogFile to value "E:\codes\ExactEBRP\results\gf_gurobi_performance_recovery_round29\development\V12_M1__c3_replica__60s\native.log"
Set parameter Threads to value 1
Set parameter Presolve to value -1
Set parameter Seed to value 0
Set parameter MIPGap to value 0
Set parameter MIPGapAbs to value 0
Warning: unknown variable 'r_max' in bounds section (line 6696)
Warning: unknown variable 'r_min' in bounds section (line 6697)
Read LP format model from file E:\codes\ExactEBRP\results\gf_gurobi_performance_recovery_round29\development\V12_M1__c3_replica__60s\external\models\R.lp
Reading time = 0.02 seconds
obj: 6225 rows, 648 columns, 59207 nonzeros
Set parameter TimeLimit to value 42.3289434
Warning: unknown variable 'r_max' in bounds section (line 6696)
Warning: unknown variable 'r_min' in bounds section (line 6697)
Read LP format model from file E:\codes\ExactEBRP\results\gf_gurobi_performance_recovery_round29\development\V12_M1__c3_replica__60s\external\models\R.0.lp
Reading time = 0.01 seconds
obj: 6225 rows, 648 columns, 59207 nonzeros
Set parameter TimeLimit to value 42.1617813
Warning: unknown variable 'r_max' in bounds section (line 6696)
Warning: unknown variable 'r_min' in bounds section (line 6697)
Read LP format model from file E:\codes\ExactEBRP\results\gf_gurobi_performance_recovery_round29\development\V12_M1__c3_replica__60s\external\models\R.1.lp
Reading time = 0.02 seconds
obj: 6225 rows, 648 columns, 59365 nonzeros
Set parameter TimeLimit to value 41.9695166
Warning: unknown variable 'r_max' in bounds section (line 6696)
Warning: unknown variable 'r_min' in bounds section (line 6697)
Read LP format model from file E:\codes\ExactEBRP\results\gf_gurobi_performance_recovery_round29\development\V12_M1__c3_replica__60s\external\models\R.0.0.lp
Reading time = 0.02 seconds
obj: 6225 rows, 648 columns, 59207 nonzeros
Set parameter TimeLimit to value 41.7978953
Warning: unknown variable 'r_max' in bounds section (line 6696)
Warning: unknown variable 'r_min' in bounds section (line 6697)
Read LP format model from file E:\codes\ExactEBRP\results\gf_gurobi_performance_recovery_round29\development\V12_M1__c3_replica__60s\external\models\R.0.1.lp
Reading time = 0.02 seconds
obj: 6225 rows, 648 columns, 59365 nonzeros
Set parameter TimeLimit to value 41.6312197
Warning: unknown variable 'r_max' in bounds section (line 6696)
Warning: unknown variable 'r_min' in bounds section (line 6697)
Read LP format model from file E:\codes\ExactEBRP\results\gf_gurobi_performance_recovery_round29\development\V12_M1__c3_replica__60s\external\models\R.0.1.0.lp
Reading time = 0.02 seconds
obj: 6225 rows, 648 columns, 59365 nonzeros
Set parameter TimeLimit to value 41.4545751
Warning: unknown variable 'r_max' in bounds section (line 6696)
Warning: unknown variable 'r_min' in bounds section (line 6697)
Read LP format model from file E:\codes\ExactEBRP\results\gf_gurobi_performance_recovery_round29\development\V12_M1__c3_replica__60s\external\models\R.0.1.1.lp
Reading time = 0.02 seconds
obj: 6225 rows, 648 columns, 59365 nonzeros
Set parameter TimeLimit to value 41.3008644
Warning: unknown variable 'r_max' in bounds section (line 6696)
Warning: unknown variable 'r_min' in bounds section (line 6697)
Read LP format model from file E:\codes\ExactEBRP\results\gf_gurobi_performance_recovery_round29\development\V12_M1__c3_replica__60s\external\models\R.0.1.1.0.lp
Reading time = 0.02 seconds
obj: 6225 rows, 648 columns, 59365 nonzeros
Set parameter TimeLimit to value 41.1296841
Warning: unknown variable 'r_max' in bounds section (line 6696)
Warning: unknown variable 'r_min' in bounds section (line 6697)
Read LP format model from file E:\codes\ExactEBRP\results\gf_gurobi_performance_recovery_round29\development\V12_M1__c3_replica__60s\external\models\R.0.1.1.1.lp
Reading time = 0.02 seconds
obj: 6225 rows, 648 columns, 59365 nonzeros
Set parameter TimeLimit to value 40.9708728
Warning: unknown variable 'r_max' in bounds section (line 6696)
Warning: unknown variable 'r_min' in bounds section (line 6697)
Read LP format model from file E:\codes\ExactEBRP\results\gf_gurobi_performance_recovery_round29\development\V12_M1__c3_replica__60s\external\models\R.1.0.lp
Reading time = 0.02 seconds
obj: 6225 rows, 648 columns, 59365 nonzeros
Set parameter TimeLimit to value 40.8065418
Warning: unknown variable 'r_max' in bounds section (line 6696)
Warning: unknown variable 'r_min' in bounds section (line 6697)
Read LP format model from file E:\codes\ExactEBRP\results\gf_gurobi_performance_recovery_round29\development\V12_M1__c3_replica__60s\external\models\R.1.0.0.lp
Reading time = 0.02 seconds
obj: 6225 rows, 648 columns, 59365 nonzeros
Set parameter TimeLimit to value 40.6282146
Warning: unknown variable 'r_max' in bounds section (line 6696)
Warning: unknown variable 'r_min' in bounds section (line 6697)
Read LP format model from file E:\codes\ExactEBRP\results\gf_gurobi_performance_recovery_round29\development\V12_M1__c3_replica__60s\external\models\R.1.0.1.lp
Reading time = 0.02 seconds
obj: 6225 rows, 648 columns, 59365 nonzeros
Set parameter TimeLimit to value 40.4509588
Warning: unknown variable 'r_max' in bounds section (line 6696)
Warning: unknown variable 'r_min' in bounds section (line 6697)
Read LP format model from file E:\codes\ExactEBRP\results\gf_gurobi_performance_recovery_round29\development\V12_M1__c3_replica__60s\external\models\R.1.1.lp
Reading time = 0.02 seconds
obj: 6225 rows, 648 columns, 59365 nonzeros
Set parameter TimeLimit to value 40.2761335
Warning: unknown variable 'r_max' in bounds section (line 6696)
Warning: unknown variable 'r_min' in bounds section (line 6697)
Read LP format model from file E:\codes\ExactEBRP\results\gf_gurobi_performance_recovery_round29\development\V12_M1__c3_replica__60s\external\models\R.1.0.0.0.lp
Reading time = 0.01 seconds
obj: 6225 rows, 648 columns, 59365 nonzeros
Set parameter TimeLimit to value 40.1084399
Warning: unknown variable 'r_max' in bounds section (line 6696)
Warning: unknown variable 'r_min' in bounds section (line 6697)
Read LP format model from file E:\codes\ExactEBRP\results\gf_gurobi_performance_recovery_round29\development\V12_M1__c3_replica__60s\external\models\R.1.0.0.1.lp
Reading time = 0.02 seconds
obj: 6225 rows, 648 columns, 59365 nonzeros
Set parameter TimeLimit to value 39.9302094
Warning: unknown variable 'r_max' in bounds section (line 6696)
Warning: unknown variable 'r_min' in bounds section (line 6697)
Read LP format model from file E:\codes\ExactEBRP\results\gf_gurobi_performance_recovery_round29\development\V12_M1__c3_replica__60s\external\models\R.1.0.0.0.0.lp
Reading time = 0.02 seconds
obj: 6225 rows, 648 columns, 59365 nonzeros
Set parameter TimeLimit to value 39.7662292
Warning: unknown variable 'r_max' in bounds section (line 6696)
Warning: unknown variable 'r_min' in bounds section (line 6697)
Read LP format model from file E:\codes\ExactEBRP\results\gf_gurobi_performance_recovery_round29\development\V12_M1__c3_replica__60s\external\models\R.1.0.0.0.1.lp
Reading time = 0.02 seconds
obj: 6225 rows, 648 columns, 59365 nonzeros
Set parameter TimeLimit to value 39.595493
Warning: unknown variable 'r_max' in bounds section (line 6696)
Warning: unknown variable 'r_min' in bounds section (line 6697)
Read LP format model from file E:\codes\ExactEBRP\results\gf_gurobi_performance_recovery_round29\development\V12_M1__c3_replica__60s\external\models\R.1.0.0.0.0.0.lp
Reading time = 0.02 seconds
obj: 6225 rows, 648 columns, 59365 nonzeros
Set parameter TimeLimit to value 39.4290367
Warning: unknown variable 'r_max' in bounds section (line 6696)
Warning: unknown variable 'r_min' in bounds section (line 6697)
Read LP format model from file E:\codes\ExactEBRP\results\gf_gurobi_performance_recovery_round29\development\V12_M1__c3_replica__60s\external\models\R.1.0.0.0.0.1.lp
Reading time = 0.01 seconds
obj: 6225 rows, 648 columns, 59365 nonzeros
Set parameter TimeLimit to value 39.2580577
Warning: unknown variable 'r_max' in bounds section (line 6696)
Warning: unknown variable 'r_min' in bounds section (line 6697)
Read LP format model from file E:\codes\ExactEBRP\results\gf_gurobi_performance_recovery_round29\development\V12_M1__c3_replica__60s\external\models\R.0.1.1.1.0.lp
Reading time = 0.02 seconds
obj: 6225 rows, 648 columns, 59365 nonzeros
Set parameter TimeLimit to value 39.0848009
Warning: unknown variable 'r_max' in bounds section (line 6696)
Warning: unknown variable 'r_min' in bounds section (line 6697)
Read LP format model from file E:\codes\ExactEBRP\results\gf_gurobi_performance_recovery_round29\development\V12_M1__c3_replica__60s\external\models\R.0.1.1.1.1.lp
Reading time = 0.02 seconds
obj: 6225 rows, 648 columns, 59365 nonzeros
Set parameter TimeLimit to value 38.9311962
Warning: unknown variable 'r_max' in bounds section (line 6696)
Warning: unknown variable 'r_min' in bounds section (line 6697)
Read LP format model from file E:\codes\ExactEBRP\results\gf_gurobi_performance_recovery_round29\development\V12_M1__c3_replica__60s\external\models\R.1.0.0.0.0.0.1.lp
Reading time = 0.01 seconds
obj: 6225 rows, 648 columns, 59365 nonzeros
Set parameter TimeLimit to value 38.7610424
Warning: unknown variable 'r_max' in bounds section (line 6696)
Warning: unknown variable 'r_min' in bounds section (line 6697)
Read LP format model from file E:\codes\ExactEBRP\results\gf_gurobi_performance_recovery_round29\development\V12_M1__c3_replica__60s\external\models\R.1.0.0.0.0.0.0.lp
Reading time = 0.02 seconds
obj: 6225 rows, 648 columns, 59365 nonzeros
Set parameter TimeLimit to value 38.5856606
Warning: unknown variable 'r_max' in bounds section (line 6696)
Warning: unknown variable 'r_min' in bounds section (line 6697)
Read LP format model from file E:\codes\ExactEBRP\results\gf_gurobi_performance_recovery_round29\development\V12_M1__c3_replica__60s\external\models\R.1.0.0.0.0.1.0.lp
Reading time = 0.02 seconds
obj: 6225 rows, 648 columns, 59365 nonzeros
Set parameter TimeLimit to value 38.4098038
Warning: unknown variable 'r_max' in bounds section (line 6696)
Warning: unknown variable 'r_min' in bounds section (line 6697)
Read LP format model from file E:\codes\ExactEBRP\results\gf_gurobi_performance_recovery_round29\development\V12_M1__c3_replica__60s\external\models\R.1.0.0.0.0.1.1.lp
Reading time = 0.02 seconds
obj: 6225 rows, 648 columns, 59365 nonzeros
Set parameter TimeLimit to value 38.2403831
Warning: unknown variable 'r_max' in bounds section (line 6696)
Warning: unknown variable 'r_min' in bounds section (line 6697)
Read LP format model from file E:\codes\ExactEBRP\results\gf_gurobi_performance_recovery_round29\development\V12_M1__c3_replica__60s\external\models\R.1.0.0.0.0.0.1.0.lp
Reading time = 0.02 seconds
obj: 6225 rows, 648 columns, 59365 nonzeros
Set parameter TimeLimit to value 38.0702961
Warning: unknown variable 'r_max' in bounds section (line 6696)
Warning: unknown variable 'r_min' in bounds section (line 6697)
Read LP format model from file E:\codes\ExactEBRP\results\gf_gurobi_performance_recovery_round29\development\V12_M1__c3_replica__60s\external\models\R.1.0.0.0.0.0.1.1.lp
Reading time = 0.01 seconds
obj: 6225 rows, 648 columns, 59365 nonzeros
Set parameter TimeLimit to value 37.9025024
Warning: unknown variable 'r_max' in bounds section (line 6696)
Warning: unknown variable 'r_min' in bounds section (line 6697)
Read LP format model from file E:\codes\ExactEBRP\results\gf_gurobi_performance_recovery_round29\development\V12_M1__c3_replica__60s\external\models\R.1.0.0.0.0.1.0.1.lp
Reading time = 0.02 seconds
obj: 6225 rows, 648 columns, 59365 nonzeros
Set parameter TimeLimit to value 37.7311713
Warning: unknown variable 'r_max' in bounds section (line 6696)
Warning: unknown variable 'r_min' in bounds section (line 6697)
Read LP format model from file E:\codes\ExactEBRP\results\gf_gurobi_performance_recovery_round29\development\V12_M1__c3_replica__60s\external\models\R.1.0.0.0.0.1.0.0.lp
Reading time = 0.02 seconds
obj: 6225 rows, 648 columns, 59365 nonzeros
Set parameter TimeLimit to value 3.7555354699999995e+01
Warning: unknown variable 'r_max' in bounds section (line 6696)
Warning: unknown variable 'r_min' in bounds section (line 6697)
Read LP format model from file E:\codes\ExactEBRP\results\gf_gurobi_performance_recovery_round29\development\V12_M1__c3_replica__60s\external\models\R.1.0.0.0.0.0.1.0.0.lp
Reading time = 0.02 seconds
obj: 6225 rows, 648 columns, 59365 nonzeros
Set parameter TimeLimit to value 37.387529
Warning: unknown variable 'r_max' in bounds section (line 6696)
Warning: unknown variable 'r_min' in bounds section (line 6697)
Read LP format model from file E:\codes\ExactEBRP\results\gf_gurobi_performance_recovery_round29\development\V12_M1__c3_replica__60s\external\models\R.1.0.0.0.0.0.1.0.1.lp
Reading time = 0.02 seconds
obj: 6225 rows, 648 columns, 59365 nonzeros
Set parameter TimeLimit to value 3.7215832899999995e+01
Warning: unknown variable 'r_max' in bounds section (line 6696)
Warning: unknown variable 'r_min' in bounds section (line 6697)
Read LP format model from file E:\codes\ExactEBRP\results\gf_gurobi_performance_recovery_round29\development\V12_M1__c3_replica__60s\external\models\R.1.0.0.0.0.0.0.0.lp
Reading time = 0.02 seconds
obj: 6225 rows, 648 columns, 59365 nonzeros
Set parameter TimeLimit to value 37.0466828
Warning: unknown variable 'r_max' in bounds section (line 6696)
Warning: unknown variable 'r_min' in bounds section (line 6697)
Read LP format model from file E:\codes\ExactEBRP\results\gf_gurobi_performance_recovery_round29\development\V12_M1__c3_replica__60s\external\models\R.1.0.0.0.0.0.0.1.lp
Reading time = 0.02 seconds
obj: 6225 rows, 648 columns, 59365 nonzeros
Set parameter TimeLimit to value 3.6875401100000005e+01
Warning: unknown variable 'r_max' in bounds section (line 6696)
Warning: unknown variable 'r_min' in bounds section (line 6697)
Read LP format model from file E:\codes\ExactEBRP\results\gf_gurobi_performance_recovery_round29\development\V12_M1__c3_replica__60s\external\models\R.1.0.0.0.0.0.1.1.1.lp
Reading time = 0.02 seconds
obj: 6225 rows, 648 columns, 59365 nonzeros
Set parameter TimeLimit to value 36.7072607
Warning: unknown variable 'r_max' in bounds section (line 6696)
Warning: unknown variable 'r_min' in bounds section (line 6697)
Read LP format model from file E:\codes\ExactEBRP\results\gf_gurobi_performance_recovery_round29\development\V12_M1__c3_replica__60s\external\models\R.1.0.0.0.0.0.1.1.0.lp
Reading time = 0.02 seconds
obj: 6225 rows, 648 columns, 59365 nonzeros
Set parameter TimeLimit to value 36.5371168
Warning: unknown variable 'r_max' in bounds section (line 6696)
Warning: unknown variable 'r_min' in bounds section (line 6697)
Read LP format model from file E:\codes\ExactEBRP\results\gf_gurobi_performance_recovery_round29\development\V12_M1__c3_replica__60s\external\models\R.1.0.0.0.1.0.lp
Reading time = 0.02 seconds
obj: 6225 rows, 648 columns, 59365 nonzeros
Set parameter TimeLimit to value 36.3692346
Warning: unknown variable 'r_max' in bounds section (line 6696)
Warning: unknown variable 'r_min' in bounds section (line 6697)
Read LP format model from file E:\codes\ExactEBRP\results\gf_gurobi_performance_recovery_round29\development\V12_M1__c3_replica__60s\external\models\R.1.0.0.0.1.1.lp
Reading time = 0.02 seconds
obj: 6225 rows, 648 columns, 59365 nonzeros
Set parameter TimeLimit to value 36.1570222
Warning: unknown variable 'r_max' in bounds section (line 6696)
Warning: unknown variable 'r_min' in bounds section (line 6697)
Read LP format model from file E:\codes\ExactEBRP\results\gf_gurobi_performance_recovery_round29\development\V12_M1__c3_replica__60s\external\models\R.1.0.0.0.0.0.1.0.1.1.lp
Reading time = 0.02 seconds
obj: 6225 rows, 648 columns, 59365 nonzeros
Set parameter TimeLimit to value 35.9828641
Warning: unknown variable 'r_max' in bounds section (line 6696)
Warning: unknown variable 'r_min' in bounds section (line 6697)
Read LP format model from file E:\codes\ExactEBRP\results\gf_gurobi_performance_recovery_round29\development\V12_M1__c3_replica__60s\external\models\R.1.0.0.0.0.0.1.0.1.1.lp
Reading time = 0.02 seconds
obj: 6225 rows, 648 columns, 59365 nonzeros
Set parameter TimeLimit to value 3.5896088500000005e+01
Warning: unknown variable 'r_max' in bounds section (line 6696)
Warning: unknown variable 'r_min' in bounds section (line 6697)
Read LP format model from file E:\codes\ExactEBRP\results\gf_gurobi_performance_recovery_round29\development\V12_M1__c3_replica__60s\external\models\R.1.0.0.0.0.0.1.0.1.0.lp
Reading time = 0.01 seconds
obj: 6225 rows, 648 columns, 59365 nonzeros
Set parameter TimeLimit to value 3.5579699500000004e+01
Warning: unknown variable 'r_max' in bounds section (line 6696)
Warning: unknown variable 'r_min' in bounds section (line 6697)
Read LP format model from file E:\codes\ExactEBRP\results\gf_gurobi_performance_recovery_round29\development\V12_M1__c3_replica__60s\external\models\R.1.0.0.0.0.0.1.0.1.0.lp
Reading time = 0.02 seconds
obj: 6225 rows, 648 columns, 59365 nonzeros
Set parameter TimeLimit to value 35.4961245
Warning: unknown variable 'r_max' in bounds section (line 6696)
Warning: unknown variable 'r_min' in bounds section (line 6697)
Read LP format model from file E:\codes\ExactEBRP\results\gf_gurobi_performance_recovery_round29\development\V12_M1__c3_replica__60s\external\models\R.1.0.0.0.0.1.0.0.0.lp
Reading time = 0.02 seconds
obj: 6225 rows, 648 columns, 59365 nonzeros
Set parameter TimeLimit to value 35.1629132
Warning: unknown variable 'r_max' in bounds section (line 6696)
Warning: unknown variable 'r_min' in bounds section (line 6697)
Read LP format model from file E:\codes\ExactEBRP\results\gf_gurobi_performance_recovery_round29\development\V12_M1__c3_replica__60s\external\models\R.1.0.0.0.0.1.0.0.1.lp
Reading time = 0.02 seconds
obj: 6225 rows, 648 columns, 59365 nonzeros
Set parameter TimeLimit to value 34.9915335
Warning: unknown variable 'r_max' in bounds section (line 6696)
Warning: unknown variable 'r_min' in bounds section (line 6697)
Read LP format model from file E:\codes\ExactEBRP\results\gf_gurobi_performance_recovery_round29\development\V12_M1__c3_replica__60s\external\models\R.1.0.0.0.0.0.1.1.0.0.lp
Reading time = 0.02 seconds
obj: 6225 rows, 648 columns, 59365 nonzeros
Set parameter TimeLimit to value 34.8248102
Warning: unknown variable 'r_max' in bounds section (line 6696)
Warning: unknown variable 'r_min' in bounds section (line 6697)
Read LP format model from file E:\codes\ExactEBRP\results\gf_gurobi_performance_recovery_round29\development\V12_M1__c3_replica__60s\external\models\R.1.0.0.0.0.0.1.1.0.0.lp
Reading time = 0.01 seconds
obj: 6225 rows, 648 columns, 59365 nonzeros
Set parameter TimeLimit to value 34.735239
Warning: unknown variable 'r_max' in bounds section (line 6696)
Warning: unknown variable 'r_min' in bounds section (line 6697)
Read LP format model from file E:\codes\ExactEBRP\results\gf_gurobi_performance_recovery_round29\development\V12_M1__c3_replica__60s\external\models\R.1.0.0.0.0.0.1.1.0.1.lp
Reading time = 0.02 seconds
obj: 6225 rows, 648 columns, 59365 nonzeros
Set parameter TimeLimit to value 34.4222811
Warning: unknown variable 'r_max' in bounds section (line 6696)
Warning: unknown variable 'r_min' in bounds section (line 6697)
Read LP format model from file E:\codes\ExactEBRP\results\gf_gurobi_performance_recovery_round29\development\V12_M1__c3_replica__60s\external\models\R.1.0.0.0.0.0.1.1.0.1.lp
Reading time = 0.01 seconds
obj: 6225 rows, 648 columns, 59365 nonzeros
Set parameter TimeLimit to value 3.4330902699999996e+01
Warning: unknown variable 'r_max' in bounds section (line 6696)
Warning: unknown variable 'r_min' in bounds section (line 6697)
Read LP format model from file E:\codes\ExactEBRP\results\gf_gurobi_performance_recovery_round29\development\V12_M1__c3_replica__60s\external\models\R.1.0.0.0.0.0.1.1.1.0.lp
Reading time = 0.02 seconds
obj: 6225 rows, 648 columns, 59365 nonzeros
Set parameter TimeLimit to value 34.0091459
Warning: unknown variable 'r_max' in bounds section (line 6696)
Warning: unknown variable 'r_min' in bounds section (line 6697)
Read LP format model from file E:\codes\ExactEBRP\results\gf_gurobi_performance_recovery_round29\development\V12_M1__c3_replica__60s\external\models\R.1.0.0.0.0.0.1.1.1.0.lp
Reading time = 0.01 seconds
obj: 6225 rows, 648 columns, 59365 nonzeros
Set parameter TimeLimit to value 33.9190737
Warning: unknown variable 'r_max' in bounds section (line 6696)
Warning: unknown variable 'r_min' in bounds section (line 6697)
Read LP format model from file E:\codes\ExactEBRP\results\gf_gurobi_performance_recovery_round29\development\V12_M1__c3_replica__60s\external\models\R.1.0.0.0.0.0.1.1.1.1.lp
Reading time = 0.02 seconds
obj: 6225 rows, 648 columns, 59365 nonzeros
Set parameter TimeLimit to value 33.5978146
Warning: unknown variable 'r_max' in bounds section (line 6696)
Warning: unknown variable 'r_min' in bounds section (line 6697)
Read LP format model from file E:\codes\ExactEBRP\results\gf_gurobi_performance_recovery_round29\development\V12_M1__c3_replica__60s\external\models\R.1.0.0.0.0.0.1.1.1.1.lp
Reading time = 0.01 seconds
obj: 6225 rows, 648 columns, 59365 nonzeros
Set parameter TimeLimit to value 3.3516683799999996e+01
Warning: unknown variable 'r_max' in bounds section (line 6696)
Warning: unknown variable 'r_min' in bounds section (line 6697)
Read LP format model from file E:\codes\ExactEBRP\results\gf_gurobi_performance_recovery_round29\development\V12_M1__c3_replica__60s\external\models\R.1.0.0.0.0.1.1.0.lp
Reading time = 0.02 seconds
obj: 6225 rows, 648 columns, 59365 nonzeros
Set parameter TimeLimit to value 3.3192250200000004e+01
Warning: unknown variable 'r_max' in bounds section (line 6696)
Warning: unknown variable 'r_min' in bounds section (line 6697)
Read LP format model from file E:\codes\ExactEBRP\results\gf_gurobi_performance_recovery_round29\development\V12_M1__c3_replica__60s\external\models\R.1.0.0.0.0.1.1.1.lp
Reading time = 0.02 seconds
obj: 6225 rows, 648 columns, 59365 nonzeros
Set parameter TimeLimit to value 33.0085296
Warning: unknown variable 'r_max' in bounds section (line 6696)
Warning: unknown variable 'r_min' in bounds section (line 6697)
Read LP format model from file E:\codes\ExactEBRP\results\gf_gurobi_performance_recovery_round29\development\V12_M1__c3_replica__60s\external\models\R.1.0.0.0.0.1.0.0.0.1.lp
Reading time = 0.02 seconds
obj: 6225 rows, 648 columns, 59365 nonzeros
Set parameter TimeLimit to value 3.2823882499999996e+01
Warning: unknown variable 'r_max' in bounds section (line 6696)
Warning: unknown variable 'r_min' in bounds section (line 6697)
Read LP format model from file E:\codes\ExactEBRP\results\gf_gurobi_performance_recovery_round29\development\V12_M1__c3_replica__60s\external\models\R.1.0.0.0.0.1.0.0.0.1.lp
Reading time = 0.02 seconds
obj: 6225 rows, 648 columns, 59365 nonzeros
Set parameter TimeLimit to value 3.2736024799999996e+01
Warning: unknown variable 'r_max' in bounds section (line 6696)
Warning: unknown variable 'r_min' in bounds section (line 6697)
Read LP format model from file E:\codes\ExactEBRP\results\gf_gurobi_performance_recovery_round29\development\V12_M1__c3_replica__60s\external\models\R.1.0.0.0.0.1.0.0.0.0.lp
Reading time = 0.02 seconds
obj: 6225 rows, 648 columns, 59365 nonzeros
Set parameter TimeLimit to value 32.2119361
Warning: unknown variable 'r_max' in bounds section (line 6696)
Warning: unknown variable 'r_min' in bounds section (line 6697)
Read LP format model from file E:\codes\ExactEBRP\results\gf_gurobi_performance_recovery_round29\development\V12_M1__c3_replica__60s\external\models\R.1.0.0.0.0.1.0.0.0.0.lp
Reading time = 0.02 seconds
obj: 6225 rows, 648 columns, 59365 nonzeros
Set parameter TimeLimit to value 32.1298612
Warning: unknown variable 'r_max' in bounds section (line 6696)
Warning: unknown variable 'r_min' in bounds section (line 6697)
Read LP format model from file E:\codes\ExactEBRP\results\gf_gurobi_performance_recovery_round29\development\V12_M1__c3_replica__60s\external\models\R.1.0.0.0.0.0.1.0.0.0.lp
Reading time = 0.01 seconds
obj: 6225 rows, 648 columns, 59365 nonzeros
Set parameter TimeLimit to value 31.5986836
Warning: unknown variable 'r_max' in bounds section (line 6696)
Warning: unknown variable 'r_min' in bounds section (line 6697)
Read LP format model from file E:\codes\ExactEBRP\results\gf_gurobi_performance_recovery_round29\development\V12_M1__c3_replica__60s\external\models\R.1.0.0.0.0.0.1.0.0.0.lp
Reading time = 0.02 seconds
obj: 6225 rows, 648 columns, 59365 nonzeros
Set parameter TimeLimit to value 31.5185801
Warning: unknown variable 'r_max' in bounds section (line 6696)
Warning: unknown variable 'r_min' in bounds section (line 6697)
Read LP format model from file E:\codes\ExactEBRP\results\gf_gurobi_performance_recovery_round29\development\V12_M1__c3_replica__60s\external\models\R.1.0.0.0.0.0.1.0.0.1.lp
Reading time = 0.02 seconds
obj: 6225 rows, 648 columns, 59365 nonzeros
Set parameter TimeLimit to value 31.1910635
Warning: unknown variable 'r_max' in bounds section (line 6696)
Warning: unknown variable 'r_min' in bounds section (line 6697)
Read LP format model from file E:\codes\ExactEBRP\results\gf_gurobi_performance_recovery_round29\development\V12_M1__c3_replica__60s\external\models\R.1.0.0.0.0.0.1.0.0.1.lp
Reading time = 0.01 seconds
obj: 6225 rows, 648 columns, 59365 nonzeros
Set parameter TimeLimit to value 31.1098504
Warning: unknown variable 'r_max' in bounds section (line 6696)
Warning: unknown variable 'r_min' in bounds section (line 6697)
Read LP format model from file E:\codes\ExactEBRP\results\gf_gurobi_performance_recovery_round29\development\V12_M1__c3_replica__60s\external\models\R.1.0.0.0.0.1.0.1.0.lp
Reading time = 0.02 seconds
obj: 6225 rows, 648 columns, 59365 nonzeros
Set parameter TimeLimit to value 30.793172
Warning: unknown variable 'r_max' in bounds section (line 6696)
Warning: unknown variable 'r_min' in bounds section (line 6697)
Read LP format model from file E:\codes\ExactEBRP\results\gf_gurobi_performance_recovery_round29\development\V12_M1__c3_replica__60s\external\models\R.1.0.0.0.0.1.0.1.1.lp
Reading time = 0.02 seconds
obj: 6225 rows, 648 columns, 59365 nonzeros
Set parameter TimeLimit to value 30.6266848
Warning: unknown variable 'r_max' in bounds section (line 6696)
Warning: unknown variable 'r_min' in bounds section (line 6697)
Read LP format model from file E:\codes\ExactEBRP\results\gf_gurobi_performance_recovery_round29\development\V12_M1__c3_replica__60s\external\models\R.1.0.0.0.0.0.0.1.0.lp
Reading time = 0.01 seconds
obj: 6225 rows, 648 columns, 59365 nonzeros
Set parameter TimeLimit to value 3.0465566699999997e+01
Warning: unknown variable 'r_max' in bounds section (line 6696)
Warning: unknown variable 'r_min' in bounds section (line 6697)
Read LP format model from file E:\codes\ExactEBRP\results\gf_gurobi_performance_recovery_round29\development\V12_M1__c3_replica__60s\external\models\R.1.0.0.0.0.0.0.1.1.lp
Reading time = 0.02 seconds
obj: 6225 rows, 648 columns, 59365 nonzeros
Set parameter TimeLimit to value 30.3009257
Warning: unknown variable 'r_max' in bounds section (line 6696)
Warning: unknown variable 'r_min' in bounds section (line 6697)
Read LP format model from file E:\codes\ExactEBRP\results\gf_gurobi_performance_recovery_round29\development\V12_M1__c3_replica__60s\external\models\R.1.0.0.0.0.1.0.0.1.0.lp
Reading time = 0.02 seconds
obj: 6225 rows, 648 columns, 59365 nonzeros
Set parameter TimeLimit to value 30.1313813
Warning: unknown variable 'r_max' in bounds section (line 6696)
Warning: unknown variable 'r_min' in bounds section (line 6697)
Read LP format model from file E:\codes\ExactEBRP\results\gf_gurobi_performance_recovery_round29\development\V12_M1__c3_replica__60s\external\models\R.1.0.0.0.0.1.0.0.1.0.lp
Reading time = 0.01 seconds
obj: 6225 rows, 648 columns, 59365 nonzeros
Set parameter TimeLimit to value 30.0473474
Warning: unknown variable 'r_max' in bounds section (line 6696)
Warning: unknown variable 'r_min' in bounds section (line 6697)
Read LP format model from file E:\codes\ExactEBRP\results\gf_gurobi_performance_recovery_round29\development\V12_M1__c3_replica__60s\external\models\R.1.0.0.0.0.1.0.0.1.1.lp
Reading time = 0.02 seconds
obj: 6225 rows, 648 columns, 59365 nonzeros
Set parameter TimeLimit to value 2.9522416899999996e+01
Warning: unknown variable 'r_max' in bounds section (line 6696)
Warning: unknown variable 'r_min' in bounds section (line 6697)
Read LP format model from file E:\codes\ExactEBRP\results\gf_gurobi_performance_recovery_round29\development\V12_M1__c3_replica__60s\external\models\R.1.0.0.0.0.1.0.0.1.1.lp
Reading time = 0.02 seconds
obj: 6225 rows, 648 columns, 59365 nonzeros
Set parameter TimeLimit to value 2.9439182099999996e+01
Warning: unknown variable 'r_max' in bounds section (line 6696)
Warning: unknown variable 'r_min' in bounds section (line 6697)
Read LP format model from file E:\codes\ExactEBRP\results\gf_gurobi_performance_recovery_round29\development\V12_M1__c3_replica__60s\external\models\R.1.0.0.0.1.0.1.lp
Reading time = 0.01 seconds
obj: 6225 rows, 648 columns, 59365 nonzeros
Set parameter TimeLimit to value 28.9255883
Warning: unknown variable 'r_max' in bounds section (line 6696)
Warning: unknown variable 'r_min' in bounds section (line 6697)
Read LP format model from file E:\codes\ExactEBRP\results\gf_gurobi_performance_recovery_round29\development\V12_M1__c3_replica__60s\external\models\R.1.0.0.0.1.0.0.lp
Reading time = 0.02 seconds
obj: 6225 rows, 648 columns, 59365 nonzeros
Set parameter TimeLimit to value 2.8761297999999996e+01
Warning: unknown variable 'r_max' in bounds section (line 6696)
Warning: unknown variable 'r_min' in bounds section (line 6697)
Read LP format model from file E:\codes\ExactEBRP\results\gf_gurobi_performance_recovery_round29\development\V12_M1__c3_replica__60s\external\models\R.1.0.0.0.0.1.0.1.0.0.lp
Reading time = 0.01 seconds
obj: 6225 rows, 648 columns, 59365 nonzeros
Set parameter TimeLimit to value 28.5924361
Warning: unknown variable 'r_max' in bounds section (line 6696)
Warning: unknown variable 'r_min' in bounds section (line 6697)
Read LP format model from file E:\codes\ExactEBRP\results\gf_gurobi_performance_recovery_round29\development\V12_M1__c3_replica__60s\external\models\R.1.0.0.0.0.1.0.1.0.0.lp
Reading time = 0.02 seconds
obj: 6225 rows, 648 columns, 59365 nonzeros
Set parameter TimeLimit to value 2.8512500099999997e+01
Warning: unknown variable 'r_max' in bounds section (line 6696)
Warning: unknown variable 'r_min' in bounds section (line 6697)
Read LP format model from file E:\codes\ExactEBRP\results\gf_gurobi_performance_recovery_round29\development\V12_M1__c3_replica__60s\external\models\R.1.0.0.0.0.1.0.1.0.1.lp
Reading time = 0.01 seconds
obj: 6225 rows, 648 columns, 59365 nonzeros
Set parameter TimeLimit to value 2.7938965499999995e+01
Warning: unknown variable 'r_max' in bounds section (line 6696)
Warning: unknown variable 'r_min' in bounds section (line 6697)
Read LP format model from file E:\codes\ExactEBRP\results\gf_gurobi_performance_recovery_round29\development\V12_M1__c3_replica__60s\external\models\R.1.0.0.0.0.1.0.1.0.1.lp
Reading time = 0.01 seconds
obj: 6225 rows, 648 columns, 59365 nonzeros
Set parameter TimeLimit to value 2.7858069200000003e+01
Warning: unknown variable 'r_max' in bounds section (line 6696)
Warning: unknown variable 'r_min' in bounds section (line 6697)
Read LP format model from file E:\codes\ExactEBRP\results\gf_gurobi_performance_recovery_round29\development\V12_M1__c3_replica__60s\external\models\R.1.0.0.0.0.1.1.0.1.lp
Reading time = 0.02 seconds
obj: 6225 rows, 648 columns, 59365 nonzeros
Set parameter TimeLimit to value 2.7351381599999996e+01
Warning: unknown variable 'r_max' in bounds section (line 6696)
Warning: unknown variable 'r_min' in bounds section (line 6697)
Read LP format model from file E:\codes\ExactEBRP\results\gf_gurobi_performance_recovery_round29\development\V12_M1__c3_replica__60s\external\models\R.1.0.0.0.0.1.1.0.0.lp
Reading time = 0.02 seconds
obj: 6225 rows, 648 columns, 59365 nonzeros
Set parameter TimeLimit to value 27.1803696
Warning: unknown variable 'r_max' in bounds section (line 6696)
Warning: unknown variable 'r_min' in bounds section (line 6697)
Read LP format model from file E:\codes\ExactEBRP\results\gf_gurobi_performance_recovery_round29\development\V12_M1__c3_replica__60s\external\models\R.1.0.0.0.0.0.0.1.1.0.lp
Reading time = 0.02 seconds
obj: 6225 rows, 648 columns, 59365 nonzeros
Set parameter TimeLimit to value 2.7015444799999997e+01
Warning: unknown variable 'r_max' in bounds section (line 6696)
Warning: unknown variable 'r_min' in bounds section (line 6697)
Read LP format model from file E:\codes\ExactEBRP\results\gf_gurobi_performance_recovery_round29\development\V12_M1__c3_replica__60s\external\models\R.1.0.0.0.0.0.0.1.1.0.lp
Reading time = 0.01 seconds
obj: 6225 rows, 648 columns, 59365 nonzeros
Set parameter TimeLimit to value 26.9310103
Warning: unknown variable 'r_max' in bounds section (line 6696)
Warning: unknown variable 'r_min' in bounds section (line 6697)
Read LP format model from file E:\codes\ExactEBRP\results\gf_gurobi_performance_recovery_round29\development\V12_M1__c3_replica__60s\external\models\R.1.0.0.0.0.0.0.1.1.1.lp
Reading time = 0.01 seconds
obj: 6225 rows, 648 columns, 59365 nonzeros
Set parameter TimeLimit to value 26.6240642
Warning: unknown variable 'r_max' in bounds section (line 6696)
Warning: unknown variable 'r_min' in bounds section (line 6697)
Read LP format model from file E:\codes\ExactEBRP\results\gf_gurobi_performance_recovery_round29\development\V12_M1__c3_replica__60s\external\models\R.1.0.0.0.0.0.0.1.1.1.lp
Reading time = 0.02 seconds
obj: 6225 rows, 648 columns, 59365 nonzeros
Set parameter TimeLimit to value 26.5404091
Warning: unknown variable 'r_max' in bounds section (line 6696)
Warning: unknown variable 'r_min' in bounds section (line 6697)
Read LP format model from file E:\codes\ExactEBRP\results\gf_gurobi_performance_recovery_round29\development\V12_M1__c3_replica__60s\external\models\R.1.0.0.0.0.1.0.1.1.1.lp
Reading time = 0.01 seconds
obj: 6225 rows, 648 columns, 59365 nonzeros
Set parameter TimeLimit to value 26.2050193
Warning: unknown variable 'r_max' in bounds section (line 6696)
Warning: unknown variable 'r_min' in bounds section (line 6697)
Read LP format model from file E:\codes\ExactEBRP\results\gf_gurobi_performance_recovery_round29\development\V12_M1__c3_replica__60s\external\models\R.1.0.0.0.0.1.0.1.1.1.lp
Reading time = 0.01 seconds
obj: 6225 rows, 648 columns, 59365 nonzeros
Set parameter TimeLimit to value 26.1262816
Warning: unknown variable 'r_max' in bounds section (line 6696)
Warning: unknown variable 'r_min' in bounds section (line 6697)
Read LP format model from file E:\codes\ExactEBRP\results\gf_gurobi_performance_recovery_round29\development\V12_M1__c3_replica__60s\external\models\R.1.0.0.0.0.1.0.1.1.0.lp
Reading time = 0.02 seconds
obj: 6225 rows, 648 columns, 59365 nonzeros
Set parameter TimeLimit to value 25.5009169
Warning: unknown variable 'r_max' in bounds section (line 6696)
Warning: unknown variable 'r_min' in bounds section (line 6697)
Read LP format model from file E:\codes\ExactEBRP\results\gf_gurobi_performance_recovery_round29\development\V12_M1__c3_replica__60s\external\models\R.1.0.0.0.0.1.0.1.1.0.lp
Reading time = 0.02 seconds
obj: 6225 rows, 648 columns, 59365 nonzeros
Set parameter TimeLimit to value 25.4141908
Warning: unknown variable 'r_max' in bounds section (line 6696)
Warning: unknown variable 'r_min' in bounds section (line 6697)
Read LP format model from file E:\codes\ExactEBRP\results\gf_gurobi_performance_recovery_round29\development\V12_M1__c3_replica__60s\external\models\R.1.0.0.0.0.1.1.0.0.0.lp
Reading time = 0.02 seconds
obj: 6225 rows, 648 columns, 59365 nonzeros
Set parameter TimeLimit to value 24.883586
Warning: unknown variable 'r_max' in bounds section (line 6696)
Warning: unknown variable 'r_min' in bounds section (line 6697)
Read LP format model from file E:\codes\ExactEBRP\results\gf_gurobi_performance_recovery_round29\development\V12_M1__c3_replica__60s\external\models\R.1.0.0.0.0.1.1.0.0.0.lp
Reading time = 0.02 seconds
obj: 6225 rows, 648 columns, 59365 nonzeros
Set parameter TimeLimit to value 24.8017661
Warning: unknown variable 'r_max' in bounds section (line 6696)
Warning: unknown variable 'r_min' in bounds section (line 6697)
Read LP format model from file E:\codes\ExactEBRP\results\gf_gurobi_performance_recovery_round29\development\V12_M1__c3_replica__60s\external\models\R.1.0.0.0.0.1.1.0.0.1.lp
Reading time = 0.02 seconds
obj: 6225 rows, 648 columns, 59365 nonzeros
Set parameter TimeLimit to value 24.2134167
Warning: unknown variable 'r_max' in bounds section (line 6696)
Warning: unknown variable 'r_min' in bounds section (line 6697)
Read LP format model from file E:\codes\ExactEBRP\results\gf_gurobi_performance_recovery_round29\development\V12_M1__c3_replica__60s\external\models\R.1.0.0.0.0.1.1.0.0.1.lp
Reading time = 0.02 seconds
obj: 6225 rows, 648 columns, 59365 nonzeros
Set parameter TimeLimit to value 24.1280423
Warning: unknown variable 'r_max' in bounds section (line 6696)
Warning: unknown variable 'r_min' in bounds section (line 6697)
Read LP format model from file E:\codes\ExactEBRP\results\gf_gurobi_performance_recovery_round29\development\V12_M1__c3_replica__60s\external\models\R.1.0.0.0.1.0.0.0.lp
Reading time = 0.02 seconds
obj: 6225 rows, 648 columns, 59365 nonzeros
Set parameter TimeLimit to value 23.4641437
Warning: unknown variable 'r_max' in bounds section (line 6696)
Warning: unknown variable 'r_min' in bounds section (line 6697)
Read LP format model from file E:\codes\ExactEBRP\results\gf_gurobi_performance_recovery_round29\development\V12_M1__c3_replica__60s\external\models\R.1.0.0.0.1.0.0.1.lp
Reading time = 0.02 seconds
obj: 6225 rows, 648 columns, 59365 nonzeros
Set parameter TimeLimit to value 23.2948668
Warning: unknown variable 'r_max' in bounds section (line 6696)
Warning: unknown variable 'r_min' in bounds section (line 6697)
Read LP format model from file E:\codes\ExactEBRP\results\gf_gurobi_performance_recovery_round29\development\V12_M1__c3_replica__60s\external\models\R.1.0.0.0.0.1.1.1.0.lp
Reading time = 0.02 seconds
obj: 6225 rows, 648 columns, 59365 nonzeros
Set parameter TimeLimit to value 23.1300833
Warning: unknown variable 'r_max' in bounds section (line 6696)
Warning: unknown variable 'r_min' in bounds section (line 6697)
Read LP format model from file E:\codes\ExactEBRP\results\gf_gurobi_performance_recovery_round29\development\V12_M1__c3_replica__60s\external\models\R.1.0.0.0.0.1.1.1.1.lp
Reading time = 0.01 seconds
obj: 6225 rows, 648 columns, 59365 nonzeros
Set parameter TimeLimit to value 2.2968193399999997e+01
Warning: unknown variable 'r_max' in bounds section (line 6696)
Warning: unknown variable 'r_min' in bounds section (line 6697)
Read LP format model from file E:\codes\ExactEBRP\results\gf_gurobi_performance_recovery_round29\development\V12_M1__c3_replica__60s\external\models\R.1.0.0.0.0.1.1.0.1.0.lp
Reading time = 0.02 seconds
obj: 6225 rows, 648 columns, 59365 nonzeros
Set parameter TimeLimit to value 22.8041152
Warning: unknown variable 'r_max' in bounds section (line 6696)
Warning: unknown variable 'r_min' in bounds section (line 6697)
Read LP format model from file E:\codes\ExactEBRP\results\gf_gurobi_performance_recovery_round29\development\V12_M1__c3_replica__60s\external\models\R.1.0.0.0.0.1.1.0.1.0.lp
Reading time = 0.01 seconds
obj: 6225 rows, 648 columns, 59365 nonzeros
Set parameter TimeLimit to value 2.2721491200000003e+01
Warning: unknown variable 'r_max' in bounds section (line 6696)
Warning: unknown variable 'r_min' in bounds section (line 6697)
Read LP format model from file E:\codes\ExactEBRP\results\gf_gurobi_performance_recovery_round29\development\V12_M1__c3_replica__60s\external\models\R.1.0.0.0.0.1.1.0.1.1.lp
Reading time = 0.01 seconds
obj: 6225 rows, 648 columns, 59365 nonzeros
Set parameter TimeLimit to value 2.2064588200000003e+01
Warning: unknown variable 'r_max' in bounds section (line 6696)
Warning: unknown variable 'r_min' in bounds section (line 6697)
Read LP format model from file E:\codes\ExactEBRP\results\gf_gurobi_performance_recovery_round29\development\V12_M1__c3_replica__60s\external\models\R.1.0.0.0.0.1.1.0.1.1.lp
Reading time = 0.02 seconds
obj: 6225 rows, 648 columns, 59365 nonzeros
Set parameter TimeLimit to value 21.9819923
Warning: unknown variable 'r_max' in bounds section (line 6696)
Warning: unknown variable 'r_min' in bounds section (line 6697)
Read LP format model from file E:\codes\ExactEBRP\results\gf_gurobi_performance_recovery_round29\development\V12_M1__c3_replica__60s\external\models\R.1.0.0.0.0.1.1.1.0.1.lp
Reading time = 0.02 seconds
obj: 6225 rows, 648 columns, 59365 nonzeros
Set parameter TimeLimit to value 21.3455156
Warning: unknown variable 'r_max' in bounds section (line 6696)
Warning: unknown variable 'r_min' in bounds section (line 6697)
Read LP format model from file E:\codes\ExactEBRP\results\gf_gurobi_performance_recovery_round29\development\V12_M1__c3_replica__60s\external\models\R.1.0.0.0.0.1.1.1.0.1.lp
Reading time = 0.02 seconds
obj: 6225 rows, 648 columns, 59365 nonzeros
Set parameter TimeLimit to value 21.2634343
Warning: unknown variable 'r_max' in bounds section (line 6696)
Warning: unknown variable 'r_min' in bounds section (line 6697)
Read LP format model from file E:\codes\ExactEBRP\results\gf_gurobi_performance_recovery_round29\development\V12_M1__c3_replica__60s\external\models\R.1.0.0.0.0.1.1.1.0.0.lp
Reading time = 0.02 seconds
obj: 6225 rows, 648 columns, 59365 nonzeros
Set parameter TimeLimit to value 2.0623829800000003e+01
Warning: unknown variable 'r_max' in bounds section (line 6696)
Warning: unknown variable 'r_min' in bounds section (line 6697)
Read LP format model from file E:\codes\ExactEBRP\results\gf_gurobi_performance_recovery_round29\development\V12_M1__c3_replica__60s\external\models\R.1.0.0.0.0.1.1.1.0.0.lp
Reading time = 0.02 seconds
obj: 6225 rows, 648 columns, 59365 nonzeros
Set parameter TimeLimit to value 2.0542670800000003e+01
Warning: unknown variable 'r_max' in bounds section (line 6696)
Warning: unknown variable 'r_min' in bounds section (line 6697)
Read LP format model from file E:\codes\ExactEBRP\results\gf_gurobi_performance_recovery_round29\development\V12_M1__c3_replica__60s\external\models\R.1.0.0.0.0.0.0.1.0.1.lp
Reading time = 0.01 seconds
obj: 6225 rows, 648 columns, 59365 nonzeros
Set parameter TimeLimit to value 19.9096629
Warning: unknown variable 'r_max' in bounds section (line 6696)
Warning: unknown variable 'r_min' in bounds section (line 6697)
Read LP format model from file E:\codes\ExactEBRP\results\gf_gurobi_performance_recovery_round29\development\V12_M1__c3_replica__60s\external\models\R.1.0.0.0.0.0.0.1.0.1.lp
Reading time = 0.01 seconds
obj: 6225 rows, 648 columns, 59365 nonzeros
Set parameter TimeLimit to value 19.8266
Warning: unknown variable 'r_max' in bounds section (line 6696)
Warning: unknown variable 'r_min' in bounds section (line 6697)
Read LP format model from file E:\codes\ExactEBRP\results\gf_gurobi_performance_recovery_round29\development\V12_M1__c3_replica__60s\external\models\R.1.0.0.0.0.0.0.1.0.0.lp
Reading time = 0.02 seconds
obj: 6225 rows, 648 columns, 59365 nonzeros
Set parameter TimeLimit to value 19.5143878
Warning: unknown variable 'r_max' in bounds section (line 6696)
Warning: unknown variable 'r_min' in bounds section (line 6697)
Read LP format model from file E:\codes\ExactEBRP\results\gf_gurobi_performance_recovery_round29\development\V12_M1__c3_replica__60s\external\models\R.1.0.0.0.0.0.0.1.0.0.lp
Reading time = 0.02 seconds
obj: 6225 rows, 648 columns, 59365 nonzeros
Set parameter TimeLimit to value 1.9432761499999998e+01
Warning: unknown variable 'r_max' in bounds section (line 6696)
Warning: unknown variable 'r_min' in bounds section (line 6697)
Read LP format model from file E:\codes\ExactEBRP\results\gf_gurobi_performance_recovery_round29\development\V12_M1__c3_replica__60s\external\models\R.1.0.0.0.1.0.0.0.1.lp
Reading time = 0.02 seconds
obj: 6225 rows, 648 columns, 59365 nonzeros
Set parameter TimeLimit to value 19.1247842
Warning: unknown variable 'r_max' in bounds section (line 6696)
Warning: unknown variable 'r_min' in bounds section (line 6697)
Read LP format model from file E:\codes\ExactEBRP\results\gf_gurobi_performance_recovery_round29\development\V12_M1__c3_replica__60s\external\models\R.1.0.0.0.1.0.0.0.0.lp
Reading time = 0.01 seconds
obj: 6225 rows, 648 columns, 59365 nonzeros
Set parameter TimeLimit to value 18.9616514
Warning: unknown variable 'r_max' in bounds section (line 6696)
Warning: unknown variable 'r_min' in bounds section (line 6697)
Read LP format model from file E:\codes\ExactEBRP\results\gf_gurobi_performance_recovery_round29\development\V12_M1__c3_replica__60s\external\models\R.1.0.0.0.0.1.1.1.1.0.lp
Reading time = 0.01 seconds
obj: 6225 rows, 648 columns, 59365 nonzeros
Set parameter TimeLimit to value 1.8793913000000003e+01
Warning: unknown variable 'r_max' in bounds section (line 6696)
Warning: unknown variable 'r_min' in bounds section (line 6697)
Read LP format model from file E:\codes\ExactEBRP\results\gf_gurobi_performance_recovery_round29\development\V12_M1__c3_replica__60s\external\models\R.1.0.0.0.0.1.1.1.1.0.lp
Reading time = 0.02 seconds
obj: 6225 rows, 648 columns, 59365 nonzeros
Set parameter TimeLimit to value 18.7135162
Warning: unknown variable 'r_max' in bounds section (line 6696)
Warning: unknown variable 'r_min' in bounds section (line 6697)
Read LP format model from file E:\codes\ExactEBRP\results\gf_gurobi_performance_recovery_round29\development\V12_M1__c3_replica__60s\external\models\R.1.0.0.0.0.1.1.1.1.1.lp
Reading time = 0.02 seconds
obj: 6225 rows, 648 columns, 59365 nonzeros
Set parameter TimeLimit to value 17.8847619
Warning: unknown variable 'r_max' in bounds section (line 6696)
Warning: unknown variable 'r_min' in bounds section (line 6697)
Read LP format model from file E:\codes\ExactEBRP\results\gf_gurobi_performance_recovery_round29\development\V12_M1__c3_replica__60s\external\models\R.1.0.0.0.0.1.1.1.1.1.lp
Reading time = 0.02 seconds
obj: 6225 rows, 648 columns, 59365 nonzeros
Set parameter TimeLimit to value 17.8024231
Warning: unknown variable 'r_max' in bounds section (line 6696)
Warning: unknown variable 'r_min' in bounds section (line 6697)
Read LP format model from file E:\codes\ExactEBRP\results\gf_gurobi_performance_recovery_round29\development\V12_M1__c3_replica__60s\external\models\R.1.0.0.0.1.0.0.0.0.0.lp
Reading time = 0.02 seconds
obj: 6225 rows, 648 columns, 59365 nonzeros
Set parameter TimeLimit to value 1.7156037400000002e+01
Warning: unknown variable 'r_max' in bounds section (line 6696)
Warning: unknown variable 'r_min' in bounds section (line 6697)
Read LP format model from file E:\codes\ExactEBRP\results\gf_gurobi_performance_recovery_round29\development\V12_M1__c3_replica__60s\external\models\R.1.0.0.0.1.0.0.0.0.0.lp
Reading time = 0.01 seconds
obj: 6225 rows, 648 columns, 59365 nonzeros
Set parameter TimeLimit to value 1.7073691099999998e+01
Warning: unknown variable 'r_max' in bounds section (line 6696)
Warning: unknown variable 'r_min' in bounds section (line 6697)
Read LP format model from file E:\codes\ExactEBRP\results\gf_gurobi_performance_recovery_round29\development\V12_M1__c3_replica__60s\external\models\R.1.0.0.0.1.0.0.0.0.1.lp
Reading time = 0.02 seconds
obj: 6225 rows, 648 columns, 59365 nonzeros
Set parameter TimeLimit to value 16.4440958
Warning: unknown variable 'r_max' in bounds section (line 6696)
Warning: unknown variable 'r_min' in bounds section (line 6697)
Read LP format model from file E:\codes\ExactEBRP\results\gf_gurobi_performance_recovery_round29\development\V12_M1__c3_replica__60s\external\models\R.1.0.0.0.1.0.0.0.0.1.lp
Reading time = 0.02 seconds
obj: 6225 rows, 648 columns, 59365 nonzeros
Set parameter TimeLimit to value 1.6361957500000003e+01
Warning: unknown variable 'r_max' in bounds section (line 6696)
Warning: unknown variable 'r_min' in bounds section (line 6697)
Read LP format model from file E:\codes\ExactEBRP\results\gf_gurobi_performance_recovery_round29\development\V12_M1__c3_replica__60s\external\models\R.0.1.1.1.1.0.lp
Reading time = 0.01 seconds
obj: 6225 rows, 648 columns, 59365 nonzeros
Set parameter TimeLimit to value 1.5494969500000003e+01
Warning: unknown variable 'r_max' in bounds section (line 6696)
Warning: unknown variable 'r_min' in bounds section (line 6697)
Read LP format model from file E:\codes\ExactEBRP\results\gf_gurobi_performance_recovery_round29\development\V12_M1__c3_replica__60s\external\models\R.0.1.1.1.1.1.lp
Reading time = 0.02 seconds
obj: 6225 rows, 648 columns, 59365 nonzeros
Set parameter TimeLimit to value 15.3398696
Warning: unknown variable 'r_max' in bounds section (line 6696)
Warning: unknown variable 'r_min' in bounds section (line 6697)
Read LP format model from file E:\codes\ExactEBRP\results\gf_gurobi_performance_recovery_round29\development\V12_M1__c3_replica__60s\external\models\R.1.0.0.0.1.0.0.1.0.lp
Reading time = 0.02 seconds
obj: 6225 rows, 648 columns, 59365 nonzeros
Set parameter TimeLimit to value 15.173797
Warning: unknown variable 'r_max' in bounds section (line 6696)
Warning: unknown variable 'r_min' in bounds section (line 6697)
Read LP format model from file E:\codes\ExactEBRP\results\gf_gurobi_performance_recovery_round29\development\V12_M1__c3_replica__60s\external\models\R.1.0.0.0.1.0.0.1.1.lp
Reading time = 0.01 seconds
obj: 6225 rows, 648 columns, 59365 nonzeros
Set parameter TimeLimit to value 1.5011008099999998e+01
Warning: unknown variable 'r_max' in bounds section (line 6696)
Warning: unknown variable 'r_min' in bounds section (line 6697)
Read LP format model from file E:\codes\ExactEBRP\results\gf_gurobi_performance_recovery_round29\development\V12_M1__c3_replica__60s\external\models\R.1.0.0.0.1.0.0.0.1.0.lp
Reading time = 0.01 seconds
obj: 6225 rows, 648 columns, 59365 nonzeros
Set parameter TimeLimit to value 1.4847154500000002e+01
Warning: unknown variable 'r_max' in bounds section (line 6696)
Warning: unknown variable 'r_min' in bounds section (line 6697)
Read LP format model from file E:\codes\ExactEBRP\results\gf_gurobi_performance_recovery_round29\development\V12_M1__c3_replica__60s\external\models\R.1.0.0.0.1.0.0.0.1.0.lp
Reading time = 0.01 seconds
obj: 6225 rows, 648 columns, 59365 nonzeros
Set parameter TimeLimit to value 1.4765155499999999e+01
Warning: unknown variable 'r_max' in bounds section (line 6696)
Warning: unknown variable 'r_min' in bounds section (line 6697)
Read LP format model from file E:\codes\ExactEBRP\results\gf_gurobi_performance_recovery_round29\development\V12_M1__c3_replica__60s\external\models\R.1.0.0.0.1.0.0.0.1.1.lp
Reading time = 0.02 seconds
obj: 6225 rows, 648 columns, 59365 nonzeros
Set parameter TimeLimit to value 1.3901581999999998e+01
Warning: unknown variable 'r_max' in bounds section (line 6696)
Warning: unknown variable 'r_min' in bounds section (line 6697)
Read LP format model from file E:\codes\ExactEBRP\results\gf_gurobi_performance_recovery_round29\development\V12_M1__c3_replica__60s\external\models\R.1.0.0.0.1.0.0.0.1.1.lp
Reading time = 0.02 seconds
obj: 6225 rows, 648 columns, 59365 nonzeros
Set parameter TimeLimit to value 1.3820740899999997e+01
Warning: unknown variable 'r_max' in bounds section (line 6696)
Warning: unknown variable 'r_min' in bounds section (line 6697)
Read LP format model from file E:\codes\ExactEBRP\results\gf_gurobi_performance_recovery_round29\development\V12_M1__c3_replica__60s\external\models\R.1.0.0.0.1.0.0.1.0.1.lp
Reading time = 0.01 seconds
obj: 6225 rows, 648 columns, 59365 nonzeros
Set parameter TimeLimit to value 1.2914723500000001e+01
Warning: unknown variable 'r_max' in bounds section (line 6696)
Warning: unknown variable 'r_min' in bounds section (line 6697)
Read LP format model from file E:\codes\ExactEBRP\results\gf_gurobi_performance_recovery_round29\development\V12_M1__c3_replica__60s\external\models\R.1.0.0.0.1.0.0.1.0.1.lp
Reading time = 0.01 seconds
obj: 6225 rows, 648 columns, 59365 nonzeros
Set parameter TimeLimit to value 1.2836737900000003e+01
Warning: unknown variable 'r_max' in bounds section (line 6696)
Warning: unknown variable 'r_min' in bounds section (line 6697)
Read LP format model from file E:\codes\ExactEBRP\results\gf_gurobi_performance_recovery_round29\development\V12_M1__c3_replica__60s\external\models\R.1.0.0.0.1.0.0.1.0.0.lp
Reading time = 0.01 seconds
obj: 6225 rows, 648 columns, 59365 nonzeros
Set parameter TimeLimit to value 11.9576372
Warning: unknown variable 'r_max' in bounds section (line 6696)
Warning: unknown variable 'r_min' in bounds section (line 6697)
Read LP format model from file E:\codes\ExactEBRP\results\gf_gurobi_performance_recovery_round29\development\V12_M1__c3_replica__60s\external\models\R.1.0.0.0.1.0.0.1.0.0.lp
Reading time = 0.02 seconds
obj: 6225 rows, 648 columns, 59365 nonzeros
Set parameter TimeLimit to value 1.1877079000000002e+01
Warning: unknown variable 'r_max' in bounds section (line 6696)
Warning: unknown variable 'r_min' in bounds section (line 6697)
Read LP format model from file E:\codes\ExactEBRP\results\gf_gurobi_performance_recovery_round29\development\V12_M1__c3_replica__60s\external\models\R.1.0.0.0.1.0.0.1.1.0.lp
Reading time = 0.01 seconds
obj: 6225 rows, 648 columns, 59365 nonzeros
Set parameter TimeLimit to value 1.0990605799999997e+01
Warning: unknown variable 'r_max' in bounds section (line 6696)
Warning: unknown variable 'r_min' in bounds section (line 6697)
Read LP format model from file E:\codes\ExactEBRP\results\gf_gurobi_performance_recovery_round29\development\V12_M1__c3_replica__60s\external\models\R.1.0.0.0.1.0.0.1.1.0.lp
Reading time = 0.02 seconds
obj: 6225 rows, 648 columns, 59365 nonzeros
Set parameter TimeLimit to value 1.0912681900000003e+01
Warning: unknown variable 'r_max' in bounds section (line 6696)
Warning: unknown variable 'r_min' in bounds section (line 6697)
Read LP format model from file E:\codes\ExactEBRP\results\gf_gurobi_performance_recovery_round29\development\V12_M1__c3_replica__60s\external\models\R.1.0.0.0.1.0.0.1.1.1.lp
Reading time = 0.02 seconds
obj: 6225 rows, 648 columns, 59365 nonzeros
Set parameter TimeLimit to value 1.0075648600000001e+01
Warning: unknown variable 'r_max' in bounds section (line 6696)
Warning: unknown variable 'r_min' in bounds section (line 6697)
Read LP format model from file E:\codes\ExactEBRP\results\gf_gurobi_performance_recovery_round29\development\V12_M1__c3_replica__60s\external\models\R.1.0.0.0.1.0.0.1.1.1.lp
Reading time = 0.01 seconds
obj: 6225 rows, 648 columns, 59365 nonzeros
Set parameter TimeLimit to value 9.9947644000000011e+00
Warning: unknown variable 'r_max' in bounds section (line 6696)
Warning: unknown variable 'r_min' in bounds section (line 6697)
Read LP format model from file E:\codes\ExactEBRP\results\gf_gurobi_performance_recovery_round29\development\V12_M1__c3_replica__60s\external\models\R.1.0.0.0.1.0.1.0.lp
Reading time = 0.02 seconds
obj: 6225 rows, 648 columns, 59365 nonzeros
Set parameter TimeLimit to value 9.1162672000000029e+00
Warning: unknown variable 'r_max' in bounds section (line 6696)
Warning: unknown variable 'r_min' in bounds section (line 6697)
Read LP format model from file E:\codes\ExactEBRP\results\gf_gurobi_performance_recovery_round29\development\V12_M1__c3_replica__60s\external\models\R.1.0.0.0.1.0.1.1.lp
Reading time = 0.01 seconds
obj: 6225 rows, 648 columns, 59365 nonzeros
Set parameter TimeLimit to value 8.9475763000000015e+00
Warning: unknown variable 'r_max' in bounds section (line 6696)
Warning: unknown variable 'r_min' in bounds section (line 6697)
Read LP format model from file E:\codes\ExactEBRP\results\gf_gurobi_performance_recovery_round29\development\V12_M1__c3_replica__60s\external\models\R.1.0.0.0.1.0.1.0.0.lp
Reading time = 0.01 seconds
obj: 6225 rows, 648 columns, 59365 nonzeros
Set parameter TimeLimit to value 8.7809943999999973e+00
Warning: unknown variable 'r_max' in bounds section (line 6696)
Warning: unknown variable 'r_min' in bounds section (line 6697)
Read LP format model from file E:\codes\ExactEBRP\results\gf_gurobi_performance_recovery_round29\development\V12_M1__c3_replica__60s\external\models\R.1.0.0.0.1.0.1.0.1.lp
Reading time = 0.02 seconds
obj: 6225 rows, 648 columns, 59365 nonzeros
Set parameter TimeLimit to value 8.6233805999999973e+00
Warning: unknown variable 'r_max' in bounds section (line 6696)
Warning: unknown variable 'r_min' in bounds section (line 6697)
Read LP format model from file E:\codes\ExactEBRP\results\gf_gurobi_performance_recovery_round29\development\V12_M1__c3_replica__60s\external\models\R.1.0.0.0.1.0.1.0.0.0.lp
Reading time = 0.02 seconds
obj: 6225 rows, 648 columns, 59365 nonzeros
Set parameter TimeLimit to value 8.4536640000000034e+00
Warning: unknown variable 'r_max' in bounds section (line 6696)
Warning: unknown variable 'r_min' in bounds section (line 6697)
Read LP format model from file E:\codes\ExactEBRP\results\gf_gurobi_performance_recovery_round29\development\V12_M1__c3_replica__60s\external\models\R.1.0.0.0.1.0.1.0.0.0.lp
Reading time = 0.01 seconds
obj: 6225 rows, 648 columns, 59365 nonzeros
Set parameter TimeLimit to value 8.3805777999999975e+00
Warning: unknown variable 'r_max' in bounds section (line 6696)
Warning: unknown variable 'r_min' in bounds section (line 6697)
Read LP format model from file E:\codes\ExactEBRP\results\gf_gurobi_performance_recovery_round29\development\V12_M1__c3_replica__60s\external\models\R.1.0.0.0.1.0.1.0.0.1.lp
Reading time = 0.01 seconds
obj: 6225 rows, 648 columns, 59365 nonzeros
Set parameter TimeLimit to value 7.4652628999999990e+00
Warning: unknown variable 'r_max' in bounds section (line 6696)
Warning: unknown variable 'r_min' in bounds section (line 6697)
Read LP format model from file E:\codes\ExactEBRP\results\gf_gurobi_performance_recovery_round29\development\V12_M1__c3_replica__60s\external\models\R.1.0.0.0.1.0.1.0.0.1.lp
Reading time = 0.02 seconds
obj: 6225 rows, 648 columns, 59365 nonzeros
Set parameter TimeLimit to value 7.3844511
Warning: unknown variable 'r_max' in bounds section (line 6696)
Warning: unknown variable 'r_min' in bounds section (line 6697)
Read LP format model from file E:\codes\ExactEBRP\results\gf_gurobi_performance_recovery_round29\development\V12_M1__c3_replica__60s\external\models\R.1.0.0.0.0.0.0.0.1.lp
Reading time = 0.01 seconds
obj: 6225 rows, 648 columns, 59365 nonzeros
Set parameter TimeLimit to value 6.4380266000000006e+00
Warning: unknown variable 'r_max' in bounds section (line 6696)
Warning: unknown variable 'r_min' in bounds section (line 6697)
Read LP format model from file E:\codes\ExactEBRP\results\gf_gurobi_performance_recovery_round29\development\V12_M1__c3_replica__60s\external\models\R.1.0.0.0.0.0.0.0.0.lp
Reading time = 0.02 seconds
obj: 6225 rows, 648 columns, 59365 nonzeros
Set parameter TimeLimit to value 6.2686084999999991e+00
Warning: unknown variable 'r_max' in bounds section (line 6696)
Warning: unknown variable 'r_min' in bounds section (line 6697)
Read LP format model from file E:\codes\ExactEBRP\results\gf_gurobi_performance_recovery_round29\development\V12_M1__c3_replica__60s\external\models\R.1.0.0.0.0.0.0.0.1.0.lp
Reading time = 0.02 seconds
obj: 6225 rows, 648 columns, 59365 nonzeros
Set parameter TimeLimit to value 6.0974459999999979e+00
Warning: unknown variable 'r_max' in bounds section (line 6696)
Warning: unknown variable 'r_min' in bounds section (line 6697)
Read LP format model from file E:\codes\ExactEBRP\results\gf_gurobi_performance_recovery_round29\development\V12_M1__c3_replica__60s\external\models\R.1.0.0.0.0.0.0.0.1.0.lp
Reading time = 0.01 seconds
obj: 6225 rows, 648 columns, 59365 nonzeros
Set parameter TimeLimit to value 6.0070890000000006e+00
Warning: unknown variable 'r_max' in bounds section (line 6696)
Warning: unknown variable 'r_min' in bounds section (line 6697)
Read LP format model from file E:\codes\ExactEBRP\results\gf_gurobi_performance_recovery_round29\development\V12_M1__c3_replica__60s\external\models\R.1.0.0.0.0.0.0.0.1.1.lp
Reading time = 0.01 seconds
obj: 6225 rows, 648 columns, 59365 nonzeros
Set parameter TimeLimit to value 5.6891709000000006e+00
Warning: unknown variable 'r_max' in bounds section (line 6696)
Warning: unknown variable 'r_min' in bounds section (line 6697)
Read LP format model from file E:\codes\ExactEBRP\results\gf_gurobi_performance_recovery_round29\development\V12_M1__c3_replica__60s\external\models\R.1.0.0.0.0.0.0.0.1.1.lp
Reading time = 0.01 seconds
obj: 6225 rows, 648 columns, 59365 nonzeros
Set parameter TimeLimit to value 5.6053977999999987e+00
Warning: unknown variable 'r_max' in bounds section (line 6696)
Warning: unknown variable 'r_min' in bounds section (line 6697)
Read LP format model from file E:\codes\ExactEBRP\results\gf_gurobi_performance_recovery_round29\development\V12_M1__c3_replica__60s\external\models\R.1.0.0.0.1.0.1.0.1.1.lp
Reading time = 0.02 seconds
obj: 6225 rows, 648 columns, 59365 nonzeros
Set parameter TimeLimit to value 5.2951162000000025e+00
Warning: unknown variable 'r_max' in bounds section (line 6696)
Warning: unknown variable 'r_min' in bounds section (line 6697)
Read LP format model from file E:\codes\ExactEBRP\results\gf_gurobi_performance_recovery_round29\development\V12_M1__c3_replica__60s\external\models\R.1.0.0.0.1.0.1.0.1.1.lp
Reading time = 0.01 seconds
obj: 6225 rows, 648 columns, 59365 nonzeros
Set parameter TimeLimit to value 5.2176223000000022e+00
Warning: unknown variable 'r_max' in bounds section (line 6696)
Warning: unknown variable 'r_min' in bounds section (line 6697)
Read LP format model from file E:\codes\ExactEBRP\results\gf_gurobi_performance_recovery_round29\development\V12_M1__c3_replica__60s\external\models\R.1.0.0.0.1.0.1.0.1.0.lp
Reading time = 0.02 seconds
obj: 6225 rows, 648 columns, 59365 nonzeros
Set parameter TimeLimit to value 4.0743500999999966e+00
Warning: unknown variable 'r_max' in bounds section (line 6696)
Warning: unknown variable 'r_min' in bounds section (line 6697)
Read LP format model from file E:\codes\ExactEBRP\results\gf_gurobi_performance_recovery_round29\development\V12_M1__c3_replica__60s\external\models\R.1.0.0.0.1.0.1.0.1.0.lp
Reading time = 0.02 seconds
obj: 6225 rows, 648 columns, 59365 nonzeros
Set parameter TimeLimit to value 3.9976422000000014e+00
Warning: unknown variable 'r_max' in bounds section (line 6696)
Warning: unknown variable 'r_min' in bounds section (line 6697)
Read LP format model from file E:\codes\ExactEBRP\results\gf_gurobi_performance_recovery_round29\development\V12_M1__c3_replica__60s\external\models\R.1.0.0.0.1.0.1.1.1.lp
Reading time = 0.01 seconds
obj: 6225 rows, 648 columns, 59365 nonzeros
Set parameter TimeLimit to value 2.7682343000000031e+00
Warning: unknown variable 'r_max' in bounds section (line 6696)
Warning: unknown variable 'r_min' in bounds section (line 6697)
Read LP format model from file E:\codes\ExactEBRP\results\gf_gurobi_performance_recovery_round29\development\V12_M1__c3_replica__60s\external\models\R.1.0.0.0.1.0.1.1.0.lp
Reading time = 0.01 seconds
obj: 6225 rows, 648 columns, 59365 nonzeros
Set parameter TimeLimit to value 2.6027340999999993e+00
Warning: unknown variable 'r_max' in bounds section (line 6696)
Warning: unknown variable 'r_min' in bounds section (line 6697)
Read LP format model from file E:\codes\ExactEBRP\results\gf_gurobi_performance_recovery_round29\development\V12_M1__c3_replica__60s\external\models\R.1.0.0.0.1.0.1.1.0.0.lp
Reading time = 0.01 seconds
obj: 6225 rows, 648 columns, 59365 nonzeros
Set parameter TimeLimit to value 2.4396210000000025e+00
Warning: unknown variable 'r_max' in bounds section (line 6696)
Warning: unknown variable 'r_min' in bounds section (line 6697)
Read LP format model from file E:\codes\ExactEBRP\results\gf_gurobi_performance_recovery_round29\development\V12_M1__c3_replica__60s\external\models\R.1.0.0.0.1.0.1.1.0.0.lp
Reading time = 0.01 seconds
obj: 6225 rows, 648 columns, 59365 nonzeros
Set parameter TimeLimit to value 2.3593556000000007e+00
Warning: unknown variable 'r_max' in bounds section (line 6696)
Warning: unknown variable 'r_min' in bounds section (line 6697)
Read LP format model from file E:\codes\ExactEBRP\results\gf_gurobi_performance_recovery_round29\development\V12_M1__c3_replica__60s\external\models\R.1.0.0.0.1.0.1.1.0.1.lp
Reading time = 0.01 seconds
obj: 6225 rows, 648 columns, 59365 nonzeros
Set parameter TimeLimit to value 1.1532620999999992e+00
Warning: unknown variable 'r_max' in bounds section (line 6696)
Warning: unknown variable 'r_min' in bounds section (line 6697)
Read LP format model from file E:\codes\ExactEBRP\results\gf_gurobi_performance_recovery_round29\development\V12_M1__c3_replica__60s\external\models\R.1.0.0.0.1.0.1.1.0.1.lp
Reading time = 0.01 seconds
obj: 6225 rows, 648 columns, 59365 nonzeros
Set parameter TimeLimit to value 1.0762769000000034e+00
