Warning, line 13821: Name 'r_max' does not exist.
Warning, line 13822: Name 'r_min' does not exist.
Version identifier: 22.1.1.0 | 2022-11-27 | 9160aff4d
CPXPARAM_Threads                                 1
CPXPARAM_MIP_Strategy_Search                     1
CPXPARAM_TimeLimit                               273.98575770000002
CPXPARAM_MIP_Tolerances_AbsMIPGap                0
CPXPARAM_MIP_Tolerances_MIPGap                   0
Generic callback                                 0xf0
Lazy constraint(s) or lazy constraint/branch callback is present.
    Disabling dual reductions (CPX_PARAM_REDUCE) in presolve.
    Disabling presolve reductions that prevent crushing forms (CPX_PARAM_PREREFORM).
Tried aggregator 2 times.
MIP Presolve eliminated 1068 rows and 4 columns.
MIP Presolve modified 43034 coefficients.
Aggregator did 40 substitutions.
Reduced MIP has 10675 rows, 3268 columns, and 63358 nonzeros.
Reduced MIP has 1491 binaries, 197 generals, 0 SOSs, and 0 indicators.
Presolve time = 0.06 sec. (93.94 ticks)
Probing fixed 0 vars, tightened 6 bounds.
Probing time = 0.03 sec. (63.27 ticks)
Tried aggregator 1 time.
MIP Presolve eliminated 24 rows and 12 columns.
Reduced MIP has 10651 rows, 3256 columns, and 62938 nonzeros.
Reduced MIP has 1485 binaries, 191 generals, 0 SOSs, and 0 indicators.
Presolve time = 0.02 sec. (35.08 ticks)
Probing time = 0.00 sec. (7.60 ticks)
Clique table members: 33598.
MIP emphasis: balance optimality and feasibility.
MIP search method: traditional branch-and-cut.
Parallel mode: none, using 1 thread.
Root relaxation solution time = 0.33 sec. (898.79 ticks)

        Nodes                                         Cuts/
   Node  Left     Objective  IInf  Best Integer    Best Bound    ItCnt     Gap         Variable B NodeID Parent  Depth

      0     0        0.1018   292                      0.1018     4653         
      0     0        0.1023   309                   Cuts: 228     6096         
      0     0        0.1048   340                   Cuts: 206     8336         
      0     0        0.1053   360                   Cuts: 221     8842         
      0     0        0.1059   384                   Cuts: 195     9418         
      0     0        0.1071   357                   Cuts: 176     9963         
      0     0        0.1109   387                   Cuts: 229    10981         
      0     0        0.1115   386                   Cuts: 163    11717         
      0     0        0.1117   421                   Cuts: 169    12379         
      0     0        0.1118   406                   Cuts: 144    12874         
      0     0        0.1119   384                   Cuts: 140    13337         
      0     0        0.1119   435                   Cuts: 128    13533         
      0     0        0.1119   409                    Cuts: 92    13723         
      0     0        0.1119   430                   Cuts: 143    13983         
      0     2        0.1119   430                      0.1119    13983                                 0             0
Elapsed time = 6.34 sec. (15789.14 ticks, tree = 0.01 MB, solutions = 0)
      2     4        0.1753   368                      0.1130    17718                          X      2      0      1
      3     5        0.1184   419                      0.1130    18691                          X      3      1      2
      4     6        0.1438   429                      0.1184    22157                          X      4      1      2
      5     7        0.1363   415                      0.1184    24176                          X      5      3      3
      7     9        0.1349   428                      0.1323    24854                          X      7      6      4
      8    10        0.1394   423                      0.1349    25628                          X      8      6      4
      9    11        0.1385   437                      0.1349    27001                          X      9      7      5
     10    12        0.1382   430                      0.1363    28166                          X     10      7      5
     12    14        0.1399   429                      0.1363    29031                          X     12     10      6
     13    15        0.1401   430                      0.1363    30490                          X     13     11      7
Elapsed time = 10.64 sec. (24035.41 ticks, tree = 0.75 MB, solutions = 0)
     18    20        0.1406   420                      0.1363    31394                          X     18     17     10
     19    21        0.1406   425                      0.1363    31933                          X     19     17     10
     20    22        0.1406   424                      0.1363    31942                  bit_5_4 D     20     18     11
     21    23        0.1406   414                      0.1363    31953                  bit_2_5 D     21     20     12
     22    24        0.1406   411                      0.1363    31958                 bit_20_5 D     22     21     13
     23    23    infeasible                            0.1363    33280                 bit_20_5 U     23     21     13
     24    24        0.1406   407                      0.1363    33284                  bit_5_3 D     24     22     14
     25    25        0.1411   421                      0.1363    34747                      Y_6 D     25     24     15
     26    26        0.1512   383                      0.1363    36664                      Y_6 U     26     24     15
     28    26    infeasible                            0.1363    45398                  bit_3_5 U     28     25     16
Elapsed time = 25.05 sec. (54986.92 ticks, tree = 2.16 MB, solutions = 0)
     33    29    infeasible                            0.1363    47135                 x_0_0_19 U     33     32     19
     36    30        0.1918   394                      0.1363    48625                 x_0_0_10 D     36     34     20
     44    34        0.1483   427                      0.1363    50993                          X     44     43      7
     50    40        0.1463   405                      0.1363    52220                          X     50     49     10
     55    45        0.1525   305                      0.1363    54641                 x_0_0_19 U     55     53     13
     60    48        0.1771   322                      0.1363    56020                     Y_19 D     60     58     17
     71    51        0.1785   307                      0.1363    57952                   z_0_18 D     71     68     24
     73    51        0.1802   279                      0.1363    59784                   z_1_18 D     73     71     25
     79    51        0.1731   421                      0.1385    62413                          X     79     78      6
     85    57        0.1693   430                      0.1385    63332                          X     85     84      9
Elapsed time = 32.67 sec. (69105.14 ticks, tree = 5.15 MB, solutions = 0)
     92    60    infeasible                            0.1385    64685                     Y_19 D     92     91     13
     98    64        0.1422   409                      0.1385    66184                          X     98     97     10
    101    67        0.1841   351                      0.1385    70190                   z_0_18 D    101    100     13
    102    66    infeasible                            0.1385    73950                     Y_19 D    102    101     14
    108    70        0.1430   415                      0.1394    76431                          X    108    107      9
    112    74        0.1441   390                      0.1394    77837                   z_2_18 D    112    110     11
    113    75        0.1492   331                      0.1394    79288                   z_0_18 D    113    112     12
    116    76        0.1774   320                      0.1394    80292                     Y_19 D    116    114     14
    119    75        0.1430   421                      0.1394    82275                          X    119      8      5
    126    82        0.1441   389                      0.1394    83707                          X    126    123     10
Elapsed time = 39.78 sec. (81785.10 ticks, tree = 7.71 MB, solutions = 0)
    129    85        0.1639   334                      0.1394    87872                   z_0_18 D    129    128     13
    130    86        0.1639   316                      0.1394    90083                  bit_3_5 D    130    129     14
    135    87        0.1639   309                      0.1394    93754                 x_0_0_19 D    135    133     17
    140    92        0.1824   284                      0.1394    99501                      Y_6 U    140    138     21
    141    93        0.1661   385                      0.1394   104083                     Y_14 U    141    139     22
    143    91    infeasible                            0.1394   107976                     Y_19 D    143    141     23
    149    97        0.1415   386                      0.1399   108901                          X    149    148      9
    154   102        0.1419   351                      0.1399   110220                   z_1_18 D    154    153     12
    155   103        0.1707   336                      0.1399   114410                   z_0_18 D    155    154     13
    156   104        0.1742   308                      0.1399   117527                     Y_14 D    156    155     14
Elapsed time = 51.39 sec. (104903.07 ticks, tree = 9.94 MB, solutions = 0)
    162   108        0.1742   299                      0.1399   120178                 x_0_0_10 U    162    160     18
    163   109        0.1759   325                      0.1399   124814                      Y_6 D    163    162     19
    164   110        0.1933   319                      0.1399   129407                      Y_6 U    164    162     19
    167   113        0.1759   285                      0.1399   130889                  bit_5_4 D    167    166     22
    172   116        0.1784   323                      0.1399   134933                     Y_11 U    172    171     26
    173   117        0.1794   308                      0.1399   139447                     Y_11 D    173    171     26
    175   117    infeasible                            0.1399   142135                     Y_14 D    175    173     27
    177   115    infeasible                            0.1399   144515                     Y_19 D    177    174     28
    183   121        0.1427   358                      0.1399   146808                   z_1_18 D    183    182     12
    184   122        0.1818   344                      0.1399   151257                   z_0_18 D    184    183     13
Elapsed time = 60.44 sec. (122586.20 ticks, tree = 11.94 MB, solutions = 0)
    188   122        0.1406   434                      0.1399   152710                          X    188    187      8
    195   129        0.1750   347                      0.1399   158552                   z_0_18 D    195    194     13
    198   128    infeasible                            0.1399   162253                     Y_19 D    198    196     15
    200   130        0.1410   419                      0.1401   163384                          X    200    199      8
    204   134        0.1413   364                      0.1401   164638                   z_1_18 D    204    203     12
    205   135        0.1729   306                      0.1401   167290                   z_0_18 D    205    204     13
    206   136        0.1742   316                      0.1401   171199                     Y_14 N    206    205     14
    215   141    infeasible                            0.1401   172885                     Y_19 D    215    213     22
    221   147        0.1415   381                      0.1401   174447                   z_2_18 D    221    220     11
    223   149        0.1787   314                      0.1401   178266                   z_0_18 D    223    222     13
Elapsed time = 68.61 sec. (138149.06 ticks, tree = 14.83 MB, solutions = 0)
    232   156        0.1651   331                      0.1401   181044                      Y_6 U    232    230     19
    241   165        0.1512   299                      0.1401   183632                  x_0_0_6 U    241    240     26
    252   174        0.1644   217                      0.1401   186106                   z_0_19 U    252    251     34
    258   176    infeasible                            0.1401   188515                 x_0_9_19 U    258    255     37
    265   179    infeasible                            0.1401   190941                 x_1_0_14 U    265    264     43
    270   180        0.1648   207                      0.1401   193349                x_0_18_10 D    270    267     45
    276   182    infeasible                            0.1401   195716                x_0_18_13 U    276    274     49
    283   183    infeasible                            0.1401   198247                 x_0_3_10 U    283    281     53
    291   185    infeasible                            0.1401   200434                x_0_12_19 U    291    288     58
    297   185    infeasible                            0.1401   203258                 x_0_3_13 U    297    294     61
Elapsed time = 73.61 sec. (149672.61 ticks, tree = 18.99 MB, solutions = 0)
    302   186    infeasible                            0.1401   204990                 x_0_12_7 U    302    300     64
    309   189    infeasible                            0.1401   206964                 x_0_12_4 U    309    307     69
    317   191        0.1653   269                      0.1401   208736                 x_0_8_19 D    317    314     74
    330   196        0.1655   267                      0.1401   210285                 x_0_11_7 D    330    329     83
    336   196    infeasible                            0.1401   213251                  x_0_5_7 U    336    334     87
    341   199        0.1660   263                      0.1401   214292                 x_0_18_2 D    341    340     90
    346   198    infeasible                            0.1401   216145                 x_1_0_11 U    346    343     92
    357   201        0.1661   282                      0.1401   217917                  x_1_0_2 D    357    354     99
    364   202    infeasible                            0.1401   220527                 x_0_2_16 U    364    362    103
    374   204    infeasible                            0.1401   223137                 x_0_5_10 U    374    371    109
Elapsed time = 78.25 sec. (160264.13 ticks, tree = 21.13 MB, solutions = 0)
    382   206    infeasible                            0.1401   225552                 x_0_5_16 U    382    380    114
    390   210        0.1664   287                      0.1401   227373                  x_0_8_1 D    390    388    120
    398   212        0.1665   276                      0.1401   229715                 x_0_17_1 D    398    395    125
    406   216        0.1417   382                      0.1402   232560                   z_1_18 D    406    405     12
    407   217        0.1784   358                      0.1402   235691                   z_0_18 D    407    406     13
    408   216    infeasible                            0.1402   240039                     Y_19 D    408    407     14
    414   220        0.1413   371                      0.1402   241974                   z_1_18 D    414    413     12
    415   221        0.1766   339                      0.1402   245238                   z_0_18 D    415    414     13
    420   226        0.1448   361                      0.1402   246437                 bit_17_5 D    420    419     17
    444   246        0.1864   295                      0.1402   255489                     Y_19 D    444    442     34
Elapsed time = 85.55 sec. (175089.24 ticks, tree = 25.88 MB, solutions = 0)
    485   265        0.1414   374                      0.1404   265407                   z_1_18 D    485    484     12
    490   266        0.1407   422                      0.1404   274860                          X    490    489     10
    503   275    infeasible                            0.1404   281633                 bit_20_5 U    503    501     19
    540   304        0.1664   204                      0.1404   290443                     Y_14 D    540    538     48
    575   317    infeasible                            0.1404   298767                 x_0_7_15 U    575    573     72
    597   323        0.1406   431                      0.1405   306354                          X    597    402      9
    609   331        0.1417   335                      0.1405   316064                   z_1_18 D    609    608     13
    631   347        0.1623   331                      0.1405   325407                   z_2_16 D    631    630     14
    680   384        0.1411   374                      0.1405   333057                   z_2_16 D    680    679     12
    702   404        0.1664   285                      0.1405   341889                  bit_6_2 U    702    700     31
Elapsed time = 104.33 sec. (215161.97 ticks, tree = 43.73 MB, solutions = 0)
    738   430        0.1779   300                      0.1405   349245                  x_0_0_6 D    738    737     60
    802   472        0.1658   312                      0.1406   358455                 x_2_0_20 D    802    801     29
    852   514        0.1788   349                      0.1406   370181                   z_0_18 D    852    851     15
    888   544        0.1680   294                      0.1406   379441                 x_0_9_16 D    888    887     45
    941   577        0.1711   267                      0.1406   388545                x_0_12_10 D    941    939     86
   1013   611        0.1724   408                      0.1406   396723                  bit_5_3 U   1013     22     14
   1063   647        0.1410   438                      0.1406   406315                          X   1063    178      8
   1088   666    infeasible                            0.1406   416381                   z_0_18 D   1088   1087     21
   1130   696        0.1545   340                      0.1407   427850                   z_2_18 U   1130    483     11
   1176   724        0.1865   308                      0.1407   437638                     Y_19 D   1176   1175     14
Elapsed time = 122.86 sec. (255586.65 ticks, tree = 79.77 MB, solutions = 0)
   1230   772        0.1849   309                      0.1407   447939                     Y_19 D   1230   1228     16
   1315   841    infeasible                            0.1407   458463                  x_2_0_1 D   1315   1314     73
   1328   852        0.1754   317                      0.1407   469271                   z_2_18 D   1328   1327     16
   1336   860        0.1760   305                      0.1407   481685                  x_2_0_4 N   1336   1335     23
   1349   867        0.1568   306                      0.1407   491046                   z_2_19 U   1349   1348     16
   1438   944        0.1408   405                      0.1408   500555                   z_2_18 N   1438    490     11
   1476   978        0.1466   320                      0.1408   512457                   z_0_18 U   1476   1474     15
   1514  1002    infeasible                            0.1408   523902                 x_0_18_4 U   1514   1512     45
   1572  1036    infeasible                            0.1408   532894                 x_0_6_13 U   1572   1569     90
   1607  1059        0.1776   341                      0.1408   543950                   z_2_18 D   1607   1605     16
Elapsed time = 143.33 sec. (297962.30 ticks, tree = 117.43 MB, solutions = 0)
   1671  1111        0.1920   266                      0.1408   555095                 x_2_0_11 U   1671   1669     71
   1709  1137        0.1545   313                      0.1408   564811                   z_2_18 U   1709   1706     16
   1751  1163        0.1520   348                      0.1408   576546                   z_2_18 U   1751    191     11
   1766  1174        0.1823   334                      0.1408   587209                   z_2_18 D   1766   1765     17
   1788  1190        0.1885   275                      0.1408   596789                 x_0_0_18 D   1788   1787     28
   1820  1210    infeasible                            0.1408   608451                 x_0_20_7 U   1820   1818     33
   1843  1225        0.1659   299                      0.1408   618648                      Y_5 D   1843   1841     19
   1921  1299        0.1504   338                      0.1409   628519                   z_2_16 D   1921   1920     17
   1985  1355        0.1493   352                      0.1409   638476                   z_2_19 U   1985   1470     11
   2009  1371        0.1712   304                      0.1409   648206                   z_2_18 U   2009   2007     15
Elapsed time = 162.22 sec. (338307.53 ticks, tree = 152.67 MB, solutions = 0)
   2080  1428        0.1892   311                      0.1409   657832                  x_0_8_7 D   2080   2079     47
   2142  1478        0.1684   293                      0.1409   667497                 x_2_0_20 D   2142   2141     45
   2177  1505        0.1409   407                      0.1409   676504                   z_2_16 N   2177    847     11
   2184  1510    infeasible                            0.1409   686653                     Y_14 D   2184   2183     18
   2246  1552        0.1895   312                      0.1409   695303                  x_2_0_1 D   2246   2245     61
   2309  1601        0.1517   348                      0.1410   706719                   z_2_18 U   2309    849     13
   2355  1637        0.1801   362                      0.1410   720171                   z_2_18 D   2355   2354     14
   2381  1659        0.1895   302                      0.1410   730802                     Y_19 D   2381   2380     28
   2416  1686    infeasible                            0.1410   739578                 x_0_9_16 U   2416   2414     32
   2439  1699        0.1480   332                      0.1410   749787                   z_2_19 U   2439   1793     12
Elapsed time = 182.27 sec. (380135.60 ticks, tree = 189.60 MB, solutions = 0)
   2509  1759        0.1784   209                      0.1410   757654                 x_1_2_10 D   2509   2508     77
   2536  1778        0.1737   378                      0.1410   771918                   z_2_18 D   2536   2535     17
   2539  1779    infeasible                            0.1410   782523                     Y_14 D   2539   2538     20
   2550  1786        0.1463   329                      0.1410   792573                   z_1_18 D   2550   2549     16
   2566  1796        0.1447   359                      0.1410   803243                   z_0_18 D   2566   2565     15
   2571  1797        0.1476   344                      0.1410   813178                   z_2_19 U   2571   1701     11
   2598  1820        0.1667   295                      0.1410   823194                 x_2_0_20 D   2598   2597     26
   2654  1866        0.1421   402                      0.1411   832028                          X   2654   2653      8
   2672  1879        0.1449   340                      0.1411   841195                   z_1_16 D   2672   2671     12
   2701  1902        0.1731   356                      0.1411   855004                   z_1_18 D   2701   2700     18
Elapsed time = 203.86 sec. (422973.78 ticks, tree = 212.45 MB, solutions = 0)
   2708  1903        0.1508   336                      0.1411   864390                   z_2_16 U   2708    679     12
   2723  1914        0.1883   351                      0.1411   872476                   z_1_16 D   2723   2722     17
   2742  1925        0.1818   322                      0.1411   882561                   z_2_19 U   2742   2740     17
   2760  1933        0.1536   355                      0.1411   892235                  x_2_0_2 D   2760   2759     13
   2830  1999        0.1706   278                      0.1411   902403                 x_0_5_10 D   2830   2829     73
   2916  2079        0.1685   314                      0.1411   911724                 x_2_0_19 U   2916   2914     17
   2932  2091        0.1473   303                      0.1411   922074                   z_0_19 U   2932   2930     14
   2956  2111        0.1798   342                      0.1411   935297                   z_2_18 D   2956   2955     17
   3001  2142        0.1865   308                      0.1411   947694                     Y_19 D   3001   2999     20
   3077  2206        0.1584   349                      0.1412   959463                   z_1_18 U   3077   1703     13
Elapsed time = 223.84 sec. (463209.38 ticks, tree = 246.76 MB, solutions = 0)
   3197  2319        0.2012   338                      0.1412   969434                  x_2_0_9 U   3197   3195     21
   3205  2321        0.1499   344                      0.1412   979636                   z_2_19 U   3205   1759     12
   3233  2341        0.1900   287                      0.1412   989666                   z_2_16 D   3233   3232     25
   3248  2352        0.1543   309                      0.1412  1000341                   z_2_18 U   3248   3246     17
   3303  2387        0.1414   448                      0.1412  1010415                          X   3303    179      9
   3317  2401        0.1813   337                      0.1412  1021885                   z_2_18 D   3317   3316     20
   3347  2421        0.1506   311                      0.1412  1031471                   z_0_19 D   3347   3346     20
   3364  2432        0.1723   324                      0.1412  1042962                   z_2_18 D   3364   3363     17
   3412  2462    infeasible                            0.1412  1053397                  x_2_8_0 U   3412   3411     51
   3436  2470        0.1483   342                      0.1413  1065199                   z_1_16 U   3436   2694     12
Elapsed time = 244.06 sec. (504289.53 ticks, tree = 276.48 MB, solutions = 0)
   3462  2486        0.1414   446                      0.1413  1075269                          X   3462   1064     10
   3478  2498        0.1578   353                      0.1413  1085301                     Y_14 U   3478   3476     15
   3583  2571        0.1468   332                      0.1413  1094391                   z_0_19 U   3583   3582     14
   3609  2593        0.1715   307                      0.1413  1108335                   z_1_18 D   3609   3608     16
   3614  2598        0.1844   321                      0.1413  1121215                  x_0_0_1 U   3614   3612     20
   3618  2602        0.1761   291                      0.1413  1132448                   z_1_16 U   3618   3616     23
   3631  2609        0.1742   297                      0.1413  1146372                     Y_14 D   3631   3630     17
   3640  2614        0.1610   350                      0.1413  1156776                   z_1_18 U   3640    608     13
   3724  2678        0.1710   290                      0.1413  1166314                x_0_14_16 D   3724   3723     34
   3793  2739        0.1745   317                      0.1413  1175946                   z_1_18 D   3793   3792     16
Elapsed time = 267.22 sec. (550005.49 ticks, tree = 306.78 MB, solutions = 0)
   3818  2755        0.1511   345                      0.1413  1186737                      Y_6 U   3818   1704     14
   3836  2767        0.1697   304                      0.1413  1198071                   z_1_18 D   3836   3835     18
   3862  2783        0.1654   272                      0.1413  1208175                   z_2_16 D   3862   3861     16

GUB cover cuts applied:  5
Cover cuts applied:  4
Implied bound cuts applied:  172
Flow cuts applied:  204
Mixed integer rounding cuts applied:  42
Zero-half cuts applied:  21
Gomory fractional cuts applied:  4

Root node processing (before b&c):
  Real time             =    6.25 sec. (15613.03 ticks)
Sequential b&c:
  Real time             =  267.75 sec. (547300.63 ticks)
                          ------------
Total (root+branch&cut) =  274.00 sec. (562913.66 ticks)
CPLEX Error  1217: No solution exists.
CPLEX Error  1217: No solution exists.
CPLEX Error  1217: No solution exists.

--- ROUND21 RUNNER CAPTURED STDOUT ---
Version identifier: 22.1.1.0 | 2022-11-27 | 9160aff4d
CPXPARAM_Threads                                 1
CPXPARAM_MIP_Strategy_Search                     1
CPXPARAM_TimeLimit                               273.98575770000002
CPXPARAM_MIP_Tolerances_AbsMIPGap                0
CPXPARAM_MIP_Tolerances_MIPGap                   0
Generic callback                                 0xf0
Tried aggregator 2 times.
MIP Presolve eliminated 1068 rows and 4 columns.
MIP Presolve modified 43034 coefficients.
Aggregator did 40 substitutions.
Reduced MIP has 10675 rows, 3268 columns, and 63358 nonzeros.
Reduced MIP has 1491 binaries, 197 generals, 0 SOSs, and 0 indicators.
Presolve time = 0.06 sec. (93.94 ticks)
Probing fixed 0 vars, tightened 6 bounds.
Probing time = 0.03 sec. (63.27 ticks)
Tried aggregator 1 time.
MIP Presolve eliminated 24 rows and 12 columns.
Reduced MIP has 10651 rows, 3256 columns, and 62938 nonzeros.
Reduced MIP has 1485 binaries, 191 generals, 0 SOSs, and 0 indicators.
Presolve time = 0.02 sec. (35.08 ticks)
Probing time = 0.00 sec. (7.60 ticks)
Clique table members: 33598.
MIP emphasis: balance optimality and feasibility.
MIP search method: traditional branch-and-cut.
Parallel mode: none, using 1 thread.
Root relaxation solution time = 0.33 sec. (898.79 ticks)

        Nodes                                         Cuts/
   Node  Left     Objective  IInf  Best Integer    Best Bound    ItCnt     Gap         Variable B NodeID Parent  Depth

      0     0        0.1018   292                      0.1018     4653         
      0     0        0.1023   309                   Cuts: 228     6096         
      0     0        0.1048   340                   Cuts: 206     8336         
      0     0        0.1053   360                   Cuts: 221     8842         
      0     0        0.1059   384                   Cuts: 195     9418         
      0     0        0.1071   357                   Cuts: 176     9963         
      0     0        0.1109   387                   Cuts: 229    10981         
      0     0        0.1115   386                   Cuts: 163    11717         
      0     0        0.1117   421                   Cuts: 169    12379         
      0     0        0.1118   406                   Cuts: 144    12874         
      0     0        0.1119   384                   Cuts: 140    13337         
      0     0        0.1119   435                   Cuts: 128    13533         
      0     0        0.1119   409                    Cuts: 92    13723         
      0     0        0.1119   430                   Cuts: 143    13983         
      0     2        0.1119   430                      0.1119    13983                                 0             0
Elapsed time = 6.34 sec. (15789.14 ticks, tree = 0.01 MB, solutions = 0)
      2     4        0.1753   368                      0.1130    17718                          X      2      0      1
      3     5        0.1184   419                      0.1130    18691                          X      3      1      2
      4     6        0.1438   429                      0.1184    22157                          X      4      1      2
      5     7        0.1363   415                      0.1184    24176                          X      5      3      3
      7     9        0.1349   428                      0.1323    24854                          X      7      6      4
      8    10        0.1394   423                      0.1349    25628                          X      8      6      4
      9    11        0.1385   437                      0.1349    27001                          X      9      7      5
     10    12        0.1382   430                      0.1363    28166                          X     10      7      5
     12    14        0.1399   429                      0.1363    29031                          X     12     10      6
     13    15        0.1401   430                      0.1363    30490                          X     13     11      7
Elapsed time = 10.64 sec. (24035.41 ticks, tree = 0.75 MB, solutions = 0)
     18    20        0.1406   420                      0.1363    31394                          X     18     17     10
     19    21        0.1406   425                      0.1363    31933                          X     19     17     10
     20    22        0.1406   424                      0.1363    31942                  bit_5_4 D     20     18     11
     21    23        0.1406   414                      0.1363    31953                  bit_2_5 D     21     20     12
     22    24        0.1406   411                      0.1363    31958                 bit_20_5 D     22     21     13
     23    23    infeasible                            0.1363    33280                 bit_20_5 U     23     21     13
     24    24        0.1406   407                      0.1363    33284                  bit_5_3 D     24     22     14
     25    25        0.1411   421                      0.1363    34747                      Y_6 D     25     24     15
     26    26        0.1512   383                      0.1363    36664                      Y_6 U     26     24     15
     28    26    infeasible                            0.1363    45398                  bit_3_5 U     28     25     16
Elapsed time = 25.05 sec. (54986.92 ticks, tree = 2.16 MB, solutions = 0)
     33    29    infeasible                            0.1363    47135                 x_0_0_19 U     33     32     19
     36    30        0.1918   394                      0.1363    48625                 x_0_0_10 D     36     34     20
     44    34        0.1483   427                      0.1363    50993                          X     44     43      7
     50    40        0.1463   405                      0.1363    52220                          X     50     49     10
     55    45        0.1525   305                      0.1363    54641                 x_0_0_19 U     55     53     13
     60    48        0.1771   322                      0.1363    56020                     Y_19 D     60     58     17
     71    51        0.1785   307                      0.1363    57952                   z_0_18 D     71     68     24
     73    51        0.1802   279                      0.1363    59784                   z_1_18 D     73     71     25
     79    51        0.1731   421                      0.1385    62413                          X     79     78      6
     85    57        0.1693   430                      0.1385    63332                          X     85     84      9
Elapsed time = 32.67 sec. (69105.14 ticks, tree = 5.15 MB, solutions = 0)
     92    60    infeasible                            0.1385    64685                     Y_19 D     92     91     13
     98    64        0.1422   409                      0.1385    66184                          X     98     97     10
    101    67        0.1841   351                      0.1385    70190                   z_0_18 D    101    100     13
    102    66    infeasible                            0.1385    73950                     Y_19 D    102    101     14
    108    70        0.1430   415                      0.1394    76431                          X    108    107      9
    112    74        0.1441   390                      0.1394    77837                   z_2_18 D    112    110     11
    113    75        0.1492   331                      0.1394    79288                   z_0_18 D    113    112     12
    116    76        0.1774   320                      0.1394    80292                     Y_19 D    116    114     14
    119    75        0.1430   421                      0.1394    82275                          X    119      8      5
    126    82        0.1441   389                      0.1394    83707                          X    126    123     10
Elapsed time = 39.78 sec. (81785.10 ticks, tree = 7.71 MB, solutions = 0)
    129    85        0.1639   334                      0.1394    87872                   z_0_18 D    129    128     13
    130    86        0.1639   316                      0.1394    90083                  bit_3_5 D    130    129     14
    135    87        0.1639   309                      0.1394    93754                 x_0_0_19 D    135    133     17
    140    92        0.1824   284                      0.1394    99501                      Y_6 U    140    138     21
    141    93        0.1661   385                      0.1394   104083                     Y_14 U    141    139     22
    143    91    infeasible                            0.1394   107976                     Y_19 D    143    141     23
    149    97        0.1415   386                      0.1399   108901                          X    149    148      9
    154   102        0.1419   351                      0.1399   110220                   z_1_18 D    154    153     12
    155   103        0.1707   336                      0.1399   114410                   z_0_18 D    155    154     13
    156   104        0.1742   308                      0.1399   117527                     Y_14 D    156    155     14
Elapsed time = 51.39 sec. (104903.07 ticks, tree = 9.94 MB, solutions = 0)
    162   108        0.1742   299                      0.1399   120178                 x_0_0_10 U    162    160     18
    163   109        0.1759   325                      0.1399   124814                      Y_6 D    163    162     19
    164   110        0.1933   319                      0.1399   129407                      Y_6 U    164    162     19
    167   113        0.1759   285                      0.1399   130889                  bit_5_4 D    167    166     22
    172   116        0.1784   323                      0.1399   134933                     Y_11 U    172    171     26
    173   117        0.1794   308                      0.1399   139447                     Y_11 D    173    171     26
    175   117    infeasible                            0.1399   142135                     Y_14 D    175    173     27
    177   115    infeasible                            0.1399   144515                     Y_19 D    177    174     28
    183   121        0.1427   358                      0.1399   146808                   z_1_18 D    183    182     12
    184   122        0.1818   344                      0.1399   151257                   z_0_18 D    184    183     13
Elapsed time = 60.44 sec. (122586.20 ticks, tree = 11.94 MB, solutions = 0)
    188   122        0.1406   434                      0.1399   152710                          X    188    187      8
    195   129        0.1750   347                      0.1399   158552                   z_0_18 D    195    194     13
    198   128    infeasible                            0.1399   162253                     Y_19 D    198    196     15
    200   130        0.1410   419                      0.1401   163384                          X    200    199      8
    204   134        0.1413   364                      0.1401   164638                   z_1_18 D    204    203     12
    205   135        0.1729   306                      0.1401   167290                   z_0_18 D    205    204     13
    206   136        0.1742   316                      0.1401   171199                     Y_14 N    206    205     14
    215   141    infeasible                            0.1401   172885                     Y_19 D    215    213     22
    221   147        0.1415   381                      0.1401   174447                   z_2_18 D    221    220     11
    223   149        0.1787   314                      0.1401   178266                   z_0_18 D    223    222     13
Elapsed time = 68.61 sec. (138149.06 ticks, tree = 14.83 MB, solutions = 0)
    232   156        0.1651   331                      0.1401   181044                      Y_6 U    232    230     19
    241   165        0.1512   299                      0.1401   183632                  x_0_0_6 U    241    240     26
    252   174        0.1644   217                      0.1401   186106                   z_0_19 U    252    251     34
    258   176    infeasible                            0.1401   188515                 x_0_9_19 U    258    255     37
    265   179    infeasible                            0.1401   190941                 x_1_0_14 U    265    264     43
    270   180        0.1648   207                      0.1401   193349                x_0_18_10 D    270    267     45
    276   182    infeasible                            0.1401   195716                x_0_18_13 U    276    274     49
    283   183    infeasible                            0.1401   198247                 x_0_3_10 U    283    281     53
    291   185    infeasible                            0.1401   200434                x_0_12_19 U    291    288     58
    297   185    infeasible                            0.1401   203258                 x_0_3_13 U    297    294     61
Elapsed time = 73.61 sec. (149672.61 ticks, tree = 18.99 MB, solutions = 0)
    302   186    infeasible                            0.1401   204990                 x_0_12_7 U    302    300     64
    309   189    infeasible                            0.1401   206964                 x_0_12_4 U    309    307     69
    317   191        0.1653   269                      0.1401   208736                 x_0_8_19 D    317    314     74
    330   196        0.1655   267                      0.1401   210285                 x_0_11_7 D    330    329     83
    336   196    infeasible                            0.1401   213251                  x_0_5_7 U    336    334     87
    341   199        0.1660   263                      0.1401   214292                 x_0_18_2 D    341    340     90
    346   198    infeasible                            0.1401   216145                 x_1_0_11 U    346    343     92
    357   201        0.1661   282                      0.1401   217917                  x_1_0_2 D    357    354     99
    364   202    infeasible                            0.1401   220527                 x_0_2_16 U    364    362    103
    374   204    infeasible                            0.1401   223137                 x_0_5_10 U    374    371    109
Elapsed time = 78.25 sec. (160264.13 ticks, tree = 21.13 MB, solutions = 0)
    382   206    infeasible                            0.1401   225552                 x_0_5_16 U    382    380    114
    390   210        0.1664   287                      0.1401   227373                  x_0_8_1 D    390    388    120
    398   212        0.1665   276                      0.1401   229715                 x_0_17_1 D    398    395    125
    406   216        0.1417   382                      0.1402   232560                   z_1_18 D    406    405     12
    407   217        0.1784   358                      0.1402   235691                   z_0_18 D    407    406     13
    408   216    infeasible                            0.1402   240039                     Y_19 D    408    407     14
    414   220        0.1413   371                      0.1402   241974                   z_1_18 D    414    413     12
    415   221        0.1766   339                      0.1402   245238                   z_0_18 D    415    414     13
    420   226        0.1448   361                      0.1402   246437                 bit_17_5 D    420    419     17
    444   246        0.1864   295                      0.1402   255489                     Y_19 D    444    442     34
Elapsed time = 85.55 sec. (175089.24 ticks, tree = 25.88 MB, solutions = 0)
    485   265        0.1414   374                      0.1404   265407                   z_1_18 D    485    484     12
    490   266        0.1407   422                      0.1404   274860                          X    490    489     10
    503   275    infeasible                            0.1404   281633                 bit_20_5 U    503    501     19
    540   304        0.1664   204                      0.1404   290443                     Y_14 D    540    538     48
    575   317    infeasible                            0.1404   298767                 x_0_7_15 U    575    573     72
    597   323        0.1406   431                      0.1405   306354                          X    597    402      9
    609   331        0.1417   335                      0.1405   316064                   z_1_18 D    609    608     13
    631   347        0.1623   331                      0.1405   325407                   z_2_16 D    631    630     14
    680   384        0.1411   374                      0.1405   333057                   z_2_16 D    680    679     12
    702   404        0.1664   285                      0.1405   341889                  bit_6_2 U    702    700     31
Elapsed time = 104.33 sec. (215161.97 ticks, tree = 43.73 MB, solutions = 0)
    738   430        0.1779   300                      0.1405   349245                  x_0_0_6 D    738    737     60
    802   472        0.1658   312                      0.1406   358455                 x_2_0_20 D    802    801     29
    852   514        0.1788   349                      0.1406   370181                   z_0_18 D    852    851     15
    888   544        0.1680   294                      0.1406   379441                 x_0_9_16 D    888    887     45
    941   577        0.1711   267                      0.1406   388545                x_0_12_10 D    941    939     86
   1013   611        0.1724   408                      0.1406   396723                  bit_5_3 U   1013     22     14
   1063   647        0.1410   438                      0.1406   406315                          X   1063    178      8
   1088   666    infeasible                            0.1406   416381                   z_0_18 D   1088   1087     21
   1130   696        0.1545   340                      0.1407   427850                   z_2_18 U   1130    483     11
   1176   724        0.1865   308                      0.1407   437638                     Y_19 D   1176   1175     14
Elapsed time = 122.86 sec. (255586.65 ticks, tree = 79.77 MB, solutions = 0)
   1230   772        0.1849   309                      0.1407   447939                     Y_19 D   1230   1228     16
   1315   841    infeasible                            0.1407   458463                  x_2_0_1 D   1315   1314     73
   1328   852        0.1754   317                      0.1407   469271                   z_2_18 D   1328   1327     16
   1336   860        0.1760   305                      0.1407   481685                  x_2_0_4 N   1336   1335     23
   1349   867        0.1568   306                      0.1407   491046                   z_2_19 U   1349   1348     16
   1438   944        0.1408   405                      0.1408   500555                   z_2_18 N   1438    490     11
   1476   978        0.1466   320                      0.1408   512457                   z_0_18 U   1476   1474     15
   1514  1002    infeasible                            0.1408   523902                 x_0_18_4 U   1514   1512     45
   1572  1036    infeasible                            0.1408   532894                 x_0_6_13 U   1572   1569     90
   1607  1059        0.1776   341                      0.1408   543950                   z_2_18 D   1607   1605     16
Elapsed time = 143.33 sec. (297962.30 ticks, tree = 117.43 MB, solutions = 0)
   1671  1111        0.1920   266                      0.1408   555095                 x_2_0_11 U   1671   1669     71
   1709  1137        0.1545   313                      0.1408   564811                   z_2_18 U   1709   1706     16
   1751  1163        0.1520   348                      0.1408   576546                   z_2_18 U   1751    191     11
   1766  1174        0.1823   334                      0.1408   587209                   z_2_18 D   1766   1765     17
   1788  1190        0.1885   275                      0.1408   596789                 x_0_0_18 D   1788   1787     28
   1820  1210    infeasible                            0.1408   608451                 x_0_20_7 U   1820   1818     33
   1843  1225        0.1659   299                      0.1408   618648                      Y_5 D   1843   1841     19
   1921  1299        0.1504   338                      0.1409   628519                   z_2_16 D   1921   1920     17
   1985  1355        0.1493   352                      0.1409   638476                   z_2_19 U   1985   1470     11
   2009  1371        0.1712   304                      0.1409   648206                   z_2_18 U   2009   2007     15
Elapsed time = 162.22 sec. (338307.53 ticks, tree = 152.67 MB, solutions = 0)
   2080  1428        0.1892   311                      0.1409   657832                  x_0_8_7 D   2080   2079     47
   2142  1478        0.1684   293                      0.1409   667497                 x_2_0_20 D   2142   2141     45
   2177  1505        0.1409   407                      0.1409   676504                   z_2_16 N   2177    847     11
   2184  1510    infeasible                            0.1409   686653                     Y_14 D   2184   2183     18
   2246  1552        0.1895   312                      0.1409   695303                  x_2_0_1 D   2246   2245     61
   2309  1601        0.1517   348                      0.1410   706719                   z_2_18 U   2309    849     13
   2355  1637        0.1801   362                      0.1410   720171                   z_2_18 D   2355   2354     14
   2381  1659        0.1895   302                      0.1410   730802                     Y_19 D   2381   2380     28
   2416  1686    infeasible                            0.1410   739578                 x_0_9_16 U   2416   2414     32
   2439  1699        0.1480   332                      0.1410   749787                   z_2_19 U   2439   1793     12
Elapsed time = 182.27 sec. (380135.60 ticks, tree = 189.60 MB, solutions = 0)
   2509  1759        0.1784   209                      0.1410   757654                 x_1_2_10 D   2509   2508     77
   2536  1778        0.1737   378                      0.1410   771918                   z_2_18 D   2536   2535     17
   2539  1779    infeasible                            0.1410   782523                     Y_14 D   2539   2538     20
   2550  1786        0.1463   329                      0.1410   792573                   z_1_18 D   2550   2549     16
   2566  1796        0.1447   359                      0.1410   803243                   z_0_18 D   2566   2565     15
   2571  1797        0.1476   344                      0.1410   813178                   z_2_19 U   2571   1701     11
   2598  1820        0.1667   295                      0.1410   823194                 x_2_0_20 D   2598   2597     26
   2654  1866        0.1421   402                      0.1411   832028                          X   2654   2653      8
   2672  1879        0.1449   340                      0.1411   841195                   z_1_16 D   2672   2671     12
   2701  1902        0.1731   356                      0.1411   855004                   z_1_18 D   2701   2700     18
Elapsed time = 203.86 sec. (422973.78 ticks, tree = 212.45 MB, solutions = 0)
   2708  1903        0.1508   336                      0.1411   864390                   z_2_16 U   2708    679     12
   2723  1914        0.1883   351                      0.1411   872476                   z_1_16 D   2723   2722     17
   2742  1925        0.1818   322                      0.1411   882561                   z_2_19 U   2742   2740     17
   2760  1933        0.1536   355                      0.1411   892235                  x_2_0_2 D   2760   2759     13
   2830  1999        0.1706   278                      0.1411   902403                 x_0_5_10 D   2830   2829     73
   2916  2079        0.1685   314                      0.1411   911724                 x_2_0_19 U   2916   2914     17
   2932  2091        0.1473   303                      0.1411   922074                   z_0_19 U   2932   2930     14
   2956  2111        0.1798   342                      0.1411   935297                   z_2_18 D   2956   2955     17
   3001  2142        0.1865   308                      0.1411   947694                     Y_19 D   3001   2999     20
   3077  2206        0.1584   349                      0.1412   959463                   z_1_18 U   3077   1703     13
Elapsed time = 223.84 sec. (463209.38 ticks, tree = 246.76 MB, solutions = 0)
   3197  2319        0.2012   338                      0.1412   969434                  x_2_0_9 U   3197   3195     21
   3205  2321        0.1499   344                      0.1412   979636                   z_2_19 U   3205   1759     12
   3233  2341        0.1900   287                      0.1412   989666                   z_2_16 D   3233   3232     25
   3248  2352        0.1543   309                      0.1412  1000341                   z_2_18 U   3248   3246     17
   3303  2387        0.1414   448                      0.1412  1010415                          X   3303    179      9
   3317  2401        0.1813   337                      0.1412  1021885                   z_2_18 D   3317   3316     20
   3347  2421        0.1506   311                      0.1412  1031471                   z_0_19 D   3347   3346     20
   3364  2432        0.1723   324                      0.1412  1042962                   z_2_18 D   3364   3363     17
   3412  2462    infeasible                            0.1412  1053397                  x_2_8_0 U   3412   3411     51
   3436  2470        0.1483   342                      0.1413  1065199                   z_1_16 U   3436   2694     12
Elapsed time = 244.06 sec. (504289.53 ticks, tree = 276.48 MB, solutions = 0)
   3462  2486        0.1414   446                      0.1413  1075269                          X   3462   1064     10
   3478  2498        0.1578   353                      0.1413  1085301                     Y_14 U   3478   3476     15
   3583  2571        0.1468   332                      0.1413  1094391                   z_0_19 U   3583   3582     14
   3609  2593        0.1715   307                      0.1413  1108335                   z_1_18 D   3609   3608     16
   3614  2598        0.1844   321                      0.1413  1121215                  x_0_0_1 U   3614   3612     20
   3618  2602        0.1761   291                      0.1413  1132448                   z_1_16 U   3618   3616     23
   3631  2609        0.1742   297                      0.1413  1146372                     Y_14 D   3631   3630     17
   3640  2614        0.1610   350                      0.1413  1156776                   z_1_18 U   3640    608     13
   3724  2678        0.1710   290                      0.1413  1166314                x_0_14_16 D   3724   3723     34
   3793  2739        0.1745   317                      0.1413  1175946                   z_1_18 D   3793   3792     16
Elapsed time = 267.22 sec. (550005.49 ticks, tree = 306.78 MB, solutions = 0)
   3818  2755        0.1511   345                      0.1413  1186737                      Y_6 U   3818   1704     14
   3836  2767        0.1697   304                      0.1413  1198071                   z_1_18 D   3836   3835     18
   3862  2783        0.1654   272                      0.1413  1208175                   z_2_16 D   3862   3861     16

GUB cover cuts applied:  5
Cover cuts applied:  4
Implied bound cuts applied:  172
Flow cuts applied:  204
Mixed integer rounding cuts applied:  42
Zero-half cuts applied:  21
Gomory fractional cuts applied:  4

Root node processing (before b&c):
  Real time             =    6.25 sec. (15613.03 ticks)
Sequential b&c:
  Real time             =  267.75 sec. (547300.63 ticks)
                          ------------
Total (root+branch&cut) =  274.00 sec. (562913.66 ticks)
CPLEX Error  1217: No solution exists.
CPLEX Error  1217: No solution exists.
CPLEX Error  1217: No solution exists.
moderate_seed3302.txt gcap-frontier global_gini_tree_time_limit obj=0.195636 runtime=294.197 columns=0

--- ROUND21 RUNNER CAPTURED STDERR ---
