Warning, line 11391: Name 'r_max' does not exist.
Warning, line 11392: Name 'r_min' does not exist.
Version identifier: 22.1.1.0 | 2022-11-27 | 9160aff4d
CPXPARAM_Threads                                 1
CPXPARAM_MIP_Strategy_Search                     1
CPXPARAM_TimeLimit                               279.69898180000001
CPXPARAM_MIP_Tolerances_AbsMIPGap                0
CPXPARAM_MIP_Tolerances_MIPGap                   0
Generic callback                                 0xf0
Lazy constraint(s) or lazy constraint/branch callback is present.
    Disabling dual reductions (CPX_PARAM_REDUCE) in presolve.
    Disabling presolve reductions that prevent crushing forms (CPX_PARAM_PREREFORM).
Tried aggregator 2 times.
MIP Presolve eliminated 1236 rows and 6 columns.
MIP Presolve modified 188476 coefficients.
Aggregator did 21 substitutions.
Reduced MIP has 9732 rows, 693 columns, and 105938 nonzeros.
Reduced MIP has 431 binaries, 84 generals, 0 SOSs, and 0 indicators.
Presolve time = 0.16 sec. (238.85 ticks)
Probing fixed 0 vars, tightened 2 bounds.
Probing time = 0.01 sec. (32.12 ticks)
Cover probing fixed 0 vars, tightened 12 bounds.
Tried aggregator 1 time.
MIP Presolve modified 18 coefficients.
Reduced MIP has 9732 rows, 693 columns, and 105938 nonzeros.
Reduced MIP has 431 binaries, 84 generals, 0 SOSs, and 0 indicators.
Presolve time = 0.03 sec. (52.81 ticks)
Probing time = 0.00 sec. (9.76 ticks)
Clique table members: 3300.
MIP emphasis: balance optimality and feasibility.
MIP search method: traditional branch-and-cut.
Parallel mode: none, using 1 thread.
Root relaxation solution time = 0.11 sec. (129.83 ticks)

        Nodes                                         Cuts/
   Node  Left     Objective  IInf  Best Integer    Best Bound    ItCnt     Gap         Variable B NodeID Parent  Depth

      0     0        0.3422   134                      0.3422     1041         
      0     0        0.3643   149                    Cuts: 83     1199         
      0     0        0.3691   158                    Cuts: 61     1271         
      0     0        0.3703   163                    Cuts: 45     1337         
      0     0        0.3709   175                    Cuts: 21     1369         
      0     0        0.3709   178                    Cuts: 20     1401         
      0     0        0.3711   179                    Cuts: 25     1450         
      0     0        0.3715   170                    Cuts: 20     1505         
      0     0        0.3715   177                    Cuts: 15     1531         
      0     2        0.3715   173                      0.3715     1531                                 0             0
Elapsed time = 1.86 sec. (3583.20 ticks, tree = 0.01 MB, solutions = 0)
      2     2        0.5937   170                      0.5937     2439                          X      2      0      1
      5     3        0.6166   145                      0.6065     5778                          X      5      3      3
      6     4        0.6625   132                      0.6166     6369                          X      6      3      3
      8     4        0.6392   145                      0.6392     7079                          X      8      5      4
     14     8        0.6513   131                      0.6508     7803                          X     14     12      7
     19    13        0.6531   113                      0.6508     8185                          X     19     18     10
     20    14        0.6530   114                      0.6508     8239                          X     20     18     10
     26    18        0.6531   113                      0.6508     8343                  bit_2_5 D     26     25     15
     31    21        0.6540   110                      0.6508     8417                 bit_11_5 D     31     30     19
     47    23        0.6572   133                      0.6508     9217                          X     47     46      7
Elapsed time = 4.23 sec. (9200.00 ticks, tree = 1.06 MB, solutions = 0)
     68    43        0.6692   129                      0.6508    10173                  bit_1_3 D     68     66     23
    111    70        0.6521   118                      0.6513    11635                          X    111     14      8
    146    87        0.6539   120                      0.6526    13882                    z_0_1 D    146    145     11
    184   105        0.6531   118                      0.6530    15455                          X    184     17     10
    216   117        0.6644   127                      0.6530    17468                    z_0_1 N    216    133     12
    233   116        0.6566   126                      0.6531    19119                    z_0_6 D    233    231     14
    252   113    infeasible                            0.6532    21626                  bit_1_5 D    252    251     22
    270   107        0.6707    92                      0.6535    24479                    z_0_1 D    270    269     14
    313   122        0.6554   146                      0.6539    26620                    z_0_1 N    313     79     11
    334   129        0.6562   149                      0.6542    28376                  bit_6_4 U    334    332     12
Elapsed time = 8.64 sec. (19211.97 ticks, tree = 6.52 MB, solutions = 0)
    360   145        0.6565   142                      0.6544    30741                  bit_6_4 U    360    359     12
    381   160        0.6700   140                      0.6544    32128                    z_0_1 D    381    380     14
    415   174        0.6783   120                      0.6550    34127                    z_0_1 U    415    414     14
    466   199    infeasible                            0.6551    35822                  bit_7_5 D    466    464     30
    476   203        0.6632   145                      0.6554    36862                   z_0_10 N    476    222     13
    501   210    infeasible                            0.6556    38971                    z_1_2 U    501    499     20
    513   214        0.6752   126                      0.6556    41377                    z_0_6 U    513    511     16
    541   224        0.6753   109                      0.6558    43851                    z_0_6 D    541    540     19
    561   226    infeasible                            0.6562    45991                  bit_1_5 U    561    376     11
    585   232        0.6577   167                      0.6563    48740                          X    585    408     10
Elapsed time = 12.84 sec. (29517.32 ticks, tree = 12.35 MB, solutions = 0)
    628   255        0.6722   137                      0.6568    51871                    z_0_1 U    628    361     14
    672   269        0.6582   185                      0.6569    54590                          X    672    438      9
    688   273    infeasible                            0.6571    57035                    z_1_7 D    688    687     12
    723   288        0.6580   174                      0.6572    59771                  bit_1_2 N    723    440     11
    741   286    infeasible                            0.6574    62297                    z_1_7 D    741    740     12
    763   286        0.6581   171                      0.6575    65568                  x_0_8_5 D    763    442     12
    778   283    infeasible                            0.6575    68809                    z_1_7 D    778    777     16
    800   283    infeasible                            0.6576    71684                    z_1_7 D    800    799     14
    815   280    infeasible                            0.6576    74677                  bit_7_5 U    815    814     14
    844   281    infeasible                            0.6577    77106                    z_1_7 D    844    843     17
Elapsed time = 16.77 sec. (39706.61 ticks, tree = 14.59 MB, solutions = 0)
    856   277        0.6741   133                      0.6578    79943                    z_1_7 U    856    854     12
    893   284        0.6838   149                      0.6578    82648                    z_1_7 D    893    892     12
    921   286        0.6811   138                      0.6582    85149                  bit_7_5 D    921    919     14
    954   296    infeasible                            0.6585    87994                  bit_7_5 U    954    953     12
    982   302        0.6600   176                      0.6589    90802                          X    982     50      9
   1003   303        0.6754   131                      0.6593    93882                    z_1_7 U   1003    788     11
   1051   319    infeasible                            0.6596    96381                    z_0_8 D   1051   1049     15
   1080   340        0.6767   135                      0.6599    99369                    z_1_7 U   1080   1077     11
   1135   373        0.6856   149                      0.6599   101389                    z_1_2 D   1135   1134     14
   1164   382    infeasible                            0.6604   104058                  bit_7_5 U   1164   1163     12
Elapsed time = 20.59 sec. (49606.46 ticks, tree = 19.81 MB, solutions = 0)
   1219   415        0.6761   138                      0.6611   107006                    z_1_7 U   1219   1054     11
   1270   444        0.6625   183                      0.6617   109853                          X   1270   1075      9
   1302   462        0.6916   147                      0.6621   112686                  bit_1_5 D   1302   1301     17
   1359   503        0.7076   136                      0.6625   114981                    z_0_1 D   1359   1358     12
   1411   539        0.6643   170                      0.6628   116995                          X   1411   1408      9
   1450   566        0.6732   163                      0.6629   119456                    z_0_1 D   1450   1449     11
   1489   589    infeasible                            0.6630   122064                    z_0_8 D   1489   1488     17
   1548   632        0.6934   143                      0.6632   124810                      Y_1 D   1548   1547     18
   1577   645        0.6850   155                      0.6634   127788                    z_1_7 D   1577   1576     11
   1639   663    infeasible                            0.6644   130485                  x_1_8_7 U   1639    199     16
Elapsed time = 24.77 sec. (59478.57 ticks, tree = 33.93 MB, solutions = 0)
   1692   688        0.7005    93                      0.6647   132894                  x_0_0_5 D   1692   1691     47
   1719   698        0.6694   161                      0.6652   135885                    z_0_1 D   1719   1718     11
   1771   724    infeasible                            0.6653   138448                  bit_7_5 U   1771   1770     13
   1823   764        0.7041   100                      0.6656   140730                 x_1_10_9 D   1823   1822     54
   1848   753        0.6699   160                      0.6661   143576                    z_0_1 D   1848   1847     11
   1908   797    infeasible                            0.6665   146334                    z_1_2 U   1908    507     14
   1973   851        0.6861   142                      0.6669   148796                    z_1_7 D   1973   1972     12
   2023   883    infeasible                            0.6670   151725                    z_0_8 U   2023   2021     14
   2076   920        0.6777   158                      0.6674   154117                    z_0_1 N   2076   2017     11
   2123   939        0.6866   153                      0.6679   156691                      Y_7 U   2123   2122     18
Elapsed time = 28.55 sec. (69203.99 ticks, tree = 47.99 MB, solutions = 0)
   2176   946    infeasible                            0.6683   159804                    z_1_7 D   2176   2175     25
   2232   990        0.6955   136                      0.6683   162300                      Y_7 U   2232   2231     19
   2284  1022        0.6887   156                      0.6688   165270                    z_0_8 D   2284   2283     15
   2333  1041        0.6787   160                      0.6697   168073                    z_0_1 N   2333   2252     11
   2397  1090        0.6921   148                      0.6698   170321                  bit_7_2 U   2397   2396     18
   2468  1143    infeasible                            0.6700   172807                    z_1_7 U   2468   1695     12
   2518  1179        0.7108    97                      0.6704   175379                  x_0_4_6 D   2518   2517     53
   2539  1168    infeasible                            0.6709   178171                    z_1_7 U   2539   1972     12
   2585  1202        0.7036   136                      0.6709   180987                  bit_7_2 U   2585   2583     24
   2630  1231    infeasible                            0.6709   184062                  bit_7_2 D   2630   2628     21
Elapsed time = 32.36 sec. (78907.15 ticks, tree = 63.06 MB, solutions = 0)
   2669  1240    infeasible                            0.6714   187121                    z_0_1 U   2669   2667     15
   2700  1245    infeasible                            0.6719   189974                  bit_7_5 U   2700   2698     13
   2748  1267        0.6721   132                      0.6722   192743                  bit_1_2 N   2748    563     15
   2790  1267    infeasible                            0.6726   195401                    z_0_8 D   2790   2788     19
   2818  1271        0.7016   144                      0.6730   198287                    z_0_6 U   2818   2817     16
   2869  1306        0.6938   140                      0.6731   201092                    z_0_6 U   2869   2868     20
   2912  1305    infeasible                            0.6733   203649                    z_0_6 U   2912    540     19
   2939  1296        0.6891   158                      0.6736   206477                      Y_7 U   2939   2937     16
   2970  1291        0.6789   106                      0.6742   209048                  bit_1_2 N   2970    643     14
   3004  1283    infeasible                            0.6747   211825                  bit_7_5 U   3004   3003     13
Elapsed time = 36.22 sec. (88700.62 ticks, tree = 65.81 MB, solutions = 0)
   3080  1328        0.7031   135                      0.6747   214197                    z_0_8 D   3080   3079     15
   3126  1332        0.6770    98                      0.6752   217273                          X   3126   3124     10
   3157  1349        0.6998   149                      0.6752   220595                    z_0_8 D   3157   3156     14
   3217  1385        0.7079   100                      0.6752   222836                  bit_3_5 D   3217   3216     32
   3267  1407        0.6803   141                      0.6757   225576                    z_0_6 D   3267   1048     14
   3323  1435        0.7082   113                      0.6759   228197                  bit_9_5 D   3323   3322     35
   3395  1461        0.6799   144                      0.6760   230556                  bit_1_2 N   3395   1180     13
   3460  1486    infeasible                            0.6763   233127                    z_0_8 D   3460   3355     14
   3516  1490        0.6866   146                      0.6766   235878                    z_0_8 U   3516   3514     17
   3700  1540        0.6892   139                      0.6775   246294                      Y_1 U   3700   3699     18
Elapsed time = 41.05 sec. (101308.14 ticks, tree = 78.99 MB, solutions = 0)
   3903  1632        0.7062   129                      0.6782   256968                  bit_6_4 D   3903   3901     25
   4145  1750    infeasible                            0.6793   266828                  bit_7_2 D   4145   4142     18
   4388  1865        0.6814    78                      0.6804   277238                      Y_1 U   4388    417     16
   4615  1958        0.7011    77                      0.6811   286790                    z_0_6 D   4615   4613     32
   4814  2043    infeasible                            0.6813   297693                    z_0_6 U   4814   4813     19
   5041  2116    infeasible                            0.6821   307896                    z_0_8 D   5041   1148     16
   5276  2221    infeasible                            0.6827   318227                    z_0_8 D   5276   3349     16
   5489  2280    infeasible                            0.6836   328901                  bit_7_5 U   5489   2812     12
   5700  2345        0.6895   154                      0.6842   339839                      Y_7 U   5700   5699     14
   5876  2397    infeasible                            0.6848   350741                  bit_7_5 U   5876   5874     12
Elapsed time = 56.17 sec. (139848.51 ticks, tree = 123.21 MB, solutions = 0)
   6075  2463        0.6994   140                      0.6853   360860                    z_0_8 D   6075   6074     17
   6282  2510    infeasible                            0.6858   371967                   z_0_10 D   6282   6281     25
   6499  2581    infeasible                            0.6863   382936                    z_0_8 D   6499   4239     17
   6681  2668    infeasible                            0.6867   390556                  bit_1_5 N   6681   6680     22
   6837  2749        0.7064   112                      0.6870   396794                    z_0_6 N   6837   6835     20
   7030  2819        0.7054   139                      0.6874   404720                    z_0_8 D   7030   7029     17
   7190  2879        0.7132   136                      0.6878   413632                    z_0_6 D   7190   7189     22
   7378  2950        0.7070    95                      0.6883   422271                  bit_2_4 D   7378   7377     23
   7584  3053        0.7050   121                      0.6885   431915                    z_0_6 U   7584   7581     24
   7803  3122        0.7019   128                      0.6889   442944                    z_0_6 U   7803   7802     21
Elapsed time = 69.91 sec. (178117.88 ticks, tree = 160.48 MB, solutions = 0)
   8038  3218        0.6969   169                      0.6892   453363                  bit_7_3 U   8038   4032     15
   8221  3267        0.7030   164                      0.6897   464140                    z_1_7 D   8221   8218     12
   8398  3342    infeasible                            0.6898   475664                    z_0_8 D   8398   2573     16
   8586  3371    infeasible                            0.6903   486413                  bit_6_4 U   8586   8585     28
   8758  3376        0.6971   168                      0.6909   497552                    z_1_7 U   8758   8757     11
   8979  3449    infeasible                            0.6912   509018                  bit_2_5 U   8979   8977     24
   9183  3503        0.7167   117                      0.6916   519658                    z_1_5 N   9183   9181     23
   9370  3571    infeasible                            0.6918   528573                   z_0_10 U   9370   1506     26
   9591  3630    infeasible                            0.6922   540103                   z_0_10 D   9591   9590     25
   9795  3718        0.6978   108                      0.6924   548018                    z_0_4 N   9795   9793     23
Elapsed time = 84.84 sec. (216578.26 ticks, tree = 191.17 MB, solutions = 0)
  10017  3778        0.7011   172                      0.6927   559087                    z_1_7 N  10017   8245     11
  10218  3823    infeasible                            0.6930   570796                    z_1_5 U  10218   1669     29
  10422  3883    infeasible                            0.6933   580237                   z_1_10 U  10422  10419     27
  10610  3947        0.7136   108                      0.6936   591943                    z_0_5 D  10610  10609     22
  10823  4008        0.7065   129                      0.6939   602869                   z_0_10 D  10823  10822     22
  11080  4103    infeasible                            0.6943   613070                  bit_8_4 U  11080  11078     26
  11262  4147        0.7035   103                      0.6946   622719                   z_0_10 D  11262  11261     24
  11452  4171        0.6965   135                      0.6948   632969                   z_0_10 D  11452  11133     18
  11643  4233    infeasible                            0.6949   641735                  x_1_7_4 D  11643  11642     26
  11848  4273    infeasible                            0.6951   651400                  bit_2_5 D  11848  11847     27
Elapsed time = 99.17 sec. (254964.30 ticks, tree = 219.95 MB, solutions = 0)
  12030  4293        0.6968   130                      0.6952   661911                    z_0_6 D  12030  12029     21
  12213  4290        0.7167    51                      0.6954   671740                  bit_6_4 U  12213  12211     38
  12427  4312    infeasible                            0.6956   681704                   z_0_10 N  12427  12337     19
  12641  4360        0.7053    63                      0.6957   691484                   z_0_10 D  12641  12640     28
  12792  4405    infeasible                            0.6958   699416                  bit_7_5 U  12792  12791     12
  13010  4437        0.7145    85                      0.6960   709539                    z_0_5 N  13010  13009     34
  13235  4500        0.7042   112                      0.6962   718632                    z_0_6 D  13235  13234     21
  13422  4549    infeasible                            0.6963   726406                  bit_8_3 N  13422  13421     21
  13567  4586    infeasible                            0.6964   735702                      Y_7 D  13567  13566     25
  13764  4623    infeasible                            0.6965   744764                  x_1_3_4 N  13764  11750     23
Elapsed time = 113.05 sec. (293448.30 ticks, tree = 237.98 MB, solutions = 0)
  13938  4653    infeasible                            0.6967   753466                    z_1_2 U  13938   9604     25
  14177  4726        0.6974   114                      0.6968   762583                  x_1_3_4 N  14177   6648     24
  14399  4768        0.7040   166                      0.6970   773148                    z_1_7 D  14399  14397     11
  14610  4856        0.7079   134                      0.6971   782980                      Y_1 U  14610  14609     20
  14828  4888    infeasible                            0.6972   791777                      Y_1 D  14828  14827     30
  15012  4932    infeasible                            0.6974   800567                  bit_1_5 U  15012   2399     21
  15145  4935    infeasible                            0.6975   809241                    z_0_4 U  15145   4520     16
  15340  4980        0.7148   112                      0.6977   819912                  bit_8_4 D  15340  15339     22
  15560  5044        0.7058    73                      0.6978   829156                    z_0_6 D  15560  15559     22
  15782  5098    infeasible                            0.6979   838766                  bit_7_1 U  15782  15781     26
Elapsed time = 127.08 sec. (331737.80 ticks, tree = 262.46 MB, solutions = 0)
  15987  5141    infeasible                            0.6981   848903                  bit_1_5 U  15987  14142     19
  16231  5213    infeasible                            0.6982   858862                    z_1_6 D  16231  16079     24
  16462  5272    infeasible                            0.6983   869317                  bit_7_1 D  16462  16460     23
  16728  5337        0.7167   117                      0.6985   879382                  bit_7_1 U  16728  16727     23
  16982  5423    infeasible                            0.6986   889377                      Y_7 D  16982   5990     15
  17182  5453    infeasible                            0.6988   899615                    z_1_6 N  17182  17181     21
  17395  5456    infeasible                            0.6990   909708                  bit_8_5 D  17395  17394     26
  17574  5479        0.7096   112                      0.6991   917934                   z_0_10 N  17574  12289     24
  17813  5526        0.7075    84                      0.6992   926967                    z_1_2 D  17813  17812     21
  18075  5582        0.7123   116                      0.6994   936841                    z_0_5 U  18075  10548     19
Elapsed time = 141.73 sec. (370018.71 ticks, tree = 287.34 MB, solutions = 0)
  18318  5663        0.7128   137                      0.6995   946797                    z_1_6 U  18318  18316     22
  18477  5728        0.7074   140                      0.6995   957626                  x_0_7_9 D  18477  18475     22
  18722  5797        0.7051   112                      0.6997   966887                  bit_2_4 U  18722   6956     24
  19010  5917        0.7117    96                      0.6998   975278                  x_0_5_8 N  19010  19008     37
  19227  5952        0.7086   124                      0.7000   984101                  bit_7_1 N  19227  19226     20
  19438  5995    infeasible                            0.7001   994123                    z_1_6 U  19438  19437     20
  19637  6027    infeasible                            0.7002  1002735                 bit_11_3 D  19637  19635     35
  19847  6087        0.7146   101                      0.7003  1011866                    z_1_6 N  19847  19846     19
  20087  6163        0.7076   111                      0.7004  1021118                    z_1_2 D  20087  20086     24
  20349  6239        0.7149    62                      0.7006  1029894                 bit_11_5 D  20349  20348     35
Elapsed time = 156.67 sec. (408307.80 ticks, tree = 321.17 MB, solutions = 0)
  20591  6327        0.7032   130                      0.7007  1038912                    z_0_6 D  20591  20589     19
  20848  6452        0.7036   129                      0.7008  1048103                  bit_1_5 N  20848  20145     18
  21085  6523    infeasible                            0.7009  1057104                 bit_11_5 U  21085  21082     34
  21319  6575    infeasible                            0.7010  1066162                    z_0_6 D  21319  21318     26
  21603  6675    infeasible                            0.7011  1075103                  bit_2_4 U  21603  21601     33
  21883  6743    infeasible                            0.7013  1084529                    z_0_4 D  21883  16559     21
  22101  6805        0.7140   127                      0.7014  1093583                    z_0_8 N  22101  22100     20
  22326  6882        0.7161   123                      0.7016  1101656                   z_1_10 N  22326  13983     24
  22565  6929    infeasible                            0.7017  1110235                    z_0_1 D  22565  22564     17
  22821  6990        0.7176    92                      0.7018  1120096                  bit_8_2 D  22821  22820     28
Elapsed time = 171.33 sec. (446760.84 ticks, tree = 359.86 MB, solutions = 0)
  23121  7130        0.7105    70                      0.7019  1128826                  x_1_6_9 D  23121  23120     43
  23333  7196        0.7153   139                      0.7020  1138185                  bit_1_5 D  23333  23332     21
  23626  7333    infeasible                            0.7021  1146715                    z_1_2 U  23626  19112     22
  23961  7477        0.7087   133                      0.7022  1156187                  x_0_3_4 D  23961  23959     26
  24207  7533        0.7110    69                      0.7023  1164017                   z_1_10 N  24207  10009     28
  24445  7541        0.7140    80                      0.7025  1172725                  bit_8_1 U  24445  24444     38
  24637  7579        0.7098   128                      0.7026  1181051                  bit_7_1 N  24637  24636     21
  24922  7674        0.7112   112                      0.7027  1190060                    z_0_5 D  24922  24921     29
  25198  7719        0.7113   134                      0.7029  1199899                   z_0_10 U  25198  25197     16
  25418  7751        0.7183   125                      0.7030  1208993                  bit_7_1 U  25418  25417     28
Elapsed time = 186.28 sec. (485065.99 ticks, tree = 399.00 MB, solutions = 0)
  25699  7858        0.7150    91                      0.7031  1218027                    z_0_4 N  25699  25698     27
  25954  7893    infeasible                            0.7032  1227649                  x_1_9_7 N  25954   9593     27
  26095  7932        0.7090   177                      0.7032  1235302                    z_0_4 U  26095   7182     15
  26305  7986        0.7055   108                      0.7033  1244779                  x_0_8_5 N  26305   5414     30
  26532  8029        0.7092   131                      0.7034  1252667                   z_1_10 U  26532  10820     21
  26775  8088    infeasible                            0.7035  1262298                   z_0_10 U  26775  11834     26
  26997  8126        0.7178   134                      0.7036  1271379                  bit_8_2 U  26997  26995     21
  27227  8232        0.7134    78                      0.7037  1279765                    z_1_2 U  27227  27225     23
  27493  8293        0.7087   124                      0.7038  1289655                    z_1_2 U  27493   6810     21
  27717  8329        0.7103    63                      0.7040  1298720                  bit_2_5 D  27717  27716     29
Elapsed time = 201.31 sec. (523460.28 ticks, tree = 429.17 MB, solutions = 0)
  27951  8375    infeasible                            0.7041  1307595                  bit_7_1 D  27951  27950     22
  28189  8419        0.7146   147                      0.7042  1317614                    z_0_8 N  28189  28188     15
  28453  8479    infeasible                            0.7043  1326860                  x_0_2_9 N  28453  28452     61
  28657  8519        0.7057   120                      0.7044  1334880                          X  28657  18352      9
  28862  8572        0.7121   103                      0.7045  1344326                  bit_2_4 D  28862  28860     30
  29132  8649    infeasible                            0.7046  1352933                   z_1_10 D  29132  29131     22
  29345  8700        0.7055   106                      0.7047  1361871                  x_0_2_5 U  29345  29343     25
  29581  8740        0.7112   126                      0.7048  1371101                    z_0_6 N  29581  26122     18
  29819  8788        0.7153    74                      0.7049  1380250                   z_1_10 N  29819  17733     26
  30080  8809        0.7126   102                      0.7050  1388991                  bit_2_5 U  30080  13142     20
Elapsed time = 216.88 sec. (561868.20 ticks, tree = 453.92 MB, solutions = 0)
  30324  8863        0.7087    93                      0.7051  1398600                      Y_1 N  30324  12760     16
  30601  8952        0.7068   117                      0.7052  1407907                   z_1_10 N  30601  25902     24
  30827  8997    infeasible                            0.7053  1416769                   z_0_10 U  30827  30824     28
  31089  9067        0.7054   129                      0.7054  1425156                  bit_2_4 N  31089  28335     23
  31313  9105        0.7092    97                      0.7054  1433065                      Y_1 N  31313  12796     16
  31517  9143        0.7060   130                      0.7055  1442271                      Y_1 D  31517  14980     21
  31718  9194        0.7157   124                      0.7056  1451448                 x_1_8_10 D  31718  31717     24
  31962  9246    infeasible                            0.7057  1460870                  bit_2_5 U  31962  16057     26
  32208  9284    infeasible                            0.7058  1470449                 bit_11_3 D  32208  32206     34
  32469  9329    infeasible                            0.7059  1479771                    z_1_6 U  32469  32467     24
Elapsed time = 232.53 sec. (600142.80 ticks, tree = 480.77 MB, solutions = 0)
  32716  9362        0.7185   111                      0.7060  1489276                    z_1_2 D  32716  32715     27
  32916  9378    infeasible                            0.7061  1498316                   z_1_10 D  32916  32914     24
  33197  9427    infeasible                            0.7062  1506984                  x_0_4_6 U  33197  33195     48
  33472  9518        0.7099   130                      0.7062  1515532                    z_1_6 U  33472  33471     19
  33713  9533        0.7173    68                      0.7063  1523760                  x_0_3_4 N  33713  33712     33
  33933  9569        0.7087   139                      0.7064  1532576                    z_1_6 N  33933  26150     20
  34172  9606    infeasible                            0.7064  1542494                  bit_8_1 U  34172  21585     28
  34427  9635        0.7104   119                      0.7065  1551848                      Y_1 N  34427  23360     26
  34693  9679        0.7109   100                      0.7066  1560691                   z_1_10 N  34693  19578     26
  34986  9742    infeasible                            0.7067  1569399                    z_0_5 D  34986  34984     25
Elapsed time = 248.36 sec. (638374.20 ticks, tree = 502.06 MB, solutions = 0)
  35194  9750        0.7142   120                      0.7067  1578322                   z_1_10 N  35194  18533     24
  35440  9800        0.7128   106                      0.7068  1587204                      Y_1 N  35440  35439     26
  35721  9869        0.7070   136                      0.7069  1594316                    z_0_4 U  35721  10523     19
  35987  9929    infeasible                            0.7069  1603918                x_0_10_11 U  35987  32118     28
  36222  9972    infeasible                            0.7070  1612463                 bit_11_4 D  36222  36220     28
  36418  9990    infeasible                            0.7070  1619079                  x_0_6_4 D  36418  36417     31
  36679 10039    infeasible                            0.7071  1627443                  bit_8_4 U  36679  21903     17
  36940 10070    infeasible                            0.7072  1636088                   z_1_10 D  36940  16381     22
  37199 10129    infeasible                            0.7073  1645054                    z_0_8 U  37199  26278     15
  37466 10174        0.7106    76                      0.7074  1653882                 bit_11_4 N  37466  37465     37
Elapsed time = 264.12 sec. (676635.70 ticks, tree = 524.27 MB, solutions = 0)
  37760 10247        0.7086   144                      0.7074  1662276                      Y_1 N  37760   2653     21
  38010 10281        0.7118    85                      0.7075  1671588                    z_0_5 U  38010  38009     27
  38247 10320        0.7137    61                      0.7076  1679914                  bit_8_1 U  38247  38245     35
  38457 10360    infeasible                            0.7077  1687810                    z_1_5 U  38457  38455     33
  38668 10385    infeasible                            0.7077  1695326                   z_1_10 U  38668  38666     19
  38887 10418    infeasible                            0.7078  1704155                 bit_11_3 D  38887  38885     31
  39095 10424    infeasible                            0.7079  1713102                      Y_7 D  39095  30521     19
  39368 10461        0.7148   103                      0.7080  1722440                 bit_11_5 D  39368  39366     29
  39584 10495        0.7103   116                      0.7080  1729544                  bit_2_5 N  39584  39582     27
  39840 10545    infeasible                            0.7081  1737859                 bit_11_5 U  39840  25446     32
Elapsed time = 279.61 sec. (714894.39 ticks, tree = 543.45 MB, solutions = 0)
Advanced basis not built.

Clique cuts applied:  20
Cover cuts applied:  19
Implied bound cuts applied:  381
Flow cuts applied:  24
Mixed integer rounding cuts applied:  28
Gomory fractional cuts applied:  3

Root node processing (before b&c):
  Real time             =    1.84 sec. (3563.55 ticks)
Sequential b&c:
  Real time             =  277.86 sec. (711952.86 ticks)
                          ------------
Total (root+branch&cut) =  279.70 sec. (715516.42 ticks)
CPLEX Error  1217: No solution exists.
CPLEX Error  1217: No solution exists.
CPLEX Error  1217: No solution exists.

--- ROUND21 RUNNER CAPTURED STDOUT ---
Version identifier: 22.1.1.0 | 2022-11-27 | 9160aff4d
CPXPARAM_Threads                                 1
CPXPARAM_MIP_Strategy_Search                     1
CPXPARAM_TimeLimit                               279.69898180000001
CPXPARAM_MIP_Tolerances_AbsMIPGap                0
CPXPARAM_MIP_Tolerances_MIPGap                   0
Generic callback                                 0xf0
Tried aggregator 2 times.
MIP Presolve eliminated 1236 rows and 6 columns.
MIP Presolve modified 188476 coefficients.
Aggregator did 21 substitutions.
Reduced MIP has 9732 rows, 693 columns, and 105938 nonzeros.
Reduced MIP has 431 binaries, 84 generals, 0 SOSs, and 0 indicators.
Presolve time = 0.16 sec. (238.85 ticks)
Probing fixed 0 vars, tightened 2 bounds.
Probing time = 0.01 sec. (32.12 ticks)
Cover probing fixed 0 vars, tightened 12 bounds.
Tried aggregator 1 time.
MIP Presolve modified 18 coefficients.
Reduced MIP has 9732 rows, 693 columns, and 105938 nonzeros.
Reduced MIP has 431 binaries, 84 generals, 0 SOSs, and 0 indicators.
Presolve time = 0.03 sec. (52.81 ticks)
Probing time = 0.00 sec. (9.76 ticks)
Clique table members: 3300.
MIP emphasis: balance optimality and feasibility.
MIP search method: traditional branch-and-cut.
Parallel mode: none, using 1 thread.
Root relaxation solution time = 0.11 sec. (129.83 ticks)

        Nodes                                         Cuts/
   Node  Left     Objective  IInf  Best Integer    Best Bound    ItCnt     Gap         Variable B NodeID Parent  Depth

      0     0        0.3422   134                      0.3422     1041         
      0     0        0.3643   149                    Cuts: 83     1199         
      0     0        0.3691   158                    Cuts: 61     1271         
      0     0        0.3703   163                    Cuts: 45     1337         
      0     0        0.3709   175                    Cuts: 21     1369         
      0     0        0.3709   178                    Cuts: 20     1401         
      0     0        0.3711   179                    Cuts: 25     1450         
      0     0        0.3715   170                    Cuts: 20     1505         
      0     0        0.3715   177                    Cuts: 15     1531         
      0     2        0.3715   173                      0.3715     1531                                 0             0
Elapsed time = 1.86 sec. (3583.20 ticks, tree = 0.01 MB, solutions = 0)
      2     2        0.5937   170                      0.5937     2439                          X      2      0      1
      5     3        0.6166   145                      0.6065     5778                          X      5      3      3
      6     4        0.6625   132                      0.6166     6369                          X      6      3      3
      8     4        0.6392   145                      0.6392     7079                          X      8      5      4
     14     8        0.6513   131                      0.6508     7803                          X     14     12      7
     19    13        0.6531   113                      0.6508     8185                          X     19     18     10
     20    14        0.6530   114                      0.6508     8239                          X     20     18     10
     26    18        0.6531   113                      0.6508     8343                  bit_2_5 D     26     25     15
     31    21        0.6540   110                      0.6508     8417                 bit_11_5 D     31     30     19
     47    23        0.6572   133                      0.6508     9217                          X     47     46      7
Elapsed time = 4.23 sec. (9200.00 ticks, tree = 1.06 MB, solutions = 0)
     68    43        0.6692   129                      0.6508    10173                  bit_1_3 D     68     66     23
    111    70        0.6521   118                      0.6513    11635                          X    111     14      8
    146    87        0.6539   120                      0.6526    13882                    z_0_1 D    146    145     11
    184   105        0.6531   118                      0.6530    15455                          X    184     17     10
    216   117        0.6644   127                      0.6530    17468                    z_0_1 N    216    133     12
    233   116        0.6566   126                      0.6531    19119                    z_0_6 D    233    231     14
    252   113    infeasible                            0.6532    21626                  bit_1_5 D    252    251     22
    270   107        0.6707    92                      0.6535    24479                    z_0_1 D    270    269     14
    313   122        0.6554   146                      0.6539    26620                    z_0_1 N    313     79     11
    334   129        0.6562   149                      0.6542    28376                  bit_6_4 U    334    332     12
Elapsed time = 8.64 sec. (19211.97 ticks, tree = 6.52 MB, solutions = 0)
    360   145        0.6565   142                      0.6544    30741                  bit_6_4 U    360    359     12
    381   160        0.6700   140                      0.6544    32128                    z_0_1 D    381    380     14
    415   174        0.6783   120                      0.6550    34127                    z_0_1 U    415    414     14
    466   199    infeasible                            0.6551    35822                  bit_7_5 D    466    464     30
    476   203        0.6632   145                      0.6554    36862                   z_0_10 N    476    222     13
    501   210    infeasible                            0.6556    38971                    z_1_2 U    501    499     20
    513   214        0.6752   126                      0.6556    41377                    z_0_6 U    513    511     16
    541   224        0.6753   109                      0.6558    43851                    z_0_6 D    541    540     19
    561   226    infeasible                            0.6562    45991                  bit_1_5 U    561    376     11
    585   232        0.6577   167                      0.6563    48740                          X    585    408     10
Elapsed time = 12.84 sec. (29517.32 ticks, tree = 12.35 MB, solutions = 0)
    628   255        0.6722   137                      0.6568    51871                    z_0_1 U    628    361     14
    672   269        0.6582   185                      0.6569    54590                          X    672    438      9
    688   273    infeasible                            0.6571    57035                    z_1_7 D    688    687     12
    723   288        0.6580   174                      0.6572    59771                  bit_1_2 N    723    440     11
    741   286    infeasible                            0.6574    62297                    z_1_7 D    741    740     12
    763   286        0.6581   171                      0.6575    65568                  x_0_8_5 D    763    442     12
    778   283    infeasible                            0.6575    68809                    z_1_7 D    778    777     16
    800   283    infeasible                            0.6576    71684                    z_1_7 D    800    799     14
    815   280    infeasible                            0.6576    74677                  bit_7_5 U    815    814     14
    844   281    infeasible                            0.6577    77106                    z_1_7 D    844    843     17
Elapsed time = 16.77 sec. (39706.61 ticks, tree = 14.59 MB, solutions = 0)
    856   277        0.6741   133                      0.6578    79943                    z_1_7 U    856    854     12
    893   284        0.6838   149                      0.6578    82648                    z_1_7 D    893    892     12
    921   286        0.6811   138                      0.6582    85149                  bit_7_5 D    921    919     14
    954   296    infeasible                            0.6585    87994                  bit_7_5 U    954    953     12
    982   302        0.6600   176                      0.6589    90802                          X    982     50      9
   1003   303        0.6754   131                      0.6593    93882                    z_1_7 U   1003    788     11
   1051   319    infeasible                            0.6596    96381                    z_0_8 D   1051   1049     15
   1080   340        0.6767   135                      0.6599    99369                    z_1_7 U   1080   1077     11
   1135   373        0.6856   149                      0.6599   101389                    z_1_2 D   1135   1134     14
   1164   382    infeasible                            0.6604   104058                  bit_7_5 U   1164   1163     12
Elapsed time = 20.59 sec. (49606.46 ticks, tree = 19.81 MB, solutions = 0)
   1219   415        0.6761   138                      0.6611   107006                    z_1_7 U   1219   1054     11
   1270   444        0.6625   183                      0.6617   109853                          X   1270   1075      9
   1302   462        0.6916   147                      0.6621   112686                  bit_1_5 D   1302   1301     17
   1359   503        0.7076   136                      0.6625   114981                    z_0_1 D   1359   1358     12
   1411   539        0.6643   170                      0.6628   116995                          X   1411   1408      9
   1450   566        0.6732   163                      0.6629   119456                    z_0_1 D   1450   1449     11
   1489   589    infeasible                            0.6630   122064                    z_0_8 D   1489   1488     17
   1548   632        0.6934   143                      0.6632   124810                      Y_1 D   1548   1547     18
   1577   645        0.6850   155                      0.6634   127788                    z_1_7 D   1577   1576     11
   1639   663    infeasible                            0.6644   130485                  x_1_8_7 U   1639    199     16
Elapsed time = 24.77 sec. (59478.57 ticks, tree = 33.93 MB, solutions = 0)
   1692   688        0.7005    93                      0.6647   132894                  x_0_0_5 D   1692   1691     47
   1719   698        0.6694   161                      0.6652   135885                    z_0_1 D   1719   1718     11
   1771   724    infeasible                            0.6653   138448                  bit_7_5 U   1771   1770     13
   1823   764        0.7041   100                      0.6656   140730                 x_1_10_9 D   1823   1822     54
   1848   753        0.6699   160                      0.6661   143576                    z_0_1 D   1848   1847     11
   1908   797    infeasible                            0.6665   146334                    z_1_2 U   1908    507     14
   1973   851        0.6861   142                      0.6669   148796                    z_1_7 D   1973   1972     12
   2023   883    infeasible                            0.6670   151725                    z_0_8 U   2023   2021     14
   2076   920        0.6777   158                      0.6674   154117                    z_0_1 N   2076   2017     11
   2123   939        0.6866   153                      0.6679   156691                      Y_7 U   2123   2122     18
Elapsed time = 28.55 sec. (69203.99 ticks, tree = 47.99 MB, solutions = 0)
   2176   946    infeasible                            0.6683   159804                    z_1_7 D   2176   2175     25
   2232   990        0.6955   136                      0.6683   162300                      Y_7 U   2232   2231     19
   2284  1022        0.6887   156                      0.6688   165270                    z_0_8 D   2284   2283     15
   2333  1041        0.6787   160                      0.6697   168073                    z_0_1 N   2333   2252     11
   2397  1090        0.6921   148                      0.6698   170321                  bit_7_2 U   2397   2396     18
   2468  1143    infeasible                            0.6700   172807                    z_1_7 U   2468   1695     12
   2518  1179        0.7108    97                      0.6704   175379                  x_0_4_6 D   2518   2517     53
   2539  1168    infeasible                            0.6709   178171                    z_1_7 U   2539   1972     12
   2585  1202        0.7036   136                      0.6709   180987                  bit_7_2 U   2585   2583     24
   2630  1231    infeasible                            0.6709   184062                  bit_7_2 D   2630   2628     21
Elapsed time = 32.36 sec. (78907.15 ticks, tree = 63.06 MB, solutions = 0)
   2669  1240    infeasible                            0.6714   187121                    z_0_1 U   2669   2667     15
   2700  1245    infeasible                            0.6719   189974                  bit_7_5 U   2700   2698     13
   2748  1267        0.6721   132                      0.6722   192743                  bit_1_2 N   2748    563     15
   2790  1267    infeasible                            0.6726   195401                    z_0_8 D   2790   2788     19
   2818  1271        0.7016   144                      0.6730   198287                    z_0_6 U   2818   2817     16
   2869  1306        0.6938   140                      0.6731   201092                    z_0_6 U   2869   2868     20
   2912  1305    infeasible                            0.6733   203649                    z_0_6 U   2912    540     19
   2939  1296        0.6891   158                      0.6736   206477                      Y_7 U   2939   2937     16
   2970  1291        0.6789   106                      0.6742   209048                  bit_1_2 N   2970    643     14
   3004  1283    infeasible                            0.6747   211825                  bit_7_5 U   3004   3003     13
Elapsed time = 36.22 sec. (88700.62 ticks, tree = 65.81 MB, solutions = 0)
   3080  1328        0.7031   135                      0.6747   214197                    z_0_8 D   3080   3079     15
   3126  1332        0.6770    98                      0.6752   217273                          X   3126   3124     10
   3157  1349        0.6998   149                      0.6752   220595                    z_0_8 D   3157   3156     14
   3217  1385        0.7079   100                      0.6752   222836                  bit_3_5 D   3217   3216     32
   3267  1407        0.6803   141                      0.6757   225576                    z_0_6 D   3267   1048     14
   3323  1435        0.7082   113                      0.6759   228197                  bit_9_5 D   3323   3322     35
   3395  1461        0.6799   144                      0.6760   230556                  bit_1_2 N   3395   1180     13
   3460  1486    infeasible                            0.6763   233127                    z_0_8 D   3460   3355     14
   3516  1490        0.6866   146                      0.6766   235878                    z_0_8 U   3516   3514     17
   3700  1540        0.6892   139                      0.6775   246294                      Y_1 U   3700   3699     18
Elapsed time = 41.05 sec. (101308.14 ticks, tree = 78.99 MB, solutions = 0)
   3903  1632        0.7062   129                      0.6782   256968                  bit_6_4 D   3903   3901     25
   4145  1750    infeasible                            0.6793   266828                  bit_7_2 D   4145   4142     18
   4388  1865        0.6814    78                      0.6804   277238                      Y_1 U   4388    417     16
   4615  1958        0.7011    77                      0.6811   286790                    z_0_6 D   4615   4613     32
   4814  2043    infeasible                            0.6813   297693                    z_0_6 U   4814   4813     19
   5041  2116    infeasible                            0.6821   307896                    z_0_8 D   5041   1148     16
   5276  2221    infeasible                            0.6827   318227                    z_0_8 D   5276   3349     16
   5489  2280    infeasible                            0.6836   328901                  bit_7_5 U   5489   2812     12
   5700  2345        0.6895   154                      0.6842   339839                      Y_7 U   5700   5699     14
   5876  2397    infeasible                            0.6848   350741                  bit_7_5 U   5876   5874     12
Elapsed time = 56.17 sec. (139848.51 ticks, tree = 123.21 MB, solutions = 0)
   6075  2463        0.6994   140                      0.6853   360860                    z_0_8 D   6075   6074     17
   6282  2510    infeasible                            0.6858   371967                   z_0_10 D   6282   6281     25
   6499  2581    infeasible                            0.6863   382936                    z_0_8 D   6499   4239     17
   6681  2668    infeasible                            0.6867   390556                  bit_1_5 N   6681   6680     22
   6837  2749        0.7064   112                      0.6870   396794                    z_0_6 N   6837   6835     20
   7030  2819        0.7054   139                      0.6874   404720                    z_0_8 D   7030   7029     17
   7190  2879        0.7132   136                      0.6878   413632                    z_0_6 D   7190   7189     22
   7378  2950        0.7070    95                      0.6883   422271                  bit_2_4 D   7378   7377     23
   7584  3053        0.7050   121                      0.6885   431915                    z_0_6 U   7584   7581     24
   7803  3122        0.7019   128                      0.6889   442944                    z_0_6 U   7803   7802     21
Elapsed time = 69.91 sec. (178117.88 ticks, tree = 160.48 MB, solutions = 0)
   8038  3218        0.6969   169                      0.6892   453363                  bit_7_3 U   8038   4032     15
   8221  3267        0.7030   164                      0.6897   464140                    z_1_7 D   8221   8218     12
   8398  3342    infeasible                            0.6898   475664                    z_0_8 D   8398   2573     16
   8586  3371    infeasible                            0.6903   486413                  bit_6_4 U   8586   8585     28
   8758  3376        0.6971   168                      0.6909   497552                    z_1_7 U   8758   8757     11
   8979  3449    infeasible                            0.6912   509018                  bit_2_5 U   8979   8977     24
   9183  3503        0.7167   117                      0.6916   519658                    z_1_5 N   9183   9181     23
   9370  3571    infeasible                            0.6918   528573                   z_0_10 U   9370   1506     26
   9591  3630    infeasible                            0.6922   540103                   z_0_10 D   9591   9590     25
   9795  3718        0.6978   108                      0.6924   548018                    z_0_4 N   9795   9793     23
Elapsed time = 84.84 sec. (216578.26 ticks, tree = 191.17 MB, solutions = 0)
  10017  3778        0.7011   172                      0.6927   559087                    z_1_7 N  10017   8245     11
  10218  3823    infeasible                            0.6930   570796                    z_1_5 U  10218   1669     29
  10422  3883    infeasible                            0.6933   580237                   z_1_10 U  10422  10419     27
  10610  3947        0.7136   108                      0.6936   591943                    z_0_5 D  10610  10609     22
  10823  4008        0.7065   129                      0.6939   602869                   z_0_10 D  10823  10822     22
  11080  4103    infeasible                            0.6943   613070                  bit_8_4 U  11080  11078     26
  11262  4147        0.7035   103                      0.6946   622719                   z_0_10 D  11262  11261     24
  11452  4171        0.6965   135                      0.6948   632969                   z_0_10 D  11452  11133     18
  11643  4233    infeasible                            0.6949   641735                  x_1_7_4 D  11643  11642     26
  11848  4273    infeasible                            0.6951   651400                  bit_2_5 D  11848  11847     27
Elapsed time = 99.17 sec. (254964.30 ticks, tree = 219.95 MB, solutions = 0)
  12030  4293        0.6968   130                      0.6952   661911                    z_0_6 D  12030  12029     21
  12213  4290        0.7167    51                      0.6954   671740                  bit_6_4 U  12213  12211     38
  12427  4312    infeasible                            0.6956   681704                   z_0_10 N  12427  12337     19
  12641  4360        0.7053    63                      0.6957   691484                   z_0_10 D  12641  12640     28
  12792  4405    infeasible                            0.6958   699416                  bit_7_5 U  12792  12791     12
  13010  4437        0.7145    85                      0.6960   709539                    z_0_5 N  13010  13009     34
  13235  4500        0.7042   112                      0.6962   718632                    z_0_6 D  13235  13234     21
  13422  4549    infeasible                            0.6963   726406                  bit_8_3 N  13422  13421     21
  13567  4586    infeasible                            0.6964   735702                      Y_7 D  13567  13566     25
  13764  4623    infeasible                            0.6965   744764                  x_1_3_4 N  13764  11750     23
Elapsed time = 113.05 sec. (293448.30 ticks, tree = 237.98 MB, solutions = 0)
  13938  4653    infeasible                            0.6967   753466                    z_1_2 U  13938   9604     25
  14177  4726        0.6974   114                      0.6968   762583                  x_1_3_4 N  14177   6648     24
  14399  4768        0.7040   166                      0.6970   773148                    z_1_7 D  14399  14397     11
  14610  4856        0.7079   134                      0.6971   782980                      Y_1 U  14610  14609     20
  14828  4888    infeasible                            0.6972   791777                      Y_1 D  14828  14827     30
  15012  4932    infeasible                            0.6974   800567                  bit_1_5 U  15012   2399     21
  15145  4935    infeasible                            0.6975   809241                    z_0_4 U  15145   4520     16
  15340  4980        0.7148   112                      0.6977   819912                  bit_8_4 D  15340  15339     22
  15560  5044        0.7058    73                      0.6978   829156                    z_0_6 D  15560  15559     22
  15782  5098    infeasible                            0.6979   838766                  bit_7_1 U  15782  15781     26
Elapsed time = 127.08 sec. (331737.80 ticks, tree = 262.46 MB, solutions = 0)
  15987  5141    infeasible                            0.6981   848903                  bit_1_5 U  15987  14142     19
  16231  5213    infeasible                            0.6982   858862                    z_1_6 D  16231  16079     24
  16462  5272    infeasible                            0.6983   869317                  bit_7_1 D  16462  16460     23
  16728  5337        0.7167   117                      0.6985   879382                  bit_7_1 U  16728  16727     23
  16982  5423    infeasible                            0.6986   889377                      Y_7 D  16982   5990     15
  17182  5453    infeasible                            0.6988   899615                    z_1_6 N  17182  17181     21
  17395  5456    infeasible                            0.6990   909708                  bit_8_5 D  17395  17394     26
  17574  5479        0.7096   112                      0.6991   917934                   z_0_10 N  17574  12289     24
  17813  5526        0.7075    84                      0.6992   926967                    z_1_2 D  17813  17812     21
  18075  5582        0.7123   116                      0.6994   936841                    z_0_5 U  18075  10548     19
Elapsed time = 141.73 sec. (370018.71 ticks, tree = 287.34 MB, solutions = 0)
  18318  5663        0.7128   137                      0.6995   946797                    z_1_6 U  18318  18316     22
  18477  5728        0.7074   140                      0.6995   957626                  x_0_7_9 D  18477  18475     22
  18722  5797        0.7051   112                      0.6997   966887                  bit_2_4 U  18722   6956     24
  19010  5917        0.7117    96                      0.6998   975278                  x_0_5_8 N  19010  19008     37
  19227  5952        0.7086   124                      0.7000   984101                  bit_7_1 N  19227  19226     20
  19438  5995    infeasible                            0.7001   994123                    z_1_6 U  19438  19437     20
  19637  6027    infeasible                            0.7002  1002735                 bit_11_3 D  19637  19635     35
  19847  6087        0.7146   101                      0.7003  1011866                    z_1_6 N  19847  19846     19
  20087  6163        0.7076   111                      0.7004  1021118                    z_1_2 D  20087  20086     24
  20349  6239        0.7149    62                      0.7006  1029894                 bit_11_5 D  20349  20348     35
Elapsed time = 156.67 sec. (408307.80 ticks, tree = 321.17 MB, solutions = 0)
  20591  6327        0.7032   130                      0.7007  1038912                    z_0_6 D  20591  20589     19
  20848  6452        0.7036   129                      0.7008  1048103                  bit_1_5 N  20848  20145     18
  21085  6523    infeasible                            0.7009  1057104                 bit_11_5 U  21085  21082     34
  21319  6575    infeasible                            0.7010  1066162                    z_0_6 D  21319  21318     26
  21603  6675    infeasible                            0.7011  1075103                  bit_2_4 U  21603  21601     33
  21883  6743    infeasible                            0.7013  1084529                    z_0_4 D  21883  16559     21
  22101  6805        0.7140   127                      0.7014  1093583                    z_0_8 N  22101  22100     20
  22326  6882        0.7161   123                      0.7016  1101656                   z_1_10 N  22326  13983     24
  22565  6929    infeasible                            0.7017  1110235                    z_0_1 D  22565  22564     17
  22821  6990        0.7176    92                      0.7018  1120096                  bit_8_2 D  22821  22820     28
Elapsed time = 171.33 sec. (446760.84 ticks, tree = 359.86 MB, solutions = 0)
  23121  7130        0.7105    70                      0.7019  1128826                  x_1_6_9 D  23121  23120     43
  23333  7196        0.7153   139                      0.7020  1138185                  bit_1_5 D  23333  23332     21
  23626  7333    infeasible                            0.7021  1146715                    z_1_2 U  23626  19112     22
  23961  7477        0.7087   133                      0.7022  1156187                  x_0_3_4 D  23961  23959     26
  24207  7533        0.7110    69                      0.7023  1164017                   z_1_10 N  24207  10009     28
  24445  7541        0.7140    80                      0.7025  1172725                  bit_8_1 U  24445  24444     38
  24637  7579        0.7098   128                      0.7026  1181051                  bit_7_1 N  24637  24636     21
  24922  7674        0.7112   112                      0.7027  1190060                    z_0_5 D  24922  24921     29
  25198  7719        0.7113   134                      0.7029  1199899                   z_0_10 U  25198  25197     16
  25418  7751        0.7183   125                      0.7030  1208993                  bit_7_1 U  25418  25417     28
Elapsed time = 186.28 sec. (485065.99 ticks, tree = 399.00 MB, solutions = 0)
  25699  7858        0.7150    91                      0.7031  1218027                    z_0_4 N  25699  25698     27
  25954  7893    infeasible                            0.7032  1227649                  x_1_9_7 N  25954   9593     27
  26095  7932        0.7090   177                      0.7032  1235302                    z_0_4 U  26095   7182     15
  26305  7986        0.7055   108                      0.7033  1244779                  x_0_8_5 N  26305   5414     30
  26532  8029        0.7092   131                      0.7034  1252667                   z_1_10 U  26532  10820     21
  26775  8088    infeasible                            0.7035  1262298                   z_0_10 U  26775  11834     26
  26997  8126        0.7178   134                      0.7036  1271379                  bit_8_2 U  26997  26995     21
  27227  8232        0.7134    78                      0.7037  1279765                    z_1_2 U  27227  27225     23
  27493  8293        0.7087   124                      0.7038  1289655                    z_1_2 U  27493   6810     21
  27717  8329        0.7103    63                      0.7040  1298720                  bit_2_5 D  27717  27716     29
Elapsed time = 201.31 sec. (523460.28 ticks, tree = 429.17 MB, solutions = 0)
  27951  8375    infeasible                            0.7041  1307595                  bit_7_1 D  27951  27950     22
  28189  8419        0.7146   147                      0.7042  1317614                    z_0_8 N  28189  28188     15
  28453  8479    infeasible                            0.7043  1326860                  x_0_2_9 N  28453  28452     61
  28657  8519        0.7057   120                      0.7044  1334880                          X  28657  18352      9
  28862  8572        0.7121   103                      0.7045  1344326                  bit_2_4 D  28862  28860     30
  29132  8649    infeasible                            0.7046  1352933                   z_1_10 D  29132  29131     22
  29345  8700        0.7055   106                      0.7047  1361871                  x_0_2_5 U  29345  29343     25
  29581  8740        0.7112   126                      0.7048  1371101                    z_0_6 N  29581  26122     18
  29819  8788        0.7153    74                      0.7049  1380250                   z_1_10 N  29819  17733     26
  30080  8809        0.7126   102                      0.7050  1388991                  bit_2_5 U  30080  13142     20
Elapsed time = 216.88 sec. (561868.20 ticks, tree = 453.92 MB, solutions = 0)
  30324  8863        0.7087    93                      0.7051  1398600                      Y_1 N  30324  12760     16
  30601  8952        0.7068   117                      0.7052  1407907                   z_1_10 N  30601  25902     24
  30827  8997    infeasible                            0.7053  1416769                   z_0_10 U  30827  30824     28
  31089  9067        0.7054   129                      0.7054  1425156                  bit_2_4 N  31089  28335     23
  31313  9105        0.7092    97                      0.7054  1433065                      Y_1 N  31313  12796     16
  31517  9143        0.7060   130                      0.7055  1442271                      Y_1 D  31517  14980     21
  31718  9194        0.7157   124                      0.7056  1451448                 x_1_8_10 D  31718  31717     24
  31962  9246    infeasible                            0.7057  1460870                  bit_2_5 U  31962  16057     26
  32208  9284    infeasible                            0.7058  1470449                 bit_11_3 D  32208  32206     34
  32469  9329    infeasible                            0.7059  1479771                    z_1_6 U  32469  32467     24
Elapsed time = 232.53 sec. (600142.80 ticks, tree = 480.77 MB, solutions = 0)
  32716  9362        0.7185   111                      0.7060  1489276                    z_1_2 D  32716  32715     27
  32916  9378    infeasible                            0.7061  1498316                   z_1_10 D  32916  32914     24
  33197  9427    infeasible                            0.7062  1506984                  x_0_4_6 U  33197  33195     48
  33472  9518        0.7099   130                      0.7062  1515532                    z_1_6 U  33472  33471     19
  33713  9533        0.7173    68                      0.7063  1523760                  x_0_3_4 N  33713  33712     33
  33933  9569        0.7087   139                      0.7064  1532576                    z_1_6 N  33933  26150     20
  34172  9606    infeasible                            0.7064  1542494                  bit_8_1 U  34172  21585     28
  34427  9635        0.7104   119                      0.7065  1551848                      Y_1 N  34427  23360     26
  34693  9679        0.7109   100                      0.7066  1560691                   z_1_10 N  34693  19578     26
  34986  9742    infeasible                            0.7067  1569399                    z_0_5 D  34986  34984     25
Elapsed time = 248.36 sec. (638374.20 ticks, tree = 502.06 MB, solutions = 0)
  35194  9750        0.7142   120                      0.7067  1578322                   z_1_10 N  35194  18533     24
  35440  9800        0.7128   106                      0.7068  1587204                      Y_1 N  35440  35439     26
  35721  9869        0.7070   136                      0.7069  1594316                    z_0_4 U  35721  10523     19
  35987  9929    infeasible                            0.7069  1603918                x_0_10_11 U  35987  32118     28
  36222  9972    infeasible                            0.7070  1612463                 bit_11_4 D  36222  36220     28
  36418  9990    infeasible                            0.7070  1619079                  x_0_6_4 D  36418  36417     31
  36679 10039    infeasible                            0.7071  1627443                  bit_8_4 U  36679  21903     17
  36940 10070    infeasible                            0.7072  1636088                   z_1_10 D  36940  16381     22
  37199 10129    infeasible                            0.7073  1645054                    z_0_8 U  37199  26278     15
  37466 10174        0.7106    76                      0.7074  1653882                 bit_11_4 N  37466  37465     37
Elapsed time = 264.12 sec. (676635.70 ticks, tree = 524.27 MB, solutions = 0)
  37760 10247        0.7086   144                      0.7074  1662276                      Y_1 N  37760   2653     21
  38010 10281        0.7118    85                      0.7075  1671588                    z_0_5 U  38010  38009     27
  38247 10320        0.7137    61                      0.7076  1679914                  bit_8_1 U  38247  38245     35
  38457 10360    infeasible                            0.7077  1687810                    z_1_5 U  38457  38455     33
  38668 10385    infeasible                            0.7077  1695326                   z_1_10 U  38668  38666     19
  38887 10418    infeasible                            0.7078  1704155                 bit_11_3 D  38887  38885     31
  39095 10424    infeasible                            0.7079  1713102                      Y_7 D  39095  30521     19
  39368 10461        0.7148   103                      0.7080  1722440                 bit_11_5 D  39368  39366     29
  39584 10495        0.7103   116                      0.7080  1729544                  bit_2_5 N  39584  39582     27
  39840 10545    infeasible                            0.7081  1737859                 bit_11_5 U  39840  25446     32
Elapsed time = 279.61 sec. (714894.39 ticks, tree = 543.45 MB, solutions = 0)
Advanced basis not built.

Clique cuts applied:  20
Cover cuts applied:  19
Implied bound cuts applied:  381
Flow cuts applied:  24
Mixed integer rounding cuts applied:  28
Gomory fractional cuts applied:  3

Root node processing (before b&c):
  Real time             =    1.84 sec. (3563.55 ticks)
Sequential b&c:
  Real time             =  277.86 sec. (711952.86 ticks)
                          ------------
Total (root+branch&cut) =  279.70 sec. (715516.42 ticks)
CPLEX Error  1217: No solution exists.
CPLEX Error  1217: No solution exists.
CPLEX Error  1217: No solution exists.
regen_candidate_V12_M2_average.txt gcap-frontier global_gini_tree_time_limit obj=0.718504 runtime=294.464 columns=0

--- ROUND21 RUNNER CAPTURED STDERR ---
