Warning, line 12281: Name 'r_max' does not exist.
Warning, line 12282: Name 'r_min' does not exist.
Version identifier: 22.1.1.0 | 2022-11-27 | 9160aff4d
CPXPARAM_Threads                                 1
CPXPARAM_MIP_Strategy_Search                     1
CPXPARAM_TimeLimit                               279.7266631
CPXPARAM_MIP_Tolerances_AbsMIPGap                0
CPXPARAM_MIP_Tolerances_MIPGap                   0
Generic callback                                 0xf0
Lazy constraint(s) or lazy constraint/branch callback is present.
    Disabling dual reductions (CPX_PARAM_REDUCE) in presolve.
    Disabling presolve reductions that prevent crushing forms (CPX_PARAM_PREREFORM).
Tried aggregator 2 times.
MIP Presolve eliminated 1236 rows and 6 columns.
MIP Presolve modified 188476 coefficients.
Aggregator did 21 substitutions.
Reduced MIP has 10334 rows, 981 columns, and 107714 nonzeros.
Reduced MIP has 431 binaries, 84 generals, 0 SOSs, and 0 indicators.
Presolve time = 0.14 sec. (243.33 ticks)
Probing fixed 0 vars, tightened 2 bounds.
Probing time = 0.02 sec. (32.58 ticks)
Cover probing fixed 0 vars, tightened 24 bounds.
Tried aggregator 1 time.
MIP Presolve modified 30 coefficients.
Reduced MIP has 10334 rows, 981 columns, and 107714 nonzeros.
Reduced MIP has 431 binaries, 84 generals, 0 SOSs, and 0 indicators.
Presolve time = 0.03 sec. (53.18 ticks)
Probing time = 0.00 sec. (10.29 ticks)
Clique table members: 3293.
MIP emphasis: balance optimality and feasibility.
MIP search method: traditional branch-and-cut.
Parallel mode: none, using 1 thread.
Root relaxation solution time = 0.20 sec. (191.10 ticks)

        Nodes                                         Cuts/
   Node  Left     Objective  IInf  Best Integer    Best Bound    ItCnt     Gap         Variable B NodeID Parent  Depth

      0     0        0.3423   153                      0.3423     1197         
      0     0        0.3689   157                   Cuts: 110     1677         
      0     0        0.3736   174                    Cuts: 75     2024         
      0     0        0.3768   188                    Cuts: 54     2334         
      0     0        0.3778   188                    Cuts: 48     2467         
      0     0        0.3785   189                    Cuts: 34     2636         
      0     0        0.3788   182                    Cuts: 42     2738         
      0     0        0.3789   189                    Cuts: 39     2821         
      0     0        0.3790   193                    Cuts: 15     2909         
      0     0        0.3792   188                    Cuts: 28     3102         
      0     0        0.3793   187                    Cuts: 14     3197         
      0     0        0.3793   187                    Cuts: 19     3235         
      0     0        0.3793   193                     Cuts: 8     3267         
      0     2        0.3793   193                      0.3793     3267                                 0             0
Elapsed time = 3.08 sec. (6450.81 ticks, tree = 0.01 MB, solutions = 0)
      2     2        0.5978   174                      0.5978     6000                          X      2      0      1
      5     3        0.6252   163                      0.6127    10295                          X      5      3      3
      6     4        0.6653   162                      0.6252    11452                          X      6      3      3
     10     6        0.6565   173                      0.6532    12469                          X     10      8      5
     16     8        0.6617   162                      0.6565    13256                          X     16     14      8
     19    11        0.6625   163                      0.6565    13524                          X     19     17     10
     20    12        0.6625   155                      0.6565    13579                          X     20     17     10
     30    18        0.6639   143                      0.6565    13952                  bit_8_5 D     30     29     18
     35    19        0.6643   149                      0.6565    14121                mode_1_11 D     35     33     21
     48    28        0.6640   165                      0.6565    15543                          X     48     46     10
Elapsed time = 6.55 sec. (14240.21 ticks, tree = 1.31 MB, solutions = 0)
     65    39        0.6779   137                      0.6565    16523                  bit_1_4 U     65     63     23
     88    50    infeasible                            0.6609    18836                    z_1_7 U     88     86     11
    103    57    infeasible                            0.6616    21414                  bit_4_5 U    103    101     14
    130    62        0.6628   165                      0.6622    24335                          X    130     89      9
    145    69        0.6864   149                      0.6623    27211                    z_1_7 D    145    143     11
    169    77        0.6628   159                      0.6625    29920                          X    169     84     10
    180    70    infeasible                            0.6626    33279                  bit_1_4 D    180     28     17
    199    69    infeasible                            0.6630    37032                    z_1_7 U    199    131     11
    211    69    infeasible                            0.6633    39736                    z_1_7 D    211    131     11
    223    67        0.6810   127                      0.6641    42859                  bit_9_5 D    223    222     14
Elapsed time = 11.58 sec. (24461.52 ticks, tree = 3.67 MB, solutions = 0)
    240    70        0.6813   135                      0.6641    45764                    z_1_7 U    240    239     11
    264    78        0.6651   174                      0.6644    48774                          X    264    262     10
    295    95    infeasible                            0.6646    51627                    z_1_7 D    295    294     12
    307    91        0.6866   153                      0.6651    55046                    z_1_7 D    307    263     11
    350   112    infeasible                            0.6653    58061                  bit_7_3 U    350    348     17
    362   122        0.7021   100                      0.6653    59916                          X    362    360     10
    376   132        0.6680   171                      0.6657    62697                          X    376    375      8
    418   162        0.6922   137                      0.6659    65562                    z_1_1 U    418    416     12
    440   164        0.6900   146                      0.6662    68913                 bit_11_5 D    440    439     15
    467   177        0.6924   155                      0.6664    72570                    z_1_1 U    467    466     12
Elapsed time = 16.02 sec. (34441.88 ticks, tree = 9.02 MB, solutions = 0)
    492   182        0.6840   145                      0.6667    76878                    z_1_7 U    492    491     11
    550   220    infeasible                            0.6670    80180                  bit_8_2 D    550    549     30
    572   230        0.6860   150                      0.6676    83821                    z_1_7 U    572    571     11
    610   250        0.6984   134                      0.6682    87451                   z_0_10 U    610    609     13
    645   265        0.6877   157                      0.6687    90807                    z_1_7 D    645    381     11
    700   306        0.6964   132                      0.6688    93765                  bit_7_3 D    700    699     19
    751   341        0.6857   152                      0.6694    97124                    z_1_7 U    751    750     11
    783   353        0.6881   164                      0.6700   100749                    z_1_7 D    783    761     11
    835   387        0.6855   149                      0.6709   104960                    z_1_7 U    835    749     11
    872   410        0.6869   153                      0.6713   108428                    z_1_7 U    872    871     11
Elapsed time = 20.19 sec. (44543.77 ticks, tree = 21.10 MB, solutions = 0)
    904   428        0.6886   160                      0.6722   112166                    z_1_7 D    904    571     11
    942   452        0.6880   147                      0.6722   114927                   z_1_10 D    942    941     13
    988   484        0.6890   153                      0.6733   119285                    z_1_7 D    988    870     11
   1030   514        0.6891   162                      0.6742   122426                    z_1_7 D   1030    871     11
   1052   520        0.6876   157                      0.6742   125879                    z_1_7 U   1052   1051     12
   1101   551        0.7136    73                      0.6742   128388                  x_0_1_2 U   1101   1100     50
   1124   561        0.6892   155                      0.6747   129905                    z_1_7 D   1124   1051     12
   1164   587        0.6878   158                      0.6748   132456                    z_1_7 U   1164   1163     12
   1216   629        0.7076   118                      0.6749   135279                  bit_4_4 D   1216   1215     21
   1242   643        0.6881   159                      0.6749   138597                    z_1_7 U   1242   1241     12
Elapsed time = 24.14 sec. (54668.22 ticks, tree = 33.14 MB, solutions = 0)
   1280   663        0.7026   125                      0.6752   142004                    z_0_2 D   1280   1279     26
   1329   704        0.7086   122                      0.6753   144876                  bit_8_5 D   1329   1328     29
   1361   720        0.6838   138                      0.6757   147912                  bit_4_4 N   1361     59     20
   1399   744        0.6884   154                      0.6760   151939                    z_1_7 N   1399   1369     12
   1451   776    infeasible                            0.6766   154807                    z_1_1 D   1451   1448     14
   1497   804        0.6889   159                      0.6772   158084                    z_1_7 N   1497   1308     11
   1547   844        0.7150    92                      0.6772   161082                mode_1_11 D   1547   1546     37
   1612   879        0.6901   168                      0.6778   164139                    z_1_7 N   1612   1263     11
   1660   915        0.7006   133                      0.6782   167187                    z_1_1 D   1660   1659     28
   1714   959        0.6953   157                      0.6789   170150                    z_1_1 U   1714   1713     12
Elapsed time = 28.09 sec. (64832.20 ticks, tree = 49.46 MB, solutions = 0)
   1762   991        0.6952   116                      0.6793   172618                    z_0_2 D   1762   1761     29
   1808  1025        0.6914   170                      0.6793   175739                    z_1_7 D   1808   1807     11
   1862  1063        0.6794   147                      0.6794   178689                  bit_3_5 N   1862   1231     11
   1899  1090        0.6862   127                      0.6797   181846                  bit_9_4 N   1899     68     26
   1927  1100    infeasible                            0.6804   185159                    z_1_7 D   1927   1925     30
   1969  1134        0.6978   153                      0.6809   188622                  bit_7_3 D   1969   1968     24
   2000  1139        0.7120   138                      0.6813   192288                  bit_8_5 D   2000   1999     25
   2031  1142        0.7062   141                      0.6817   195833                  bit_4_5 U   2031   2029     22
   2055  1152        0.6965   138                      0.6823   198133                   z_0_10 U   2055   2054     22
   2087  1162        0.6972   132                      0.6826   201446                    z_1_1 U   2087   2086     12
Elapsed time = 32.02 sec. (74606.65 ticks, tree = 59.69 MB, solutions = 0)
   2126  1187        0.7027   138                      0.6829   204400                  bit_7_3 D   2126   2125     21
   2184  1235        0.7155    54                      0.6829   207015                 x_0_10_1 D   2184   2183     54
   2231  1263    infeasible                            0.6835   209732                    z_0_4 D   2231   2229     13
   2273  1295        0.6929   114                      0.6835   213149                          X   2273    372      6
   2294  1312        0.7042   141                      0.6835   215902                 x_0_10_6 D   2294   2292     20
   2326  1330        0.6937   159                      0.6838   218868                    z_0_4 D   2326   2325     13
   2370  1362        0.7053   129                      0.6844   222001                   z_0_10 U   2370   2369     21
   2418  1398        0.7022   111                      0.6845   224850                  x_1_7_9 D   2418   2417     34
   2460  1420    infeasible                            0.6849   227437                      Y_7 D   2460   2458     17
   2484  1432        0.6967   147                      0.6851   230888                      Y_7 U   2484   2483     15
Elapsed time = 36.09 sec. (84440.95 ticks, tree = 73.61 MB, solutions = 0)
   2516  1440    infeasible                            0.6856   234240                  bit_8_5 U   2516   2514     25
   2567  1449    infeasible                            0.6858   237497                  bit_1_5 U   2567    287     13
   2603  1461    infeasible                            0.6860   240909                  bit_7_2 D   2603   2602     16
   2641  1491    infeasible                            0.6860   244101                  bit_1_5 D   2641   2640     22
   2688  1518        0.6939   169                      0.6862   247705                    z_1_7 U   2688   2624     11
   2745  1541    infeasible                            0.6863   250553                  bit_7_3 U   2745   2742     22
   2787  1541    infeasible                            0.6867   253935                  x_0_2_1 U   2787   2784     17
   2835  1557    infeasible                            0.6869   257415                    z_0_4 D   2835   2834     14
   2867  1559        0.7028   142                      0.6871   260570                    z_0_4 N   2867   2865     14
   2894  1570    infeasible                            0.6872   263913                      Y_7 U   2894   2893     21
Elapsed time = 39.98 sec. (94316.15 ticks, tree = 80.81 MB, solutions = 0)
   2931  1593        0.6966   136                      0.6873   266814                  x_0_0_8 D   2931   2930     18
   2987  1615        0.7063   109                      0.6878   270183                  bit_4_4 U   2987   2985     26
   3034  1640        0.6902   145                      0.6881   273520                    z_0_4 D   3034   3033     17
   3088  1674    infeasible                            0.6882   276631                  bit_1_5 U   3088   3086     23
   3135  1689        0.6998   119                      0.6883   279745                  bit_1_5 D   3135   3134     22
   3162  1706        0.6973   177                      0.6883   283424                    z_1_7 D   3162   3160     11
   3196  1726        0.6964   186                      0.6883   286765                    z_1_7 D   3196   3195     11
   3220  1746        0.7018   145                      0.6883   290230                  x_0_0_8 D   3220   3219     14
   3259  1767        0.7010   138                      0.6884   293520                   z_0_11 U   3259   3258     17
   3418  1820        0.6907   133                      0.6891   306093                    z_0_9 N   3418   3016     17
Elapsed time = 45.03 sec. (107023.11 ticks, tree = 93.67 MB, solutions = 0)
   3608  1892        0.6998   130                      0.6895   318671                    z_0_9 D   3608   3607     18
   3775  1963    infeasible                            0.6897   331700                  bit_5_5 U   3775   3774     25
   3951  2039    infeasible                            0.6901   344186                      Y_8 D   3951   3949     30
   4040  2058        0.7039   133                      0.6904   352423                    z_0_4 D   4040   4039     15
   4236  2148    infeasible                            0.6907   364620                  bit_1_5 U   4236    507     14
   4444  2250    infeasible                            0.6910   376285                  bit_8_2 U   4444   4442     29
   4656  2362    infeasible                            0.6913   388172                  x_0_0_1 U   4656   4655     21
   4860  2468    infeasible                            0.6914   401244                      Y_7 D   4860   4742     19
   5047  2581    infeasible                            0.6916   412796                  bit_2_5 U   5047   5045     24
   5263  2693    infeasible                            0.6918   425472                  bit_8_4 U   5263   5261     18
Elapsed time = 59.56 sec. (145414.18 ticks, tree = 138.83 MB, solutions = 0)
   5406  2762        0.7047   161                      0.6918   438005                   z_0_11 U   5406   5405     12
   5579  2827        0.6994   116                      0.6920   450644                  bit_9_4 D   5579   5578     31
   5800  2963        0.6997   129                      0.6921   462395                  bit_4_5 D   5800   5799     20
   5987  3036        0.7127   101                      0.6923   475456                      Y_8 U   5987   5986     36
   6189  3148        0.7007   126                      0.6924   487945                  bit_9_5 U   6189   6129     23
   6292  3191        0.6988   171                      0.6925   496658                    z_1_7 N   6292   5253     11
   6490  3285        0.7065   135                      0.6926   508717                  bit_4_5 N   6490   6390     21
   6694  3393        0.6943   163                      0.6928   520974                   z_0_10 N   6694    559     13
   6881  3480        0.7078   153                      0.6929   533803                  bit_1_5 U   6881   2052     20
   7088  3582    infeasible                            0.6930   546322                  bit_7_3 U   7088   1171     20
Elapsed time = 74.14 sec. (184099.98 ticks, tree = 184.92 MB, solutions = 0)
   7266  3658    infeasible                            0.6932   558708                  bit_8_5 D   7266   7265     27
   7444  3732        0.7161   131                      0.6933   570882                    z_1_4 N   7444   7443     16
   7612  3798        0.7112   132                      0.6935   582800                    z_0_9 N   7612   7611     27
   7758  3860        0.7150   106                      0.6936   592133                 x_0_8_10 D   7758   7757     33
   7907  3881        0.7000   147                      0.6939   604664                   z_1_10 U   7907   2144     17
   8067  3945        0.7140   144                      0.6940   616781                      Y_7 U   8067   8066     19
   8186  3974        0.7114   134                      0.6941   630127                    z_1_7 D   8186   8184     21
   8329  4025        0.7086   121                      0.6942   643414                    z_0_4 D   8329   8328     20
   8513  4093    infeasible                            0.6944   655652                    z_0_2 D   8513   8512     19
   8645  4135    infeasible                            0.6945   668604                  x_0_3_4 U   8645   1127     16
Elapsed time = 89.19 sec. (222490.30 ticks, tree = 213.64 MB, solutions = 0)
   8800  4198        0.7073   133                      0.6947   680438                    z_0_4 U   8800   8798     18
   8955  4257        0.7026   134                      0.6948   693757                    z_0_8 N   8955   8954     24
   9104  4320    infeasible                            0.6949   707152                  bit_8_5 U   9104   9102     24
   9275  4367    infeasible                            0.6951   719646                  bit_2_5 D   9275   9274     37
   9455  4425    infeasible                            0.6952   730994                    z_0_8 U   9455   9454     20
   9576  4456        0.7023   123                      0.6953   744319                      Y_8 U   9576   9575     12
   9724  4478        0.6961   126                      0.6955   757195                  bit_4_4 U   9724   5228     21
   9879  4517    infeasible                            0.6956   769975                  bit_8_4 U   9879   2203     15
  10009  4525        0.7137   123                      0.6958   783876                  bit_9_4 U  10009   5756     26
  10173  4581        0.7032   156                      0.6960   797156                    z_1_4 D  10173  10172     13
Elapsed time = 104.92 sec. (260978.38 ticks, tree = 236.79 MB, solutions = 0)
  10347  4636    infeasible                            0.6962   809703                    z_0_1 U  10347  10345     26
  10520  4681        0.7051   121                      0.6964   822233                    z_0_8 U  10520  10519     28
  10633  4664    infeasible                            0.6966   834667                  bit_4_5 U  10633   2206     18
  10781  4712        0.6996   130                      0.6968   847128                 x_0_9_10 N  10781   2055     23
  10945  4760        0.7057   127                      0.6969   859444                  bit_7_3 U  10945   2211     23
  11107  4788        0.7147   110                      0.6971   872196                  bit_8_3 D  11107  11105     33
  11250  4825        0.7099   157                      0.6972   884673                      Y_7 U  11250  11249     14
  11426  4885        0.7043   109                      0.6973   897209                    z_0_4 D  11426  11425     20
  11588  4939        0.7086   128                      0.6974   910076                 x_0_10_6 N  11588   2094     17
  11750  4967    infeasible                            0.6977   922693                  bit_9_4 U  11750  11748     31
Elapsed time = 120.47 sec. (299361.07 ticks, tree = 256.87 MB, solutions = 0)
  11849  4994    infeasible                            0.6978   936273                    z_0_2 D  11849  11848     24
  12023  5038    infeasible                            0.6980   949499                    z_0_8 D  12023   8343     26
  12171  5070        0.6986   134                      0.6982   962068                   z_0_10 N  12171   1787     24
  12314  5089        0.7006   137                      0.6984   974368                   z_1_10 D  12314   2104     23
  12447  5108        0.7173   133                      0.6985   987327                    z_1_4 U  12447  12444     16
  12613  5128        0.7071   109                      0.6987   999809                  bit_2_4 U  12613  12611     22
  12763  5138        0.7156   123                      0.6988  1012415                  bit_7_3 D  12763  12762     26
  12943  5170    infeasible                            0.6989  1025515                    z_0_8 D  12943  12518     14
  13056  5211    infeasible                            0.6990  1037424                  bit_2_4 D  13056  13055     26
  13197  5246        0.7096   138                      0.6991  1050654                    z_0_8 U  13197  13196     13
Elapsed time = 136.41 sec. (337882.15 ticks, tree = 271.27 MB, solutions = 0)
  13349  5250    infeasible                            0.6992  1063788                    z_0_8 D  13349  13347     21
  13510  5277        0.7090   133                      0.6994  1076214                    z_1_4 U  13510   8601     20
  13661  5284    infeasible                            0.6995  1088158                      Y_8 N  13661  13659     18
  13772  5273    infeasible                            0.6996  1099301                    z_1_7 D  13772  13770     12
  13921  5258        0.7014   136                      0.6998  1112813                    z_0_9 U  13921   4149     22
  14071  5280        0.7135   121                      0.6999  1125725                   z_1_10 D  14071  14070     23
  14204  5295        0.7133   115                      0.7000  1136125                  bit_8_5 D  14204  14203     36
  14350  5322        0.7094   175                      0.7002  1149468                    z_1_7 D  14350  14349     13
  14468  5354        0.7116   106                      0.7003  1162715                    z_1_1 U  14468  14467     15
  14612  5368    infeasible                            0.7004  1175650                    z_0_1 U  14612  14611     25
Elapsed time = 152.28 sec. (376498.51 ticks, tree = 277.70 MB, solutions = 0)
  14739  5361        0.7124   145                      0.7006  1188149                    z_0_8 U  14739  14738     17
  14899  5363        0.7170   115                      0.7007  1199805                      Y_8 U  14899  14898     22
  15044  5374        0.7133   163                      0.7010  1213105                  bit_8_2 U  15044   2631     16
  15194  5388        0.7019   134                      0.7011  1226308                    z_0_4 U  15194   6277     27
  15335  5385    infeasible                            0.7013  1239382                    z_0_8 U  15335  15334     32
  15494  5404        0.7148   120                      0.7014  1250843                  bit_2_5 D  15494  15493     28
  15640  5416        0.7050   112                      0.7015  1264342                  bit_1_3 D  15640    977     28
  15799  5443    infeasible                            0.7016  1276827                  bit_2_5 U  15799   5130     29
  15949  5467        0.7038   118                      0.7018  1290031                   z_0_10 U  15949  15948     21
  16115  5493        0.7020   125                      0.7020  1303644                   z_0_11 D  16115  11609     19
Elapsed time = 168.19 sec. (414747.74 ticks, tree = 284.14 MB, solutions = 0)
  16246  5492        0.7024   115                      0.7021  1317187                    z_0_2 D  16246  14762     24
  16387  5515        0.7151   133                      0.7022  1330153                    z_0_2 D  16387  16386     24
  16539  5527        0.7045   105                      0.7024  1343650                    z_0_9 N  16539   3725     29
  16693  5539        0.7031   130                      0.7025  1356100                    z_0_9 D  16693   4063     23
  16839  5565    infeasible                            0.7026  1367764                      Y_1 U  16839  16837     29
  17015  5587    infeasible                            0.7028  1380803                   z_0_11 U  17015  17014     20
  17170  5630        0.7163   137                      0.7030  1393638                    z_1_4 D  17170  17168     18
  17339  5645        0.7158    91                      0.7031  1406167                  x_1_7_9 D  17339  17338     34
  17477  5637        0.7072   102                      0.7033  1419257                    z_0_2 U  17477  12393     12
  17589  5657        0.7075   124                      0.7034  1433167                    z_1_7 U  17589  17588     14
Elapsed time = 184.34 sec. (453170.41 ticks, tree = 292.72 MB, solutions = 0)
  17767  5701        0.7162   103                      0.7035  1445452                  bit_8_3 D  17767  17766     26
  17906  5680        0.7170   105                      0.7037  1459038                    z_0_2 U  17906  17905     38
  18127  5721        0.7126   132                      0.7039  1471554                  bit_9_5 U  18127  10484     17
  18302  5760        0.7171    95                      0.7040  1483589                      Y_8 U  18302  18301     32
  18439  5807        0.7162   121                      0.7040  1495161                      Y_1 U  18439  18438     18
  18620  5830        0.7176    94                      0.7041  1507138                  bit_1_5 D  18620  18619     29
  18800  5846        0.7128   132                      0.7043  1519865                  bit_8_5 D  18800  18799     19
  18976  5874        0.7101    97                      0.7044  1532189                   z_1_10 D  18976  18975     29
  19106  5890        0.7180   128                      0.7045  1545305                mode_1_11 D  19106  19104     15
  19253  5919    infeasible                            0.7046  1558166                  bit_2_5 D  19253  19252     23
Elapsed time = 200.41 sec. (491487.71 ticks, tree = 306.39 MB, solutions = 0)
  19437  5957        0.7176    90                      0.7048  1571410                  x_1_5_9 D  19437  19435     33
  19592  5996    infeasible                            0.7049  1583290                    z_0_8 U  19592  19310     23
  19750  5992    infeasible                            0.7050  1596196                    z_0_4 U  19750   3679     16
  19896  6020        0.7093   114                      0.7051  1607760                 x_0_8_10 U  19896   7395     28
  20079  6051    infeasible                            0.7052  1620608                    z_0_4 U  20079  20077     17
  20286  6102        0.7073   112                      0.7054  1631948                      Y_1 U  20286  20285     26
  20422  6078        0.7138   143                      0.7055  1645884                    z_0_8 U  20422  20421     27
  20600  6074    infeasible                            0.7056  1658267                      Y_7 D  20600  11328     15
  20770  6094    infeasible                            0.7057  1668824                   z_0_10 U  20770  20768     29
  20940  6124        0.7175    98                      0.7058  1681181                    z_1_4 D  20940  20939     28
Elapsed time = 216.42 sec. (529831.60 ticks, tree = 316.70 MB, solutions = 0)
  21139  6191    infeasible                            0.7059  1693460                   z_0_10 U  21139  21137     25
  21344  6242    infeasible                            0.7060  1705487                    z_1_4 U  21344   5477     24
  21536  6308        0.7106   115                      0.7060  1717765                   z_0_10 D  21536   6477     35
  21719  6345        0.7107   108                      0.7062  1728175                  bit_2_5 N  21719  21718     30
  21869  6365        0.7095   118                      0.7063  1737712                    z_0_4 N  21869  12951     20
  22076  6432        0.7117   111                      0.7064  1748836                      Y_8 N  22076  22075     12
  22289  6497    infeasible                            0.7064  1760576                    z_0_1 D  22289  22288     50
  22478  6540        0.7101   134                      0.7066  1772529                      Y_1 U  22478  22477     22
  22683  6589    infeasible                            0.7066  1784512                    z_0_1 D  22683   9783     18
  22838  6591        0.7077   117                      0.7068  1796475                   z_0_10 D  22838  10162     25
Elapsed time = 232.25 sec. (568241.14 ticks, tree = 340.87 MB, solutions = 0)
  23010  6601        0.7146   115                      0.7069  1808877                    z_0_8 U  23010  23009     34
  23137  6622        0.7111   130                      0.7069  1816631                   z_1_10 N  23137  23136     28
  23243  6652    infeasible                            0.7070  1827270                    z_1_4 U  23243  23241     24
  23438  6683        0.7119    87                      0.7071  1839649                  bit_5_5 D  23438   1849     26
  23603  6658    infeasible                            0.7073  1851368                    z_0_1 U  23603  23602     28
  23783  6666        0.7133   118                      0.7074  1863812                    z_0_4 D  23783  23782     25
  23967  6712        0.7166    86                      0.7074  1874964                  bit_8_3 D  23967  23965     32
  24152  6763        0.7090   132                      0.7075  1886786                      Y_3 U  24152  24151     24
  24372  6857    infeasible                            0.7076  1898072                  bit_7_5 U  24372  24370     37
  24481  6850    infeasible                            0.7076  1910915                   z_0_10 D  24481   6333     28
Elapsed time = 248.27 sec. (606545.92 ticks, tree = 354.34 MB, solutions = 0)
  24705  6904        0.7172   114                      0.7077  1923393                  bit_9_4 U  24705  24703     30
  24851  6898        0.7134   117                      0.7078  1933446                   z_0_10 U  24851  21561     24
  25068  6941    infeasible                            0.7079  1945915                      Y_7 D  25068  25066     23
  25298  6999        0.7153   107                      0.7080  1957268                      Y_7 U  25298  25296     26
  25523  7058        0.7149   127                      0.7081  1968747                  bit_8_5 D  25523  25522     18
  25671  7056        0.7175    89                      0.7082  1979217                  bit_7_1 D  25671  25669     26
  25758  7041        0.7175    92                      0.7083  1987677                  bit_2_5 N  25758  25757     30
  25933  7076        0.7135   103                      0.7083  1998338                  x_0_2_1 N  25933   1326     27
  26125  7138    infeasible                            0.7084  2008081                    z_1_4 U  26125  21159     22
  26365  7182    infeasible                            0.7085  2019487                    z_0_2 U  26365  26363     21
Elapsed time = 264.00 sec. (644940.93 ticks, tree = 371.48 MB, solutions = 0)
  26574  7241    infeasible                            0.7085  2031069                  bit_2_5 U  26574  26572     28
  26772  7257    infeasible                            0.7086  2042857                    z_0_8 D  26772  26770     26
  26933  7252    infeasible                            0.7087  2053616                  bit_2_5 U  26933   1150     36
  27154  7289        0.7183   117                      0.7088  2065074                      Y_1 D  27154  27152     35
  27341  7324        0.7124   112                      0.7088  2077838                      Y_8 U  27341  27340     26
  27540  7363    infeasible                            0.7089  2089929                      Y_8 D  27540  27538     32
  27736  7387        0.7112   131                      0.7090  2099743                      Y_1 N  27736  23134     27
  27919  7382        0.7103   114                      0.7090  2112499                 x_0_10_8 U  27919   1089     43
  28141  7418        0.7118   106                      0.7091  2123773                  bit_9_4 U  28141   9729     27

GUB cover cuts applied:  2
Clique cuts applied:  13
Cover cuts applied:  21
Implied bound cuts applied:  306
Flow cuts applied:  52
Mixed integer rounding cuts applied:  35
Zero-half cuts applied:  1
Gomory fractional cuts applied:  3

Root node processing (before b&c):
  Real time             =    3.05 sec. (6396.29 ticks)
Sequential b&c:
  Real time             =  276.69 sec. (675153.90 ticks)
                          ------------
Total (root+branch&cut) =  279.73 sec. (681550.18 ticks)
CPLEX Error  1217: No solution exists.
CPLEX Error  1217: No solution exists.
CPLEX Error  1217: No solution exists.

--- ROUND21 RUNNER CAPTURED STDOUT ---
Version identifier: 22.1.1.0 | 2022-11-27 | 9160aff4d
CPXPARAM_Threads                                 1
CPXPARAM_MIP_Strategy_Search                     1
CPXPARAM_TimeLimit                               279.7266631
CPXPARAM_MIP_Tolerances_AbsMIPGap                0
CPXPARAM_MIP_Tolerances_MIPGap                   0
Generic callback                                 0xf0
Tried aggregator 2 times.
MIP Presolve eliminated 1236 rows and 6 columns.
MIP Presolve modified 188476 coefficients.
Aggregator did 21 substitutions.
Reduced MIP has 10334 rows, 981 columns, and 107714 nonzeros.
Reduced MIP has 431 binaries, 84 generals, 0 SOSs, and 0 indicators.
Presolve time = 0.14 sec. (243.33 ticks)
Probing fixed 0 vars, tightened 2 bounds.
Probing time = 0.02 sec. (32.58 ticks)
Cover probing fixed 0 vars, tightened 24 bounds.
Tried aggregator 1 time.
MIP Presolve modified 30 coefficients.
Reduced MIP has 10334 rows, 981 columns, and 107714 nonzeros.
Reduced MIP has 431 binaries, 84 generals, 0 SOSs, and 0 indicators.
Presolve time = 0.03 sec. (53.18 ticks)
Probing time = 0.00 sec. (10.29 ticks)
Clique table members: 3293.
MIP emphasis: balance optimality and feasibility.
MIP search method: traditional branch-and-cut.
Parallel mode: none, using 1 thread.
Root relaxation solution time = 0.20 sec. (191.10 ticks)

        Nodes                                         Cuts/
   Node  Left     Objective  IInf  Best Integer    Best Bound    ItCnt     Gap         Variable B NodeID Parent  Depth

      0     0        0.3423   153                      0.3423     1197         
      0     0        0.3689   157                   Cuts: 110     1677         
      0     0        0.3736   174                    Cuts: 75     2024         
      0     0        0.3768   188                    Cuts: 54     2334         
      0     0        0.3778   188                    Cuts: 48     2467         
      0     0        0.3785   189                    Cuts: 34     2636         
      0     0        0.3788   182                    Cuts: 42     2738         
      0     0        0.3789   189                    Cuts: 39     2821         
      0     0        0.3790   193                    Cuts: 15     2909         
      0     0        0.3792   188                    Cuts: 28     3102         
      0     0        0.3793   187                    Cuts: 14     3197         
      0     0        0.3793   187                    Cuts: 19     3235         
      0     0        0.3793   193                     Cuts: 8     3267         
      0     2        0.3793   193                      0.3793     3267                                 0             0
Elapsed time = 3.08 sec. (6450.81 ticks, tree = 0.01 MB, solutions = 0)
      2     2        0.5978   174                      0.5978     6000                          X      2      0      1
      5     3        0.6252   163                      0.6127    10295                          X      5      3      3
      6     4        0.6653   162                      0.6252    11452                          X      6      3      3
     10     6        0.6565   173                      0.6532    12469                          X     10      8      5
     16     8        0.6617   162                      0.6565    13256                          X     16     14      8
     19    11        0.6625   163                      0.6565    13524                          X     19     17     10
     20    12        0.6625   155                      0.6565    13579                          X     20     17     10
     30    18        0.6639   143                      0.6565    13952                  bit_8_5 D     30     29     18
     35    19        0.6643   149                      0.6565    14121                mode_1_11 D     35     33     21
     48    28        0.6640   165                      0.6565    15543                          X     48     46     10
Elapsed time = 6.55 sec. (14240.21 ticks, tree = 1.31 MB, solutions = 0)
     65    39        0.6779   137                      0.6565    16523                  bit_1_4 U     65     63     23
     88    50    infeasible                            0.6609    18836                    z_1_7 U     88     86     11
    103    57    infeasible                            0.6616    21414                  bit_4_5 U    103    101     14
    130    62        0.6628   165                      0.6622    24335                          X    130     89      9
    145    69        0.6864   149                      0.6623    27211                    z_1_7 D    145    143     11
    169    77        0.6628   159                      0.6625    29920                          X    169     84     10
    180    70    infeasible                            0.6626    33279                  bit_1_4 D    180     28     17
    199    69    infeasible                            0.6630    37032                    z_1_7 U    199    131     11
    211    69    infeasible                            0.6633    39736                    z_1_7 D    211    131     11
    223    67        0.6810   127                      0.6641    42859                  bit_9_5 D    223    222     14
Elapsed time = 11.58 sec. (24461.52 ticks, tree = 3.67 MB, solutions = 0)
    240    70        0.6813   135                      0.6641    45764                    z_1_7 U    240    239     11
    264    78        0.6651   174                      0.6644    48774                          X    264    262     10
    295    95    infeasible                            0.6646    51627                    z_1_7 D    295    294     12
    307    91        0.6866   153                      0.6651    55046                    z_1_7 D    307    263     11
    350   112    infeasible                            0.6653    58061                  bit_7_3 U    350    348     17
    362   122        0.7021   100                      0.6653    59916                          X    362    360     10
    376   132        0.6680   171                      0.6657    62697                          X    376    375      8
    418   162        0.6922   137                      0.6659    65562                    z_1_1 U    418    416     12
    440   164        0.6900   146                      0.6662    68913                 bit_11_5 D    440    439     15
    467   177        0.6924   155                      0.6664    72570                    z_1_1 U    467    466     12
Elapsed time = 16.02 sec. (34441.88 ticks, tree = 9.02 MB, solutions = 0)
    492   182        0.6840   145                      0.6667    76878                    z_1_7 U    492    491     11
    550   220    infeasible                            0.6670    80180                  bit_8_2 D    550    549     30
    572   230        0.6860   150                      0.6676    83821                    z_1_7 U    572    571     11
    610   250        0.6984   134                      0.6682    87451                   z_0_10 U    610    609     13
    645   265        0.6877   157                      0.6687    90807                    z_1_7 D    645    381     11
    700   306        0.6964   132                      0.6688    93765                  bit_7_3 D    700    699     19
    751   341        0.6857   152                      0.6694    97124                    z_1_7 U    751    750     11
    783   353        0.6881   164                      0.6700   100749                    z_1_7 D    783    761     11
    835   387        0.6855   149                      0.6709   104960                    z_1_7 U    835    749     11
    872   410        0.6869   153                      0.6713   108428                    z_1_7 U    872    871     11
Elapsed time = 20.19 sec. (44543.77 ticks, tree = 21.10 MB, solutions = 0)
    904   428        0.6886   160                      0.6722   112166                    z_1_7 D    904    571     11
    942   452        0.6880   147                      0.6722   114927                   z_1_10 D    942    941     13
    988   484        0.6890   153                      0.6733   119285                    z_1_7 D    988    870     11
   1030   514        0.6891   162                      0.6742   122426                    z_1_7 D   1030    871     11
   1052   520        0.6876   157                      0.6742   125879                    z_1_7 U   1052   1051     12
   1101   551        0.7136    73                      0.6742   128388                  x_0_1_2 U   1101   1100     50
   1124   561        0.6892   155                      0.6747   129905                    z_1_7 D   1124   1051     12
   1164   587        0.6878   158                      0.6748   132456                    z_1_7 U   1164   1163     12
   1216   629        0.7076   118                      0.6749   135279                  bit_4_4 D   1216   1215     21
   1242   643        0.6881   159                      0.6749   138597                    z_1_7 U   1242   1241     12
Elapsed time = 24.14 sec. (54668.22 ticks, tree = 33.14 MB, solutions = 0)
   1280   663        0.7026   125                      0.6752   142004                    z_0_2 D   1280   1279     26
   1329   704        0.7086   122                      0.6753   144876                  bit_8_5 D   1329   1328     29
   1361   720        0.6838   138                      0.6757   147912                  bit_4_4 N   1361     59     20
   1399   744        0.6884   154                      0.6760   151939                    z_1_7 N   1399   1369     12
   1451   776    infeasible                            0.6766   154807                    z_1_1 D   1451   1448     14
   1497   804        0.6889   159                      0.6772   158084                    z_1_7 N   1497   1308     11
   1547   844        0.7150    92                      0.6772   161082                mode_1_11 D   1547   1546     37
   1612   879        0.6901   168                      0.6778   164139                    z_1_7 N   1612   1263     11
   1660   915        0.7006   133                      0.6782   167187                    z_1_1 D   1660   1659     28
   1714   959        0.6953   157                      0.6789   170150                    z_1_1 U   1714   1713     12
Elapsed time = 28.09 sec. (64832.20 ticks, tree = 49.46 MB, solutions = 0)
   1762   991        0.6952   116                      0.6793   172618                    z_0_2 D   1762   1761     29
   1808  1025        0.6914   170                      0.6793   175739                    z_1_7 D   1808   1807     11
   1862  1063        0.6794   147                      0.6794   178689                  bit_3_5 N   1862   1231     11
   1899  1090        0.6862   127                      0.6797   181846                  bit_9_4 N   1899     68     26
   1927  1100    infeasible                            0.6804   185159                    z_1_7 D   1927   1925     30
   1969  1134        0.6978   153                      0.6809   188622                  bit_7_3 D   1969   1968     24
   2000  1139        0.7120   138                      0.6813   192288                  bit_8_5 D   2000   1999     25
   2031  1142        0.7062   141                      0.6817   195833                  bit_4_5 U   2031   2029     22
   2055  1152        0.6965   138                      0.6823   198133                   z_0_10 U   2055   2054     22
   2087  1162        0.6972   132                      0.6826   201446                    z_1_1 U   2087   2086     12
Elapsed time = 32.02 sec. (74606.65 ticks, tree = 59.69 MB, solutions = 0)
   2126  1187        0.7027   138                      0.6829   204400                  bit_7_3 D   2126   2125     21
   2184  1235        0.7155    54                      0.6829   207015                 x_0_10_1 D   2184   2183     54
   2231  1263    infeasible                            0.6835   209732                    z_0_4 D   2231   2229     13
   2273  1295        0.6929   114                      0.6835   213149                          X   2273    372      6
   2294  1312        0.7042   141                      0.6835   215902                 x_0_10_6 D   2294   2292     20
   2326  1330        0.6937   159                      0.6838   218868                    z_0_4 D   2326   2325     13
   2370  1362        0.7053   129                      0.6844   222001                   z_0_10 U   2370   2369     21
   2418  1398        0.7022   111                      0.6845   224850                  x_1_7_9 D   2418   2417     34
   2460  1420    infeasible                            0.6849   227437                      Y_7 D   2460   2458     17
   2484  1432        0.6967   147                      0.6851   230888                      Y_7 U   2484   2483     15
Elapsed time = 36.09 sec. (84440.95 ticks, tree = 73.61 MB, solutions = 0)
   2516  1440    infeasible                            0.6856   234240                  bit_8_5 U   2516   2514     25
   2567  1449    infeasible                            0.6858   237497                  bit_1_5 U   2567    287     13
   2603  1461    infeasible                            0.6860   240909                  bit_7_2 D   2603   2602     16
   2641  1491    infeasible                            0.6860   244101                  bit_1_5 D   2641   2640     22
   2688  1518        0.6939   169                      0.6862   247705                    z_1_7 U   2688   2624     11
   2745  1541    infeasible                            0.6863   250553                  bit_7_3 U   2745   2742     22
   2787  1541    infeasible                            0.6867   253935                  x_0_2_1 U   2787   2784     17
   2835  1557    infeasible                            0.6869   257415                    z_0_4 D   2835   2834     14
   2867  1559        0.7028   142                      0.6871   260570                    z_0_4 N   2867   2865     14
   2894  1570    infeasible                            0.6872   263913                      Y_7 U   2894   2893     21
Elapsed time = 39.98 sec. (94316.15 ticks, tree = 80.81 MB, solutions = 0)
   2931  1593        0.6966   136                      0.6873   266814                  x_0_0_8 D   2931   2930     18
   2987  1615        0.7063   109                      0.6878   270183                  bit_4_4 U   2987   2985     26
   3034  1640        0.6902   145                      0.6881   273520                    z_0_4 D   3034   3033     17
   3088  1674    infeasible                            0.6882   276631                  bit_1_5 U   3088   3086     23
   3135  1689        0.6998   119                      0.6883   279745                  bit_1_5 D   3135   3134     22
   3162  1706        0.6973   177                      0.6883   283424                    z_1_7 D   3162   3160     11
   3196  1726        0.6964   186                      0.6883   286765                    z_1_7 D   3196   3195     11
   3220  1746        0.7018   145                      0.6883   290230                  x_0_0_8 D   3220   3219     14
   3259  1767        0.7010   138                      0.6884   293520                   z_0_11 U   3259   3258     17
   3418  1820        0.6907   133                      0.6891   306093                    z_0_9 N   3418   3016     17
Elapsed time = 45.03 sec. (107023.11 ticks, tree = 93.67 MB, solutions = 0)
   3608  1892        0.6998   130                      0.6895   318671                    z_0_9 D   3608   3607     18
   3775  1963    infeasible                            0.6897   331700                  bit_5_5 U   3775   3774     25
   3951  2039    infeasible                            0.6901   344186                      Y_8 D   3951   3949     30
   4040  2058        0.7039   133                      0.6904   352423                    z_0_4 D   4040   4039     15
   4236  2148    infeasible                            0.6907   364620                  bit_1_5 U   4236    507     14
   4444  2250    infeasible                            0.6910   376285                  bit_8_2 U   4444   4442     29
   4656  2362    infeasible                            0.6913   388172                  x_0_0_1 U   4656   4655     21
   4860  2468    infeasible                            0.6914   401244                      Y_7 D   4860   4742     19
   5047  2581    infeasible                            0.6916   412796                  bit_2_5 U   5047   5045     24
   5263  2693    infeasible                            0.6918   425472                  bit_8_4 U   5263   5261     18
Elapsed time = 59.56 sec. (145414.18 ticks, tree = 138.83 MB, solutions = 0)
   5406  2762        0.7047   161                      0.6918   438005                   z_0_11 U   5406   5405     12
   5579  2827        0.6994   116                      0.6920   450644                  bit_9_4 D   5579   5578     31
   5800  2963        0.6997   129                      0.6921   462395                  bit_4_5 D   5800   5799     20
   5987  3036        0.7127   101                      0.6923   475456                      Y_8 U   5987   5986     36
   6189  3148        0.7007   126                      0.6924   487945                  bit_9_5 U   6189   6129     23
   6292  3191        0.6988   171                      0.6925   496658                    z_1_7 N   6292   5253     11
   6490  3285        0.7065   135                      0.6926   508717                  bit_4_5 N   6490   6390     21
   6694  3393        0.6943   163                      0.6928   520974                   z_0_10 N   6694    559     13
   6881  3480        0.7078   153                      0.6929   533803                  bit_1_5 U   6881   2052     20
   7088  3582    infeasible                            0.6930   546322                  bit_7_3 U   7088   1171     20
Elapsed time = 74.14 sec. (184099.98 ticks, tree = 184.92 MB, solutions = 0)
   7266  3658    infeasible                            0.6932   558708                  bit_8_5 D   7266   7265     27
   7444  3732        0.7161   131                      0.6933   570882                    z_1_4 N   7444   7443     16
   7612  3798        0.7112   132                      0.6935   582800                    z_0_9 N   7612   7611     27
   7758  3860        0.7150   106                      0.6936   592133                 x_0_8_10 D   7758   7757     33
   7907  3881        0.7000   147                      0.6939   604664                   z_1_10 U   7907   2144     17
   8067  3945        0.7140   144                      0.6940   616781                      Y_7 U   8067   8066     19
   8186  3974        0.7114   134                      0.6941   630127                    z_1_7 D   8186   8184     21
   8329  4025        0.7086   121                      0.6942   643414                    z_0_4 D   8329   8328     20
   8513  4093    infeasible                            0.6944   655652                    z_0_2 D   8513   8512     19
   8645  4135    infeasible                            0.6945   668604                  x_0_3_4 U   8645   1127     16
Elapsed time = 89.19 sec. (222490.30 ticks, tree = 213.64 MB, solutions = 0)
   8800  4198        0.7073   133                      0.6947   680438                    z_0_4 U   8800   8798     18
   8955  4257        0.7026   134                      0.6948   693757                    z_0_8 N   8955   8954     24
   9104  4320    infeasible                            0.6949   707152                  bit_8_5 U   9104   9102     24
   9275  4367    infeasible                            0.6951   719646                  bit_2_5 D   9275   9274     37
   9455  4425    infeasible                            0.6952   730994                    z_0_8 U   9455   9454     20
   9576  4456        0.7023   123                      0.6953   744319                      Y_8 U   9576   9575     12
   9724  4478        0.6961   126                      0.6955   757195                  bit_4_4 U   9724   5228     21
   9879  4517    infeasible                            0.6956   769975                  bit_8_4 U   9879   2203     15
  10009  4525        0.7137   123                      0.6958   783876                  bit_9_4 U  10009   5756     26
  10173  4581        0.7032   156                      0.6960   797156                    z_1_4 D  10173  10172     13
Elapsed time = 104.92 sec. (260978.38 ticks, tree = 236.79 MB, solutions = 0)
  10347  4636    infeasible                            0.6962   809703                    z_0_1 U  10347  10345     26
  10520  4681        0.7051   121                      0.6964   822233                    z_0_8 U  10520  10519     28
  10633  4664    infeasible                            0.6966   834667                  bit_4_5 U  10633   2206     18
  10781  4712        0.6996   130                      0.6968   847128                 x_0_9_10 N  10781   2055     23
  10945  4760        0.7057   127                      0.6969   859444                  bit_7_3 U  10945   2211     23
  11107  4788        0.7147   110                      0.6971   872196                  bit_8_3 D  11107  11105     33
  11250  4825        0.7099   157                      0.6972   884673                      Y_7 U  11250  11249     14
  11426  4885        0.7043   109                      0.6973   897209                    z_0_4 D  11426  11425     20
  11588  4939        0.7086   128                      0.6974   910076                 x_0_10_6 N  11588   2094     17
  11750  4967    infeasible                            0.6977   922693                  bit_9_4 U  11750  11748     31
Elapsed time = 120.47 sec. (299361.07 ticks, tree = 256.87 MB, solutions = 0)
  11849  4994    infeasible                            0.6978   936273                    z_0_2 D  11849  11848     24
  12023  5038    infeasible                            0.6980   949499                    z_0_8 D  12023   8343     26
  12171  5070        0.6986   134                      0.6982   962068                   z_0_10 N  12171   1787     24
  12314  5089        0.7006   137                      0.6984   974368                   z_1_10 D  12314   2104     23
  12447  5108        0.7173   133                      0.6985   987327                    z_1_4 U  12447  12444     16
  12613  5128        0.7071   109                      0.6987   999809                  bit_2_4 U  12613  12611     22
  12763  5138        0.7156   123                      0.6988  1012415                  bit_7_3 D  12763  12762     26
  12943  5170    infeasible                            0.6989  1025515                    z_0_8 D  12943  12518     14
  13056  5211    infeasible                            0.6990  1037424                  bit_2_4 D  13056  13055     26
  13197  5246        0.7096   138                      0.6991  1050654                    z_0_8 U  13197  13196     13
Elapsed time = 136.41 sec. (337882.15 ticks, tree = 271.27 MB, solutions = 0)
  13349  5250    infeasible                            0.6992  1063788                    z_0_8 D  13349  13347     21
  13510  5277        0.7090   133                      0.6994  1076214                    z_1_4 U  13510   8601     20
  13661  5284    infeasible                            0.6995  1088158                      Y_8 N  13661  13659     18
  13772  5273    infeasible                            0.6996  1099301                    z_1_7 D  13772  13770     12
  13921  5258        0.7014   136                      0.6998  1112813                    z_0_9 U  13921   4149     22
  14071  5280        0.7135   121                      0.6999  1125725                   z_1_10 D  14071  14070     23
  14204  5295        0.7133   115                      0.7000  1136125                  bit_8_5 D  14204  14203     36
  14350  5322        0.7094   175                      0.7002  1149468                    z_1_7 D  14350  14349     13
  14468  5354        0.7116   106                      0.7003  1162715                    z_1_1 U  14468  14467     15
  14612  5368    infeasible                            0.7004  1175650                    z_0_1 U  14612  14611     25
Elapsed time = 152.28 sec. (376498.51 ticks, tree = 277.70 MB, solutions = 0)
  14739  5361        0.7124   145                      0.7006  1188149                    z_0_8 U  14739  14738     17
  14899  5363        0.7170   115                      0.7007  1199805                      Y_8 U  14899  14898     22
  15044  5374        0.7133   163                      0.7010  1213105                  bit_8_2 U  15044   2631     16
  15194  5388        0.7019   134                      0.7011  1226308                    z_0_4 U  15194   6277     27
  15335  5385    infeasible                            0.7013  1239382                    z_0_8 U  15335  15334     32
  15494  5404        0.7148   120                      0.7014  1250843                  bit_2_5 D  15494  15493     28
  15640  5416        0.7050   112                      0.7015  1264342                  bit_1_3 D  15640    977     28
  15799  5443    infeasible                            0.7016  1276827                  bit_2_5 U  15799   5130     29
  15949  5467        0.7038   118                      0.7018  1290031                   z_0_10 U  15949  15948     21
  16115  5493        0.7020   125                      0.7020  1303644                   z_0_11 D  16115  11609     19
Elapsed time = 168.19 sec. (414747.74 ticks, tree = 284.14 MB, solutions = 0)
  16246  5492        0.7024   115                      0.7021  1317187                    z_0_2 D  16246  14762     24
  16387  5515        0.7151   133                      0.7022  1330153                    z_0_2 D  16387  16386     24
  16539  5527        0.7045   105                      0.7024  1343650                    z_0_9 N  16539   3725     29
  16693  5539        0.7031   130                      0.7025  1356100                    z_0_9 D  16693   4063     23
  16839  5565    infeasible                            0.7026  1367764                      Y_1 U  16839  16837     29
  17015  5587    infeasible                            0.7028  1380803                   z_0_11 U  17015  17014     20
  17170  5630        0.7163   137                      0.7030  1393638                    z_1_4 D  17170  17168     18
  17339  5645        0.7158    91                      0.7031  1406167                  x_1_7_9 D  17339  17338     34
  17477  5637        0.7072   102                      0.7033  1419257                    z_0_2 U  17477  12393     12
  17589  5657        0.7075   124                      0.7034  1433167                    z_1_7 U  17589  17588     14
Elapsed time = 184.34 sec. (453170.41 ticks, tree = 292.72 MB, solutions = 0)
  17767  5701        0.7162   103                      0.7035  1445452                  bit_8_3 D  17767  17766     26
  17906  5680        0.7170   105                      0.7037  1459038                    z_0_2 U  17906  17905     38
  18127  5721        0.7126   132                      0.7039  1471554                  bit_9_5 U  18127  10484     17
  18302  5760        0.7171    95                      0.7040  1483589                      Y_8 U  18302  18301     32
  18439  5807        0.7162   121                      0.7040  1495161                      Y_1 U  18439  18438     18
  18620  5830        0.7176    94                      0.7041  1507138                  bit_1_5 D  18620  18619     29
  18800  5846        0.7128   132                      0.7043  1519865                  bit_8_5 D  18800  18799     19
  18976  5874        0.7101    97                      0.7044  1532189                   z_1_10 D  18976  18975     29
  19106  5890        0.7180   128                      0.7045  1545305                mode_1_11 D  19106  19104     15
  19253  5919    infeasible                            0.7046  1558166                  bit_2_5 D  19253  19252     23
Elapsed time = 200.41 sec. (491487.71 ticks, tree = 306.39 MB, solutions = 0)
  19437  5957        0.7176    90                      0.7048  1571410                  x_1_5_9 D  19437  19435     33
  19592  5996    infeasible                            0.7049  1583290                    z_0_8 U  19592  19310     23
  19750  5992    infeasible                            0.7050  1596196                    z_0_4 U  19750   3679     16
  19896  6020        0.7093   114                      0.7051  1607760                 x_0_8_10 U  19896   7395     28
  20079  6051    infeasible                            0.7052  1620608                    z_0_4 U  20079  20077     17
  20286  6102        0.7073   112                      0.7054  1631948                      Y_1 U  20286  20285     26
  20422  6078        0.7138   143                      0.7055  1645884                    z_0_8 U  20422  20421     27
  20600  6074    infeasible                            0.7056  1658267                      Y_7 D  20600  11328     15
  20770  6094    infeasible                            0.7057  1668824                   z_0_10 U  20770  20768     29
  20940  6124        0.7175    98                      0.7058  1681181                    z_1_4 D  20940  20939     28
Elapsed time = 216.42 sec. (529831.60 ticks, tree = 316.70 MB, solutions = 0)
  21139  6191    infeasible                            0.7059  1693460                   z_0_10 U  21139  21137     25
  21344  6242    infeasible                            0.7060  1705487                    z_1_4 U  21344   5477     24
  21536  6308        0.7106   115                      0.7060  1717765                   z_0_10 D  21536   6477     35
  21719  6345        0.7107   108                      0.7062  1728175                  bit_2_5 N  21719  21718     30
  21869  6365        0.7095   118                      0.7063  1737712                    z_0_4 N  21869  12951     20
  22076  6432        0.7117   111                      0.7064  1748836                      Y_8 N  22076  22075     12
  22289  6497    infeasible                            0.7064  1760576                    z_0_1 D  22289  22288     50
  22478  6540        0.7101   134                      0.7066  1772529                      Y_1 U  22478  22477     22
  22683  6589    infeasible                            0.7066  1784512                    z_0_1 D  22683   9783     18
  22838  6591        0.7077   117                      0.7068  1796475                   z_0_10 D  22838  10162     25
Elapsed time = 232.25 sec. (568241.14 ticks, tree = 340.87 MB, solutions = 0)
  23010  6601        0.7146   115                      0.7069  1808877                    z_0_8 U  23010  23009     34
  23137  6622        0.7111   130                      0.7069  1816631                   z_1_10 N  23137  23136     28
  23243  6652    infeasible                            0.7070  1827270                    z_1_4 U  23243  23241     24
  23438  6683        0.7119    87                      0.7071  1839649                  bit_5_5 D  23438   1849     26
  23603  6658    infeasible                            0.7073  1851368                    z_0_1 U  23603  23602     28
  23783  6666        0.7133   118                      0.7074  1863812                    z_0_4 D  23783  23782     25
  23967  6712        0.7166    86                      0.7074  1874964                  bit_8_3 D  23967  23965     32
  24152  6763        0.7090   132                      0.7075  1886786                      Y_3 U  24152  24151     24
  24372  6857    infeasible                            0.7076  1898072                  bit_7_5 U  24372  24370     37
  24481  6850    infeasible                            0.7076  1910915                   z_0_10 D  24481   6333     28
Elapsed time = 248.27 sec. (606545.92 ticks, tree = 354.34 MB, solutions = 0)
  24705  6904        0.7172   114                      0.7077  1923393                  bit_9_4 U  24705  24703     30
  24851  6898        0.7134   117                      0.7078  1933446                   z_0_10 U  24851  21561     24
  25068  6941    infeasible                            0.7079  1945915                      Y_7 D  25068  25066     23
  25298  6999        0.7153   107                      0.7080  1957268                      Y_7 U  25298  25296     26
  25523  7058        0.7149   127                      0.7081  1968747                  bit_8_5 D  25523  25522     18
  25671  7056        0.7175    89                      0.7082  1979217                  bit_7_1 D  25671  25669     26
  25758  7041        0.7175    92                      0.7083  1987677                  bit_2_5 N  25758  25757     30
  25933  7076        0.7135   103                      0.7083  1998338                  x_0_2_1 N  25933   1326     27
  26125  7138    infeasible                            0.7084  2008081                    z_1_4 U  26125  21159     22
  26365  7182    infeasible                            0.7085  2019487                    z_0_2 U  26365  26363     21
Elapsed time = 264.00 sec. (644940.93 ticks, tree = 371.48 MB, solutions = 0)
  26574  7241    infeasible                            0.7085  2031069                  bit_2_5 U  26574  26572     28
  26772  7257    infeasible                            0.7086  2042857                    z_0_8 D  26772  26770     26
  26933  7252    infeasible                            0.7087  2053616                  bit_2_5 U  26933   1150     36
  27154  7289        0.7183   117                      0.7088  2065074                      Y_1 D  27154  27152     35
  27341  7324        0.7124   112                      0.7088  2077838                      Y_8 U  27341  27340     26
  27540  7363    infeasible                            0.7089  2089929                      Y_8 D  27540  27538     32
  27736  7387        0.7112   131                      0.7090  2099743                      Y_1 N  27736  23134     27
  27919  7382        0.7103   114                      0.7090  2112499                 x_0_10_8 U  27919   1089     43
  28141  7418        0.7118   106                      0.7091  2123773                  bit_9_4 U  28141   9729     27

GUB cover cuts applied:  2
Clique cuts applied:  13
Cover cuts applied:  21
Implied bound cuts applied:  306
Flow cuts applied:  52
Mixed integer rounding cuts applied:  35
Zero-half cuts applied:  1
Gomory fractional cuts applied:  3

Root node processing (before b&c):
  Real time             =    3.05 sec. (6396.29 ticks)
Sequential b&c:
  Real time             =  276.69 sec. (675153.90 ticks)
                          ------------
Total (root+branch&cut) =  279.73 sec. (681550.18 ticks)
CPLEX Error  1217: No solution exists.
CPLEX Error  1217: No solution exists.
CPLEX Error  1217: No solution exists.
regen_candidate_V12_M2_average.txt gcap-frontier global_gini_tree_time_limit obj=0.718504 runtime=294.342 columns=0

--- ROUND21 RUNNER CAPTURED STDERR ---
