Warning, line 13811: Name 'r_max' does not exist.
Warning, line 13812: Name 'r_min' does not exist.
Version identifier: 22.1.1.0 | 2022-11-27 | 9160aff4d
CPXPARAM_Threads                                 1
CPXPARAM_MIP_Strategy_Search                     1
CPXPARAM_TimeLimit                               273.98694490000003
CPXPARAM_MIP_Tolerances_AbsMIPGap                0
CPXPARAM_MIP_Tolerances_MIPGap                   0
Generic callback                                 0xf0
Lazy constraint(s) or lazy constraint/branch callback is present.
    Disabling dual reductions (CPX_PARAM_REDUCE) in presolve.
    Disabling presolve reductions that prevent crushing forms (CPX_PARAM_PREREFORM).
Tried aggregator 2 times.
MIP Presolve eliminated 2343 rows and 14 columns.
MIP Presolve modified 27515 coefficients.
Aggregator did 27 substitutions.
Reduced MIP has 9411 rows, 3269 columns, and 48275 nonzeros.
Reduced MIP has 1491 binaries, 188 generals, 0 SOSs, and 0 indicators.
Presolve time = 0.05 sec. (69.90 ticks)
Probing fixed 6 vars, tightened 19 bounds.
Probing time = 0.06 sec. (110.68 ticks)
Tried aggregator 1 time.
MIP Presolve eliminated 30 rows and 19 columns.
MIP Presolve modified 2559 coefficients.
Reduced MIP has 9381 rows, 3250 columns, and 47992 nonzeros.
Reduced MIP has 1478 binaries, 185 generals, 0 SOSs, and 0 indicators.
Presolve time = 0.03 sec. (52.83 ticks)
Probing time = 0.00 sec. (7.52 ticks)
Clique table members: 26121.
MIP emphasis: balance optimality and feasibility.
MIP search method: traditional branch-and-cut.
Parallel mode: none, using 1 thread.
Root relaxation solution time = 0.22 sec. (638.35 ticks)

        Nodes                                         Cuts/
   Node  Left     Objective  IInf  Best Integer    Best Bound    ItCnt     Gap         Variable B NodeID Parent  Depth

      0     0        1.3017   260                      1.3017     3725         
      0     0        1.3752   339                   Cuts: 171     5040         
      0     0        1.3826   342                   Cuts: 250     5814         
      0     0        1.3926   342                   Cuts: 192     6700         
      0     0        1.3984   368                   Cuts: 276     7777         
      0     0        1.3994   389                   Cuts: 224     8665         
      0     0        1.4325   360                   Cuts: 191    10302         
      0     0        1.4335   398                   Cuts: 211    10883         
      0     0        1.4358   376                   Cuts: 247    11385         
      0     0        1.4361   385                   Cuts: 187    11702         
      0     0        1.4365   400                   Cuts: 148    12062         
      0     0        1.4367   393                   Cuts: 143    12543         
      0     0        1.4369   380                   Cuts: 124    12739         
      0     0        1.4370   436                   Cuts: 122    13064         
      0     0        1.4370   404                    Cuts: 69    13194         
      0     0        1.4371   429                   Cuts: 147    13364         
      0     2        1.4371   408                      1.4371    13364                                 0             0
Elapsed time = 7.58 sec. (17147.89 ticks, tree = 0.01 MB, solutions = 0)
      1     1    infeasible                            1.4371    14318                          X      1      0      1
      2     2        1.6446   303                      1.6446    18495                          X      2      0      1
      5     3        1.6486   326                      1.6451    28285                          X      5      3      3
      6     4        1.7375   209                      1.6486    29012                          X      6      3      3
      7     5        1.6533   335                      1.6486    29631                          X      7      5      4
      8     6        1.6781   208                      1.6533    30593                          X      8      5      4
      9     7        1.6943   290                      1.6533    32213                          X      9      7      5
     11     9        1.6662   327                      1.6620    33620                          X     11     10      6
     12    10        1.6668   261                      1.6662    35103                          X     12     10      6
     18    16        1.6726   218                      1.6662    36959                          X     18     15      9
Elapsed time = 12.52 sec. (27455.97 ticks, tree = 1.17 MB, solutions = 0)
     19    16        1.6710   223                      1.6662    36959                          X     19     17     10
     20    17        1.6710   223                      1.6662    37002                 bit_18_4 D     20     19     11
     21    18        1.6712   218                      1.6662    37452                 bit_13_4 U     21     20     12
     22    19        1.6774   226                      1.6662    38042                    z_2_1 D     22     21     13
     23    20        1.7303   218                      1.6662    40242                    z_2_1 U     23     21     13
     24    21        1.7043   197                      1.6662    41731                   z_2_19 D     24     22     14
     25    22        1.7200   245                      1.6662    42850                   z_2_19 U     25     22     14
     26    23        1.7220   245                      1.6662    43851                 bit_20_4 U     26     25     15
     30    25        1.7233   240                      1.6662    45337                    z_0_7 D     30     29     18
     31    26        1.7403   210                      1.6662    46558                    z_0_7 U     31     29     18
Elapsed time = 20.53 sec. (46203.51 ticks, tree = 2.27 MB, solutions = 0)
     32    27        1.7290   239                      1.6662    47039                   z_2_18 D     32     30     19
     38    29        1.7373   237                      1.6662    48371                  bit_6_4 U     38     36     22
     47    34        1.7440   242                      1.6662    49164                  x_0_0_8 D     47     45     29
     59    36        1.6678   312                      1.6662    50956                          X     59     57      8
     62    39        1.6685   289                      1.6662    52085                          X     62     61     10
     64    41        1.6889   235                      1.6662    53342                    z_0_1 U     64     62     11
     66    43        1.7189   204                      1.6662    54576                   z_2_13 D     66     65     13
     75    48        1.7455   216                      1.6662    56062                    z_0_7 D     75     73     20
     97    54        1.7467   218                      1.6662    57243                 bit_15_3 D     97     95     33
    102    55        1.6829   297                      1.6670    59520                          X    102    101      8
Elapsed time = 25.80 sec. (58195.43 ticks, tree = 5.43 MB, solutions = 0)
    106    59        1.6744   295                      1.6670    60724                          X    106    105     10
    110    61        1.7147   279                      1.6670    62295                mode_0_16 D    110    108     12
    116    63        1.6678   277                      1.6670    63887                          X    116    115     10
    118    65        1.7164   277                      1.6670    66720                   z_2_19 D    118    117     12
    125    66        1.6685   219                      1.6672    68313                          X    125     13      8
    130    71        1.6852   283                      1.6672    69709                   z_2_13 U    130    129     11
    132    73        1.7412   270                      1.6672    72158                   z_2_19 D    132    131     13
    137    74        1.6677   265                      1.6674    74177                          X    137    114      9
    141    78        1.6860   307                      1.6674    75866                   z_2_13 U    141    140     12
    142    79        1.7128   204                      1.6674    77342                    z_0_1 U    142    141     13
Elapsed time = 31.98 sec. (71421.82 ticks, tree = 8.18 MB, solutions = 0)
    151    88        1.7492   180                      1.6674    78798                 bit_13_4 D    151    150     22
    159    92        1.7175   207                      1.6677    81574                    z_0_1 U    159    158     13
    164    93        1.6921   274                      1.6678    83824                   z_2_18 N    164    156     11
    165    94        1.7316   264                      1.6678    86225                    z_0_1 N    165    164     12
    170    95        1.6696   268                      1.6678    87861                   z_2_18 N    170    138     11
    172    97        1.7035   318                      1.6678    90370                   z_2_19 N    172    170     12
    174    99        1.7150   244                      1.6678    93033                    z_0_1 N    174    172     13
    187   112        1.7307   231                      1.6678    94338                  x_1_0_1 U    187    185     25
    207   118        1.7432   175                      1.6678    96238                  x_1_0_4 D    207    204     38
    222   123        1.6756   290                      1.6679    98372                   z_2_19 N    222    221     12
Elapsed time = 37.33 sec. (83617.04 ticks, tree = 13.49 MB, solutions = 0)
    234   135        1.6987   228                      1.6679   100898                    z_1_7 U    234    233     24
    242   139        1.6918   295                      1.6682   103395                   z_2_18 N    242    138     11
    246   143        1.7168   204                      1.6682   105997                    z_0_1 D    246    244     14
    252   143        1.6915   301                      1.6685   108540                   z_2_18 N    252    139     11
    259   150        1.7448   295                      1.6685   111860                   z_2_19 D    259    258     18
    262   149        1.6890   285                      1.6685   114065                    z_0_1 N    262     63     11
    266   149        1.6717   329                      1.6686   117436                    z_0_1 N    266     62     11
    268   151        1.7180   207                      1.6686   120209                    z_2_1 D    268    267     13
    271   150        1.6703   274                      1.6687   122339                   z_2_13 N    271    128     11
    275   154        1.7019   250                      1.6687   124776                    z_2_1 U    275    274     15
Elapsed time = 42.64 sec. (95618.39 ticks, tree = 16.96 MB, solutions = 0)
    280   157        1.7052   278                      1.6687   126285                 x_1_10_7 D    280    278     19
    289   166        1.7425   237                      1.6687   128466                   z_0_19 D    289    288     27
    296   165        1.6857   321                      1.6688   131500                   z_2_13 N    296    128     11
    299   168        1.7159   275                      1.6688   133891                    z_2_1 D    299    298     14
    300   169        1.7353   248                      1.6688   136048                    z_2_1 U    300    298     14
    306   169    infeasible                            1.6688   138616                    z_0_1 D    306    304     18
    309   172        1.6845   252                      1.6689   140795                   z_2_18 D    309    308     13
    315   176        1.7477   262                      1.6689   144035                    z_2_1 U    315    313     17
    320   177        1.6976   261                      1.6689   146745                   z_2_13 U    320    319     12
    326   179        1.6691   343                      1.6690   149531                          X    326     60     10
Elapsed time = 48.45 sec. (108500.63 ticks, tree = 19.78 MB, solutions = 0)
    328   181        1.7097   337                      1.6690   152257                   z_2_19 U    328    326     11
    330   183        1.6970   263                      1.6690   154319                   z_2_13 U    330    329     13
    336   185        1.6924   308                      1.6694   157087                    z_2_1 D    336    335     13
    338   187        1.7099   242                      1.6694   159072                mode_0_16 D    338    337     15
    341   190        1.7302   146                      1.6694   160913                     Y_19 D    341    340     18
    355   200        1.6928   284                      1.6696   163480                   z_2_19 D    355    354     13
    359   204        1.7040   207                      1.6696   165941                    z_2_1 U    359    357     15
    363   208        1.7281   284                      1.6696   168836                     Y_18 U    363    362     18
    366   207        1.7135   329                      1.6696   173163                   z_2_19 N    366    318     11
    369   210        1.7482   228                      1.6696   175742                    z_0_1 N    369    368     14
Elapsed time = 53.92 sec. (120892.06 ticks, tree = 23.43 MB, solutions = 0)
    374   211        1.6838   260                      1.6696   177291                    z_2_1 N    374    373     12
    377   214        1.7226   334                      1.6696   179629                   z_2_19 U    377    376     15
    383   220        1.7458   213                      1.6696   181789                  x_1_0_8 D    383    382     21
    395   224        1.6697   239                      1.6697   182438                          X    395    127     10
    398   227        1.6933   295                      1.6697   183911                   z_2_13 N    398    397     13
    402   231        1.7240   312                      1.6697   184947                mode_0_16 D    402    401     17
    410   235        1.6710   343                      1.6697   187664                          X    410     58      9
    415   240        1.7250   279                      1.6697   191741                    z_2_1 U    415    413     12
    420   243        1.7237   268                      1.6697   193692                 bit_16_5 U    420    419     16
    424   243        1.6706   332                      1.6698   195442                          X    424    423     10
Elapsed time = 59.19 sec. (133111.15 ticks, tree = 29.63 MB, solutions = 0)
    428   247        1.7023   251                      1.6698   197890                   z_2_13 U    428    427     13
    434   249        1.6905   263                      1.6698   200340                   z_2_18 N    434    395     11
    436   251        1.7101   245                      1.6698   202555                mode_0_16 D    436    435     13
    440   255        1.7484   192                      1.6698   205418                   z_1_16 U    440    439     17
    447   258        1.7073   249                      1.6702   208846                    z_0_1 U    447    446     15
    452   263        1.7367   254                      1.6702   211935                   z_2_19 U    452    451     20
    455   262        1.7047   250                      1.6704   214464                   z_2_18 N    455    425     11
    458   263    infeasible                            1.6704   217214                     Y_18 N    458    457     14
    460   263        1.6913   269                      1.6706   218662                   z_2_18 N    460    372     11
    469   268        1.7207   313                      1.6707   226273                   z_2_19 N    469    468     14
Elapsed time = 65.66 sec. (147782.65 ticks, tree = 32.44 MB, solutions = 0)
    481   268        1.7199   250                      1.6710   234126                   z_2_19 N    481    221     12
    493   274        1.7383   159                      1.6710   243042                     Y_18 N    493    492     18
    505   282        1.7270   208                      1.6711   250767                     Y_19 U    505    503     16
    546   311        1.7427   205                      1.6711   258094                    z_0_1 U    546    545     14
    557   314        1.6952   305                      1.6716   267331                   z_2_18 N    557    334     12
    566   319        1.7157   262                      1.6716   275940                   z_0_19 N    566    565     15
    579   324        1.7109   300                      1.6719   284201                   z_2_19 U    579    307     12
    600   334        1.7013   353                      1.6719   294269                   z_2_19 N    600    497     11
    613   341        1.7277   239                      1.6721   303382                   z_2_19 N    613    611     14
    635   355        1.7406   280                      1.6721   313222                   z_2_19 U    635    634     20
Elapsed time = 84.80 sec. (190546.64 ticks, tree = 42.33 MB, solutions = 0)
    641   357        1.7114   317                      1.6723   320388                   z_0_19 D    641    640     15
    654   366        1.7370   275                      1.6723   329975                    z_2_1 N    654    652     14
    667   371    infeasible                            1.6725   338547                    z_0_1 U    667    666     17
    681   375        1.7212   335                      1.6726   349133                   z_2_19 N    681    680     13
    697   385        1.7072   291                      1.6727   359443                   z_2_19 N    697    695     14
    706   390        1.7311   238                      1.6728   367642                     Y_18 N    706    705     13
    729   405        1.7036   285                      1.6734   377946                    z_2_1 N    729    335     13
    747   419        1.7256   207                      1.6737   387156                     Y_18 U    747    746     16
    757   425        1.7463   273                      1.6737   395268                mode_0_16 D    757    756     17
    777   435        1.7322   358                      1.6741   405193                     Y_18 N    777    776     13
Elapsed time = 104.14 sec. (233426.22 ticks, tree = 51.31 MB, solutions = 0)
    799   445        1.6746   246                      1.6744   414326                          X    799     16      9
    809   455        1.7455   152                      1.6744   421397                    z_0_1 U    809    808     19
    827   467        1.7277   289                      1.6744   430202                   z_0_19 D    827    826     21
    848   480        1.6899   245                      1.6746   438736                   z_2_13 N    848    847     12
    861   493        1.7439   168                      1.6746   447458                     Y_19 D    861    860     23
    887   511    infeasible                            1.6747   455597                 x_2_0_19 D    887    885     33
    900   522        1.7337   199                      1.6747   460727                     Y_19 N    900    898     22
    934   550        1.7223   280                      1.6748   466456                   z_0_19 D    934    933     22
    951   559        1.6816   313                      1.6751   471179                    z_0_1 N    951    106     11
    962   568    infeasible                            1.6751   476708                    z_2_1 U    962    959     20
Elapsed time = 124.03 sec. (275358.04 ticks, tree = 79.28 MB, solutions = 0)
    970   570    infeasible                            1.6755   481908                  bit_1_3 U    970    969     17
    989   579        1.6820   224                      1.6756   491393                   z_2_19 D    989    988     13
    998   582        1.7321   285                      1.6758   499933                   z_2_18 N    998    222     13
   1016   592        1.6967   297                      1.6763   509277                    z_2_1 D   1016   1015     14
   1035   603        1.7342   251                      1.6765   518373                    z_0_1 D   1035   1033     16
   1054   616        1.7378   272                      1.6765   526849                 bit_16_5 U   1054   1053     19
   1076   630        1.7178   326                      1.6766   536075                    z_0_1 N   1076   1074     15
   1106   650        1.6829   231                      1.6768   543799                   z_2_19 D   1106   1105     13
   1134   672        1.7083   267                      1.6770   552752                  x_0_0_8 D   1134   1133     17
   1162   692        1.7324   216                      1.6772   563549                mode_0_16 N   1162   1160     27
Elapsed time = 142.64 sec. (315408.29 ticks, tree = 93.37 MB, solutions = 0)
   1182   702        1.7403   284                      1.6772   571206                    z_2_1 D   1182   1181     21
   1196   710        1.7468   310                      1.6774   580218                   z_0_19 N   1196   1195     20
   1207   711    infeasible                            1.6774   590251                    z_0_1 N   1207   1205     16
   1221   721        1.6944   270                      1.6777   600693                   z_0_19 D   1221   1220     15
   1243   737        1.7250   261                      1.6781   612175                  x_1_0_8 N   1243   1242     19
   1260   750        1.7427   293                      1.6781   619819                   z_2_19 U   1260   1258     12
   1281   765        1.7186   345                      1.6782   629917                   z_2_19 U   1281   1279     12
   1290   774        1.7466   163                      1.6782   639092                 bit_18_3 D   1290   1289     19
   1309   777        1.6822   242                      1.6787   646805                   z_2_18 D   1309   1308     12
   1317   781        1.7118   286                      1.6789   655103                 x_2_0_19 D   1317   1316     16
Elapsed time = 163.14 sec. (356609.36 ticks, tree = 102.86 MB, solutions = 0)
   1348   798        1.7118   202                      1.6796   664408                    z_0_1 D   1348   1347     15
   1382   820        1.6936   250                      1.6798   674837                   z_2_13 N   1382   1278     11
   1394   828        1.7037   226                      1.6804   684461                   z_2_19 N   1394   1105     13
   1411   841        1.7482   213                      1.6804   693535                 x_0_0_13 N   1411   1410     27
   1431   851        1.7045   218                      1.6804   702127                     Y_19 N   1431   1430     14
   1462   874        1.7146   180                      1.6804   711544                 bit_13_4 N   1462   1461     16
   1480   884        1.6962   218                      1.6805   721275                    z_0_1 U   1480   1479     11
   1498   896        1.6958   252                      1.6807   730717                   z_2_13 U   1498   1497     12
   1510   902    infeasible                            1.6807   741034                     Y_19 N   1510   1507     20
   1521   907        1.6973   331                      1.6809   750143                     Y_19 N   1521   1304     13
Elapsed time = 182.02 sec. (397523.01 ticks, tree = 117.02 MB, solutions = 0)
   1534   912    infeasible                            1.6809   760349                   z_1_16 N   1534   1532     18
   1544   918        1.7201   226                      1.6811   768797                   z_0_19 N   1544   1543     15
   1551   921        1.6959   373                      1.6815   776711                 bit_13_3 N   1551   1550     13
   1560   924        1.6976   213                      1.6816   785532                    z_2_1 D   1560   1559     13
   1582   940    infeasible                            1.6821   795828                    z_2_1 U   1582   1579     16
   1597   945        1.7027   178                      1.6824   805224                    z_0_1 U   1597   1595     11
   1621   959        1.7268   229                      1.6824   817053                 bit_13_3 U   1621   1620     16
   1642   970        1.7031   297                      1.6828   828652                   z_2_19 N   1642    925     14
   1651   975        1.7218   289                      1.6829   838195                    z_0_1 N   1651   1649     14
   1664   984        1.7024   340                      1.6829   845788                     Y_18 U   1664   1663     12
Elapsed time = 201.64 sec. (438427.18 ticks, tree = 125.35 MB, solutions = 0)
   1672   988        1.7383   275                      1.6829   855071                  bit_1_3 N   1672   1669     17
   1688   990        1.6938   220                      1.6830   864222                  x_2_0_8 N   1688   1106     14
   1695   989        1.7073   362                      1.6830   873183                   z_2_19 N   1695   1005     14
   1701   991        1.7033   235                      1.6832   888409                   z_2_18 N   1701    891     15
   1711   995        1.7203   298                      1.6834   894181                   z_2_19 D   1711   1710     16
   1733  1003    infeasible                            1.6835   902670                  x_1_7_0 N   1733   1730     21
   1739  1007    infeasible                            1.6839   911454                     Y_19 N   1739   1738     18
   1748  1008        1.6926   319                      1.6840   920186                   z_2_13 N   1748    374     13
   1754  1014        1.7276   173                      1.6840   930164                     Y_19 D   1754   1753     18
   1779  1029        1.7163   300                      1.6840   942120                    z_2_1 U   1779   1777     17
Elapsed time = 222.30 sec. (483041.27 ticks, tree = 130.08 MB, solutions = 0)
   1790  1032        1.7042   264                      1.6840   951903                    z_2_1 D   1790   1789     16
   1798  1034        1.7454   248                      1.6841   962610                mode_0_16 N   1798   1797     17
   1813  1037        1.6964   323                      1.6843   969884                     Y_18 N   1813   1661     11
   1825  1043        1.7003   214                      1.6845   979307                    z_2_1 D   1825   1824     14
   1846  1056    infeasible                            1.6847   989106                 bit_13_4 U   1846   1844     17
   1856  1062        1.7131   202                      1.6847   998209                    z_0_9 U   1856   1855     15
   1869  1069        1.7359   274                      1.6847  1009148                   z_2_18 D   1869   1867     18
   1878  1074        1.7117   308                      1.6849  1018484                     Y_18 N   1878   1877     16
   1885  1077        1.7221   179                      1.6850  1027587                   z_2_19 U   1885   1883     15
   1904  1084    infeasible                            1.6851  1038711                  x_0_0_8 U   1904   1902     24
Elapsed time = 241.88 sec. (524332.36 ticks, tree = 136.54 MB, solutions = 0)
   1911  1091        1.7298   268                      1.6851  1049809                   z_0_19 N   1911   1909     18
   1926  1098        1.7328   175                      1.6852  1060086                     Y_19 D   1926   1925     20
   1941  1103        1.7166   274                      1.6852  1070626                   z_2_13 U   1941   1940     13
   1952  1110        1.7181   219                      1.6852  1080866                    z_0_1 U   1952   1950     15
   1977  1121        1.7074   280                      1.6852  1090835                     Y_18 U   1977   1976     15
   1995  1125        1.7147   272                      1.6852  1102267                  x_2_0_8 N   1995   1173     13
   2007  1129        1.7011   242                      1.6853  1112273                   z_2_13 U   2007   2006     13
   2021  1135        1.7307   224                      1.6854  1122741                mode_0_16 N   2021   2019     16
   2032  1140        1.7269   258                      1.6855  1132144                    z_2_1 D   2032   2031     17
   2045  1143        1.7020   223                      1.6855  1142087                    z_0_9 N   2045   2044     14
Elapsed time = 261.97 sec. (566195.61 ticks, tree = 143.03 MB, solutions = 0)
   2059  1152        1.7317   257                      1.6857  1151412                     Y_19 N   2059   2057     17
   2070  1155        1.6888   321                      1.6860  1159141                  x_1_0_8 N   2070    499     13
   2080  1161        1.7087   283                      1.6860  1170380                  x_1_0_8 N   2080    499     13
   2095  1166        1.7019   349                      1.6860  1179738                     Y_18 U   2095   2094     13
   2104  1171        1.7201   122                      1.6861  1189716                   z_0_19 N   2104   2103     16
   2112  1179        1.7484   191                      1.6861  1198441                    z_0_9 U   2112   2111     21

GUB cover cuts applied:  4
Clique cuts applied:  1
Cover cuts applied:  23
Implied bound cuts applied:  467
Flow cuts applied:  222
Mixed integer rounding cuts applied:  48
Zero-half cuts applied:  17

Root node processing (before b&c):
  Real time             =    7.48 sec. (16963.64 ticks)
Sequential b&c:
  Real time             =  266.52 sec. (574209.22 ticks)
                          ------------
Total (root+branch&cut) =  274.00 sec. (591172.86 ticks)
CPLEX Error  1217: No solution exists.
CPLEX Error  1217: No solution exists.
CPLEX Error  1217: No solution exists.

--- ROUND21 RUNNER CAPTURED STDOUT ---
Version identifier: 22.1.1.0 | 2022-11-27 | 9160aff4d
CPXPARAM_Threads                                 1
CPXPARAM_MIP_Strategy_Search                     1
CPXPARAM_TimeLimit                               273.98694490000003
CPXPARAM_MIP_Tolerances_AbsMIPGap                0
CPXPARAM_MIP_Tolerances_MIPGap                   0
Generic callback                                 0xf0
Tried aggregator 2 times.
MIP Presolve eliminated 2343 rows and 14 columns.
MIP Presolve modified 27515 coefficients.
Aggregator did 27 substitutions.
Reduced MIP has 9411 rows, 3269 columns, and 48275 nonzeros.
Reduced MIP has 1491 binaries, 188 generals, 0 SOSs, and 0 indicators.
Presolve time = 0.05 sec. (69.90 ticks)
Probing fixed 6 vars, tightened 19 bounds.
Probing time = 0.06 sec. (110.68 ticks)
Tried aggregator 1 time.
MIP Presolve eliminated 30 rows and 19 columns.
MIP Presolve modified 2559 coefficients.
Reduced MIP has 9381 rows, 3250 columns, and 47992 nonzeros.
Reduced MIP has 1478 binaries, 185 generals, 0 SOSs, and 0 indicators.
Presolve time = 0.03 sec. (52.83 ticks)
Probing time = 0.00 sec. (7.52 ticks)
Clique table members: 26121.
MIP emphasis: balance optimality and feasibility.
MIP search method: traditional branch-and-cut.
Parallel mode: none, using 1 thread.
Root relaxation solution time = 0.22 sec. (638.35 ticks)

        Nodes                                         Cuts/
   Node  Left     Objective  IInf  Best Integer    Best Bound    ItCnt     Gap         Variable B NodeID Parent  Depth

      0     0        1.3017   260                      1.3017     3725         
      0     0        1.3752   339                   Cuts: 171     5040         
      0     0        1.3826   342                   Cuts: 250     5814         
      0     0        1.3926   342                   Cuts: 192     6700         
      0     0        1.3984   368                   Cuts: 276     7777         
      0     0        1.3994   389                   Cuts: 224     8665         
      0     0        1.4325   360                   Cuts: 191    10302         
      0     0        1.4335   398                   Cuts: 211    10883         
      0     0        1.4358   376                   Cuts: 247    11385         
      0     0        1.4361   385                   Cuts: 187    11702         
      0     0        1.4365   400                   Cuts: 148    12062         
      0     0        1.4367   393                   Cuts: 143    12543         
      0     0        1.4369   380                   Cuts: 124    12739         
      0     0        1.4370   436                   Cuts: 122    13064         
      0     0        1.4370   404                    Cuts: 69    13194         
      0     0        1.4371   429                   Cuts: 147    13364         
      0     2        1.4371   408                      1.4371    13364                                 0             0
Elapsed time = 7.58 sec. (17147.89 ticks, tree = 0.01 MB, solutions = 0)
      1     1    infeasible                            1.4371    14318                          X      1      0      1
      2     2        1.6446   303                      1.6446    18495                          X      2      0      1
      5     3        1.6486   326                      1.6451    28285                          X      5      3      3
      6     4        1.7375   209                      1.6486    29012                          X      6      3      3
      7     5        1.6533   335                      1.6486    29631                          X      7      5      4
      8     6        1.6781   208                      1.6533    30593                          X      8      5      4
      9     7        1.6943   290                      1.6533    32213                          X      9      7      5
     11     9        1.6662   327                      1.6620    33620                          X     11     10      6
     12    10        1.6668   261                      1.6662    35103                          X     12     10      6
     18    16        1.6726   218                      1.6662    36959                          X     18     15      9
Elapsed time = 12.52 sec. (27455.97 ticks, tree = 1.17 MB, solutions = 0)
     19    16        1.6710   223                      1.6662    36959                          X     19     17     10
     20    17        1.6710   223                      1.6662    37002                 bit_18_4 D     20     19     11
     21    18        1.6712   218                      1.6662    37452                 bit_13_4 U     21     20     12
     22    19        1.6774   226                      1.6662    38042                    z_2_1 D     22     21     13
     23    20        1.7303   218                      1.6662    40242                    z_2_1 U     23     21     13
     24    21        1.7043   197                      1.6662    41731                   z_2_19 D     24     22     14
     25    22        1.7200   245                      1.6662    42850                   z_2_19 U     25     22     14
     26    23        1.7220   245                      1.6662    43851                 bit_20_4 U     26     25     15
     30    25        1.7233   240                      1.6662    45337                    z_0_7 D     30     29     18
     31    26        1.7403   210                      1.6662    46558                    z_0_7 U     31     29     18
Elapsed time = 20.53 sec. (46203.51 ticks, tree = 2.27 MB, solutions = 0)
     32    27        1.7290   239                      1.6662    47039                   z_2_18 D     32     30     19
     38    29        1.7373   237                      1.6662    48371                  bit_6_4 U     38     36     22
     47    34        1.7440   242                      1.6662    49164                  x_0_0_8 D     47     45     29
     59    36        1.6678   312                      1.6662    50956                          X     59     57      8
     62    39        1.6685   289                      1.6662    52085                          X     62     61     10
     64    41        1.6889   235                      1.6662    53342                    z_0_1 U     64     62     11
     66    43        1.7189   204                      1.6662    54576                   z_2_13 D     66     65     13
     75    48        1.7455   216                      1.6662    56062                    z_0_7 D     75     73     20
     97    54        1.7467   218                      1.6662    57243                 bit_15_3 D     97     95     33
    102    55        1.6829   297                      1.6670    59520                          X    102    101      8
Elapsed time = 25.80 sec. (58195.43 ticks, tree = 5.43 MB, solutions = 0)
    106    59        1.6744   295                      1.6670    60724                          X    106    105     10
    110    61        1.7147   279                      1.6670    62295                mode_0_16 D    110    108     12
    116    63        1.6678   277                      1.6670    63887                          X    116    115     10
    118    65        1.7164   277                      1.6670    66720                   z_2_19 D    118    117     12
    125    66        1.6685   219                      1.6672    68313                          X    125     13      8
    130    71        1.6852   283                      1.6672    69709                   z_2_13 U    130    129     11
    132    73        1.7412   270                      1.6672    72158                   z_2_19 D    132    131     13
    137    74        1.6677   265                      1.6674    74177                          X    137    114      9
    141    78        1.6860   307                      1.6674    75866                   z_2_13 U    141    140     12
    142    79        1.7128   204                      1.6674    77342                    z_0_1 U    142    141     13
Elapsed time = 31.98 sec. (71421.82 ticks, tree = 8.18 MB, solutions = 0)
    151    88        1.7492   180                      1.6674    78798                 bit_13_4 D    151    150     22
    159    92        1.7175   207                      1.6677    81574                    z_0_1 U    159    158     13
    164    93        1.6921   274                      1.6678    83824                   z_2_18 N    164    156     11
    165    94        1.7316   264                      1.6678    86225                    z_0_1 N    165    164     12
    170    95        1.6696   268                      1.6678    87861                   z_2_18 N    170    138     11
    172    97        1.7035   318                      1.6678    90370                   z_2_19 N    172    170     12
    174    99        1.7150   244                      1.6678    93033                    z_0_1 N    174    172     13
    187   112        1.7307   231                      1.6678    94338                  x_1_0_1 U    187    185     25
    207   118        1.7432   175                      1.6678    96238                  x_1_0_4 D    207    204     38
    222   123        1.6756   290                      1.6679    98372                   z_2_19 N    222    221     12
Elapsed time = 37.33 sec. (83617.04 ticks, tree = 13.49 MB, solutions = 0)
    234   135        1.6987   228                      1.6679   100898                    z_1_7 U    234    233     24
    242   139        1.6918   295                      1.6682   103395                   z_2_18 N    242    138     11
    246   143        1.7168   204                      1.6682   105997                    z_0_1 D    246    244     14
    252   143        1.6915   301                      1.6685   108540                   z_2_18 N    252    139     11
    259   150        1.7448   295                      1.6685   111860                   z_2_19 D    259    258     18
    262   149        1.6890   285                      1.6685   114065                    z_0_1 N    262     63     11
    266   149        1.6717   329                      1.6686   117436                    z_0_1 N    266     62     11
    268   151        1.7180   207                      1.6686   120209                    z_2_1 D    268    267     13
    271   150        1.6703   274                      1.6687   122339                   z_2_13 N    271    128     11
    275   154        1.7019   250                      1.6687   124776                    z_2_1 U    275    274     15
Elapsed time = 42.64 sec. (95618.39 ticks, tree = 16.96 MB, solutions = 0)
    280   157        1.7052   278                      1.6687   126285                 x_1_10_7 D    280    278     19
    289   166        1.7425   237                      1.6687   128466                   z_0_19 D    289    288     27
    296   165        1.6857   321                      1.6688   131500                   z_2_13 N    296    128     11
    299   168        1.7159   275                      1.6688   133891                    z_2_1 D    299    298     14
    300   169        1.7353   248                      1.6688   136048                    z_2_1 U    300    298     14
    306   169    infeasible                            1.6688   138616                    z_0_1 D    306    304     18
    309   172        1.6845   252                      1.6689   140795                   z_2_18 D    309    308     13
    315   176        1.7477   262                      1.6689   144035                    z_2_1 U    315    313     17
    320   177        1.6976   261                      1.6689   146745                   z_2_13 U    320    319     12
    326   179        1.6691   343                      1.6690   149531                          X    326     60     10
Elapsed time = 48.45 sec. (108500.63 ticks, tree = 19.78 MB, solutions = 0)
    328   181        1.7097   337                      1.6690   152257                   z_2_19 U    328    326     11
    330   183        1.6970   263                      1.6690   154319                   z_2_13 U    330    329     13
    336   185        1.6924   308                      1.6694   157087                    z_2_1 D    336    335     13
    338   187        1.7099   242                      1.6694   159072                mode_0_16 D    338    337     15
    341   190        1.7302   146                      1.6694   160913                     Y_19 D    341    340     18
    355   200        1.6928   284                      1.6696   163480                   z_2_19 D    355    354     13
    359   204        1.7040   207                      1.6696   165941                    z_2_1 U    359    357     15
    363   208        1.7281   284                      1.6696   168836                     Y_18 U    363    362     18
    366   207        1.7135   329                      1.6696   173163                   z_2_19 N    366    318     11
    369   210        1.7482   228                      1.6696   175742                    z_0_1 N    369    368     14
Elapsed time = 53.92 sec. (120892.06 ticks, tree = 23.43 MB, solutions = 0)
    374   211        1.6838   260                      1.6696   177291                    z_2_1 N    374    373     12
    377   214        1.7226   334                      1.6696   179629                   z_2_19 U    377    376     15
    383   220        1.7458   213                      1.6696   181789                  x_1_0_8 D    383    382     21
    395   224        1.6697   239                      1.6697   182438                          X    395    127     10
    398   227        1.6933   295                      1.6697   183911                   z_2_13 N    398    397     13
    402   231        1.7240   312                      1.6697   184947                mode_0_16 D    402    401     17
    410   235        1.6710   343                      1.6697   187664                          X    410     58      9
    415   240        1.7250   279                      1.6697   191741                    z_2_1 U    415    413     12
    420   243        1.7237   268                      1.6697   193692                 bit_16_5 U    420    419     16
    424   243        1.6706   332                      1.6698   195442                          X    424    423     10
Elapsed time = 59.19 sec. (133111.15 ticks, tree = 29.63 MB, solutions = 0)
    428   247        1.7023   251                      1.6698   197890                   z_2_13 U    428    427     13
    434   249        1.6905   263                      1.6698   200340                   z_2_18 N    434    395     11
    436   251        1.7101   245                      1.6698   202555                mode_0_16 D    436    435     13
    440   255        1.7484   192                      1.6698   205418                   z_1_16 U    440    439     17
    447   258        1.7073   249                      1.6702   208846                    z_0_1 U    447    446     15
    452   263        1.7367   254                      1.6702   211935                   z_2_19 U    452    451     20
    455   262        1.7047   250                      1.6704   214464                   z_2_18 N    455    425     11
    458   263    infeasible                            1.6704   217214                     Y_18 N    458    457     14
    460   263        1.6913   269                      1.6706   218662                   z_2_18 N    460    372     11
    469   268        1.7207   313                      1.6707   226273                   z_2_19 N    469    468     14
Elapsed time = 65.66 sec. (147782.65 ticks, tree = 32.44 MB, solutions = 0)
    481   268        1.7199   250                      1.6710   234126                   z_2_19 N    481    221     12
    493   274        1.7383   159                      1.6710   243042                     Y_18 N    493    492     18
    505   282        1.7270   208                      1.6711   250767                     Y_19 U    505    503     16
    546   311        1.7427   205                      1.6711   258094                    z_0_1 U    546    545     14
    557   314        1.6952   305                      1.6716   267331                   z_2_18 N    557    334     12
    566   319        1.7157   262                      1.6716   275940                   z_0_19 N    566    565     15
    579   324        1.7109   300                      1.6719   284201                   z_2_19 U    579    307     12
    600   334        1.7013   353                      1.6719   294269                   z_2_19 N    600    497     11
    613   341        1.7277   239                      1.6721   303382                   z_2_19 N    613    611     14
    635   355        1.7406   280                      1.6721   313222                   z_2_19 U    635    634     20
Elapsed time = 84.80 sec. (190546.64 ticks, tree = 42.33 MB, solutions = 0)
    641   357        1.7114   317                      1.6723   320388                   z_0_19 D    641    640     15
    654   366        1.7370   275                      1.6723   329975                    z_2_1 N    654    652     14
    667   371    infeasible                            1.6725   338547                    z_0_1 U    667    666     17
    681   375        1.7212   335                      1.6726   349133                   z_2_19 N    681    680     13
    697   385        1.7072   291                      1.6727   359443                   z_2_19 N    697    695     14
    706   390        1.7311   238                      1.6728   367642                     Y_18 N    706    705     13
    729   405        1.7036   285                      1.6734   377946                    z_2_1 N    729    335     13
    747   419        1.7256   207                      1.6737   387156                     Y_18 U    747    746     16
    757   425        1.7463   273                      1.6737   395268                mode_0_16 D    757    756     17
    777   435        1.7322   358                      1.6741   405193                     Y_18 N    777    776     13
Elapsed time = 104.14 sec. (233426.22 ticks, tree = 51.31 MB, solutions = 0)
    799   445        1.6746   246                      1.6744   414326                          X    799     16      9
    809   455        1.7455   152                      1.6744   421397                    z_0_1 U    809    808     19
    827   467        1.7277   289                      1.6744   430202                   z_0_19 D    827    826     21
    848   480        1.6899   245                      1.6746   438736                   z_2_13 N    848    847     12
    861   493        1.7439   168                      1.6746   447458                     Y_19 D    861    860     23
    887   511    infeasible                            1.6747   455597                 x_2_0_19 D    887    885     33
    900   522        1.7337   199                      1.6747   460727                     Y_19 N    900    898     22
    934   550        1.7223   280                      1.6748   466456                   z_0_19 D    934    933     22
    951   559        1.6816   313                      1.6751   471179                    z_0_1 N    951    106     11
    962   568    infeasible                            1.6751   476708                    z_2_1 U    962    959     20
Elapsed time = 124.03 sec. (275358.04 ticks, tree = 79.28 MB, solutions = 0)
    970   570    infeasible                            1.6755   481908                  bit_1_3 U    970    969     17
    989   579        1.6820   224                      1.6756   491393                   z_2_19 D    989    988     13
    998   582        1.7321   285                      1.6758   499933                   z_2_18 N    998    222     13
   1016   592        1.6967   297                      1.6763   509277                    z_2_1 D   1016   1015     14
   1035   603        1.7342   251                      1.6765   518373                    z_0_1 D   1035   1033     16
   1054   616        1.7378   272                      1.6765   526849                 bit_16_5 U   1054   1053     19
   1076   630        1.7178   326                      1.6766   536075                    z_0_1 N   1076   1074     15
   1106   650        1.6829   231                      1.6768   543799                   z_2_19 D   1106   1105     13
   1134   672        1.7083   267                      1.6770   552752                  x_0_0_8 D   1134   1133     17
   1162   692        1.7324   216                      1.6772   563549                mode_0_16 N   1162   1160     27
Elapsed time = 142.64 sec. (315408.29 ticks, tree = 93.37 MB, solutions = 0)
   1182   702        1.7403   284                      1.6772   571206                    z_2_1 D   1182   1181     21
   1196   710        1.7468   310                      1.6774   580218                   z_0_19 N   1196   1195     20
   1207   711    infeasible                            1.6774   590251                    z_0_1 N   1207   1205     16
   1221   721        1.6944   270                      1.6777   600693                   z_0_19 D   1221   1220     15
   1243   737        1.7250   261                      1.6781   612175                  x_1_0_8 N   1243   1242     19
   1260   750        1.7427   293                      1.6781   619819                   z_2_19 U   1260   1258     12
   1281   765        1.7186   345                      1.6782   629917                   z_2_19 U   1281   1279     12
   1290   774        1.7466   163                      1.6782   639092                 bit_18_3 D   1290   1289     19
   1309   777        1.6822   242                      1.6787   646805                   z_2_18 D   1309   1308     12
   1317   781        1.7118   286                      1.6789   655103                 x_2_0_19 D   1317   1316     16
Elapsed time = 163.14 sec. (356609.36 ticks, tree = 102.86 MB, solutions = 0)
   1348   798        1.7118   202                      1.6796   664408                    z_0_1 D   1348   1347     15
   1382   820        1.6936   250                      1.6798   674837                   z_2_13 N   1382   1278     11
   1394   828        1.7037   226                      1.6804   684461                   z_2_19 N   1394   1105     13
   1411   841        1.7482   213                      1.6804   693535                 x_0_0_13 N   1411   1410     27
   1431   851        1.7045   218                      1.6804   702127                     Y_19 N   1431   1430     14
   1462   874        1.7146   180                      1.6804   711544                 bit_13_4 N   1462   1461     16
   1480   884        1.6962   218                      1.6805   721275                    z_0_1 U   1480   1479     11
   1498   896        1.6958   252                      1.6807   730717                   z_2_13 U   1498   1497     12
   1510   902    infeasible                            1.6807   741034                     Y_19 N   1510   1507     20
   1521   907        1.6973   331                      1.6809   750143                     Y_19 N   1521   1304     13
Elapsed time = 182.02 sec. (397523.01 ticks, tree = 117.02 MB, solutions = 0)
   1534   912    infeasible                            1.6809   760349                   z_1_16 N   1534   1532     18
   1544   918        1.7201   226                      1.6811   768797                   z_0_19 N   1544   1543     15
   1551   921        1.6959   373                      1.6815   776711                 bit_13_3 N   1551   1550     13
   1560   924        1.6976   213                      1.6816   785532                    z_2_1 D   1560   1559     13
   1582   940    infeasible                            1.6821   795828                    z_2_1 U   1582   1579     16
   1597   945        1.7027   178                      1.6824   805224                    z_0_1 U   1597   1595     11
   1621   959        1.7268   229                      1.6824   817053                 bit_13_3 U   1621   1620     16
   1642   970        1.7031   297                      1.6828   828652                   z_2_19 N   1642    925     14
   1651   975        1.7218   289                      1.6829   838195                    z_0_1 N   1651   1649     14
   1664   984        1.7024   340                      1.6829   845788                     Y_18 U   1664   1663     12
Elapsed time = 201.64 sec. (438427.18 ticks, tree = 125.35 MB, solutions = 0)
   1672   988        1.7383   275                      1.6829   855071                  bit_1_3 N   1672   1669     17
   1688   990        1.6938   220                      1.6830   864222                  x_2_0_8 N   1688   1106     14
   1695   989        1.7073   362                      1.6830   873183                   z_2_19 N   1695   1005     14
   1701   991        1.7033   235                      1.6832   888409                   z_2_18 N   1701    891     15
   1711   995        1.7203   298                      1.6834   894181                   z_2_19 D   1711   1710     16
   1733  1003    infeasible                            1.6835   902670                  x_1_7_0 N   1733   1730     21
   1739  1007    infeasible                            1.6839   911454                     Y_19 N   1739   1738     18
   1748  1008        1.6926   319                      1.6840   920186                   z_2_13 N   1748    374     13
   1754  1014        1.7276   173                      1.6840   930164                     Y_19 D   1754   1753     18
   1779  1029        1.7163   300                      1.6840   942120                    z_2_1 U   1779   1777     17
Elapsed time = 222.30 sec. (483041.27 ticks, tree = 130.08 MB, solutions = 0)
   1790  1032        1.7042   264                      1.6840   951903                    z_2_1 D   1790   1789     16
   1798  1034        1.7454   248                      1.6841   962610                mode_0_16 N   1798   1797     17
   1813  1037        1.6964   323                      1.6843   969884                     Y_18 N   1813   1661     11
   1825  1043        1.7003   214                      1.6845   979307                    z_2_1 D   1825   1824     14
   1846  1056    infeasible                            1.6847   989106                 bit_13_4 U   1846   1844     17
   1856  1062        1.7131   202                      1.6847   998209                    z_0_9 U   1856   1855     15
   1869  1069        1.7359   274                      1.6847  1009148                   z_2_18 D   1869   1867     18
   1878  1074        1.7117   308                      1.6849  1018484                     Y_18 N   1878   1877     16
   1885  1077        1.7221   179                      1.6850  1027587                   z_2_19 U   1885   1883     15
   1904  1084    infeasible                            1.6851  1038711                  x_0_0_8 U   1904   1902     24
Elapsed time = 241.88 sec. (524332.36 ticks, tree = 136.54 MB, solutions = 0)
   1911  1091        1.7298   268                      1.6851  1049809                   z_0_19 N   1911   1909     18
   1926  1098        1.7328   175                      1.6852  1060086                     Y_19 D   1926   1925     20
   1941  1103        1.7166   274                      1.6852  1070626                   z_2_13 U   1941   1940     13
   1952  1110        1.7181   219                      1.6852  1080866                    z_0_1 U   1952   1950     15
   1977  1121        1.7074   280                      1.6852  1090835                     Y_18 U   1977   1976     15
   1995  1125        1.7147   272                      1.6852  1102267                  x_2_0_8 N   1995   1173     13
   2007  1129        1.7011   242                      1.6853  1112273                   z_2_13 U   2007   2006     13
   2021  1135        1.7307   224                      1.6854  1122741                mode_0_16 N   2021   2019     16
   2032  1140        1.7269   258                      1.6855  1132144                    z_2_1 D   2032   2031     17
   2045  1143        1.7020   223                      1.6855  1142087                    z_0_9 N   2045   2044     14
Elapsed time = 261.97 sec. (566195.61 ticks, tree = 143.03 MB, solutions = 0)
   2059  1152        1.7317   257                      1.6857  1151412                     Y_19 N   2059   2057     17
   2070  1155        1.6888   321                      1.6860  1159141                  x_1_0_8 N   2070    499     13
   2080  1161        1.7087   283                      1.6860  1170380                  x_1_0_8 N   2080    499     13
   2095  1166        1.7019   349                      1.6860  1179738                     Y_18 U   2095   2094     13
   2104  1171        1.7201   122                      1.6861  1189716                   z_0_19 N   2104   2103     16
   2112  1179        1.7484   191                      1.6861  1198441                    z_0_9 U   2112   2111     21

GUB cover cuts applied:  4
Clique cuts applied:  1
Cover cuts applied:  23
Implied bound cuts applied:  467
Flow cuts applied:  222
Mixed integer rounding cuts applied:  48
Zero-half cuts applied:  17

Root node processing (before b&c):
  Real time             =    7.48 sec. (16963.64 ticks)
Sequential b&c:
  Real time             =  266.52 sec. (574209.22 ticks)
                          ------------
Total (root+branch&cut) =  274.00 sec. (591172.86 ticks)
CPLEX Error  1217: No solution exists.
CPLEX Error  1217: No solution exists.
CPLEX Error  1217: No solution exists.
high_imbalance_seed3202.txt gcap-frontier global_gini_tree_time_limit obj=1.74931 runtime=294.156 columns=0

--- ROUND21 RUNNER CAPTURED STDERR ---
