Warning, line 11348: Name 'r_max' does not exist.
Warning, line 11349: Name 'r_min' does not exist.
Version identifier: 22.1.1.0 | 2022-11-27 | 9160aff4d
CPXPARAM_Threads                                 1
CPXPARAM_MIP_Strategy_Search                     1
CPXPARAM_TimeLimit                               273.97867610000003
CPXPARAM_MIP_Tolerances_AbsMIPGap                0
CPXPARAM_MIP_Tolerances_MIPGap                   0
Generic callback                                 0xf0
Lazy constraint(s) or lazy constraint/branch callback is present.
    Disabling dual reductions (CPX_PARAM_REDUCE) in presolve.
    Disabling presolve reductions that prevent crushing forms (CPX_PARAM_PREREFORM).
Tried aggregator 2 times.
MIP Presolve eliminated 2343 rows and 14 columns.
MIP Presolve modified 27516 coefficients.
Aggregator did 27 substitutions.
Reduced MIP has 8148 rows, 2069 columns, and 43355 nonzeros.
Reduced MIP has 1491 binaries, 188 generals, 0 SOSs, and 0 indicators.
Presolve time = 0.03 sec. (61.41 ticks)
Probing fixed 6 vars, tightened 16 bounds.
Probing time = 0.05 sec. (94.40 ticks)
Tried aggregator 1 time.
MIP Presolve eliminated 27 rows and 16 columns.
MIP Presolve modified 2559 coefficients.
Reduced MIP has 8121 rows, 2053 columns, and 43084 nonzeros.
Reduced MIP has 1478 binaries, 185 generals, 0 SOSs, and 0 indicators.
Presolve time = 0.03 sec. (44.83 ticks)
Probing time = 0.00 sec. (6.68 ticks)
Clique table members: 22470.
MIP emphasis: balance optimality and feasibility.
MIP search method: traditional branch-and-cut.
Parallel mode: none, using 1 thread.
Root relaxation solution time = 0.14 sec. (341.13 ticks)

        Nodes                                         Cuts/
   Node  Left     Objective  IInf  Best Integer    Best Bound    ItCnt     Gap         Variable B NodeID Parent  Depth

      0     0        1.2906   244                      1.2906     2257         
      0     0        1.3693   270                   Cuts: 137     3058         
      0     0        1.3755   302                   Cuts: 284     3415         
      0     0        1.3770   278                   Cuts: 115     3749         
      0     0        1.3773   292                   Cuts: 135     4024         
      0     0        1.3783   313                    Cuts: 94     4312         
      0     0        1.3784   333                    Cuts: 71     4673         
      0     0        1.3786   341                   Cuts: 143     4932         
      0     0        1.3792   336                    Cuts: 70     5199         
      0     0        1.3794   332                    Cuts: 38     5277         
      0     0        1.3795   358                    Cuts: 34     5350         
      0     0        1.3801   326                    Cuts: 72     5579         
      0     0        1.3808   314                   Cuts: 130     5867         
      0     0        1.3815   332                    Cuts: 77     6030         
      0     0        1.3817   317                    Cuts: 79     6265         
      0     0        1.3820   336                    Cuts: 64     6457         
      0     0        1.3821   319                    Cuts: 57     6692         
      0     0        1.3821   317                    Cuts: 28     6721         
      0     2        1.3821   317                      1.3821     6721                                 0             0
Elapsed time = 4.09 sec. (10639.23 ticks, tree = 0.01 MB, solutions = 0)
      1     3        1.5997   323                      1.3821     8013                          X      1      0      1
      2     4        1.5906   292                      1.5906    10640                          X      2      0      1
      5     5        1.5929   267                      1.5919    16155                          X      5      3      3
      7     7        1.6311   224                      1.5919    17070                          X      7      5      4
      8     8        1.5990   289                      1.5919    18102                          X      8      6      5
      9     9        1.6056   270                      1.5919    19948                          X      9      6      5
     10    10        1.6188   210                      1.5919    20928                          X     10      8      6
     12    12        1.6052   251                      1.5919    22065                          X     12     11      7
     15    15        1.6051   241                      1.5919    22669                          X     15     13      8
     17    17        1.6057   236                      1.5919    23082                          X     17     16     10
Elapsed time = 8.03 sec. (18439.73 ticks, tree = 1.03 MB, solutions = 0)
     18    18        1.6057   240                      1.5919    23168                          X     18     16     10
     19    19        1.6058   227                      1.5919    23395                 bit_20_4 U     19     17     11
     25    25        1.6128   229                      1.5919    24539                 bit_13_4 D     25     24     16
     30    30        1.6079   219                      1.5919    25009                  bit_4_4 D     30     28     18
     32    32        1.6109   209                      1.5919    25967                  bit_5_4 U     32     31     20
     37    37        1.6344   287                      1.5919    27204                   z_2_19 U     37     35     22
     42    40        1.6415   254                      1.5919    27931                    z_2_9 D     42     41     26
     57    45        1.6905   214                      1.5997    29468                          X     57     55      7
     63    51        1.6905   214                      1.5997    29651                          X     63     61     10
     75    63        1.7405   161                      1.5997    30616                 bit_11_4 D     75     73     18
Elapsed time = 16.22 sec. (35558.43 ticks, tree = 9.96 MB, solutions = 0)
     85    67        1.7376   177                      1.5997    31699                    z_2_8 D     85     84     24
    105    66    infeasible                            1.5997    34003                          X    105    104      6
    111    72        1.6956   234                      1.5997    35171                          X    111    110      9
    117    78        1.6884   208                      1.5997    35718                   z_2_13 D    117    116     13
    123    80        1.7319   266                      1.5997    36591                     Y_18 U    123    121     17
    138    89        1.7347   238                      1.5997    38061                 x_2_7_19 D    138    137     28
    145    94        1.7482   224                      1.5997    39600                x_2_16_19 D    145    143     32
    160   101        1.6450   289                      1.6050    42046                 x_2_4_19 U    160    158     16
    167   108        1.6773   256                      1.6050    44753                 bit_11_4 D    167    165     21
    174   113        1.6625   272                      1.6050    45954                    z_2_9 D    174    173     26
Elapsed time = 22.28 sec. (47077.97 ticks, tree = 16.63 MB, solutions = 0)
    180   119        1.7185   237                      1.6050    47675                 bit_19_1 U    180    179     31
    194   131        1.7245   239                      1.6050    48700                x_2_16_14 D    194    193     41
    206   139        1.6059   266                      1.6051    49669                          X    206    205     10
    213   146        1.7063   246                      1.6051    51926                 bit_13_4 U    213    212     16
    235   162        1.7136   202                      1.6051    54242                 bit_19_1 U    235    234     31
    248   168    infeasible                            1.6051    55927                x_2_14_16 U    248    246     40
    266   174        1.6058   229                      1.6052    56902                          X    266    264     10
    290   190        1.7101   165                      1.6052    59286                    p_2_1 D    290    287     28
    322   212        1.7493   205                      1.6052    61124                    z_2_9 D    322    321     54
    332   218        1.6559   205                      1.6052    63354                 bit_19_3 U    332    331     15
Elapsed time = 27.38 sec. (58200.33 ticks, tree = 28.69 MB, solutions = 0)
    345   225        1.7084   240                      1.6052    65535                   z_0_13 U    345    344     25
    376   252        1.6115   222                      1.6056    67559                          X    376    375      9
    383   259        1.6259   226                      1.6056    69282                   z_2_13 D    383    382     14
    389   265        1.6708   192                      1.6056    71721                   z_0_13 U    389    387     18
    414   286        1.7025   187                      1.6056    74029                  bit_6_4 U    414    412     37
    435   301        1.7027   185                      1.6056    74898                 x_2_10_2 D    435    434     53
    464   321        1.6057   255                      1.6056    75451                          X    464    463      7
    473   330        1.6199   241                      1.6056    77145                   z_0_13 D    473    472     16
    510   360        1.6163   224                      1.6057    79717                          X    510      9      6
    522   372        1.6206   202                      1.6057    80599                   z_2_19 D    522    521     14
Elapsed time = 32.69 sec. (68917.07 ticks, tree = 45.70 MB, solutions = 0)
    554   404        1.6785   168                      1.6057    83160                x_2_20_10 U    554    552     40
    573   423        1.6314   180                      1.6057    84873                 x_2_11_4 D    573    572     56
    580   428        1.6315   181                      1.6057    86561                  x_2_2_4 D    580    579     61
    599   436        1.6097   203                      1.6057    88897                          X    599    463      7
    607   444        1.6505   320                      1.6057    90210                   z_2_19 D    607    606     15
    614   447        1.6060   271                      1.6057    91664                   z_0_19 D    614    613     12
    620   451        1.6727   235                      1.6057    93815                   z_2_19 D    620    619     16
    625   452        1.6468   233                      1.6057    97266                    p_2_1 N    625    152     11
    629   454        1.6928   270                      1.6057    98770                     Y_18 N    629    627     14
    633   456        1.7149   258                      1.6057   100423                 bit_19_1 N    633    632     17
Elapsed time = 37.78 sec. (81011.50 ticks, tree = 55.02 MB, solutions = 0)
    636   455        1.6432   233                      1.6057   102562                    p_2_1 N    636    153     11
    640   459        1.7219   213                      1.6057   104278                 bit_15_4 N    640    639     15
    646   459        1.6060   287                      1.6057   105473                   z_0_19 D    646    645     12
    650   461    infeasible                            1.6057   107382                   z_2_19 N    650    649     16
    653   462    infeasible                            1.6057   109654                 bit_19_3 U    653    652     18
    667   476        1.7246   162                      1.6057   111202                 bit_18_3 U    667    665     28
    685   488        1.6083   222                      1.6057   112715                          X    685    682     10
    692   495        1.6591   319                      1.6057   115071                   z_2_19 D    692    691     16
    700   499    infeasible                            1.6057   117088                  bit_5_4 U    700    698     20
    721   508        1.6488   255                      1.6058   119253                   z_2_19 U    721    719     21
Elapsed time = 42.61 sec. (92313.09 ticks, tree = 60.82 MB, solutions = 0)
    728   509        1.6392   247                      1.6058   122180                    p_2_1 N    728    265     11
    730   511        1.6816   295                      1.6058   124930                   z_0_19 N    730    728     12
    735   512    infeasible                            1.6058   126371                     Y_18 N    735    734     16
    740   513        1.6062   237                      1.6058   127803                   z_0_19 D    740    739     12
    748   517    infeasible                            1.6058   129686                   z_2_19 N    748    746     19
    749   518        1.6504   234                      1.6058   131720                    p_2_1 N    749    207     11
    752   521        1.6943   284                      1.6058   133825                   z_0_19 N    752    750     13
    759   521        1.6906   216                      1.6058   136068                 bit_18_3 N    759     20     13
    765   527        1.7268   162                      1.6058   137748                   z_2_19 U    765    764     19
    771   529        1.6071   242                      1.6058   138631                 bit_13_4 N    771    770     18
Elapsed time = 47.62 sec. (104845.31 ticks, tree = 63.18 MB, solutions = 0)
    774   528    infeasible                            1.6058   140634                   z_2_19 N    774    772     20
    777   531        1.6410   304                      1.6058   141936                   z_0_19 N    777    775     16
    781   535        1.6135   262                      1.6058   142863                 x_2_4_19 D    781    780     20
    784   536        1.6757   255                      1.6058   145184                   z_2_19 N    784    783     22
    793   543        1.7262   258                      1.6058   146912                    z_2_8 D    793    792     29
    824   560        1.6064   284                      1.6058   148181                 bit_15_4 N    824     23     15
    831   567        1.6379   282                      1.6058   150502                   z_2_19 U    831    830     20
    834   570        1.7461   264                      1.6058   152717                 bit_19_3 U    834    833     22
    839   571        1.6067   283                      1.6058   153452                          X    839    837     10
    843   575        1.6145   270                      1.6058   155139                   z_0_13 U    843    842     13
Elapsed time = 52.33 sec. (115993.62 ticks, tree = 68.49 MB, solutions = 0)
    851   579        1.6105   269                      1.6058   157789                   z_2_13 N    851    154     12
    861   583        1.6916   262                      1.6058   159795                 bit_18_3 U    861     18     11
    866   587        1.7479   208                      1.6058   161551                   z_2_19 D    866    864     15
    877   594        1.7117   258                      1.6058   164517                 bit_19_4 D    877    876     16
    885   598        1.6377   314                      1.6059   166825                   z_0_19 U    885    883     12
    891   604        1.7441   273                      1.6059   169641                 bit_19_3 U    891    890     17
    898   603        1.6109   283                      1.6059   171507                   z_2_13 N    898    208     12
    905   604        1.6064   272                      1.6059   173679                  bit_4_4 N    905     27     18
    910   607    infeasible                            1.6059   177173                 bit_19_4 D    910    909     22
    932   617        1.6121   262                      1.6059   183663                 x_0_4_13 D    932    931     15
Elapsed time = 59.50 sec. (132285.71 ticks, tree = 73.36 MB, solutions = 0)
    967   645        1.6064   268                      1.6059   191403                  bit_4_4 N    967     27     18
    981   655        1.6843   287                      1.6059   199455                   z_0_19 N    981    979     13
   1031   685        1.6554   306                      1.6059   206592                    p_2_1 N   1031    206     11
   1049   693        1.6347   292                      1.6060   214007                 bit_19_2 N   1049   1048     13
   1069   697        1.7054   257                      1.6060   221837                   z_0_19 D   1069   1068     13
   1084   704        1.6080   240                      1.6061   229145                   z_2_13 D   1084   1083     13
   1097   713        1.6479   266                      1.6061   237431                   z_2_19 N   1097   1095     14
   1114   723    infeasible                            1.6062   245693                     Y_18 N   1114   1113     19
   1139   738    infeasible                            1.6062   252785                 bit_19_3 D   1139   1137     19
   1180   764        1.6113   252                      1.6062   259971                   z_2_13 D   1180   1179     17
Elapsed time = 76.53 sec. (172917.11 ticks, tree = 89.72 MB, solutions = 0)
   1213   779        1.6504   309                      1.6062   268682                 x_2_4_19 U   1213   1212     15
   1242   796        1.6426   306                      1.6063   276643                 bit_19_4 D   1242   1241     15
   1264   810        1.6657   238                      1.6064   285757                    p_2_1 N   1264    967     19
   1279   813        1.6585   288                      1.6064   293922                    p_2_1 N   1279    824     16
   1294   820    infeasible                            1.6064   299669                 bit_19_2 U   1294   1293     24
   1314   828        1.7199   261                      1.6064   306787                   z_2_19 D   1314   1313     23
   1330   832        1.7485   226                      1.6065   313568                 bit_19_3 D   1330   1328     15
   1341   835        1.6146   280                      1.6066   320609                 bit_13_4 N   1341   1340     18
   1349   837    infeasible                            1.6066   327815                 bit_19_3 U   1349   1348     14
   1373   845        1.6724   317                      1.6066   335286                   z_2_19 U   1373   1372     16
Elapsed time = 93.83 sec. (214275.47 ticks, tree = 98.57 MB, solutions = 0)
   1386   849        1.6590   300                      1.6068   342539                    p_2_1 N   1386    839     11
   1404   857        1.6821   278                      1.6069   349077                   z_2_19 D   1404   1402     15
   1419   858    infeasible                            1.6069   355809                 bit_19_1 U   1419   1417     17
   1435   864    infeasible                            1.6070   363313                   z_0_19 N   1435   1433     15
   1465   881        1.6714   209                      1.6071   370361                 bit_19_2 D   1465   1464     27
   1494   898        1.6692   196                      1.6071   378323                 x_0_4_13 N   1494    841     13
   1511   905        1.6086   285                      1.6071   384409                 bit_20_4 N   1511   1338     16
   1521   911        1.6904   325                      1.6071   390321                   z_2_19 U   1521   1520     18
   1549   931        1.6388   289                      1.6071   398249                   z_2_19 N   1549    930     14
   1578   952        1.7003   298                      1.6072   405194                   z_2_19 U   1578   1577     15
Elapsed time = 111.47 sec. (255256.26 ticks, tree = 110.38 MB, solutions = 0)
   1598   956        1.6082   245                      1.6073   411798                   z_2_19 D   1598   1597     14
   1614   962        1.6711   253                      1.6073   418907                   z_0_13 N   1614   1613     14
   1628   970        1.6599   319                      1.6073   426116                 bit_19_3 U   1628   1627     18
   1643   979        1.6720   294                      1.6074   433086                 x_1_10_1 D   1643   1642     19
   1652   982        1.6475   279                      1.6074   439202                 bit_19_2 N   1652   1651     17
   1668   986        1.7311   229                      1.6075   445886                   z_0_13 N   1668   1665     18
   1704  1008        1.6372   225                      1.6075   453349                 bit_13_4 D   1704   1703     18
   1731  1023        1.6320   303                      1.6078   461404                   z_0_19 N   1731    684     11
   1752  1036        1.6091   285                      1.6078   468577                 bit_15_4 N   1752    379     11
   1764  1042        1.6085   316                      1.6078   475227                   z_0_19 D   1764   1763     15
Elapsed time = 128.41 sec. (295056.79 ticks, tree = 120.89 MB, solutions = 0)
   1777  1045    infeasible                            1.6079   482835                   z_2_13 N   1777     36     23
   1797  1062        1.7274   180                      1.6079   489510                   d_2_16 U   1797   1796     33
   1814  1069        1.6535   214                      1.6081   496704                   z_0_13 U   1814   1813     19
   1858  1103        1.7071   285                      1.6081   506042                    p_2_1 N   1858    688     13
   1876  1107        1.6090   269                      1.6082   512807                 bit_18_2 N   1876     29     19
   1889  1112        1.6984   296                      1.6083   521254                   z_0_19 N   1889   1598     15
   1901  1116    infeasible                            1.6083   527693                 bit_19_3 U   1901   1899     15
   1911  1124    infeasible                            1.6083   534097                 bit_19_3 U   1911   1910     17
   1916  1121        1.6469   307                      1.6084   540433                 x_2_4_19 N   1916   1762     14
   1941  1136        1.7170   228                      1.6084   547013                   d_2_16 U   1941   1940     14
Elapsed time = 146.09 sec. (335764.30 ticks, tree = 132.22 MB, solutions = 0)
   1958  1145        1.6145   293                      1.6085   553709                 bit_13_4 N   1958   1957     15
   1971  1148        1.6585   253                      1.6085   562133                 bit_18_2 U   1971     30     19
   1983  1156        1.6613   192                      1.6085   568782                 bit_13_4 N   1983   1982     17
   2015  1178        1.6117   224                      1.6085   574981                    z_2_9 N   2015   1949     15
   2029  1185        1.7237   232                      1.6085   583606                   z_2_19 N   2029   2027     19
   2048  1190        1.6117   258                      1.6087   590165                   z_2_13 N   2048    690     15
   2060  1198        1.6340   245                      1.6088   598935                 x_2_4_19 D   2060   2058     21
   2101  1223        1.6797   321                      1.6088   606076                 bit_18_4 N   2101   2100     12
   2136  1250        1.7479   189                      1.6088   613910                     Y_18 U   2136   2135     35
   2163  1265        1.6261   280                      1.6090   620576                   z_0_19 N   2163   2162     16
Elapsed time = 163.69 sec. (376548.09 ticks, tree = 146.60 MB, solutions = 0)
   2179  1269        1.6392   263                      1.6090   627499                    p_2_1 N   2179   2143     11
   2192  1274        1.6205   280                      1.6090   633705                    z_2_9 D   2192   2191     16
   2205  1281        1.7286   275                      1.6091   639571                 bit_19_2 N   2205   2204     18
   2216  1282        1.7320   233                      1.6091   646714                 bit_19_2 N   2216   2215     14
   2231  1285        1.6182   252                      1.6093   653822                     Y_18 D   2231   2229     16
   2248  1294        1.7419   273                      1.6093   661999                   z_0_19 N   2248   2246     18
   2259  1287        1.6393   262                      1.6097   669809                    p_2_1 N   2259   2107     11
   2273  1296        1.6475   230                      1.6097   675966                   z_2_19 N   2273   2272     17
   2296  1313        1.6677   275                      1.6097   679343                   z_2_19 U   2296   2295     16
   2326  1337        1.6622   312                      1.6097   685880                   z_2_19 D   2326   2324     15
Elapsed time = 180.69 sec. (416176.39 ticks, tree = 154.46 MB, solutions = 0)
   2344  1349    infeasible                            1.6097   693519                 bit_19_2 U   2344   2343     19
   2357  1354        1.6872   277                      1.6098   701262                    p_2_1 N   2357    603     12
   2371  1362        1.7057   262                      1.6098   707338                 bit_19_4 N   2371   2370     18
   2399  1378        1.6627   312                      1.6099   715057                   z_2_19 D   2399   2396     16
   2431  1401        1.7438   138                      1.6099   723209                 bit_19_4 D   2431   2430     19
   2443  1401    infeasible                            1.6100   730364                   z_2_19 D   2443   2442     18
   2470  1418        1.7251   288                      1.6100   738692                 bit_19_2 N   2470   2469     15
   2481  1417    infeasible                            1.6101   746378                   z_0_19 N   2481   2480     17
   2496  1422        1.6605   226                      1.6103   753805                    z_1_1 N   2496   2495     17
   2507  1425        1.7020   287                      1.6104   762040                    z_1_1 N   2507   2506     16
Elapsed time = 198.97 sec. (457817.65 ticks, tree = 163.94 MB, solutions = 0)
   2517  1431        1.7074   226                      1.6104   767983                 bit_13_4 N   2517   2516     17
   2535  1433        1.7361   244                      1.6106   775498                    z_1_1 U   2535   2534     16
   2550  1438        1.7064   260                      1.6107   783067                    z_1_1 U   2550   2549     17
   2567  1439    infeasible                            1.6107   789911                   z_0_19 N   2567   2565     16
   2578  1446        1.7010   270                      1.6108   797228                 bit_19_2 N   2578   2577     18
   2593  1449        1.6398   254                      1.6109   803808                   z_0_19 N   2593   2320     11
   2611  1463        1.7446   209                      1.6109   811605                   z_2_16 D   2611   2610     23
   2625  1465        1.6127   259                      1.6109   820356                  bit_6_4 N   2625     32     21
   2645  1475        1.6186   250                      1.6109   828078                    z_2_9 N   2645   1621     14
   2655  1481        1.7162   231                      1.6110   834561                 bit_19_4 D   2655   2654     17
Elapsed time = 217.62 sec. (499494.06 ticks, tree = 169.89 MB, solutions = 0)
   2673  1481    infeasible                            1.6110   840168                 bit_19_4 U   2673   2672     15
   2681  1483    infeasible                            1.6110   847245                   z_0_13 N   2681   2680     20
   2689  1487        1.7491   212                      1.6111   853687                 bit_19_1 N   2689   2688     18
   2703  1493        1.7409   260                      1.6112   860457                     Y_18 N   2703   2702     18
   2718  1494        1.6209   289                      1.6114   868158                 bit_13_4 N   2718   1957     15
   2728  1498        1.7147   263                      1.6114   875063                    z_1_1 U   2728   2727     19
   2743  1501        1.6856   305                      1.6115   882054                    p_2_1 U   2743   2741     13
   2761  1509        1.6417   284                      1.6115   891089                    z_1_1 N   2761   2584     15
   2776  1516        1.6389   221                      1.6116   900150                 x_1_10_1 N   2776   2333     12
   2796  1526        1.6555   237                      1.6117   907781                    z_1_1 N   2796   2534     16
Elapsed time = 238.20 sec. (544234.36 ticks, tree = 174.86 MB, solutions = 0)
   2809  1535        1.7372   206                      1.6117   914653                 bit_19_3 D   2809   2808     19
   2817  1531    infeasible                            1.6117   922303                    z_1_1 N   2817   2815     20
   2832  1530    infeasible                            1.6120   929017                    z_1_1 U   2832   2831     17
   2837  1529        1.6991   304                      1.6122   936772                    z_1_1 N   2837   2574     15
   2850  1530    infeasible                            1.6123   944895                   z_0_19 N   2850   1576     14
   2863  1539        1.6372   251                      1.6123   951745                    z_1_1 D   2863   2862     13
   2879  1551        1.7169   250                      1.6123   957176                    z_1_1 N   2879   2878     17
   2892  1556        1.6535   280                      1.6123   964715                 bit_19_2 N   2892   2891     18
   2906  1562        1.7371   198                      1.6124   972238                 bit_19_3 N   2906   2905     22
   2927  1569        1.7307   233                      1.6124   981700                 x_1_10_1 N   2927   2367     17
Elapsed time = 257.81 sec. (586276.29 ticks, tree = 180.17 MB, solutions = 0)
   2948  1576        1.7459   212                      1.6124   989134                 x_1_10_1 N   2948   1486     14
   2962  1580        1.7285   235                      1.6125   995689                    z_2_8 N   2962   2961     17
   2979  1581        1.6127   222                      1.6126  1002922                    z_2_9 N   2979   2635     14
   2996  1590        1.6506   247                      1.6126  1010538                    z_1_1 U   2996   2995     14
   3003  1591        1.7308   230                      1.6126  1017546                 bit_19_4 N   3003   3002     22
   3018  1590        1.6170   248                      1.6127  1024992                 x_2_4_19 N   3018   1289     20
   3025  1591        1.7266   246                      1.6127  1032588                 bit_19_4 N   3025   3024     16
   3036  1588        1.6818   328                      1.6128  1040092                    z_1_1 N   3036   3035     14

Clique cuts applied:  1
Cover cuts applied:  27
Implied bound cuts applied:  499
Flow cuts applied:  11
Mixed integer rounding cuts applied:  44
Zero-half cuts applied:  32
Gomory fractional cuts applied:  2

Root node processing (before b&c):
  Real time             =    4.03 sec. (10524.95 ticks)
Sequential b&c:
  Real time             =  269.95 sec. (610745.45 ticks)
                          ------------
Total (root+branch&cut) =  273.98 sec. (621270.40 ticks)
CPLEX Error  1217: No solution exists.
CPLEX Error  1217: No solution exists.
CPLEX Error  1217: No solution exists.

--- ROUND21 RUNNER CAPTURED STDOUT ---
Version identifier: 22.1.1.0 | 2022-11-27 | 9160aff4d
CPXPARAM_Threads                                 1
CPXPARAM_MIP_Strategy_Search                     1
CPXPARAM_TimeLimit                               273.97867610000003
CPXPARAM_MIP_Tolerances_AbsMIPGap                0
CPXPARAM_MIP_Tolerances_MIPGap                   0
Generic callback                                 0xf0
Tried aggregator 2 times.
MIP Presolve eliminated 2343 rows and 14 columns.
MIP Presolve modified 27516 coefficients.
Aggregator did 27 substitutions.
Reduced MIP has 8148 rows, 2069 columns, and 43355 nonzeros.
Reduced MIP has 1491 binaries, 188 generals, 0 SOSs, and 0 indicators.
Presolve time = 0.03 sec. (61.41 ticks)
Probing fixed 6 vars, tightened 16 bounds.
Probing time = 0.05 sec. (94.40 ticks)
Tried aggregator 1 time.
MIP Presolve eliminated 27 rows and 16 columns.
MIP Presolve modified 2559 coefficients.
Reduced MIP has 8121 rows, 2053 columns, and 43084 nonzeros.
Reduced MIP has 1478 binaries, 185 generals, 0 SOSs, and 0 indicators.
Presolve time = 0.03 sec. (44.83 ticks)
Probing time = 0.00 sec. (6.68 ticks)
Clique table members: 22470.
MIP emphasis: balance optimality and feasibility.
MIP search method: traditional branch-and-cut.
Parallel mode: none, using 1 thread.
Root relaxation solution time = 0.14 sec. (341.13 ticks)

        Nodes                                         Cuts/
   Node  Left     Objective  IInf  Best Integer    Best Bound    ItCnt     Gap         Variable B NodeID Parent  Depth

      0     0        1.2906   244                      1.2906     2257         
      0     0        1.3693   270                   Cuts: 137     3058         
      0     0        1.3755   302                   Cuts: 284     3415         
      0     0        1.3770   278                   Cuts: 115     3749         
      0     0        1.3773   292                   Cuts: 135     4024         
      0     0        1.3783   313                    Cuts: 94     4312         
      0     0        1.3784   333                    Cuts: 71     4673         
      0     0        1.3786   341                   Cuts: 143     4932         
      0     0        1.3792   336                    Cuts: 70     5199         
      0     0        1.3794   332                    Cuts: 38     5277         
      0     0        1.3795   358                    Cuts: 34     5350         
      0     0        1.3801   326                    Cuts: 72     5579         
      0     0        1.3808   314                   Cuts: 130     5867         
      0     0        1.3815   332                    Cuts: 77     6030         
      0     0        1.3817   317                    Cuts: 79     6265         
      0     0        1.3820   336                    Cuts: 64     6457         
      0     0        1.3821   319                    Cuts: 57     6692         
      0     0        1.3821   317                    Cuts: 28     6721         
      0     2        1.3821   317                      1.3821     6721                                 0             0
Elapsed time = 4.09 sec. (10639.23 ticks, tree = 0.01 MB, solutions = 0)
      1     3        1.5997   323                      1.3821     8013                          X      1      0      1
      2     4        1.5906   292                      1.5906    10640                          X      2      0      1
      5     5        1.5929   267                      1.5919    16155                          X      5      3      3
      7     7        1.6311   224                      1.5919    17070                          X      7      5      4
      8     8        1.5990   289                      1.5919    18102                          X      8      6      5
      9     9        1.6056   270                      1.5919    19948                          X      9      6      5
     10    10        1.6188   210                      1.5919    20928                          X     10      8      6
     12    12        1.6052   251                      1.5919    22065                          X     12     11      7
     15    15        1.6051   241                      1.5919    22669                          X     15     13      8
     17    17        1.6057   236                      1.5919    23082                          X     17     16     10
Elapsed time = 8.03 sec. (18439.73 ticks, tree = 1.03 MB, solutions = 0)
     18    18        1.6057   240                      1.5919    23168                          X     18     16     10
     19    19        1.6058   227                      1.5919    23395                 bit_20_4 U     19     17     11
     25    25        1.6128   229                      1.5919    24539                 bit_13_4 D     25     24     16
     30    30        1.6079   219                      1.5919    25009                  bit_4_4 D     30     28     18
     32    32        1.6109   209                      1.5919    25967                  bit_5_4 U     32     31     20
     37    37        1.6344   287                      1.5919    27204                   z_2_19 U     37     35     22
     42    40        1.6415   254                      1.5919    27931                    z_2_9 D     42     41     26
     57    45        1.6905   214                      1.5997    29468                          X     57     55      7
     63    51        1.6905   214                      1.5997    29651                          X     63     61     10
     75    63        1.7405   161                      1.5997    30616                 bit_11_4 D     75     73     18
Elapsed time = 16.22 sec. (35558.43 ticks, tree = 9.96 MB, solutions = 0)
     85    67        1.7376   177                      1.5997    31699                    z_2_8 D     85     84     24
    105    66    infeasible                            1.5997    34003                          X    105    104      6
    111    72        1.6956   234                      1.5997    35171                          X    111    110      9
    117    78        1.6884   208                      1.5997    35718                   z_2_13 D    117    116     13
    123    80        1.7319   266                      1.5997    36591                     Y_18 U    123    121     17
    138    89        1.7347   238                      1.5997    38061                 x_2_7_19 D    138    137     28
    145    94        1.7482   224                      1.5997    39600                x_2_16_19 D    145    143     32
    160   101        1.6450   289                      1.6050    42046                 x_2_4_19 U    160    158     16
    167   108        1.6773   256                      1.6050    44753                 bit_11_4 D    167    165     21
    174   113        1.6625   272                      1.6050    45954                    z_2_9 D    174    173     26
Elapsed time = 22.28 sec. (47077.97 ticks, tree = 16.63 MB, solutions = 0)
    180   119        1.7185   237                      1.6050    47675                 bit_19_1 U    180    179     31
    194   131        1.7245   239                      1.6050    48700                x_2_16_14 D    194    193     41
    206   139        1.6059   266                      1.6051    49669                          X    206    205     10
    213   146        1.7063   246                      1.6051    51926                 bit_13_4 U    213    212     16
    235   162        1.7136   202                      1.6051    54242                 bit_19_1 U    235    234     31
    248   168    infeasible                            1.6051    55927                x_2_14_16 U    248    246     40
    266   174        1.6058   229                      1.6052    56902                          X    266    264     10
    290   190        1.7101   165                      1.6052    59286                    p_2_1 D    290    287     28
    322   212        1.7493   205                      1.6052    61124                    z_2_9 D    322    321     54
    332   218        1.6559   205                      1.6052    63354                 bit_19_3 U    332    331     15
Elapsed time = 27.38 sec. (58200.33 ticks, tree = 28.69 MB, solutions = 0)
    345   225        1.7084   240                      1.6052    65535                   z_0_13 U    345    344     25
    376   252        1.6115   222                      1.6056    67559                          X    376    375      9
    383   259        1.6259   226                      1.6056    69282                   z_2_13 D    383    382     14
    389   265        1.6708   192                      1.6056    71721                   z_0_13 U    389    387     18
    414   286        1.7025   187                      1.6056    74029                  bit_6_4 U    414    412     37
    435   301        1.7027   185                      1.6056    74898                 x_2_10_2 D    435    434     53
    464   321        1.6057   255                      1.6056    75451                          X    464    463      7
    473   330        1.6199   241                      1.6056    77145                   z_0_13 D    473    472     16
    510   360        1.6163   224                      1.6057    79717                          X    510      9      6
    522   372        1.6206   202                      1.6057    80599                   z_2_19 D    522    521     14
Elapsed time = 32.69 sec. (68917.07 ticks, tree = 45.70 MB, solutions = 0)
    554   404        1.6785   168                      1.6057    83160                x_2_20_10 U    554    552     40
    573   423        1.6314   180                      1.6057    84873                 x_2_11_4 D    573    572     56
    580   428        1.6315   181                      1.6057    86561                  x_2_2_4 D    580    579     61
    599   436        1.6097   203                      1.6057    88897                          X    599    463      7
    607   444        1.6505   320                      1.6057    90210                   z_2_19 D    607    606     15
    614   447        1.6060   271                      1.6057    91664                   z_0_19 D    614    613     12
    620   451        1.6727   235                      1.6057    93815                   z_2_19 D    620    619     16
    625   452        1.6468   233                      1.6057    97266                    p_2_1 N    625    152     11
    629   454        1.6928   270                      1.6057    98770                     Y_18 N    629    627     14
    633   456        1.7149   258                      1.6057   100423                 bit_19_1 N    633    632     17
Elapsed time = 37.78 sec. (81011.50 ticks, tree = 55.02 MB, solutions = 0)
    636   455        1.6432   233                      1.6057   102562                    p_2_1 N    636    153     11
    640   459        1.7219   213                      1.6057   104278                 bit_15_4 N    640    639     15
    646   459        1.6060   287                      1.6057   105473                   z_0_19 D    646    645     12
    650   461    infeasible                            1.6057   107382                   z_2_19 N    650    649     16
    653   462    infeasible                            1.6057   109654                 bit_19_3 U    653    652     18
    667   476        1.7246   162                      1.6057   111202                 bit_18_3 U    667    665     28
    685   488        1.6083   222                      1.6057   112715                          X    685    682     10
    692   495        1.6591   319                      1.6057   115071                   z_2_19 D    692    691     16
    700   499    infeasible                            1.6057   117088                  bit_5_4 U    700    698     20
    721   508        1.6488   255                      1.6058   119253                   z_2_19 U    721    719     21
Elapsed time = 42.61 sec. (92313.09 ticks, tree = 60.82 MB, solutions = 0)
    728   509        1.6392   247                      1.6058   122180                    p_2_1 N    728    265     11
    730   511        1.6816   295                      1.6058   124930                   z_0_19 N    730    728     12
    735   512    infeasible                            1.6058   126371                     Y_18 N    735    734     16
    740   513        1.6062   237                      1.6058   127803                   z_0_19 D    740    739     12
    748   517    infeasible                            1.6058   129686                   z_2_19 N    748    746     19
    749   518        1.6504   234                      1.6058   131720                    p_2_1 N    749    207     11
    752   521        1.6943   284                      1.6058   133825                   z_0_19 N    752    750     13
    759   521        1.6906   216                      1.6058   136068                 bit_18_3 N    759     20     13
    765   527        1.7268   162                      1.6058   137748                   z_2_19 U    765    764     19
    771   529        1.6071   242                      1.6058   138631                 bit_13_4 N    771    770     18
Elapsed time = 47.62 sec. (104845.31 ticks, tree = 63.18 MB, solutions = 0)
    774   528    infeasible                            1.6058   140634                   z_2_19 N    774    772     20
    777   531        1.6410   304                      1.6058   141936                   z_0_19 N    777    775     16
    781   535        1.6135   262                      1.6058   142863                 x_2_4_19 D    781    780     20
    784   536        1.6757   255                      1.6058   145184                   z_2_19 N    784    783     22
    793   543        1.7262   258                      1.6058   146912                    z_2_8 D    793    792     29
    824   560        1.6064   284                      1.6058   148181                 bit_15_4 N    824     23     15
    831   567        1.6379   282                      1.6058   150502                   z_2_19 U    831    830     20
    834   570        1.7461   264                      1.6058   152717                 bit_19_3 U    834    833     22
    839   571        1.6067   283                      1.6058   153452                          X    839    837     10
    843   575        1.6145   270                      1.6058   155139                   z_0_13 U    843    842     13
Elapsed time = 52.33 sec. (115993.62 ticks, tree = 68.49 MB, solutions = 0)
    851   579        1.6105   269                      1.6058   157789                   z_2_13 N    851    154     12
    861   583        1.6916   262                      1.6058   159795                 bit_18_3 U    861     18     11
    866   587        1.7479   208                      1.6058   161551                   z_2_19 D    866    864     15
    877   594        1.7117   258                      1.6058   164517                 bit_19_4 D    877    876     16
    885   598        1.6377   314                      1.6059   166825                   z_0_19 U    885    883     12
    891   604        1.7441   273                      1.6059   169641                 bit_19_3 U    891    890     17
    898   603        1.6109   283                      1.6059   171507                   z_2_13 N    898    208     12
    905   604        1.6064   272                      1.6059   173679                  bit_4_4 N    905     27     18
    910   607    infeasible                            1.6059   177173                 bit_19_4 D    910    909     22
    932   617        1.6121   262                      1.6059   183663                 x_0_4_13 D    932    931     15
Elapsed time = 59.50 sec. (132285.71 ticks, tree = 73.36 MB, solutions = 0)
    967   645        1.6064   268                      1.6059   191403                  bit_4_4 N    967     27     18
    981   655        1.6843   287                      1.6059   199455                   z_0_19 N    981    979     13
   1031   685        1.6554   306                      1.6059   206592                    p_2_1 N   1031    206     11
   1049   693        1.6347   292                      1.6060   214007                 bit_19_2 N   1049   1048     13
   1069   697        1.7054   257                      1.6060   221837                   z_0_19 D   1069   1068     13
   1084   704        1.6080   240                      1.6061   229145                   z_2_13 D   1084   1083     13
   1097   713        1.6479   266                      1.6061   237431                   z_2_19 N   1097   1095     14
   1114   723    infeasible                            1.6062   245693                     Y_18 N   1114   1113     19
   1139   738    infeasible                            1.6062   252785                 bit_19_3 D   1139   1137     19
   1180   764        1.6113   252                      1.6062   259971                   z_2_13 D   1180   1179     17
Elapsed time = 76.53 sec. (172917.11 ticks, tree = 89.72 MB, solutions = 0)
   1213   779        1.6504   309                      1.6062   268682                 x_2_4_19 U   1213   1212     15
   1242   796        1.6426   306                      1.6063   276643                 bit_19_4 D   1242   1241     15
   1264   810        1.6657   238                      1.6064   285757                    p_2_1 N   1264    967     19
   1279   813        1.6585   288                      1.6064   293922                    p_2_1 N   1279    824     16
   1294   820    infeasible                            1.6064   299669                 bit_19_2 U   1294   1293     24
   1314   828        1.7199   261                      1.6064   306787                   z_2_19 D   1314   1313     23
   1330   832        1.7485   226                      1.6065   313568                 bit_19_3 D   1330   1328     15
   1341   835        1.6146   280                      1.6066   320609                 bit_13_4 N   1341   1340     18
   1349   837    infeasible                            1.6066   327815                 bit_19_3 U   1349   1348     14
   1373   845        1.6724   317                      1.6066   335286                   z_2_19 U   1373   1372     16
Elapsed time = 93.83 sec. (214275.47 ticks, tree = 98.57 MB, solutions = 0)
   1386   849        1.6590   300                      1.6068   342539                    p_2_1 N   1386    839     11
   1404   857        1.6821   278                      1.6069   349077                   z_2_19 D   1404   1402     15
   1419   858    infeasible                            1.6069   355809                 bit_19_1 U   1419   1417     17
   1435   864    infeasible                            1.6070   363313                   z_0_19 N   1435   1433     15
   1465   881        1.6714   209                      1.6071   370361                 bit_19_2 D   1465   1464     27
   1494   898        1.6692   196                      1.6071   378323                 x_0_4_13 N   1494    841     13
   1511   905        1.6086   285                      1.6071   384409                 bit_20_4 N   1511   1338     16
   1521   911        1.6904   325                      1.6071   390321                   z_2_19 U   1521   1520     18
   1549   931        1.6388   289                      1.6071   398249                   z_2_19 N   1549    930     14
   1578   952        1.7003   298                      1.6072   405194                   z_2_19 U   1578   1577     15
Elapsed time = 111.47 sec. (255256.26 ticks, tree = 110.38 MB, solutions = 0)
   1598   956        1.6082   245                      1.6073   411798                   z_2_19 D   1598   1597     14
   1614   962        1.6711   253                      1.6073   418907                   z_0_13 N   1614   1613     14
   1628   970        1.6599   319                      1.6073   426116                 bit_19_3 U   1628   1627     18
   1643   979        1.6720   294                      1.6074   433086                 x_1_10_1 D   1643   1642     19
   1652   982        1.6475   279                      1.6074   439202                 bit_19_2 N   1652   1651     17
   1668   986        1.7311   229                      1.6075   445886                   z_0_13 N   1668   1665     18
   1704  1008        1.6372   225                      1.6075   453349                 bit_13_4 D   1704   1703     18
   1731  1023        1.6320   303                      1.6078   461404                   z_0_19 N   1731    684     11
   1752  1036        1.6091   285                      1.6078   468577                 bit_15_4 N   1752    379     11
   1764  1042        1.6085   316                      1.6078   475227                   z_0_19 D   1764   1763     15
Elapsed time = 128.41 sec. (295056.79 ticks, tree = 120.89 MB, solutions = 0)
   1777  1045    infeasible                            1.6079   482835                   z_2_13 N   1777     36     23
   1797  1062        1.7274   180                      1.6079   489510                   d_2_16 U   1797   1796     33
   1814  1069        1.6535   214                      1.6081   496704                   z_0_13 U   1814   1813     19
   1858  1103        1.7071   285                      1.6081   506042                    p_2_1 N   1858    688     13
   1876  1107        1.6090   269                      1.6082   512807                 bit_18_2 N   1876     29     19
   1889  1112        1.6984   296                      1.6083   521254                   z_0_19 N   1889   1598     15
   1901  1116    infeasible                            1.6083   527693                 bit_19_3 U   1901   1899     15
   1911  1124    infeasible                            1.6083   534097                 bit_19_3 U   1911   1910     17
   1916  1121        1.6469   307                      1.6084   540433                 x_2_4_19 N   1916   1762     14
   1941  1136        1.7170   228                      1.6084   547013                   d_2_16 U   1941   1940     14
Elapsed time = 146.09 sec. (335764.30 ticks, tree = 132.22 MB, solutions = 0)
   1958  1145        1.6145   293                      1.6085   553709                 bit_13_4 N   1958   1957     15
   1971  1148        1.6585   253                      1.6085   562133                 bit_18_2 U   1971     30     19
   1983  1156        1.6613   192                      1.6085   568782                 bit_13_4 N   1983   1982     17
   2015  1178        1.6117   224                      1.6085   574981                    z_2_9 N   2015   1949     15
   2029  1185        1.7237   232                      1.6085   583606                   z_2_19 N   2029   2027     19
   2048  1190        1.6117   258                      1.6087   590165                   z_2_13 N   2048    690     15
   2060  1198        1.6340   245                      1.6088   598935                 x_2_4_19 D   2060   2058     21
   2101  1223        1.6797   321                      1.6088   606076                 bit_18_4 N   2101   2100     12
   2136  1250        1.7479   189                      1.6088   613910                     Y_18 U   2136   2135     35
   2163  1265        1.6261   280                      1.6090   620576                   z_0_19 N   2163   2162     16
Elapsed time = 163.69 sec. (376548.09 ticks, tree = 146.60 MB, solutions = 0)
   2179  1269        1.6392   263                      1.6090   627499                    p_2_1 N   2179   2143     11
   2192  1274        1.6205   280                      1.6090   633705                    z_2_9 D   2192   2191     16
   2205  1281        1.7286   275                      1.6091   639571                 bit_19_2 N   2205   2204     18
   2216  1282        1.7320   233                      1.6091   646714                 bit_19_2 N   2216   2215     14
   2231  1285        1.6182   252                      1.6093   653822                     Y_18 D   2231   2229     16
   2248  1294        1.7419   273                      1.6093   661999                   z_0_19 N   2248   2246     18
   2259  1287        1.6393   262                      1.6097   669809                    p_2_1 N   2259   2107     11
   2273  1296        1.6475   230                      1.6097   675966                   z_2_19 N   2273   2272     17
   2296  1313        1.6677   275                      1.6097   679343                   z_2_19 U   2296   2295     16
   2326  1337        1.6622   312                      1.6097   685880                   z_2_19 D   2326   2324     15
Elapsed time = 180.69 sec. (416176.39 ticks, tree = 154.46 MB, solutions = 0)
   2344  1349    infeasible                            1.6097   693519                 bit_19_2 U   2344   2343     19
   2357  1354        1.6872   277                      1.6098   701262                    p_2_1 N   2357    603     12
   2371  1362        1.7057   262                      1.6098   707338                 bit_19_4 N   2371   2370     18
   2399  1378        1.6627   312                      1.6099   715057                   z_2_19 D   2399   2396     16
   2431  1401        1.7438   138                      1.6099   723209                 bit_19_4 D   2431   2430     19
   2443  1401    infeasible                            1.6100   730364                   z_2_19 D   2443   2442     18
   2470  1418        1.7251   288                      1.6100   738692                 bit_19_2 N   2470   2469     15
   2481  1417    infeasible                            1.6101   746378                   z_0_19 N   2481   2480     17
   2496  1422        1.6605   226                      1.6103   753805                    z_1_1 N   2496   2495     17
   2507  1425        1.7020   287                      1.6104   762040                    z_1_1 N   2507   2506     16
Elapsed time = 198.97 sec. (457817.65 ticks, tree = 163.94 MB, solutions = 0)
   2517  1431        1.7074   226                      1.6104   767983                 bit_13_4 N   2517   2516     17
   2535  1433        1.7361   244                      1.6106   775498                    z_1_1 U   2535   2534     16
   2550  1438        1.7064   260                      1.6107   783067                    z_1_1 U   2550   2549     17
   2567  1439    infeasible                            1.6107   789911                   z_0_19 N   2567   2565     16
   2578  1446        1.7010   270                      1.6108   797228                 bit_19_2 N   2578   2577     18
   2593  1449        1.6398   254                      1.6109   803808                   z_0_19 N   2593   2320     11
   2611  1463        1.7446   209                      1.6109   811605                   z_2_16 D   2611   2610     23
   2625  1465        1.6127   259                      1.6109   820356                  bit_6_4 N   2625     32     21
   2645  1475        1.6186   250                      1.6109   828078                    z_2_9 N   2645   1621     14
   2655  1481        1.7162   231                      1.6110   834561                 bit_19_4 D   2655   2654     17
Elapsed time = 217.62 sec. (499494.06 ticks, tree = 169.89 MB, solutions = 0)
   2673  1481    infeasible                            1.6110   840168                 bit_19_4 U   2673   2672     15
   2681  1483    infeasible                            1.6110   847245                   z_0_13 N   2681   2680     20
   2689  1487        1.7491   212                      1.6111   853687                 bit_19_1 N   2689   2688     18
   2703  1493        1.7409   260                      1.6112   860457                     Y_18 N   2703   2702     18
   2718  1494        1.6209   289                      1.6114   868158                 bit_13_4 N   2718   1957     15
   2728  1498        1.7147   263                      1.6114   875063                    z_1_1 U   2728   2727     19
   2743  1501        1.6856   305                      1.6115   882054                    p_2_1 U   2743   2741     13
   2761  1509        1.6417   284                      1.6115   891089                    z_1_1 N   2761   2584     15
   2776  1516        1.6389   221                      1.6116   900150                 x_1_10_1 N   2776   2333     12
   2796  1526        1.6555   237                      1.6117   907781                    z_1_1 N   2796   2534     16
Elapsed time = 238.20 sec. (544234.36 ticks, tree = 174.86 MB, solutions = 0)
   2809  1535        1.7372   206                      1.6117   914653                 bit_19_3 D   2809   2808     19
   2817  1531    infeasible                            1.6117   922303                    z_1_1 N   2817   2815     20
   2832  1530    infeasible                            1.6120   929017                    z_1_1 U   2832   2831     17
   2837  1529        1.6991   304                      1.6122   936772                    z_1_1 N   2837   2574     15
   2850  1530    infeasible                            1.6123   944895                   z_0_19 N   2850   1576     14
   2863  1539        1.6372   251                      1.6123   951745                    z_1_1 D   2863   2862     13
   2879  1551        1.7169   250                      1.6123   957176                    z_1_1 N   2879   2878     17
   2892  1556        1.6535   280                      1.6123   964715                 bit_19_2 N   2892   2891     18
   2906  1562        1.7371   198                      1.6124   972238                 bit_19_3 N   2906   2905     22
   2927  1569        1.7307   233                      1.6124   981700                 x_1_10_1 N   2927   2367     17
Elapsed time = 257.81 sec. (586276.29 ticks, tree = 180.17 MB, solutions = 0)
   2948  1576        1.7459   212                      1.6124   989134                 x_1_10_1 N   2948   1486     14
   2962  1580        1.7285   235                      1.6125   995689                    z_2_8 N   2962   2961     17
   2979  1581        1.6127   222                      1.6126  1002922                    z_2_9 N   2979   2635     14
   2996  1590        1.6506   247                      1.6126  1010538                    z_1_1 U   2996   2995     14
   3003  1591        1.7308   230                      1.6126  1017546                 bit_19_4 N   3003   3002     22
   3018  1590        1.6170   248                      1.6127  1024992                 x_2_4_19 N   3018   1289     20
   3025  1591        1.7266   246                      1.6127  1032588                 bit_19_4 N   3025   3024     16
   3036  1588        1.6818   328                      1.6128  1040092                    z_1_1 N   3036   3035     14

Clique cuts applied:  1
Cover cuts applied:  27
Implied bound cuts applied:  499
Flow cuts applied:  11
Mixed integer rounding cuts applied:  44
Zero-half cuts applied:  32
Gomory fractional cuts applied:  2

Root node processing (before b&c):
  Real time             =    4.03 sec. (10524.95 ticks)
Sequential b&c:
  Real time             =  269.95 sec. (610745.45 ticks)
                          ------------
Total (root+branch&cut) =  273.98 sec. (621270.40 ticks)
CPLEX Error  1217: No solution exists.
CPLEX Error  1217: No solution exists.
CPLEX Error  1217: No solution exists.
high_imbalance_seed3202.txt gcap-frontier global_gini_tree_time_limit obj=1.74931 runtime=294.154 columns=0

--- ROUND21 RUNNER CAPTURED STDERR ---
