Warning, line 15187: Name 'r_max' does not exist.
Warning, line 15188: Name 'r_min' does not exist.
Version identifier: 22.1.1.0 | 2022-11-27 | 9160aff4d
CPXPARAM_Threads                                 1
CPXPARAM_MIP_Strategy_Search                     1
CPXPARAM_TimeLimit                               273.9844741
CPXPARAM_MIP_Tolerances_AbsMIPGap                0
CPXPARAM_MIP_Tolerances_MIPGap                   0
Generic callback                                 0xf0
Lazy constraint(s) or lazy constraint/branch callback is present.
    Disabling dual reductions (CPX_PARAM_REDUCE) in presolve.
    Disabling presolve reductions that prevent crushing forms (CPX_PARAM_PREREFORM).
Tried aggregator 2 times.
MIP Presolve eliminated 1612 rows and 33 columns.
MIP Presolve modified 33944 coefficients.
Aggregator did 40 substitutions.
Reduced MIP has 11487 rows, 3249 columns, and 65090 nonzeros.
Reduced MIP has 1480 binaries, 197 generals, 0 SOSs, and 0 indicators.
Presolve time = 0.06 sec. (113.80 ticks)
Probing fixed 15 vars, tightened 46 bounds.
Probing time = 0.08 sec. (175.84 ticks)
Tried aggregator 1 time.
MIP Presolve eliminated 96 rows and 45 columns.
MIP Presolve modified 2301 coefficients.
Reduced MIP has 11391 rows, 3204 columns, and 64052 nonzeros.
Reduced MIP has 1456 binaries, 188 generals, 0 SOSs, and 0 indicators.
Presolve time = 0.03 sec. (63.44 ticks)
Probing time = 0.00 sec. (7.74 ticks)
Clique table members: 34202.
MIP emphasis: balance optimality and feasibility.
MIP search method: traditional branch-and-cut.
Parallel mode: none, using 1 thread.
Root relaxation solution time = 0.75 sec. (1735.09 ticks)

        Nodes                                         Cuts/
   Node  Left     Objective  IInf  Best Integer    Best Bound    ItCnt     Gap         Variable B NodeID Parent  Depth

      0     0        0.0029   327                      0.0029     7676         
      0     0        0.0031   273                    Cuts: 89     8927         
      0     0        0.0053   335                   Cuts: 189    11046         
      0     0        0.0057   378                   Cuts: 213    11842         
      0     0        0.0071   342                   Cuts: 142    12844         
      0     0        0.0072   354                   Cuts: 171    13197         
      0     0        0.0129   352                   Cuts: 201    14411         
      0     0        0.0130   362                   Cuts: 115    14629         
      0     0        0.0131   359                    Cuts: 99    14796         
      0     0        0.0131   371                   Cuts: 119    14953         
      0     0        0.0133   350                    Cuts: 67    15136         
      0     0        0.0136   323                   Cuts: 148    15551         
      0     0        0.0138   346                   Cuts: 104    15907         
      0     0        0.0140   362                    Cuts: 67    16226         
      0     0        0.0142   349                    Cuts: 84    16738         
      0     0        0.0143   369                    Cuts: 82    16902         
      0     2        0.0143   369                      0.0143    16902                                 0             0
Elapsed time = 6.91 sec. (13805.86 ticks, tree = 0.01 MB, solutions = 0)
      2     4        0.0191   390                      0.0143    18248                          X      2      1      2
      3     5        0.0336   297                      0.0143    24930                          X      3      1      2
      5     5        0.0253   349                      0.0143    27196                          X      5      2      3
      7     5        0.0287   346                      0.0143    29872                          X      7      5      4
      8     6        0.0383   346                      0.0143    31172                          X      8      7      5
      9     7        0.0307   311                      0.0143    32047                          X      9      7      5
     10     8        0.0308   319                      0.0143    32203                          X     10      9      6
     11     9        0.0319   271                      0.0143    33000                          X     11      9      6
     17    15        0.0321   271                      0.0143    33124                          X     17     14      9
     18    16        0.0319   271                      0.0143    33124                          X     18     16     10
Elapsed time = 12.33 sec. (23582.29 ticks, tree = 1.14 MB, solutions = 0)
     19    17        0.0320   271                      0.0143    33164                          X     19     16     10
     20    18        0.0320   270                      0.0143    33166                  bit_3_1 U     20     19     11
     21    19        0.0320   270                      0.0143    33170                 bit_20_3 D     21     20     12
     22    20        0.0320   270                      0.0143    33176                  bit_6_4 D     22     21     13
     23    21        0.0320   270                      0.0143    33180                  bit_8_3 D     23     22     14
     25    23        0.0322   283                      0.0143    33653                  x_0_0_5 D     25     24     16
     30    24        0.0377   289                      0.0143    35647                  x_1_0_3 U     30     28     19
     32    26        0.0561   239                      0.0143    36548                  x_1_3_6 D     32     30     20
     43    33        0.0638   276                      0.0308    39350                          X     43     40      5
     55    45        0.0612   275                      0.0308    40246                 bit_10_5 U     55     54     12
Elapsed time = 19.66 sec. (39350.88 ticks, tree = 3.82 MB, solutions = 0)
     58    46    infeasible                            0.0308    42496                  x_0_0_5 U     58     56     14
     61    49        0.0634   199                      0.0308    44414                x_2_13_16 U     61     59     16
     66    54        0.0672   212                      0.0308    46573                 x_0_0_17 U     66     65     20
     69    57        0.0621   237                      0.0308    47339                    z_1_3 D     69     68     22
     80    68        0.0627   161                      0.0308    48734                 x_1_3_18 D     80     79     30
     89    75        0.0677   132                      0.0308    50526                     Y_16 U     89     87     37
    103    85        0.0732   139                      0.0308    52855                     Y_16 U    103    101     46
    120    94    infeasible                            0.0308    53808                 bit_18_3 U    120    118     58
    138    98        0.0312   310                      0.0308    55712                          X    138     10      7
    146   104        0.0329   318                      0.0308    57753                   z_2_14 D    146    143     11
Elapsed time = 25.73 sec. (53261.99 ticks, tree = 10.62 MB, solutions = 0)
    160   110        0.0345   338                      0.0313    60149                          X    160    159      8
    173   115        0.0320   310                      0.0314    62011                          X    173    172     10
    184   120    infeasible                            0.0315    64236                   z_2_16 D    184    183     16
    189   119    infeasible                            0.0316    67123                   z_2_14 D    189    188     13
    197   121        0.0321   333                      0.0317    69177                   z_2_16 D    197    196     12
    210   130        0.0324   322                      0.0317    71645                   z_2_16 D    210    209     12
    220   132        0.0347   317                      0.0317    74352                   z_2_14 D    220    219     12
    227   127    infeasible                            0.0319    77536                   z_2_14 U    227    178     12
    234   132        0.0375   325                      0.0319    79749                  x_0_0_5 D    234    233     16
    240   130        0.0351   321                      0.0321    82397                   z_2_16 D    240    239     12
Elapsed time = 31.69 sec. (64798.80 ticks, tree = 13.58 MB, solutions = 0)
    246   130        0.0323   273                      0.0321    84603                   z_2_16 D    246    245     12
    250   132        0.0356   296                      0.0321    86754                  x_0_0_5 D    250    249     15
    265   139        0.0326   307                      0.0322    89512                   z_2_14 D    265    264     13
    274   146        0.0355   245                      0.0322    91391                  x_1_0_3 D    274    273     21
    287   149    infeasible                            0.0322    93496                  bit_3_1 D    287    285     12
    293   153    infeasible                            0.0322    95888                  bit_3_0 D    293    292     24
    298   150    infeasible                            0.0323    99203                   z_2_14 D    298    297     12
    307   157        0.0342   294                      0.0323   101602                  x_0_0_5 D    307    306     16
    322   168    infeasible                            0.0323   104672                 x_1_0_12 U    322    321     30
    334   176        0.0326   267                      0.0323   106952                   z_2_16 D    334    333     14
Elapsed time = 36.86 sec. (75236.26 ticks, tree = 18.80 MB, solutions = 0)
    343   185        0.0396   317                      0.0323   109303                  x_1_0_3 D    343    342     23
    349   183    infeasible                            0.0324   112650                   z_2_14 U    349    331     12
    358   188        0.0346   288                      0.0325   115507                  x_0_0_5 D    358    357     17
    365   191    infeasible                            0.0325   118647                  bit_3_0 D    365    363     22
    368   188    infeasible                            0.0325   120775                   z_2_14 U    368    210     13
    370   190        0.0498   310                      0.0325   123420                   z_2_16 D    370    369     14
    375   185    infeasible                            0.0326   127219                   z_2_14 U    375    302     12
    380   190        0.0329   264                      0.0326   128126                    z_2_7 D    380    379     14
    390   196    infeasible                            0.0326   131183                  x_1_0_2 U    390    388     23
    392   198        0.0485   295                      0.0326   134249                   z_2_16 D    392    391     14
Elapsed time = 42.28 sec. (87159.68 ticks, tree = 21.28 MB, solutions = 0)
    400   200        0.0404   285                      0.0326   136929                 x_1_0_20 D    400    399     16
    405   195    infeasible                            0.0327   139411                   z_2_14 U    405    377     12
    410   194    infeasible                            0.0327   141069                  bit_3_1 U    410    409     12
    414   190    infeasible                            0.0328   144088                    z_2_7 U    414    334     15
    428   204        0.0337   293                      0.0328   145969                  x_1_0_3 D    428    427     19
    442   214    infeasible                            0.0328   148694                 x_2_2_20 U    442    440     30
    452   216    infeasible                            0.0328   151676                 x_1_0_16 U    452    450     37
    465   221        0.0329   294                      0.0328   154026                   z_2_14 D    465    464     12
    477   231    infeasible                            0.0328   157259                 x_1_0_13 D    477    476     24
    484   234        0.0332   282                      0.0328   159809                   z_2_16 D    484    483     13
Elapsed time = 47.62 sec. (97800.81 ticks, tree = 25.34 MB, solutions = 0)
    497   245    infeasible                            0.0328   162972                 x_1_0_16 D    497    496     26
    508   254        0.0351   303                      0.0329   165683                  x_1_0_3 D    508    507     19
    518   254    infeasible                            0.0329   168859                   z_2_14 U    518    500     12
    524   252    infeasible                            0.0329   170904                   z_2_16 U    524    522     13
    531   251        0.0332   278                      0.0330   173192                   z_2_14 D    531    530     12
    538   258        0.0414   277                      0.0330   175944                 x_1_0_12 D    538    537     19
    544   254    infeasible                            0.0330   178456                   z_2_16 U    544    501     13
    545   253    infeasible                            0.0330   180790                    z_2_7 U    545    466     14
    557   251    infeasible                            0.0331   184408                   z_2_14 U    557    530     12
    560   248    infeasible                            0.0332   187379                    z_2_7 U    560    379     14
Elapsed time = 53.09 sec. (109327.64 ticks, tree = 27.07 MB, solutions = 0)
    563   245    infeasible                            0.0333   190242                   z_2_16 U    563    531     13
    565   245        0.0342   317                      0.0333   192381                 bit_20_1 N    565    179     13
    570   244        0.0334   295                      0.0333   194212                   z_2_14 D    570    569     12
    576   250        0.0358   304                      0.0333   197170                  x_0_0_5 D    576    575     17
    582   250    infeasible                            0.0333   200154                   z_2_14 U    582    569     12
    586   248    infeasible                            0.0334   202547                   z_2_16 U    586    421     13
    590   246    infeasible                            0.0334   205744                  x_1_0_3 U    590    507     19
    597   249        0.0339   274                      0.0334   208235                   z_2_16 D    597    596     13
    610   258        0.0334   305                      0.0334   210720                          X    610    417     10
    620   264    infeasible                            0.0334   213231                  x_1_0_3 U    620    618     18
Elapsed time = 57.83 sec. (119977.32 ticks, tree = 28.78 MB, solutions = 0)
    627   263    infeasible                            0.0334   216326                   z_2_14 U    627    611     12
    631   261    infeasible                            0.0335   218952                  bit_3_0 D    631    629     20
    634   258    infeasible                            0.0335   221724                   z_2_14 U    634    595     12
    637   255    infeasible                            0.0336   225188                 x_1_0_12 U    637    470     18
    654   272        0.0338   281                      0.0336   226392                   z_2_14 D    654    653     12
    663   281        0.0375   331                      0.0336   229047                  x_1_0_2 D    663    662     21
    680   294        0.0475   276                      0.0336   231222                   z_2_16 D    680    679     13
    707   321        0.0501   182                      0.0336   233524                 x_0_0_12 U    707    706     40
    718   326    infeasible                            0.0336   235828                  x_1_0_3 U    718    427     19
    735   325        0.0366   288                      0.0337   244444                    z_2_7 D    735    734     15
Elapsed time = 65.56 sec. (133956.19 ticks, tree = 35.03 MB, solutions = 0)
    755   317    infeasible                            0.0338   254010                   z_2_16 U    755    396     13
    781   333        0.0460   298                      0.0338   262701                     Y_16 U    781    780     19
    795   325    infeasible                            0.0339   273052                  x_0_0_3 U    795    430     22
    811   317        0.0419   292                      0.0340   284457                 x_1_0_20 U    811    600     17
    837   321    infeasible                            0.0340   295169                   z_2_14 U    837    823     12
    861   329        0.0409   289                      0.0341   305057                 x_1_0_20 U    861    658     17
    886   332    infeasible                            0.0342   314951                  x_0_0_3 U    886    307     17
    901   325    infeasible                            0.0343   325702                   z_2_16 U    901    869     13
    920   326    infeasible                            0.0344   335173                   z_2_20 U    920    762     14
    951   345        0.0357   240                      0.0345   344073                  x_1_0_5 D    951    950     16
Elapsed time = 84.83 sec. (173877.05 ticks, tree = 37.35 MB, solutions = 0)
    978   358        0.0353   240                      0.0346   353522                   z_2_20 D    978    977     15
   1000   358        0.0352   274                      0.0347   362848                   z_2_16 D   1000    999     13
   1031   373    infeasible                            0.0347   374033                   z_2_20 U   1031    844     15
   1040   366        0.0351   313                      0.0349   383553                          X   1040    943      9
   1087   409        0.0386   283                      0.0349   392775                  x_0_0_3 D   1087   1086     27
   1104   404        0.0351   344                      0.0350   402891                  bit_3_0 N   1104   1099     11
   1124   398        0.0368   289                      0.0351   413716                 x_1_0_20 U   1124    910     17
   1153   415    infeasible                            0.0352   423161                 x_1_0_11 D   1153   1152     31
   1177   419        0.0354   297                      0.0353   432341                   z_2_14 D   1177   1176     12
   1216   454        0.0381   298                      0.0353   441356                  x_1_0_3 D   1216   1215     26
Elapsed time = 104.36 sec. (214267.25 ticks, tree = 49.67 MB, solutions = 0)
   1261   491        0.0368   234                      0.0353   451015                  x_1_0_2 D   1261   1259     23
   1302   528        0.0435   311                      0.0353   458770                 x_1_0_17 D   1302   1301     29
   1341   519    infeasible                            0.0353   467482                  x_1_0_5 U   1341    533     15
   1348   512    infeasible                            0.0354   473139                 bit_18_3 U   1348    339     20
   1371   515        0.0443   320                      0.0354   482937                 bit_20_2 D   1371    270     18
   1390   510        0.0380   258                      0.0356   492398                  x_0_0_3 D   1390   1389     21
   1411   507        0.0357   284                      0.0356   502127                   z_2_14 D   1411   1410     12
   1446   522    infeasible                            0.0357   511665                 bit_20_2 U   1446   1445     20
   1461   517        0.0513   292                      0.0358   520779                 x_1_0_16 N   1461    953     19
   1488   532    infeasible                            0.0358   528439                 x_1_0_17 D   1488   1487     32
Elapsed time = 123.25 sec. (253394.01 ticks, tree = 58.56 MB, solutions = 0)
   1515   529    infeasible                            0.0359   539366                   z_2_20 U   1515   1226     15
   1545   547    infeasible                            0.0359   550733                 bit_20_1 D   1545   1543     31
   1576   566    infeasible                            0.0359   560862                     Y_16 D   1576   1574     20
   1595   565    infeasible                            0.0360   568948                     Y_16 D   1595   1593     14
   1612   558    infeasible                            0.0361   578610                  x_1_0_3 U   1612   1051     20
   1624   552    infeasible                            0.0361   589058                 x_1_0_12 U   1624   1052     21
   1659   577        0.0364   286                      0.0361   597827                   z_2_14 D   1659   1658     12
   1705   613        0.0378   228                      0.0361   606663                 x_1_0_12 D   1705   1704     26
   1731   613        0.0367   295                      0.0362   615870                 x_1_0_20 N   1731   1228     17
   1749   607    infeasible                            0.0362   625677                 bit_20_3 D   1749   1747     19
Elapsed time = 142.44 sec. (292874.40 ticks, tree = 67.05 MB, solutions = 0)
   1762   602        0.0543   298                      0.0363   637285                 x_1_0_16 U   1762   1184     20
   1781   595    infeasible                            0.0363   647618                 x_1_0_12 U   1781   1081     22
   1792   590        0.0364   295                      0.0364   657002                 bit_20_2 N   1792   1659     13
   1811   585        0.0569   259                      0.0364   666500                     Y_16 U   1811   1810     15
   1832   578    infeasible                            0.0364   678609                 x_1_0_12 U   1832    955     21
   1855   591    infeasible                            0.0364   685574                  x_2_0_5 U   1855   1853     27
   1873   581    infeasible                            0.0365   696224                   z_1_15 U   1873    323     31
   1886   576    infeasible                            0.0365   708082                 x_1_0_12 U   1886   1235     24
   1903   567    infeasible                            0.0366   716814                 bit_20_3 D   1903   1902     14
   1921   563    infeasible                            0.0366   726279                  x_1_0_3 U   1921   1420     22
Elapsed time = 161.23 sec. (332888.11 ticks, tree = 62.12 MB, solutions = 0)
   1941   559    infeasible                            0.0367   736335                  x_0_0_5 U   1941   1388     20
   1958   552    infeasible                            0.0367   746635                     Y_16 D   1958   1956     13
   1975   547        0.0370   279                      0.0367   757456                    z_2_3 D   1975   1974     12
   2000   546        0.0491   248                      0.0368   767477                 x_1_0_16 U   2000   1475     21
   2015   543    infeasible                            0.0368   777441                  x_0_0_3 U   2015   1148     27
   2027   535        0.0484   293                      0.0369   787392                   z_1_15 N   2027   1262     25
   2046   520        0.0475   290                      0.0369   796839                   z_1_15 N   2046   1480     26
   2060   514    infeasible                            0.0370   805229                 x_1_0_13 U   2060   1482     28
   2094   534    infeasible                            0.0370   813719                   z_2_20 D   2094   2093     17
   2117   545    infeasible                            0.0370   823394                  x_2_0_2 D   2117   2116     19
Elapsed time = 181.25 sec. (373176.96 ticks, tree = 59.96 MB, solutions = 0)
   2142   560        0.0534   287                      0.0370   833316                     Y_16 U   2142   2141     17
   2160   560    infeasible                            0.0370   844250                     Y_16 U   2160   2159     14
   2178   554    infeasible                            0.0370   855479                  x_1_0_3 U   2178    536     18
   2192   546        0.0431   250                      0.0371   865654                   z_2_16 N   2192   1927     15
   2213   541    infeasible                            0.0372   877099                    z_2_3 D   2213   2212     20
   2223   537        0.0534   295                      0.0372   886581                   z_1_15 U   2223   1146     25
   2244   528    infeasible                            0.0372   895966                   z_2_20 U   2244   1635     16
   2261   523    infeasible                            0.0373   906828                    z_2_3 D   2261   2260     20
   2278   522        0.0424   253                      0.0373   916439                   z_2_16 U   2278   2276     15
   2301   517        0.0413   283                      0.0373   926909                    z_2_3 U   2301   2273     12
Elapsed time = 200.34 sec. (412927.79 ticks, tree = 56.74 MB, solutions = 0)
   2316   512    infeasible                            0.0374   935952                  x_1_0_5 U   2316   1842     18
   2342   522    infeasible                            0.0374   946626                   z_2_20 D   2342   2341     15
   2359   515    infeasible                            0.0374   957241                   z_2_20 U   2359   1840     16
   2382   514        0.0377   218                      0.0375   967897                 x_1_0_20 N   2382   1697     20
   2399   511    infeasible                            0.0375   979238                 x_1_0_13 U   2399   1673     27
   2414   510        0.0442   231                      0.0376   989100                  x_2_0_2 D   2414   2413     16
   2433   501    infeasible                            0.0376   998889                 x_1_0_13 U   2433   1647     28
   2459   497        0.0404   288                      0.0377  1011241                    z_2_3 U   2459   2457     12
   2478   500        0.0465   332                      0.0377  1021521                   z_2_20 U   2478   2275     14
   2503   495        0.0527   235                      0.0378  1033313                 bit_10_5 U   2503   1276     37
Elapsed time = 219.45 sec. (453643.79 ticks, tree = 54.31 MB, solutions = 0)
   2518   484    infeasible                            0.0378  1043625                    z_2_7 U   2518   1928     16
   2541   477    infeasible                            0.0378  1053765                  bit_2_4 U   2541   1061     30
   2563   483        0.0408   292                      0.0379  1065061                   z_2_14 U   2563   2561     13
   2585   485        0.0402   295                      0.0380  1076056                    z_2_3 U   2585   2560     12
   2615   493    infeasible                            0.0380  1085566                   z_2_16 D   2615   2614     16
   2632   494    infeasible                            0.0381  1096042                 bit_20_2 U   2632   2631     16
   2650   490        0.0401   278                      0.0382  1106610                    z_2_3 N   2650   2608     12
   2678   506    infeasible                            0.0382  1116029                   z_2_16 D   2678   2677     16
   2699   513    infeasible                            0.0383  1125119                 x_1_0_20 D   2699   2697     24
   2710   512    infeasible                            0.0383  1130895                 bit_12_4 U   2710    447     34
Elapsed time = 239.16 sec. (494377.52 ticks, tree = 56.32 MB, solutions = 0)
   2731   515    infeasible                            0.0384  1141023                   z_2_16 D   2731   2730     17
   2751   523        0.0414   283                      0.0384  1152425                  x_2_0_2 D   2751   2750     14
   2779   527    infeasible                            0.0385  1163736                 bit_20_3 D   2779   2672     13
   2811   545        0.0447   204                      0.0385  1174274                 x_1_0_12 D   2811   2810     26
   2841   557    infeasible                            0.0386  1185399                 bit_20_3 D   2841   2829     13
   2865   567        0.0413   285                      0.0387  1195992                  x_2_0_2 D   2865   2864     14
   2897   587        0.0455   201                      0.0387  1207812                    z_2_7 D   2897   2896     20
   2923   593    infeasible                            0.0388  1218826                   z_2_16 N   2923   2921     16
   2953   611        0.0406   228                      0.0388  1228456                   z_2_16 U   2953   2951     15
   2980   620    infeasible                            0.0389  1239013                 x_1_0_20 D   2980   2978     25
Elapsed time = 257.84 sec. (534892.63 ticks, tree = 68.47 MB, solutions = 0)
   3005   627    infeasible                            0.0390  1250682                 bit_20_2 D   3005   1319     27
   3026   630        0.0408   228                      0.0390  1261131                   z_2_14 N   3026   2950     14
   3040   630        0.0393   324                      0.0391  1267876                          X   3040   2065      9
   3067   641        0.0410   243                      0.0391  1277608                  x_1_0_5 D   3067   3066     18
   3091   655        0.0408   240                      0.0392  1289522                   z_2_16 U   3091   3089     14
   3115   665        0.0425   275                      0.0392  1300384                 x_1_0_12 D   3115   3114     22
   3151   687        0.0409   251                      0.0393  1311463                   z_2_16 U   3151   3149     13
   3174   696    infeasible                            0.0394  1322748                 bit_20_1 U   3174   3173     20

GUB cover cuts applied:  7
Cover cuts applied:  6
Implied bound cuts applied:  215
Flow cuts applied:  104
Mixed integer rounding cuts applied:  30
Zero-half cuts applied:  33
Gomory fractional cuts applied:  1

Root node processing (before b&c):
  Real time             =    6.81 sec. (13597.13 ticks)
Sequential b&c:
  Real time             =  267.19 sec. (555997.70 ticks)
                          ------------
Total (root+branch&cut) =  274.00 sec. (569594.84 ticks)
CPLEX Error  1217: No solution exists.
CPLEX Error  1217: No solution exists.
CPLEX Error  1217: No solution exists.

--- ROUND21 RUNNER CAPTURED STDOUT ---
Version identifier: 22.1.1.0 | 2022-11-27 | 9160aff4d
CPXPARAM_Threads                                 1
CPXPARAM_MIP_Strategy_Search                     1
CPXPARAM_TimeLimit                               273.9844741
CPXPARAM_MIP_Tolerances_AbsMIPGap                0
CPXPARAM_MIP_Tolerances_MIPGap                   0
Generic callback                                 0xf0
Tried aggregator 2 times.
MIP Presolve eliminated 1612 rows and 33 columns.
MIP Presolve modified 33944 coefficients.
Aggregator did 40 substitutions.
Reduced MIP has 11487 rows, 3249 columns, and 65090 nonzeros.
Reduced MIP has 1480 binaries, 197 generals, 0 SOSs, and 0 indicators.
Presolve time = 0.06 sec. (113.80 ticks)
Probing fixed 15 vars, tightened 46 bounds.
Probing time = 0.08 sec. (175.84 ticks)
Tried aggregator 1 time.
MIP Presolve eliminated 96 rows and 45 columns.
MIP Presolve modified 2301 coefficients.
Reduced MIP has 11391 rows, 3204 columns, and 64052 nonzeros.
Reduced MIP has 1456 binaries, 188 generals, 0 SOSs, and 0 indicators.
Presolve time = 0.03 sec. (63.44 ticks)
Probing time = 0.00 sec. (7.74 ticks)
Clique table members: 34202.
MIP emphasis: balance optimality and feasibility.
MIP search method: traditional branch-and-cut.
Parallel mode: none, using 1 thread.
Root relaxation solution time = 0.75 sec. (1735.09 ticks)

        Nodes                                         Cuts/
   Node  Left     Objective  IInf  Best Integer    Best Bound    ItCnt     Gap         Variable B NodeID Parent  Depth

      0     0        0.0029   327                      0.0029     7676         
      0     0        0.0031   273                    Cuts: 89     8927         
      0     0        0.0053   335                   Cuts: 189    11046         
      0     0        0.0057   378                   Cuts: 213    11842         
      0     0        0.0071   342                   Cuts: 142    12844         
      0     0        0.0072   354                   Cuts: 171    13197         
      0     0        0.0129   352                   Cuts: 201    14411         
      0     0        0.0130   362                   Cuts: 115    14629         
      0     0        0.0131   359                    Cuts: 99    14796         
      0     0        0.0131   371                   Cuts: 119    14953         
      0     0        0.0133   350                    Cuts: 67    15136         
      0     0        0.0136   323                   Cuts: 148    15551         
      0     0        0.0138   346                   Cuts: 104    15907         
      0     0        0.0140   362                    Cuts: 67    16226         
      0     0        0.0142   349                    Cuts: 84    16738         
      0     0        0.0143   369                    Cuts: 82    16902         
      0     2        0.0143   369                      0.0143    16902                                 0             0
Elapsed time = 6.91 sec. (13805.86 ticks, tree = 0.01 MB, solutions = 0)
      2     4        0.0191   390                      0.0143    18248                          X      2      1      2
      3     5        0.0336   297                      0.0143    24930                          X      3      1      2
      5     5        0.0253   349                      0.0143    27196                          X      5      2      3
      7     5        0.0287   346                      0.0143    29872                          X      7      5      4
      8     6        0.0383   346                      0.0143    31172                          X      8      7      5
      9     7        0.0307   311                      0.0143    32047                          X      9      7      5
     10     8        0.0308   319                      0.0143    32203                          X     10      9      6
     11     9        0.0319   271                      0.0143    33000                          X     11      9      6
     17    15        0.0321   271                      0.0143    33124                          X     17     14      9
     18    16        0.0319   271                      0.0143    33124                          X     18     16     10
Elapsed time = 12.33 sec. (23582.29 ticks, tree = 1.14 MB, solutions = 0)
     19    17        0.0320   271                      0.0143    33164                          X     19     16     10
     20    18        0.0320   270                      0.0143    33166                  bit_3_1 U     20     19     11
     21    19        0.0320   270                      0.0143    33170                 bit_20_3 D     21     20     12
     22    20        0.0320   270                      0.0143    33176                  bit_6_4 D     22     21     13
     23    21        0.0320   270                      0.0143    33180                  bit_8_3 D     23     22     14
     25    23        0.0322   283                      0.0143    33653                  x_0_0_5 D     25     24     16
     30    24        0.0377   289                      0.0143    35647                  x_1_0_3 U     30     28     19
     32    26        0.0561   239                      0.0143    36548                  x_1_3_6 D     32     30     20
     43    33        0.0638   276                      0.0308    39350                          X     43     40      5
     55    45        0.0612   275                      0.0308    40246                 bit_10_5 U     55     54     12
Elapsed time = 19.66 sec. (39350.88 ticks, tree = 3.82 MB, solutions = 0)
     58    46    infeasible                            0.0308    42496                  x_0_0_5 U     58     56     14
     61    49        0.0634   199                      0.0308    44414                x_2_13_16 U     61     59     16
     66    54        0.0672   212                      0.0308    46573                 x_0_0_17 U     66     65     20
     69    57        0.0621   237                      0.0308    47339                    z_1_3 D     69     68     22
     80    68        0.0627   161                      0.0308    48734                 x_1_3_18 D     80     79     30
     89    75        0.0677   132                      0.0308    50526                     Y_16 U     89     87     37
    103    85        0.0732   139                      0.0308    52855                     Y_16 U    103    101     46
    120    94    infeasible                            0.0308    53808                 bit_18_3 U    120    118     58
    138    98        0.0312   310                      0.0308    55712                          X    138     10      7
    146   104        0.0329   318                      0.0308    57753                   z_2_14 D    146    143     11
Elapsed time = 25.73 sec. (53261.99 ticks, tree = 10.62 MB, solutions = 0)
    160   110        0.0345   338                      0.0313    60149                          X    160    159      8
    173   115        0.0320   310                      0.0314    62011                          X    173    172     10
    184   120    infeasible                            0.0315    64236                   z_2_16 D    184    183     16
    189   119    infeasible                            0.0316    67123                   z_2_14 D    189    188     13
    197   121        0.0321   333                      0.0317    69177                   z_2_16 D    197    196     12
    210   130        0.0324   322                      0.0317    71645                   z_2_16 D    210    209     12
    220   132        0.0347   317                      0.0317    74352                   z_2_14 D    220    219     12
    227   127    infeasible                            0.0319    77536                   z_2_14 U    227    178     12
    234   132        0.0375   325                      0.0319    79749                  x_0_0_5 D    234    233     16
    240   130        0.0351   321                      0.0321    82397                   z_2_16 D    240    239     12
Elapsed time = 31.69 sec. (64798.80 ticks, tree = 13.58 MB, solutions = 0)
    246   130        0.0323   273                      0.0321    84603                   z_2_16 D    246    245     12
    250   132        0.0356   296                      0.0321    86754                  x_0_0_5 D    250    249     15
    265   139        0.0326   307                      0.0322    89512                   z_2_14 D    265    264     13
    274   146        0.0355   245                      0.0322    91391                  x_1_0_3 D    274    273     21
    287   149    infeasible                            0.0322    93496                  bit_3_1 D    287    285     12
    293   153    infeasible                            0.0322    95888                  bit_3_0 D    293    292     24
    298   150    infeasible                            0.0323    99203                   z_2_14 D    298    297     12
    307   157        0.0342   294                      0.0323   101602                  x_0_0_5 D    307    306     16
    322   168    infeasible                            0.0323   104672                 x_1_0_12 U    322    321     30
    334   176        0.0326   267                      0.0323   106952                   z_2_16 D    334    333     14
Elapsed time = 36.86 sec. (75236.26 ticks, tree = 18.80 MB, solutions = 0)
    343   185        0.0396   317                      0.0323   109303                  x_1_0_3 D    343    342     23
    349   183    infeasible                            0.0324   112650                   z_2_14 U    349    331     12
    358   188        0.0346   288                      0.0325   115507                  x_0_0_5 D    358    357     17
    365   191    infeasible                            0.0325   118647                  bit_3_0 D    365    363     22
    368   188    infeasible                            0.0325   120775                   z_2_14 U    368    210     13
    370   190        0.0498   310                      0.0325   123420                   z_2_16 D    370    369     14
    375   185    infeasible                            0.0326   127219                   z_2_14 U    375    302     12
    380   190        0.0329   264                      0.0326   128126                    z_2_7 D    380    379     14
    390   196    infeasible                            0.0326   131183                  x_1_0_2 U    390    388     23
    392   198        0.0485   295                      0.0326   134249                   z_2_16 D    392    391     14
Elapsed time = 42.28 sec. (87159.68 ticks, tree = 21.28 MB, solutions = 0)
    400   200        0.0404   285                      0.0326   136929                 x_1_0_20 D    400    399     16
    405   195    infeasible                            0.0327   139411                   z_2_14 U    405    377     12
    410   194    infeasible                            0.0327   141069                  bit_3_1 U    410    409     12
    414   190    infeasible                            0.0328   144088                    z_2_7 U    414    334     15
    428   204        0.0337   293                      0.0328   145969                  x_1_0_3 D    428    427     19
    442   214    infeasible                            0.0328   148694                 x_2_2_20 U    442    440     30
    452   216    infeasible                            0.0328   151676                 x_1_0_16 U    452    450     37
    465   221        0.0329   294                      0.0328   154026                   z_2_14 D    465    464     12
    477   231    infeasible                            0.0328   157259                 x_1_0_13 D    477    476     24
    484   234        0.0332   282                      0.0328   159809                   z_2_16 D    484    483     13
Elapsed time = 47.62 sec. (97800.81 ticks, tree = 25.34 MB, solutions = 0)
    497   245    infeasible                            0.0328   162972                 x_1_0_16 D    497    496     26
    508   254        0.0351   303                      0.0329   165683                  x_1_0_3 D    508    507     19
    518   254    infeasible                            0.0329   168859                   z_2_14 U    518    500     12
    524   252    infeasible                            0.0329   170904                   z_2_16 U    524    522     13
    531   251        0.0332   278                      0.0330   173192                   z_2_14 D    531    530     12
    538   258        0.0414   277                      0.0330   175944                 x_1_0_12 D    538    537     19
    544   254    infeasible                            0.0330   178456                   z_2_16 U    544    501     13
    545   253    infeasible                            0.0330   180790                    z_2_7 U    545    466     14
    557   251    infeasible                            0.0331   184408                   z_2_14 U    557    530     12
    560   248    infeasible                            0.0332   187379                    z_2_7 U    560    379     14
Elapsed time = 53.09 sec. (109327.64 ticks, tree = 27.07 MB, solutions = 0)
    563   245    infeasible                            0.0333   190242                   z_2_16 U    563    531     13
    565   245        0.0342   317                      0.0333   192381                 bit_20_1 N    565    179     13
    570   244        0.0334   295                      0.0333   194212                   z_2_14 D    570    569     12
    576   250        0.0358   304                      0.0333   197170                  x_0_0_5 D    576    575     17
    582   250    infeasible                            0.0333   200154                   z_2_14 U    582    569     12
    586   248    infeasible                            0.0334   202547                   z_2_16 U    586    421     13
    590   246    infeasible                            0.0334   205744                  x_1_0_3 U    590    507     19
    597   249        0.0339   274                      0.0334   208235                   z_2_16 D    597    596     13
    610   258        0.0334   305                      0.0334   210720                          X    610    417     10
    620   264    infeasible                            0.0334   213231                  x_1_0_3 U    620    618     18
Elapsed time = 57.83 sec. (119977.32 ticks, tree = 28.78 MB, solutions = 0)
    627   263    infeasible                            0.0334   216326                   z_2_14 U    627    611     12
    631   261    infeasible                            0.0335   218952                  bit_3_0 D    631    629     20
    634   258    infeasible                            0.0335   221724                   z_2_14 U    634    595     12
    637   255    infeasible                            0.0336   225188                 x_1_0_12 U    637    470     18
    654   272        0.0338   281                      0.0336   226392                   z_2_14 D    654    653     12
    663   281        0.0375   331                      0.0336   229047                  x_1_0_2 D    663    662     21
    680   294        0.0475   276                      0.0336   231222                   z_2_16 D    680    679     13
    707   321        0.0501   182                      0.0336   233524                 x_0_0_12 U    707    706     40
    718   326    infeasible                            0.0336   235828                  x_1_0_3 U    718    427     19
    735   325        0.0366   288                      0.0337   244444                    z_2_7 D    735    734     15
Elapsed time = 65.56 sec. (133956.19 ticks, tree = 35.03 MB, solutions = 0)
    755   317    infeasible                            0.0338   254010                   z_2_16 U    755    396     13
    781   333        0.0460   298                      0.0338   262701                     Y_16 U    781    780     19
    795   325    infeasible                            0.0339   273052                  x_0_0_3 U    795    430     22
    811   317        0.0419   292                      0.0340   284457                 x_1_0_20 U    811    600     17
    837   321    infeasible                            0.0340   295169                   z_2_14 U    837    823     12
    861   329        0.0409   289                      0.0341   305057                 x_1_0_20 U    861    658     17
    886   332    infeasible                            0.0342   314951                  x_0_0_3 U    886    307     17
    901   325    infeasible                            0.0343   325702                   z_2_16 U    901    869     13
    920   326    infeasible                            0.0344   335173                   z_2_20 U    920    762     14
    951   345        0.0357   240                      0.0345   344073                  x_1_0_5 D    951    950     16
Elapsed time = 84.83 sec. (173877.05 ticks, tree = 37.35 MB, solutions = 0)
    978   358        0.0353   240                      0.0346   353522                   z_2_20 D    978    977     15
   1000   358        0.0352   274                      0.0347   362848                   z_2_16 D   1000    999     13
   1031   373    infeasible                            0.0347   374033                   z_2_20 U   1031    844     15
   1040   366        0.0351   313                      0.0349   383553                          X   1040    943      9
   1087   409        0.0386   283                      0.0349   392775                  x_0_0_3 D   1087   1086     27
   1104   404        0.0351   344                      0.0350   402891                  bit_3_0 N   1104   1099     11
   1124   398        0.0368   289                      0.0351   413716                 x_1_0_20 U   1124    910     17
   1153   415    infeasible                            0.0352   423161                 x_1_0_11 D   1153   1152     31
   1177   419        0.0354   297                      0.0353   432341                   z_2_14 D   1177   1176     12
   1216   454        0.0381   298                      0.0353   441356                  x_1_0_3 D   1216   1215     26
Elapsed time = 104.36 sec. (214267.25 ticks, tree = 49.67 MB, solutions = 0)
   1261   491        0.0368   234                      0.0353   451015                  x_1_0_2 D   1261   1259     23
   1302   528        0.0435   311                      0.0353   458770                 x_1_0_17 D   1302   1301     29
   1341   519    infeasible                            0.0353   467482                  x_1_0_5 U   1341    533     15
   1348   512    infeasible                            0.0354   473139                 bit_18_3 U   1348    339     20
   1371   515        0.0443   320                      0.0354   482937                 bit_20_2 D   1371    270     18
   1390   510        0.0380   258                      0.0356   492398                  x_0_0_3 D   1390   1389     21
   1411   507        0.0357   284                      0.0356   502127                   z_2_14 D   1411   1410     12
   1446   522    infeasible                            0.0357   511665                 bit_20_2 U   1446   1445     20
   1461   517        0.0513   292                      0.0358   520779                 x_1_0_16 N   1461    953     19
   1488   532    infeasible                            0.0358   528439                 x_1_0_17 D   1488   1487     32
Elapsed time = 123.25 sec. (253394.01 ticks, tree = 58.56 MB, solutions = 0)
   1515   529    infeasible                            0.0359   539366                   z_2_20 U   1515   1226     15
   1545   547    infeasible                            0.0359   550733                 bit_20_1 D   1545   1543     31
   1576   566    infeasible                            0.0359   560862                     Y_16 D   1576   1574     20
   1595   565    infeasible                            0.0360   568948                     Y_16 D   1595   1593     14
   1612   558    infeasible                            0.0361   578610                  x_1_0_3 U   1612   1051     20
   1624   552    infeasible                            0.0361   589058                 x_1_0_12 U   1624   1052     21
   1659   577        0.0364   286                      0.0361   597827                   z_2_14 D   1659   1658     12
   1705   613        0.0378   228                      0.0361   606663                 x_1_0_12 D   1705   1704     26
   1731   613        0.0367   295                      0.0362   615870                 x_1_0_20 N   1731   1228     17
   1749   607    infeasible                            0.0362   625677                 bit_20_3 D   1749   1747     19
Elapsed time = 142.44 sec. (292874.40 ticks, tree = 67.05 MB, solutions = 0)
   1762   602        0.0543   298                      0.0363   637285                 x_1_0_16 U   1762   1184     20
   1781   595    infeasible                            0.0363   647618                 x_1_0_12 U   1781   1081     22
   1792   590        0.0364   295                      0.0364   657002                 bit_20_2 N   1792   1659     13
   1811   585        0.0569   259                      0.0364   666500                     Y_16 U   1811   1810     15
   1832   578    infeasible                            0.0364   678609                 x_1_0_12 U   1832    955     21
   1855   591    infeasible                            0.0364   685574                  x_2_0_5 U   1855   1853     27
   1873   581    infeasible                            0.0365   696224                   z_1_15 U   1873    323     31
   1886   576    infeasible                            0.0365   708082                 x_1_0_12 U   1886   1235     24
   1903   567    infeasible                            0.0366   716814                 bit_20_3 D   1903   1902     14
   1921   563    infeasible                            0.0366   726279                  x_1_0_3 U   1921   1420     22
Elapsed time = 161.23 sec. (332888.11 ticks, tree = 62.12 MB, solutions = 0)
   1941   559    infeasible                            0.0367   736335                  x_0_0_5 U   1941   1388     20
   1958   552    infeasible                            0.0367   746635                     Y_16 D   1958   1956     13
   1975   547        0.0370   279                      0.0367   757456                    z_2_3 D   1975   1974     12
   2000   546        0.0491   248                      0.0368   767477                 x_1_0_16 U   2000   1475     21
   2015   543    infeasible                            0.0368   777441                  x_0_0_3 U   2015   1148     27
   2027   535        0.0484   293                      0.0369   787392                   z_1_15 N   2027   1262     25
   2046   520        0.0475   290                      0.0369   796839                   z_1_15 N   2046   1480     26
   2060   514    infeasible                            0.0370   805229                 x_1_0_13 U   2060   1482     28
   2094   534    infeasible                            0.0370   813719                   z_2_20 D   2094   2093     17
   2117   545    infeasible                            0.0370   823394                  x_2_0_2 D   2117   2116     19
Elapsed time = 181.25 sec. (373176.96 ticks, tree = 59.96 MB, solutions = 0)
   2142   560        0.0534   287                      0.0370   833316                     Y_16 U   2142   2141     17
   2160   560    infeasible                            0.0370   844250                     Y_16 U   2160   2159     14
   2178   554    infeasible                            0.0370   855479                  x_1_0_3 U   2178    536     18
   2192   546        0.0431   250                      0.0371   865654                   z_2_16 N   2192   1927     15
   2213   541    infeasible                            0.0372   877099                    z_2_3 D   2213   2212     20
   2223   537        0.0534   295                      0.0372   886581                   z_1_15 U   2223   1146     25
   2244   528    infeasible                            0.0372   895966                   z_2_20 U   2244   1635     16
   2261   523    infeasible                            0.0373   906828                    z_2_3 D   2261   2260     20
   2278   522        0.0424   253                      0.0373   916439                   z_2_16 U   2278   2276     15
   2301   517        0.0413   283                      0.0373   926909                    z_2_3 U   2301   2273     12
Elapsed time = 200.34 sec. (412927.79 ticks, tree = 56.74 MB, solutions = 0)
   2316   512    infeasible                            0.0374   935952                  x_1_0_5 U   2316   1842     18
   2342   522    infeasible                            0.0374   946626                   z_2_20 D   2342   2341     15
   2359   515    infeasible                            0.0374   957241                   z_2_20 U   2359   1840     16
   2382   514        0.0377   218                      0.0375   967897                 x_1_0_20 N   2382   1697     20
   2399   511    infeasible                            0.0375   979238                 x_1_0_13 U   2399   1673     27
   2414   510        0.0442   231                      0.0376   989100                  x_2_0_2 D   2414   2413     16
   2433   501    infeasible                            0.0376   998889                 x_1_0_13 U   2433   1647     28
   2459   497        0.0404   288                      0.0377  1011241                    z_2_3 U   2459   2457     12
   2478   500        0.0465   332                      0.0377  1021521                   z_2_20 U   2478   2275     14
   2503   495        0.0527   235                      0.0378  1033313                 bit_10_5 U   2503   1276     37
Elapsed time = 219.45 sec. (453643.79 ticks, tree = 54.31 MB, solutions = 0)
   2518   484    infeasible                            0.0378  1043625                    z_2_7 U   2518   1928     16
   2541   477    infeasible                            0.0378  1053765                  bit_2_4 U   2541   1061     30
   2563   483        0.0408   292                      0.0379  1065061                   z_2_14 U   2563   2561     13
   2585   485        0.0402   295                      0.0380  1076056                    z_2_3 U   2585   2560     12
   2615   493    infeasible                            0.0380  1085566                   z_2_16 D   2615   2614     16
   2632   494    infeasible                            0.0381  1096042                 bit_20_2 U   2632   2631     16
   2650   490        0.0401   278                      0.0382  1106610                    z_2_3 N   2650   2608     12
   2678   506    infeasible                            0.0382  1116029                   z_2_16 D   2678   2677     16
   2699   513    infeasible                            0.0383  1125119                 x_1_0_20 D   2699   2697     24
   2710   512    infeasible                            0.0383  1130895                 bit_12_4 U   2710    447     34
Elapsed time = 239.16 sec. (494377.52 ticks, tree = 56.32 MB, solutions = 0)
   2731   515    infeasible                            0.0384  1141023                   z_2_16 D   2731   2730     17
   2751   523        0.0414   283                      0.0384  1152425                  x_2_0_2 D   2751   2750     14
   2779   527    infeasible                            0.0385  1163736                 bit_20_3 D   2779   2672     13
   2811   545        0.0447   204                      0.0385  1174274                 x_1_0_12 D   2811   2810     26
   2841   557    infeasible                            0.0386  1185399                 bit_20_3 D   2841   2829     13
   2865   567        0.0413   285                      0.0387  1195992                  x_2_0_2 D   2865   2864     14
   2897   587        0.0455   201                      0.0387  1207812                    z_2_7 D   2897   2896     20
   2923   593    infeasible                            0.0388  1218826                   z_2_16 N   2923   2921     16
   2953   611        0.0406   228                      0.0388  1228456                   z_2_16 U   2953   2951     15
   2980   620    infeasible                            0.0389  1239013                 x_1_0_20 D   2980   2978     25
Elapsed time = 257.84 sec. (534892.63 ticks, tree = 68.47 MB, solutions = 0)
   3005   627    infeasible                            0.0390  1250682                 bit_20_2 D   3005   1319     27
   3026   630        0.0408   228                      0.0390  1261131                   z_2_14 N   3026   2950     14
   3040   630        0.0393   324                      0.0391  1267876                          X   3040   2065      9
   3067   641        0.0410   243                      0.0391  1277608                  x_1_0_5 D   3067   3066     18
   3091   655        0.0408   240                      0.0392  1289522                   z_2_16 U   3091   3089     14
   3115   665        0.0425   275                      0.0392  1300384                 x_1_0_12 D   3115   3114     22
   3151   687        0.0409   251                      0.0393  1311463                   z_2_16 U   3151   3149     13
   3174   696    infeasible                            0.0394  1322748                 bit_20_1 U   3174   3173     20

GUB cover cuts applied:  7
Cover cuts applied:  6
Implied bound cuts applied:  215
Flow cuts applied:  104
Mixed integer rounding cuts applied:  30
Zero-half cuts applied:  33
Gomory fractional cuts applied:  1

Root node processing (before b&c):
  Real time             =    6.81 sec. (13597.13 ticks)
Sequential b&c:
  Real time             =  267.19 sec. (555997.70 ticks)
                          ------------
Total (root+branch&cut) =  274.00 sec. (569594.84 ticks)
CPLEX Error  1217: No solution exists.
CPLEX Error  1217: No solution exists.
CPLEX Error  1217: No solution exists.
tight_T_seed3101.txt gcap-frontier global_gini_tree_time_limit obj=0.107253 runtime=294.178 columns=0

--- ROUND21 RUNNER CAPTURED STDERR ---
