
Gurobi 13.0.2 (win64) logging started Fri Jul 24 09:05:00 2026

Set parameter LogFile to value "E:\codes\ExactEBRP\results\gf_c0_mechanism_transfer_c5_round30\runs\stage2__high_imbalance_seed5202__c4_candidate__300s\native.log"
Set parameter Threads to value 1
Set parameter Presolve to value -1
Set parameter Seed to value 0
Set parameter MIPGap to value 0
Set parameter MIPGapAbs to value 0
Warning: unknown variable 'r_max' in bounds section (line 13966)
Warning: unknown variable 'r_min' in bounds section (line 13967)
Read LP format model from file E:\codes\ExactEBRP\results\gf_c0_mechanism_transfer_c5_round30\runs\stage2__high_imbalance_seed5202__c4_candidate__300s\external\models\L0.lp
Reading time = 0.03 seconds
obj: 11923 rows, 3380 columns, 67164 nonzeros
Set parameter TimeLimit to value 281.1386627
Warning: unknown variable 'r_max' in bounds section (line 13966)
Warning: unknown variable 'r_min' in bounds section (line 13967)
Read LP format model from file E:\codes\ExactEBRP\results\gf_c0_mechanism_transfer_c5_round30\runs\stage2__high_imbalance_seed5202__c4_candidate__300s\external\models\L1.lp
Reading time = 0.02 seconds
obj: 11923 rows, 3380 columns, 67410 nonzeros
Set parameter TimeLimit to value 280.9269911
Warning: unknown variable 'r_max' in bounds section (line 13966)
Warning: unknown variable 'r_min' in bounds section (line 13967)
Read LP format model from file E:\codes\ExactEBRP\results\gf_c0_mechanism_transfer_c5_round30\runs\stage2__high_imbalance_seed5202__c4_candidate__300s\external\models\L1.0.lp
Reading time = 0.02 seconds
obj: 11923 rows, 3380 columns, 67410 nonzeros
Set parameter TimeLimit to value 280.5023856
Warning: unknown variable 'r_max' in bounds section (line 13966)
Warning: unknown variable 'r_min' in bounds section (line 13967)
Read LP format model from file E:\codes\ExactEBRP\results\gf_c0_mechanism_transfer_c5_round30\runs\stage2__high_imbalance_seed5202__c4_candidate__300s\external\models\L1.1.lp
Reading time = 0.02 seconds
obj: 11923 rows, 3380 columns, 67410 nonzeros
Set parameter TimeLimit to value 280.0482981
Warning: unknown variable 'r_max' in bounds section (line 13966)
Warning: unknown variable 'r_min' in bounds section (line 13967)
Read LP format model from file E:\codes\ExactEBRP\results\gf_c0_mechanism_transfer_c5_round30\runs\stage2__high_imbalance_seed5202__c4_candidate__300s\external\models\L2.lp
Reading time = 0.02 seconds
obj: 11923 rows, 3380 columns, 67410 nonzeros
Set parameter TimeLimit to value 279.6344208
Warning: unknown variable 'r_max' in bounds section (line 13966)
Warning: unknown variable 'r_min' in bounds section (line 13967)
Read LP format model from file E:\codes\ExactEBRP\results\gf_c0_mechanism_transfer_c5_round30\runs\stage2__high_imbalance_seed5202__c4_candidate__300s\external\models\L2.0.lp
Reading time = 0.02 seconds
obj: 11923 rows, 3380 columns, 67410 nonzeros
Set parameter TimeLimit to value 279.2883618
Warning: unknown variable 'r_max' in bounds section (line 13966)
Warning: unknown variable 'r_min' in bounds section (line 13967)
Read LP format model from file E:\codes\ExactEBRP\results\gf_c0_mechanism_transfer_c5_round30\runs\stage2__high_imbalance_seed5202__c4_candidate__300s\external\models\L2.1.lp
Reading time = 0.02 seconds
obj: 11923 rows, 3380 columns, 67410 nonzeros
Set parameter TimeLimit to value 278.9253033
Warning: unknown variable 'r_max' in bounds section (line 13966)
Warning: unknown variable 'r_min' in bounds section (line 13967)
Read LP format model from file E:\codes\ExactEBRP\results\gf_c0_mechanism_transfer_c5_round30\runs\stage2__high_imbalance_seed5202__c4_candidate__300s\external\models\L3.lp
Reading time = 0.02 seconds
obj: 11923 rows, 3380 columns, 67030 nonzeros
Set parameter TimeLimit to value 278.7102704
Warning: unknown variable 'r_max' in bounds section (line 13966)
Warning: unknown variable 'r_min' in bounds section (line 13967)
Read LP format model from file E:\codes\ExactEBRP\results\gf_c0_mechanism_transfer_c5_round30\runs\stage2__high_imbalance_seed5202__c4_candidate__300s\external\models\L1.0.0.lp
Reading time = 0.02 seconds
obj: 11923 rows, 3380 columns, 67410 nonzeros
Set parameter TimeLimit to value 278.5066811
Warning: unknown variable 'r_max' in bounds section (line 13966)
Warning: unknown variable 'r_min' in bounds section (line 13967)
Read LP format model from file E:\codes\ExactEBRP\results\gf_c0_mechanism_transfer_c5_round30\runs\stage2__high_imbalance_seed5202__c4_candidate__300s\external\models\L1.0.1.lp
Reading time = 0.02 seconds
obj: 11923 rows, 3380 columns, 67410 nonzeros
Set parameter TimeLimit to value 278.2556762
Warning: unknown variable 'r_max' in bounds section (line 13966)
Warning: unknown variable 'r_min' in bounds section (line 13967)
Read LP format model from file E:\codes\ExactEBRP\results\gf_c0_mechanism_transfer_c5_round30\runs\stage2__high_imbalance_seed5202__c4_candidate__300s\external\models\L1.1.0.lp
Reading time = 0.02 seconds
obj: 11923 rows, 3380 columns, 67410 nonzeros
Set parameter TimeLimit to value 277.815151
Warning: unknown variable 'r_max' in bounds section (line 13966)
Warning: unknown variable 'r_min' in bounds section (line 13967)
Read LP format model from file E:\codes\ExactEBRP\results\gf_c0_mechanism_transfer_c5_round30\runs\stage2__high_imbalance_seed5202__c4_candidate__300s\external\models\L1.1.1.lp
Reading time = 0.02 seconds
obj: 11923 rows, 3380 columns, 67410 nonzeros
Set parameter TimeLimit to value 277.4374213
Warning: unknown variable 'r_max' in bounds section (line 13966)
Warning: unknown variable 'r_min' in bounds section (line 13967)
Read LP format model from file E:\codes\ExactEBRP\results\gf_c0_mechanism_transfer_c5_round30\runs\stage2__high_imbalance_seed5202__c4_candidate__300s\external\models\L1.1.0.0.lp
Reading time = 0.02 seconds
obj: 11923 rows, 3380 columns, 67410 nonzeros
Set parameter TimeLimit to value 277.0677497
Warning: unknown variable 'r_max' in bounds section (line 13966)
Warning: unknown variable 'r_min' in bounds section (line 13967)
Read LP format model from file E:\codes\ExactEBRP\results\gf_c0_mechanism_transfer_c5_round30\runs\stage2__high_imbalance_seed5202__c4_candidate__300s\external\models\L1.1.0.1.lp
Reading time = 0.02 seconds
obj: 11923 rows, 3380 columns, 67410 nonzeros
Set parameter TimeLimit to value 276.6645055
Warning: unknown variable 'r_max' in bounds section (line 13966)
Warning: unknown variable 'r_min' in bounds section (line 13967)
Read LP format model from file E:\codes\ExactEBRP\results\gf_c0_mechanism_transfer_c5_round30\runs\stage2__high_imbalance_seed5202__c4_candidate__300s\external\models\L1.1.0.0.0.lp
Reading time = 0.02 seconds
obj: 11923 rows, 3380 columns, 67410 nonzeros
Set parameter TimeLimit to value 276.2549998
Warning: unknown variable 'r_max' in bounds section (line 13966)
Warning: unknown variable 'r_min' in bounds section (line 13967)
Read LP format model from file E:\codes\ExactEBRP\results\gf_c0_mechanism_transfer_c5_round30\runs\stage2__high_imbalance_seed5202__c4_candidate__300s\external\models\L1.1.0.0.1.lp
Reading time = 0.02 seconds
obj: 11923 rows, 3380 columns, 67410 nonzeros
Set parameter TimeLimit to value 275.8277443
Warning: unknown variable 'r_max' in bounds section (line 13966)
Warning: unknown variable 'r_min' in bounds section (line 13967)
Read LP format model from file E:\codes\ExactEBRP\results\gf_c0_mechanism_transfer_c5_round30\runs\stage2__high_imbalance_seed5202__c4_candidate__300s\external\models\L1.1.0.0.1.0.lp
Reading time = 0.02 seconds
obj: 11923 rows, 3380 columns, 67410 nonzeros
Set parameter TimeLimit to value 275.3763078
Warning: unknown variable 'r_max' in bounds section (line 13966)
Warning: unknown variable 'r_min' in bounds section (line 13967)
Read LP format model from file E:\codes\ExactEBRP\results\gf_c0_mechanism_transfer_c5_round30\runs\stage2__high_imbalance_seed5202__c4_candidate__300s\external\models\L1.1.0.0.1.1.lp
Reading time = 0.02 seconds
obj: 11923 rows, 3380 columns, 67410 nonzeros
Set parameter TimeLimit to value 274.9572304
Warning: unknown variable 'r_max' in bounds section (line 13966)
Warning: unknown variable 'r_min' in bounds section (line 13967)
Read LP format model from file E:\codes\ExactEBRP\results\gf_c0_mechanism_transfer_c5_round30\runs\stage2__high_imbalance_seed5202__c4_candidate__300s\external\models\L1.0.1.0.lp
Reading time = 0.02 seconds
obj: 11923 rows, 3380 columns, 67410 nonzeros
Set parameter TimeLimit to value 274.5744121
Warning: unknown variable 'r_max' in bounds section (line 13966)
Warning: unknown variable 'r_min' in bounds section (line 13967)
Read LP format model from file E:\codes\ExactEBRP\results\gf_c0_mechanism_transfer_c5_round30\runs\stage2__high_imbalance_seed5202__c4_candidate__300s\external\models\L1.0.1.1.lp
Reading time = 0.02 seconds
obj: 11923 rows, 3380 columns, 67410 nonzeros
Set parameter TimeLimit to value 274.1830521
Warning: unknown variable 'r_max' in bounds section (line 13966)
Warning: unknown variable 'r_min' in bounds section (line 13967)
Read LP format model from file E:\codes\ExactEBRP\results\gf_c0_mechanism_transfer_c5_round30\runs\stage2__high_imbalance_seed5202__c4_candidate__300s\external\models\L1.1.0.0.1.0.0.lp
Reading time = 0.02 seconds
obj: 11923 rows, 3380 columns, 67410 nonzeros
Set parameter TimeLimit to value 273.7728267
Warning: unknown variable 'r_max' in bounds section (line 13966)
Warning: unknown variable 'r_min' in bounds section (line 13967)
Read LP format model from file E:\codes\ExactEBRP\results\gf_c0_mechanism_transfer_c5_round30\runs\stage2__high_imbalance_seed5202__c4_candidate__300s\external\models\L1.1.0.0.1.0.1.lp
Reading time = 0.02 seconds
obj: 11923 rows, 3380 columns, 67410 nonzeros
Set parameter TimeLimit to value 273.390104
Warning: unknown variable 'r_max' in bounds section (line 13966)
Warning: unknown variable 'r_min' in bounds section (line 13967)
Read LP format model from file E:\codes\ExactEBRP\results\gf_c0_mechanism_transfer_c5_round30\runs\stage2__high_imbalance_seed5202__c4_candidate__300s\external\models\L1.1.0.0.1.1.0.lp
Reading time = 0.02 seconds
obj: 11923 rows, 3380 columns, 67410 nonzeros
Set parameter TimeLimit to value 272.9778968
Warning: unknown variable 'r_max' in bounds section (line 13966)
Warning: unknown variable 'r_min' in bounds section (line 13967)
Read LP format model from file E:\codes\ExactEBRP\results\gf_c0_mechanism_transfer_c5_round30\runs\stage2__high_imbalance_seed5202__c4_candidate__300s\external\models\L1.1.0.0.1.1.1.lp
Reading time = 0.02 seconds
obj: 11923 rows, 3380 columns, 67410 nonzeros
Set parameter TimeLimit to value 272.5780826
Warning: unknown variable 'r_max' in bounds section (line 13966)
Warning: unknown variable 'r_min' in bounds section (line 13967)
Read LP format model from file E:\codes\ExactEBRP\results\gf_c0_mechanism_transfer_c5_round30\runs\stage2__high_imbalance_seed5202__c4_candidate__300s\external\models\L1.1.0.0.1.1.0.0.lp
Reading time = 0.02 seconds
obj: 11923 rows, 3380 columns, 67410 nonzeros
Set parameter TimeLimit to value 272.1993553
Warning: unknown variable 'r_max' in bounds section (line 13966)
Warning: unknown variable 'r_min' in bounds section (line 13967)
Read LP format model from file E:\codes\ExactEBRP\results\gf_c0_mechanism_transfer_c5_round30\runs\stage2__high_imbalance_seed5202__c4_candidate__300s\external\models\L1.1.0.0.1.1.0.1.lp
Reading time = 0.02 seconds
obj: 11923 rows, 3380 columns, 67410 nonzeros
Set parameter TimeLimit to value 2.7179610279999997e+02
Warning: unknown variable 'r_max' in bounds section (line 13966)
Warning: unknown variable 'r_min' in bounds section (line 13967)
Read LP format model from file E:\codes\ExactEBRP\results\gf_c0_mechanism_transfer_c5_round30\runs\stage2__high_imbalance_seed5202__c4_candidate__300s\external\models\L1.1.0.0.1.0.1.0.lp
Reading time = 0.02 seconds
obj: 11923 rows, 3380 columns, 67410 nonzeros
Set parameter TimeLimit to value 271.4402642
Warning: unknown variable 'r_max' in bounds section (line 13966)
Warning: unknown variable 'r_min' in bounds section (line 13967)
Read LP format model from file E:\codes\ExactEBRP\results\gf_c0_mechanism_transfer_c5_round30\runs\stage2__high_imbalance_seed5202__c4_candidate__300s\external\models\L1.1.0.0.1.0.1.1.lp
Reading time = 0.02 seconds
obj: 11923 rows, 3380 columns, 67410 nonzeros
Set parameter TimeLimit to value 271.0627298
Warning: unknown variable 'r_max' in bounds section (line 13966)
Warning: unknown variable 'r_min' in bounds section (line 13967)
Read LP format model from file E:\codes\ExactEBRP\results\gf_c0_mechanism_transfer_c5_round30\runs\stage2__high_imbalance_seed5202__c4_candidate__300s\external\models\L1.1.0.0.1.1.0.0.0.lp
Reading time = 0.02 seconds
obj: 11923 rows, 3380 columns, 67410 nonzeros
Set parameter TimeLimit to value 270.6625115
Warning: unknown variable 'r_max' in bounds section (line 13966)
Warning: unknown variable 'r_min' in bounds section (line 13967)
Read LP format model from file E:\codes\ExactEBRP\results\gf_c0_mechanism_transfer_c5_round30\runs\stage2__high_imbalance_seed5202__c4_candidate__300s\external\models\L1.1.0.0.1.1.0.0.1.lp
Reading time = 0.02 seconds
obj: 11923 rows, 3380 columns, 67410 nonzeros
Set parameter TimeLimit to value 270.2652595
Warning: unknown variable 'r_max' in bounds section (line 13966)
Warning: unknown variable 'r_min' in bounds section (line 13967)
Read LP format model from file E:\codes\ExactEBRP\results\gf_c0_mechanism_transfer_c5_round30\runs\stage2__high_imbalance_seed5202__c4_candidate__300s\external\models\L1.1.0.0.1.1.0.1.0.lp
Reading time = 0.02 seconds
obj: 11923 rows, 3380 columns, 67410 nonzeros
Set parameter TimeLimit to value 269.8690772
Warning: unknown variable 'r_max' in bounds section (line 13966)
Warning: unknown variable 'r_min' in bounds section (line 13967)
Read LP format model from file E:\codes\ExactEBRP\results\gf_c0_mechanism_transfer_c5_round30\runs\stage2__high_imbalance_seed5202__c4_candidate__300s\external\models\L1.1.0.0.1.1.0.1.1.lp
Reading time = 0.02 seconds
obj: 11923 rows, 3380 columns, 67410 nonzeros
Set parameter TimeLimit to value 269.4763376
Warning: unknown variable 'r_max' in bounds section (line 13966)
Warning: unknown variable 'r_min' in bounds section (line 13967)
Read LP format model from file E:\codes\ExactEBRP\results\gf_c0_mechanism_transfer_c5_round30\runs\stage2__high_imbalance_seed5202__c4_candidate__300s\external\models\L1.1.0.0.1.0.1.1.0.lp
Reading time = 0.02 seconds
obj: 11923 rows, 3380 columns, 67410 nonzeros
Set parameter TimeLimit to value 269.0611805
Warning: unknown variable 'r_max' in bounds section (line 13966)
Warning: unknown variable 'r_min' in bounds section (line 13967)
Read LP format model from file E:\codes\ExactEBRP\results\gf_c0_mechanism_transfer_c5_round30\runs\stage2__high_imbalance_seed5202__c4_candidate__300s\external\models\L1.1.0.0.1.0.1.1.1.lp
Reading time = 0.02 seconds
obj: 11923 rows, 3380 columns, 67410 nonzeros
Set parameter TimeLimit to value 268.6732559
