
Gurobi 13.0.2 (win64) logging started Mon Jul 20 05:43:33 2026

Set parameter LogFile to value "E:\codes\ExactEBRP\results\gf_solver_backend_migration_round24r\runs\stage1a__moderate4301__p_grb__120s\native.log"
Set parameter Threads to value 1
Set parameter Presolve to value -1
Set parameter Seed to value 0
Set parameter MIPGap to value 0
Set parameter MIPGapAbs to value 0
Set parameter TimeLimit to value 117.6
Read LP format model from file E:\codes\ExactEBRP\results\gf_solver_backend_migration_round24r\runs\stage1a__moderate4301__p_grb__120s\canonical.lp
Reading time = 0.01 seconds
obj: 5066 rows, 2113 columns, 23349 nonzeros
Gurobi Optimizer version 13.0.2 build v13.0.2rc1 (win64 - Windows 10.0 (19045.2))

CPU model: 12th Gen Intel(R) Core(TM) i7-12700KF, instruction set [SSE2|AVX|AVX2]
Thread count: 12 physical cores, 20 logical processors, using up to 1 threads

Non-default parameters:
TimeLimit  117.6
MIPGap  0
MIPGapAbs  0
LogToConsole  0
Threads  1

Optimize a model with 5066 rows, 2113 columns and 23349 nonzeros (Min)
Model fingerprint: 0x3cfb595b
Model has 21 linear objective coefficients
Variable types: 422 continuous, 1691 integer (1491 binary)
Coefficient statistics:
  Matrix range     [3e-02, 6e+02]
  Objective range  [8e-03, 1e+00]
  Bounds range     [1e+00, 5e+01]
  RHS range        [1e+00, 4e+03]

Presolve removed 141 rows and 21 columns
Presolve time: 0.05s
Presolved: 4925 rows, 2092 columns, 41859 nonzeros
Variable types: 195 continuous, 1897 integer (1491 binary)
Found heuristic solution: objective 2.5370004

Root relaxation: objective 2.872398e-03, 1431 iterations, 0.07 seconds (0.18 work units)

    Nodes    |    Current Node    |     Objective Bounds      |     Work
 Expl Unexpl |  Obj  Depth IntInf | Incumbent    BestBd   Gap | It/Node Time

     0     0    0.00287    0  297    2.53700    0.00287   100%     -    0s
     0     0    0.00336    0  344    2.53700    0.00336   100%     -    0s
     0     0    0.00339    0  322    2.53700    0.00339   100%     -    0s
     0     0    0.00346    0  381    2.53700    0.00346   100%     -    0s
     0     0    0.00347    0  410    2.53700    0.00347   100%     -    0s
     0     0    0.00352    0  408    2.53700    0.00352   100%     -    0s
H    0     0                       0.5333342    0.00352  99.3%     -    0s
     0     0    0.00352    0  416    0.53333    0.00352  99.3%     -    0s
     0     0    0.00352    0  453    0.53333    0.00352  99.3%     -    0s
H    0     0                       0.5323793    0.00352  99.3%     -    0s
H    0     0                       0.5294472    0.00352  99.3%     -    0s
H    0     0                       0.5284923    0.00352  99.3%     -    0s
H    0     0                       0.5274175    0.00352  99.3%     -    0s
H    0     0                       0.5261602    0.00352  99.3%     -    0s
H    0     0                       0.5257805    0.00352  99.3%     -    0s
H    0     0                       0.5219610    0.00352  99.3%     -    0s
H    0     0                       0.5211212    0.00352  99.3%     -    0s
H    0     0                       0.5202813    0.00352  99.3%     -    0s
     0     0    0.00353    0  482    0.52028    0.00353  99.3%     -    1s
     0     0    0.00356    0  379    0.52028    0.00356  99.3%     -    1s
H    0     0                       0.4898789    0.00356  99.3%     -    1s
     0     0    0.00356    0  398    0.48988    0.00356  99.3%     -    1s
     0     0    0.00356    0  429    0.48988    0.00356  99.3%     -    1s
H    0     0                       0.4649012    0.00356  99.2%     -    1s
H    0     0                       0.4635978    0.00356  99.2%     -    1s
     0     0    0.00356    0  422    0.46360    0.00356  99.2%     -    1s
     0     0    0.00356    0  425    0.46360    0.00356  99.2%     -    1s
     0     0    0.00356    0  458    0.46360    0.00356  99.2%     -    1s
     0     0    0.00356    0  467    0.46360    0.00356  99.2%     -    1s
     0     0    0.00356    0  467    0.46360    0.00356  99.2%     -    1s
     0     0    0.00356    0  391    0.46360    0.00356  99.2%     -    2s
H    0     0                       0.4030979    0.00356  99.1%     -    2s
     0     2    0.00356    0  391    0.40310    0.00356  99.1%     -    2s
H   10    10                       0.4015230    0.00378  99.1%  54.8    2s
H   10    10                       0.3971018    0.00378  99.0%  54.8    2s
H   10    10                       0.3961372    0.00378  99.0%  54.8    2s
H   10    10                       0.3829001    0.00378  99.0%  54.8    2s
H   40    40                       0.3748253    0.00458  98.8%   114    2s
H   82    67                       0.2807894    0.00458  98.4%  91.1    3s
H   82    67                       0.2786648    0.00458  98.4%  91.1    3s
H   83    68                       0.2483756    0.00458  98.2%   100    3s
H  179   156                       0.2100728    0.00458  97.8%  91.6    4s
H  179   156                       0.2097635    0.00458  97.8%  91.6    4s
H  179   156                       0.2093056    0.00458  97.8%  91.6    4s
H  196   173                       0.2087856    0.00458  97.8%  90.3    4s
H  196   173                       0.2072990    0.00458  97.8%  90.3    4s
H  196   173                       0.2039417    0.00458  97.8%  90.3    4s
H  196   173                       0.2037579    0.00458  97.8%  90.3    4s
H  196   173                       0.2033542    0.00458  97.7%  90.3    4s
H  196   173                       0.1464623    0.00458  96.9%  90.3    4s
H  196   173                       0.1446875    0.00458  96.8%  90.3    4s
H  196   173                       0.1411163    0.00458  96.8%  90.3    4s
H  196   173                       0.1354189    0.00458  96.6%  90.3    4s
   198   174    0.05426   98  147    0.13542    0.00458  96.6%  90.3    5s
H  213   177                       0.1264331    0.00460  96.4%  89.5    5s
H  213   177                       0.1262293    0.00460  96.4%  89.5    5s
H  213   177                       0.1262059    0.00460  96.4%  89.5    5s
H  213   177                       0.1257629    0.00460  96.3%  89.5    5s
H  219   180                       0.1117996    0.00460  95.9%   100    5s
H  219   180                       0.1114188    0.00460  95.9%   100    5s
H  219   180                       0.1110009    0.00460  95.9%   100    5s
H  219   180                       0.1094180    0.00460  95.8%   100    5s
H  219   180                       0.1089568    0.00460  95.8%   100    5s
H  219   180                       0.1089138    0.00460  95.8%   100    5s
H  371   295                       0.1087724    0.00461  95.8%   115    8s
H  371   295                       0.1087600    0.00461  95.8%   115    8s
H  371   295                       0.1082671    0.00461  95.7%   115    8s
H  572   468                       0.1069644    0.00465  95.7%   120    9s
H  572   468                       0.1058956    0.00465  95.6%   120    9s
H  572   467                       0.1038685    0.00465  95.5%   120    9s
H  572   467                       0.1038254    0.00465  95.5%   120    9s
   573   468    0.00737   47  391    0.10383    0.00465  95.5%   119   10s
H  587   452                       0.1022619    0.00465  95.5%   149   14s
H  588   431                       0.0989941    0.00465  95.3%   149   14s
H  592   412                       0.0960907    0.00469  95.1%   151   14s
H  592   391                       0.0956972    0.00469  95.1%   151   15s
H  592   372                       0.0948193    0.00469  95.1%   151   15s
H  592   353                       0.0944978    0.00469  95.0%   151   15s
H  592   335                       0.0942834    0.00469  95.0%   151   15s
H  605   327                       0.0928931    0.00469  95.0%   152   15s
H  611   315                       0.0924336    0.00469  94.9%   152   15s
H  616   303                       0.0920801    0.00469  94.9%   151   16s
H  619   291                       0.0905397    0.00469  94.8%   152   16s
H  619   277                       0.0904924    0.00469  94.8%   152   16s
   809   378    0.00513   21  286    0.09049    0.00469  94.8%   141   20s
  1125   556    0.04450  112   64    0.09049    0.00485  94.6%   127   25s
  1574   838    0.06886   23  311    0.09049    0.00485  94.6%   125   30s
  1975  1176    0.00882   58   90    0.09049    0.00486  94.6%   121   35s
H 1976  1175                       0.0903259    0.00486  94.6%   121   35s
H 1977  1176                       0.0902112    0.00486  94.6%   121   35s
H 2039  1233                       0.0900383    0.00486  94.6%   120   36s
  2390  1523    0.00561   24  327    0.09004    0.00513  94.3%   116   40s
  3041  2076    0.00697   36  240    0.09004    0.00517  94.3%   106   45s
  3625  2515    0.07637  105   44    0.09004    0.00522  94.2%   102   50s
H 3696  2562                       0.0900154    0.00522  94.2%   102   51s
H 3696  2562                       0.0899558    0.00522  94.2%   102   51s
  4286  2989    0.00814   49  139    0.08996    0.00529  94.1%  97.3   55s
  5113  3681    0.00976   77  135    0.08996    0.00542  94.0%  91.8   60s
  5900  4281    0.00629   28  291    0.08996    0.00556  93.8%  87.4   66s
  6570  4819    0.01164   44  119    0.08996    0.00560  93.8%  86.1   70s
  7404  5468    0.03653   67  160    0.08996    0.00563  93.7%  84.3   75s
  8088  5960    0.01605   52  162    0.08996    0.00564  93.7%  83.5   80s
  8945  6612    0.00662   29  283    0.08996    0.00566  93.7%  81.5   85s
  9575  7134    0.02227   78  169    0.08996    0.00567  93.7%  81.3   90s
 10203  7629    0.00953   51  391    0.08996    0.00569  93.7%  80.8  105s
 10211  7634    0.06681   49  480    0.08996    0.00569  93.7%  80.8  110s
H10215  7254                       0.0870873    0.00569  93.5%  80.7  115s
H10215  6892                       0.0864981    0.00569  93.4%  80.7  115s
H10215  6547                       0.0864235    0.00569  93.4%  80.7  115s
H10215  6219                       0.0850080    0.00569  93.3%  80.7  115s
H10215  5908                       0.0848099    0.00569  93.3%  80.7  115s
H10215  5612                       0.0845579    0.00569  93.3%  80.7  115s
H10215  5331                       0.0843851    0.00569  93.3%  80.7  115s
H10215  5065                       0.0843220    0.00569  93.2%  80.7  115s

Cutting planes:
  Learned: 10
  Gomory: 44
  Cover: 24
  Implied bound: 45
  Projected implied bound: 66
  Clique: 19
  MIR: 177
  Mixing: 1
  StrongCG: 24
  Flow cover: 273
  GUB cover: 4
  Zero half: 8
  RLT: 2
  Relax-and-lift: 43
  BQP: 2

Explored 10219 nodes (866975 simplex iterations) in 117.60 seconds (208.49 work units)
Thread count was 1 (of 20 available processors)

Solution count 10: 0.084322 0.0843851 0.0845579 ... 0.0900154

Time limit reached
Best objective 8.432198435873e-02, best bound 5.692551337146e-03, gap 93.2490%

User-callback calls 59117, time in user-callback 0.02 sec

Gurobi 13.0.2 (win64) logging started Mon Jul 20 05:57:43 2026

Set parameter LogFile to value "E:\codes\ExactEBRP\results\gf_solver_backend_migration_round24r\runs\stage1a__moderate4301__p_grb__120s\native.log"
Set parameter Threads to value 1
Set parameter Presolve to value -1
Set parameter Seed to value 0
Set parameter MIPGap to value 0
Set parameter MIPGapAbs to value 0
Set parameter TimeLimit to value 117.6
Read LP format model from file E:\codes\ExactEBRP\results\gf_solver_backend_migration_round24r\runs\stage1a__moderate4301__p_grb__120s\canonical.lp
Reading time = 0.01 seconds
obj: 5066 rows, 2113 columns, 23349 nonzeros
Gurobi Optimizer version 13.0.2 build v13.0.2rc1 (win64 - Windows 10.0 (19045.2))

CPU model: 12th Gen Intel(R) Core(TM) i7-12700KF, instruction set [SSE2|AVX|AVX2]
Thread count: 12 physical cores, 20 logical processors, using up to 1 threads

Non-default parameters:
TimeLimit  117.6
MIPGap  0
MIPGapAbs  0
LogToConsole  0
Threads  1

Optimize a model with 5066 rows, 2113 columns and 23349 nonzeros (Min)
Model fingerprint: 0x3cfb595b
Model has 21 linear objective coefficients
Variable types: 422 continuous, 1691 integer (1491 binary)
Coefficient statistics:
  Matrix range     [3e-02, 6e+02]
  Objective range  [8e-03, 1e+00]
  Bounds range     [1e+00, 5e+01]
  RHS range        [1e+00, 4e+03]

Presolve removed 141 rows and 21 columns
Presolve time: 0.05s
Presolved: 4925 rows, 2092 columns, 41859 nonzeros
Variable types: 195 continuous, 1897 integer (1491 binary)
Found heuristic solution: objective 2.5370004

Root relaxation: objective 2.872398e-03, 1431 iterations, 0.07 seconds (0.18 work units)

    Nodes    |    Current Node    |     Objective Bounds      |     Work
 Expl Unexpl |  Obj  Depth IntInf | Incumbent    BestBd   Gap | It/Node Time

     0     0    0.00287    0  297    2.53700    0.00287   100%     -    0s
     0     0    0.00336    0  344    2.53700    0.00336   100%     -    0s
     0     0    0.00339    0  322    2.53700    0.00339   100%     -    0s
     0     0    0.00346    0  381    2.53700    0.00346   100%     -    0s
     0     0    0.00347    0  410    2.53700    0.00347   100%     -    0s
     0     0    0.00352    0  408    2.53700    0.00352   100%     -    0s
H    0     0                       0.5333342    0.00352  99.3%     -    0s
     0     0    0.00352    0  416    0.53333    0.00352  99.3%     -    0s
     0     0    0.00352    0  453    0.53333    0.00352  99.3%     -    0s
H    0     0                       0.5323793    0.00352  99.3%     -    0s
H    0     0                       0.5294472    0.00352  99.3%     -    0s
H    0     0                       0.5284923    0.00352  99.3%     -    0s
H    0     0                       0.5274175    0.00352  99.3%     -    0s
H    0     0                       0.5261602    0.00352  99.3%     -    0s
H    0     0                       0.5257805    0.00352  99.3%     -    0s
H    0     0                       0.5219610    0.00352  99.3%     -    0s
H    0     0                       0.5211212    0.00352  99.3%     -    0s
H    0     0                       0.5202813    0.00352  99.3%     -    0s
     0     0    0.00353    0  482    0.52028    0.00353  99.3%     -    1s
     0     0    0.00356    0  379    0.52028    0.00356  99.3%     -    1s
H    0     0                       0.4898789    0.00356  99.3%     -    1s
     0     0    0.00356    0  398    0.48988    0.00356  99.3%     -    1s
     0     0    0.00356    0  429    0.48988    0.00356  99.3%     -    1s
H    0     0                       0.4649012    0.00356  99.2%     -    1s
H    0     0                       0.4635978    0.00356  99.2%     -    1s
     0     0    0.00356    0  422    0.46360    0.00356  99.2%     -    1s
     0     0    0.00356    0  425    0.46360    0.00356  99.2%     -    1s
     0     0    0.00356    0  458    0.46360    0.00356  99.2%     -    1s
     0     0    0.00356    0  467    0.46360    0.00356  99.2%     -    1s
     0     0    0.00356    0  467    0.46360    0.00356  99.2%     -    1s
     0     0    0.00356    0  391    0.46360    0.00356  99.2%     -    2s
H    0     0                       0.4030979    0.00356  99.1%     -    2s
     0     2    0.00356    0  391    0.40310    0.00356  99.1%     -    2s
H   10    10                       0.4015230    0.00378  99.1%  54.8    2s
H   10    10                       0.3971018    0.00378  99.0%  54.8    2s
H   10    10                       0.3961372    0.00378  99.0%  54.8    2s
H   10    10                       0.3829001    0.00378  99.0%  54.8    2s
H   40    40                       0.3748253    0.00458  98.8%   114    2s
H   82    67                       0.2807894    0.00458  98.4%  91.1    3s
H   82    67                       0.2786648    0.00458  98.4%  91.1    3s
H   83    68                       0.2483756    0.00458  98.2%   100    3s
H  179   156                       0.2100728    0.00458  97.8%  91.6    4s
H  179   156                       0.2097635    0.00458  97.8%  91.6    4s
H  179   156                       0.2093056    0.00458  97.8%  91.6    4s
H  196   173                       0.2087856    0.00458  97.8%  90.3    4s
H  196   173                       0.2072990    0.00458  97.8%  90.3    4s
H  196   173                       0.2039417    0.00458  97.8%  90.3    4s
H  196   173                       0.2037579    0.00458  97.8%  90.3    4s
H  196   173                       0.2033542    0.00458  97.7%  90.3    4s
H  196   173                       0.1464623    0.00458  96.9%  90.3    4s
H  196   173                       0.1446875    0.00458  96.8%  90.3    4s
H  196   173                       0.1411163    0.00458  96.8%  90.3    4s
H  196   173                       0.1354189    0.00458  96.6%  90.3    4s
   198   174    0.05426   98  147    0.13542    0.00458  96.6%  90.3    5s
H  213   177                       0.1264331    0.00460  96.4%  89.5    5s
H  213   177                       0.1262293    0.00460  96.4%  89.5    5s
H  213   177                       0.1262059    0.00460  96.4%  89.5    5s
H  213   177                       0.1257629    0.00460  96.3%  89.5    5s
H  219   180                       0.1117996    0.00460  95.9%   100    5s
H  219   180                       0.1114188    0.00460  95.9%   100    5s
H  219   180                       0.1110009    0.00460  95.9%   100    5s
H  219   180                       0.1094180    0.00460  95.8%   100    5s
H  219   180                       0.1089568    0.00460  95.8%   100    5s
H  219   180                       0.1089138    0.00460  95.8%   100    5s
H  371   295                       0.1087724    0.00461  95.8%   115    8s
H  371   295                       0.1087600    0.00461  95.8%   115    8s
H  371   295                       0.1082671    0.00461  95.7%   115    8s
H  572   468                       0.1069644    0.00465  95.7%   120    9s
H  572   468                       0.1058956    0.00465  95.6%   120    9s
H  572   467                       0.1038685    0.00465  95.5%   120    9s
H  572   467                       0.1038254    0.00465  95.5%   120    9s
   573   468    0.00737   47  391    0.10383    0.00465  95.5%   119   10s
H  587   452                       0.1022619    0.00465  95.5%   149   14s
H  588   431                       0.0989941    0.00465  95.3%   149   14s
H  592   412                       0.0960907    0.00469  95.1%   151   14s
H  592   391                       0.0956972    0.00469  95.1%   151   14s
H  592   372                       0.0948193    0.00469  95.1%   151   14s
H  592   353                       0.0944978    0.00469  95.0%   151   14s
H  592   335                       0.0942834    0.00469  95.0%   151   14s
   594   338    0.00469   17  310    0.09428    0.00469  95.0%   152   15s
H  605   327                       0.0928931    0.00469  95.0%   152   15s
H  611   315                       0.0924336    0.00469  94.9%   152   15s
H  616   303                       0.0920801    0.00469  94.9%   151   16s
H  619   291                       0.0905397    0.00469  94.8%   152   16s
H  619   277                       0.0904924    0.00469  94.8%   152   16s
   816   383    0.00659   24  279    0.09049    0.00469  94.8%   140   20s
  1137   559    0.04675  118  126    0.09049    0.00485  94.6%   126   25s
  1592   856    0.02599   32  145    0.09049    0.00485  94.6%   125   30s
H 1976  1175                       0.0903259    0.00486  94.6%   121   35s
H 1977  1176                       0.0902112    0.00486  94.6%   121   35s
H 2039  1233                       0.0900383    0.00486  94.6%   120   36s
  2433  1566    0.02539   61  210    0.09004    0.00513  94.3%   115   40s
  3052  2087    0.06660   47  154    0.09004    0.00517  94.3%   106   45s
  3637  2515    0.01438   30  288    0.09004    0.00522  94.2%   102   50s
H 3696  2562                       0.0900154    0.00522  94.2%   102   50s
H 3696  2562                       0.0899558    0.00522  94.2%   102   50s
  4291  2994    0.01326   54  234    0.08996    0.00529  94.1%  97.2   55s
  5125  3693    0.01634   83  100    0.08996    0.00542  94.0%  92.0   60s
  5900  4281    0.00629   28  291    0.08996    0.00556  93.8%  87.4   65s
  6588  4837    0.04974   62  285    0.08996    0.00560  93.8%  86.4   70s
  7479  5531    0.01483   68  191    0.08996    0.00564  93.7%  84.0   75s
  8171  6031    0.01337   77  153    0.08996    0.00564  93.7%  83.1   80s
  9005  6668    0.07360   87  140    0.08996    0.00566  93.7%  81.4   85s
  9575  7134    0.02227   78  169    0.08996    0.00567  93.7%  81.3   90s
 10203  7629    0.00953   51  391    0.08996    0.00569  93.7%  80.8  105s
 10211  7634    0.06681   49  480    0.08996    0.00569  93.7%  80.8  110s
H10215  7254                       0.0870873    0.00569  93.5%  80.7  114s
H10215  6892                       0.0864981    0.00569  93.4%  80.7  114s
H10215  6547                       0.0864235    0.00569  93.4%  80.7  114s
H10215  6219                       0.0850080    0.00569  93.3%  80.7  114s
H10215  5908                       0.0848099    0.00569  93.3%  80.7  114s
H10215  5612                       0.0845579    0.00569  93.3%  80.7  114s
H10215  5331                       0.0843851    0.00569  93.3%  80.7  114s
H10215  5065                       0.0843220    0.00569  93.2%  80.7  114s
 10217  5066    0.01664   46  422    0.08432    0.00569  93.2%  80.7  115s

Cutting planes:
  Learned: 10
  Gomory: 44
  Cover: 24
  Implied bound: 45
  Projected implied bound: 66
  Clique: 19
  MIR: 177
  Mixing: 1
  StrongCG: 24
  Flow cover: 273
  GUB cover: 4
  Zero half: 8
  RLT: 2
  Relax-and-lift: 43
  BQP: 2

Explored 10219 nodes (867378 simplex iterations) in 118.14 seconds (210.12 work units)
Thread count was 1 (of 20 available processors)

Solution count 10: 0.084322 0.0843851 0.0845579 ... 0.0900154

Time limit reached
Best objective 8.432198435873e-02, best bound 5.692551337146e-03, gap 93.2490%

User-callback calls 59399, time in user-callback 0.01 sec

Gurobi 13.0.2 (win64) logging started Mon Jul 20 06:26:00 2026

Set parameter LogFile to value "E:\codes\ExactEBRP\results\gf_solver_backend_migration_round24r\runs\stage1a__moderate4301__p_grb__120s\native.log"
Set parameter Threads to value 1
Set parameter Presolve to value -1
Set parameter Seed to value 0
Set parameter MIPGap to value 0
Set parameter MIPGapAbs to value 0
Set parameter TimeLimit to value 117.6
Read LP format model from file E:\codes\ExactEBRP\results\gf_solver_backend_migration_round24r\runs\stage1a__moderate4301__p_grb__120s\canonical.lp
Reading time = 0.01 seconds
obj: 5066 rows, 2113 columns, 23349 nonzeros
Gurobi Optimizer version 13.0.2 build v13.0.2rc1 (win64 - Windows 10.0 (19045.2))

CPU model: 12th Gen Intel(R) Core(TM) i7-12700KF, instruction set [SSE2|AVX|AVX2]
Thread count: 12 physical cores, 20 logical processors, using up to 1 threads

Non-default parameters:
TimeLimit  117.6
MIPGap  0
MIPGapAbs  0
LogToConsole  0
Threads  1

Optimize a model with 5066 rows, 2113 columns and 23349 nonzeros (Min)
Model fingerprint: 0x3cfb595b
Model has 21 linear objective coefficients
Variable types: 422 continuous, 1691 integer (1491 binary)
Coefficient statistics:
  Matrix range     [3e-02, 6e+02]
  Objective range  [8e-03, 1e+00]
  Bounds range     [1e+00, 5e+01]
  RHS range        [1e+00, 4e+03]

Presolve removed 141 rows and 21 columns
Presolve time: 0.06s
Presolved: 4925 rows, 2092 columns, 41859 nonzeros
Variable types: 195 continuous, 1897 integer (1491 binary)
Found heuristic solution: objective 2.5370004

Root relaxation: objective 2.872398e-03, 1431 iterations, 0.06 seconds (0.18 work units)

    Nodes    |    Current Node    |     Objective Bounds      |     Work
 Expl Unexpl |  Obj  Depth IntInf | Incumbent    BestBd   Gap | It/Node Time

     0     0    0.00287    0  297    2.53700    0.00287   100%     -    0s
     0     0    0.00336    0  344    2.53700    0.00336   100%     -    0s
     0     0    0.00339    0  322    2.53700    0.00339   100%     -    0s
     0     0    0.00346    0  381    2.53700    0.00346   100%     -    0s
     0     0    0.00347    0  410    2.53700    0.00347   100%     -    0s
     0     0    0.00352    0  408    2.53700    0.00352   100%     -    0s
H    0     0                       0.5333342    0.00352  99.3%     -    0s
     0     0    0.00352    0  416    0.53333    0.00352  99.3%     -    0s
     0     0    0.00352    0  453    0.53333    0.00352  99.3%     -    0s
H    0     0                       0.5323793    0.00352  99.3%     -    0s
H    0     0                       0.5294472    0.00352  99.3%     -    0s
H    0     0                       0.5284923    0.00352  99.3%     -    0s
H    0     0                       0.5274175    0.00352  99.3%     -    0s
H    0     0                       0.5261602    0.00352  99.3%     -    0s
H    0     0                       0.5257805    0.00352  99.3%     -    0s
H    0     0                       0.5219610    0.00352  99.3%     -    0s
H    0     0                       0.5211212    0.00352  99.3%     -    0s
H    0     0                       0.5202813    0.00352  99.3%     -    0s
     0     0    0.00353    0  482    0.52028    0.00353  99.3%     -    1s
     0     0    0.00356    0  379    0.52028    0.00356  99.3%     -    1s
H    0     0                       0.4898789    0.00356  99.3%     -    1s
     0     0    0.00356    0  398    0.48988    0.00356  99.3%     -    1s
     0     0    0.00356    0  429    0.48988    0.00356  99.3%     -    1s
H    0     0                       0.4649012    0.00356  99.2%     -    1s
H    0     0                       0.4635978    0.00356  99.2%     -    1s
     0     0    0.00356    0  422    0.46360    0.00356  99.2%     -    1s
     0     0    0.00356    0  425    0.46360    0.00356  99.2%     -    1s
     0     0    0.00356    0  458    0.46360    0.00356  99.2%     -    1s
     0     0    0.00356    0  467    0.46360    0.00356  99.2%     -    1s
     0     0    0.00356    0  467    0.46360    0.00356  99.2%     -    1s
     0     0    0.00356    0  391    0.46360    0.00356  99.2%     -    2s
H    0     0                       0.4030979    0.00356  99.1%     -    2s
     0     2    0.00356    0  391    0.40310    0.00356  99.1%     -    2s
H   10    10                       0.4015230    0.00378  99.1%  54.8    2s
H   10    10                       0.3971018    0.00378  99.0%  54.8    2s
H   10    10                       0.3961372    0.00378  99.0%  54.8    2s
H   10    10                       0.3829001    0.00378  99.0%  54.8    2s
H   40    40                       0.3748253    0.00458  98.8%   114    2s
H   82    67                       0.2807894    0.00458  98.4%  91.1    3s
H   82    67                       0.2786648    0.00458  98.4%  91.1    3s
H   83    68                       0.2483756    0.00458  98.2%   100    3s
H  179   156                       0.2100728    0.00458  97.8%  91.6    4s
H  179   156                       0.2097635    0.00458  97.8%  91.6    4s
H  179   156                       0.2093056    0.00458  97.8%  91.6    4s
H  196   173                       0.2087856    0.00458  97.8%  90.3    4s
H  196   173                       0.2072990    0.00458  97.8%  90.3    4s
H  196   173                       0.2039417    0.00458  97.8%  90.3    4s
H  196   173                       0.2037579    0.00458  97.8%  90.3    4s
H  196   173                       0.2033542    0.00458  97.7%  90.3    4s
H  196   173                       0.1464623    0.00458  96.9%  90.3    4s
H  196   173                       0.1446875    0.00458  96.8%  90.3    4s
H  196   173                       0.1411163    0.00458  96.8%  90.3    4s
H  196   173                       0.1354189    0.00458  96.6%  90.3    4s
   198   174    0.05426   98  147    0.13542    0.00458  96.6%  90.3    5s
H  213   177                       0.1264331    0.00460  96.4%  89.5    5s
H  213   177                       0.1262293    0.00460  96.4%  89.5    5s
H  213   177                       0.1262059    0.00460  96.4%  89.5    5s
H  213   177                       0.1257629    0.00460  96.3%  89.5    5s
H  219   180                       0.1117996    0.00460  95.9%   100    5s
H  219   180                       0.1114188    0.00460  95.9%   100    5s
H  219   180                       0.1110009    0.00460  95.9%   100    5s
H  219   180                       0.1094180    0.00460  95.8%   100    5s
H  219   180                       0.1089568    0.00460  95.8%   100    5s
H  219   180                       0.1089138    0.00460  95.8%   100    5s
H  371   295                       0.1087724    0.00461  95.8%   115    8s
H  371   295                       0.1087600    0.00461  95.8%   115    8s
H  371   295                       0.1082671    0.00461  95.7%   115    8s
H  572   468                       0.1069644    0.00465  95.7%   120    9s
H  572   468                       0.1058956    0.00465  95.6%   120    9s
H  572   467                       0.1038685    0.00465  95.5%   120    9s
H  572   467                       0.1038254    0.00465  95.5%   120    9s
   573   468    0.00737   47  391    0.10383    0.00465  95.5%   119   10s
H  587   452                       0.1022619    0.00465  95.5%   149   14s
H  588   431                       0.0989941    0.00465  95.3%   149   14s
H  592   412                       0.0960907    0.00469  95.1%   151   14s
H  592   391                       0.0956972    0.00469  95.1%   151   14s
H  592   372                       0.0948193    0.00469  95.1%   151   14s
H  592   353                       0.0944978    0.00469  95.0%   151   14s
H  592   335                       0.0942834    0.00469  95.0%   151   14s
   593   337    0.00469   17  320    0.09428    0.00469  95.0%   152   15s
H  605   327                       0.0928931    0.00469  95.0%   152   15s
H  611   315                       0.0924336    0.00469  94.9%   152   15s
H  616   303                       0.0920801    0.00469  94.9%   151   16s
H  619   291                       0.0905397    0.00469  94.8%   152   16s
H  619   277                       0.0904924    0.00469  94.8%   152   16s
   815   382    0.00612   24  317    0.09049    0.00469  94.8%   141   20s
  1135   559    0.04489  117   97    0.09049    0.00485  94.6%   126   25s
  1583   847    0.00960   28  143    0.09049    0.00485  94.6%   125   30s
  1975  1176    0.00882   58   90    0.09049    0.00486  94.6%   121   35s
H 1976  1175                       0.0903259    0.00486  94.6%   121   35s
H 1977  1176                       0.0902112    0.00486  94.6%   121   35s
H 2039  1233                       0.0900383    0.00486  94.6%   120   36s
  2418  1551    0.00741   51  189    0.09004    0.00513  94.3%   115   40s
  3050  2085    0.05305   45  223    0.09004    0.00517  94.3%   106   45s
  3615  2509    0.05631   97   60    0.09004    0.00522  94.2%   102   50s
H 3696  2562                       0.0900154    0.00522  94.2%   102   51s
H 3696  2562                       0.0899558    0.00522  94.2%   102   51s
  4285  2988    0.00807   48  143    0.08996    0.00529  94.1%  97.2   55s
  5111  3679    0.01271   76  107    0.08996    0.00542  94.0%  91.7   60s
  5900  4281    0.00629   28  291    0.08996    0.00556  93.8%  87.4   66s
  6573  4822    0.01185   47  151    0.08996    0.00560  93.8%  86.3   70s
  7437  5489    0.00570   26  317    0.08996    0.00564  93.7%  84.2   75s
  8121  5981    0.00573   27  296    0.08996    0.00564  93.7%  83.4   80s
  8976  6643    0.02895   60  129    0.08996    0.00566  93.7%  81.5   85s
  9575  7134    0.02227   78  169    0.08996    0.00567  93.7%  81.3   90s
 10203  7629    0.00953   51  391    0.08996    0.00569  93.7%  80.8  105s
 10211  7634    0.06681   49  480    0.08996    0.00569  93.7%  80.8  110s
H10215  7254                       0.0870873    0.00569  93.5%  80.7  114s
H10215  6892                       0.0864981    0.00569  93.4%  80.7  114s
H10215  6547                       0.0864235    0.00569  93.4%  80.7  114s
H10215  6219                       0.0850080    0.00569  93.3%  80.7  114s
H10215  5908                       0.0848099    0.00569  93.3%  80.7  114s
H10215  5612                       0.0845579    0.00569  93.3%  80.7  114s
H10215  5331                       0.0843851    0.00569  93.3%  80.7  114s
H10215  5065                       0.0843220    0.00569  93.2%  80.7  114s
 10217  5066    0.01664   46  422    0.08432    0.00569  93.2%  80.7  115s

Cutting planes:
  Learned: 10
  Gomory: 44
  Cover: 24
  Implied bound: 45
  Projected implied bound: 66
  Clique: 19
  MIR: 177
  Mixing: 1
  StrongCG: 24
  Flow cover: 273
  GUB cover: 4
  Zero half: 8
  RLT: 2
  Relax-and-lift: 43
  BQP: 2

Explored 10219 nodes (867378 simplex iterations) in 117.61 seconds (208.83 work units)
Thread count was 1 (of 20 available processors)

Solution count 10: 0.084322 0.0843851 0.0845579 ... 0.0900154

Time limit reached
Best objective 8.432198435873e-02, best bound 5.692551337146e-03, gap 93.2490%

User-callback calls 59258, time in user-callback 0.01 sec
