
Gurobi 13.0.2 (win64) logging started Thu Jul 23 05:52:42 2026

Set parameter LogFile to value "E:\codes\ExactEBRP\results\gf_cplex_equivalent_gurobi_replica_round28\runs\stage2__moderate_seed4302__p_grb__300s\native.log"
Set parameter Threads to value 1
Set parameter Presolve to value -1
Set parameter Seed to value 0
Set parameter MIPGap to value 0
Set parameter MIPGapAbs to value 0
Set parameter TimeLimit to value 294
Read LP format model from file E:\codes\ExactEBRP\results\gf_cplex_equivalent_gurobi_replica_round28\runs\stage2__moderate_seed4302__p_grb__300s\canonical.lp
Reading time = 0.01 seconds
obj: 5069 rows, 2115 columns, 23358 nonzeros
Gurobi Optimizer version 13.0.2 build v13.0.2rc1 (win64 - Windows 10.0 (19045.2))

CPU model: 12th Gen Intel(R) Core(TM) i7-12700KF, instruction set [SSE2|AVX|AVX2]
Thread count: 12 physical cores, 20 logical processors, using up to 1 threads

Non-default parameters:
TimeLimit  294
MIPGap  0
MIPGapAbs  0
LogToConsole  0
Threads  1

Optimize a model with 5069 rows, 2115 columns and 23358 nonzeros (Min)
Model fingerprint: 0xf10484e7
Model has 21 linear objective coefficients
Variable types: 423 continuous, 1692 integer (1492 binary)
Coefficient statistics:
  Matrix range     [3e-02, 6e+02]
  Objective range  [7e-03, 1e+00]
  Bounds range     [1e+00, 5e+01]
  RHS range        [1e+00, 4e+03]

Presolve removed 140 rows and 20 columns
Presolve time: 0.05s
Presolved: 4929 rows, 2095 columns, 42154 nonzeros
Variable types: 193 continuous, 1902 integer (1492 binary)
Found heuristic solution: objective 4.1398785

Root relaxation: objective 0.000000e+00, 432 iterations, 0.01 seconds (0.02 work units)

    Nodes    |    Current Node    |     Objective Bounds      |     Work
 Expl Unexpl |  Obj  Depth IntInf | Incumbent    BestBd   Gap | It/Node Time

     0     0    0.00000    0   72    4.13988    0.00000   100%     -    0s
H    0     0                       3.9199976    0.00000   100%     -    0s
     0     0    0.00000    0  149    3.92000    0.00000   100%     -    0s
H    0     0                       2.9133655    0.00000   100%     -    0s
     0     0    0.00000    0  132    2.91337    0.00000   100%     -    0s
     0     0    0.00000    0  180    2.91337    0.00000   100%     -    0s
     0     0    0.00000    0   43    2.91337    0.00000   100%     -    0s
     0     0    0.00000    0   89    2.91337    0.00000   100%     -    0s
     0     0    0.00000    0   83    2.91337    0.00000   100%     -    0s
     0     0    0.00000    0   45    2.91337    0.00000   100%     -    0s
H    0     0                       2.9096762    0.00000   100%     -    0s
     0     0    0.00000    0  116    2.90968    0.00000   100%     -    0s
     0     0    0.00000    0  111    2.90968    0.00000   100%     -    0s
     0     0    0.00000    0   43    2.90968    0.00000   100%     -    0s
     0     0    0.00000    0   43    2.90968    0.00000   100%     -    0s
     0     0    0.00000    0   43    2.90968    0.00000   100%     -    0s
     0     2    0.00000    0   43    2.90968    0.00000   100%     -    1s
H    6     6                       2.9096031    0.00000   100%   105    1s
H    6     6                       2.9095992    0.00000   100%   105    1s
H    6     6                       2.8114627    0.00000   100%   105    1s
H    6     6                       2.8027317    0.00000   100%   105    1s
H    6     6                       2.3151117    0.00000   100%   105    1s
H    6     6                       2.3141845    0.00000   100%   105    1s
H    6     6                       2.3130568    0.00000   100%   105    1s
H    6     6                       2.2729842    0.00000   100%   105    1s
H    6     6                       2.2708369    0.00000   100%   105    1s
H    6     6                       2.2676033    0.00000   100%   105    1s
H    6     6                       1.2622340    0.00000   100%   105    1s
H    6     6                       1.2532403    0.00000   100%   105    1s
H    6     6                       1.1996776    0.00000   100%   105    1s
H    6     6                       1.1979967    0.00000   100%   105    1s
H    6     6                       1.1904000    0.00000   100%   105    1s
H    6     6                       1.1885939    0.00000   100%   105    1s
H    6     6                       1.1872536    0.00000   100%   105    1s
H    6     6                       1.1871326    0.00000   100%   105    1s
H   16    16                       1.1862175    0.00000   100%  84.3    1s
H   52    45                       1.1641430    0.00000   100%   205    2s
H   70    63                       1.1640983    0.00000   100%   198    2s
H  133   116                       1.1026963    0.00000   100%   134    2s
H  133   116                       1.1022200    0.00000   100%   134    2s
H  133   116                       1.0942692    0.00000   100%   134    2s
*  206   158             139       0.8624826    0.00000   100%  91.5    2s
*  208   156             140       0.8610515    0.00000   100%  90.6    2s
H  237   112                       0.6733181    0.00000   100%   103    3s
H  237   112                       0.6732870    0.00000   100%   103    3s
H  247   122                       0.6691682    0.00000   100%   102    3s
H  247   122                       0.6690526    0.00000   100%   102    3s
H  251   126                       0.6567500    0.00000   100%   103    3s
H  251   126                       0.6556416    0.00000   100%   103    3s
H  256   131                       0.6523513    0.00000   100%   104    3s
H  256   130                       0.6517413    0.00000   100%   104    3s
H  256   129                       0.6500947    0.00000   100%   104    3s
H  256   129                       0.6499122    0.00000   100%   104    3s
H  256   129                       0.6499053    0.00000   100%   104    3s
H  268   141                       0.6437597    0.00000   100%   101    4s
H  278   151                       0.6406915    0.00000   100%   101    4s
H  278   149                       0.6267835    0.00000   100%   101    4s
H  278   149                       0.6247709    0.00000   100%   101    4s
H  278   149                       0.6237035    0.00000   100%   101    4s
H  278   148                       0.6214474    0.00000   100%   101    4s
   368   225    0.56289   64  208    0.62145    0.00000   100%   109    5s
H  402   250                       0.6203950    0.00000   100%   107    5s
H  402   250                       0.6203293    0.00000   100%   107    5s
H  457   233                       0.4740363    0.00000   100%   141    6s
H  457   233                       0.4729656    0.00000   100%   141    6s
H  457   233                       0.4719589    0.00000   100%   141    6s
H  467   243                       0.4443575    0.00000   100%   144    7s
H  467   243                       0.4443505    0.00000   100%   144    7s
H  467   243                       0.4413150    0.00000   100%   144    7s
   558   334    0.01540  113  298    0.44132    0.00000   100%   130   10s
H  586   336                       0.0672885    0.00000   100%   147   14s
H  586   318                       0.0664738    0.00000   100%   147   14s
H  586   302                       0.0664637    0.00000   100%   147   14s
H  586   287                       0.0653411    0.00000   100%   147   14s
   596   296    0.00000   20   87    0.06534    0.00000   100%   149   15s
H  601   282                       0.0584321    0.00000   100%   152   15s
   674   324    0.00247   59  130    0.05843    0.00000   100%   166   20s
   850   375    0.00000   23   96    0.05843    0.00000   100%   160   25s
   931   424    0.03586   63  346    0.05843    0.00000   100%   189   30s
  1033   459    0.00000   25  106    0.05843    0.00000   100%   200   35s
  1262   539    0.00712   44  383    0.05843    0.00000   100%   194   40s
  1449   574    0.05766   49  310    0.05843    0.00000   100%   198   45s
  1708   666    0.01325   48  365    0.05843    0.00000   100%   200   50s
  1959   768    0.00000   46   49    0.05843    0.00000   100%   208   55s
  2016   789    0.02404   47  361    0.05843    0.00000   100%   211   60s
  2195   825     cutoff   44         0.05843    0.00000   100%   215   65s
H 2216   823                       0.0583031    0.00000   100%   216   67s
H 2216   820                       0.0577951    0.00000   100%   216   67s
H 2216   820                       0.0577951    0.00000   100%   216   67s
H 2216   818                       0.0574722    0.00000   100%   216   68s
  2235   822    0.05254   50  355    0.05747    0.00000   100%   217   70s
  2426   863    0.02457   43  383    0.05747    0.00000   100%   223   75s
  2704   945    0.05667   49  350    0.05747    0.00000   100%   222   80s
  3081  1025     cutoff   54         0.05747    0.00000   100%   215   85s
  3298  1101    0.02110   65  115    0.05747    0.00000   100%   216   90s
  3544  1177    0.00000   50   61    0.05747    0.00000   100%   218   95s
  3863  1288    0.00000   50   35    0.05747    0.00000   100%   215  100s
  3941  1298    0.05468   51  350    0.05747    0.00000   100%   217  106s
  4102  1309 infeasible   42         0.05747    0.00000   100%   218  110s
  4397  1482    0.00547   49  373    0.05747    0.00000   100%   212  115s
  4515  1527    0.00635   52  178    0.05747    0.00000   100%   214  121s
  4678  1604 infeasible   60         0.05747    0.00000   100%   214  125s
  4903  1750    0.03227   41  329    0.05747    0.00000   100%   213  130s
  5113  1851    0.03914   38  377    0.05747    0.00000   100%   213  135s
  5433  2014    0.04376   45  336    0.05747    0.00000   100%   210  140s
  5640  2079     cutoff   37         0.05747    0.00000   100%   214  145s
  5942  2278    0.02630   35  358    0.05747    0.00000   100%   209  150s
  5972  2298    0.00741   44  357    0.05747    0.00000   100%   208  155s
  6231  2464    0.05320   44  344    0.05747    0.00000   100%   204  160s
  6451  2603    0.00649   29  416    0.05747    0.00000   100%   204  165s
  6663  2716    0.03739   47  310    0.05747    0.00000   100%   205  170s
  6944  2881    0.04545   47  330    0.05747    0.00000   100%   204  175s
  7138  3007    0.05151   35  380    0.05747    0.00000   100%   204  180s
  7361  3178    0.01935   71  320    0.05747    0.00000   100%   204  185s
  7590  3304    0.02921   52  296    0.05747    0.00000   100%   205  190s
  7843  3413 infeasible   35         0.05747    0.00000   100%   204  195s
H 7873  3317                       0.0545772    0.00000   100%   204  197s
  7873  3319    0.05109   35  372    0.05458    0.00000   100%   204  204s
  7874  3320    0.05207   37  356    0.05458    0.00000   100%   204  205s
  8117  3453    0.01829   39  356    0.05458    0.00000   100%   204  210s
  8415  3615 infeasible   59         0.05458    0.00000   100%   201  215s
  8633  3704    0.01217   65  115    0.05458    0.00000   100%   201  221s
  8781  3779    0.03723   34  387    0.05458    0.00000   100%   201  225s
  9067  3924    0.02866   55  324    0.05458    0.00000   100%   200  230s
  9346  4068    0.01718   51  309    0.05458    0.00000   100%   198  235s
  9623  4237    0.04463   69   96    0.05458    0.00000   100%   197  240s
  9931  4416    0.00755   35  349    0.05458    0.00000   100%   195  245s
 10202  4605    0.05339   45  335    0.05458    0.00000   100%   193  260s
H10233  4619                       0.0545772    0.00000   100%   193  261s
 10407  4727    0.00100   42  395    0.05458    0.00000   100%   193  265s
 10658  4883    0.00118   41  382    0.05458    0.00000   100%   192  270s
 10809  4984    0.00135   31  365    0.05458    0.00000   100%   192  275s
 11043  5126    0.03687   45  383    0.05458    0.00000   100%   192  280s
 11187  5187    0.00171   47  379    0.05458    0.00000   100%   194  285s
 11427  5294    0.05418   45  364    0.05458    0.00000   100%   194  290s

Cutting planes:
  Learned: 4
  Gomory: 20
  Cover: 17
  Implied bound: 63
  Projected implied bound: 19
  Clique: 13
  MIR: 250
  StrongCG: 129
  Flow cover: 357
  Zero half: 19
  RLT: 2
  Relax-and-lift: 37

Explored 11584 nodes (2253939 simplex iterations) in 294.00 seconds (522.05 work units)
Thread count was 1 (of 20 available processors)

Solution count 10: 0.0545772 0.0574722 0.0577951 ... 0.441315

Time limit reached
Best objective 5.457724312129e-02, best bound 8.816848156789e-08, gap 99.9998%

User-callback calls 127954, time in user-callback 0.02 sec
