
Gurobi 13.0.2 (win64) logging started Fri Jul 24 09:53:38 2026

Set parameter LogFile to value "E:\codes\ExactEBRP\results\gf_c0_mechanism_transfer_c5_round30\runs\stage2__high_imbalance_seed6202__c4_candidate__300s\native.log"
Set parameter Threads to value 1
Set parameter Presolve to value -1
Set parameter Seed to value 0
Set parameter MIPGap to value 0
Set parameter MIPGapAbs to value 0
Warning: unknown variable 'r_max' in bounds section (line 103349)
Warning: unknown variable 'r_min' in bounds section (line 103350)
Read LP format model from file E:\codes\ExactEBRP\results\gf_c0_mechanism_transfer_c5_round30\runs\stage2__high_imbalance_seed6202__c4_candidate__300s\external\models\L0.lp
Reading time = 0.23 seconds
obj: 93009 rows, 18187 columns, 665195 nonzeros
Set parameter TimeLimit to value 272.3972183
Warning: unknown variable 'r_max' in bounds section (line 103349)
Warning: unknown variable 'r_min' in bounds section (line 103350)
Read LP format model from file E:\codes\ExactEBRP\results\gf_c0_mechanism_transfer_c5_round30\runs\stage2__high_imbalance_seed6202__c4_candidate__300s\external\models\L1.lp
Reading time = 0.21 seconds
obj: 93009 rows, 18187 columns, 665803 nonzeros
Set parameter TimeLimit to value 266.6779833
Warning: unknown variable 'r_max' in bounds section (line 103349)
Warning: unknown variable 'r_min' in bounds section (line 103350)
Read LP format model from file E:\codes\ExactEBRP\results\gf_c0_mechanism_transfer_c5_round30\runs\stage2__high_imbalance_seed6202__c4_candidate__300s\external\models\L2.lp
Reading time = 0.21 seconds
obj: 93009 rows, 18187 columns, 665803 nonzeros
Set parameter TimeLimit to value 257.0918285
Warning: unknown variable 'r_max' in bounds section (line 103349)
Warning: unknown variable 'r_min' in bounds section (line 103350)
Read LP format model from file E:\codes\ExactEBRP\results\gf_c0_mechanism_transfer_c5_round30\runs\stage2__high_imbalance_seed6202__c4_candidate__300s\external\models\L2.0.lp
Reading time = 0.22 seconds
obj: 93009 rows, 18187 columns, 665803 nonzeros
Set parameter TimeLimit to value 2.5373826739999998e+02
Warning: unknown variable 'r_max' in bounds section (line 103349)
Warning: unknown variable 'r_min' in bounds section (line 103350)
Read LP format model from file E:\codes\ExactEBRP\results\gf_c0_mechanism_transfer_c5_round30\runs\stage2__high_imbalance_seed6202__c4_candidate__300s\external\models\L2.1.lp
Reading time = 0.21 seconds
obj: 93009 rows, 18187 columns, 665803 nonzeros
Set parameter TimeLimit to value 248.7870193
Warning: unknown variable 'r_max' in bounds section (line 103349)
Warning: unknown variable 'r_min' in bounds section (line 103350)
Read LP format model from file E:\codes\ExactEBRP\results\gf_c0_mechanism_transfer_c5_round30\runs\stage2__high_imbalance_seed6202__c4_candidate__300s\external\models\L3.lp
Reading time = 0.20 seconds
obj: 93009 rows, 18187 columns, 663353 nonzeros
Set parameter TimeLimit to value 245.368659
Warning: unknown variable 'r_max' in bounds section (line 103349)
Warning: unknown variable 'r_min' in bounds section (line 103350)
Read LP format model from file E:\codes\ExactEBRP\results\gf_c0_mechanism_transfer_c5_round30\runs\stage2__high_imbalance_seed6202__c4_candidate__300s\external\models\L3.0.lp
Reading time = 0.21 seconds
obj: 93009 rows, 18187 columns, 665803 nonzeros
Set parameter TimeLimit to value 242.4390539
Warning: unknown variable 'r_max' in bounds section (line 103349)
Warning: unknown variable 'r_min' in bounds section (line 103350)
Read LP format model from file E:\codes\ExactEBRP\results\gf_c0_mechanism_transfer_c5_round30\runs\stage2__high_imbalance_seed6202__c4_candidate__300s\external\models\L3.1.lp
Reading time = 0.20 seconds
obj: 93009 rows, 18187 columns, 663353 nonzeros
Set parameter TimeLimit to value 239.5538427
