
Gurobi 13.0.2 (win64) logging started Thu Jul 23 17:10:13 2026

Set parameter LogFile to value "E:\codes\ExactEBRP\results\gf_gurobi_performance_recovery_round29\runs\stage2__moderate_seed5302__c4_candidate__300s\native.log"
Set parameter Threads to value 1
Set parameter Presolve to value -1
Set parameter Seed to value 0
Set parameter MIPGap to value 0
Set parameter MIPGapAbs to value 0
Warning: unknown variable 'r_max' in bounds section (line 13976)
Warning: unknown variable 'r_min' in bounds section (line 13977)
Read LP format model from file E:\codes\ExactEBRP\results\gf_gurobi_performance_recovery_round29\runs\stage2__moderate_seed5302__c4_candidate__300s\external\models\L0.lp
Reading time = 0.02 seconds
obj: 11931 rows, 3382 columns, 67156 nonzeros
Set parameter TimeLimit to value 274.7291688
Warning: unknown variable 'r_max' in bounds section (line 13976)
Warning: unknown variable 'r_min' in bounds section (line 13977)
Read LP format model from file E:\codes\ExactEBRP\results\gf_gurobi_performance_recovery_round29\runs\stage2__moderate_seed5302__c4_candidate__300s\external\models\L0.0.lp
Reading time = 0.02 seconds
obj: 11931 rows, 3382 columns, 67156 nonzeros
Set parameter TimeLimit to value 274.3373608
Warning: unknown variable 'r_max' in bounds section (line 13977)
Warning: unknown variable 'r_min' in bounds section (line 13978)
Read LP format model from file E:\codes\ExactEBRP\results\gf_gurobi_performance_recovery_round29\runs\stage2__moderate_seed5302__c4_candidate__300s\external\models\L0.1.lp
Reading time = 0.02 seconds
obj: 11932 rows, 3382 columns, 67410 nonzeros
Set parameter TimeLimit to value 273.9207299
Warning: unknown variable 'r_max' in bounds section (line 13976)
Warning: unknown variable 'r_min' in bounds section (line 13977)
Read LP format model from file E:\codes\ExactEBRP\results\gf_gurobi_performance_recovery_round29\runs\stage2__moderate_seed5302__c4_candidate__300s\external\models\L0.0.0.lp
Reading time = 0.02 seconds
obj: 11931 rows, 3382 columns, 67156 nonzeros
Set parameter TimeLimit to value 273.5583403
Warning: unknown variable 'r_max' in bounds section (line 13976)
Warning: unknown variable 'r_min' in bounds section (line 13977)
Read LP format model from file E:\codes\ExactEBRP\results\gf_gurobi_performance_recovery_round29\runs\stage2__moderate_seed5302__c4_candidate__300s\external\models\L0.0.1.lp
Reading time = 0.02 seconds
obj: 11931 rows, 3382 columns, 67404 nonzeros
Set parameter TimeLimit to value 273.142445
Warning: unknown variable 'r_max' in bounds section (line 13976)
Warning: unknown variable 'r_min' in bounds section (line 13977)
Read LP format model from file E:\codes\ExactEBRP\results\gf_gurobi_performance_recovery_round29\runs\stage2__moderate_seed5302__c4_candidate__300s\external\models\L0.0.1.0.lp
Reading time = 0.02 seconds
obj: 11931 rows, 3382 columns, 67404 nonzeros
Set parameter TimeLimit to value 272.7374059
Warning: unknown variable 'r_max' in bounds section (line 13976)
Warning: unknown variable 'r_min' in bounds section (line 13977)
Read LP format model from file E:\codes\ExactEBRP\results\gf_gurobi_performance_recovery_round29\runs\stage2__moderate_seed5302__c4_candidate__300s\external\models\L0.0.1.1.lp
Reading time = 0.02 seconds
obj: 11931 rows, 3382 columns, 67404 nonzeros
Set parameter TimeLimit to value 272.3074995
Warning: unknown variable 'r_max' in bounds section (line 13976)
Warning: unknown variable 'r_min' in bounds section (line 13977)
Read LP format model from file E:\codes\ExactEBRP\results\gf_gurobi_performance_recovery_round29\runs\stage2__moderate_seed5302__c4_candidate__300s\external\models\L0.0.0.0.lp
Reading time = 0.02 seconds
obj: 11931 rows, 3382 columns, 67156 nonzeros
Set parameter TimeLimit to value 271.9064267
Warning: unknown variable 'r_max' in bounds section (line 13976)
Warning: unknown variable 'r_min' in bounds section (line 13977)
Read LP format model from file E:\codes\ExactEBRP\results\gf_gurobi_performance_recovery_round29\runs\stage2__moderate_seed5302__c4_candidate__300s\external\models\L0.0.0.1.lp
Reading time = 0.02 seconds
obj: 11931 rows, 3382 columns, 67404 nonzeros
Set parameter TimeLimit to value 271.4780702
Warning: unknown variable 'r_max' in bounds section (line 13976)
Warning: unknown variable 'r_min' in bounds section (line 13977)
Read LP format model from file E:\codes\ExactEBRP\results\gf_gurobi_performance_recovery_round29\runs\stage2__moderate_seed5302__c4_candidate__300s\external\models\L0.0.1.0.0.lp
Reading time = 0.02 seconds
obj: 11931 rows, 3382 columns, 67404 nonzeros
Set parameter TimeLimit to value 271.0377885
Warning: unknown variable 'r_max' in bounds section (line 13976)
Warning: unknown variable 'r_min' in bounds section (line 13977)
Read LP format model from file E:\codes\ExactEBRP\results\gf_gurobi_performance_recovery_round29\runs\stage2__moderate_seed5302__c4_candidate__300s\external\models\L0.0.1.0.1.lp
Reading time = 0.02 seconds
obj: 11931 rows, 3382 columns, 67404 nonzeros
Set parameter TimeLimit to value 270.6461516
Warning: unknown variable 'r_max' in bounds section (line 13976)
Warning: unknown variable 'r_min' in bounds section (line 13977)
Read LP format model from file E:\codes\ExactEBRP\results\gf_gurobi_performance_recovery_round29\runs\stage2__moderate_seed5302__c4_candidate__300s\external\models\L0.0.1.0.1.0.lp
Reading time = 0.02 seconds
obj: 11931 rows, 3382 columns, 67404 nonzeros
Set parameter TimeLimit to value 270.2301283
Warning: unknown variable 'r_max' in bounds section (line 13976)
Warning: unknown variable 'r_min' in bounds section (line 13977)
Read LP format model from file E:\codes\ExactEBRP\results\gf_gurobi_performance_recovery_round29\runs\stage2__moderate_seed5302__c4_candidate__300s\external\models\L0.0.1.0.1.1.lp
Reading time = 0.02 seconds
obj: 11931 rows, 3382 columns, 67404 nonzeros
Set parameter TimeLimit to value 269.8351596
Warning: unknown variable 'r_max' in bounds section (line 13976)
Warning: unknown variable 'r_min' in bounds section (line 13977)
Read LP format model from file E:\codes\ExactEBRP\results\gf_gurobi_performance_recovery_round29\runs\stage2__moderate_seed5302__c4_candidate__300s\external\models\L0.0.0.1.0.lp
Reading time = 0.02 seconds
obj: 11931 rows, 3382 columns, 67404 nonzeros
Set parameter TimeLimit to value 269.4285074
Warning: unknown variable 'r_max' in bounds section (line 13976)
Warning: unknown variable 'r_min' in bounds section (line 13977)
Read LP format model from file E:\codes\ExactEBRP\results\gf_gurobi_performance_recovery_round29\runs\stage2__moderate_seed5302__c4_candidate__300s\external\models\L0.0.0.1.1.lp
Reading time = 0.02 seconds
obj: 11931 rows, 3382 columns, 67404 nonzeros
Set parameter TimeLimit to value 269.0124891
Warning: unknown variable 'r_max' in bounds section (line 13976)
Warning: unknown variable 'r_min' in bounds section (line 13977)
Read LP format model from file E:\codes\ExactEBRP\results\gf_gurobi_performance_recovery_round29\runs\stage2__moderate_seed5302__c4_candidate__300s\external\models\L0.0.1.0.0.0.lp
Reading time = 0.02 seconds
obj: 11931 rows, 3382 columns, 67404 nonzeros
Set parameter TimeLimit to value 268.5752719
Warning: unknown variable 'r_max' in bounds section (line 13976)
Warning: unknown variable 'r_min' in bounds section (line 13977)
Read LP format model from file E:\codes\ExactEBRP\results\gf_gurobi_performance_recovery_round29\runs\stage2__moderate_seed5302__c4_candidate__300s\external\models\L0.0.1.0.0.1.lp
Reading time = 0.02 seconds
obj: 11931 rows, 3382 columns, 67404 nonzeros
Set parameter TimeLimit to value 268.1443309
Warning: unknown variable 'r_max' in bounds section (line 13976)
Warning: unknown variable 'r_min' in bounds section (line 13977)
Read LP format model from file E:\codes\ExactEBRP\results\gf_gurobi_performance_recovery_round29\runs\stage2__moderate_seed5302__c4_candidate__300s\external\models\L0.0.1.0.1.0.0.lp
Reading time = 0.02 seconds
obj: 11931 rows, 3382 columns, 67404 nonzeros
Set parameter TimeLimit to value 267.7522235
Warning: unknown variable 'r_max' in bounds section (line 13976)
Warning: unknown variable 'r_min' in bounds section (line 13977)
Read LP format model from file E:\codes\ExactEBRP\results\gf_gurobi_performance_recovery_round29\runs\stage2__moderate_seed5302__c4_candidate__300s\external\models\L0.0.1.0.1.0.1.lp
Reading time = 0.02 seconds
obj: 11931 rows, 3382 columns, 67404 nonzeros
Set parameter TimeLimit to value 267.3372478
Warning: unknown variable 'r_max' in bounds section (line 13976)
Warning: unknown variable 'r_min' in bounds section (line 13977)
Read LP format model from file E:\codes\ExactEBRP\results\gf_gurobi_performance_recovery_round29\runs\stage2__moderate_seed5302__c4_candidate__300s\external\models\L0.0.1.0.1.1.0.lp
Reading time = 0.02 seconds
obj: 11931 rows, 3382 columns, 67404 nonzeros
Set parameter TimeLimit to value 266.9201643
Warning: unknown variable 'r_max' in bounds section (line 13976)
Warning: unknown variable 'r_min' in bounds section (line 13977)
Read LP format model from file E:\codes\ExactEBRP\results\gf_gurobi_performance_recovery_round29\runs\stage2__moderate_seed5302__c4_candidate__300s\external\models\L0.0.1.0.1.1.1.lp
Reading time = 0.02 seconds
obj: 11931 rows, 3382 columns, 67404 nonzeros
Set parameter TimeLimit to value 266.5306456
Warning: unknown variable 'r_max' in bounds section (line 13976)
Warning: unknown variable 'r_min' in bounds section (line 13977)
Read LP format model from file E:\codes\ExactEBRP\results\gf_gurobi_performance_recovery_round29\runs\stage2__moderate_seed5302__c4_candidate__300s\external\models\L0.0.1.0.1.1.0.0.lp
Reading time = 0.02 seconds
obj: 11931 rows, 3382 columns, 67404 nonzeros
Set parameter TimeLimit to value 266.1201357
Warning: unknown variable 'r_max' in bounds section (line 13976)
Warning: unknown variable 'r_min' in bounds section (line 13977)
Read LP format model from file E:\codes\ExactEBRP\results\gf_gurobi_performance_recovery_round29\runs\stage2__moderate_seed5302__c4_candidate__300s\external\models\L0.0.1.0.1.1.0.1.lp
Reading time = 0.02 seconds
obj: 11931 rows, 3382 columns, 67404 nonzeros
Set parameter TimeLimit to value 265.7181471
Warning: unknown variable 'r_max' in bounds section (line 13976)
Warning: unknown variable 'r_min' in bounds section (line 13977)
Read LP format model from file E:\codes\ExactEBRP\results\gf_gurobi_performance_recovery_round29\runs\stage2__moderate_seed5302__c4_candidate__300s\external\models\L0.0.1.0.1.0.1.0.lp
Reading time = 0.03 seconds
obj: 11931 rows, 3382 columns, 67404 nonzeros
Set parameter TimeLimit to value 265.275407
Warning: unknown variable 'r_max' in bounds section (line 13976)
Warning: unknown variable 'r_min' in bounds section (line 13977)
Read LP format model from file E:\codes\ExactEBRP\results\gf_gurobi_performance_recovery_round29\runs\stage2__moderate_seed5302__c4_candidate__300s\external\models\L0.0.1.0.1.0.1.1.lp
Reading time = 0.02 seconds
obj: 11931 rows, 3382 columns, 67404 nonzeros
Set parameter TimeLimit to value 264.8146813
Warning: unknown variable 'r_max' in bounds section (line 13976)
Warning: unknown variable 'r_min' in bounds section (line 13977)
Read LP format model from file E:\codes\ExactEBRP\results\gf_gurobi_performance_recovery_round29\runs\stage2__moderate_seed5302__c4_candidate__300s\external\models\L0.0.1.0.1.1.1.0.lp
Reading time = 0.05 seconds
obj: 11931 rows, 3382 columns, 67404 nonzeros
Set parameter TimeLimit to value 264.4003788
Warning: unknown variable 'r_max' in bounds section (line 13976)
Warning: unknown variable 'r_min' in bounds section (line 13977)
Read LP format model from file E:\codes\ExactEBRP\results\gf_gurobi_performance_recovery_round29\runs\stage2__moderate_seed5302__c4_candidate__300s\external\models\L0.0.1.0.1.1.1.1.lp
Reading time = 0.02 seconds
obj: 11931 rows, 3382 columns, 67404 nonzeros
Set parameter TimeLimit to value 263.967515
Warning: unknown variable 'r_max' in bounds section (line 13976)
Warning: unknown variable 'r_min' in bounds section (line 13977)
Read LP format model from file E:\codes\ExactEBRP\results\gf_gurobi_performance_recovery_round29\runs\stage2__moderate_seed5302__c4_candidate__300s\external\models\L0.0.1.0.1.1.0.0.0.lp
Reading time = 0.02 seconds
obj: 11931 rows, 3382 columns, 67404 nonzeros
Set parameter TimeLimit to value 263.5335679
Warning: unknown variable 'r_max' in bounds section (line 13976)
Warning: unknown variable 'r_min' in bounds section (line 13977)
Read LP format model from file E:\codes\ExactEBRP\results\gf_gurobi_performance_recovery_round29\runs\stage2__moderate_seed5302__c4_candidate__300s\external\models\L0.0.1.0.1.1.0.0.1.lp
Reading time = 0.02 seconds
obj: 11931 rows, 3382 columns, 67404 nonzeros
Set parameter TimeLimit to value 263.1314369
Warning: unknown variable 'r_max' in bounds section (line 13976)
Warning: unknown variable 'r_min' in bounds section (line 13977)
Read LP format model from file E:\codes\ExactEBRP\results\gf_gurobi_performance_recovery_round29\runs\stage2__moderate_seed5302__c4_candidate__300s\external\models\L0.0.1.0.1.1.0.1.0.lp
Reading time = 0.02 seconds
obj: 11931 rows, 3382 columns, 67404 nonzeros
Set parameter TimeLimit to value 262.7013426
Warning: unknown variable 'r_max' in bounds section (line 13976)
Warning: unknown variable 'r_min' in bounds section (line 13977)
Read LP format model from file E:\codes\ExactEBRP\results\gf_gurobi_performance_recovery_round29\runs\stage2__moderate_seed5302__c4_candidate__300s\external\models\L0.0.1.0.1.1.0.1.1.lp
Reading time = 0.02 seconds
obj: 11931 rows, 3382 columns, 67404 nonzeros
Set parameter TimeLimit to value 262.3089212
Warning: unknown variable 'r_max' in bounds section (line 13976)
Warning: unknown variable 'r_min' in bounds section (line 13977)
Read LP format model from file E:\codes\ExactEBRP\results\gf_gurobi_performance_recovery_round29\runs\stage2__moderate_seed5302__c4_candidate__300s\external\models\L0.0.1.0.1.0.1.1.0.lp
Reading time = 0.02 seconds
obj: 11931 rows, 3382 columns, 67404 nonzeros
Set parameter TimeLimit to value 261.924607
Warning: unknown variable 'r_max' in bounds section (line 13976)
Warning: unknown variable 'r_min' in bounds section (line 13977)
Read LP format model from file E:\codes\ExactEBRP\results\gf_gurobi_performance_recovery_round29\runs\stage2__moderate_seed5302__c4_candidate__300s\external\models\L0.0.1.0.1.0.1.1.1.lp
Reading time = 0.02 seconds
obj: 11931 rows, 3382 columns, 67404 nonzeros
Set parameter TimeLimit to value 261.5057591
Warning: unknown variable 'r_max' in bounds section (line 13976)
Warning: unknown variable 'r_min' in bounds section (line 13977)
Read LP format model from file E:\codes\ExactEBRP\results\gf_gurobi_performance_recovery_round29\runs\stage2__moderate_seed5302__c4_candidate__300s\external\models\L0.0.1.0.0.1.0.lp
Reading time = 0.02 seconds
obj: 11931 rows, 3382 columns, 67404 nonzeros
Set parameter TimeLimit to value 261.1027611
Warning: unknown variable 'r_max' in bounds section (line 13976)
Warning: unknown variable 'r_min' in bounds section (line 13977)
Read LP format model from file E:\codes\ExactEBRP\results\gf_gurobi_performance_recovery_round29\runs\stage2__moderate_seed5302__c4_candidate__300s\external\models\L0.0.1.0.0.1.1.lp
Reading time = 0.02 seconds
obj: 11931 rows, 3382 columns, 67404 nonzeros
Set parameter TimeLimit to value 260.6854674
Warning: unknown variable 'r_max' in bounds section (line 13976)
Warning: unknown variable 'r_min' in bounds section (line 13977)
Read LP format model from file E:\codes\ExactEBRP\results\gf_gurobi_performance_recovery_round29\runs\stage2__moderate_seed5302__c4_candidate__300s\external\models\L0.0.1.0.1.1.1.0.0.lp
Reading time = 0.02 seconds
obj: 11931 rows, 3382 columns, 67404 nonzeros
Set parameter TimeLimit to value 260.2684427
Warning: unknown variable 'r_max' in bounds section (line 13976)
Warning: unknown variable 'r_min' in bounds section (line 13977)
Read LP format model from file E:\codes\ExactEBRP\results\gf_gurobi_performance_recovery_round29\runs\stage2__moderate_seed5302__c4_candidate__300s\external\models\L0.0.1.0.1.1.1.0.1.lp
Reading time = 0.02 seconds
obj: 11931 rows, 3382 columns, 67404 nonzeros
Set parameter TimeLimit to value 259.8546034
Warning: unknown variable 'r_max' in bounds section (line 13976)
Warning: unknown variable 'r_min' in bounds section (line 13977)
Read LP format model from file E:\codes\ExactEBRP\results\gf_gurobi_performance_recovery_round29\runs\stage2__moderate_seed5302__c4_candidate__300s\external\models\L0.0.1.1.0.lp
Reading time = 0.02 seconds
obj: 11931 rows, 3382 columns, 67404 nonzeros
Set parameter TimeLimit to value 149.0307483
Warning: unknown variable 'r_max' in bounds section (line 13977)
Warning: unknown variable 'r_min' in bounds section (line 13978)
Read LP format model from file E:\codes\ExactEBRP\results\gf_gurobi_performance_recovery_round29\runs\stage2__moderate_seed5302__c4_candidate__300s\external\models\L0.0.1.1.1.lp
Reading time = 0.02 seconds
obj: 11932 rows, 3382 columns, 67410 nonzeros
Set parameter TimeLimit to value 148.6580609
Warning: unknown variable 'r_max' in bounds section (line 13976)
Warning: unknown variable 'r_min' in bounds section (line 13977)
Read LP format model from file E:\codes\ExactEBRP\results\gf_gurobi_performance_recovery_round29\runs\stage2__moderate_seed5302__c4_candidate__300s\external\models\L0.0.1.1.0.0.lp
Reading time = 0.02 seconds
obj: 11931 rows, 3382 columns, 67404 nonzeros
Set parameter TimeLimit to value 148.2485731
Warning: unknown variable 'r_max' in bounds section (line 13976)
Warning: unknown variable 'r_min' in bounds section (line 13977)
Read LP format model from file E:\codes\ExactEBRP\results\gf_gurobi_performance_recovery_round29\runs\stage2__moderate_seed5302__c4_candidate__300s\external\models\L0.0.1.1.0.1.lp
Reading time = 0.02 seconds
obj: 11931 rows, 3382 columns, 67404 nonzeros
Set parameter TimeLimit to value 147.8613146
Warning: unknown variable 'r_max' in bounds section (line 13976)
Warning: unknown variable 'r_min' in bounds section (line 13977)
Read LP format model from file E:\codes\ExactEBRP\results\gf_gurobi_performance_recovery_round29\runs\stage2__moderate_seed5302__c4_candidate__300s\external\models\L0.0.1.0.1.1.1.1.0.lp
Reading time = 0.02 seconds
obj: 11931 rows, 3382 columns, 67404 nonzeros
Set parameter TimeLimit to value 118.7822219
Warning: unknown variable 'r_max' in bounds section (line 13976)
Warning: unknown variable 'r_min' in bounds section (line 13977)
Read LP format model from file E:\codes\ExactEBRP\results\gf_gurobi_performance_recovery_round29\runs\stage2__moderate_seed5302__c4_candidate__300s\external\models\L0.0.1.0.1.1.1.1.1.lp
Reading time = 0.02 seconds
obj: 11931 rows, 3382 columns, 67404 nonzeros
Set parameter TimeLimit to value 1.1838118170000001e+02
Warning: unknown variable 'r_max' in bounds section (line 13976)
Warning: unknown variable 'r_min' in bounds section (line 13977)
Read LP format model from file E:\codes\ExactEBRP\results\gf_gurobi_performance_recovery_round29\runs\stage2__moderate_seed5302__c4_candidate__300s\external\models\L0.0.1.0.1.0.0.0.lp
Reading time = 0.02 seconds
obj: 11931 rows, 3382 columns, 67404 nonzeros
Set parameter TimeLimit to value 85.8976342
Warning: unknown variable 'r_max' in bounds section (line 13976)
Warning: unknown variable 'r_min' in bounds section (line 13977)
Read LP format model from file E:\codes\ExactEBRP\results\gf_gurobi_performance_recovery_round29\runs\stage2__moderate_seed5302__c4_candidate__300s\external\models\L0.0.1.0.1.0.0.1.lp
Reading time = 0.02 seconds
obj: 11931 rows, 3382 columns, 67404 nonzeros
Set parameter TimeLimit to value 8.5500126200000011e+01
Warning: unknown variable 'r_max' in bounds section (line 13976)
Warning: unknown variable 'r_min' in bounds section (line 13977)
Read LP format model from file E:\codes\ExactEBRP\results\gf_gurobi_performance_recovery_round29\runs\stage2__moderate_seed5302__c4_candidate__300s\external\models\L0.0.1.1.0.0.0.lp
Reading time = 0.02 seconds
obj: 11931 rows, 3382 columns, 67404 nonzeros
Set parameter TimeLimit to value 8.5067608799999988e+01
Warning: unknown variable 'r_max' in bounds section (line 13976)
Warning: unknown variable 'r_min' in bounds section (line 13977)
Read LP format model from file E:\codes\ExactEBRP\results\gf_gurobi_performance_recovery_round29\runs\stage2__moderate_seed5302__c4_candidate__300s\external\models\L0.0.1.1.0.0.1.lp
Reading time = 0.02 seconds
obj: 11931 rows, 3382 columns, 67404 nonzeros
Set parameter TimeLimit to value 84.6855947
Warning: unknown variable 'r_max' in bounds section (line 13976)
Warning: unknown variable 'r_min' in bounds section (line 13977)
Read LP format model from file E:\codes\ExactEBRP\results\gf_gurobi_performance_recovery_round29\runs\stage2__moderate_seed5302__c4_candidate__300s\external\models\L0.0.1.0.1.0.1.0.0.lp
Reading time = 0.02 seconds
obj: 11931 rows, 3382 columns, 67404 nonzeros
Set parameter TimeLimit to value 2.9392046699999980e+01
Warning: unknown variable 'r_max' in bounds section (line 13976)
Warning: unknown variable 'r_min' in bounds section (line 13977)
Read LP format model from file E:\codes\ExactEBRP\results\gf_gurobi_performance_recovery_round29\runs\stage2__moderate_seed5302__c4_candidate__300s\external\models\L0.0.1.0.1.0.1.0.1.lp
Reading time = 0.02 seconds
obj: 11931 rows, 3382 columns, 67404 nonzeros
Set parameter TimeLimit to value 2.9009032400000024e+01
Warning: unknown variable 'r_max' in bounds section (line 13976)
Warning: unknown variable 'r_min' in bounds section (line 13977)
Read LP format model from file E:\codes\ExactEBRP\results\gf_gurobi_performance_recovery_round29\runs\stage2__moderate_seed5302__c4_candidate__300s\external\models\L0.0.1.1.0.0.0.0.lp
Reading time = 0.02 seconds
obj: 11931 rows, 3382 columns, 67404 nonzeros
Set parameter TimeLimit to value 2.8562069899999983e+01
Warning: unknown variable 'r_max' in bounds section (line 13976)
Warning: unknown variable 'r_min' in bounds section (line 13977)
Read LP format model from file E:\codes\ExactEBRP\results\gf_gurobi_performance_recovery_round29\runs\stage2__moderate_seed5302__c4_candidate__300s\external\models\L0.0.1.1.0.0.0.1.lp
Reading time = 0.02 seconds
obj: 11931 rows, 3382 columns, 67404 nonzeros
Set parameter TimeLimit to value 2.8172881599999982e+01
