
Gurobi 13.0.2 (win64) logging started Wed Jul 22 22:15:24 2026

Set parameter LogFile to value "E:\codes\ExactEBRP\results\gf_paper_safe_gurobi_scheduling_round27\runs\stage2__V12_M1__c2_paper__300s\native.log"
Set parameter Threads to value 1
Set parameter Presolve to value -1
Set parameter Seed to value 0
Set parameter MIPGap to value 0
Set parameter MIPGapAbs to value 0
Warning: unknown variable 'r_max' in bounds section (line 6696)
Warning: unknown variable 'r_min' in bounds section (line 6697)
Read LP format model from file E:\codes\ExactEBRP\results\gf_paper_safe_gurobi_scheduling_round27\runs\stage2__V12_M1__c2_paper__300s\external\models\L0.lp
Reading time = 0.02 seconds
obj: 6225 rows, 648 columns, 59207 nonzeros
Set parameter TimeLimit to value 2.8172554690000004e+02
Warning: unknown variable 'r_max' in bounds section (line 6696)
Warning: unknown variable 'r_min' in bounds section (line 6697)
Read LP format model from file E:\codes\ExactEBRP\results\gf_paper_safe_gurobi_scheduling_round27\runs\stage2__V12_M1__c2_paper__300s\external\models\L1.lp
Reading time = 0.02 seconds
obj: 6225 rows, 648 columns, 59365 nonzeros
Set parameter TimeLimit to value 281.5623449
Warning: unknown variable 'r_max' in bounds section (line 6696)
Warning: unknown variable 'r_min' in bounds section (line 6697)
Read LP format model from file E:\codes\ExactEBRP\results\gf_paper_safe_gurobi_scheduling_round27\runs\stage2__V12_M1__c2_paper__300s\external\models\L1.0.lp
Reading time = 0.02 seconds
obj: 6225 rows, 648 columns, 59365 nonzeros
Set parameter TimeLimit to value 281.4007093
Warning: unknown variable 'r_max' in bounds section (line 6696)
Warning: unknown variable 'r_min' in bounds section (line 6697)
Read LP format model from file E:\codes\ExactEBRP\results\gf_paper_safe_gurobi_scheduling_round27\runs\stage2__V12_M1__c2_paper__300s\external\models\L1.1.lp
Reading time = 0.02 seconds
obj: 6225 rows, 648 columns, 59365 nonzeros
Set parameter TimeLimit to value 281.2518
Warning: unknown variable 'r_max' in bounds section (line 6696)
Warning: unknown variable 'r_min' in bounds section (line 6697)
Read LP format model from file E:\codes\ExactEBRP\results\gf_paper_safe_gurobi_scheduling_round27\runs\stage2__V12_M1__c2_paper__300s\external\models\L2.lp
Reading time = 0.02 seconds
obj: 6225 rows, 648 columns, 59365 nonzeros
Set parameter TimeLimit to value 281.084328
Warning: unknown variable 'r_max' in bounds section (line 6696)
Warning: unknown variable 'r_min' in bounds section (line 6697)
Read LP format model from file E:\codes\ExactEBRP\results\gf_paper_safe_gurobi_scheduling_round27\runs\stage2__V12_M1__c2_paper__300s\external\models\L2.0.lp
Reading time = 0.02 seconds
obj: 6225 rows, 648 columns, 59365 nonzeros
Set parameter TimeLimit to value 2.8091492420000003e+02
Warning: unknown variable 'r_max' in bounds section (line 6696)
Warning: unknown variable 'r_min' in bounds section (line 6697)
Read LP format model from file E:\codes\ExactEBRP\results\gf_paper_safe_gurobi_scheduling_round27\runs\stage2__V12_M1__c2_paper__300s\external\models\L2.1.lp
Reading time = 0.02 seconds
obj: 6225 rows, 648 columns, 59365 nonzeros
Set parameter TimeLimit to value 280.7460014
Warning: unknown variable 'r_max' in bounds section (line 6696)
Warning: unknown variable 'r_min' in bounds section (line 6697)
Read LP format model from file E:\codes\ExactEBRP\results\gf_paper_safe_gurobi_scheduling_round27\runs\stage2__V12_M1__c2_paper__300s\external\models\L3.lp
Reading time = 0.02 seconds
obj: 6225 rows, 648 columns, 59365 nonzeros
Set parameter TimeLimit to value 2.8057450650000004e+02
Warning: unknown variable 'r_max' in bounds section (line 6696)
Warning: unknown variable 'r_min' in bounds section (line 6697)
Read LP format model from file E:\codes\ExactEBRP\results\gf_paper_safe_gurobi_scheduling_round27\runs\stage2__V12_M1__c2_paper__300s\external\models\L3.0.lp
Reading time = 0.02 seconds
obj: 6225 rows, 648 columns, 59365 nonzeros
Set parameter TimeLimit to value 2.8040421280000004e+02
Warning: unknown variable 'r_max' in bounds section (line 6697)
Warning: unknown variable 'r_min' in bounds section (line 6698)
Read LP format model from file E:\codes\ExactEBRP\results\gf_paper_safe_gurobi_scheduling_round27\runs\stage2__V12_M1__c2_paper__300s\external\models\L3.1.lp
Reading time = 0.01 seconds
obj: 6226 rows, 648 columns, 59367 nonzeros
Set parameter TimeLimit to value 2.8024034750000004e+02
Warning: unknown variable 'r_max' in bounds section (line 6696)
Warning: unknown variable 'r_min' in bounds section (line 6697)
Read LP format model from file E:\codes\ExactEBRP\results\gf_paper_safe_gurobi_scheduling_round27\runs\stage2__V12_M1__c2_paper__300s\external\models\L1.1.0.lp
Reading time = 0.02 seconds
obj: 6225 rows, 648 columns, 59365 nonzeros
Set parameter TimeLimit to value 280.0842384
Warning: unknown variable 'r_max' in bounds section (line 6696)
Warning: unknown variable 'r_min' in bounds section (line 6697)
Read LP format model from file E:\codes\ExactEBRP\results\gf_paper_safe_gurobi_scheduling_round27\runs\stage2__V12_M1__c2_paper__300s\external\models\L1.1.1.lp
Reading time = 0.02 seconds
obj: 6225 rows, 648 columns, 59365 nonzeros
Set parameter TimeLimit to value 279.9283773
Warning: unknown variable 'r_max' in bounds section (line 6696)
Warning: unknown variable 'r_min' in bounds section (line 6697)
Read LP format model from file E:\codes\ExactEBRP\results\gf_paper_safe_gurobi_scheduling_round27\runs\stage2__V12_M1__c2_paper__300s\external\models\L2.0.0.lp
Reading time = 0.02 seconds
obj: 6225 rows, 648 columns, 59365 nonzeros
Set parameter TimeLimit to value 279.7677271
Warning: unknown variable 'r_max' in bounds section (line 6696)
Warning: unknown variable 'r_min' in bounds section (line 6697)
Read LP format model from file E:\codes\ExactEBRP\results\gf_paper_safe_gurobi_scheduling_round27\runs\stage2__V12_M1__c2_paper__300s\external\models\L2.0.1.lp
Reading time = 0.02 seconds
obj: 6225 rows, 648 columns, 59365 nonzeros
Set parameter TimeLimit to value 279.5921902
Warning: unknown variable 'r_max' in bounds section (line 6696)
Warning: unknown variable 'r_min' in bounds section (line 6697)
Read LP format model from file E:\codes\ExactEBRP\results\gf_paper_safe_gurobi_scheduling_round27\runs\stage2__V12_M1__c2_paper__300s\external\models\L2.0.0.0.lp
Reading time = 0.02 seconds
obj: 6225 rows, 648 columns, 59365 nonzeros
Set parameter TimeLimit to value 279.4301977
Warning: unknown variable 'r_max' in bounds section (line 6696)
Warning: unknown variable 'r_min' in bounds section (line 6697)
Read LP format model from file E:\codes\ExactEBRP\results\gf_paper_safe_gurobi_scheduling_round27\runs\stage2__V12_M1__c2_paper__300s\external\models\L2.0.0.1.lp
Reading time = 0.01 seconds
obj: 6225 rows, 648 columns, 59365 nonzeros
Set parameter TimeLimit to value 279.2667093
Warning: unknown variable 'r_max' in bounds section (line 6696)
Warning: unknown variable 'r_min' in bounds section (line 6697)
Read LP format model from file E:\codes\ExactEBRP\results\gf_paper_safe_gurobi_scheduling_round27\runs\stage2__V12_M1__c2_paper__300s\external\models\L2.0.0.0.0.lp
Reading time = 0.02 seconds
obj: 6225 rows, 648 columns, 59365 nonzeros
Set parameter TimeLimit to value 279.105256
Warning: unknown variable 'r_max' in bounds section (line 6696)
Warning: unknown variable 'r_min' in bounds section (line 6697)
Read LP format model from file E:\codes\ExactEBRP\results\gf_paper_safe_gurobi_scheduling_round27\runs\stage2__V12_M1__c2_paper__300s\external\models\L2.0.0.0.1.lp
Reading time = 0.02 seconds
obj: 6225 rows, 648 columns, 59365 nonzeros
Set parameter TimeLimit to value 278.94015
Warning: unknown variable 'r_max' in bounds section (line 6696)
Warning: unknown variable 'r_min' in bounds section (line 6697)
Read LP format model from file E:\codes\ExactEBRP\results\gf_paper_safe_gurobi_scheduling_round27\runs\stage2__V12_M1__c2_paper__300s\external\models\L1.1.1.0.lp
Reading time = 0.02 seconds
obj: 6225 rows, 648 columns, 59365 nonzeros
Set parameter TimeLimit to value 278.7747469
Warning: unknown variable 'r_max' in bounds section (line 6696)
Warning: unknown variable 'r_min' in bounds section (line 6697)
Read LP format model from file E:\codes\ExactEBRP\results\gf_paper_safe_gurobi_scheduling_round27\runs\stage2__V12_M1__c2_paper__300s\external\models\L1.1.1.1.lp
Reading time = 0.02 seconds
obj: 6225 rows, 648 columns, 59365 nonzeros
Set parameter TimeLimit to value 2.7862593580000004e+02
Warning: unknown variable 'r_max' in bounds section (line 6696)
Warning: unknown variable 'r_min' in bounds section (line 6697)
Read LP format model from file E:\codes\ExactEBRP\results\gf_paper_safe_gurobi_scheduling_round27\runs\stage2__V12_M1__c2_paper__300s\external\models\L2.0.0.0.0.0.lp
Reading time = 0.02 seconds
obj: 6225 rows, 648 columns, 59365 nonzeros
Set parameter TimeLimit to value 2.7846213320000004e+02
Warning: unknown variable 'r_max' in bounds section (line 6696)
Warning: unknown variable 'r_min' in bounds section (line 6697)
Read LP format model from file E:\codes\ExactEBRP\results\gf_paper_safe_gurobi_scheduling_round27\runs\stage2__V12_M1__c2_paper__300s\external\models\L2.0.0.0.0.1.lp
Reading time = 0.02 seconds
obj: 6225 rows, 648 columns, 59365 nonzeros
Set parameter TimeLimit to value 2.7829375830000004e+02
Warning: unknown variable 'r_max' in bounds section (line 6696)
Warning: unknown variable 'r_min' in bounds section (line 6697)
Read LP format model from file E:\codes\ExactEBRP\results\gf_paper_safe_gurobi_scheduling_round27\runs\stage2__V12_M1__c2_paper__300s\external\models\L2.0.0.0.1.0.lp
Reading time = 0.01 seconds
obj: 6225 rows, 648 columns, 59365 nonzeros
Set parameter TimeLimit to value 278.1264926
Warning: unknown variable 'r_max' in bounds section (line 6696)
Warning: unknown variable 'r_min' in bounds section (line 6697)
Read LP format model from file E:\codes\ExactEBRP\results\gf_paper_safe_gurobi_scheduling_round27\runs\stage2__V12_M1__c2_paper__300s\external\models\L2.0.0.0.1.1.lp
Reading time = 0.02 seconds
obj: 6225 rows, 648 columns, 59365 nonzeros
Set parameter TimeLimit to value 277.9627529
Warning: unknown variable 'r_max' in bounds section (line 6696)
Warning: unknown variable 'r_min' in bounds section (line 6697)
Read LP format model from file E:\codes\ExactEBRP\results\gf_paper_safe_gurobi_scheduling_round27\runs\stage2__V12_M1__c2_paper__300s\external\models\L2.0.0.0.0.1.0.lp
Reading time = 0.01 seconds
obj: 6225 rows, 648 columns, 59365 nonzeros
Set parameter TimeLimit to value 2.7779998930000005e+02
Warning: unknown variable 'r_max' in bounds section (line 6696)
Warning: unknown variable 'r_min' in bounds section (line 6697)
Read LP format model from file E:\codes\ExactEBRP\results\gf_paper_safe_gurobi_scheduling_round27\runs\stage2__V12_M1__c2_paper__300s\external\models\L2.0.0.0.0.1.1.lp
Reading time = 0.02 seconds
obj: 6225 rows, 648 columns, 59365 nonzeros
Set parameter TimeLimit to value 2.7763767160000003e+02
Warning: unknown variable 'r_max' in bounds section (line 6696)
Warning: unknown variable 'r_min' in bounds section (line 6697)
Read LP format model from file E:\codes\ExactEBRP\results\gf_paper_safe_gurobi_scheduling_round27\runs\stage2__V12_M1__c2_paper__300s\external\models\L2.0.0.0.1.0.0.lp
Reading time = 0.02 seconds
obj: 6225 rows, 648 columns, 59365 nonzeros
Set parameter TimeLimit to value 277.4705094
Warning: unknown variable 'r_max' in bounds section (line 6696)
Warning: unknown variable 'r_min' in bounds section (line 6697)
Read LP format model from file E:\codes\ExactEBRP\results\gf_paper_safe_gurobi_scheduling_round27\runs\stage2__V12_M1__c2_paper__300s\external\models\L2.0.0.0.1.0.1.lp
Reading time = 0.01 seconds
obj: 6225 rows, 648 columns, 59365 nonzeros
Set parameter TimeLimit to value 277.3100392
Warning: unknown variable 'r_max' in bounds section (line 6696)
Warning: unknown variable 'r_min' in bounds section (line 6697)
Read LP format model from file E:\codes\ExactEBRP\results\gf_paper_safe_gurobi_scheduling_round27\runs\stage2__V12_M1__c2_paper__300s\external\models\L2.0.0.0.0.1.0.0.lp
Reading time = 0.02 seconds
obj: 6225 rows, 648 columns, 59365 nonzeros
Set parameter TimeLimit to value 2.7714607370000004e+02
Warning: unknown variable 'r_max' in bounds section (line 6696)
Warning: unknown variable 'r_min' in bounds section (line 6697)
Read LP format model from file E:\codes\ExactEBRP\results\gf_paper_safe_gurobi_scheduling_round27\runs\stage2__V12_M1__c2_paper__300s\external\models\L2.0.0.0.0.1.0.1.lp
Reading time = 0.02 seconds
obj: 6225 rows, 648 columns, 59365 nonzeros
Set parameter TimeLimit to value 276.9851343
Warning: unknown variable 'r_max' in bounds section (line 6696)
Warning: unknown variable 'r_min' in bounds section (line 6697)
Read LP format model from file E:\codes\ExactEBRP\results\gf_paper_safe_gurobi_scheduling_round27\runs\stage2__V12_M1__c2_paper__300s\external\models\L2.0.0.0.0.0.0.lp
Reading time = 0.01 seconds
obj: 6225 rows, 648 columns, 59365 nonzeros
Set parameter TimeLimit to value 276.8184863
Warning: unknown variable 'r_max' in bounds section (line 6696)
Warning: unknown variable 'r_min' in bounds section (line 6697)
Read LP format model from file E:\codes\ExactEBRP\results\gf_paper_safe_gurobi_scheduling_round27\runs\stage2__V12_M1__c2_paper__300s\external\models\L2.0.0.0.0.0.1.lp
Reading time = 0.01 seconds
obj: 6225 rows, 648 columns, 59365 nonzeros
Set parameter TimeLimit to value 276.6513721
Warning: unknown variable 'r_max' in bounds section (line 6696)
Warning: unknown variable 'r_min' in bounds section (line 6697)
Read LP format model from file E:\codes\ExactEBRP\results\gf_paper_safe_gurobi_scheduling_round27\runs\stage2__V12_M1__c2_paper__300s\external\models\L2.0.0.0.0.1.1.0.lp
Reading time = 0.02 seconds
obj: 6225 rows, 648 columns, 59365 nonzeros
Set parameter TimeLimit to value 276.4873059
Warning: unknown variable 'r_max' in bounds section (line 6696)
Warning: unknown variable 'r_min' in bounds section (line 6697)
Read LP format model from file E:\codes\ExactEBRP\results\gf_paper_safe_gurobi_scheduling_round27\runs\stage2__V12_M1__c2_paper__300s\external\models\L2.0.0.0.0.1.1.1.lp
Reading time = 0.02 seconds
obj: 6225 rows, 648 columns, 59365 nonzeros
Set parameter TimeLimit to value 2.7632795180000005e+02
Warning: unknown variable 'r_max' in bounds section (line 6696)
Warning: unknown variable 'r_min' in bounds section (line 6697)
Read LP format model from file E:\codes\ExactEBRP\results\gf_paper_safe_gurobi_scheduling_round27\runs\stage2__V12_M1__c2_paper__300s\external\models\L2.0.0.1.0.lp
Reading time = 0.01 seconds
obj: 6225 rows, 648 columns, 59365 nonzeros
Set parameter TimeLimit to value 276.1616641
Warning: unknown variable 'r_max' in bounds section (line 6696)
Warning: unknown variable 'r_min' in bounds section (line 6697)
Read LP format model from file E:\codes\ExactEBRP\results\gf_paper_safe_gurobi_scheduling_round27\runs\stage2__V12_M1__c2_paper__300s\external\models\L2.0.0.1.1.lp
Reading time = 0.02 seconds
obj: 6225 rows, 648 columns, 59365 nonzeros
Set parameter TimeLimit to value 276.001483
Warning: unknown variable 'r_max' in bounds section (line 6696)
Warning: unknown variable 'r_min' in bounds section (line 6697)
Read LP format model from file E:\codes\ExactEBRP\results\gf_paper_safe_gurobi_scheduling_round27\runs\stage2__V12_M1__c2_paper__300s\external\models\L2.0.0.0.0.1.0.1.0.lp
Reading time = 0.02 seconds
obj: 6225 rows, 648 columns, 59365 nonzeros
Set parameter TimeLimit to value 2.7584487690000003e+02
Warning: unknown variable 'r_max' in bounds section (line 6696)
Warning: unknown variable 'r_min' in bounds section (line 6697)
Read LP format model from file E:\codes\ExactEBRP\results\gf_paper_safe_gurobi_scheduling_round27\runs\stage2__V12_M1__c2_paper__300s\external\models\L2.0.0.0.0.1.0.1.1.lp
Reading time = 0.01 seconds
obj: 6225 rows, 648 columns, 59365 nonzeros
Set parameter TimeLimit to value 275.6822799
Warning: unknown variable 'r_max' in bounds section (line 6696)
Warning: unknown variable 'r_min' in bounds section (line 6697)
Read LP format model from file E:\codes\ExactEBRP\results\gf_paper_safe_gurobi_scheduling_round27\runs\stage2__V12_M1__c2_paper__300s\external\models\L2.0.0.0.1.0.0.0.lp
Reading time = 0.01 seconds
obj: 6225 rows, 648 columns, 59365 nonzeros
Set parameter TimeLimit to value 275.5174194
Warning: unknown variable 'r_max' in bounds section (line 6696)
Warning: unknown variable 'r_min' in bounds section (line 6697)
Read LP format model from file E:\codes\ExactEBRP\results\gf_paper_safe_gurobi_scheduling_round27\runs\stage2__V12_M1__c2_paper__300s\external\models\L2.0.0.0.1.0.0.1.lp
Reading time = 0.01 seconds
obj: 6225 rows, 648 columns, 59365 nonzeros
Set parameter TimeLimit to value 2.7535604670000004e+02
Warning: unknown variable 'r_max' in bounds section (line 6696)
Warning: unknown variable 'r_min' in bounds section (line 6697)
Read LP format model from file E:\codes\ExactEBRP\results\gf_paper_safe_gurobi_scheduling_round27\runs\stage2__V12_M1__c2_paper__300s\external\models\L2.0.0.0.0.1.1.0.0.lp
Reading time = 0.02 seconds
obj: 6225 rows, 648 columns, 59365 nonzeros
Set parameter TimeLimit to value 275.1971088
Warning: unknown variable 'r_max' in bounds section (line 6696)
Warning: unknown variable 'r_min' in bounds section (line 6697)
Read LP format model from file E:\codes\ExactEBRP\results\gf_paper_safe_gurobi_scheduling_round27\runs\stage2__V12_M1__c2_paper__300s\external\models\L2.0.0.0.0.1.1.0.1.lp
Reading time = 0.01 seconds
obj: 6225 rows, 648 columns, 59365 nonzeros
Set parameter TimeLimit to value 275.0294964
Warning: unknown variable 'r_max' in bounds section (line 6696)
Warning: unknown variable 'r_min' in bounds section (line 6697)
Read LP format model from file E:\codes\ExactEBRP\results\gf_paper_safe_gurobi_scheduling_round27\runs\stage2__V12_M1__c2_paper__300s\external\models\L2.0.0.0.0.1.1.1.0.lp
Reading time = 0.02 seconds
obj: 6225 rows, 648 columns, 59365 nonzeros
Set parameter TimeLimit to value 274.8611692
Warning: unknown variable 'r_max' in bounds section (line 6696)
Warning: unknown variable 'r_min' in bounds section (line 6697)
Read LP format model from file E:\codes\ExactEBRP\results\gf_paper_safe_gurobi_scheduling_round27\runs\stage2__V12_M1__c2_paper__300s\external\models\L2.0.0.0.0.1.1.1.1.lp
Reading time = 0.01 seconds
obj: 6225 rows, 648 columns, 59365 nonzeros
Set parameter TimeLimit to value 274.694672
Warning: unknown variable 'r_max' in bounds section (line 6696)
Warning: unknown variable 'r_min' in bounds section (line 6697)
Read LP format model from file E:\codes\ExactEBRP\results\gf_paper_safe_gurobi_scheduling_round27\runs\stage2__V12_M1__c2_paper__300s\external\models\L2.0.0.0.0.1.0.1.1.lp
Reading time = 0.02 seconds
obj: 6225 rows, 648 columns, 59365 nonzeros
Set parameter TimeLimit to value 274.6149507
Warning: unknown variable 'r_max' in bounds section (line 6696)
Warning: unknown variable 'r_min' in bounds section (line 6697)
Read LP format model from file E:\codes\ExactEBRP\results\gf_paper_safe_gurobi_scheduling_round27\runs\stage2__V12_M1__c2_paper__300s\external\models\L2.0.0.0.0.1.1.0.0.lp
Reading time = 0.01 seconds
obj: 6225 rows, 648 columns, 59365 nonzeros
Set parameter TimeLimit to value 2.7438531620000003e+02
Warning: unknown variable 'r_max' in bounds section (line 6696)
Warning: unknown variable 'r_min' in bounds section (line 6697)
Read LP format model from file E:\codes\ExactEBRP\results\gf_paper_safe_gurobi_scheduling_round27\runs\stage2__V12_M1__c2_paper__300s\external\models\L2.0.0.0.1.1.0.lp
Reading time = 0.02 seconds
obj: 6225 rows, 648 columns, 59365 nonzeros
Set parameter TimeLimit to value 2.7407977220000004e+02
Warning: unknown variable 'r_max' in bounds section (line 6696)
Warning: unknown variable 'r_min' in bounds section (line 6697)
Read LP format model from file E:\codes\ExactEBRP\results\gf_paper_safe_gurobi_scheduling_round27\runs\stage2__V12_M1__c2_paper__300s\external\models\L2.0.0.0.1.1.1.lp
Reading time = 0.02 seconds
obj: 6225 rows, 648 columns, 59365 nonzeros
Set parameter TimeLimit to value 273.9172744
Warning: unknown variable 'r_max' in bounds section (line 6696)
Warning: unknown variable 'r_min' in bounds section (line 6697)
Read LP format model from file E:\codes\ExactEBRP\results\gf_paper_safe_gurobi_scheduling_round27\runs\stage2__V12_M1__c2_paper__300s\external\models\L2.0.0.0.0.1.0.1.0.lp
Reading time = 0.02 seconds
obj: 6225 rows, 648 columns, 59365 nonzeros
Set parameter TimeLimit to value 2.7383451590000004e+02
Warning: unknown variable 'r_max' in bounds section (line 6696)
Warning: unknown variable 'r_min' in bounds section (line 6697)
Read LP format model from file E:\codes\ExactEBRP\results\gf_paper_safe_gurobi_scheduling_round27\runs\stage2__V12_M1__c2_paper__300s\external\models\L2.0.0.0.1.0.0.0.0.lp
Reading time = 0.01 seconds
obj: 6225 rows, 648 columns, 59365 nonzeros
Set parameter TimeLimit to value 2.7352309180000003e+02
Warning: unknown variable 'r_max' in bounds section (line 6696)
Warning: unknown variable 'r_min' in bounds section (line 6697)
Read LP format model from file E:\codes\ExactEBRP\results\gf_paper_safe_gurobi_scheduling_round27\runs\stage2__V12_M1__c2_paper__300s\external\models\L2.0.0.0.1.0.0.0.1.lp
Reading time = 0.02 seconds
obj: 6225 rows, 648 columns, 59365 nonzeros
Set parameter TimeLimit to value 2.7336021750000003e+02
Warning: unknown variable 'r_max' in bounds section (line 6696)
Warning: unknown variable 'r_min' in bounds section (line 6697)
Read LP format model from file E:\codes\ExactEBRP\results\gf_paper_safe_gurobi_scheduling_round27\runs\stage2__V12_M1__c2_paper__300s\external\models\L2.0.0.0.0.1.1.0.1.lp
Reading time = 0.01 seconds
obj: 6225 rows, 648 columns, 59365 nonzeros
Set parameter TimeLimit to value 2.7327520560000005e+02
Warning: unknown variable 'r_max' in bounds section (line 6696)
Warning: unknown variable 'r_min' in bounds section (line 6697)
Read LP format model from file E:\codes\ExactEBRP\results\gf_paper_safe_gurobi_scheduling_round27\runs\stage2__V12_M1__c2_paper__300s\external\models\L2.0.0.0.0.1.0.0.0.lp
Reading time = 0.02 seconds
obj: 6225 rows, 648 columns, 59365 nonzeros
Set parameter TimeLimit to value 272.9614182
Warning: unknown variable 'r_max' in bounds section (line 6696)
Warning: unknown variable 'r_min' in bounds section (line 6697)
Read LP format model from file E:\codes\ExactEBRP\results\gf_paper_safe_gurobi_scheduling_round27\runs\stage2__V12_M1__c2_paper__300s\external\models\L2.0.0.0.0.1.0.0.1.lp
Reading time = 0.02 seconds
obj: 6225 rows, 648 columns, 59365 nonzeros
Set parameter TimeLimit to value 272.8021155
Warning: unknown variable 'r_max' in bounds section (line 6696)
Warning: unknown variable 'r_min' in bounds section (line 6697)
Read LP format model from file E:\codes\ExactEBRP\results\gf_paper_safe_gurobi_scheduling_round27\runs\stage2__V12_M1__c2_paper__300s\external\models\L2.0.0.0.0.1.1.1.0.lp
Reading time = 0.02 seconds
obj: 6225 rows, 648 columns, 59365 nonzeros
Set parameter TimeLimit to value 272.7239698
Warning: unknown variable 'r_max' in bounds section (line 6696)
Warning: unknown variable 'r_min' in bounds section (line 6697)
Read LP format model from file E:\codes\ExactEBRP\results\gf_paper_safe_gurobi_scheduling_round27\runs\stage2__V12_M1__c2_paper__300s\external\models\L2.0.0.0.0.1.1.1.1.lp
Reading time = 0.01 seconds
obj: 6225 rows, 648 columns, 59365 nonzeros
Set parameter TimeLimit to value 2.7248952030000004e+02
Warning: unknown variable 'r_max' in bounds section (line 6696)
Warning: unknown variable 'r_min' in bounds section (line 6697)
Read LP format model from file E:\codes\ExactEBRP\results\gf_paper_safe_gurobi_scheduling_round27\runs\stage2__V12_M1__c2_paper__300s\external\models\L2.0.0.0.1.0.1.0.lp
Reading time = 0.02 seconds
obj: 6225 rows, 648 columns, 59365 nonzeros
Set parameter TimeLimit to value 2.7217762430000005e+02
Warning: unknown variable 'r_max' in bounds section (line 6696)
Warning: unknown variable 'r_min' in bounds section (line 6697)
Read LP format model from file E:\codes\ExactEBRP\results\gf_paper_safe_gurobi_scheduling_round27\runs\stage2__V12_M1__c2_paper__300s\external\models\L2.0.0.0.1.0.1.1.lp
Reading time = 0.02 seconds
obj: 6225 rows, 648 columns, 59365 nonzeros
Set parameter TimeLimit to value 272.0159621
Warning: unknown variable 'r_max' in bounds section (line 6696)
Warning: unknown variable 'r_min' in bounds section (line 6697)
Read LP format model from file E:\codes\ExactEBRP\results\gf_paper_safe_gurobi_scheduling_round27\runs\stage2__V12_M1__c2_paper__300s\external\models\L2.0.0.0.0.0.1.0.lp
Reading time = 0.02 seconds
obj: 6225 rows, 648 columns, 59365 nonzeros
Set parameter TimeLimit to value 2.7185941740000004e+02
Warning: unknown variable 'r_max' in bounds section (line 6696)
Warning: unknown variable 'r_min' in bounds section (line 6697)
Read LP format model from file E:\codes\ExactEBRP\results\gf_paper_safe_gurobi_scheduling_round27\runs\stage2__V12_M1__c2_paper__300s\external\models\L2.0.0.0.0.0.1.1.lp
Reading time = 0.01 seconds
obj: 6225 rows, 648 columns, 59365 nonzeros
Set parameter TimeLimit to value 2.7169773310000005e+02
Warning: unknown variable 'r_max' in bounds section (line 6696)
Warning: unknown variable 'r_min' in bounds section (line 6697)
Read LP format model from file E:\codes\ExactEBRP\results\gf_paper_safe_gurobi_scheduling_round27\runs\stage2__V12_M1__c2_paper__300s\external\models\L2.0.0.0.1.0.0.0.0.lp
Reading time = 0.01 seconds
obj: 6225 rows, 648 columns, 59365 nonzeros
Set parameter TimeLimit to value 271.613985
Warning: unknown variable 'r_max' in bounds section (line 6696)
Warning: unknown variable 'r_min' in bounds section (line 6697)
Read LP format model from file E:\codes\ExactEBRP\results\gf_paper_safe_gurobi_scheduling_round27\runs\stage2__V12_M1__c2_paper__300s\external\models\L2.0.0.0.1.0.0.1.0.lp
Reading time = 0.02 seconds
obj: 6225 rows, 648 columns, 59365 nonzeros
Set parameter TimeLimit to value 2.7108679720000003e+02
Warning: unknown variable 'r_max' in bounds section (line 6696)
Warning: unknown variable 'r_min' in bounds section (line 6697)
Read LP format model from file E:\codes\ExactEBRP\results\gf_paper_safe_gurobi_scheduling_round27\runs\stage2__V12_M1__c2_paper__300s\external\models\L2.0.0.0.1.0.0.1.1.lp
Reading time = 0.01 seconds
obj: 6225 rows, 648 columns, 59365 nonzeros
Set parameter TimeLimit to value 270.9201684
Warning: unknown variable 'r_max' in bounds section (line 6696)
Warning: unknown variable 'r_min' in bounds section (line 6697)
Read LP format model from file E:\codes\ExactEBRP\results\gf_paper_safe_gurobi_scheduling_round27\runs\stage2__V12_M1__c2_paper__300s\external\models\L2.0.0.0.0.1.0.0.1.lp
Reading time = 0.02 seconds
obj: 6225 rows, 648 columns, 59365 nonzeros
Set parameter TimeLimit to value 2.7083844270000003e+02
Warning: unknown variable 'r_max' in bounds section (line 6696)
Warning: unknown variable 'r_min' in bounds section (line 6697)
Read LP format model from file E:\codes\ExactEBRP\results\gf_paper_safe_gurobi_scheduling_round27\runs\stage2__V12_M1__c2_paper__300s\external\models\L2.0.0.0.1.0.0.0.1.lp
Reading time = 0.01 seconds
obj: 6225 rows, 648 columns, 59365 nonzeros
Set parameter TimeLimit to value 2.7060508230000005e+02
Warning: unknown variable 'r_max' in bounds section (line 6696)
Warning: unknown variable 'r_min' in bounds section (line 6697)
Read LP format model from file E:\codes\ExactEBRP\results\gf_paper_safe_gurobi_scheduling_round27\runs\stage2__V12_M1__c2_paper__300s\external\models\L2.0.0.1.0.0.lp
Reading time = 0.02 seconds
obj: 6225 rows, 648 columns, 59365 nonzeros
Set parameter TimeLimit to value 270.0901523
Warning: unknown variable 'r_max' in bounds section (line 6696)
Warning: unknown variable 'r_min' in bounds section (line 6697)
Read LP format model from file E:\codes\ExactEBRP\results\gf_paper_safe_gurobi_scheduling_round27\runs\stage2__V12_M1__c2_paper__300s\external\models\L2.0.0.1.0.1.lp
Reading time = 0.02 seconds
obj: 6225 rows, 648 columns, 59365 nonzeros
Set parameter TimeLimit to value 269.9296509
Warning: unknown variable 'r_max' in bounds section (line 6696)
Warning: unknown variable 'r_min' in bounds section (line 6697)
Read LP format model from file E:\codes\ExactEBRP\results\gf_paper_safe_gurobi_scheduling_round27\runs\stage2__V12_M1__c2_paper__300s\external\models\L2.0.0.0.1.0.0.1.0.lp
Reading time = 0.01 seconds
obj: 6225 rows, 648 columns, 59365 nonzeros
Set parameter TimeLimit to value 269.8527265
Warning: unknown variable 'r_max' in bounds section (line 6696)
Warning: unknown variable 'r_min' in bounds section (line 6697)
Read LP format model from file E:\codes\ExactEBRP\results\gf_paper_safe_gurobi_scheduling_round27\runs\stage2__V12_M1__c2_paper__300s\external\models\L2.0.0.0.1.0.1.0.0.lp
Reading time = 0.02 seconds
obj: 6225 rows, 648 columns, 59365 nonzeros
Set parameter TimeLimit to value 2.6933410480000003e+02
Warning: unknown variable 'r_max' in bounds section (line 6696)
Warning: unknown variable 'r_min' in bounds section (line 6697)
Read LP format model from file E:\codes\ExactEBRP\results\gf_paper_safe_gurobi_scheduling_round27\runs\stage2__V12_M1__c2_paper__300s\external\models\L2.0.0.0.1.0.1.0.1.lp
Reading time = 0.02 seconds
obj: 6225 rows, 648 columns, 59365 nonzeros
Set parameter TimeLimit to value 2.6916721970000003e+02
Warning: unknown variable 'r_max' in bounds section (line 6696)
Warning: unknown variable 'r_min' in bounds section (line 6697)
Read LP format model from file E:\codes\ExactEBRP\results\gf_paper_safe_gurobi_scheduling_round27\runs\stage2__V12_M1__c2_paper__300s\external\models\L2.0.0.0.1.0.0.1.1.lp
Reading time = 0.01 seconds
obj: 6225 rows, 648 columns, 59365 nonzeros
Set parameter TimeLimit to value 2.6908506090000003e+02
Warning: unknown variable 'r_max' in bounds section (line 6696)
Warning: unknown variable 'r_min' in bounds section (line 6697)
Read LP format model from file E:\codes\ExactEBRP\results\gf_paper_safe_gurobi_scheduling_round27\runs\stage2__V12_M1__c2_paper__300s\external\models\L2.0.0.0.0.1.0.0.0.lp
Reading time = 0.02 seconds
obj: 6225 rows, 648 columns, 59365 nonzeros
Set parameter TimeLimit to value 268.6577997
Warning: unknown variable 'r_max' in bounds section (line 6696)
Warning: unknown variable 'r_min' in bounds section (line 6697)
Read LP format model from file E:\codes\ExactEBRP\results\gf_paper_safe_gurobi_scheduling_round27\runs\stage2__V12_M1__c2_paper__300s\external\models\L2.0.0.0.1.1.0.0.lp
Reading time = 0.01 seconds
obj: 6225 rows, 648 columns, 59365 nonzeros
Set parameter TimeLimit to value 268.3392787
Warning: unknown variable 'r_max' in bounds section (line 6696)
Warning: unknown variable 'r_min' in bounds section (line 6697)
Read LP format model from file E:\codes\ExactEBRP\results\gf_paper_safe_gurobi_scheduling_round27\runs\stage2__V12_M1__c2_paper__300s\external\models\L2.0.0.0.1.1.0.1.lp
Reading time = 0.01 seconds
obj: 6225 rows, 648 columns, 59365 nonzeros
Set parameter TimeLimit to value 2.6818112130000003e+02
Warning: unknown variable 'r_max' in bounds section (line 6696)
Warning: unknown variable 'r_min' in bounds section (line 6697)
Read LP format model from file E:\codes\ExactEBRP\results\gf_paper_safe_gurobi_scheduling_round27\runs\stage2__V12_M1__c2_paper__300s\external\models\L2.0.0.0.0.0.1.1.0.lp
Reading time = 0.02 seconds
obj: 6225 rows, 648 columns, 59365 nonzeros
Set parameter TimeLimit to value 268.0185319
Warning: unknown variable 'r_max' in bounds section (line 6696)
Warning: unknown variable 'r_min' in bounds section (line 6697)
Read LP format model from file E:\codes\ExactEBRP\results\gf_paper_safe_gurobi_scheduling_round27\runs\stage2__V12_M1__c2_paper__300s\external\models\L2.0.0.0.0.0.1.1.1.lp
Reading time = 0.01 seconds
obj: 6225 rows, 648 columns, 59365 nonzeros
Set parameter TimeLimit to value 2.6785506660000004e+02
Warning: unknown variable 'r_max' in bounds section (line 6696)
Warning: unknown variable 'r_min' in bounds section (line 6697)
Read LP format model from file E:\codes\ExactEBRP\results\gf_paper_safe_gurobi_scheduling_round27\runs\stage2__V12_M1__c2_paper__300s\external\models\L2.0.0.0.1.0.1.0.0.lp
Reading time = 0.02 seconds
obj: 6225 rows, 648 columns, 59365 nonzeros
Set parameter TimeLimit to value 267.7678727
Warning: unknown variable 'r_max' in bounds section (line 6696)
Warning: unknown variable 'r_min' in bounds section (line 6697)
Read LP format model from file E:\codes\ExactEBRP\results\gf_paper_safe_gurobi_scheduling_round27\runs\stage2__V12_M1__c2_paper__300s\external\models\L2.0.0.0.1.0.1.1.0.lp
Reading time = 0.02 seconds
obj: 6225 rows, 648 columns, 59365 nonzeros
Set parameter TimeLimit to value 2.6719981820000004e+02
Warning: unknown variable 'r_max' in bounds section (line 6696)
Warning: unknown variable 'r_min' in bounds section (line 6697)
Read LP format model from file E:\codes\ExactEBRP\results\gf_paper_safe_gurobi_scheduling_round27\runs\stage2__V12_M1__c2_paper__300s\external\models\L2.0.0.0.1.0.1.1.1.lp
Reading time = 0.01 seconds
obj: 6225 rows, 648 columns, 59365 nonzeros
Set parameter TimeLimit to value 267.0372989
Warning: unknown variable 'r_max' in bounds section (line 6696)
Warning: unknown variable 'r_min' in bounds section (line 6697)
Read LP format model from file E:\codes\ExactEBRP\results\gf_paper_safe_gurobi_scheduling_round27\runs\stage2__V12_M1__c2_paper__300s\external\models\L2.0.0.0.1.0.1.0.1.lp
Reading time = 0.02 seconds
obj: 6225 rows, 648 columns, 59365 nonzeros
Set parameter TimeLimit to value 2.6695755890000004e+02
Warning: unknown variable 'r_max' in bounds section (line 6696)
Warning: unknown variable 'r_min' in bounds section (line 6697)
Read LP format model from file E:\codes\ExactEBRP\results\gf_paper_safe_gurobi_scheduling_round27\runs\stage2__V12_M1__c2_paper__300s\external\models\L2.0.0.0.0.0.1.1.1.lp
Reading time = 0.02 seconds
obj: 6225 rows, 648 columns, 59365 nonzeros
Set parameter TimeLimit to value 2.6653000890000004e+02
Warning: unknown variable 'r_max' in bounds section (line 6696)
Warning: unknown variable 'r_min' in bounds section (line 6697)
Read LP format model from file E:\codes\ExactEBRP\results\gf_paper_safe_gurobi_scheduling_round27\runs\stage2__V12_M1__c2_paper__300s\external\models\L2.0.0.0.1.0.1.1.0.lp
Reading time = 0.01 seconds
obj: 6225 rows, 648 columns, 59365 nonzeros
Set parameter TimeLimit to value 266.2935876
Warning: unknown variable 'r_max' in bounds section (line 6696)
Warning: unknown variable 'r_min' in bounds section (line 6697)
Read LP format model from file E:\codes\ExactEBRP\results\gf_paper_safe_gurobi_scheduling_round27\runs\stage2__V12_M1__c2_paper__300s\external\models\L2.0.0.0.1.1.0.0.0.lp
Reading time = 0.02 seconds
obj: 6225 rows, 648 columns, 59365 nonzeros
Set parameter TimeLimit to value 2.6577464940000004e+02
Warning: unknown variable 'r_max' in bounds section (line 6696)
Warning: unknown variable 'r_min' in bounds section (line 6697)
Read LP format model from file E:\codes\ExactEBRP\results\gf_paper_safe_gurobi_scheduling_round27\runs\stage2__V12_M1__c2_paper__300s\external\models\L2.0.0.0.1.1.0.0.1.lp
Reading time = 0.01 seconds
obj: 6225 rows, 648 columns, 59365 nonzeros
Set parameter TimeLimit to value 2.6561156040000003e+02
Warning: unknown variable 'r_max' in bounds section (line 6696)
Warning: unknown variable 'r_min' in bounds section (line 6697)
Read LP format model from file E:\codes\ExactEBRP\results\gf_paper_safe_gurobi_scheduling_round27\runs\stage2__V12_M1__c2_paper__300s\external\models\L2.0.0.0.1.0.1.1.1.lp
Reading time = 0.02 seconds
obj: 6225 rows, 648 columns, 59365 nonzeros
Set parameter TimeLimit to value 265.5312841
Warning: unknown variable 'r_max' in bounds section (line 6696)
Warning: unknown variable 'r_min' in bounds section (line 6697)
Read LP format model from file E:\codes\ExactEBRP\results\gf_paper_safe_gurobi_scheduling_round27\runs\stage2__V12_M1__c2_paper__300s\external\models\L2.0.0.1.0.0.0.lp
Reading time = 0.02 seconds
obj: 6225 rows, 648 columns, 59365 nonzeros
Set parameter TimeLimit to value 264.9312959
Warning: unknown variable 'r_max' in bounds section (line 6696)
Warning: unknown variable 'r_min' in bounds section (line 6697)
Read LP format model from file E:\codes\ExactEBRP\results\gf_paper_safe_gurobi_scheduling_round27\runs\stage2__V12_M1__c2_paper__300s\external\models\L2.0.0.1.0.0.1.lp
Reading time = 0.02 seconds
obj: 6225 rows, 648 columns, 59365 nonzeros
Set parameter TimeLimit to value 264.7389921
Warning: unknown variable 'r_max' in bounds section (line 6696)
Warning: unknown variable 'r_min' in bounds section (line 6697)
Read LP format model from file E:\codes\ExactEBRP\results\gf_paper_safe_gurobi_scheduling_round27\runs\stage2__V12_M1__c2_paper__300s\external\models\L2.0.0.0.1.1.0.0.0.lp
Reading time = 0.02 seconds
obj: 6225 rows, 648 columns, 59365 nonzeros
Set parameter TimeLimit to value 2.6465735720000004e+02
Warning: unknown variable 'r_max' in bounds section (line 6696)
Warning: unknown variable 'r_min' in bounds section (line 6697)
Read LP format model from file E:\codes\ExactEBRP\results\gf_paper_safe_gurobi_scheduling_round27\runs\stage2__V12_M1__c2_paper__300s\external\models\L2.0.0.0.1.1.1.0.lp
Reading time = 0.02 seconds
obj: 6225 rows, 648 columns, 59365 nonzeros
Set parameter TimeLimit to value 264.0714151
Warning: unknown variable 'r_max' in bounds section (line 6696)
Warning: unknown variable 'r_min' in bounds section (line 6697)
Read LP format model from file E:\codes\ExactEBRP\results\gf_paper_safe_gurobi_scheduling_round27\runs\stage2__V12_M1__c2_paper__300s\external\models\L2.0.0.0.1.1.1.1.lp
Reading time = 0.01 seconds
obj: 6225 rows, 648 columns, 59365 nonzeros
Set parameter TimeLimit to value 2.6391207310000004e+02
Warning: unknown variable 'r_max' in bounds section (line 6696)
Warning: unknown variable 'r_min' in bounds section (line 6697)
Read LP format model from file E:\codes\ExactEBRP\results\gf_paper_safe_gurobi_scheduling_round27\runs\stage2__V12_M1__c2_paper__300s\external\models\L2.0.0.0.0.0.1.1.0.lp
Reading time = 0.01 seconds
obj: 6225 rows, 648 columns, 59365 nonzeros
Set parameter TimeLimit to value 2.6383255010000005e+02
Warning: unknown variable 'r_max' in bounds section (line 6696)
Warning: unknown variable 'r_min' in bounds section (line 6697)
Read LP format model from file E:\codes\ExactEBRP\results\gf_paper_safe_gurobi_scheduling_round27\runs\stage2__V12_M1__c2_paper__300s\external\models\L2.0.0.0.1.1.0.1.0.lp
Reading time = 0.02 seconds
obj: 6225 rows, 648 columns, 59365 nonzeros
Set parameter TimeLimit to value 263.5303743
Warning: unknown variable 'r_max' in bounds section (line 6696)
Warning: unknown variable 'r_min' in bounds section (line 6697)
Read LP format model from file E:\codes\ExactEBRP\results\gf_paper_safe_gurobi_scheduling_round27\runs\stage2__V12_M1__c2_paper__300s\external\models\L2.0.0.0.1.1.0.1.1.lp
Reading time = 0.02 seconds
obj: 6225 rows, 648 columns, 59365 nonzeros
Set parameter TimeLimit to value 2.6337040690000003e+02
Warning: unknown variable 'r_max' in bounds section (line 6696)
Warning: unknown variable 'r_min' in bounds section (line 6697)
Read LP format model from file E:\codes\ExactEBRP\results\gf_paper_safe_gurobi_scheduling_round27\runs\stage2__V12_M1__c2_paper__300s\external\models\L2.0.0.0.1.1.0.0.1.lp
Reading time = 0.02 seconds
obj: 6225 rows, 648 columns, 59365 nonzeros
Set parameter TimeLimit to value 263.2882017
Warning: unknown variable 'r_max' in bounds section (line 6696)
Warning: unknown variable 'r_min' in bounds section (line 6697)
Read LP format model from file E:\codes\ExactEBRP\results\gf_paper_safe_gurobi_scheduling_round27\runs\stage2__V12_M1__c2_paper__300s\external\models\L2.0.0.0.1.1.0.1.0.lp
Reading time = 0.02 seconds
obj: 6225 rows, 648 columns, 59365 nonzeros
Set parameter TimeLimit to value 2.6271303120000005e+02
Warning: unknown variable 'r_max' in bounds section (line 6696)
Warning: unknown variable 'r_min' in bounds section (line 6697)
Read LP format model from file E:\codes\ExactEBRP\results\gf_paper_safe_gurobi_scheduling_round27\runs\stage2__V12_M1__c2_paper__300s\external\models\L2.0.0.0.1.1.1.0.0.lp
Reading time = 0.02 seconds
obj: 6225 rows, 648 columns, 59365 nonzeros
Set parameter TimeLimit to value 2.6209794780000004e+02
Warning: unknown variable 'r_max' in bounds section (line 6696)
Warning: unknown variable 'r_min' in bounds section (line 6697)
Read LP format model from file E:\codes\ExactEBRP\results\gf_paper_safe_gurobi_scheduling_round27\runs\stage2__V12_M1__c2_paper__300s\external\models\L2.0.0.0.1.1.1.0.1.lp
Reading time = 0.02 seconds
obj: 6225 rows, 648 columns, 59365 nonzeros
Set parameter TimeLimit to value 2.6193762100000004e+02
Warning: unknown variable 'r_max' in bounds section (line 6696)
Warning: unknown variable 'r_min' in bounds section (line 6697)
Read LP format model from file E:\codes\ExactEBRP\results\gf_paper_safe_gurobi_scheduling_round27\runs\stage2__V12_M1__c2_paper__300s\external\models\L2.0.0.0.0.0.1.0.0.lp
Reading time = 0.02 seconds
obj: 6225 rows, 648 columns, 59365 nonzeros
Set parameter TimeLimit to value 261.7779608
Warning: unknown variable 'r_max' in bounds section (line 6696)
Warning: unknown variable 'r_min' in bounds section (line 6697)
Read LP format model from file E:\codes\ExactEBRP\results\gf_paper_safe_gurobi_scheduling_round27\runs\stage2__V12_M1__c2_paper__300s\external\models\L2.0.0.0.0.0.1.0.1.lp
Reading time = 0.02 seconds
obj: 6225 rows, 648 columns, 59365 nonzeros
Set parameter TimeLimit to value 2.6161756660000003e+02
Warning: unknown variable 'r_max' in bounds section (line 6696)
Warning: unknown variable 'r_min' in bounds section (line 6697)
Read LP format model from file E:\codes\ExactEBRP\results\gf_paper_safe_gurobi_scheduling_round27\runs\stage2__V12_M1__c2_paper__300s\external\models\L2.0.0.0.1.1.0.1.1.lp
Reading time = 0.01 seconds
obj: 6225 rows, 648 columns, 59365 nonzeros
Set parameter TimeLimit to value 261.5329376
Warning: unknown variable 'r_max' in bounds section (line 6696)
Warning: unknown variable 'r_min' in bounds section (line 6697)
Read LP format model from file E:\codes\ExactEBRP\results\gf_paper_safe_gurobi_scheduling_round27\runs\stage2__V12_M1__c2_paper__300s\external\models\L2.0.0.0.1.1.1.0.0.lp
Reading time = 0.02 seconds
obj: 6225 rows, 648 columns, 59365 nonzeros
Set parameter TimeLimit to value 260.9777566
Warning: unknown variable 'r_max' in bounds section (line 6696)
Warning: unknown variable 'r_min' in bounds section (line 6697)
Read LP format model from file E:\codes\ExactEBRP\results\gf_paper_safe_gurobi_scheduling_round27\runs\stage2__V12_M1__c2_paper__300s\external\models\L2.0.0.1.0.0.0.0.lp
Reading time = 0.02 seconds
obj: 6225 rows, 648 columns, 59365 nonzeros
Set parameter TimeLimit to value 2.6029428770000004e+02
Warning: unknown variable 'r_max' in bounds section (line 6696)
Warning: unknown variable 'r_min' in bounds section (line 6697)
Read LP format model from file E:\codes\ExactEBRP\results\gf_paper_safe_gurobi_scheduling_round27\runs\stage2__V12_M1__c2_paper__300s\external\models\L2.0.0.1.0.0.0.1.lp
Reading time = 0.01 seconds
obj: 6225 rows, 648 columns, 59365 nonzeros
Set parameter TimeLimit to value 260.1293551
Warning: unknown variable 'r_max' in bounds section (line 6696)
Warning: unknown variable 'r_min' in bounds section (line 6697)
Read LP format model from file E:\codes\ExactEBRP\results\gf_paper_safe_gurobi_scheduling_round27\runs\stage2__V12_M1__c2_paper__300s\external\models\L2.0.0.0.0.0.1.0.1.lp
Reading time = 0.01 seconds
obj: 6225 rows, 648 columns, 59365 nonzeros
Set parameter TimeLimit to value 2.6004968920000005e+02
Warning: unknown variable 'r_max' in bounds section (line 6696)
Warning: unknown variable 'r_min' in bounds section (line 6697)
Read LP format model from file E:\codes\ExactEBRP\results\gf_paper_safe_gurobi_scheduling_round27\runs\stage2__V12_M1__c2_paper__300s\external\models\L2.0.0.0.1.1.1.1.0.lp
Reading time = 0.02 seconds
obj: 6225 rows, 648 columns, 59365 nonzeros
Set parameter TimeLimit to value 2.5973646130000003e+02
Warning: unknown variable 'r_max' in bounds section (line 6696)
Warning: unknown variable 'r_min' in bounds section (line 6697)
Read LP format model from file E:\codes\ExactEBRP\results\gf_paper_safe_gurobi_scheduling_round27\runs\stage2__V12_M1__c2_paper__300s\external\models\L2.0.0.0.1.1.1.1.1.lp
Reading time = 0.02 seconds
obj: 6225 rows, 648 columns, 59365 nonzeros
Set parameter TimeLimit to value 259.5450591
Warning: unknown variable 'r_max' in bounds section (line 6696)
Warning: unknown variable 'r_min' in bounds section (line 6697)
Read LP format model from file E:\codes\ExactEBRP\results\gf_paper_safe_gurobi_scheduling_round27\runs\stage2__V12_M1__c2_paper__300s\external\models\L2.0.0.0.1.1.1.0.1.lp
Reading time = 0.01 seconds
obj: 6225 rows, 648 columns, 59365 nonzeros
Set parameter TimeLimit to value 2.5946366700000004e+02
Warning: unknown variable 'r_max' in bounds section (line 6696)
Warning: unknown variable 'r_min' in bounds section (line 6697)
Read LP format model from file E:\codes\ExactEBRP\results\gf_paper_safe_gurobi_scheduling_round27\runs\stage2__V12_M1__c2_paper__300s\external\models\L2.0.0.0.1.1.1.1.0.lp
Reading time = 0.02 seconds
obj: 6225 rows, 648 columns, 59365 nonzeros
Set parameter TimeLimit to value 258.905001
Warning: unknown variable 'r_max' in bounds section (line 6696)
Warning: unknown variable 'r_min' in bounds section (line 6697)
Read LP format model from file E:\codes\ExactEBRP\results\gf_paper_safe_gurobi_scheduling_round27\runs\stage2__V12_M1__c2_paper__300s\external\models\L2.0.0.1.0.0.0.0.0.lp
Reading time = 0.02 seconds
obj: 6225 rows, 648 columns, 59365 nonzeros
Set parameter TimeLimit to value 2.5808274500000005e+02
Warning: unknown variable 'r_max' in bounds section (line 6696)
Warning: unknown variable 'r_min' in bounds section (line 6697)
Read LP format model from file E:\codes\ExactEBRP\results\gf_paper_safe_gurobi_scheduling_round27\runs\stage2__V12_M1__c2_paper__300s\external\models\L2.0.0.1.0.0.0.0.1.lp
Reading time = 0.02 seconds
obj: 6225 rows, 648 columns, 59365 nonzeros
Set parameter TimeLimit to value 257.9190937
Warning: unknown variable 'r_max' in bounds section (line 6696)
Warning: unknown variable 'r_min' in bounds section (line 6697)
Read LP format model from file E:\codes\ExactEBRP\results\gf_paper_safe_gurobi_scheduling_round27\runs\stage2__V12_M1__c2_paper__300s\external\models\L2.0.0.0.1.1.1.1.1.lp
Reading time = 0.01 seconds
obj: 6225 rows, 648 columns, 59365 nonzeros
Set parameter TimeLimit to value 257.839129
Warning: unknown variable 'r_max' in bounds section (line 6696)
Warning: unknown variable 'r_min' in bounds section (line 6697)
Read LP format model from file E:\codes\ExactEBRP\results\gf_paper_safe_gurobi_scheduling_round27\runs\stage2__V12_M1__c2_paper__300s\external\models\L1.1.1.1.0.lp
Reading time = 0.02 seconds
obj: 6225 rows, 648 columns, 59365 nonzeros
Set parameter TimeLimit to value 257.2045157
Warning: unknown variable 'r_max' in bounds section (line 6696)
Warning: unknown variable 'r_min' in bounds section (line 6697)
Read LP format model from file E:\codes\ExactEBRP\results\gf_paper_safe_gurobi_scheduling_round27\runs\stage2__V12_M1__c2_paper__300s\external\models\L1.1.1.1.1.lp
Reading time = 0.02 seconds
obj: 6225 rows, 648 columns, 59365 nonzeros
Set parameter TimeLimit to value 257.0548878
Warning: unknown variable 'r_max' in bounds section (line 6696)
Warning: unknown variable 'r_min' in bounds section (line 6697)
Read LP format model from file E:\codes\ExactEBRP\results\gf_paper_safe_gurobi_scheduling_round27\runs\stage2__V12_M1__c2_paper__300s\external\models\L2.0.0.1.0.0.0.0.0.lp
Reading time = 0.01 seconds
obj: 6225 rows, 648 columns, 59365 nonzeros
Set parameter TimeLimit to value 256.9778091
Warning: unknown variable 'r_max' in bounds section (line 6696)
Warning: unknown variable 'r_min' in bounds section (line 6697)
Read LP format model from file E:\codes\ExactEBRP\results\gf_paper_safe_gurobi_scheduling_round27\runs\stage2__V12_M1__c2_paper__300s\external\models\L2.0.0.1.0.0.1.0.lp
Reading time = 0.02 seconds
obj: 6225 rows, 648 columns, 59365 nonzeros
Set parameter TimeLimit to value 256.3536773
Warning: unknown variable 'r_max' in bounds section (line 6696)
Warning: unknown variable 'r_min' in bounds section (line 6697)
Read LP format model from file E:\codes\ExactEBRP\results\gf_paper_safe_gurobi_scheduling_round27\runs\stage2__V12_M1__c2_paper__300s\external\models\L2.0.0.1.0.0.1.1.lp
Reading time = 0.01 seconds
obj: 6225 rows, 648 columns, 59365 nonzeros
Set parameter TimeLimit to value 2.5619536070000004e+02
Warning: unknown variable 'r_max' in bounds section (line 6696)
Warning: unknown variable 'r_min' in bounds section (line 6697)
Read LP format model from file E:\codes\ExactEBRP\results\gf_paper_safe_gurobi_scheduling_round27\runs\stage2__V12_M1__c2_paper__300s\external\models\L2.0.0.1.0.0.0.1.0.lp
Reading time = 0.01 seconds
obj: 6225 rows, 648 columns, 59365 nonzeros
Set parameter TimeLimit to value 256.0368681
Warning: unknown variable 'r_max' in bounds section (line 6696)
Warning: unknown variable 'r_min' in bounds section (line 6697)
Read LP format model from file E:\codes\ExactEBRP\results\gf_paper_safe_gurobi_scheduling_round27\runs\stage2__V12_M1__c2_paper__300s\external\models\L2.0.0.1.0.0.0.1.1.lp
Reading time = 0.02 seconds
obj: 6225 rows, 648 columns, 59365 nonzeros
Set parameter TimeLimit to value 2.5587666330000002e+02
Warning: unknown variable 'r_max' in bounds section (line 6696)
Warning: unknown variable 'r_min' in bounds section (line 6697)
Read LP format model from file E:\codes\ExactEBRP\results\gf_paper_safe_gurobi_scheduling_round27\runs\stage2__V12_M1__c2_paper__300s\external\models\L2.0.0.1.0.0.0.0.1.lp
Reading time = 0.02 seconds
obj: 6225 rows, 648 columns, 59365 nonzeros
Set parameter TimeLimit to value 2.5579877190000002e+02
Warning: unknown variable 'r_max' in bounds section (line 6696)
Warning: unknown variable 'r_min' in bounds section (line 6697)
Read LP format model from file E:\codes\ExactEBRP\results\gf_paper_safe_gurobi_scheduling_round27\runs\stage2__V12_M1__c2_paper__300s\external\models\L2.0.0.1.0.0.0.1.0.lp
Reading time = 0.02 seconds
obj: 6225 rows, 648 columns, 59365 nonzeros
Set parameter TimeLimit to value 255.0150259
Warning: unknown variable 'r_max' in bounds section (line 6696)
Warning: unknown variable 'r_min' in bounds section (line 6697)
Read LP format model from file E:\codes\ExactEBRP\results\gf_paper_safe_gurobi_scheduling_round27\runs\stage2__V12_M1__c2_paper__300s\external\models\L2.0.0.1.0.0.1.0.0.lp
Reading time = 0.02 seconds
obj: 6225 rows, 648 columns, 59365 nonzeros
Set parameter TimeLimit to value 2.5416609210000001e+02
Warning: unknown variable 'r_max' in bounds section (line 6696)
Warning: unknown variable 'r_min' in bounds section (line 6697)
Read LP format model from file E:\codes\ExactEBRP\results\gf_paper_safe_gurobi_scheduling_round27\runs\stage2__V12_M1__c2_paper__300s\external\models\L2.0.0.1.0.0.1.0.1.lp
Reading time = 0.02 seconds
obj: 6225 rows, 648 columns, 59365 nonzeros
Set parameter TimeLimit to value 2.5400881970000003e+02
Warning: unknown variable 'r_max' in bounds section (line 6696)
Warning: unknown variable 'r_min' in bounds section (line 6697)
Read LP format model from file E:\codes\ExactEBRP\results\gf_paper_safe_gurobi_scheduling_round27\runs\stage2__V12_M1__c2_paper__300s\external\models\L2.0.0.1.0.0.0.1.1.lp
Reading time = 0.02 seconds
obj: 6225 rows, 648 columns, 59365 nonzeros
Set parameter TimeLimit to value 253.9328125
Warning: unknown variable 'r_max' in bounds section (line 6696)
Warning: unknown variable 'r_min' in bounds section (line 6697)
Read LP format model from file E:\codes\ExactEBRP\results\gf_paper_safe_gurobi_scheduling_round27\runs\stage2__V12_M1__c2_paper__300s\external\models\L2.0.0.1.0.0.1.0.0.lp
Reading time = 0.02 seconds
obj: 6225 rows, 648 columns, 59365 nonzeros
Set parameter TimeLimit to value 2.5311868010000003e+02
Warning: unknown variable 'r_max' in bounds section (line 6696)
Warning: unknown variable 'r_min' in bounds section (line 6697)
Read LP format model from file E:\codes\ExactEBRP\results\gf_paper_safe_gurobi_scheduling_round27\runs\stage2__V12_M1__c2_paper__300s\external\models\L2.0.0.0.0.0.1.0.0.lp
Reading time = 0.02 seconds
obj: 6225 rows, 648 columns, 59365 nonzeros
Set parameter TimeLimit to value 2.5232264780000003e+02
Warning: unknown variable 'r_max' in bounds section (line 6696)
Warning: unknown variable 'r_min' in bounds section (line 6697)
Read LP format model from file E:\codes\ExactEBRP\results\gf_paper_safe_gurobi_scheduling_round27\runs\stage2__V12_M1__c2_paper__300s\external\models\L2.0.0.1.0.0.1.0.1.lp
Reading time = 0.02 seconds
obj: 6225 rows, 648 columns, 59365 nonzeros
Set parameter TimeLimit to value 2.5209688060000002e+02
Warning: unknown variable 'r_max' in bounds section (line 6696)
Warning: unknown variable 'r_min' in bounds section (line 6697)
Read LP format model from file E:\codes\ExactEBRP\results\gf_paper_safe_gurobi_scheduling_round27\runs\stage2__V12_M1__c2_paper__300s\external\models\L2.0.0.1.0.0.1.1.0.lp
Reading time = 0.02 seconds
obj: 6225 rows, 648 columns, 59365 nonzeros
Set parameter TimeLimit to value 2.5122689960000002e+02
Warning: unknown variable 'r_max' in bounds section (line 6696)
Warning: unknown variable 'r_min' in bounds section (line 6697)
Read LP format model from file E:\codes\ExactEBRP\results\gf_paper_safe_gurobi_scheduling_round27\runs\stage2__V12_M1__c2_paper__300s\external\models\L2.0.0.1.0.0.1.1.1.lp
Reading time = 0.01 seconds
obj: 6225 rows, 648 columns, 59365 nonzeros
Set parameter TimeLimit to value 2.5106988900000002e+02
Warning: unknown variable 'r_max' in bounds section (line 6696)
Warning: unknown variable 'r_min' in bounds section (line 6697)
Read LP format model from file E:\codes\ExactEBRP\results\gf_paper_safe_gurobi_scheduling_round27\runs\stage2__V12_M1__c2_paper__300s\external\models\L2.0.0.1.0.1.0.lp
Reading time = 0.01 seconds
obj: 6225 rows, 648 columns, 59365 nonzeros
Set parameter TimeLimit to value 2.5090878270000002e+02
Warning: unknown variable 'r_max' in bounds section (line 6696)
Warning: unknown variable 'r_min' in bounds section (line 6697)
Read LP format model from file E:\codes\ExactEBRP\results\gf_paper_safe_gurobi_scheduling_round27\runs\stage2__V12_M1__c2_paper__300s\external\models\L2.0.0.1.0.1.1.lp
Reading time = 0.01 seconds
obj: 6225 rows, 648 columns, 59365 nonzeros
Set parameter TimeLimit to value 250.7497672
Warning: unknown variable 'r_max' in bounds section (line 6696)
Warning: unknown variable 'r_min' in bounds section (line 6697)
Read LP format model from file E:\codes\ExactEBRP\results\gf_paper_safe_gurobi_scheduling_round27\runs\stage2__V12_M1__c2_paper__300s\external\models\L2.0.0.1.0.0.1.1.0.lp
Reading time = 0.02 seconds
obj: 6225 rows, 648 columns, 59365 nonzeros
Set parameter TimeLimit to value 2.5066913760000003e+02
Warning: unknown variable 'r_max' in bounds section (line 6696)
Warning: unknown variable 'r_min' in bounds section (line 6697)
Read LP format model from file E:\codes\ExactEBRP\results\gf_paper_safe_gurobi_scheduling_round27\runs\stage2__V12_M1__c2_paper__300s\external\models\L2.0.0.1.0.0.1.1.1.lp
Reading time = 0.01 seconds
obj: 6225 rows, 648 columns, 59365 nonzeros
Set parameter TimeLimit to value 2.4991770150000002e+02
Warning: unknown variable 'r_max' in bounds section (line 6696)
Warning: unknown variable 'r_min' in bounds section (line 6697)
Read LP format model from file E:\codes\ExactEBRP\results\gf_paper_safe_gurobi_scheduling_round27\runs\stage2__V12_M1__c2_paper__300s\external\models\L2.0.0.1.0.1.0.0.lp
Reading time = 0.01 seconds
obj: 6225 rows, 648 columns, 59365 nonzeros
Set parameter TimeLimit to value 2.4904328610000002e+02
Warning: unknown variable 'r_max' in bounds section (line 6696)
Warning: unknown variable 'r_min' in bounds section (line 6697)
Read LP format model from file E:\codes\ExactEBRP\results\gf_paper_safe_gurobi_scheduling_round27\runs\stage2__V12_M1__c2_paper__300s\external\models\L2.0.0.1.0.1.0.1.lp
Reading time = 0.01 seconds
obj: 6225 rows, 648 columns, 59365 nonzeros
Set parameter TimeLimit to value 2.4888960990000004e+02
Warning: unknown variable 'r_max' in bounds section (line 6696)
Warning: unknown variable 'r_min' in bounds section (line 6697)
Read LP format model from file E:\codes\ExactEBRP\results\gf_paper_safe_gurobi_scheduling_round27\runs\stage2__V12_M1__c2_paper__300s\external\models\L2.0.0.1.0.1.0.0.0.lp
Reading time = 0.02 seconds
obj: 6225 rows, 648 columns, 59365 nonzeros
Set parameter TimeLimit to value 2.4872617790000004e+02
Warning: unknown variable 'r_max' in bounds section (line 6696)
Warning: unknown variable 'r_min' in bounds section (line 6697)
Read LP format model from file E:\codes\ExactEBRP\results\gf_paper_safe_gurobi_scheduling_round27\runs\stage2__V12_M1__c2_paper__300s\external\models\L2.0.0.1.0.1.0.0.1.lp
Reading time = 0.01 seconds
obj: 6225 rows, 648 columns, 59365 nonzeros
Set parameter TimeLimit to value 2.4857197100000002e+02
Warning: unknown variable 'r_max' in bounds section (line 6696)
Warning: unknown variable 'r_min' in bounds section (line 6697)
Read LP format model from file E:\codes\ExactEBRP\results\gf_paper_safe_gurobi_scheduling_round27\runs\stage2__V12_M1__c2_paper__300s\external\models\L2.0.0.0.0.0.0.0.lp
Reading time = 0.01 seconds
obj: 6225 rows, 648 columns, 59365 nonzeros
Set parameter TimeLimit to value 2.4841446200000001e+02
Warning: unknown variable 'r_max' in bounds section (line 6696)
Warning: unknown variable 'r_min' in bounds section (line 6697)
Read LP format model from file E:\codes\ExactEBRP\results\gf_paper_safe_gurobi_scheduling_round27\runs\stage2__V12_M1__c2_paper__300s\external\models\L2.0.0.0.0.0.0.1.lp
Reading time = 0.01 seconds
obj: 6225 rows, 648 columns, 59365 nonzeros
Set parameter TimeLimit to value 2.4825514270000002e+02
Warning: unknown variable 'r_max' in bounds section (line 6696)
Warning: unknown variable 'r_min' in bounds section (line 6697)
Read LP format model from file E:\codes\ExactEBRP\results\gf_paper_safe_gurobi_scheduling_round27\runs\stage2__V12_M1__c2_paper__300s\external\models\L2.0.0.1.0.1.0.0.0.lp
Reading time = 0.02 seconds
obj: 6225 rows, 648 columns, 59365 nonzeros
Set parameter TimeLimit to value 248.1675672
Warning: unknown variable 'r_max' in bounds section (line 6696)
Warning: unknown variable 'r_min' in bounds section (line 6697)
Read LP format model from file E:\codes\ExactEBRP\results\gf_paper_safe_gurobi_scheduling_round27\runs\stage2__V12_M1__c2_paper__300s\external\models\L2.0.0.1.0.1.0.0.1.lp
Reading time = 0.01 seconds
obj: 6225 rows, 648 columns, 59365 nonzeros
Set parameter TimeLimit to value 2.4732840080000003e+02
Warning: unknown variable 'r_max' in bounds section (line 6696)
Warning: unknown variable 'r_min' in bounds section (line 6697)
Read LP format model from file E:\codes\ExactEBRP\results\gf_paper_safe_gurobi_scheduling_round27\runs\stage2__V12_M1__c2_paper__300s\external\models\L2.0.0.0.0.0.0.1.0.lp
Reading time = 0.02 seconds
obj: 6225 rows, 648 columns, 59365 nonzeros
Set parameter TimeLimit to value 2.4642006070000002e+02
Warning: unknown variable 'r_max' in bounds section (line 6696)
Warning: unknown variable 'r_min' in bounds section (line 6697)
Read LP format model from file E:\codes\ExactEBRP\results\gf_paper_safe_gurobi_scheduling_round27\runs\stage2__V12_M1__c2_paper__300s\external\models\L2.0.0.0.0.0.0.1.1.lp
Reading time = 0.01 seconds
obj: 6225 rows, 648 columns, 59365 nonzeros
Set parameter TimeLimit to value 2.4625324010000003e+02
Warning: unknown variable 'r_max' in bounds section (line 6696)
Warning: unknown variable 'r_min' in bounds section (line 6697)
Read LP format model from file E:\codes\ExactEBRP\results\gf_paper_safe_gurobi_scheduling_round27\runs\stage2__V12_M1__c2_paper__300s\external\models\L2.0.0.1.0.1.0.1.0.lp
Reading time = 0.01 seconds
obj: 6225 rows, 648 columns, 59365 nonzeros
Set parameter TimeLimit to value 246.0883736
Warning: unknown variable 'r_max' in bounds section (line 6696)
Warning: unknown variable 'r_min' in bounds section (line 6697)
Read LP format model from file E:\codes\ExactEBRP\results\gf_paper_safe_gurobi_scheduling_round27\runs\stage2__V12_M1__c2_paper__300s\external\models\L2.0.0.1.0.1.0.1.1.lp
Reading time = 0.01 seconds
obj: 6225 rows, 648 columns, 59365 nonzeros
Set parameter TimeLimit to value 2.4593280000000001e+02
Warning: unknown variable 'r_max' in bounds section (line 6696)
Warning: unknown variable 'r_min' in bounds section (line 6697)
Read LP format model from file E:\codes\ExactEBRP\results\gf_paper_safe_gurobi_scheduling_round27\runs\stage2__V12_M1__c2_paper__300s\external\models\L2.0.0.1.0.1.0.1.0.lp
Reading time = 0.02 seconds
obj: 6225 rows, 648 columns, 59365 nonzeros
Set parameter TimeLimit to value 2.4585664300000002e+02
Warning: unknown variable 'r_max' in bounds section (line 6696)
Warning: unknown variable 'r_min' in bounds section (line 6697)
Read LP format model from file E:\codes\ExactEBRP\results\gf_paper_safe_gurobi_scheduling_round27\runs\stage2__V12_M1__c2_paper__300s\external\models\L2.0.0.0.0.0.0.1.1.lp
Reading time = 0.02 seconds
obj: 6225 rows, 648 columns, 59365 nonzeros
Set parameter TimeLimit to value 2.4474918920000002e+02
Warning: unknown variable 'r_max' in bounds section (line 6696)
Warning: unknown variable 'r_min' in bounds section (line 6697)
Read LP format model from file E:\codes\ExactEBRP\results\gf_paper_safe_gurobi_scheduling_round27\runs\stage2__V12_M1__c2_paper__300s\external\models\L2.0.0.1.0.1.0.1.1.lp
Reading time = 0.02 seconds
obj: 6225 rows, 648 columns, 59365 nonzeros
Set parameter TimeLimit to value 2.4452214850000001e+02
Warning: unknown variable 'r_max' in bounds section (line 6696)
Warning: unknown variable 'r_min' in bounds section (line 6697)
Read LP format model from file E:\codes\ExactEBRP\results\gf_paper_safe_gurobi_scheduling_round27\runs\stage2__V12_M1__c2_paper__300s\external\models\L2.0.0.1.0.1.1.0.lp
Reading time = 0.02 seconds
obj: 6225 rows, 648 columns, 59365 nonzeros
Set parameter TimeLimit to value 2.4337010320000002e+02
Warning: unknown variable 'r_max' in bounds section (line 6696)
Warning: unknown variable 'r_min' in bounds section (line 6697)
Read LP format model from file E:\codes\ExactEBRP\results\gf_paper_safe_gurobi_scheduling_round27\runs\stage2__V12_M1__c2_paper__300s\external\models\L2.0.0.1.0.1.1.1.lp
Reading time = 0.02 seconds
obj: 6225 rows, 648 columns, 59365 nonzeros
Set parameter TimeLimit to value 243.2017801
Warning: unknown variable 'r_max' in bounds section (line 6696)
Warning: unknown variable 'r_min' in bounds section (line 6697)
Read LP format model from file E:\codes\ExactEBRP\results\gf_paper_safe_gurobi_scheduling_round27\runs\stage2__V12_M1__c2_paper__300s\external\models\L2.0.0.1.0.1.1.0.0.lp
Reading time = 0.02 seconds
obj: 6225 rows, 648 columns, 59365 nonzeros
Set parameter TimeLimit to value 2.4303787860000003e+02
Warning: unknown variable 'r_max' in bounds section (line 6696)
Warning: unknown variable 'r_min' in bounds section (line 6697)
Read LP format model from file E:\codes\ExactEBRP\results\gf_paper_safe_gurobi_scheduling_round27\runs\stage2__V12_M1__c2_paper__300s\external\models\L2.0.0.1.0.1.1.0.1.lp
Reading time = 0.02 seconds
obj: 6225 rows, 648 columns, 59365 nonzeros
Set parameter TimeLimit to value 2.4287679580000002e+02
Warning: unknown variable 'r_max' in bounds section (line 6696)
Warning: unknown variable 'r_min' in bounds section (line 6697)
Read LP format model from file E:\codes\ExactEBRP\results\gf_paper_safe_gurobi_scheduling_round27\runs\stage2__V12_M1__c2_paper__300s\external\models\L2.0.0.1.0.1.1.0.0.lp
Reading time = 0.02 seconds
obj: 6225 rows, 648 columns, 59365 nonzeros
Set parameter TimeLimit to value 2.4279924850000003e+02
Warning: unknown variable 'r_max' in bounds section (line 6696)
Warning: unknown variable 'r_min' in bounds section (line 6697)
Read LP format model from file E:\codes\ExactEBRP\results\gf_paper_safe_gurobi_scheduling_round27\runs\stage2__V12_M1__c2_paper__300s\external\models\L2.0.0.1.1.0.lp
Reading time = 0.02 seconds
obj: 6225 rows, 648 columns, 59365 nonzeros
Set parameter TimeLimit to value 2.4160016210000003e+02
Warning: unknown variable 'r_max' in bounds section (line 6696)
Warning: unknown variable 'r_min' in bounds section (line 6697)
Read LP format model from file E:\codes\ExactEBRP\results\gf_paper_safe_gurobi_scheduling_round27\runs\stage2__V12_M1__c2_paper__300s\external\models\L2.0.0.1.1.1.lp
Reading time = 0.01 seconds
obj: 6225 rows, 648 columns, 59365 nonzeros
Set parameter TimeLimit to value 241.4370038
Warning: unknown variable 'r_max' in bounds section (line 6696)
Warning: unknown variable 'r_min' in bounds section (line 6697)
Read LP format model from file E:\codes\ExactEBRP\results\gf_paper_safe_gurobi_scheduling_round27\runs\stage2__V12_M1__c2_paper__300s\external\models\L2.0.0.1.0.1.1.0.1.lp
Reading time = 0.02 seconds
obj: 6225 rows, 648 columns, 59365 nonzeros
Set parameter TimeLimit to value 2.4135960110000002e+02
Warning: unknown variable 'r_max' in bounds section (line 6696)
Warning: unknown variable 'r_min' in bounds section (line 6697)
Read LP format model from file E:\codes\ExactEBRP\results\gf_paper_safe_gurobi_scheduling_round27\runs\stage2__V12_M1__c2_paper__300s\external\models\L2.0.0.1.0.1.1.1.0.lp
Reading time = 0.01 seconds
obj: 6225 rows, 648 columns, 59365 nonzeros
Set parameter TimeLimit to value 2.4029313520000002e+02
Warning: unknown variable 'r_max' in bounds section (line 6696)
Warning: unknown variable 'r_min' in bounds section (line 6697)
Read LP format model from file E:\codes\ExactEBRP\results\gf_paper_safe_gurobi_scheduling_round27\runs\stage2__V12_M1__c2_paper__300s\external\models\L2.0.0.1.0.1.1.1.1.lp
Reading time = 0.01 seconds
obj: 6225 rows, 648 columns, 59365 nonzeros
Set parameter TimeLimit to value 2.4013471140000001e+02
Warning: unknown variable 'r_max' in bounds section (line 6696)
Warning: unknown variable 'r_min' in bounds section (line 6697)
Read LP format model from file E:\codes\ExactEBRP\results\gf_paper_safe_gurobi_scheduling_round27\runs\stage2__V12_M1__c2_paper__300s\external\models\L2.0.0.1.0.1.1.1.0.lp
Reading time = 0.01 seconds
obj: 6225 rows, 648 columns, 59365 nonzeros
Set parameter TimeLimit to value 2.4005618990000002e+02
Warning: unknown variable 'r_max' in bounds section (line 6696)
Warning: unknown variable 'r_min' in bounds section (line 6697)
Read LP format model from file E:\codes\ExactEBRP\results\gf_paper_safe_gurobi_scheduling_round27\runs\stage2__V12_M1__c2_paper__300s\external\models\L2.0.0.1.1.0.0.lp
Reading time = 0.02 seconds
obj: 6225 rows, 648 columns, 59365 nonzeros
Set parameter TimeLimit to value 238.6695237
Warning: unknown variable 'r_max' in bounds section (line 6696)
Warning: unknown variable 'r_min' in bounds section (line 6697)
Read LP format model from file E:\codes\ExactEBRP\results\gf_paper_safe_gurobi_scheduling_round27\runs\stage2__V12_M1__c2_paper__300s\external\models\L2.0.0.1.1.0.1.lp
Reading time = 0.02 seconds
obj: 6225 rows, 648 columns, 59365 nonzeros
Set parameter TimeLimit to value 2.3849838380000003e+02
Warning: unknown variable 'r_max' in bounds section (line 6696)
Warning: unknown variable 'r_min' in bounds section (line 6697)
Read LP format model from file E:\codes\ExactEBRP\results\gf_paper_safe_gurobi_scheduling_round27\runs\stage2__V12_M1__c2_paper__300s\external\models\L2.0.0.1.0.1.1.1.1.lp
Reading time = 0.01 seconds
obj: 6225 rows, 648 columns, 59365 nonzeros
Set parameter TimeLimit to value 2.3841030740000002e+02
Warning: unknown variable 'r_max' in bounds section (line 6696)
Warning: unknown variable 'r_min' in bounds section (line 6697)
Read LP format model from file E:\codes\ExactEBRP\results\gf_paper_safe_gurobi_scheduling_round27\runs\stage2__V12_M1__c2_paper__300s\external\models\L2.0.0.1.1.0.0.0.lp
Reading time = 0.02 seconds
obj: 6225 rows, 648 columns, 59365 nonzeros
Set parameter TimeLimit to value 2.3494562870000001e+02
Warning: unknown variable 'r_max' in bounds section (line 6696)
Warning: unknown variable 'r_min' in bounds section (line 6697)
Read LP format model from file E:\codes\ExactEBRP\results\gf_paper_safe_gurobi_scheduling_round27\runs\stage2__V12_M1__c2_paper__300s\external\models\L2.0.0.1.1.0.0.1.lp
Reading time = 0.01 seconds
obj: 6225 rows, 648 columns, 59365 nonzeros
Set parameter TimeLimit to value 2.3477702930000004e+02
Warning: unknown variable 'r_max' in bounds section (line 6696)
Warning: unknown variable 'r_min' in bounds section (line 6697)
Read LP format model from file E:\codes\ExactEBRP\results\gf_paper_safe_gurobi_scheduling_round27\runs\stage2__V12_M1__c2_paper__300s\external\models\L2.0.0.0.0.0.0.1.0.lp
Reading time = 0.02 seconds
obj: 6225 rows, 648 columns, 59365 nonzeros
Set parameter TimeLimit to value 2.3470015700000002e+02
Warning: unknown variable 'r_max' in bounds section (line 6696)
Warning: unknown variable 'r_min' in bounds section (line 6697)
Read LP format model from file E:\codes\ExactEBRP\results\gf_paper_safe_gurobi_scheduling_round27\runs\stage2__V12_M1__c2_paper__300s\external\models\L2.0.0.1.1.0.0.0.0.lp
Reading time = 0.02 seconds
obj: 6225 rows, 648 columns, 59365 nonzeros
Set parameter TimeLimit to value 2.3438329200000004e+02
Warning: unknown variable 'r_max' in bounds section (line 6696)
Warning: unknown variable 'r_min' in bounds section (line 6697)
Read LP format model from file E:\codes\ExactEBRP\results\gf_paper_safe_gurobi_scheduling_round27\runs\stage2__V12_M1__c2_paper__300s\external\models\L2.0.0.1.1.0.0.0.1.lp
Reading time = 0.01 seconds
obj: 6225 rows, 648 columns, 59365 nonzeros
Set parameter TimeLimit to value 2.3422451660000002e+02
Warning: unknown variable 'r_max' in bounds section (line 6696)
Warning: unknown variable 'r_min' in bounds section (line 6697)
Read LP format model from file E:\codes\ExactEBRP\results\gf_paper_safe_gurobi_scheduling_round27\runs\stage2__V12_M1__c2_paper__300s\external\models\L2.0.0.1.1.0.0.0.0.lp
Reading time = 0.01 seconds
obj: 6225 rows, 648 columns, 59365 nonzeros
Set parameter TimeLimit to value 234.1477039
Warning: unknown variable 'r_max' in bounds section (line 6696)
Warning: unknown variable 'r_min' in bounds section (line 6697)
Read LP format model from file E:\codes\ExactEBRP\results\gf_paper_safe_gurobi_scheduling_round27\runs\stage2__V12_M1__c2_paper__300s\external\models\L2.0.0.1.1.0.0.0.1.lp
Reading time = 0.02 seconds
obj: 6225 rows, 648 columns, 59365 nonzeros
Set parameter TimeLimit to value 2.3280442680000002e+02
Warning: unknown variable 'r_max' in bounds section (line 6696)
Warning: unknown variable 'r_min' in bounds section (line 6697)
Read LP format model from file E:\codes\ExactEBRP\results\gf_paper_safe_gurobi_scheduling_round27\runs\stage2__V12_M1__c2_paper__300s\external\models\L1.1.1.1.1.0.lp
Reading time = 0.02 seconds
obj: 6225 rows, 648 columns, 59365 nonzeros
Set parameter TimeLimit to value 2.2897789780000002e+02
Warning: unknown variable 'r_max' in bounds section (line 6696)
Warning: unknown variable 'r_min' in bounds section (line 6697)
Read LP format model from file E:\codes\ExactEBRP\results\gf_paper_safe_gurobi_scheduling_round27\runs\stage2__V12_M1__c2_paper__300s\external\models\L1.1.1.1.1.1.lp
Reading time = 0.01 seconds
obj: 6225 rows, 648 columns, 59365 nonzeros
Set parameter TimeLimit to value 2.2882273010000003e+02
Warning: unknown variable 'r_max' in bounds section (line 6696)
Warning: unknown variable 'r_min' in bounds section (line 6697)
Read LP format model from file E:\codes\ExactEBRP\results\gf_paper_safe_gurobi_scheduling_round27\runs\stage2__V12_M1__c2_paper__300s\external\models\L2.0.0.1.1.0.0.1.0.lp
Reading time = 0.02 seconds
obj: 6225 rows, 648 columns, 59365 nonzeros
Set parameter TimeLimit to value 2.2866545180000003e+02
Warning: unknown variable 'r_max' in bounds section (line 6696)
Warning: unknown variable 'r_min' in bounds section (line 6697)
Read LP format model from file E:\codes\ExactEBRP\results\gf_paper_safe_gurobi_scheduling_round27\runs\stage2__V12_M1__c2_paper__300s\external\models\L2.0.0.1.1.0.0.1.1.lp
Reading time = 0.01 seconds
obj: 6225 rows, 648 columns, 59365 nonzeros
Set parameter TimeLimit to value 2.2851035140000002e+02
Warning: unknown variable 'r_max' in bounds section (line 6696)
Warning: unknown variable 'r_min' in bounds section (line 6697)
Read LP format model from file E:\codes\ExactEBRP\results\gf_paper_safe_gurobi_scheduling_round27\runs\stage2__V12_M1__c2_paper__300s\external\models\L2.0.0.1.1.0.0.1.0.lp
Reading time = 0.02 seconds
obj: 6225 rows, 648 columns, 59365 nonzeros
Set parameter TimeLimit to value 2.2843545590000002e+02
Warning: unknown variable 'r_max' in bounds section (line 6696)
Warning: unknown variable 'r_min' in bounds section (line 6697)
Read LP format model from file E:\codes\ExactEBRP\results\gf_paper_safe_gurobi_scheduling_round27\runs\stage2__V12_M1__c2_paper__300s\external\models\L2.0.0.1.1.0.0.1.1.lp
Reading time = 0.02 seconds
obj: 6225 rows, 648 columns, 59365 nonzeros
Set parameter TimeLimit to value 225.2115023
Warning: unknown variable 'r_max' in bounds section (line 6696)
Warning: unknown variable 'r_min' in bounds section (line 6697)
Read LP format model from file E:\codes\ExactEBRP\results\gf_paper_safe_gurobi_scheduling_round27\runs\stage2__V12_M1__c2_paper__300s\external\models\L2.0.0.1.1.0.1.0.lp
Reading time = 0.02 seconds
obj: 6225 rows, 648 columns, 59365 nonzeros
Set parameter TimeLimit to value 2.2160655400000002e+02
Warning: unknown variable 'r_max' in bounds section (line 6696)
Warning: unknown variable 'r_min' in bounds section (line 6697)
Read LP format model from file E:\codes\ExactEBRP\results\gf_paper_safe_gurobi_scheduling_round27\runs\stage2__V12_M1__c2_paper__300s\external\models\L2.0.0.1.1.0.1.1.lp
Reading time = 0.02 seconds
obj: 6225 rows, 648 columns, 59365 nonzeros
Set parameter TimeLimit to value 221.4501098
Warning: unknown variable 'r_max' in bounds section (line 6696)
Warning: unknown variable 'r_min' in bounds section (line 6697)
Read LP format model from file E:\codes\ExactEBRP\results\gf_paper_safe_gurobi_scheduling_round27\runs\stage2__V12_M1__c2_paper__300s\external\models\L2.0.0.0.0.0.0.0.0.lp
Reading time = 0.02 seconds
obj: 6225 rows, 648 columns, 59365 nonzeros
Set parameter TimeLimit to value 221.2775679
Warning: unknown variable 'r_max' in bounds section (line 6696)
Warning: unknown variable 'r_min' in bounds section (line 6697)
Read LP format model from file E:\codes\ExactEBRP\results\gf_paper_safe_gurobi_scheduling_round27\runs\stage2__V12_M1__c2_paper__300s\external\models\L2.0.0.0.0.0.0.0.1.lp
Reading time = 0.01 seconds
obj: 6225 rows, 648 columns, 59365 nonzeros
Set parameter TimeLimit to value 2.2111305660000002e+02
Warning: unknown variable 'r_max' in bounds section (line 6696)
Warning: unknown variable 'r_min' in bounds section (line 6697)
Read LP format model from file E:\codes\ExactEBRP\results\gf_paper_safe_gurobi_scheduling_round27\runs\stage2__V12_M1__c2_paper__300s\external\models\L2.0.0.1.1.0.1.0.0.lp
Reading time = 0.01 seconds
obj: 6225 rows, 648 columns, 59365 nonzeros
Set parameter TimeLimit to value 2.2095028650000003e+02
Warning: unknown variable 'r_max' in bounds section (line 6696)
Warning: unknown variable 'r_min' in bounds section (line 6697)
Read LP format model from file E:\codes\ExactEBRP\results\gf_paper_safe_gurobi_scheduling_round27\runs\stage2__V12_M1__c2_paper__300s\external\models\L2.0.0.1.1.0.1.0.1.lp
Reading time = 0.02 seconds
obj: 6225 rows, 648 columns, 59365 nonzeros
Set parameter TimeLimit to value 2.2079237870000003e+02
Warning: unknown variable 'r_max' in bounds section (line 6696)
Warning: unknown variable 'r_min' in bounds section (line 6697)
Read LP format model from file E:\codes\ExactEBRP\results\gf_paper_safe_gurobi_scheduling_round27\runs\stage2__V12_M1__c2_paper__300s\external\models\L2.0.0.1.1.0.1.0.0.lp
Reading time = 0.02 seconds
obj: 6225 rows, 648 columns, 59365 nonzeros
Set parameter TimeLimit to value 2.2070696830000003e+02
Warning: unknown variable 'r_max' in bounds section (line 6696)
Warning: unknown variable 'r_min' in bounds section (line 6697)
Read LP format model from file E:\codes\ExactEBRP\results\gf_paper_safe_gurobi_scheduling_round27\runs\stage2__V12_M1__c2_paper__300s\external\models\L2.0.0.0.0.0.0.0.1.lp
Reading time = 0.01 seconds
obj: 6225 rows, 648 columns, 59365 nonzeros
Set parameter TimeLimit to value 216.6681178
Warning: unknown variable 'r_max' in bounds section (line 6696)
Warning: unknown variable 'r_min' in bounds section (line 6697)
Read LP format model from file E:\codes\ExactEBRP\results\gf_paper_safe_gurobi_scheduling_round27\runs\stage2__V12_M1__c2_paper__300s\external\models\L2.0.0.1.1.0.1.0.1.lp
Reading time = 0.01 seconds
obj: 6225 rows, 648 columns, 59365 nonzeros
Set parameter TimeLimit to value 2.1644302760000002e+02
Warning: unknown variable 'r_max' in bounds section (line 6696)
Warning: unknown variable 'r_min' in bounds section (line 6697)
Read LP format model from file E:\codes\ExactEBRP\results\gf_paper_safe_gurobi_scheduling_round27\runs\stage2__V12_M1__c2_paper__300s\external\models\L2.0.0.1.1.0.1.1.0.lp
Reading time = 0.01 seconds
obj: 6225 rows, 648 columns, 59365 nonzeros
Set parameter TimeLimit to value 2.1230240980000002e+02
Warning: unknown variable 'r_max' in bounds section (line 6696)
Warning: unknown variable 'r_min' in bounds section (line 6697)
Read LP format model from file E:\codes\ExactEBRP\results\gf_paper_safe_gurobi_scheduling_round27\runs\stage2__V12_M1__c2_paper__300s\external\models\L2.0.0.1.1.0.1.1.1.lp
Reading time = 0.02 seconds
obj: 6225 rows, 648 columns, 59365 nonzeros
Set parameter TimeLimit to value 2.1214500640000003e+02
Warning: unknown variable 'r_max' in bounds section (line 6696)
Warning: unknown variable 'r_min' in bounds section (line 6697)
Read LP format model from file E:\codes\ExactEBRP\results\gf_paper_safe_gurobi_scheduling_round27\runs\stage2__V12_M1__c2_paper__300s\external\models\L2.0.0.1.1.0.1.1.0.lp
Reading time = 0.01 seconds
obj: 6225 rows, 648 columns, 59365 nonzeros
Set parameter TimeLimit to value 2.1206558240000004e+02
Warning: unknown variable 'r_max' in bounds section (line 6696)
Warning: unknown variable 'r_min' in bounds section (line 6697)
Read LP format model from file E:\codes\ExactEBRP\results\gf_paper_safe_gurobi_scheduling_round27\runs\stage2__V12_M1__c2_paper__300s\external\models\L2.0.0.1.1.1.0.lp
Reading time = 0.01 seconds
obj: 6225 rows, 648 columns, 59365 nonzeros
Set parameter TimeLimit to value 2.0885907590000002e+02
Warning: unknown variable 'r_max' in bounds section (line 6696)
Warning: unknown variable 'r_min' in bounds section (line 6697)
Read LP format model from file E:\codes\ExactEBRP\results\gf_paper_safe_gurobi_scheduling_round27\runs\stage2__V12_M1__c2_paper__300s\external\models\L2.0.0.1.1.1.1.lp
Reading time = 0.02 seconds
obj: 6225 rows, 648 columns, 59365 nonzeros
Set parameter TimeLimit to value 208.7023135
Warning: unknown variable 'r_max' in bounds section (line 6696)
Warning: unknown variable 'r_min' in bounds section (line 6697)
Read LP format model from file E:\codes\ExactEBRP\results\gf_paper_safe_gurobi_scheduling_round27\runs\stage2__V12_M1__c2_paper__300s\external\models\L2.0.0.1.1.0.1.1.1.lp
Reading time = 0.01 seconds
obj: 6225 rows, 648 columns, 59365 nonzeros
Set parameter TimeLimit to value 2.0862240720000003e+02
Warning: unknown variable 'r_max' in bounds section (line 6696)
Warning: unknown variable 'r_min' in bounds section (line 6697)
Read LP format model from file E:\codes\ExactEBRP\results\gf_paper_safe_gurobi_scheduling_round27\runs\stage2__V12_M1__c2_paper__300s\external\models\L2.0.0.1.1.1.0.0.lp
Reading time = 0.02 seconds
obj: 6225 rows, 648 columns, 59365 nonzeros
Set parameter TimeLimit to value 2.0563238460000002e+02
Warning: unknown variable 'r_max' in bounds section (line 6696)
Warning: unknown variable 'r_min' in bounds section (line 6697)
Read LP format model from file E:\codes\ExactEBRP\results\gf_paper_safe_gurobi_scheduling_round27\runs\stage2__V12_M1__c2_paper__300s\external\models\L2.0.0.1.1.1.0.1.lp
Reading time = 0.02 seconds
obj: 6225 rows, 648 columns, 59365 nonzeros
Set parameter TimeLimit to value 2.0547212320000003e+02
Warning: unknown variable 'r_max' in bounds section (line 6696)
Warning: unknown variable 'r_min' in bounds section (line 6697)
Read LP format model from file E:\codes\ExactEBRP\results\gf_paper_safe_gurobi_scheduling_round27\runs\stage2__V12_M1__c2_paper__300s\external\models\L2.0.0.1.1.1.0.0.0.lp
Reading time = 0.02 seconds
obj: 6225 rows, 648 columns, 59365 nonzeros
Set parameter TimeLimit to value 205.3130221
Warning: unknown variable 'r_max' in bounds section (line 6696)
Warning: unknown variable 'r_min' in bounds section (line 6697)
Read LP format model from file E:\codes\ExactEBRP\results\gf_paper_safe_gurobi_scheduling_round27\runs\stage2__V12_M1__c2_paper__300s\external\models\L2.0.0.1.1.1.0.0.1.lp
Reading time = 0.02 seconds
obj: 6225 rows, 648 columns, 59365 nonzeros
Set parameter TimeLimit to value 205.1553217
Warning: unknown variable 'r_max' in bounds section (line 6696)
Warning: unknown variable 'r_min' in bounds section (line 6697)
Read LP format model from file E:\codes\ExactEBRP\results\gf_paper_safe_gurobi_scheduling_round27\runs\stage2__V12_M1__c2_paper__300s\external\models\L2.0.0.1.1.1.0.0.0.lp
Reading time = 0.02 seconds
obj: 6225 rows, 648 columns, 59365 nonzeros
Set parameter TimeLimit to value 2.0507559200000003e+02
Warning: unknown variable 'r_max' in bounds section (line 6696)
Warning: unknown variable 'r_min' in bounds section (line 6697)
Read LP format model from file E:\codes\ExactEBRP\results\gf_paper_safe_gurobi_scheduling_round27\runs\stage2__V12_M1__c2_paper__300s\external\models\L1.1.1.1.1.1.0.lp
Reading time = 0.02 seconds
obj: 6225 rows, 648 columns, 59365 nonzeros
Set parameter TimeLimit to value 2.0171906490000003e+02
Warning: unknown variable 'r_max' in bounds section (line 6696)
Warning: unknown variable 'r_min' in bounds section (line 6697)
Read LP format model from file E:\codes\ExactEBRP\results\gf_paper_safe_gurobi_scheduling_round27\runs\stage2__V12_M1__c2_paper__300s\external\models\L1.1.1.1.1.1.1.lp
Reading time = 0.01 seconds
obj: 6225 rows, 648 columns, 59365 nonzeros
Set parameter TimeLimit to value 201.5653135
Warning: unknown variable 'r_max' in bounds section (line 6696)
Warning: unknown variable 'r_min' in bounds section (line 6697)
Read LP format model from file E:\codes\ExactEBRP\results\gf_paper_safe_gurobi_scheduling_round27\runs\stage2__V12_M1__c2_paper__300s\external\models\L2.0.0.1.1.1.0.0.1.lp
Reading time = 0.02 seconds
obj: 6225 rows, 648 columns, 59365 nonzeros
Set parameter TimeLimit to value 2.0148287750000003e+02
Warning: unknown variable 'r_max' in bounds section (line 6696)
Warning: unknown variable 'r_min' in bounds section (line 6697)
Read LP format model from file E:\codes\ExactEBRP\results\gf_paper_safe_gurobi_scheduling_round27\runs\stage2__V12_M1__c2_paper__300s\external\models\L2.0.0.0.0.0.0.0.0.lp
Reading time = 0.02 seconds
obj: 6225 rows, 648 columns, 59365 nonzeros
Set parameter TimeLimit to value 198.6413387
Warning: unknown variable 'r_max' in bounds section (line 6696)
Warning: unknown variable 'r_min' in bounds section (line 6697)
Read LP format model from file E:\codes\ExactEBRP\results\gf_paper_safe_gurobi_scheduling_round27\runs\stage2__V12_M1__c2_paper__300s\external\models\L2.0.0.1.1.1.0.1.0.lp
Reading time = 0.01 seconds
obj: 6225 rows, 648 columns, 59365 nonzeros
Set parameter TimeLimit to value 198.328844
Warning: unknown variable 'r_max' in bounds section (line 6696)
Warning: unknown variable 'r_min' in bounds section (line 6697)
Read LP format model from file E:\codes\ExactEBRP\results\gf_paper_safe_gurobi_scheduling_round27\runs\stage2__V12_M1__c2_paper__300s\external\models\L2.0.0.1.1.1.0.1.1.lp
Reading time = 0.02 seconds
obj: 6225 rows, 648 columns, 59365 nonzeros
Set parameter TimeLimit to value 1.9817012420000003e+02
Warning: unknown variable 'r_max' in bounds section (line 6696)
Warning: unknown variable 'r_min' in bounds section (line 6697)
Read LP format model from file E:\codes\ExactEBRP\results\gf_paper_safe_gurobi_scheduling_round27\runs\stage2__V12_M1__c2_paper__300s\external\models\L2.0.0.1.1.1.0.1.0.lp
Reading time = 0.01 seconds
obj: 6225 rows, 648 columns, 59365 nonzeros
Set parameter TimeLimit to value 1.9809247560000003e+02
Warning: unknown variable 'r_max' in bounds section (line 6696)
Warning: unknown variable 'r_min' in bounds section (line 6697)
Read LP format model from file E:\codes\ExactEBRP\results\gf_paper_safe_gurobi_scheduling_round27\runs\stage2__V12_M1__c2_paper__300s\external\models\L2.0.0.1.1.1.0.1.1.lp
Reading time = 0.02 seconds
obj: 6225 rows, 648 columns, 59365 nonzeros
Set parameter TimeLimit to value 1.9492143020000003e+02
Warning: unknown variable 'r_max' in bounds section (line 6696)
Warning: unknown variable 'r_min' in bounds section (line 6697)
Read LP format model from file E:\codes\ExactEBRP\results\gf_paper_safe_gurobi_scheduling_round27\runs\stage2__V12_M1__c2_paper__300s\external\models\L2.0.0.1.1.1.1.0.lp
Reading time = 0.01 seconds
obj: 6225 rows, 648 columns, 59365 nonzeros
Set parameter TimeLimit to value 1.9098052080000002e+02
Warning: unknown variable 'r_max' in bounds section (line 6696)
Warning: unknown variable 'r_min' in bounds section (line 6697)
Read LP format model from file E:\codes\ExactEBRP\results\gf_paper_safe_gurobi_scheduling_round27\runs\stage2__V12_M1__c2_paper__300s\external\models\L2.0.0.1.1.1.1.1.lp
Reading time = 0.02 seconds
obj: 6225 rows, 648 columns, 59365 nonzeros
Set parameter TimeLimit to value 1.9082167900000002e+02
Warning: unknown variable 'r_max' in bounds section (line 6696)
Warning: unknown variable 'r_min' in bounds section (line 6697)
Read LP format model from file E:\codes\ExactEBRP\results\gf_paper_safe_gurobi_scheduling_round27\runs\stage2__V12_M1__c2_paper__300s\external\models\L1.1.1.1.1.1.1.0.lp
Reading time = 0.02 seconds
obj: 6225 rows, 648 columns, 59365 nonzeros
Set parameter TimeLimit to value 1.9066288280000003e+02
Warning: unknown variable 'r_max' in bounds section (line 6696)
Warning: unknown variable 'r_min' in bounds section (line 6697)
Read LP format model from file E:\codes\ExactEBRP\results\gf_paper_safe_gurobi_scheduling_round27\runs\stage2__V12_M1__c2_paper__300s\external\models\L1.1.1.1.1.1.1.1.lp
Reading time = 0.02 seconds
obj: 6225 rows, 648 columns, 59365 nonzeros
Set parameter TimeLimit to value 190.5086086
Warning: unknown variable 'r_max' in bounds section (line 6696)
Warning: unknown variable 'r_min' in bounds section (line 6697)
Read LP format model from file E:\codes\ExactEBRP\results\gf_paper_safe_gurobi_scheduling_round27\runs\stage2__V12_M1__c2_paper__300s\external\models\L2.0.0.1.1.1.1.0.0.lp
Reading time = 0.02 seconds
obj: 6225 rows, 648 columns, 59365 nonzeros
Set parameter TimeLimit to value 1.9034570710000003e+02
Warning: unknown variable 'r_max' in bounds section (line 6696)
Warning: unknown variable 'r_min' in bounds section (line 6697)
Read LP format model from file E:\codes\ExactEBRP\results\gf_paper_safe_gurobi_scheduling_round27\runs\stage2__V12_M1__c2_paper__300s\external\models\L2.0.0.1.1.1.1.0.1.lp
Reading time = 0.02 seconds
obj: 6225 rows, 648 columns, 59365 nonzeros
Set parameter TimeLimit to value 1.9018534480000002e+02
Warning: unknown variable 'r_max' in bounds section (line 6696)
Warning: unknown variable 'r_min' in bounds section (line 6697)
Read LP format model from file E:\codes\ExactEBRP\results\gf_paper_safe_gurobi_scheduling_round27\runs\stage2__V12_M1__c2_paper__300s\external\models\L2.0.0.1.1.1.1.0.0.lp
Reading time = 0.02 seconds
obj: 6225 rows, 648 columns, 59365 nonzeros
Set parameter TimeLimit to value 1.9010713980000003e+02
Warning: unknown variable 'r_max' in bounds section (line 6696)
Warning: unknown variable 'r_min' in bounds section (line 6697)
Read LP format model from file E:\codes\ExactEBRP\results\gf_paper_safe_gurobi_scheduling_round27\runs\stage2__V12_M1__c2_paper__300s\external\models\L2.0.0.1.1.1.1.0.1.lp
Reading time = 0.03 seconds
obj: 6225 rows, 648 columns, 59365 nonzeros
Set parameter TimeLimit to value 1.8689033690000002e+02
Warning: unknown variable 'r_max' in bounds section (line 6696)
Warning: unknown variable 'r_min' in bounds section (line 6697)
Read LP format model from file E:\codes\ExactEBRP\results\gf_paper_safe_gurobi_scheduling_round27\runs\stage2__V12_M1__c2_paper__300s\external\models\L1.1.1.1.1.1.1.1.0.lp
Reading time = 0.02 seconds
obj: 6225 rows, 648 columns, 59365 nonzeros
Set parameter TimeLimit to value 1.8381424430000004e+02
Warning: unknown variable 'r_max' in bounds section (line 6696)
Warning: unknown variable 'r_min' in bounds section (line 6697)
Read LP format model from file E:\codes\ExactEBRP\results\gf_paper_safe_gurobi_scheduling_round27\runs\stage2__V12_M1__c2_paper__300s\external\models\L1.1.1.1.1.1.1.1.1.lp
Reading time = 0.02 seconds
obj: 6225 rows, 648 columns, 59365 nonzeros
Set parameter TimeLimit to value 183.6516487
Warning: unknown variable 'r_max' in bounds section (line 6696)
Warning: unknown variable 'r_min' in bounds section (line 6697)
Read LP format model from file E:\codes\ExactEBRP\results\gf_paper_safe_gurobi_scheduling_round27\runs\stage2__V12_M1__c2_paper__300s\external\models\L2.0.1.0.lp
Reading time = 0.02 seconds
obj: 6225 rows, 648 columns, 59365 nonzeros
Set parameter TimeLimit to value 1.8349336850000003e+02
Warning: unknown variable 'r_max' in bounds section (line 6696)
Warning: unknown variable 'r_min' in bounds section (line 6697)
Read LP format model from file E:\codes\ExactEBRP\results\gf_paper_safe_gurobi_scheduling_round27\runs\stage2__V12_M1__c2_paper__300s\external\models\L2.0.1.1.lp
Reading time = 0.02 seconds
obj: 6225 rows, 648 columns, 59365 nonzeros
Set parameter TimeLimit to value 183.3374541
Warning: unknown variable 'r_max' in bounds section (line 6696)
Warning: unknown variable 'r_min' in bounds section (line 6697)
Read LP format model from file E:\codes\ExactEBRP\results\gf_paper_safe_gurobi_scheduling_round27\runs\stage2__V12_M1__c2_paper__300s\external\models\L2.0.1.lp
Reading time = 0.01 seconds
obj: 6225 rows, 648 columns, 59365 nonzeros
Set parameter TimeLimit to value 183.2616562
Warning: unknown variable 'r_max' in bounds section (line 6696)
Warning: unknown variable 'r_min' in bounds section (line 6697)
Read LP format model from file E:\codes\ExactEBRP\results\gf_paper_safe_gurobi_scheduling_round27\runs\stage2__V12_M1__c2_paper__300s\external\models\L2.0.0.1.1.1.1.1.0.lp
Reading time = 0.02 seconds
obj: 6225 rows, 648 columns, 59365 nonzeros
Set parameter TimeLimit to value 1.7823708020000004e+02
Warning: unknown variable 'r_max' in bounds section (line 6696)
Warning: unknown variable 'r_min' in bounds section (line 6697)
Read LP format model from file E:\codes\ExactEBRP\results\gf_paper_safe_gurobi_scheduling_round27\runs\stage2__V12_M1__c2_paper__300s\external\models\L2.0.0.1.1.1.1.1.1.lp
Reading time = 0.02 seconds
obj: 6225 rows, 648 columns, 59365 nonzeros
Set parameter TimeLimit to value 1.7807756090000004e+02
Warning: unknown variable 'r_max' in bounds section (line 6696)
Warning: unknown variable 'r_min' in bounds section (line 6697)
Read LP format model from file E:\codes\ExactEBRP\results\gf_paper_safe_gurobi_scheduling_round27\runs\stage2__V12_M1__c2_paper__300s\external\models\L2.0.0.1.1.1.1.1.0.lp
Reading time = 0.02 seconds
obj: 6225 rows, 648 columns, 59365 nonzeros
Set parameter TimeLimit to value 1.7799722450000002e+02
Warning: unknown variable 'r_max' in bounds section (line 6696)
Warning: unknown variable 'r_min' in bounds section (line 6697)
Read LP format model from file E:\codes\ExactEBRP\results\gf_paper_safe_gurobi_scheduling_round27\runs\stage2__V12_M1__c2_paper__300s\external\models\L1.1.1.1.1.1.1.1.1.lp
Reading time = 0.02 seconds
obj: 6225 rows, 648 columns, 59365 nonzeros
Set parameter TimeLimit to value 174.0099551
Warning: unknown variable 'r_max' in bounds section (line 6696)
Warning: unknown variable 'r_min' in bounds section (line 6697)
Read LP format model from file E:\codes\ExactEBRP\results\gf_paper_safe_gurobi_scheduling_round27\runs\stage2__V12_M1__c2_paper__300s\external\models\L2.0.0.1.1.1.1.1.1.lp
Reading time = 0.02 seconds
obj: 6225 rows, 648 columns, 59365 nonzeros
Set parameter TimeLimit to value 1.7378769350000002e+02
Warning: unknown variable 'r_max' in bounds section (line 6696)
Warning: unknown variable 'r_min' in bounds section (line 6697)
Read LP format model from file E:\codes\ExactEBRP\results\gf_paper_safe_gurobi_scheduling_round27\runs\stage2__V12_M1__c2_paper__300s\external\models\L1.1.1.1.1.1.1.1.0.lp
Reading time = 0.02 seconds
obj: 6225 rows, 648 columns, 59365 nonzeros
Set parameter TimeLimit to value 169.9118454
Warning: unknown variable 'r_max' in bounds section (line 6696)
Warning: unknown variable 'r_min' in bounds section (line 6697)
Read LP format model from file E:\codes\ExactEBRP\results\gf_paper_safe_gurobi_scheduling_round27\runs\stage2__V12_M1__c2_paper__300s\external\models\L2.1.0.lp
Reading time = 0.01 seconds
obj: 6225 rows, 648 columns, 59365 nonzeros
Set parameter TimeLimit to value 1.6960639500000002e+02
Warning: unknown variable 'r_max' in bounds section (line 6696)
Warning: unknown variable 'r_min' in bounds section (line 6697)
Read LP format model from file E:\codes\ExactEBRP\results\gf_paper_safe_gurobi_scheduling_round27\runs\stage2__V12_M1__c2_paper__300s\external\models\L2.1.1.lp
Reading time = 0.01 seconds
obj: 6225 rows, 648 columns, 59365 nonzeros
Set parameter TimeLimit to value 1.6945168670000004e+02
Warning: unknown variable 'r_max' in bounds section (line 6696)
Warning: unknown variable 'r_min' in bounds section (line 6697)
Read LP format model from file E:\codes\ExactEBRP\results\gf_paper_safe_gurobi_scheduling_round27\runs\stage2__V12_M1__c2_paper__300s\external\models\L2.1.lp
Reading time = 0.01 seconds
obj: 6225 rows, 648 columns, 59365 nonzeros
Set parameter TimeLimit to value 169.3759541
Warning: unknown variable 'r_max' in bounds section (line 6696)
Warning: unknown variable 'r_min' in bounds section (line 6697)
Read LP format model from file E:\codes\ExactEBRP\results\gf_paper_safe_gurobi_scheduling_round27\runs\stage2__V12_M1__c2_paper__300s\external\models\L3.0.0.lp
Reading time = 0.02 seconds
obj: 6225 rows, 648 columns, 59365 nonzeros
Set parameter TimeLimit to value 1.5283162420000002e+02
Warning: unknown variable 'r_max' in bounds section (line 6696)
Warning: unknown variable 'r_min' in bounds section (line 6697)
Read LP format model from file E:\codes\ExactEBRP\results\gf_paper_safe_gurobi_scheduling_round27\runs\stage2__V12_M1__c2_paper__300s\external\models\L3.0.1.lp
Reading time = 0.02 seconds
obj: 6225 rows, 648 columns, 59365 nonzeros
Set parameter TimeLimit to value 1.5266938690000003e+02
Warning: unknown variable 'r_max' in bounds section (line 6696)
Warning: unknown variable 'r_min' in bounds section (line 6697)
Read LP format model from file E:\codes\ExactEBRP\results\gf_paper_safe_gurobi_scheduling_round27\runs\stage2__V12_M1__c2_paper__300s\external\models\L3.0.0.0.lp
Reading time = 0.02 seconds
obj: 6225 rows, 648 columns, 59365 nonzeros
Set parameter TimeLimit to value 1.5251566990000003e+02
Warning: unknown variable 'r_max' in bounds section (line 6696)
Warning: unknown variable 'r_min' in bounds section (line 6697)
Read LP format model from file E:\codes\ExactEBRP\results\gf_paper_safe_gurobi_scheduling_round27\runs\stage2__V12_M1__c2_paper__300s\external\models\L3.0.0.1.lp
Reading time = 0.02 seconds
obj: 6225 rows, 648 columns, 59365 nonzeros
Set parameter TimeLimit to value 1.5236228880000002e+02
Warning: unknown variable 'r_max' in bounds section (line 6696)
Warning: unknown variable 'r_min' in bounds section (line 6697)
Read LP format model from file E:\codes\ExactEBRP\results\gf_paper_safe_gurobi_scheduling_round27\runs\stage2__V12_M1__c2_paper__300s\external\models\L3.0.0.0.0.lp
Reading time = 0.01 seconds
obj: 6225 rows, 648 columns, 59365 nonzeros
Set parameter TimeLimit to value 152.2062811
Warning: unknown variable 'r_max' in bounds section (line 6696)
Warning: unknown variable 'r_min' in bounds section (line 6697)
Read LP format model from file E:\codes\ExactEBRP\results\gf_paper_safe_gurobi_scheduling_round27\runs\stage2__V12_M1__c2_paper__300s\external\models\L3.0.0.0.1.lp
Reading time = 0.02 seconds
obj: 6225 rows, 648 columns, 59365 nonzeros
Set parameter TimeLimit to value 1.5205014780000002e+02
Warning: unknown variable 'r_max' in bounds section (line 6696)
Warning: unknown variable 'r_min' in bounds section (line 6697)
Read LP format model from file E:\codes\ExactEBRP\results\gf_paper_safe_gurobi_scheduling_round27\runs\stage2__V12_M1__c2_paper__300s\external\models\L3.0.0.0.0.0.lp
Reading time = 0.01 seconds
obj: 6225 rows, 648 columns, 59365 nonzeros
Set parameter TimeLimit to value 1.5189455510000002e+02
Warning: unknown variable 'r_max' in bounds section (line 6696)
Warning: unknown variable 'r_min' in bounds section (line 6697)
Read LP format model from file E:\codes\ExactEBRP\results\gf_paper_safe_gurobi_scheduling_round27\runs\stage2__V12_M1__c2_paper__300s\external\models\L3.0.0.0.0.1.lp
Reading time = 0.02 seconds
obj: 6225 rows, 648 columns, 59365 nonzeros
Set parameter TimeLimit to value 151.7382459
Warning: unknown variable 'r_max' in bounds section (line 6696)
Warning: unknown variable 'r_min' in bounds section (line 6697)
Read LP format model from file E:\codes\ExactEBRP\results\gf_paper_safe_gurobi_scheduling_round27\runs\stage2__V12_M1__c2_paper__300s\external\models\L3.0.0.0.0.lp
Reading time = 0.01 seconds
obj: 6225 rows, 648 columns, 59365 nonzeros
Set parameter TimeLimit to value 1.5166187440000002e+02
