
Gurobi 13.0.2 (win64) logging started Thu Jul 23 16:30:41 2026

Set parameter LogFile to value "E:\codes\ExactEBRP\results\gf_gurobi_performance_recovery_round29\runs\stage2__tight_T_seed4101__c4_candidate__300s\native.log"
Set parameter Threads to value 1
Set parameter Presolve to value -1
Set parameter Seed to value 0
Set parameter MIPGap to value 0
Set parameter MIPGapAbs to value 0
Warning: unknown variable 'r_max' in bounds section (line 13930)
Warning: unknown variable 'r_min' in bounds section (line 13931)
Read LP format model from file E:\codes\ExactEBRP\results\gf_gurobi_performance_recovery_round29\runs\stage2__tight_T_seed4101__c4_candidate__300s\external\models\L0.lp
Reading time = 0.02 seconds
obj: 11895 rows, 3372 columns, 67105 nonzeros
Set parameter TimeLimit to value 284.9683349
Warning: unknown variable 'r_max' in bounds section (line 13930)
Warning: unknown variable 'r_min' in bounds section (line 13931)
Read LP format model from file E:\codes\ExactEBRP\results\gf_gurobi_performance_recovery_round29\runs\stage2__tight_T_seed4101__c4_candidate__300s\external\models\L0.0.lp
Reading time = 0.02 seconds
obj: 11895 rows, 3372 columns, 67105 nonzeros
Set parameter TimeLimit to value 284.5635591
Warning: unknown variable 'r_max' in bounds section (line 13930)
Warning: unknown variable 'r_min' in bounds section (line 13931)
Read LP format model from file E:\codes\ExactEBRP\results\gf_gurobi_performance_recovery_round29\runs\stage2__tight_T_seed4101__c4_candidate__300s\external\models\L0.1.lp
Reading time = 0.02 seconds
obj: 11895 rows, 3372 columns, 67343 nonzeros
Set parameter TimeLimit to value 2.8431143480000003e+02
Warning: unknown variable 'r_max' in bounds section (line 13932)
Warning: unknown variable 'r_min' in bounds section (line 13933)
Read LP format model from file E:\codes\ExactEBRP\results\gf_gurobi_performance_recovery_round29\runs\stage2__tight_T_seed4101__c4_candidate__300s\external\models\L1.lp
Reading time = 0.02 seconds
obj: 11897 rows, 3372 columns, 67355 nonzeros
Set parameter TimeLimit to value 283.9163375
Warning: unknown variable 'r_max' in bounds section (line 13932)
Warning: unknown variable 'r_min' in bounds section (line 13933)
Read LP format model from file E:\codes\ExactEBRP\results\gf_gurobi_performance_recovery_round29\runs\stage2__tight_T_seed4101__c4_candidate__300s\external\models\L1.0.lp
Reading time = 0.02 seconds
obj: 11897 rows, 3372 columns, 67355 nonzeros
Set parameter TimeLimit to value 283.6019674
Warning: unknown variable 'r_max' in bounds section (line 13932)
Warning: unknown variable 'r_min' in bounds section (line 13933)
Read LP format model from file E:\codes\ExactEBRP\results\gf_gurobi_performance_recovery_round29\runs\stage2__tight_T_seed4101__c4_candidate__300s\external\models\L1.1.lp
Reading time = 0.02 seconds
obj: 11897 rows, 3372 columns, 67355 nonzeros
Set parameter TimeLimit to value 283.2465085
