
Gurobi 13.0.2 (win64) logging started Fri Jul 24 11:15:29 2026

Set parameter LogFile to value "E:\codes\ExactEBRP\results\gf_c0_mechanism_transfer_c5_round30\runs\stage4__high_imbalance_seed3202__c5_candidate__rep2__300s\native.log"
Set parameter Threads to value 1
Set parameter Presolve to value -1
Set parameter Seed to value 0
Set parameter MIPGap to value 0
Set parameter MIPGapAbs to value 0
Warning: unknown variable 'r_max' in bounds section (line 13930)
Warning: unknown variable 'r_min' in bounds section (line 13931)
Read LP format model from file E:\codes\ExactEBRP\results\gf_c0_mechanism_transfer_c5_round30\runs\stage4__high_imbalance_seed3202__c5_candidate__rep2__300s\external\models\L0.lp
Reading time = 0.02 seconds
obj: 11895 rows, 3372 columns, 67084 nonzeros
Set parameter TimeLimit to value 279.2575901
Warning: unknown variable 'r_max' in bounds section (line 13930)
Warning: unknown variable 'r_min' in bounds section (line 13931)
Read LP format model from file E:\codes\ExactEBRP\results\gf_c0_mechanism_transfer_c5_round30\runs\stage4__high_imbalance_seed3202__c5_candidate__rep2__300s\external\models\L1.lp
Reading time = 0.02 seconds
obj: 11895 rows, 3372 columns, 67322 nonzeros
Set parameter TimeLimit to value 279.0656338
Warning: unknown variable 'r_max' in bounds section (line 13930)
Warning: unknown variable 'r_min' in bounds section (line 13931)
Read LP format model from file E:\codes\ExactEBRP\results\gf_c0_mechanism_transfer_c5_round30\runs\stage4__high_imbalance_seed3202__c5_candidate__rep2__300s\external\models\L1.0.lp
Reading time = 0.02 seconds
obj: 11895 rows, 3372 columns, 67322 nonzeros
Set parameter TimeLimit to value 278.6563155
Warning: unknown variable 'r_max' in bounds section (line 13930)
Warning: unknown variable 'r_min' in bounds section (line 13931)
Read LP format model from file E:\codes\ExactEBRP\results\gf_c0_mechanism_transfer_c5_round30\runs\stage4__high_imbalance_seed3202__c5_candidate__rep2__300s\external\models\L1.1.lp
Reading time = 0.02 seconds
obj: 11895 rows, 3372 columns, 67322 nonzeros
Set parameter TimeLimit to value 278.4635314
Warning: unknown variable 'r_max' in bounds section (line 13930)
Warning: unknown variable 'r_min' in bounds section (line 13931)
Read LP format model from file E:\codes\ExactEBRP\results\gf_c0_mechanism_transfer_c5_round30\runs\stage4__high_imbalance_seed3202__c5_candidate__rep2__300s\external\models\L2.lp
Reading time = 0.02 seconds
obj: 11895 rows, 3372 columns, 67322 nonzeros
Set parameter TimeLimit to value 278.0423292
Warning: unknown variable 'r_max' in bounds section (line 13930)
Warning: unknown variable 'r_min' in bounds section (line 13931)
Read LP format model from file E:\codes\ExactEBRP\results\gf_c0_mechanism_transfer_c5_round30\runs\stage4__high_imbalance_seed3202__c5_candidate__rep2__300s\external\models\L2.0.lp
Reading time = 0.02 seconds
obj: 11895 rows, 3372 columns, 67322 nonzeros
Set parameter TimeLimit to value 277.6512609
Warning: unknown variable 'r_max' in bounds section (line 13930)
Warning: unknown variable 'r_min' in bounds section (line 13931)
Read LP format model from file E:\codes\ExactEBRP\results\gf_c0_mechanism_transfer_c5_round30\runs\stage4__high_imbalance_seed3202__c5_candidate__rep2__300s\external\models\L2.1.lp
Reading time = 0.02 seconds
obj: 11895 rows, 3372 columns, 67322 nonzeros
Set parameter TimeLimit to value 277.2822351
Warning: unknown variable 'r_max' in bounds section (line 13930)
Warning: unknown variable 'r_min' in bounds section (line 13931)
Read LP format model from file E:\codes\ExactEBRP\results\gf_c0_mechanism_transfer_c5_round30\runs\stage4__high_imbalance_seed3202__c5_candidate__rep2__300s\external\models\L3.lp
Reading time = 0.02 seconds
obj: 11895 rows, 3372 columns, 66942 nonzeros
Set parameter TimeLimit to value 2.7654216710000003e+02
Warning: unknown variable 'r_max' in bounds section (line 13930)
Warning: unknown variable 'r_min' in bounds section (line 13931)
Read LP format model from file E:\codes\ExactEBRP\results\gf_c0_mechanism_transfer_c5_round30\runs\stage4__high_imbalance_seed3202__c5_candidate__rep2__300s\external\models\L2.0.0.lp
Reading time = 0.02 seconds
obj: 11895 rows, 3372 columns, 67322 nonzeros
Set parameter TimeLimit to value 276.1512921
Warning: unknown variable 'r_max' in bounds section (line 13930)
Warning: unknown variable 'r_min' in bounds section (line 13931)
Read LP format model from file E:\codes\ExactEBRP\results\gf_c0_mechanism_transfer_c5_round30\runs\stage4__high_imbalance_seed3202__c5_candidate__rep2__300s\external\models\L2.0.1.lp
Reading time = 0.02 seconds
obj: 11895 rows, 3372 columns, 67322 nonzeros
Set parameter TimeLimit to value 275.7382344
Warning: unknown variable 'r_max' in bounds section (line 13930)
Warning: unknown variable 'r_min' in bounds section (line 13931)
Read LP format model from file E:\codes\ExactEBRP\results\gf_c0_mechanism_transfer_c5_round30\runs\stage4__high_imbalance_seed3202__c5_candidate__rep2__300s\external\models\L1.1.0.lp
Reading time = 0.02 seconds
obj: 11895 rows, 3372 columns, 67322 nonzeros
Set parameter TimeLimit to value 1.0493643180000001e+02
Warning: unknown variable 'r_max' in bounds section (line 13930)
Warning: unknown variable 'r_min' in bounds section (line 13931)
Read LP format model from file E:\codes\ExactEBRP\results\gf_c0_mechanism_transfer_c5_round30\runs\stage4__high_imbalance_seed3202__c5_candidate__rep2__300s\external\models\L1.1.1.lp
Reading time = 0.02 seconds
obj: 11895 rows, 3372 columns, 67322 nonzeros
Set parameter TimeLimit to value 104.654505
Warning: unknown variable 'r_max' in bounds section (line 13930)
Warning: unknown variable 'r_min' in bounds section (line 13931)
Read LP format model from file E:\codes\ExactEBRP\results\gf_c0_mechanism_transfer_c5_round30\runs\stage4__high_imbalance_seed3202__c5_candidate__rep2__300s\external\models\L1.1.1.0.lp
Reading time = 0.02 seconds
obj: 11895 rows, 3372 columns, 67322 nonzeros
Set parameter TimeLimit to value 1.0426103549999999e+02
Warning: unknown variable 'r_max' in bounds section (line 13930)
Warning: unknown variable 'r_min' in bounds section (line 13931)
Read LP format model from file E:\codes\ExactEBRP\results\gf_c0_mechanism_transfer_c5_round30\runs\stage4__high_imbalance_seed3202__c5_candidate__rep2__300s\external\models\L1.1.1.1.lp
Reading time = 0.02 seconds
obj: 11895 rows, 3372 columns, 67322 nonzeros
Set parameter TimeLimit to value 104.0504234
Warning: unknown variable 'r_max' in bounds section (line 13930)
Warning: unknown variable 'r_min' in bounds section (line 13931)
Read LP format model from file E:\codes\ExactEBRP\results\gf_c0_mechanism_transfer_c5_round30\runs\stage4__high_imbalance_seed3202__c5_candidate__rep2__300s\external\models\L1.1.1.1.0.lp
Reading time = 0.02 seconds
obj: 11895 rows, 3372 columns, 67322 nonzeros
Set parameter TimeLimit to value 103.6527759
Warning: unknown variable 'r_max' in bounds section (line 13930)
Warning: unknown variable 'r_min' in bounds section (line 13931)
Read LP format model from file E:\codes\ExactEBRP\results\gf_c0_mechanism_transfer_c5_round30\runs\stage4__high_imbalance_seed3202__c5_candidate__rep2__300s\external\models\L1.1.1.1.1.lp
Reading time = 0.02 seconds
obj: 11895 rows, 3372 columns, 67322 nonzeros
Set parameter TimeLimit to value 103.2996862
Warning: unknown variable 'r_max' in bounds section (line 13930)
Warning: unknown variable 'r_min' in bounds section (line 13931)
Read LP format model from file E:\codes\ExactEBRP\results\gf_c0_mechanism_transfer_c5_round30\runs\stage4__high_imbalance_seed3202__c5_candidate__rep2__300s\external\models\L1.1.1.1.1.0.lp
Reading time = 0.02 seconds
obj: 11895 rows, 3372 columns, 67322 nonzeros
Set parameter TimeLimit to value 102.9271837
Warning: unknown variable 'r_max' in bounds section (line 13930)
Warning: unknown variable 'r_min' in bounds section (line 13931)
Read LP format model from file E:\codes\ExactEBRP\results\gf_c0_mechanism_transfer_c5_round30\runs\stage4__high_imbalance_seed3202__c5_candidate__rep2__300s\external\models\L1.1.1.1.1.1.lp
Reading time = 0.02 seconds
obj: 11895 rows, 3372 columns, 67322 nonzeros
Set parameter TimeLimit to value 1.0254596660000001e+02
Warning: unknown variable 'r_max' in bounds section (line 13930)
Warning: unknown variable 'r_min' in bounds section (line 13931)
Read LP format model from file E:\codes\ExactEBRP\results\gf_c0_mechanism_transfer_c5_round30\runs\stage4__high_imbalance_seed3202__c5_candidate__rep2__300s\external\models\L1.1.1.1.1.1.0.lp
Reading time = 0.02 seconds
obj: 11895 rows, 3372 columns, 67322 nonzeros
Set parameter TimeLimit to value 102.1470931
Warning: unknown variable 'r_max' in bounds section (line 13930)
Warning: unknown variable 'r_min' in bounds section (line 13931)
Read LP format model from file E:\codes\ExactEBRP\results\gf_c0_mechanism_transfer_c5_round30\runs\stage4__high_imbalance_seed3202__c5_candidate__rep2__300s\external\models\L1.1.1.1.1.1.1.lp
Reading time = 0.02 seconds
obj: 11895 rows, 3372 columns, 67322 nonzeros
Set parameter TimeLimit to value 101.7572098
Warning: unknown variable 'r_max' in bounds section (line 13930)
Warning: unknown variable 'r_min' in bounds section (line 13931)
Read LP format model from file E:\codes\ExactEBRP\results\gf_c0_mechanism_transfer_c5_round30\runs\stage4__high_imbalance_seed3202__c5_candidate__rep2__300s\external\models\L1.1.1.1.1.1.1.0.lp
Reading time = 0.02 seconds
obj: 11895 rows, 3372 columns, 67322 nonzeros
Set parameter TimeLimit to value 101.3816189
Warning: unknown variable 'r_max' in bounds section (line 13930)
Warning: unknown variable 'r_min' in bounds section (line 13931)
Read LP format model from file E:\codes\ExactEBRP\results\gf_c0_mechanism_transfer_c5_round30\runs\stage4__high_imbalance_seed3202__c5_candidate__rep2__300s\external\models\L1.1.1.1.1.1.1.1.lp
Reading time = 0.02 seconds
obj: 11895 rows, 3372 columns, 67322 nonzeros
Set parameter TimeLimit to value 100.9770977
Warning: unknown variable 'r_max' in bounds section (line 13930)
Warning: unknown variable 'r_min' in bounds section (line 13931)
Read LP format model from file E:\codes\ExactEBRP\results\gf_c0_mechanism_transfer_c5_round30\runs\stage4__high_imbalance_seed3202__c5_candidate__rep2__300s\external\models\L2.1.0.lp
Reading time = 0.02 seconds
obj: 11895 rows, 3372 columns, 67322 nonzeros
Set parameter TimeLimit to value 1.0007494439999999e+02
Warning: unknown variable 'r_max' in bounds section (line 13930)
Warning: unknown variable 'r_min' in bounds section (line 13931)
Read LP format model from file E:\codes\ExactEBRP\results\gf_c0_mechanism_transfer_c5_round30\runs\stage4__high_imbalance_seed3202__c5_candidate__rep2__300s\external\models\L2.1.1.lp
Reading time = 0.02 seconds
obj: 11895 rows, 3372 columns, 67322 nonzeros
Set parameter TimeLimit to value 99.7555442
Warning: unknown variable 'r_max' in bounds section (line 13930)
Warning: unknown variable 'r_min' in bounds section (line 13931)
Read LP format model from file E:\codes\ExactEBRP\results\gf_c0_mechanism_transfer_c5_round30\runs\stage4__high_imbalance_seed3202__c5_candidate__rep2__300s\external\models\L1.1.1.1.1.1.1.1.0.lp
Reading time = 0.02 seconds
obj: 11895 rows, 3372 columns, 67322 nonzeros
Set parameter TimeLimit to value 9.7331719600000014e+01
Warning: unknown variable 'r_max' in bounds section (line 13930)
Warning: unknown variable 'r_min' in bounds section (line 13931)
Read LP format model from file E:\codes\ExactEBRP\results\gf_c0_mechanism_transfer_c5_round30\runs\stage4__high_imbalance_seed3202__c5_candidate__rep2__300s\external\models\L1.1.1.1.1.1.1.1.1.lp
Reading time = 0.02 seconds
obj: 11895 rows, 3372 columns, 67322 nonzeros
Set parameter TimeLimit to value 9.6943777399999988e+01
Warning: unknown variable 'r_max' in bounds section (line 13930)
Warning: unknown variable 'r_min' in bounds section (line 13931)
Read LP format model from file E:\codes\ExactEBRP\results\gf_c0_mechanism_transfer_c5_round30\runs\stage4__high_imbalance_seed3202__c5_candidate__rep2__300s\external\models\L1.1.1.1.1.1.1.0.0.lp
Reading time = 0.02 seconds
obj: 11895 rows, 3372 columns, 67322 nonzeros
Set parameter TimeLimit to value 9.5881960200000009e+01
Warning: unknown variable 'r_max' in bounds section (line 13930)
Warning: unknown variable 'r_min' in bounds section (line 13931)
Read LP format model from file E:\codes\ExactEBRP\results\gf_c0_mechanism_transfer_c5_round30\runs\stage4__high_imbalance_seed3202__c5_candidate__rep2__300s\external\models\L1.1.1.1.1.1.1.0.1.lp
Reading time = 0.02 seconds
obj: 11895 rows, 3372 columns, 67322 nonzeros
Set parameter TimeLimit to value 9.5529340499999989e+01
Warning: unknown variable 'r_max' in bounds section (line 13930)
Warning: unknown variable 'r_min' in bounds section (line 13931)
Read LP format model from file E:\codes\ExactEBRP\results\gf_c0_mechanism_transfer_c5_round30\runs\stage4__high_imbalance_seed3202__c5_candidate__rep2__300s\external\models\L1.1.1.1.1.1.0.0.lp
Reading time = 0.02 seconds
obj: 11895 rows, 3372 columns, 67322 nonzeros
Set parameter TimeLimit to value 93.4071257
Warning: unknown variable 'r_max' in bounds section (line 13930)
Warning: unknown variable 'r_min' in bounds section (line 13931)
Read LP format model from file E:\codes\ExactEBRP\results\gf_c0_mechanism_transfer_c5_round30\runs\stage4__high_imbalance_seed3202__c5_candidate__rep2__300s\external\models\L1.1.1.1.1.1.0.1.lp
Reading time = 0.02 seconds
obj: 11895 rows, 3372 columns, 67322 nonzeros
Set parameter TimeLimit to value 93.0418665
Warning: unknown variable 'r_max' in bounds section (line 13930)
Warning: unknown variable 'r_min' in bounds section (line 13931)
Read LP format model from file E:\codes\ExactEBRP\results\gf_c0_mechanism_transfer_c5_round30\runs\stage4__high_imbalance_seed3202__c5_candidate__rep2__300s\external\models\L1.1.1.1.1.1.0.1.0.lp
Reading time = 0.02 seconds
obj: 11895 rows, 3372 columns, 67322 nonzeros
Set parameter TimeLimit to value 92.6277723
Warning: unknown variable 'r_max' in bounds section (line 13930)
Warning: unknown variable 'r_min' in bounds section (line 13931)
Read LP format model from file E:\codes\ExactEBRP\results\gf_c0_mechanism_transfer_c5_round30\runs\stage4__high_imbalance_seed3202__c5_candidate__rep2__300s\external\models\L1.1.1.1.1.1.0.1.1.lp
Reading time = 0.02 seconds
obj: 11895 rows, 3372 columns, 67322 nonzeros
Set parameter TimeLimit to value 9.2242560599999990e+01
Warning: unknown variable 'r_max' in bounds section (line 13930)
Warning: unknown variable 'r_min' in bounds section (line 13931)
Read LP format model from file E:\codes\ExactEBRP\results\gf_c0_mechanism_transfer_c5_round30\runs\stage4__high_imbalance_seed3202__c5_candidate__rep2__300s\external\models\L1.1.1.1.1.1.0.0.0.lp
Reading time = 0.02 seconds
obj: 11895 rows, 3372 columns, 67322 nonzeros
Set parameter TimeLimit to value 90.1080584
Warning: unknown variable 'r_max' in bounds section (line 13930)
Warning: unknown variable 'r_min' in bounds section (line 13931)
Read LP format model from file E:\codes\ExactEBRP\results\gf_c0_mechanism_transfer_c5_round30\runs\stage4__high_imbalance_seed3202__c5_candidate__rep2__300s\external\models\L1.1.1.1.1.1.0.0.1.lp
Reading time = 0.02 seconds
obj: 11895 rows, 3372 columns, 67322 nonzeros
Set parameter TimeLimit to value 8.9736687600000010e+01
Warning: unknown variable 'r_max' in bounds section (line 13930)
Warning: unknown variable 'r_min' in bounds section (line 13931)
Read LP format model from file E:\codes\ExactEBRP\results\gf_c0_mechanism_transfer_c5_round30\runs\stage4__high_imbalance_seed3202__c5_candidate__rep2__300s\external\models\L1.1.1.1.1.0.0.lp
Reading time = 0.02 seconds
obj: 11895 rows, 3372 columns, 67322 nonzeros
Set parameter TimeLimit to value 8.7667390899999987e+01
Warning: unknown variable 'r_max' in bounds section (line 13930)
Warning: unknown variable 'r_min' in bounds section (line 13931)
Read LP format model from file E:\codes\ExactEBRP\results\gf_c0_mechanism_transfer_c5_round30\runs\stage4__high_imbalance_seed3202__c5_candidate__rep2__300s\external\models\L1.1.1.1.1.0.1.lp
Reading time = 0.02 seconds
obj: 11895 rows, 3372 columns, 67322 nonzeros
Set parameter TimeLimit to value 87.3572672
Warning: unknown variable 'r_max' in bounds section (line 13930)
Warning: unknown variable 'r_min' in bounds section (line 13931)
Read LP format model from file E:\codes\ExactEBRP\results\gf_c0_mechanism_transfer_c5_round30\runs\stage4__high_imbalance_seed3202__c5_candidate__rep2__300s\external\models\L1.1.1.1.1.0.1.0.lp
Reading time = 0.02 seconds
obj: 11895 rows, 3372 columns, 67322 nonzeros
Set parameter TimeLimit to value 8.6993565600000011e+01
Warning: unknown variable 'r_max' in bounds section (line 13930)
Warning: unknown variable 'r_min' in bounds section (line 13931)
Read LP format model from file E:\codes\ExactEBRP\results\gf_c0_mechanism_transfer_c5_round30\runs\stage4__high_imbalance_seed3202__c5_candidate__rep2__300s\external\models\L1.1.1.1.1.0.1.1.lp
Reading time = 0.02 seconds
obj: 11895 rows, 3372 columns, 67322 nonzeros
Set parameter TimeLimit to value 86.6227843
Warning: unknown variable 'r_max' in bounds section (line 13930)
Warning: unknown variable 'r_min' in bounds section (line 13931)
Read LP format model from file E:\codes\ExactEBRP\results\gf_c0_mechanism_transfer_c5_round30\runs\stage4__high_imbalance_seed3202__c5_candidate__rep2__300s\external\models\L1.1.1.1.1.0.1.1.0.lp
Reading time = 0.02 seconds
obj: 11895 rows, 3372 columns, 67322 nonzeros
Set parameter TimeLimit to value 86.2665307
Warning: unknown variable 'r_max' in bounds section (line 13930)
Warning: unknown variable 'r_min' in bounds section (line 13931)
Read LP format model from file E:\codes\ExactEBRP\results\gf_c0_mechanism_transfer_c5_round30\runs\stage4__high_imbalance_seed3202__c5_candidate__rep2__300s\external\models\L1.1.1.1.1.0.1.1.1.lp
Reading time = 0.02 seconds
obj: 11895 rows, 3372 columns, 67322 nonzeros
Set parameter TimeLimit to value 85.8969712
