
Gurobi 13.0.2 (win64) logging started Fri Jul 24 09:14:51 2026

Set parameter LogFile to value "E:\codes\ExactEBRP\results\gf_c0_mechanism_transfer_c5_round30\runs\stage2__high_imbalance_seed5203__c4_candidate__300s\native.log"
Set parameter Threads to value 1
Set parameter Presolve to value -1
Set parameter Seed to value 0
Set parameter MIPGap to value 0
Set parameter MIPGapAbs to value 0
Warning: unknown variable 'r_max' in bounds section (line 13965)
Warning: unknown variable 'r_min' in bounds section (line 13966)
Read LP format model from file E:\codes\ExactEBRP\results\gf_c0_mechanism_transfer_c5_round30\runs\stage2__high_imbalance_seed5203__c4_candidate__300s\external\models\L0.lp
Reading time = 0.02 seconds
obj: 11922 rows, 3380 columns, 67158 nonzeros
Set parameter TimeLimit to value 280.718692
Warning: unknown variable 'r_max' in bounds section (line 13965)
Warning: unknown variable 'r_min' in bounds section (line 13966)
Read LP format model from file E:\codes\ExactEBRP\results\gf_c0_mechanism_transfer_c5_round30\runs\stage2__high_imbalance_seed5203__c4_candidate__300s\external\models\L1.lp
Reading time = 0.02 seconds
obj: 11922 rows, 3380 columns, 67404 nonzeros
Set parameter TimeLimit to value 280.5154145
Warning: unknown variable 'r_max' in bounds section (line 13965)
Warning: unknown variable 'r_min' in bounds section (line 13966)
Read LP format model from file E:\codes\ExactEBRP\results\gf_c0_mechanism_transfer_c5_round30\runs\stage2__high_imbalance_seed5203__c4_candidate__300s\external\models\L1.0.lp
Reading time = 0.02 seconds
obj: 11922 rows, 3380 columns, 67404 nonzeros
Set parameter TimeLimit to value 280.135214
Warning: unknown variable 'r_max' in bounds section (line 13965)
Warning: unknown variable 'r_min' in bounds section (line 13966)
Read LP format model from file E:\codes\ExactEBRP\results\gf_c0_mechanism_transfer_c5_round30\runs\stage2__high_imbalance_seed5203__c4_candidate__300s\external\models\L1.1.lp
Reading time = 0.02 seconds
obj: 11922 rows, 3380 columns, 67404 nonzeros
Set parameter TimeLimit to value 279.9121973
Warning: unknown variable 'r_max' in bounds section (line 13965)
Warning: unknown variable 'r_min' in bounds section (line 13966)
Read LP format model from file E:\codes\ExactEBRP\results\gf_c0_mechanism_transfer_c5_round30\runs\stage2__high_imbalance_seed5203__c4_candidate__300s\external\models\L2.lp
Reading time = 0.02 seconds
obj: 11922 rows, 3380 columns, 67404 nonzeros
Set parameter TimeLimit to value 279.549232
Warning: unknown variable 'r_max' in bounds section (line 13965)
Warning: unknown variable 'r_min' in bounds section (line 13966)
Read LP format model from file E:\codes\ExactEBRP\results\gf_c0_mechanism_transfer_c5_round30\runs\stage2__high_imbalance_seed5203__c4_candidate__300s\external\models\L2.0.lp
Reading time = 0.02 seconds
obj: 11922 rows, 3380 columns, 67404 nonzeros
Set parameter TimeLimit to value 279.1314167
Warning: unknown variable 'r_max' in bounds section (line 13965)
Warning: unknown variable 'r_min' in bounds section (line 13966)
Read LP format model from file E:\codes\ExactEBRP\results\gf_c0_mechanism_transfer_c5_round30\runs\stage2__high_imbalance_seed5203__c4_candidate__300s\external\models\L2.1.lp
Reading time = 0.02 seconds
obj: 11922 rows, 3380 columns, 67404 nonzeros
Set parameter TimeLimit to value 278.7389888
Warning: unknown variable 'r_max' in bounds section (line 13966)
Warning: unknown variable 'r_min' in bounds section (line 13967)
Read LP format model from file E:\codes\ExactEBRP\results\gf_c0_mechanism_transfer_c5_round30\runs\stage2__high_imbalance_seed5203__c4_candidate__300s\external\models\L3.lp
Reading time = 0.02 seconds
obj: 11923 rows, 3380 columns, 67030 nonzeros
Set parameter TimeLimit to value 278.3827847
Warning: unknown variable 'r_max' in bounds section (line 13966)
Warning: unknown variable 'r_min' in bounds section (line 13967)
Read LP format model from file E:\codes\ExactEBRP\results\gf_c0_mechanism_transfer_c5_round30\runs\stage2__high_imbalance_seed5203__c4_candidate__300s\external\models\L3.0.lp
Reading time = 0.02 seconds
obj: 11923 rows, 3380 columns, 67410 nonzeros
Set parameter TimeLimit to value 278.0088429
Warning: unknown variable 'r_max' in bounds section (line 13966)
Warning: unknown variable 'r_min' in bounds section (line 13967)
Read LP format model from file E:\codes\ExactEBRP\results\gf_c0_mechanism_transfer_c5_round30\runs\stage2__high_imbalance_seed5203__c4_candidate__300s\external\models\L3.1.lp
Reading time = 0.02 seconds
obj: 11923 rows, 3380 columns, 67030 nonzeros
Set parameter TimeLimit to value 277.6716758
Warning: unknown variable 'r_max' in bounds section (line 13965)
Warning: unknown variable 'r_min' in bounds section (line 13966)
Read LP format model from file E:\codes\ExactEBRP\results\gf_c0_mechanism_transfer_c5_round30\runs\stage2__high_imbalance_seed5203__c4_candidate__300s\external\models\L2.0.0.lp
Reading time = 0.02 seconds
obj: 11922 rows, 3380 columns, 67404 nonzeros
Set parameter TimeLimit to value 276.6152801
Warning: unknown variable 'r_max' in bounds section (line 13965)
Warning: unknown variable 'r_min' in bounds section (line 13966)
Read LP format model from file E:\codes\ExactEBRP\results\gf_c0_mechanism_transfer_c5_round30\runs\stage2__high_imbalance_seed5203__c4_candidate__300s\external\models\L2.0.1.lp
Reading time = 0.02 seconds
obj: 11922 rows, 3380 columns, 67404 nonzeros
Set parameter TimeLimit to value 276.2062517
Warning: unknown variable 'r_max' in bounds section (line 13965)
Warning: unknown variable 'r_min' in bounds section (line 13966)
Read LP format model from file E:\codes\ExactEBRP\results\gf_c0_mechanism_transfer_c5_round30\runs\stage2__high_imbalance_seed5203__c4_candidate__300s\external\models\L2.0.0.0.lp
Reading time = 0.02 seconds
obj: 11922 rows, 3380 columns, 67404 nonzeros
Set parameter TimeLimit to value 275.8528613
Warning: unknown variable 'r_max' in bounds section (line 13965)
Warning: unknown variable 'r_min' in bounds section (line 13966)
Read LP format model from file E:\codes\ExactEBRP\results\gf_c0_mechanism_transfer_c5_round30\runs\stage2__high_imbalance_seed5203__c4_candidate__300s\external\models\L2.0.0.1.lp
Reading time = 0.02 seconds
obj: 11922 rows, 3380 columns, 67404 nonzeros
Set parameter TimeLimit to value 275.4684418
Warning: unknown variable 'r_max' in bounds section (line 13965)
Warning: unknown variable 'r_min' in bounds section (line 13966)
Read LP format model from file E:\codes\ExactEBRP\results\gf_c0_mechanism_transfer_c5_round30\runs\stage2__high_imbalance_seed5203__c4_candidate__300s\external\models\L2.0.0.1.0.lp
Reading time = 0.02 seconds
obj: 11922 rows, 3380 columns, 67404 nonzeros
Set parameter TimeLimit to value 275.0841848
Warning: unknown variable 'r_max' in bounds section (line 13965)
Warning: unknown variable 'r_min' in bounds section (line 13966)
Read LP format model from file E:\codes\ExactEBRP\results\gf_c0_mechanism_transfer_c5_round30\runs\stage2__high_imbalance_seed5203__c4_candidate__300s\external\models\L2.0.0.1.1.lp
Reading time = 0.02 seconds
obj: 11922 rows, 3380 columns, 67404 nonzeros
Set parameter TimeLimit to value 274.7039312
Warning: unknown variable 'r_max' in bounds section (line 13965)
Warning: unknown variable 'r_min' in bounds section (line 13966)
Read LP format model from file E:\codes\ExactEBRP\results\gf_c0_mechanism_transfer_c5_round30\runs\stage2__high_imbalance_seed5203__c4_candidate__300s\external\models\L2.0.0.1.1.0.lp
Reading time = 0.03 seconds
obj: 11922 rows, 3380 columns, 67404 nonzeros
Set parameter TimeLimit to value 274.3003012
Warning: unknown variable 'r_max' in bounds section (line 13965)
Warning: unknown variable 'r_min' in bounds section (line 13966)
Read LP format model from file E:\codes\ExactEBRP\results\gf_c0_mechanism_transfer_c5_round30\runs\stage2__high_imbalance_seed5203__c4_candidate__300s\external\models\L2.0.0.1.1.1.lp
Reading time = 0.02 seconds
obj: 11922 rows, 3380 columns, 67404 nonzeros
Set parameter TimeLimit to value 273.8748464
Warning: unknown variable 'r_max' in bounds section (line 13965)
Warning: unknown variable 'r_min' in bounds section (line 13966)
Read LP format model from file E:\codes\ExactEBRP\results\gf_c0_mechanism_transfer_c5_round30\runs\stage2__high_imbalance_seed5203__c4_candidate__300s\external\models\L2.0.0.1.1.1.0.lp
Reading time = 0.02 seconds
obj: 11922 rows, 3380 columns, 67404 nonzeros
Set parameter TimeLimit to value 273.5079002
Warning: unknown variable 'r_max' in bounds section (line 13965)
Warning: unknown variable 'r_min' in bounds section (line 13966)
Read LP format model from file E:\codes\ExactEBRP\results\gf_c0_mechanism_transfer_c5_round30\runs\stage2__high_imbalance_seed5203__c4_candidate__300s\external\models\L2.0.0.1.1.1.1.lp
Reading time = 0.02 seconds
obj: 11922 rows, 3380 columns, 67404 nonzeros
Set parameter TimeLimit to value 273.1401305
Warning: unknown variable 'r_max' in bounds section (line 13965)
Warning: unknown variable 'r_min' in bounds section (line 13966)
Read LP format model from file E:\codes\ExactEBRP\results\gf_c0_mechanism_transfer_c5_round30\runs\stage2__high_imbalance_seed5203__c4_candidate__300s\external\models\L2.0.0.1.1.1.0.0.lp
Reading time = 0.02 seconds
obj: 11922 rows, 3380 columns, 67404 nonzeros
Set parameter TimeLimit to value 272.7744377
Warning: unknown variable 'r_max' in bounds section (line 13965)
Warning: unknown variable 'r_min' in bounds section (line 13966)
Read LP format model from file E:\codes\ExactEBRP\results\gf_c0_mechanism_transfer_c5_round30\runs\stage2__high_imbalance_seed5203__c4_candidate__300s\external\models\L2.0.0.1.1.1.0.1.lp
Reading time = 0.02 seconds
obj: 11922 rows, 3380 columns, 67404 nonzeros
Set parameter TimeLimit to value 272.424547
Warning: unknown variable 'r_max' in bounds section (line 13965)
Warning: unknown variable 'r_min' in bounds section (line 13966)
Read LP format model from file E:\codes\ExactEBRP\results\gf_c0_mechanism_transfer_c5_round30\runs\stage2__high_imbalance_seed5203__c4_candidate__300s\external\models\L2.0.0.1.1.1.0.1.0.lp
Reading time = 0.02 seconds
obj: 11922 rows, 3380 columns, 67404 nonzeros
Set parameter TimeLimit to value 272.0432232
Warning: unknown variable 'r_max' in bounds section (line 13965)
Warning: unknown variable 'r_min' in bounds section (line 13966)
Read LP format model from file E:\codes\ExactEBRP\results\gf_c0_mechanism_transfer_c5_round30\runs\stage2__high_imbalance_seed5203__c4_candidate__300s\external\models\L2.0.0.1.1.1.0.1.1.lp
Reading time = 0.02 seconds
obj: 11922 rows, 3380 columns, 67404 nonzeros
Set parameter TimeLimit to value 271.6434389
Warning: unknown variable 'r_max' in bounds section (line 13965)
Warning: unknown variable 'r_min' in bounds section (line 13966)
Read LP format model from file E:\codes\ExactEBRP\results\gf_c0_mechanism_transfer_c5_round30\runs\stage2__high_imbalance_seed5203__c4_candidate__300s\external\models\L2.0.0.1.1.1.1.0.lp
Reading time = 0.02 seconds
obj: 11922 rows, 3380 columns, 67404 nonzeros
Set parameter TimeLimit to value 271.2465797
Warning: unknown variable 'r_max' in bounds section (line 13965)
Warning: unknown variable 'r_min' in bounds section (line 13966)
Read LP format model from file E:\codes\ExactEBRP\results\gf_c0_mechanism_transfer_c5_round30\runs\stage2__high_imbalance_seed5203__c4_candidate__300s\external\models\L2.0.0.1.1.1.1.1.lp
Reading time = 0.02 seconds
obj: 11922 rows, 3380 columns, 67404 nonzeros
Set parameter TimeLimit to value 270.8682173
Warning: unknown variable 'r_max' in bounds section (line 13965)
Warning: unknown variable 'r_min' in bounds section (line 13966)
Read LP format model from file E:\codes\ExactEBRP\results\gf_c0_mechanism_transfer_c5_round30\runs\stage2__high_imbalance_seed5203__c4_candidate__300s\external\models\L2.0.0.1.1.1.1.0.0.lp
Reading time = 0.02 seconds
obj: 11922 rows, 3380 columns, 67404 nonzeros
Set parameter TimeLimit to value 270.5104012
Warning: unknown variable 'r_max' in bounds section (line 13965)
Warning: unknown variable 'r_min' in bounds section (line 13966)
Read LP format model from file E:\codes\ExactEBRP\results\gf_c0_mechanism_transfer_c5_round30\runs\stage2__high_imbalance_seed5203__c4_candidate__300s\external\models\L2.0.0.1.1.1.1.0.1.lp
Reading time = 0.02 seconds
obj: 11922 rows, 3380 columns, 67404 nonzeros
Set parameter TimeLimit to value 270.1235015
Warning: unknown variable 'r_max' in bounds section (line 13965)
Warning: unknown variable 'r_min' in bounds section (line 13966)
Read LP format model from file E:\codes\ExactEBRP\results\gf_c0_mechanism_transfer_c5_round30\runs\stage2__high_imbalance_seed5203__c4_candidate__300s\external\models\L2.0.0.1.1.0.0.lp
Reading time = 0.02 seconds
obj: 11922 rows, 3380 columns, 67404 nonzeros
Set parameter TimeLimit to value 249.4422002
Warning: unknown variable 'r_max' in bounds section (line 13965)
Warning: unknown variable 'r_min' in bounds section (line 13966)
Read LP format model from file E:\codes\ExactEBRP\results\gf_c0_mechanism_transfer_c5_round30\runs\stage2__high_imbalance_seed5203__c4_candidate__300s\external\models\L2.0.0.1.1.0.1.lp
Reading time = 0.02 seconds
obj: 11922 rows, 3380 columns, 67404 nonzeros
Set parameter TimeLimit to value 249.0928778
Warning: unknown variable 'r_max' in bounds section (line 13965)
Warning: unknown variable 'r_min' in bounds section (line 13966)
Read LP format model from file E:\codes\ExactEBRP\results\gf_c0_mechanism_transfer_c5_round30\runs\stage2__high_imbalance_seed5203__c4_candidate__300s\external\models\L2.0.0.1.1.1.0.0.0.lp
Reading time = 0.02 seconds
obj: 11922 rows, 3380 columns, 67404 nonzeros
Set parameter TimeLimit to value 231.146786
Warning: unknown variable 'r_max' in bounds section (line 13965)
Warning: unknown variable 'r_min' in bounds section (line 13966)
Read LP format model from file E:\codes\ExactEBRP\results\gf_c0_mechanism_transfer_c5_round30\runs\stage2__high_imbalance_seed5203__c4_candidate__300s\external\models\L2.0.0.1.1.1.0.0.1.lp
Reading time = 0.02 seconds
obj: 11922 rows, 3380 columns, 67404 nonzeros
Set parameter TimeLimit to value 2.3075907999999998e+02
Warning: unknown variable 'r_max' in bounds section (line 13965)
Warning: unknown variable 'r_min' in bounds section (line 13966)
Read LP format model from file E:\codes\ExactEBRP\results\gf_c0_mechanism_transfer_c5_round30\runs\stage2__high_imbalance_seed5203__c4_candidate__300s\external\models\L2.0.0.1.1.1.1.1.0.lp
Reading time = 0.02 seconds
obj: 11922 rows, 3380 columns, 67404 nonzeros
Set parameter TimeLimit to value 230.3885554
Warning: unknown variable 'r_max' in bounds section (line 13965)
Warning: unknown variable 'r_min' in bounds section (line 13966)
Read LP format model from file E:\codes\ExactEBRP\results\gf_c0_mechanism_transfer_c5_round30\runs\stage2__high_imbalance_seed5203__c4_candidate__300s\external\models\L2.0.0.1.1.1.1.1.1.lp
Reading time = 0.02 seconds
obj: 11922 rows, 3380 columns, 67404 nonzeros
Set parameter TimeLimit to value 229.9830125
Warning: unknown variable 'r_max' in bounds section (line 13965)
Warning: unknown variable 'r_min' in bounds section (line 13966)
Read LP format model from file E:\codes\ExactEBRP\results\gf_c0_mechanism_transfer_c5_round30\runs\stage2__high_imbalance_seed5203__c4_candidate__300s\external\models\L2.0.0.1.1.0.1.0.lp
Reading time = 0.02 seconds
obj: 11922 rows, 3380 columns, 67404 nonzeros
Set parameter TimeLimit to value 213.9965086
Warning: unknown variable 'r_max' in bounds section (line 13965)
Warning: unknown variable 'r_min' in bounds section (line 13966)
Read LP format model from file E:\codes\ExactEBRP\results\gf_c0_mechanism_transfer_c5_round30\runs\stage2__high_imbalance_seed5203__c4_candidate__300s\external\models\L2.0.0.1.1.0.1.1.lp
Reading time = 0.02 seconds
obj: 11922 rows, 3380 columns, 67404 nonzeros
Set parameter TimeLimit to value 213.6536729
Warning: unknown variable 'r_max' in bounds section (line 13965)
Warning: unknown variable 'r_min' in bounds section (line 13966)
Read LP format model from file E:\codes\ExactEBRP\results\gf_c0_mechanism_transfer_c5_round30\runs\stage2__high_imbalance_seed5203__c4_candidate__300s\external\models\L2.0.1.0.lp
Reading time = 0.02 seconds
obj: 11922 rows, 3380 columns, 67404 nonzeros
Set parameter TimeLimit to value 184.1474537
Warning: unknown variable 'r_max' in bounds section (line 13965)
Warning: unknown variable 'r_min' in bounds section (line 13966)
Read LP format model from file E:\codes\ExactEBRP\results\gf_c0_mechanism_transfer_c5_round30\runs\stage2__high_imbalance_seed5203__c4_candidate__300s\external\models\L2.0.1.1.lp
Reading time = 0.02 seconds
obj: 11922 rows, 3380 columns, 67404 nonzeros
Set parameter TimeLimit to value 183.7503355
Warning: unknown variable 'r_max' in bounds section (line 13965)
Warning: unknown variable 'r_min' in bounds section (line 13966)
Read LP format model from file E:\codes\ExactEBRP\results\gf_c0_mechanism_transfer_c5_round30\runs\stage2__high_imbalance_seed5203__c4_candidate__300s\external\models\L2.0.1.0.0.lp
Reading time = 0.02 seconds
obj: 11922 rows, 3380 columns, 67404 nonzeros
Set parameter TimeLimit to value 183.360116
Warning: unknown variable 'r_max' in bounds section (line 13965)
Warning: unknown variable 'r_min' in bounds section (line 13966)
Read LP format model from file E:\codes\ExactEBRP\results\gf_c0_mechanism_transfer_c5_round30\runs\stage2__high_imbalance_seed5203__c4_candidate__300s\external\models\L2.0.1.0.1.lp
Reading time = 0.02 seconds
obj: 11922 rows, 3380 columns, 67404 nonzeros
Set parameter TimeLimit to value 182.9586547
Warning: unknown variable 'r_max' in bounds section (line 13965)
Warning: unknown variable 'r_min' in bounds section (line 13966)
Read LP format model from file E:\codes\ExactEBRP\results\gf_c0_mechanism_transfer_c5_round30\runs\stage2__high_imbalance_seed5203__c4_candidate__300s\external\models\L2.0.1.0.0.0.lp
Reading time = 0.02 seconds
obj: 11922 rows, 3380 columns, 67404 nonzeros
Set parameter TimeLimit to value 178.1479266
Warning: unknown variable 'r_max' in bounds section (line 13965)
Warning: unknown variable 'r_min' in bounds section (line 13966)
Read LP format model from file E:\codes\ExactEBRP\results\gf_c0_mechanism_transfer_c5_round30\runs\stage2__high_imbalance_seed5203__c4_candidate__300s\external\models\L2.0.1.0.0.1.lp
Reading time = 0.02 seconds
obj: 11922 rows, 3380 columns, 67404 nonzeros
Set parameter TimeLimit to value 1.7778438110000002e+02
Warning: unknown variable 'r_max' in bounds section (line 13965)
Warning: unknown variable 'r_min' in bounds section (line 13966)
Read LP format model from file E:\codes\ExactEBRP\results\gf_c0_mechanism_transfer_c5_round30\runs\stage2__high_imbalance_seed5203__c4_candidate__300s\external\models\L2.0.1.0.0.0.0.lp
Reading time = 0.02 seconds
obj: 11922 rows, 3380 columns, 67404 nonzeros
Set parameter TimeLimit to value 1.7742269670000002e+02
Warning: unknown variable 'r_max' in bounds section (line 13965)
Warning: unknown variable 'r_min' in bounds section (line 13966)
Read LP format model from file E:\codes\ExactEBRP\results\gf_c0_mechanism_transfer_c5_round30\runs\stage2__high_imbalance_seed5203__c4_candidate__300s\external\models\L2.0.1.0.0.0.1.lp
Reading time = 0.02 seconds
obj: 11922 rows, 3380 columns, 67404 nonzeros
Set parameter TimeLimit to value 177.0486758
Warning: unknown variable 'r_max' in bounds section (line 13965)
Warning: unknown variable 'r_min' in bounds section (line 13966)
Read LP format model from file E:\codes\ExactEBRP\results\gf_c0_mechanism_transfer_c5_round30\runs\stage2__high_imbalance_seed5203__c4_candidate__300s\external\models\L2.0.1.0.0.0.0.0.lp
Reading time = 0.02 seconds
obj: 11922 rows, 3380 columns, 67404 nonzeros
Set parameter TimeLimit to value 176.6403734
Warning: unknown variable 'r_max' in bounds section (line 13965)
Warning: unknown variable 'r_min' in bounds section (line 13966)
Read LP format model from file E:\codes\ExactEBRP\results\gf_c0_mechanism_transfer_c5_round30\runs\stage2__high_imbalance_seed5203__c4_candidate__300s\external\models\L2.0.1.0.0.0.0.1.lp
Reading time = 0.02 seconds
obj: 11922 rows, 3380 columns, 67404 nonzeros
Set parameter TimeLimit to value 1.7624630589999998e+02
Warning: unknown variable 'r_max' in bounds section (line 13965)
Warning: unknown variable 'r_min' in bounds section (line 13966)
Read LP format model from file E:\codes\ExactEBRP\results\gf_c0_mechanism_transfer_c5_round30\runs\stage2__high_imbalance_seed5203__c4_candidate__300s\external\models\L2.0.0.1.1.0.1.1.0.lp
Reading time = 0.02 seconds
obj: 11922 rows, 3380 columns, 67404 nonzeros
Set parameter TimeLimit to value 175.8785039
Warning: unknown variable 'r_max' in bounds section (line 13965)
Warning: unknown variable 'r_min' in bounds section (line 13966)
Read LP format model from file E:\codes\ExactEBRP\results\gf_c0_mechanism_transfer_c5_round30\runs\stage2__high_imbalance_seed5203__c4_candidate__300s\external\models\L2.0.0.1.1.0.1.1.1.lp
Reading time = 0.02 seconds
obj: 11922 rows, 3380 columns, 67404 nonzeros
Set parameter TimeLimit to value 175.5157158
Warning: unknown variable 'r_max' in bounds section (line 13965)
Warning: unknown variable 'r_min' in bounds section (line 13966)
Read LP format model from file E:\codes\ExactEBRP\results\gf_c0_mechanism_transfer_c5_round30\runs\stage2__high_imbalance_seed5203__c4_candidate__300s\external\models\L2.0.1.0.0.0.0.0.0.lp
Reading time = 0.02 seconds
obj: 11922 rows, 3380 columns, 67404 nonzeros
Set parameter TimeLimit to value 175.1381836
Warning: unknown variable 'r_max' in bounds section (line 13965)
Warning: unknown variable 'r_min' in bounds section (line 13966)
Read LP format model from file E:\codes\ExactEBRP\results\gf_c0_mechanism_transfer_c5_round30\runs\stage2__high_imbalance_seed5203__c4_candidate__300s\external\models\L2.0.1.0.0.0.0.0.1.lp
Reading time = 0.02 seconds
obj: 11922 rows, 3380 columns, 67404 nonzeros
Set parameter TimeLimit to value 174.7544758
Warning: unknown variable 'r_max' in bounds section (line 13965)
Warning: unknown variable 'r_min' in bounds section (line 13966)
Read LP format model from file E:\codes\ExactEBRP\results\gf_c0_mechanism_transfer_c5_round30\runs\stage2__high_imbalance_seed5203__c4_candidate__300s\external\models\L2.0.1.0.0.0.0.1.0.lp
Reading time = 0.02 seconds
obj: 11922 rows, 3380 columns, 67404 nonzeros
Set parameter TimeLimit to value 120.0484107
Warning: unknown variable 'r_max' in bounds section (line 13965)
Warning: unknown variable 'r_min' in bounds section (line 13966)
Read LP format model from file E:\codes\ExactEBRP\results\gf_c0_mechanism_transfer_c5_round30\runs\stage2__high_imbalance_seed5203__c4_candidate__300s\external\models\L2.0.1.0.0.0.0.1.1.lp
Reading time = 0.02 seconds
obj: 11922 rows, 3380 columns, 67404 nonzeros
Set parameter TimeLimit to value 1.1966321819999999e+02
Warning: unknown variable 'r_max' in bounds section (line 13965)
Warning: unknown variable 'r_min' in bounds section (line 13966)
Read LP format model from file E:\codes\ExactEBRP\results\gf_c0_mechanism_transfer_c5_round30\runs\stage2__high_imbalance_seed5203__c4_candidate__300s\external\models\L2.0.1.0.0.0.1.0.lp
Reading time = 0.02 seconds
obj: 11922 rows, 3380 columns, 67404 nonzeros
Set parameter TimeLimit to value 81.6497228
Warning: unknown variable 'r_max' in bounds section (line 13965)
Warning: unknown variable 'r_min' in bounds section (line 13966)
Read LP format model from file E:\codes\ExactEBRP\results\gf_c0_mechanism_transfer_c5_round30\runs\stage2__high_imbalance_seed5203__c4_candidate__300s\external\models\L2.0.1.0.0.0.1.1.lp
Reading time = 0.02 seconds
obj: 11922 rows, 3380 columns, 67404 nonzeros
Set parameter TimeLimit to value 8.1246832799999993e+01
Warning: unknown variable 'r_max' in bounds section (line 13965)
Warning: unknown variable 'r_min' in bounds section (line 13966)
Read LP format model from file E:\codes\ExactEBRP\results\gf_c0_mechanism_transfer_c5_round30\runs\stage2__high_imbalance_seed5203__c4_candidate__300s\external\models\L2.0.1.0.0.0.1.0.0.lp
Reading time = 0.02 seconds
obj: 11922 rows, 3380 columns, 67404 nonzeros
Set parameter TimeLimit to value 80.8798094
Warning: unknown variable 'r_max' in bounds section (line 13965)
Warning: unknown variable 'r_min' in bounds section (line 13966)
Read LP format model from file E:\codes\ExactEBRP\results\gf_c0_mechanism_transfer_c5_round30\runs\stage2__high_imbalance_seed5203__c4_candidate__300s\external\models\L2.0.1.0.0.0.1.0.1.lp
Reading time = 0.02 seconds
obj: 11922 rows, 3380 columns, 67404 nonzeros
Set parameter TimeLimit to value 8.0481081999999986e+01
Warning: unknown variable 'r_max' in bounds section (line 13965)
Warning: unknown variable 'r_min' in bounds section (line 13966)
Read LP format model from file E:\codes\ExactEBRP\results\gf_c0_mechanism_transfer_c5_round30\runs\stage2__high_imbalance_seed5203__c4_candidate__300s\external\models\L2.0.0.1.1.0.1.0.0.lp
Reading time = 0.02 seconds
obj: 11922 rows, 3380 columns, 67404 nonzeros
Set parameter TimeLimit to value 5.8128038000000004e+01
Warning: unknown variable 'r_max' in bounds section (line 13965)
Warning: unknown variable 'r_min' in bounds section (line 13966)
Read LP format model from file E:\codes\ExactEBRP\results\gf_c0_mechanism_transfer_c5_round30\runs\stage2__high_imbalance_seed5203__c4_candidate__300s\external\models\L2.0.0.1.1.0.1.0.1.lp
Reading time = 0.02 seconds
obj: 11922 rows, 3380 columns, 67404 nonzeros
Set parameter TimeLimit to value 5.7780762399999986e+01
