Version identifier: 22.1.1.0 | 2022-11-27 | 9160aff4d
CPXPARAM_Threads                                 1
CPXPARAM_MIP_Strategy_Search                     1
CPXPARAM_TimeLimit                               294
CPXPARAM_MIP_Tolerances_AbsMIPGap                0
CPXPARAM_MIP_Tolerances_MIPGap                   0
Generic callback                                 0x18
Tried aggregator 2 times.
MIP Presolve eliminated 30 rows and 0 columns.
MIP Presolve modified 72 coefficients.
Aggregator did 12 substitutions.
Reduced MIP has 1491 rows, 707 columns, and 6384 nonzeros.
Reduced MIP has 434 binaries, 84 generals, 0 SOSs, and 0 indicators.
Presolve time = 0.00 sec. (5.19 ticks)
Found incumbent of value 1.008223 after 0.02 sec. (7.72 ticks)
Probing fixed 2 vars, tightened 30 bounds.
Probing time = 0.00 sec. (9.70 ticks)
Tried aggregator 2 times.
Detecting symmetries...
MIP Presolve eliminated 19 rows and 7 columns.
Aggregator did 9 substitutions.
Reduced MIP has 1463 rows, 691 columns, and 6309 nonzeros.
Reduced MIP has 432 binaries, 85 generals, 0 SOSs, and 0 indicators.
Presolve time = 0.00 sec. (5.19 ticks)
Probing time = 0.00 sec. (3.38 ticks)
Clique table members: 3622.
MIP emphasis: balance optimality and feasibility.
MIP search method: traditional branch-and-cut.
Parallel mode: none, using 1 thread.
Root relaxation solution time = 0.00 sec. (25.19 ticks)

        Nodes                                         Cuts/
   Node  Left     Objective  IInf  Best Integer    Best Bound    ItCnt     Gap         Variable B NodeID Parent  Depth

*     0+    0                            1.0082        0.0022            99.78%
      0     0        0.2949   127        1.0082        0.2949      495   70.75%
      0     0        0.3034   148        1.0082      Cuts: 81      599   69.91%
      0     0        0.3042   151        1.0082      Cuts: 46      658   69.83%
      0     0        0.3045   159        1.0082      Cuts: 42      700   69.80%
      0     0        0.3046   170        1.0082      Cuts: 22      724   69.79%
      0     0        0.3047   174        1.0082      Cuts: 13      742   69.78%
      0     0        0.3049   176        1.0082       Cuts: 9      761   69.76%
      0     0        0.3050   186        1.0082      Cuts: 21      778   69.75%
      0     0        0.3050   175        1.0082       Cuts: 5      798   69.75%
      0     0        0.3050   185        1.0082       Cuts: 8      813   69.75%
      0     0        0.3050   180        1.0082       Cuts: 5      824   69.74%
*     0+    0                            1.0082        0.3050            69.74%
      0     0  -1.00000e+75     0        1.0082        0.3050      824   69.74%
      0     2        0.3050   180        1.0082        0.3107      824   69.18%                        0             0
Elapsed time = 0.27 sec. (666.06 ticks, tree = 0.01 MB, solutions = 2)
      2     4        0.3343   171        1.0082        0.3401      986   66.27%         bit_8_5 D      2      1      2
     26    28        0.6241   125        1.0082        0.3510     2535   65.19%         bit_6_4 N     26     24     18
     78    69        0.8478   127        1.0082        0.3520     4748   65.09%         bit_2_5 U     78     76     14
    146   123        0.6089   126        1.0082        0.3560     6904   64.69%         bit_5_4 D    146    145     23
    220   179        1.0026   116        1.0082        0.3750     8655   62.81%           z_0_9 U    220    219     33
    317   247        0.7146    66        1.0082        0.3827    11311   62.04%        x_0_0_12 D    317    316     42
    421   329        0.6292    96        1.0082        0.4165    13757   58.68%         bit_9_5 D    421    420     23
    519   406        0.5673   176        1.0082        0.4278    16194   57.57%         bit_8_3 U    519    126      4
    637   501        0.5793   120        1.0082        0.4385    19634   56.51%         bit_6_5 D    637    636     15
*  1138   889      integral     0        0.9372        0.4515    30906   51.82%
*  1139   878      integral     0        0.9156        0.4515    30942   50.68%
   1192   931        0.8078    83        0.9156        0.4527    32340   50.56%         x_1_1_3 D   1192   1191     58
Elapsed time = 1.48 sec. (3819.18 ticks, tree = 0.63 MB, solutions = 4)
*  1239+  968                            0.9119        0.4563            49.96%
   1924  1577        0.5566   123        0.9119        0.4784    46290   47.54%         bit_7_3 D   1924   1923     16
*  2000+ 1640                            0.9119        0.4834            46.99%
   2529  2105        0.6702    89        0.9119        0.4878    60886   46.51%         bit_5_5 U   2529   2528     31
   3271  2739        0.6829    81        0.9119        0.4942    74590   45.80%         x_1_5_0 D   3271   3270     47
   3960  3326        0.6962    79        0.9119        0.4977    89159   45.42%        bit_12_5 D   3960   3959     31
*  4000+ 3343                            0.8933        0.4978            44.28%
   4844  4082        0.5504   117        0.8933        0.5016   102490   43.85%           z_0_5 D   4844   4843     26
*  5118  4188      integral     0        0.8010        0.5020   106265   37.33%
*  5218+ 4247                            0.7922        0.5024            36.58%
*  5218+ 4246                            0.7920        0.5024            36.57%
   5723  4677        0.7210    71        0.7920        0.5036   116571   36.42%        bit_10_4 D   5723   5722     49
*  6000+ 4912                            0.7920        0.5042            36.34%
   6543  5381        0.5823   105        0.7920        0.5060   130393   36.12%         bit_3_4 U   6543   6541     32
   7201  5934    infeasible              0.7920        0.5076   144056   35.91%           d_1_3 D   7201   7199     30
   7920  6576        0.6897    85        0.7920        0.5087   157963   35.77%        x_0_10_5 D   7920   7919     73
*  8000+ 6582                            0.7791        0.5088            34.70%
*  8100+ 6507                            0.7598        0.5091            33.00%
   8534  6877        0.6110   117        0.7598        0.5101   169114   32.87%           z_0_2 D   8534   8533     37
Elapsed time = 5.33 sec. (13363.66 ticks, tree = 4.95 MB, solutions = 13)
*  9000+ 7284                            0.7598        0.5109            32.76%
   9250  7488        0.5504   134        0.7598        0.5113   183214   32.71%        bit_10_5 D   9250   9249     19
   9990  8114    infeasible              0.7598        0.5120   197265   32.62%           z_1_7 D   9990   9987     23
  10689  8716        0.6855    90        0.7598        0.5129   211275   32.50%         bit_9_4 D  10689  10688     34
  11315  9236        cutoff              0.7598        0.5140   226195   32.35%         x_1_8_5 D  11315  11313     52
  11988  9787        0.5784   100        0.7598        0.5148   240427   32.24%        x_1_10_7 D  11988  11987     36
  12741 10415        0.6167    93        0.7598        0.5155   254303   32.15%        mode_0_8 D  12741  12740     33
  13390 10955        0.6982    86        0.7598        0.5162   269144   32.06%        x_1_5_12 D  13390  13389     55
  14075 11519        0.6803    75        0.7598        0.5169   283350   31.97%           d_1_3 U  14075  14074     38
  14741 12084        0.7348    94        0.7598        0.5174   298083   31.91%           z_1_5 D  14741  14739     35
* 15000+12269                            0.7577        0.5176            31.69%
* 15000+12226                            0.7556        0.5176            31.50%
  15406 12588        0.6947   101        0.7556        0.5182   312647   31.42%          z_0_11 D  15406  15405     45
Elapsed time = 9.05 sec. (22916.39 ticks, tree = 9.39 MB, solutions = 16)
* 16000+13078                            0.7554        0.5187            31.34%
  16056 13130        0.6667    81        0.7554        0.5187   325193   31.34%         x_1_5_3 N  16056  16055     44
  16682 13643    infeasible              0.7554        0.5196   339057   31.22%         x_1_8_5 U  16682  16681     50
* 17000+13918                            0.7554        0.5199            31.18%
  17297 14168        0.5381   117        0.7554        0.5201   351671   31.15%           d_0_6 U  17297  17296     18
  17915 14670        0.5575   111        0.7554        0.5207   365917   31.07%           d_0_4 U  17915  17914     22
* 18000+14734                            0.7554        0.5207            31.07%
  18577 15201        0.5925   125        0.7554        0.5211   379885   31.02%           p_1_7 D  18577  18576     24
  19249 15760        0.6738    99        0.7554        0.5214   393773   30.97%        x_0_12_9 D  19249  19248     32
  19927 16293        0.5367   115        0.7554        0.5218   408405   30.92%           p_1_7 D  19927  19926     17
  20639 16882        0.5491   119        0.7554        0.5226   423339   30.81%           p_1_7 U  20639  20638     19
  21332 17431        0.7406    97        0.7554        0.5230   437930   30.77%           z_1_1 D  21332  21330     26
  21938 17934        0.7405   113        0.7554        0.5232   451992   30.75%         bit_3_4 N  21938  21937     36
Elapsed time = 12.86 sec. (32472.95 ticks, tree = 13.88 MB, solutions = 19)
  22540 18406        0.7071    76        0.7554        0.5236   466326   30.69%           p_1_8 D  22540  22539     44
  23122 18854        0.5404   124        0.7554        0.5241   479119   30.62%           p_1_7 N  23122  23121     20
  23776 19396        0.6923    66        0.7554        0.5244   492682   30.59%         x_0_0_1 D  23776  23775     51
  24387 19863        0.5946   100        0.7554        0.5247   505787   30.54%           p_1_7 N  24387  24386     22
  25101 20457        0.7065    84        0.7554        0.5253   519303   30.47%         x_0_8_3 N  25101  25100     34
  25794 21031        0.7537    60        0.7554        0.5255   533162   30.44%           z_1_3 D  25794  25793     74
  26563 21672        0.6530    86        0.7554        0.5258   547075   30.40%           z_1_5 N  26563  26562     30
  27260 22229        0.6659    83        0.7554        0.5262   561009   30.34%         x_0_6_1 D  27260  27259     39
  27987 22832        0.6962    87        0.7554        0.5266   574365   30.29%         bit_3_4 U  27987  27986     32
  28609 23351        0.5796   117        0.7554        0.5269   588248   30.25%           p_1_7 U  28609  28608     21
Elapsed time = 16.69 sec. (42033.60 ticks, tree = 17.77 MB, solutions = 19)
  29224 23840        0.6348   107        0.7554        0.5273   602343   30.20%         x_0_4_1 U  29224  29222     26
  29880 24352        0.6386   101        0.7554        0.5277   614500   30.15%         x_0_4_3 D  29880  29879     29
  30546 24867        0.5538   109        0.7554        0.5279   629051   30.11%        bit_10_5 D  30546  30545     25
  31176 25354        0.6079   108        0.7554        0.5283   643170   30.07%           p_1_7 N  31176  31175     17
  31889 25927        0.6146    95        0.7554        0.5287   657228   30.02%           p_1_7 U  31889  31888     29
  32460 26374    infeasible              0.7554        0.5289   670383   29.99%        x_0_5_12 U  32460  32458     35
  33108 26900        0.5718   118        0.7554        0.5291   684480   29.96%        bit_10_5 N  33108  33107     34
  33720 27364        0.6630    92        0.7554        0.5293   698483   29.94%        x_0_12_8 D  33720  33719     49
  34382 27893        0.7242    56        0.7554        0.5295   712202   29.90%         x_0_6_4 D  34382  34381     50
  34936 28300        0.6385   113        0.7554        0.5298   726875   29.86%           z_0_1 D  34936  13511     24
Elapsed time = 20.52 sec. (51592.31 ticks, tree = 21.35 MB, solutions = 19)
  35632 28841        cutoff              0.7554        0.5302   740908   29.81%         x_0_7_4 U  35632   6507     17
  36296 29384        0.6721    99        0.7554        0.5304   754844   29.78%         x_1_9_5 D  36296  36295     53
  36859 29840        0.5805   108        0.7554        0.5306   768821   29.77%           d_0_6 D  36859  36858     31
  37490 30353        0.7104    85        0.7554        0.5309   783646   29.73%           d_0_4 D  37490  37489     28
  38138 30861        0.6672    74        0.7554        0.5311   797587   29.70%        x_1_10_5 D  38138  38137     32
  38760 31331        0.5697   100        0.7554        0.5313   811968   29.66%        bit_10_5 D  38760  38759     29
  39390 31781        0.5316   114        0.7554        0.5315   826246   29.64%           p_1_7 D  39390  38806     20
  40062 32297        0.5450   139        0.7554        0.5317   840696   29.61%           d_0_4 D  40062  40060     21
  40680 32772        0.5764    96        0.7554        0.5319   854781   29.59%           p_1_1 U  40680  40678     26
  41257 33203        0.5539   108        0.7554        0.5321   869861   29.56%           d_0_4 N  41257  41256     25
Elapsed time = 24.42 sec. (61142.09 ticks, tree = 26.30 MB, solutions = 19)
  41895 33695        0.5935   127        0.7554        0.5323   884681   29.53%         bit_8_1 N  41895  41894     31
* 42400+33592                            0.7475        0.5324            28.78%
* 42500+32560                            0.7359        0.5324            27.65%
  42531 32583        0.6193   105        0.7359        0.5324   898622   27.65%         bit_9_5 D  42531  42530     29
  42996 32933        0.5556   113        0.7359        0.5325   911761   27.63%         x_1_1_2 U  42996  21884     26
  43627 33378    infeasible              0.7359        0.5327   925127   27.61%           p_1_7 D  43627  41098     15
  44127 33763        cutoff              0.7359        0.5329   939225   27.58%         x_1_7_3 N  44127  44126     47
  44735 34249        0.7253    84        0.7359        0.5330   952960   27.57%        x_0_0_12 D  44735  44734     59
  45407 34767        0.5635   112        0.7359        0.5332   967509   27.54%         x_0_6_3 N  45407  45406     28
  46119 35310        0.5827   102        0.7359        0.5334   982027   27.52%         x_0_3_4 D  46119  46118     22
  46870 35909        0.7228    65        0.7359        0.5335   996831   27.50%        x_1_1_12 D  46870  46869     76
  47473 36333        0.5825   119        0.7359        0.5337  1011049   27.48%           p_1_7 U  47473  47472     33
Elapsed time = 28.30 sec. (70699.42 ticks, tree = 28.56 MB, solutions = 21)
  48110 36813        0.6482   125        0.7359        0.5338  1025154   27.47%           p_1_7 U  48110  48109     18
  48708 37278        0.5718   111        0.7359        0.5339  1039335   27.45%           p_1_7 U  48708  48707     22
  49322 37731        0.6770    70        0.7359        0.5341  1053862   27.42%        x_0_10_9 U  49322  49320     45
  49987 38245        0.5708   101        0.7359        0.5341  1068440   27.41%           p_1_7 D  49987  49986     17
  50603 38694        0.5823   101        0.7359        0.5342  1082672   27.40%           p_1_8 N  50603  50602     27
* 51000+38992                            0.7359        0.5343            27.39%
  51147 39105        0.7263    47        0.7359        0.5343  1096811   27.39%           z_0_2 D  51147  51146     67
  51789 39558        0.5867    98        0.7359        0.5345  1111237   27.36%           p_1_8 D  51789  51787     33
  52455 40055        0.6720    80        0.7359        0.5347  1125178   27.34%           z_1_5 D  52455  52453     34
  53114 40533        0.5965   102        0.7359        0.5348  1139555   27.32%         x_0_1_3 D  53114  53113     33
  53692 40981        0.5525    91        0.7359        0.5351  1153440   27.29%           p_1_8 U  53692  51717     32
Elapsed time = 32.16 sec. (80257.16 ticks, tree = 32.00 MB, solutions = 22)
  54318 41458        0.5917   122        0.7359        0.5352  1167863   27.26%         x_0_4_3 N  54318  54317     24
  54913 41922        0.5592   101        0.7359        0.5354  1182317   27.25%         x_1_1_2 U  54913  30812     18
  55542 42405        0.5886   112        0.7359        0.5355  1196378   27.22%           z_0_1 D  55542   9680     20
  56188 42879        0.5943   103        0.7359        0.5357  1210094   27.21%         x_0_4_1 N  56188  54878     23
  56809 43341        0.6357    99        0.7359        0.5358  1224115   27.19%           p_0_1 D  56809  56807     31
  57449 43811        0.6087    85        0.7359        0.5360  1238339   27.17%         bit_4_5 D  57449  57448     30
* 58000+43319                            0.7303        0.5361            26.60%
  58063 43376        0.7094    56        0.7303        0.5361  1252164   26.60%        bit_10_4 D  58063  58062     74
  58620 43777        0.7030    84        0.7303        0.5363  1266999   26.57%         bit_4_3 U  58620  58619     43
  59222 44214        0.5903   100        0.7303        0.5364  1281266   26.55%           p_1_7 D  59222  59221     22
* 61000+44829                            0.7274        0.5368            26.20%
  61679 45333        0.5524   107        0.7274        0.5370  1336450   26.18%         x_1_1_2 D  61679  61678     31
Elapsed time = 37.09 sec. (92680.58 ticks, tree = 35.18 MB, solutions = 24)
  64065 47026        0.6749    85        0.7274        0.5377  1393056   26.09%           d_0_4 N  64065  64064     29
  66460 48782        0.6976    90        0.7274        0.5383  1449033   26.00%         bit_3_4 U  66460  66458     34
* 68000+49959                            0.7274        0.5386            25.95%
  68944 50675        0.5455   127        0.7274        0.5389  1504524   25.92%         x_0_4_3 N  68944  56445     26
  71305 52456        0.6831    78        0.7274        0.5393  1561072   25.86%           z_0_1 D  71305  71304     39
  73573 54107        0.6774   109        0.7274        0.5399  1619015   25.78%        bit_12_5 U  73573  73572     33
  75860 55799        0.6556   101        0.7274        0.5403  1674866   25.72%         x_1_2_3 N  75860  75859     59
  78101 57493        cutoff              0.7274        0.5407  1729392   25.67%         x_1_3_2 D  78101  78100     63
  80364 59176        0.5808   107        0.7274        0.5413  1785077   25.59%           d_0_4 N  80364  80363     22
  82846 60954        0.5623    96        0.7274        0.5418  1840695   25.52%           d_0_6 N  82846  45537     22
  85217 62660        0.6529    90        0.7274        0.5423  1895877   25.45%         bit_9_5 D  85217  85216     32
Elapsed time = 52.42 sec. (130853.03 ticks, tree = 48.09 MB, solutions = 25)
  87550 64329        cutoff              0.7274        0.5428  1951535   25.38%         bit_9_5 N  87550  87549     29
  89691 65914        0.6347    87        0.7274        0.5433  2007023   25.31%        bit_10_5 U  89691  89689     22
  91969 67590        cutoff              0.7274        0.5437  2062141   25.26%        bit_10_4 U  91969  91967     74
  94219 69222        0.6807    86        0.7274        0.5440  2117919   25.21%         x_1_5_2 D  94219  94218     39
  96476 70874        0.6485    95        0.7274        0.5445  2173896   25.15%        x_1_10_7 D  96476  96475     37
  98296 72232        0.5769   125        0.7274        0.5448  2228516   25.11%        bit_10_5 N  98296  98295     19
 100646 73931        0.6514   109        0.7274        0.5452  2283653   25.06%         bit_6_4 D 100646 100645     43
 103007 75643        0.5593   126        0.7274        0.5456  2339422   25.00%           p_1_8 U 103007 103006     19
 105104 77155        0.6936   100        0.7274        0.5459  2394152   24.95%         bit_3_4 U 105104 105103     41
 107119 78629        0.5796   109        0.7274        0.5463  2449636   24.91%         bit_4_5 D 107119 107118     25
Elapsed time = 67.64 sec. (169017.53 ticks, tree = 63.21 MB, solutions = 25)
 109352 80207        0.6026   102        0.7274        0.5467  2504010   24.85%           p_1_7 D 109352 109351     31
 111650 81889        0.6345   100        0.7274        0.5470  2558593   24.80%           p_1_7 D 111650 111649     22
 113755 83390        0.6903    88        0.7274        0.5474  2613539   24.75%         bit_3_4 U 113755 113754     36
 116070 85078        0.6297    75        0.7274        0.5478  2668768   24.70%         bit_9_5 U 116070 116068     34
 118236 86643        0.6996    68        0.7274        0.5481  2723335   24.66%         bit_3_4 N 118236 118235     35
 120413 88164        0.7077   105        0.7274        0.5484  2778801   24.61%           d_0_6 U 120413 120412     23
 122624 89774        0.5722   156        0.7274        0.5487  2834060   24.57%           z_0_9 D 122624   1313     11
 124683 91241        0.6594   101        0.7274        0.5490  2890416   24.53%        bit_12_5 U 124683 124682     37
 126870 92792        0.6498    99        0.7274        0.5493  2944663   24.49%         x_0_4_3 D 126870 126869     26
 129041 94328        0.6649    82        0.7274        0.5496  2999652   24.45%           p_0_1 U 129041 129040     23
Elapsed time = 82.91 sec. (207181.09 ticks, tree = 75.09 MB, solutions = 25)
 131066 95671        0.6386    94        0.7274        0.5499  3053157   24.40%           z_1_5 N 131066 131065     27
 133075 97034        0.6576    97        0.7274        0.5502  3108117   24.36%           p_1_1 U 133075 133074     30
 135218 98484        0.6756    83        0.7274        0.5506  3162587   24.32%         x_0_7_0 N 135218 135215     28
 137234 99802        0.6820    84        0.7274        0.5509  3218233   24.27%         bit_9_5 N 137234 137233     39
 139338 101155        0.5714   101        0.7274        0.5512  3272522   24.23%           p_1_1 U 139338 139337     30
 141450 102511        cutoff              0.7274        0.5515  3327708   24.18%        x_0_8_12 U 141450  10824     21
 143600 103965        0.5774   101        0.7274        0.5517  3381202   24.16%        x_0_12_5 N 143600  12201     24
 145768 105435        0.5773   119        0.7274        0.5520  3434444   24.12%           p_1_1 U 145768 145767     21
 147940 106923        0.6825    55        0.7274        0.5522  3490172   24.09%           d_0_4 U 147940 147939     33
 150029 108372    infeasible              0.7274        0.5525  3543539   24.05%         x_1_0_3 U 150029 150028     72
Elapsed time = 98.23 sec. (245354.77 ticks, tree = 85.74 MB, solutions = 25)
 152139 109768        cutoff              0.7274        0.5528  3599310   24.01%         x_0_8_5 U 152139  81596     18
 154326 111218        0.5785    99        0.7274        0.5531  3654552   23.97%           p_0_1 U 154326 149787     35
 156300 112527        0.5807   113        0.7274        0.5533  3709352   23.94%         bit_9_5 U 156300   1604     24
 158478 114034        0.6748    87        0.7274        0.5535  3764476   23.91%           p_1_1 N 158478 158477     33
 160661 115537        0.5678   107        0.7274        0.5538  3818976   23.87%           p_1_7 U 160661 160210     24
 162885 117090        cutoff              0.7274        0.5540  3874061   23.84%         bit_3_4 D 162885 162883     38
 164989 118574        0.5643   113        0.7274        0.5542  3927484   23.81%         x_0_4_1 N 164989  11999     23
 167116 120032        0.6037   132        0.7274        0.5545  3981659   23.78%           d_0_4 U 167116 167115     23
 169271 121510        0.6702    96        0.7274        0.5547  4036989   23.75%         x_0_3_4 U 169271 169270     27
 171369 122864        0.5867   113        0.7274        0.5549  4091772   23.71%           p_1_8 U 171369 171368     18
Elapsed time = 113.55 sec. (283526.70 ticks, tree = 96.79 MB, solutions = 25)
 173360 124203        0.5856   108        0.7274        0.5552  4147326   23.68%           p_1_1 U 173360 173359     25
 175399 125643        0.6273   106        0.7274        0.5553  4201333   23.66%           p_1_1 N 175399 175398     21
 177506 127094        0.5629   117        0.7274        0.5556  4255069   23.63%           p_0_1 U 177506 177505     25
 179612 128506        0.6821    94        0.7274        0.5558  4308794   23.60%           d_0_6 U 179612 179611     25
 181735 129956        0.7251    59        0.7274        0.5560  4362913   23.57%        x_0_10_8 D 181735 181734     45
 183827 131303        0.6545    93        0.7274        0.5563  4417954   23.53%         x_0_1_3 D 183827 183825     37
 185945 132721        0.5893   106        0.7274        0.5565  4472457   23.50%           p_0_1 N 185945 176290     28
 188057 134194        0.6247   117        0.7274        0.5567  4526805   23.48%           p_1_1 N 188057 188056     23
 190271 135705        0.6191   115        0.7274        0.5569  4582059   23.45%        bit_10_5 U 190271 190269     26
 192394 137134        0.6442   112        0.7274        0.5570  4635818   23.43%           p_1_1 D 192394 192392     22
Elapsed time = 128.78 sec. (321720.51 ticks, tree = 110.68 MB, solutions = 25)
 194567 138629        0.7139    89        0.7274        0.5572  4690972   23.40%          z_0_11 D 194567 194566     43
 196730 140106        0.5585   126        0.7274        0.5574  4745258   23.37%         x_0_4_1 D 196730 196729     25
 198980 141671        0.6525    93        0.7274        0.5577  4798902   23.34%         bit_9_5 D 198980 198979     36
 201092 143123        0.7222   101        0.7274        0.5578  4854238   23.31%         bit_4_4 D 201092 201091     33
 203280 144618        0.7057    68        0.7274        0.5581  4909741   23.28%           z_1_5 D 203280 203278     35
 205448 146067        cutoff              0.7274        0.5582  4963610   23.26%           d_1_3 U 205448 205447     35
 207576 147469        0.6175   107        0.7274        0.5584  5019797   23.23%           p_0_1 N 207576 207574     27
 209639 148863        0.6640    98        0.7274        0.5587  5073473   23.20%         x_0_6_4 D 209639 209638     32
 211702 150259        0.7065    77        0.7274        0.5589  5128067   23.18%        x_1_10_0 U 211702 211700     67
 213800 151744        0.6585    96        0.7274        0.5591  5181458   23.15%           z_0_9 U 213800 213799     39
Elapsed time = 144.02 sec. (359904.85 ticks, tree = 121.90 MB, solutions = 25)
 215924 153165        0.5892   115        0.7274        0.5592  5236548   23.13%           d_0_6 U 215924 215923     21
 218068 154678        0.7217    64        0.7274        0.5593  5289167   23.11%         x_0_6_1 U 218068 218067     52
 220327 156249        0.5694   122        0.7274        0.5595  5343248   23.08%           p_0_1 U 220327 220326     18
 222469 157720        0.7257    75        0.7274        0.5597  5398200   23.05%           z_1_5 D 222469 222468     38
 224580 159181        0.6127   118        0.7274        0.5600  5451894   23.03%           d_0_4 U 224580  19503     29
 226573 160529        0.5802   120        0.7274        0.5601  5506007   23.00%           d_0_6 U 226573 226572     26
 228620 161961        0.6870    97        0.7274        0.5603  5558477   22.98%           p_0_1 D 228620 228618     34
 230743 163419        0.6285   104        0.7274        0.5605  5613335   22.96%           p_1_1 N 230743 230742     28
 232777 164835        0.6769    84        0.7274        0.5606  5667137   22.93%           p_1_7 D 232777 232776     39
 234887 166294        cutoff              0.7274        0.5608  5721330   22.92%         bit_4_5 U 234887 234885     31
Elapsed time = 159.11 sec. (398094.25 ticks, tree = 134.83 MB, solutions = 25)
 236773 167565        0.5680   113        0.7274        0.5609  5774385   22.89%        bit_10_5 D 236773 236772     26
 238930 169110        0.7203    70        0.7274        0.5611  5828985   22.87%       x_1_10_12 D 238930 238929     45
 241047 170527        0.6713    74        0.7274        0.5612  5883308   22.85%           z_0_9 U 241047 241046     38
 243036 171930        0.6740    79        0.7274        0.5614  5935983   22.83%           d_0_6 U 243036 243034     36
 245213 173425        0.7225    80        0.7274        0.5616  5989119   22.81%           z_0_9 N 245213 245211     36
 247314 174852        0.6184   120        0.7274        0.5617  6042843   22.78%        bit_10_5 N 247314 247313     24
 249350 176228        0.6531   137        0.7274        0.5618  6097686   22.77%           d_0_4 U 249350 249349     25
 251441 177720        0.6841    95        0.7274        0.5620  6149993   22.75%         x_0_4_1 D 251441 251440     36
 253620 179231        0.6226   101        0.7274        0.5621  6202414   22.73%           p_0_8 U 253620 253619     41
 255726 180700        0.6071   105        0.7274        0.5622  6256567   22.72%        bit_10_5 D 255726 255725     23
Elapsed time = 174.23 sec. (436261.61 ticks, tree = 146.00 MB, solutions = 25)
 257818 182151        0.6139    89        0.7274        0.5623  6310994   22.70%           p_1_8 U 257818 257817     23
 259853 183526        0.5746   110        0.7274        0.5625  6363934   22.68%         x_0_5_3 D 259853 259852     31
 261945 184950        0.6504   101        0.7274        0.5626  6416894   22.66%        bit_11_4 U 261945 261944     42
 264124 186422        0.6673   112        0.7274        0.5627  6471436   22.64%           d_0_4 U 264124 264123     29
 266344 187975        0.7107    63        0.7274        0.5629  6524758   22.62%         bit_7_2 D 266344 266343     40
 268371 189367        0.6232    81        0.7274        0.5630  6578557   22.60%           d_0_4 N 268371 268370     28
 270294 190650        cutoff              0.7274        0.5631  6631736   22.59%           z_0_9 D 270294 270293     38
 272263 192002        0.6831   101        0.7274        0.5633  6683620   22.57%         bit_9_5 D 272263 272262     30
 274400 193501        0.5686   120        0.7274        0.5634  6736199   22.55%           p_0_1 N 274400 274399     30
 276405 194831        0.5806    96        0.7274        0.5636  6789608   22.53%           p_1_7 U 276405  64957     17
Elapsed time = 189.38 sec. (474456.94 ticks, tree = 159.05 MB, solutions = 25)
 278548 196320        0.6904    88        0.7274        0.5637  6842551   22.52%           p_0_1 U 278548 278547     38
 280638 197756        0.6402   124        0.7274        0.5638  6895450   22.50%           z_1_5 U 280638 280637     29
 282553 199039        0.7220    85        0.7274        0.5640  6947712   22.48%          z_1_11 D 282553 282552     49
 284743 200500        0.6117   118        0.7274        0.5641  7001416   22.46%           p_1_7 D 284743 284742     33
 286818 201911        0.6994   108        0.7274        0.5642  7054839   22.44%           p_1_7 U 286818 286817     21
 288814 203293        0.6508    93        0.7274        0.5643  7108161   22.42%        bit_12_5 U 288814 288813     39
 290896 204742        0.6625   101        0.7274        0.5645  7160674   22.41%        bit_12_5 U 290896 290895     27
 293009 206183        0.7065    64        0.7274        0.5646  7211743   22.38%         x_0_6_1 D 293009 293008     47
 295089 207610        0.6372   102        0.7274        0.5648  7265675   22.36%         bit_3_4 N 295089 295088     35
 297285 209135        0.6632   103        0.7274        0.5649  7317554   22.35%         bit_4_5 D 297285 297284     34
Elapsed time = 204.75 sec. (512634.24 ticks, tree = 170.22 MB, solutions = 25)
 299339 210512        0.7089    91        0.7274        0.5650  7370586   22.33%        bit_11_4 N 299339 299338     36
 301560 212000        0.7038    81        0.7274        0.5651  7422330   22.32%           d_0_4 D 301560 301559     41
 303493 213328        cutoff              0.7274        0.5652  7476037   22.30%        bit_11_4 U 303493 303492     38
 305600 214820        0.6241   102        0.7274        0.5654  7529148   22.28%         bit_9_5 D 305600 305599     31
 307460 216029        0.5736   107        0.7274        0.5655  7580266   22.27%         bit_5_5 U 307460 217068     20
 309484 217423        0.6334   101        0.7274        0.5656  7632396   22.25%        bit_10_5 D 309484 309483     27
 311685 218940        0.5719   110        0.7274        0.5657  7686520   22.23%           p_1_1 N 311685 138255     29
 313708 220362        0.5984   104        0.7274        0.5658  7739112   22.22%         bit_5_5 D 313708 313707     34
 315730 221703        0.6191   108        0.7274        0.5659  7790543   22.20%         x_0_5_3 D 315730 315729     38
 317639 223050        0.6720   101        0.7274        0.5660  7843044   22.19%        bit_11_4 N 317639 317637     37
Elapsed time = 219.86 sec. (550803.33 ticks, tree = 181.12 MB, solutions = 25)
 319341 224179        0.6866    90        0.7274        0.5661  7893975   22.18%           p_0_8 U 319341 319339     32
 321428 225587        0.6806    78        0.7274        0.5662  7946920   22.16%           z_1_2 D 321428 321427     74
 323520 227074        0.6520    85        0.7274        0.5663  7998462   22.15%        bit_12_5 U 323520 323519     35
 325656 228574        0.6083   100        0.7274        0.5665  8050796   22.13%         bit_5_5 N 325656 325655     30
 327554 229867    infeasible              0.7274        0.5666  8104050   22.12%           d_0_9 U 327554 327553     36
 329525 231221        0.6406   102        0.7274        0.5667  8155101   22.10%           p_1_1 U 329525 329524     33
 331482 232523        0.6042   113        0.7274        0.5668  8208331   22.09%        bit_10_5 D 331482 331481     24
 333532 233992        0.7064    87        0.7274        0.5669  8261951   22.07%         x_1_3_4 D 333532 333531     42
 335702 235417        0.6737    84        0.7274        0.5670  8314028   22.05%         bit_5_5 D 335702 335701     34
 337838 236908        cutoff              0.7274        0.5671  8366634   22.04%           z_1_5 D 337838   4754     32
Elapsed time = 234.95 sec. (588966.40 ticks, tree = 194.44 MB, solutions = 25)
 339983 238409        0.5964   104        0.7274        0.5672  8421259   22.02%        bit_12_5 N 339983 339982     29
 342006 239819        0.6234    85        0.7274        0.5673  8475466   22.01%        bit_12_5 N 342006 342005     37
 344043 241193        0.7214    88        0.7274        0.5674  8527929   22.00%         x_0_8_5 D 344043 344042     20
 346109 242600    infeasible              0.7274        0.5675  8581089   21.98%           p_1_7 U 346109  47120     19
 348079 243900        0.6868   101        0.7274        0.5676  8633835   21.97%         bit_3_4 D 348079 348078     38
 350030 245249    infeasible              0.7274        0.5677  8685183   21.96%         x_0_0_8 D 350030 350029     45
 352194 246765        0.6043   125        0.7274        0.5678  8737917   21.94%           p_1_7 N 352194 351766     29
 354200 248114        0.6042    94        0.7274        0.5679  8790431   21.93%           p_1_7 D 354200 354199     35
 356275 249565        0.5709   111        0.7274        0.5680  8843441   21.91%           d_0_6 D 356275 356274     29
 358293 250935        0.6569    96        0.7274        0.5682  8896897   21.90%           p_0_1 U 358293 358292     29
Elapsed time = 250.02 sec. (627129.20 ticks, tree = 205.44 MB, solutions = 25)
 360236 252243        0.6608    97        0.7274        0.5682  8949295   21.89%         bit_4_5 D 360236 360235     36
 362380 253710        0.6894    87        0.7274        0.5683  9001798   21.87%           d_0_9 D 362380 362379     49
 364345 255064        0.6569    92        0.7274        0.5684  9054464   21.86%         bit_7_3 D 364345 364344     35
 366305 256365        0.5953   104        0.7274        0.5685  9106763   21.84%           p_1_7 D 366305 366304     28
 368324 257737        0.6404    96        0.7274        0.5686  9158554   21.83%        bit_12_5 U 368324 368323     29
 370355 259105        0.7201   103        0.7274        0.5687  9209463   21.82%           d_0_4 U 370355 370354     34
 372448 260577        0.7097    75        0.7274        0.5688  9261934   21.81%         x_1_1_2 D 372448 372447     31
 374470 261967        0.6614   104        0.7274        0.5689  9315165   21.79%           d_0_6 D 374470 374469     35
 376412 263251        cutoff              0.7274        0.5690  9367458   21.78%           d_0_9 U 376412 376411     39
Starting limited solution polishing.
 378496 264673        0.6906    92        0.7274        0.5691  9419019   21.76%           z_1_5 U 378496 378495     35
Elapsed time = 265.36 sec. (665294.20 ticks, tree = 216.26 MB, solutions = 25)
 379700 265529        0.7230    74        0.7274        0.5692  9445776   21.76%           z_0_5 D 379700 379698     39
*379800+265514                            0.7274        0.5692            21.75%
*380200+265747                            0.7273        0.5692            21.74%
 380200 265749        0.6865    90        0.7273        0.5692  9457468   21.74%         x_1_8_5 U 380200 380199     46
*380900+266249                            0.7273        0.5692            21.73%
 381089 266395        cutoff              0.7273        0.5692  9479658   21.73%           z_1_2 D 381089 381087     47
*381200+266475                            0.7273        0.5692            21.73%
 381629 266780        0.6492   116        0.7273        0.5693  9493854   21.73%         bit_3_4 U 381629 381628     38
 382200 267153        0.6418   115        0.7273        0.5693  9508130   21.73%        bit_12_5 U 382200 382199     33
 382800 267534        0.6704   101        0.7273        0.5693  9523766   21.72%           d_0_9 U 382800 382798     41
*383300+264059                            0.7244        0.5693            21.40%
*383400+264133                            0.7244        0.5694            21.40%
 383400 264135        0.6920   100        0.7244        0.5694  9542095   21.40%           p_0_1 N 383400 383399     36
 383800 264396        0.6491    99        0.7244        0.5694  9552443   21.40%           p_1_1 D 383800 383799     34
 384300 264719        0.6810   105        0.7244        0.5694  9566481   21.40%        bit_12_5 U 384300 384299     34
 384800 265080        0.6913    97        0.7244        0.5694  9577434   21.39%         x_1_5_2 D 384800 384799     52
Elapsed time = 283.69 sec. (706630.06 ticks, tree = 216.53 MB, solutions = 32)
 385400 265503        0.6726    96        0.7244        0.5695  9591716   21.39%           p_0_1 D 385400 385398     40
 385975 265882        0.6995    92        0.7244        0.5695  9606127   21.39%         x_0_2_3 D 385975 385974     53
 386492 266234        0.7060    94        0.7244        0.5695  9619354   21.38%           p_0_1 U 386492 386491     37
 386700 266346        0.6247    91        0.7244        0.5695  9623933   21.38%         bit_4_5 D 386700 386699     36
 387361 266800        0.7011   110        0.7244        0.5696  9640542   21.37%           z_0_3 U 387361 387360     33
Advanced basis not built.

Cover cuts applied:  48
Implied bound cuts applied:  660
Flow cuts applied:  3
Mixed integer rounding cuts applied:  19
Zero-half cuts applied:  6
Gomory fractional cuts applied:  7

Root node processing (before b&c):
  Real time             =    0.27 sec. (666.21 ticks)
Sequential b&c:
  Real time             =  293.75 sec. (730634.59 ticks)
                          ------------
Total (root+branch&cut) =  294.02 sec. (731300.80 ticks)
