
Gurobi 13.0.2 (win64) logging started Fri Jul 24 08:10:40 2026

Set parameter LogFile to value "E:\codes\ExactEBRP\results\gf_c0_mechanism_transfer_c5_round30\runs\stage2__tight_T_seed5102__p_grb__300s\native.log"
Set parameter Threads to value 1
Set parameter Presolve to value -1
Set parameter Seed to value 0
Set parameter MIPGap to value 0
Set parameter MIPGapAbs to value 0
Set parameter TimeLimit to value 300
Read LP format model from file E:\codes\ExactEBRP\results\gf_c0_mechanism_transfer_c5_round30\runs\stage2__tight_T_seed5102__p_grb__300s\canonical.lp
Reading time = 0.01 seconds
obj: 5069 rows, 2115 columns, 23340 nonzeros
Set parameter TimeLimit to value 294.9402103
Gurobi Optimizer version 13.0.2 build v13.0.2rc1 (win64 - Windows 10.0 (19045.2))

CPU model: 12th Gen Intel(R) Core(TM) i7-12700KF, instruction set [SSE2|AVX|AVX2]
Thread count: 12 physical cores, 20 logical processors, using up to 1 threads

Non-default parameters:
TimeLimit  294.9402103
MIPGap  0
MIPGapAbs  0
LogToConsole  0
Threads  1

Optimize a model with 5069 rows, 2115 columns and 23340 nonzeros (Min)
Model fingerprint: 0xb4b5f557
Model has 21 linear objective coefficients
Variable types: 423 continuous, 1692 integer (1492 binary)
Coefficient statistics:
  Matrix range     [3e-02, 6e+02]
  Objective range  [7e-03, 1e+00]
  Bounds range     [1e+00, 5e+01]
  RHS range        [1e+00, 4e+03]

Presolve removed 160 rows and 37 columns
Presolve time: 0.05s
Presolved: 4909 rows, 2078 columns, 40107 nonzeros
Variable types: 193 continuous, 1885 integer (1488 binary)
Found heuristic solution: objective 2.2854652

Root relaxation: objective 1.279955e-01, 1606 iterations, 0.05 seconds (0.12 work units)

    Nodes    |    Current Node    |     Objective Bounds      |     Work
 Expl Unexpl |  Obj  Depth IntInf | Incumbent    BestBd   Gap | It/Node Time

     0     0    0.12800    0  219    2.28547    0.12800  94.4%     -    0s
H    0     0                       2.1850976    0.12800  94.1%     -    0s
     0     0    0.15742    0  447    2.18510    0.15742  92.8%     -    0s
H    0     0                       2.1613572    0.15758  92.7%     -    0s
H    0     0                       2.1294222    0.15758  92.6%     -    0s
     0     0    0.15957    0  421    2.12942    0.15957  92.5%     -    0s
     0     0    0.18011    0  511    2.12942    0.18011  91.5%     -    0s
H    0     0                       2.1281697    0.18011  91.5%     -    0s
     0     0    0.18251    0  456    2.12817    0.18251  91.4%     -    0s
     0     0    0.18841    0  472    2.12817    0.18841  91.1%     -    0s
H    0     0                       1.1278082    0.18841  83.3%     -    0s
H    0     0                       1.1061353    0.18841  83.0%     -    0s
     0     0    0.18856    0  471    1.10614    0.18856  83.0%     -    0s
     0     0    0.18869    0  501    1.10614    0.18869  82.9%     -    0s
H    0     0                       1.0913109    0.18880  82.7%     -    0s
H    0     0                       1.0904060    0.18880  82.7%     -    0s
H    0     0                       1.0880788    0.18880  82.6%     -    0s
     0     0    0.18913    0  463    1.08808    0.18913  82.6%     -    0s
     0     0    0.19122    0  471    1.08808    0.19122  82.4%     -    1s
     0     0    0.19127    0  478    1.08808    0.19127  82.4%     -    1s
     0     0    0.19153    0  497    1.08808    0.19153  82.4%     -    1s
H    0     0                       1.0453257    0.19153  81.7%     -    1s
H    0     0                       1.0392944    0.19153  81.6%     -    1s
     0     0    0.19157    0  482    1.03929    0.19157  81.6%     -    1s
     0     0    0.19157    0  527    1.03929    0.19157  81.6%     -    1s
     0     0    0.19165    0  491    1.03929    0.19165  81.6%     -    1s
     0     0    0.19165    0  514    1.03929    0.19165  81.6%     -    1s
H    0     0                       0.9131444    0.19165  79.0%     -    1s
H    0     0                       0.9099839    0.19165  78.9%     -    1s
H    0     0                       0.9095889    0.19165  78.9%     -    1s
H    0     0                       0.8941187    0.19165  78.6%     -    1s
H    0     0                       0.8780217    0.19165  78.2%     -    1s
H    0     0                       0.8764415    0.19165  78.1%     -    1s
     0     0    0.19165    0  530    0.87644    0.19165  78.1%     -    1s
     0     0    0.19368    0  501    0.87644    0.19368  77.9%     -    1s
H    0     0                       0.8560433    0.19373  77.4%     -    1s
H    0     0                       0.8367821    0.19373  76.8%     -    1s
     0     0    0.19379    0  524    0.83678    0.19379  76.8%     -    1s
     0     0    0.19445    0  528    0.83678    0.19445  76.8%     -    1s
H    0     0                       0.8352364    0.19445  76.7%     -    1s
     0     0    0.19446    0  519    0.83524    0.19446  76.7%     -    1s
     0     0    0.19456    0  536    0.83524    0.19456  76.7%     -    1s
     0     0    0.19462    0  523    0.83524    0.19462  76.7%     -    1s
     0     0    0.19464    0  521    0.83524    0.19464  76.7%     -    2s
     0     0    0.19464    0  518    0.83524    0.19464  76.7%     -    2s
     0     0    0.19464    0  476    0.83524    0.19464  76.7%     -    2s
H    0     0                       0.8175534    0.19464  76.2%     -    2s
H    0     0                       0.8174170    0.19464  76.2%     -    2s
H    0     0                       0.8173528    0.19464  76.2%     -    2s
H    0     0                       0.8167636    0.19464  76.2%     -    2s
H    0     0                       0.8105539    0.19464  76.0%     -    2s
H    0     0                       0.8104179    0.19464  76.0%     -    2s
     0     2    0.19467    0  454    0.81042    0.19467  76.0%     -    2s
H   10    10                       0.8073627    0.19489  75.9%  76.3    2s
H   10    10                       0.7339783    0.19489  73.4%  76.3    2s
H   10    10                       0.7263472    0.19489  73.2%  76.3    2s
H   10    10                       0.7231209    0.19489  73.0%  76.3    2s
H   10    10                       0.7173905    0.19489  72.8%  76.3    2s
H   10    10                       0.7164475    0.19489  72.8%  76.3    2s
H   10    10                       0.7107139    0.19489  72.6%  76.3    2s
H   20    20                       0.7083282    0.19489  72.5%   138    2s
H   20    20                       0.7083190    0.19489  72.5%   138    2s
H   20    20                       0.6995569    0.19489  72.1%   138    2s
H   30    30                       0.6951876    0.19489  72.0%   123    3s
H   30    30                       0.6950890    0.19489  72.0%   123    3s
H  186   172                       0.6940358    0.19885  71.3%  68.1    4s
H  186   172                       0.6939988    0.19885  71.3%  68.1    4s
H  196   182                       0.6939937    0.19885  71.3%  66.7    4s
H  274   247                       0.6901851    0.20075  70.9%  60.3    4s
H  274   247                       0.6898160    0.20075  70.9%  60.3    4s
H  274   247                       0.6882805    0.20075  70.8%  60.3    4s
   341   310    0.29346   65  298    0.68828    0.20075  70.8%  58.1    5s
H  384   341                       0.6881813    0.20075  70.8%  55.7    5s
H  384   341                       0.6880462    0.20075  70.8%  55.7    5s
H  384   341                       0.6525043    0.20075  69.2%  55.7    5s
H  384   341                       0.6521599    0.20075  69.2%  55.7    5s
H  384   341                       0.6505522    0.20075  69.1%  55.7    5s
H  384   339                       0.6499854    0.20075  69.1%  55.7    5s
H  396   351                       0.6492278    0.20075  69.1%  58.7    5s
H  406   346                       0.4713739    0.20075  57.4%  59.1    5s
H  406   346                       0.4693764    0.20075  57.2%  59.1    5s
H  557   452                       0.4659876    0.20913  55.1%  59.2   10s
H  567   435                       0.4645103    0.21000  54.8%  58.1   12s
H  567   413                       0.4645054    0.21000  54.8%  58.1   12s
H  571   395                       0.4644668    0.21000  54.8%  57.7   13s
H  571   375                       0.4569231    0.21000  54.0%  57.7   14s
H  571   356                       0.4475594    0.21000  53.1%  57.7   14s
H  571   338                       0.4457375    0.21000  52.9%  57.7   14s
   579   345    0.21384   18  470    0.44574    0.21024  52.8%  92.6   15s
H  580   326                       0.4365137    0.21024  51.8%  92.5   15s
H  585   313                       0.4360800    0.21024  51.8%  96.0   15s
H  612   315                       0.4351528    0.21024  51.7%   107   17s
H  612   300                       0.4339746    0.21024  51.6%   107   17s
H  612   286                       0.4315700    0.21024  51.3%   107   17s
H  612   273                       0.4271237    0.21024  50.8%   107   17s
   673   316    0.38256   65  329    0.42712    0.21024  50.8%   110   20s
   872   390    0.27122   78  252    0.42712    0.21024  50.8%   122   25s
  1145   537    0.26653   61  252    0.42712    0.21224  50.3%   135   30s
  1452   707    0.22711   24  502    0.42712    0.21234  50.3%   144   35s
  1710   883    0.23170   28  471    0.42712    0.21386  49.9%   152   40s
  1997  1125    0.26050   40  385    0.42712    0.21788  49.0%   150   45s
  2232  1305    0.23729   29  481    0.42712    0.21823  48.9%   149   50s
  2549  1568    0.33934   67  306    0.42712    0.21906  48.7%   147   55s
  2822  1766    0.32777   28  422    0.42712    0.21942  48.6%   146   60s
H 2901  1802                       0.4186671    0.21946  47.6%   147   62s
  2901  1804    0.28317   27  379    0.41867    0.21946  47.6%   147   65s
  3057  1918    0.25328   22  436    0.41867    0.22019  47.4%   148   70s
  3353  2158    0.33306   56  255    0.41867    0.22070  47.3%   146   75s
  3770  2456    0.24210   44  290    0.41867    0.22120  47.2%   143   80s
  4286  2853    0.36476   70  308    0.41867    0.22165  47.1%   137   85s
  4611  3053    0.23127   24  493    0.41867    0.22227  46.9%   139   90s
  4924  3293    0.30621   59  322    0.41867    0.22248  46.9%   140   96s
  5146  3449    0.29263   47  297    0.41867    0.22275  46.8%   140  100s
  5679  3846    0.26283   26  443    0.41867    0.22306  46.7%   136  105s
  5927  4030    0.35748   32  426    0.41867    0.22316  46.7%   136  110s
  6366  4348    0.24689   28  429    0.41867    0.22348  46.6%   134  115s
  6851  4713    0.24497   32  413    0.41867    0.22374  46.6%   132  120s
  7173  4926    0.26956   31  442    0.41867    0.22406  46.5%   132  125s
  7646  5271    0.28560   44  344    0.41867    0.22439  46.4%   131  130s
  8093  5603    0.24040   33  446    0.41867    0.22471  46.3%   130  135s
  8541  5964    0.35338   56  293    0.41867    0.22489  46.3%   129  140s
  9133  6404    0.24699   35  385    0.41867    0.22525  46.2%   126  145s
  9606  6734    0.27000   39  378    0.41867    0.22559  46.1%   124  150s
 10100  7096    0.25920   32  415    0.41867    0.22581  46.1%   123  155s
 10203  7173    0.28330   27  476    0.41867    0.22588  46.0%   123  172s
 10209  7177    0.29650   33  495    0.41867    0.22588  46.0%   123  175s
 10214  7180    0.41312   68  535    0.41867    0.22588  46.0%   123  180s
 10220  7184    0.35186   91  524    0.41867    0.22588  46.0%   123  185s
 10225  7188    0.31436   51  570    0.41867    0.22588  46.0%   123  190s
 10231  7192    0.33669   65  523    0.41867    0.22588  46.0%   123  195s
 10236  7195    0.39077   59  490    0.41867    0.22588  46.0%   123  200s
 10242  7199    0.38875   77  546    0.41867    0.22588  46.0%   123  205s
 10247  7202    0.41007   37  556    0.41867    0.22588  46.0%   123  210s
 10252  7206    0.38930   55  474    0.41867    0.22588  46.0%   122  215s
 10258  7210    0.27121   50  550    0.41867    0.22588  46.0%   122  220s
 10264  7214    0.38064   46  494    0.41867    0.22588  46.0%   122  225s
 10275  7221    0.32485   63  540    0.41867    0.22588  46.0%   122  230s
 10290  7231    0.25490   25  559    0.41867    0.22588  46.0%   122  235s
 10305  7241    0.24088   27  572    0.41867    0.22588  46.0%   122  240s
 10426  7294    0.32829   90  158    0.41867    0.22588  46.0%   129  245s
 10535  7339    0.22588   30  517    0.41867    0.22588  46.0%   130  250s
 10635  7399    0.32431   80  271    0.41867    0.22588  46.0%   131  255s
 10737  7451    0.29165   74  204    0.41867    0.22588  46.0%   132  260s
 10913  7498    0.28574   84  208    0.41867    0.22588  46.0%   133  265s
 11017  7534    0.23783   41  422    0.41867    0.22588  46.0%   134  270s
 11168  7588    0.29090   51  350    0.41867    0.22588  46.0%   135  275s
 11343  7668    0.27794   60  327    0.41867    0.22588  46.0%   134  280s
 11476  7736    0.31308   85  248    0.41867    0.22588  46.0%   135  285s
 11626  7815    0.31515   64  334    0.41867    0.22588  46.0%   135  290s

Cutting planes:
  Learned: 15
  Gomory: 3
  Cover: 37
  Implied bound: 68
  Projected implied bound: 31
  Clique: 61
  MIR: 302
  Mixing: 1
  StrongCG: 17
  Flow cover: 666
  GUB cover: 3
  Inf proof: 1
  Zero half: 12
  Mod-K: 1
  RLT: 19
  Relax-and-lift: 42
  BQP: 20
  PSD: 1

Explored 11765 nodes (1605438 simplex iterations) in 294.94 seconds (549.88 work units)
Thread count was 1 (of 20 available processors)

Solution count 10: 0.418667 0.427124 0.43157 ... 0.456923

Time limit reached
Best objective 4.186671069952e-01, best bound 2.258845704217e-01, gap 46.0467%

User-callback calls 108726, time in user-callback 0.03 sec
