
Gurobi 13.0.2 (win64) logging started Thu Jul 23 12:05:29 2026

Set parameter LogFile to value "E:\codes\ExactEBRP\results\gf_gurobi_performance_recovery_round29\development\moderate4301_c4_60s\native.log"
Set parameter Threads to value 1
Set parameter Presolve to value -1
Set parameter Seed to value 0
Set parameter MIPGap to value 0
Set parameter MIPGapAbs to value 0
Warning: unknown variable 'r_max' in bounds section (line 13950)
Warning: unknown variable 'r_min' in bounds section (line 13951)
Read LP format model from file E:\codes\ExactEBRP\results\gf_gurobi_performance_recovery_round29\development\moderate4301_c4_60s\external\models\L0.lp
Reading time = 0.03 seconds
obj: 11911 rows, 3376 columns, 67111 nonzeros
Set parameter TimeLimit to value 22.6583835
Warning: unknown variable 'r_max' in bounds section (line 13950)
Warning: unknown variable 'r_min' in bounds section (line 13951)
Read LP format model from file E:\codes\ExactEBRP\results\gf_gurobi_performance_recovery_round29\development\moderate4301_c4_60s\external\models\L0.0.lp
Reading time = 0.02 seconds
obj: 11911 rows, 3376 columns, 67111 nonzeros
Set parameter TimeLimit to value 22.3384129
Warning: unknown variable 'r_max' in bounds section (line 13950)
Warning: unknown variable 'r_min' in bounds section (line 13951)
Read LP format model from file E:\codes\ExactEBRP\results\gf_gurobi_performance_recovery_round29\development\moderate4301_c4_60s\external\models\L0.1.lp
Reading time = 0.02 seconds
obj: 11911 rows, 3376 columns, 67353 nonzeros
Set parameter TimeLimit to value 2.2019832899999997e+01
Warning: unknown variable 'r_max' in bounds section (line 13950)
Warning: unknown variable 'r_min' in bounds section (line 13951)
Read LP format model from file E:\codes\ExactEBRP\results\gf_gurobi_performance_recovery_round29\development\moderate4301_c4_60s\external\models\L0.0.0.lp
Reading time = 0.02 seconds
obj: 11911 rows, 3376 columns, 67111 nonzeros
Set parameter TimeLimit to value 2.1722683099999998e+01
Warning: unknown variable 'r_max' in bounds section (line 13950)
Warning: unknown variable 'r_min' in bounds section (line 13951)
Read LP format model from file E:\codes\ExactEBRP\results\gf_gurobi_performance_recovery_round29\development\moderate4301_c4_60s\external\models\L0.0.1.lp
Reading time = 0.02 seconds
obj: 11911 rows, 3376 columns, 67353 nonzeros
Set parameter TimeLimit to value 21.4450183
Warning: unknown variable 'r_max' in bounds section (line 13950)
Warning: unknown variable 'r_min' in bounds section (line 13951)
Read LP format model from file E:\codes\ExactEBRP\results\gf_gurobi_performance_recovery_round29\development\moderate4301_c4_60s\external\models\L0.0.0.0.lp
Reading time = 0.02 seconds
obj: 11911 rows, 3376 columns, 67111 nonzeros
Set parameter TimeLimit to value 21.1575282
Warning: unknown variable 'r_max' in bounds section (line 13950)
Warning: unknown variable 'r_min' in bounds section (line 13951)
Read LP format model from file E:\codes\ExactEBRP\results\gf_gurobi_performance_recovery_round29\development\moderate4301_c4_60s\external\models\L0.0.0.1.lp
Reading time = 0.02 seconds
obj: 11911 rows, 3376 columns, 67353 nonzeros
Set parameter TimeLimit to value 2.1008769299999997e+01
Warning: unknown variable 'r_max' in bounds section (line 13950)
Warning: unknown variable 'r_min' in bounds section (line 13951)
Read LP format model from file E:\codes\ExactEBRP\results\gf_gurobi_performance_recovery_round29\development\moderate4301_c4_60s\external\models\L0.0.0.1.0.lp
Reading time = 0.02 seconds
obj: 11911 rows, 3376 columns, 67353 nonzeros
Set parameter TimeLimit to value 20.7288152
Warning: unknown variable 'r_max' in bounds section (line 13950)
Warning: unknown variable 'r_min' in bounds section (line 13951)
Read LP format model from file E:\codes\ExactEBRP\results\gf_gurobi_performance_recovery_round29\development\moderate4301_c4_60s\external\models\L0.0.0.1.1.lp
Reading time = 0.02 seconds
obj: 11911 rows, 3376 columns, 67353 nonzeros
Set parameter TimeLimit to value 2.0441336200000002e+01
Warning: unknown variable 'r_max' in bounds section (line 13950)
Warning: unknown variable 'r_min' in bounds section (line 13951)
Read LP format model from file E:\codes\ExactEBRP\results\gf_gurobi_performance_recovery_round29\development\moderate4301_c4_60s\external\models\L0.0.0.1.0.0.lp
Reading time = 0.02 seconds
obj: 11911 rows, 3376 columns, 67353 nonzeros
Set parameter TimeLimit to value 20.1382238
Warning: unknown variable 'r_max' in bounds section (line 13950)
Warning: unknown variable 'r_min' in bounds section (line 13951)
Read LP format model from file E:\codes\ExactEBRP\results\gf_gurobi_performance_recovery_round29\development\moderate4301_c4_60s\external\models\L0.0.0.1.0.1.lp
Reading time = 0.02 seconds
obj: 11911 rows, 3376 columns, 67353 nonzeros
Set parameter TimeLimit to value 19.8543643
Warning: unknown variable 'r_max' in bounds section (line 13950)
Warning: unknown variable 'r_min' in bounds section (line 13951)
Read LP format model from file E:\codes\ExactEBRP\results\gf_gurobi_performance_recovery_round29\development\moderate4301_c4_60s\external\models\L0.0.0.1.1.0.lp
Reading time = 0.02 seconds
obj: 11911 rows, 3376 columns, 67353 nonzeros
Set parameter TimeLimit to value 19.5676863
Warning: unknown variable 'r_max' in bounds section (line 13950)
Warning: unknown variable 'r_min' in bounds section (line 13951)
Read LP format model from file E:\codes\ExactEBRP\results\gf_gurobi_performance_recovery_round29\development\moderate4301_c4_60s\external\models\L0.0.0.1.1.1.lp
Reading time = 0.03 seconds
obj: 11911 rows, 3376 columns, 67353 nonzeros
Set parameter TimeLimit to value 1.9280530900000002e+01
Warning: unknown variable 'r_max' in bounds section (line 13950)
Warning: unknown variable 'r_min' in bounds section (line 13951)
Read LP format model from file E:\codes\ExactEBRP\results\gf_gurobi_performance_recovery_round29\development\moderate4301_c4_60s\external\models\L0.0.0.1.0.0.0.lp
Reading time = 0.02 seconds
obj: 11911 rows, 3376 columns, 67353 nonzeros
Set parameter TimeLimit to value 18.9972858
Warning: unknown variable 'r_max' in bounds section (line 13950)
Warning: unknown variable 'r_min' in bounds section (line 13951)
Read LP format model from file E:\codes\ExactEBRP\results\gf_gurobi_performance_recovery_round29\development\moderate4301_c4_60s\external\models\L0.0.0.1.0.0.1.lp
Reading time = 0.02 seconds
obj: 11911 rows, 3376 columns, 67353 nonzeros
Set parameter TimeLimit to value 1.8731175899999997e+01
Warning: unknown variable 'r_max' in bounds section (line 13950)
Warning: unknown variable 'r_min' in bounds section (line 13951)
Read LP format model from file E:\codes\ExactEBRP\results\gf_gurobi_performance_recovery_round29\development\moderate4301_c4_60s\external\models\L0.0.0.1.0.1.0.lp
Reading time = 0.02 seconds
obj: 11911 rows, 3376 columns, 67353 nonzeros
Set parameter TimeLimit to value 1.8432897099999998e+01
Warning: unknown variable 'r_max' in bounds section (line 13950)
Warning: unknown variable 'r_min' in bounds section (line 13951)
Read LP format model from file E:\codes\ExactEBRP\results\gf_gurobi_performance_recovery_round29\development\moderate4301_c4_60s\external\models\L0.0.0.1.0.1.1.lp
Reading time = 0.02 seconds
obj: 11911 rows, 3376 columns, 67353 nonzeros
Set parameter TimeLimit to value 1.8130828899999997e+01
Warning: unknown variable 'r_max' in bounds section (line 13950)
Warning: unknown variable 'r_min' in bounds section (line 13951)
Read LP format model from file E:\codes\ExactEBRP\results\gf_gurobi_performance_recovery_round29\development\moderate4301_c4_60s\external\models\L0.0.0.1.1.0.0.lp
Reading time = 0.02 seconds
obj: 11911 rows, 3376 columns, 67353 nonzeros
Set parameter TimeLimit to value 1.7795857499999997e+01
Warning: unknown variable 'r_max' in bounds section (line 13950)
Warning: unknown variable 'r_min' in bounds section (line 13951)
Read LP format model from file E:\codes\ExactEBRP\results\gf_gurobi_performance_recovery_round29\development\moderate4301_c4_60s\external\models\L0.0.0.1.1.0.1.lp
Reading time = 0.02 seconds
obj: 11911 rows, 3376 columns, 67353 nonzeros
Set parameter TimeLimit to value 17.5057062
Warning: unknown variable 'r_max' in bounds section (line 13950)
Warning: unknown variable 'r_min' in bounds section (line 13951)
Read LP format model from file E:\codes\ExactEBRP\results\gf_gurobi_performance_recovery_round29\development\moderate4301_c4_60s\external\models\L0.0.0.1.1.1.0.lp
Reading time = 0.02 seconds
obj: 11911 rows, 3376 columns, 67353 nonzeros
Set parameter TimeLimit to value 1.7186697600000002e+01
Warning: unknown variable 'r_max' in bounds section (line 13950)
Warning: unknown variable 'r_min' in bounds section (line 13951)
Read LP format model from file E:\codes\ExactEBRP\results\gf_gurobi_performance_recovery_round29\development\moderate4301_c4_60s\external\models\L0.0.0.1.1.1.1.lp
Reading time = 0.02 seconds
obj: 11911 rows, 3376 columns, 67353 nonzeros
Set parameter TimeLimit to value 1.6890277599999997e+01
Warning: unknown variable 'r_max' in bounds section (line 13950)
Warning: unknown variable 'r_min' in bounds section (line 13951)
Read LP format model from file E:\codes\ExactEBRP\results\gf_gurobi_performance_recovery_round29\development\moderate4301_c4_60s\external\models\L0.0.1.0.lp
Reading time = 0.02 seconds
obj: 11911 rows, 3376 columns, 67353 nonzeros
Set parameter TimeLimit to value 1.6518656999999997e+01
Warning: unknown variable 'r_max' in bounds section (line 13950)
Warning: unknown variable 'r_min' in bounds section (line 13951)
Read LP format model from file E:\codes\ExactEBRP\results\gf_gurobi_performance_recovery_round29\development\moderate4301_c4_60s\external\models\L0.0.1.1.lp
Reading time = 0.02 seconds
obj: 11911 rows, 3376 columns, 67353 nonzeros
Set parameter TimeLimit to value 1.6224176200000002e+01
Warning: unknown variable 'r_max' in bounds section (line 13950)
Warning: unknown variable 'r_min' in bounds section (line 13951)
Read LP format model from file E:\codes\ExactEBRP\results\gf_gurobi_performance_recovery_round29\development\moderate4301_c4_60s\external\models\L0.0.1.0.0.lp
Reading time = 0.02 seconds
obj: 11911 rows, 3376 columns, 67353 nonzeros
Set parameter TimeLimit to value 15.9234862
Warning: unknown variable 'r_max' in bounds section (line 13950)
Warning: unknown variable 'r_min' in bounds section (line 13951)
Read LP format model from file E:\codes\ExactEBRP\results\gf_gurobi_performance_recovery_round29\development\moderate4301_c4_60s\external\models\L0.0.1.0.1.lp
Reading time = 0.02 seconds
obj: 11911 rows, 3376 columns, 67353 nonzeros
Set parameter TimeLimit to value 1.5618037399999999e+01
Warning: unknown variable 'r_max' in bounds section (line 13950)
Warning: unknown variable 'r_min' in bounds section (line 13951)
Read LP format model from file E:\codes\ExactEBRP\results\gf_gurobi_performance_recovery_round29\development\moderate4301_c4_60s\external\models\L0.0.1.0.0.0.lp
Reading time = 0.02 seconds
obj: 11911 rows, 3376 columns, 67353 nonzeros
Set parameter TimeLimit to value 1.5310637700000001e+01
Warning: unknown variable 'r_max' in bounds section (line 13950)
Warning: unknown variable 'r_min' in bounds section (line 13951)
Read LP format model from file E:\codes\ExactEBRP\results\gf_gurobi_performance_recovery_round29\development\moderate4301_c4_60s\external\models\L0.0.1.0.0.1.lp
Reading time = 0.02 seconds
obj: 11911 rows, 3376 columns, 67353 nonzeros
Set parameter TimeLimit to value 1.5023522200000002e+01
Warning: unknown variable 'r_max' in bounds section (line 13950)
Warning: unknown variable 'r_min' in bounds section (line 13951)
Read LP format model from file E:\codes\ExactEBRP\results\gf_gurobi_performance_recovery_round29\development\moderate4301_c4_60s\external\models\L0.0.1.0.0.0.0.lp
Reading time = 0.02 seconds
obj: 11911 rows, 3376 columns, 67353 nonzeros
Set parameter TimeLimit to value 1.4723784899999998e+01
Warning: unknown variable 'r_max' in bounds section (line 13950)
Warning: unknown variable 'r_min' in bounds section (line 13951)
Read LP format model from file E:\codes\ExactEBRP\results\gf_gurobi_performance_recovery_round29\development\moderate4301_c4_60s\external\models\L0.0.1.0.0.0.1.lp
Reading time = 0.02 seconds
obj: 11911 rows, 3376 columns, 67353 nonzeros
Set parameter TimeLimit to value 14.4168308
Warning: unknown variable 'r_max' in bounds section (line 13950)
Warning: unknown variable 'r_min' in bounds section (line 13951)
Read LP format model from file E:\codes\ExactEBRP\results\gf_gurobi_performance_recovery_round29\development\moderate4301_c4_60s\external\models\L0.0.1.0.0.1.0.lp
Reading time = 0.02 seconds
obj: 11911 rows, 3376 columns, 67353 nonzeros
Set parameter TimeLimit to value 14.0775376
Warning: unknown variable 'r_max' in bounds section (line 13950)
Warning: unknown variable 'r_min' in bounds section (line 13951)
Read LP format model from file E:\codes\ExactEBRP\results\gf_gurobi_performance_recovery_round29\development\moderate4301_c4_60s\external\models\L0.0.1.0.0.1.1.lp
Reading time = 0.02 seconds
obj: 11911 rows, 3376 columns, 67353 nonzeros
Set parameter TimeLimit to value 1.3774714000000003e+01
Warning: unknown variable 'r_max' in bounds section (line 13950)
Warning: unknown variable 'r_min' in bounds section (line 13951)
Read LP format model from file E:\codes\ExactEBRP\results\gf_gurobi_performance_recovery_round29\development\moderate4301_c4_60s\external\models\L0.0.1.0.1.0.lp
Reading time = 0.02 seconds
obj: 11911 rows, 3376 columns, 67353 nonzeros
Set parameter TimeLimit to value 1.3440440799999998e+01
Warning: unknown variable 'r_max' in bounds section (line 13950)
Warning: unknown variable 'r_min' in bounds section (line 13951)
Read LP format model from file E:\codes\ExactEBRP\results\gf_gurobi_performance_recovery_round29\development\moderate4301_c4_60s\external\models\L0.0.1.0.1.1.lp
Reading time = 0.02 seconds
obj: 11911 rows, 3376 columns, 67353 nonzeros
Set parameter TimeLimit to value 1.3152244199999998e+01
Warning: unknown variable 'r_max' in bounds section (line 13950)
Warning: unknown variable 'r_min' in bounds section (line 13951)
Read LP format model from file E:\codes\ExactEBRP\results\gf_gurobi_performance_recovery_round29\development\moderate4301_c4_60s\external\models\L0.0.1.0.1.0.0.lp
Reading time = 0.02 seconds
obj: 11911 rows, 3376 columns, 67353 nonzeros
Set parameter TimeLimit to value 1.2862895899999998e+01
Warning: unknown variable 'r_max' in bounds section (line 13950)
Warning: unknown variable 'r_min' in bounds section (line 13951)
Read LP format model from file E:\codes\ExactEBRP\results\gf_gurobi_performance_recovery_round29\development\moderate4301_c4_60s\external\models\L0.0.1.0.1.0.1.lp
Reading time = 0.02 seconds
obj: 11911 rows, 3376 columns, 67353 nonzeros
Set parameter TimeLimit to value 1.2568020400000002e+01
Warning: unknown variable 'r_max' in bounds section (line 13950)
Warning: unknown variable 'r_min' in bounds section (line 13951)
Read LP format model from file E:\codes\ExactEBRP\results\gf_gurobi_performance_recovery_round29\development\moderate4301_c4_60s\external\models\L0.0.1.0.1.1.0.lp
Reading time = 0.02 seconds
obj: 11911 rows, 3376 columns, 67353 nonzeros
Set parameter TimeLimit to value 1.2241289199999997e+01
Warning: unknown variable 'r_max' in bounds section (line 13950)
Warning: unknown variable 'r_min' in bounds section (line 13951)
Read LP format model from file E:\codes\ExactEBRP\results\gf_gurobi_performance_recovery_round29\development\moderate4301_c4_60s\external\models\L0.0.1.0.1.1.1.lp
Reading time = 0.02 seconds
obj: 11911 rows, 3376 columns, 67353 nonzeros
Set parameter TimeLimit to value 1.1962067099999999e+01
Warning: unknown variable 'r_max' in bounds section (line 13950)
Warning: unknown variable 'r_min' in bounds section (line 13951)
Read LP format model from file E:\codes\ExactEBRP\results\gf_gurobi_performance_recovery_round29\development\moderate4301_c4_60s\external\models\L0.0.1.1.0.lp
Reading time = 0.02 seconds
obj: 11911 rows, 3376 columns, 67353 nonzeros
Set parameter TimeLimit to value 1.1629907099999997e+01
Warning: unknown variable 'r_max' in bounds section (line 13950)
Warning: unknown variable 'r_min' in bounds section (line 13951)
Read LP format model from file E:\codes\ExactEBRP\results\gf_gurobi_performance_recovery_round29\development\moderate4301_c4_60s\external\models\L0.0.1.1.1.lp
Reading time = 0.02 seconds
obj: 11911 rows, 3376 columns, 67353 nonzeros
Set parameter TimeLimit to value 1.1321314700000002e+01
Warning: unknown variable 'r_max' in bounds section (line 13950)
Warning: unknown variable 'r_min' in bounds section (line 13951)
Read LP format model from file E:\codes\ExactEBRP\results\gf_gurobi_performance_recovery_round29\development\moderate4301_c4_60s\external\models\L0.0.1.1.0.0.lp
Reading time = 0.02 seconds
obj: 11911 rows, 3376 columns, 67353 nonzeros
Set parameter TimeLimit to value 11.0388935
Warning: unknown variable 'r_max' in bounds section (line 13950)
Warning: unknown variable 'r_min' in bounds section (line 13951)
Read LP format model from file E:\codes\ExactEBRP\results\gf_gurobi_performance_recovery_round29\development\moderate4301_c4_60s\external\models\L0.0.1.1.0.1.lp
Reading time = 0.02 seconds
obj: 11911 rows, 3376 columns, 67353 nonzeros
Set parameter TimeLimit to value 10.7522266
Warning: unknown variable 'r_max' in bounds section (line 13950)
Warning: unknown variable 'r_min' in bounds section (line 13951)
Read LP format model from file E:\codes\ExactEBRP\results\gf_gurobi_performance_recovery_round29\development\moderate4301_c4_60s\external\models\L0.0.1.1.0.0.0.lp
Reading time = 0.02 seconds
obj: 11911 rows, 3376 columns, 67353 nonzeros
Set parameter TimeLimit to value 1.0448443099999999e+01
Warning: unknown variable 'r_max' in bounds section (line 13950)
Warning: unknown variable 'r_min' in bounds section (line 13951)
Read LP format model from file E:\codes\ExactEBRP\results\gf_gurobi_performance_recovery_round29\development\moderate4301_c4_60s\external\models\L0.0.1.1.0.0.1.lp
Reading time = 0.02 seconds
obj: 11911 rows, 3376 columns, 67353 nonzeros
Set parameter TimeLimit to value 10.1503996
Warning: unknown variable 'r_max' in bounds section (line 13950)
Warning: unknown variable 'r_min' in bounds section (line 13951)
Read LP format model from file E:\codes\ExactEBRP\results\gf_gurobi_performance_recovery_round29\development\moderate4301_c4_60s\external\models\L0.0.1.1.0.1.0.lp
Reading time = 0.02 seconds
obj: 11911 rows, 3376 columns, 67353 nonzeros
Set parameter TimeLimit to value 9.7126632000000015e+00
Warning: unknown variable 'r_max' in bounds section (line 13950)
Warning: unknown variable 'r_min' in bounds section (line 13951)
Read LP format model from file E:\codes\ExactEBRP\results\gf_gurobi_performance_recovery_round29\development\moderate4301_c4_60s\external\models\L0.0.1.1.0.1.1.lp
Reading time = 0.02 seconds
obj: 11911 rows, 3376 columns, 67353 nonzeros
Set parameter TimeLimit to value 9.4064691999999965e+00
Warning: unknown variable 'r_max' in bounds section (line 13950)
Warning: unknown variable 'r_min' in bounds section (line 13951)
Read LP format model from file E:\codes\ExactEBRP\results\gf_gurobi_performance_recovery_round29\development\moderate4301_c4_60s\external\models\L0.0.1.1.1.0.lp
Reading time = 0.02 seconds
obj: 11911 rows, 3376 columns, 67353 nonzeros
Set parameter TimeLimit to value 8.7512370000000033e+00
Warning: unknown variable 'r_max' in bounds section (line 13950)
Warning: unknown variable 'r_min' in bounds section (line 13951)
Read LP format model from file E:\codes\ExactEBRP\results\gf_gurobi_performance_recovery_round29\development\moderate4301_c4_60s\external\models\L0.0.1.1.1.1.lp
Reading time = 0.02 seconds
obj: 11911 rows, 3376 columns, 67353 nonzeros
Set parameter TimeLimit to value 8.4503797
Warning: unknown variable 'r_max' in bounds section (line 13950)
Warning: unknown variable 'r_min' in bounds section (line 13951)
Read LP format model from file E:\codes\ExactEBRP\results\gf_gurobi_performance_recovery_round29\development\moderate4301_c4_60s\external\models\L0.0.1.1.1.0.0.lp
Reading time = 0.02 seconds
obj: 11911 rows, 3376 columns, 67353 nonzeros
Set parameter TimeLimit to value 8.1579921000000013e+00
Warning: unknown variable 'r_max' in bounds section (line 13950)
Warning: unknown variable 'r_min' in bounds section (line 13951)
Read LP format model from file E:\codes\ExactEBRP\results\gf_gurobi_performance_recovery_round29\development\moderate4301_c4_60s\external\models\L0.0.1.1.1.0.1.lp
Reading time = 0.02 seconds
obj: 11911 rows, 3376 columns, 67353 nonzeros
Set parameter TimeLimit to value 7.8424241000000023e+00
Warning: unknown variable 'r_max' in bounds section (line 13950)
Warning: unknown variable 'r_min' in bounds section (line 13951)
Read LP format model from file E:\codes\ExactEBRP\results\gf_gurobi_performance_recovery_round29\development\moderate4301_c4_60s\external\models\L0.0.1.1.1.1.0.lp
Reading time = 0.02 seconds
obj: 11911 rows, 3376 columns, 67353 nonzeros
Set parameter TimeLimit to value 7.0919254000000009e+00
Warning: unknown variable 'r_max' in bounds section (line 13950)
Warning: unknown variable 'r_min' in bounds section (line 13951)
Read LP format model from file E:\codes\ExactEBRP\results\gf_gurobi_performance_recovery_round29\development\moderate4301_c4_60s\external\models\L0.0.1.1.1.1.1.lp
Reading time = 0.02 seconds
obj: 11911 rows, 3376 columns, 67353 nonzeros
Set parameter TimeLimit to value 6.8016561000000024e+00
Warning: unknown variable 'r_max' in bounds section (line 13951)
Warning: unknown variable 'r_min' in bounds section (line 13952)
Read LP format model from file E:\codes\ExactEBRP\results\gf_gurobi_performance_recovery_round29\development\moderate4301_c4_60s\external\models\L1.lp
Reading time = 0.02 seconds
obj: 11912 rows, 3376 columns, 67359 nonzeros
Set parameter TimeLimit to value 6.2853610000000018e+00
Warning: unknown variable 'r_max' in bounds section (line 13951)
Warning: unknown variable 'r_min' in bounds section (line 13952)
Read LP format model from file E:\codes\ExactEBRP\results\gf_gurobi_performance_recovery_round29\development\moderate4301_c4_60s\external\models\L1.0.lp
Reading time = 0.02 seconds
obj: 11912 rows, 3376 columns, 67359 nonzeros
Set parameter TimeLimit to value 5.9241144000000006e+00
Warning: unknown variable 'r_max' in bounds section (line 13951)
Warning: unknown variable 'r_min' in bounds section (line 13952)
Read LP format model from file E:\codes\ExactEBRP\results\gf_gurobi_performance_recovery_round29\development\moderate4301_c4_60s\external\models\L1.1.lp
Reading time = 0.02 seconds
obj: 11912 rows, 3376 columns, 67359 nonzeros
Set parameter TimeLimit to value 5.6175240000000031e+00
