
Gurobi 13.0.2 (win64) logging started Thu Jul 23 12:25:48 2026

Set parameter LogFile to value "E:\codes\ExactEBRP\results\gf_gurobi_performance_recovery_round29\development\moderate_seed3302__c3_replica__60s\native.log"
Set parameter Threads to value 1
Set parameter Presolve to value -1
Set parameter Seed to value 0
Set parameter MIPGap to value 0
Set parameter MIPGapAbs to value 0
Warning: unknown variable 'r_max' in bounds section (line 13940)
Warning: unknown variable 'r_min' in bounds section (line 13941)
Read LP format model from file E:\codes\ExactEBRP\results\gf_gurobi_performance_recovery_round29\development\moderate_seed3302__c3_replica__60s\external\models\R.lp
Reading time = 0.02 seconds
obj: 11903 rows, 3374 columns, 67088 nonzeros
Set parameter TimeLimit to value 12.1067787
Warning: unknown variable 'r_max' in bounds section (line 13940)
Warning: unknown variable 'r_min' in bounds section (line 13941)
Read LP format model from file E:\codes\ExactEBRP\results\gf_gurobi_performance_recovery_round29\development\moderate_seed3302__c3_replica__60s\external\models\R.0.lp
Reading time = 0.02 seconds
obj: 11903 rows, 3374 columns, 67088 nonzeros
Set parameter TimeLimit to value 11.5654891
Warning: unknown variable 'r_max' in bounds section (line 13940)
Warning: unknown variable 'r_min' in bounds section (line 13941)
Read LP format model from file E:\codes\ExactEBRP\results\gf_gurobi_performance_recovery_round29\development\moderate_seed3302__c3_replica__60s\external\models\R.1.lp
Reading time = 0.02 seconds
obj: 11903 rows, 3374 columns, 67328 nonzeros
Set parameter TimeLimit to value 10.9859491
Warning: unknown variable 'r_max' in bounds section (line 13940)
Warning: unknown variable 'r_min' in bounds section (line 13941)
Read LP format model from file E:\codes\ExactEBRP\results\gf_gurobi_performance_recovery_round29\development\moderate_seed3302__c3_replica__60s\external\models\R.0.0.lp
Reading time = 0.02 seconds
obj: 11903 rows, 3374 columns, 67088 nonzeros
Set parameter TimeLimit to value 1.0474139200000003e+01
Warning: unknown variable 'r_max' in bounds section (line 13940)
Warning: unknown variable 'r_min' in bounds section (line 13941)
Read LP format model from file E:\codes\ExactEBRP\results\gf_gurobi_performance_recovery_round29\development\moderate_seed3302__c3_replica__60s\external\models\R.0.1.lp
Reading time = 0.02 seconds
obj: 11903 rows, 3374 columns, 67328 nonzeros
Set parameter TimeLimit to value 9.7651751
Warning: unknown variable 'r_max' in bounds section (line 13940)
Warning: unknown variable 'r_min' in bounds section (line 13941)
Read LP format model from file E:\codes\ExactEBRP\results\gf_gurobi_performance_recovery_round29\development\moderate_seed3302__c3_replica__60s\external\models\R.0.0.0.lp
Reading time = 0.02 seconds
obj: 11903 rows, 3374 columns, 67088 nonzeros
Set parameter TimeLimit to value 9.2626394999999988e+00
Warning: unknown variable 'r_max' in bounds section (line 13940)
Warning: unknown variable 'r_min' in bounds section (line 13941)
Read LP format model from file E:\codes\ExactEBRP\results\gf_gurobi_performance_recovery_round29\development\moderate_seed3302__c3_replica__60s\external\models\R.0.0.1.lp
Reading time = 0.02 seconds
obj: 11903 rows, 3374 columns, 67328 nonzeros
Set parameter TimeLimit to value 8.9210178000000013e+00
Warning: unknown variable 'r_max' in bounds section (line 13940)
Warning: unknown variable 'r_min' in bounds section (line 13941)
Read LP format model from file E:\codes\ExactEBRP\results\gf_gurobi_performance_recovery_round29\development\moderate_seed3302__c3_replica__60s\external\models\R.0.0.0.0.lp
Reading time = 0.02 seconds
obj: 11903 rows, 3374 columns, 67088 nonzeros
Set parameter TimeLimit to value 8.1852905
Warning: unknown variable 'r_max' in bounds section (line 13940)
Warning: unknown variable 'r_min' in bounds section (line 13941)
Read LP format model from file E:\codes\ExactEBRP\results\gf_gurobi_performance_recovery_round29\development\moderate_seed3302__c3_replica__60s\external\models\R.0.0.0.1.lp
Reading time = 0.02 seconds
obj: 11903 rows, 3374 columns, 67328 nonzeros
Set parameter TimeLimit to value 7.8260693
Warning: unknown variable 'r_max' in bounds section (line 13940)
Warning: unknown variable 'r_min' in bounds section (line 13941)
Read LP format model from file E:\codes\ExactEBRP\results\gf_gurobi_performance_recovery_round29\development\moderate_seed3302__c3_replica__60s\external\models\R.0.0.1.0.lp
Reading time = 0.02 seconds
obj: 11903 rows, 3374 columns, 67328 nonzeros
Set parameter TimeLimit to value 7.4938448999999991e+00
Warning: unknown variable 'r_max' in bounds section (line 13940)
Warning: unknown variable 'r_min' in bounds section (line 13941)
Read LP format model from file E:\codes\ExactEBRP\results\gf_gurobi_performance_recovery_round29\development\moderate_seed3302__c3_replica__60s\external\models\R.0.0.1.1.lp
Reading time = 0.02 seconds
obj: 11903 rows, 3374 columns, 67328 nonzeros
Set parameter TimeLimit to value 6.9965436999999966e+00
Warning: unknown variable 'r_max' in bounds section (line 13940)
Warning: unknown variable 'r_min' in bounds section (line 13941)
Read LP format model from file E:\codes\ExactEBRP\results\gf_gurobi_performance_recovery_round29\development\moderate_seed3302__c3_replica__60s\external\models\R.0.0.1.0.0.lp
Reading time = 0.02 seconds
obj: 11903 rows, 3374 columns, 67328 nonzeros
Set parameter TimeLimit to value 6.3646722000000011e+00
Warning: unknown variable 'r_max' in bounds section (line 13940)
Warning: unknown variable 'r_min' in bounds section (line 13941)
Read LP format model from file E:\codes\ExactEBRP\results\gf_gurobi_performance_recovery_round29\development\moderate_seed3302__c3_replica__60s\external\models\R.0.0.1.0.1.lp
Reading time = 0.02 seconds
obj: 11903 rows, 3374 columns, 67328 nonzeros
Set parameter TimeLimit to value 5.9696552999999994e+00
Warning: unknown variable 'r_max' in bounds section (line 13940)
Warning: unknown variable 'r_min' in bounds section (line 13941)
Read LP format model from file E:\codes\ExactEBRP\results\gf_gurobi_performance_recovery_round29\development\moderate_seed3302__c3_replica__60s\external\models\R.0.0.0.1.0.lp
Reading time = 0.03 seconds
obj: 11903 rows, 3374 columns, 67328 nonzeros
Set parameter TimeLimit to value 5.5613661000000008e+00
Warning: unknown variable 'r_max' in bounds section (line 13940)
Warning: unknown variable 'r_min' in bounds section (line 13941)
Read LP format model from file E:\codes\ExactEBRP\results\gf_gurobi_performance_recovery_round29\development\moderate_seed3302__c3_replica__60s\external\models\R.0.0.0.1.1.lp
Reading time = 0.02 seconds
obj: 11903 rows, 3374 columns, 67328 nonzeros
Set parameter TimeLimit to value 5.2235841999999977e+00
Warning: unknown variable 'r_max' in bounds section (line 13940)
Warning: unknown variable 'r_min' in bounds section (line 13941)
Read LP format model from file E:\codes\ExactEBRP\results\gf_gurobi_performance_recovery_round29\development\moderate_seed3302__c3_replica__60s\external\models\R.0.0.1.1.0.lp
Reading time = 0.02 seconds
obj: 11903 rows, 3374 columns, 67328 nonzeros
Set parameter TimeLimit to value 4.8754396
Warning: unknown variable 'r_max' in bounds section (line 13940)
Warning: unknown variable 'r_min' in bounds section (line 13941)
Read LP format model from file E:\codes\ExactEBRP\results\gf_gurobi_performance_recovery_round29\development\moderate_seed3302__c3_replica__60s\external\models\R.0.0.1.1.1.lp
Reading time = 0.02 seconds
obj: 11903 rows, 3374 columns, 67328 nonzeros
Set parameter TimeLimit to value 4.3181337999999982e+00
Warning: unknown variable 'r_max' in bounds section (line 13940)
Warning: unknown variable 'r_min' in bounds section (line 13941)
Read LP format model from file E:\codes\ExactEBRP\results\gf_gurobi_performance_recovery_round29\development\moderate_seed3302__c3_replica__60s\external\models\R.0.1.0.lp
Reading time = 0.02 seconds
obj: 11903 rows, 3374 columns, 67328 nonzeros
Set parameter TimeLimit to value 3.7500923999999998e+00
Warning: unknown variable 'r_max' in bounds section (line 13940)
Warning: unknown variable 'r_min' in bounds section (line 13941)
Read LP format model from file E:\codes\ExactEBRP\results\gf_gurobi_performance_recovery_round29\development\moderate_seed3302__c3_replica__60s\external\models\R.0.1.1.lp
Reading time = 0.02 seconds
obj: 11903 rows, 3374 columns, 67328 nonzeros
Set parameter TimeLimit to value 3.2401940000000025e+00
Warning: unknown variable 'r_max' in bounds section (line 13940)
Warning: unknown variable 'r_min' in bounds section (line 13941)
Read LP format model from file E:\codes\ExactEBRP\results\gf_gurobi_performance_recovery_round29\development\moderate_seed3302__c3_replica__60s\external\models\R.0.0.1.0.0.1.lp
Reading time = 0.02 seconds
obj: 11903 rows, 3374 columns, 67328 nonzeros
Set parameter TimeLimit to value 2.7189301000000015e+00
Warning: unknown variable 'r_max' in bounds section (line 13940)
Warning: unknown variable 'r_min' in bounds section (line 13941)
Read LP format model from file E:\codes\ExactEBRP\results\gf_gurobi_performance_recovery_round29\development\moderate_seed3302__c3_replica__60s\external\models\R.0.0.1.0.0.0.lp
Reading time = 0.02 seconds
obj: 11903 rows, 3374 columns, 67328 nonzeros
Set parameter TimeLimit to value 2.3653177999999997e+00
Warning: unknown variable 'r_max' in bounds section (line 13940)
Warning: unknown variable 'r_min' in bounds section (line 13941)
Read LP format model from file E:\codes\ExactEBRP\results\gf_gurobi_performance_recovery_round29\development\moderate_seed3302__c3_replica__60s\external\models\R.0.0.1.0.1.0.lp
Reading time = 0.02 seconds
obj: 11903 rows, 3374 columns, 67328 nonzeros
Set parameter TimeLimit to value 2.0340817000000015e+00
Warning: unknown variable 'r_max' in bounds section (line 13940)
Warning: unknown variable 'r_min' in bounds section (line 13941)
Read LP format model from file E:\codes\ExactEBRP\results\gf_gurobi_performance_recovery_round29\development\moderate_seed3302__c3_replica__60s\external\models\R.0.0.1.0.1.1.lp
Reading time = 0.02 seconds
obj: 11903 rows, 3374 columns, 67328 nonzeros
Set parameter TimeLimit to value 1.6835663999999966e+00
Warning: unknown variable 'r_max' in bounds section (line 13940)
Warning: unknown variable 'r_min' in bounds section (line 13941)
Read LP format model from file E:\codes\ExactEBRP\results\gf_gurobi_performance_recovery_round29\development\moderate_seed3302__c3_replica__60s\external\models\R.0.0.0.1.1.0.lp
Reading time = 0.02 seconds
obj: 11903 rows, 3374 columns, 67328 nonzeros
Set parameter TimeLimit to value 1.2906047999999970e+00
Warning: unknown variable 'r_max' in bounds section (line 13940)
Warning: unknown variable 'r_min' in bounds section (line 13941)
Read LP format model from file E:\codes\ExactEBRP\results\gf_gurobi_performance_recovery_round29\development\moderate_seed3302__c3_replica__60s\external\models\R.0.0.0.1.1.1.lp
Reading time = 0.02 seconds
obj: 11903 rows, 3374 columns, 67328 nonzeros
Set parameter TimeLimit to value 9.3176569999999970e-01
Warning: unknown variable 'r_max' in bounds section (line 13940)
Warning: unknown variable 'r_min' in bounds section (line 13941)
Read LP format model from file E:\codes\ExactEBRP\results\gf_gurobi_performance_recovery_round29\development\moderate_seed3302__c3_replica__60s\external\models\R.0.0.1.1.0.1.lp
Reading time = 0.02 seconds
obj: 11903 rows, 3374 columns, 67328 nonzeros
Set parameter TimeLimit to value 5.9808400000000006e-01
Warning: unknown variable 'r_max' in bounds section (line 13940)
Warning: unknown variable 'r_min' in bounds section (line 13941)
Read LP format model from file E:\codes\ExactEBRP\results\gf_gurobi_performance_recovery_round29\development\moderate_seed3302__c3_replica__60s\external\models\R.0.0.1.1.0.0.lp
Reading time = 0.02 seconds
obj: 11903 rows, 3374 columns, 67328 nonzeros
Set parameter TimeLimit to value 6.5281099999999981e-02
