
Gurobi 13.0.2 (win64) logging started Thu Jul 23 12:32:15 2026

Set parameter LogFile to value "E:\codes\ExactEBRP\results\gf_gurobi_performance_recovery_round29\development\moderate_seed4301__c2_cold__60s\native.log"
Set parameter Threads to value 1
Set parameter Presolve to value -1
Set parameter Seed to value 0
Set parameter MIPGap to value 0
Set parameter MIPGapAbs to value 0
Warning: unknown variable 'r_max' in bounds section (line 13950)
Warning: unknown variable 'r_min' in bounds section (line 13951)
Read LP format model from file E:\codes\ExactEBRP\results\gf_gurobi_performance_recovery_round29\development\moderate_seed4301__c2_cold__60s\external\models\L0.lp
Reading time = 0.02 seconds
obj: 11911 rows, 3376 columns, 67111 nonzeros
Set parameter TimeLimit to value 35.374187
Warning: unknown variable 'r_max' in bounds section (line 13950)
Warning: unknown variable 'r_min' in bounds section (line 13951)
Read LP format model from file E:\codes\ExactEBRP\results\gf_gurobi_performance_recovery_round29\development\moderate_seed4301__c2_cold__60s\external\models\L0.0.lp
Reading time = 0.02 seconds
obj: 11911 rows, 3376 columns, 67111 nonzeros
Set parameter TimeLimit to value 3.5058666599999995e+01
Warning: unknown variable 'r_max' in bounds section (line 13950)
Warning: unknown variable 'r_min' in bounds section (line 13951)
Read LP format model from file E:\codes\ExactEBRP\results\gf_gurobi_performance_recovery_round29\development\moderate_seed4301__c2_cold__60s\external\models\L0.1.lp
Reading time = 0.02 seconds
obj: 11911 rows, 3376 columns, 67353 nonzeros
Set parameter TimeLimit to value 3.4737912800000004e+01
Warning: unknown variable 'r_max' in bounds section (line 13950)
Warning: unknown variable 'r_min' in bounds section (line 13951)
Read LP format model from file E:\codes\ExactEBRP\results\gf_gurobi_performance_recovery_round29\development\moderate_seed4301__c2_cold__60s\external\models\L0.0.0.lp
Reading time = 0.02 seconds
obj: 11911 rows, 3376 columns, 67111 nonzeros
Set parameter TimeLimit to value 34.4402688
Warning: unknown variable 'r_max' in bounds section (line 13950)
Warning: unknown variable 'r_min' in bounds section (line 13951)
Read LP format model from file E:\codes\ExactEBRP\results\gf_gurobi_performance_recovery_round29\development\moderate_seed4301__c2_cold__60s\external\models\L0.0.1.lp
Reading time = 0.02 seconds
obj: 11911 rows, 3376 columns, 67353 nonzeros
Set parameter TimeLimit to value 34.1616134
Warning: unknown variable 'r_max' in bounds section (line 13950)
Warning: unknown variable 'r_min' in bounds section (line 13951)
Read LP format model from file E:\codes\ExactEBRP\results\gf_gurobi_performance_recovery_round29\development\moderate_seed4301__c2_cold__60s\external\models\L0.0.0.0.lp
Reading time = 0.02 seconds
obj: 11911 rows, 3376 columns, 67111 nonzeros
Set parameter TimeLimit to value 33.8776014
Warning: unknown variable 'r_max' in bounds section (line 13950)
Warning: unknown variable 'r_min' in bounds section (line 13951)
Read LP format model from file E:\codes\ExactEBRP\results\gf_gurobi_performance_recovery_round29\development\moderate_seed4301__c2_cold__60s\external\models\L0.0.0.1.lp
Reading time = 0.02 seconds
obj: 11911 rows, 3376 columns, 67353 nonzeros
Set parameter TimeLimit to value 3.3725231199999996e+01
Warning: unknown variable 'r_max' in bounds section (line 13950)
Warning: unknown variable 'r_min' in bounds section (line 13951)
Read LP format model from file E:\codes\ExactEBRP\results\gf_gurobi_performance_recovery_round29\development\moderate_seed4301__c2_cold__60s\external\models\L0.0.0.1.0.lp
Reading time = 0.02 seconds
obj: 11911 rows, 3376 columns, 67353 nonzeros
Set parameter TimeLimit to value 33.4433292
Warning: unknown variable 'r_max' in bounds section (line 13950)
Warning: unknown variable 'r_min' in bounds section (line 13951)
Read LP format model from file E:\codes\ExactEBRP\results\gf_gurobi_performance_recovery_round29\development\moderate_seed4301__c2_cold__60s\external\models\L0.0.0.1.1.lp
Reading time = 0.02 seconds
obj: 11911 rows, 3376 columns, 67353 nonzeros
Set parameter TimeLimit to value 33.1601018
Warning: unknown variable 'r_max' in bounds section (line 13950)
Warning: unknown variable 'r_min' in bounds section (line 13951)
Read LP format model from file E:\codes\ExactEBRP\results\gf_gurobi_performance_recovery_round29\development\moderate_seed4301__c2_cold__60s\external\models\L0.0.0.1.0.0.lp
Reading time = 0.02 seconds
obj: 11911 rows, 3376 columns, 67353 nonzeros
Set parameter TimeLimit to value 3.2859239599999995e+01
Warning: unknown variable 'r_max' in bounds section (line 13950)
Warning: unknown variable 'r_min' in bounds section (line 13951)
Read LP format model from file E:\codes\ExactEBRP\results\gf_gurobi_performance_recovery_round29\development\moderate_seed4301__c2_cold__60s\external\models\L0.0.0.1.0.1.lp
Reading time = 0.02 seconds
obj: 11911 rows, 3376 columns, 67353 nonzeros
Set parameter TimeLimit to value 32.5664859
Warning: unknown variable 'r_max' in bounds section (line 13950)
Warning: unknown variable 'r_min' in bounds section (line 13951)
Read LP format model from file E:\codes\ExactEBRP\results\gf_gurobi_performance_recovery_round29\development\moderate_seed4301__c2_cold__60s\external\models\L0.0.0.1.1.0.lp
Reading time = 0.02 seconds
obj: 11911 rows, 3376 columns, 67353 nonzeros
Set parameter TimeLimit to value 32.2724188
Warning: unknown variable 'r_max' in bounds section (line 13950)
Warning: unknown variable 'r_min' in bounds section (line 13951)
Read LP format model from file E:\codes\ExactEBRP\results\gf_gurobi_performance_recovery_round29\development\moderate_seed4301__c2_cold__60s\external\models\L0.0.0.1.1.1.lp
Reading time = 0.02 seconds
obj: 11911 rows, 3376 columns, 67353 nonzeros
Set parameter TimeLimit to value 3.1979075100000003e+01
Warning: unknown variable 'r_max' in bounds section (line 13950)
Warning: unknown variable 'r_min' in bounds section (line 13951)
Read LP format model from file E:\codes\ExactEBRP\results\gf_gurobi_performance_recovery_round29\development\moderate_seed4301__c2_cold__60s\external\models\L0.0.0.1.0.0.0.lp
Reading time = 0.02 seconds
obj: 11911 rows, 3376 columns, 67353 nonzeros
Set parameter TimeLimit to value 31.6991095
Warning: unknown variable 'r_max' in bounds section (line 13950)
Warning: unknown variable 'r_min' in bounds section (line 13951)
Read LP format model from file E:\codes\ExactEBRP\results\gf_gurobi_performance_recovery_round29\development\moderate_seed4301__c2_cold__60s\external\models\L0.0.0.1.0.0.1.lp
Reading time = 0.02 seconds
obj: 11911 rows, 3376 columns, 67353 nonzeros
Set parameter TimeLimit to value 3.1430044100000003e+01
Warning: unknown variable 'r_max' in bounds section (line 13950)
Warning: unknown variable 'r_min' in bounds section (line 13951)
Read LP format model from file E:\codes\ExactEBRP\results\gf_gurobi_performance_recovery_round29\development\moderate_seed4301__c2_cold__60s\external\models\L0.0.0.1.0.1.0.lp
Reading time = 0.02 seconds
obj: 11911 rows, 3376 columns, 67353 nonzeros
Set parameter TimeLimit to value 3.1126984899999997e+01
Warning: unknown variable 'r_max' in bounds section (line 13950)
Warning: unknown variable 'r_min' in bounds section (line 13951)
Read LP format model from file E:\codes\ExactEBRP\results\gf_gurobi_performance_recovery_round29\development\moderate_seed4301__c2_cold__60s\external\models\L0.0.0.1.0.1.1.lp
Reading time = 0.02 seconds
obj: 11911 rows, 3376 columns, 67353 nonzeros
Set parameter TimeLimit to value 30.8216111
Warning: unknown variable 'r_max' in bounds section (line 13950)
Warning: unknown variable 'r_min' in bounds section (line 13951)
Read LP format model from file E:\codes\ExactEBRP\results\gf_gurobi_performance_recovery_round29\development\moderate_seed4301__c2_cold__60s\external\models\L0.0.0.1.0.0.0.lp
Reading time = 0.02 seconds
obj: 11911 rows, 3376 columns, 67353 nonzeros
Set parameter TimeLimit to value 3.0638281500000005e+01
Warning: unknown variable 'r_max' in bounds section (line 13950)
Warning: unknown variable 'r_min' in bounds section (line 13951)
Read LP format model from file E:\codes\ExactEBRP\results\gf_gurobi_performance_recovery_round29\development\moderate_seed4301__c2_cold__60s\external\models\L0.0.0.1.0.0.1.lp
Reading time = 0.02 seconds
obj: 11911 rows, 3376 columns, 67353 nonzeros
Set parameter TimeLimit to value 30.5963882
Warning: unknown variable 'r_max' in bounds section (line 13950)
Warning: unknown variable 'r_min' in bounds section (line 13951)
Read LP format model from file E:\codes\ExactEBRP\results\gf_gurobi_performance_recovery_round29\development\moderate_seed4301__c2_cold__60s\external\models\L0.0.0.1.1.0.0.lp
Reading time = 0.02 seconds
obj: 11911 rows, 3376 columns, 67353 nonzeros
Set parameter TimeLimit to value 3.0439904999999996e+01
Warning: unknown variable 'r_max' in bounds section (line 13950)
Warning: unknown variable 'r_min' in bounds section (line 13951)
Read LP format model from file E:\codes\ExactEBRP\results\gf_gurobi_performance_recovery_round29\development\moderate_seed4301__c2_cold__60s\external\models\L0.0.0.1.1.0.1.lp
Reading time = 0.02 seconds
obj: 11911 rows, 3376 columns, 67353 nonzeros
Set parameter TimeLimit to value 3.0150555400000002e+01
Warning: unknown variable 'r_max' in bounds section (line 13950)
Warning: unknown variable 'r_min' in bounds section (line 13951)
Read LP format model from file E:\codes\ExactEBRP\results\gf_gurobi_performance_recovery_round29\development\moderate_seed4301__c2_cold__60s\external\models\L0.0.0.1.0.1.0.lp
Reading time = 0.02 seconds
obj: 11911 rows, 3376 columns, 67353 nonzeros
Set parameter TimeLimit to value 2.9978567999999996e+01
Warning: unknown variable 'r_max' in bounds section (line 13950)
Warning: unknown variable 'r_min' in bounds section (line 13951)
Read LP format model from file E:\codes\ExactEBRP\results\gf_gurobi_performance_recovery_round29\development\moderate_seed4301__c2_cold__60s\external\models\L0.0.0.1.0.1.1.lp
Reading time = 0.02 seconds
obj: 11911 rows, 3376 columns, 67353 nonzeros
Set parameter TimeLimit to value 29.9362936
Warning: unknown variable 'r_max' in bounds section (line 13950)
Warning: unknown variable 'r_min' in bounds section (line 13951)
Read LP format model from file E:\codes\ExactEBRP\results\gf_gurobi_performance_recovery_round29\development\moderate_seed4301__c2_cold__60s\external\models\L0.0.0.1.1.1.0.lp
Reading time = 0.02 seconds
obj: 11911 rows, 3376 columns, 67353 nonzeros
Set parameter TimeLimit to value 29.7807326
Warning: unknown variable 'r_max' in bounds section (line 13950)
Warning: unknown variable 'r_min' in bounds section (line 13951)
Read LP format model from file E:\codes\ExactEBRP\results\gf_gurobi_performance_recovery_round29\development\moderate_seed4301__c2_cold__60s\external\models\L0.0.0.1.1.1.1.lp
Reading time = 0.02 seconds
obj: 11911 rows, 3376 columns, 67353 nonzeros
Set parameter TimeLimit to value 2.9485337900000005e+01
Warning: unknown variable 'r_max' in bounds section (line 13950)
Warning: unknown variable 'r_min' in bounds section (line 13951)
Read LP format model from file E:\codes\ExactEBRP\results\gf_gurobi_performance_recovery_round29\development\moderate_seed4301__c2_cold__60s\external\models\L0.0.0.1.1.0.0.lp
Reading time = 0.02 seconds
obj: 11911 rows, 3376 columns, 67353 nonzeros
Set parameter TimeLimit to value 29.3059359
Warning: unknown variable 'r_max' in bounds section (line 13950)
Warning: unknown variable 'r_min' in bounds section (line 13951)
Read LP format model from file E:\codes\ExactEBRP\results\gf_gurobi_performance_recovery_round29\development\moderate_seed4301__c2_cold__60s\external\models\L0.0.0.1.1.0.1.lp
Reading time = 0.02 seconds
obj: 11911 rows, 3376 columns, 67353 nonzeros
Set parameter TimeLimit to value 2.9261444400000002e+01
Warning: unknown variable 'r_max' in bounds section (line 13950)
Warning: unknown variable 'r_min' in bounds section (line 13951)
Read LP format model from file E:\codes\ExactEBRP\results\gf_gurobi_performance_recovery_round29\development\moderate_seed4301__c2_cold__60s\external\models\L0.0.0.1.1.1.0.lp
Reading time = 0.02 seconds
obj: 11911 rows, 3376 columns, 67353 nonzeros
Set parameter TimeLimit to value 29.2188352
Warning: unknown variable 'r_max' in bounds section (line 13950)
Warning: unknown variable 'r_min' in bounds section (line 13951)
Read LP format model from file E:\codes\ExactEBRP\results\gf_gurobi_performance_recovery_round29\development\moderate_seed4301__c2_cold__60s\external\models\L0.0.0.1.1.1.1.lp
Reading time = 0.02 seconds
obj: 11911 rows, 3376 columns, 67353 nonzeros
Set parameter TimeLimit to value 29.1774531
Warning: unknown variable 'r_max' in bounds section (line 13950)
Warning: unknown variable 'r_min' in bounds section (line 13951)
Read LP format model from file E:\codes\ExactEBRP\results\gf_gurobi_performance_recovery_round29\development\moderate_seed4301__c2_cold__60s\external\models\L0.0.1.0.lp
Reading time = 0.02 seconds
obj: 11911 rows, 3376 columns, 67353 nonzeros
Set parameter TimeLimit to value 2.9023259699999997e+01
Warning: unknown variable 'r_max' in bounds section (line 13950)
Warning: unknown variable 'r_min' in bounds section (line 13951)
Read LP format model from file E:\codes\ExactEBRP\results\gf_gurobi_performance_recovery_round29\development\moderate_seed4301__c2_cold__60s\external\models\L0.0.1.1.lp
Reading time = 0.02 seconds
obj: 11911 rows, 3376 columns, 67353 nonzeros
Set parameter TimeLimit to value 28.730944
Warning: unknown variable 'r_max' in bounds section (line 13950)
Warning: unknown variable 'r_min' in bounds section (line 13951)
Read LP format model from file E:\codes\ExactEBRP\results\gf_gurobi_performance_recovery_round29\development\moderate_seed4301__c2_cold__60s\external\models\L0.0.1.0.0.lp
Reading time = 0.02 seconds
obj: 11911 rows, 3376 columns, 67353 nonzeros
Set parameter TimeLimit to value 28.4100051
Warning: unknown variable 'r_max' in bounds section (line 13950)
Warning: unknown variable 'r_min' in bounds section (line 13951)
Read LP format model from file E:\codes\ExactEBRP\results\gf_gurobi_performance_recovery_round29\development\moderate_seed4301__c2_cold__60s\external\models\L0.0.1.0.1.lp
Reading time = 0.02 seconds
obj: 11911 rows, 3376 columns, 67353 nonzeros
Set parameter TimeLimit to value 28.0724916
Warning: unknown variable 'r_max' in bounds section (line 13950)
Warning: unknown variable 'r_min' in bounds section (line 13951)
Read LP format model from file E:\codes\ExactEBRP\results\gf_gurobi_performance_recovery_round29\development\moderate_seed4301__c2_cold__60s\external\models\L0.0.1.0.0.0.lp
Reading time = 0.02 seconds
obj: 11911 rows, 3376 columns, 67353 nonzeros
Set parameter TimeLimit to value 27.7715491
Warning: unknown variable 'r_max' in bounds section (line 13950)
Warning: unknown variable 'r_min' in bounds section (line 13951)
Read LP format model from file E:\codes\ExactEBRP\results\gf_gurobi_performance_recovery_round29\development\moderate_seed4301__c2_cold__60s\external\models\L0.0.1.0.0.1.lp
Reading time = 0.02 seconds
obj: 11911 rows, 3376 columns, 67353 nonzeros
Set parameter TimeLimit to value 27.4887667
Warning: unknown variable 'r_max' in bounds section (line 13950)
Warning: unknown variable 'r_min' in bounds section (line 13951)
Read LP format model from file E:\codes\ExactEBRP\results\gf_gurobi_performance_recovery_round29\development\moderate_seed4301__c2_cold__60s\external\models\L0.0.1.0.0.0.0.lp
Reading time = 0.02 seconds
obj: 11911 rows, 3376 columns, 67353 nonzeros
Set parameter TimeLimit to value 27.1863544
Warning: unknown variable 'r_max' in bounds section (line 13950)
Warning: unknown variable 'r_min' in bounds section (line 13951)
Read LP format model from file E:\codes\ExactEBRP\results\gf_gurobi_performance_recovery_round29\development\moderate_seed4301__c2_cold__60s\external\models\L0.0.1.0.0.0.1.lp
Reading time = 0.02 seconds
obj: 11911 rows, 3376 columns, 67353 nonzeros
Set parameter TimeLimit to value 26.8759457
Warning: unknown variable 'r_max' in bounds section (line 13950)
Warning: unknown variable 'r_min' in bounds section (line 13951)
Read LP format model from file E:\codes\ExactEBRP\results\gf_gurobi_performance_recovery_round29\development\moderate_seed4301__c2_cold__60s\external\models\L0.0.1.0.0.0.0.lp
Reading time = 0.02 seconds
obj: 11911 rows, 3376 columns, 67353 nonzeros
Set parameter TimeLimit to value 26.6939665
Warning: unknown variable 'r_max' in bounds section (line 13950)
Warning: unknown variable 'r_min' in bounds section (line 13951)
Read LP format model from file E:\codes\ExactEBRP\results\gf_gurobi_performance_recovery_round29\development\moderate_seed4301__c2_cold__60s\external\models\L0.0.1.0.0.0.1.lp
Reading time = 0.02 seconds
obj: 11911 rows, 3376 columns, 67353 nonzeros
Set parameter TimeLimit to value 26.6536841
Warning: unknown variable 'r_max' in bounds section (line 13950)
Warning: unknown variable 'r_min' in bounds section (line 13951)
Read LP format model from file E:\codes\ExactEBRP\results\gf_gurobi_performance_recovery_round29\development\moderate_seed4301__c2_cold__60s\external\models\L0.0.1.0.0.1.0.lp
Reading time = 0.02 seconds
obj: 11911 rows, 3376 columns, 67353 nonzeros
Set parameter TimeLimit to value 26.4956781
Warning: unknown variable 'r_max' in bounds section (line 13950)
Warning: unknown variable 'r_min' in bounds section (line 13951)
Read LP format model from file E:\codes\ExactEBRP\results\gf_gurobi_performance_recovery_round29\development\moderate_seed4301__c2_cold__60s\external\models\L0.0.1.0.0.1.1.lp
Reading time = 0.02 seconds
obj: 11911 rows, 3376 columns, 67353 nonzeros
Set parameter TimeLimit to value 26.1883399
Warning: unknown variable 'r_max' in bounds section (line 13950)
Warning: unknown variable 'r_min' in bounds section (line 13951)
Read LP format model from file E:\codes\ExactEBRP\results\gf_gurobi_performance_recovery_round29\development\moderate_seed4301__c2_cold__60s\external\models\L0.0.1.0.0.1.0.lp
Reading time = 0.02 seconds
obj: 11911 rows, 3376 columns, 67353 nonzeros
Set parameter TimeLimit to value 26.010947
Warning: unknown variable 'r_max' in bounds section (line 13950)
Warning: unknown variable 'r_min' in bounds section (line 13951)
Read LP format model from file E:\codes\ExactEBRP\results\gf_gurobi_performance_recovery_round29\development\moderate_seed4301__c2_cold__60s\external\models\L0.0.1.0.0.1.1.lp
Reading time = 0.02 seconds
obj: 11911 rows, 3376 columns, 67353 nonzeros
Set parameter TimeLimit to value 25.9691124
Warning: unknown variable 'r_max' in bounds section (line 13950)
Warning: unknown variable 'r_min' in bounds section (line 13951)
Read LP format model from file E:\codes\ExactEBRP\results\gf_gurobi_performance_recovery_round29\development\moderate_seed4301__c2_cold__60s\external\models\L0.0.1.0.1.0.lp
Reading time = 0.02 seconds
obj: 11911 rows, 3376 columns, 67353 nonzeros
Set parameter TimeLimit to value 25.8149277
Warning: unknown variable 'r_max' in bounds section (line 13950)
Warning: unknown variable 'r_min' in bounds section (line 13951)
Read LP format model from file E:\codes\ExactEBRP\results\gf_gurobi_performance_recovery_round29\development\moderate_seed4301__c2_cold__60s\external\models\L0.0.1.0.1.1.lp
Reading time = 0.02 seconds
obj: 11911 rows, 3376 columns, 67353 nonzeros
Set parameter TimeLimit to value 25.5216596
Warning: unknown variable 'r_max' in bounds section (line 13950)
Warning: unknown variable 'r_min' in bounds section (line 13951)
Read LP format model from file E:\codes\ExactEBRP\results\gf_gurobi_performance_recovery_round29\development\moderate_seed4301__c2_cold__60s\external\models\L0.0.1.0.1.0.0.lp
Reading time = 0.02 seconds
obj: 11911 rows, 3376 columns, 67353 nonzeros
Set parameter TimeLimit to value 25.2327423
Warning: unknown variable 'r_max' in bounds section (line 13950)
Warning: unknown variable 'r_min' in bounds section (line 13951)
Read LP format model from file E:\codes\ExactEBRP\results\gf_gurobi_performance_recovery_round29\development\moderate_seed4301__c2_cold__60s\external\models\L0.0.1.0.1.0.1.lp
Reading time = 0.02 seconds
obj: 11911 rows, 3376 columns, 67353 nonzeros
Set parameter TimeLimit to value 24.9370429
Warning: unknown variable 'r_max' in bounds section (line 13950)
Warning: unknown variable 'r_min' in bounds section (line 13951)
Read LP format model from file E:\codes\ExactEBRP\results\gf_gurobi_performance_recovery_round29\development\moderate_seed4301__c2_cold__60s\external\models\L0.0.1.0.1.0.0.lp
Reading time = 0.02 seconds
obj: 11911 rows, 3376 columns, 67353 nonzeros
Set parameter TimeLimit to value 24.764695
Warning: unknown variable 'r_max' in bounds section (line 13950)
Warning: unknown variable 'r_min' in bounds section (line 13951)
Read LP format model from file E:\codes\ExactEBRP\results\gf_gurobi_performance_recovery_round29\development\moderate_seed4301__c2_cold__60s\external\models\L0.0.1.0.1.0.1.lp
Reading time = 0.02 seconds
obj: 11911 rows, 3376 columns, 67353 nonzeros
Set parameter TimeLimit to value 24.7230833
Warning: unknown variable 'r_max' in bounds section (line 13950)
Warning: unknown variable 'r_min' in bounds section (line 13951)
Read LP format model from file E:\codes\ExactEBRP\results\gf_gurobi_performance_recovery_round29\development\moderate_seed4301__c2_cold__60s\external\models\L0.0.1.0.1.1.0.lp
Reading time = 0.02 seconds
obj: 11911 rows, 3376 columns, 67353 nonzeros
Set parameter TimeLimit to value 24.5712186
Warning: unknown variable 'r_max' in bounds section (line 13950)
Warning: unknown variable 'r_min' in bounds section (line 13951)
Read LP format model from file E:\codes\ExactEBRP\results\gf_gurobi_performance_recovery_round29\development\moderate_seed4301__c2_cold__60s\external\models\L0.0.1.0.1.1.1.lp
Reading time = 0.02 seconds
obj: 11911 rows, 3376 columns, 67353 nonzeros
Set parameter TimeLimit to value 24.2895588
Warning: unknown variable 'r_max' in bounds section (line 13950)
Warning: unknown variable 'r_min' in bounds section (line 13951)
Read LP format model from file E:\codes\ExactEBRP\results\gf_gurobi_performance_recovery_round29\development\moderate_seed4301__c2_cold__60s\external\models\L0.0.1.0.1.1.0.lp
Reading time = 0.02 seconds
obj: 11911 rows, 3376 columns, 67353 nonzeros
Set parameter TimeLimit to value 24.1076895
Warning: unknown variable 'r_max' in bounds section (line 13950)
Warning: unknown variable 'r_min' in bounds section (line 13951)
Read LP format model from file E:\codes\ExactEBRP\results\gf_gurobi_performance_recovery_round29\development\moderate_seed4301__c2_cold__60s\external\models\L0.0.1.0.1.1.1.lp
Reading time = 0.02 seconds
obj: 11911 rows, 3376 columns, 67353 nonzeros
Set parameter TimeLimit to value 24.0660498
Warning: unknown variable 'r_max' in bounds section (line 13950)
Warning: unknown variable 'r_min' in bounds section (line 13951)
Read LP format model from file E:\codes\ExactEBRP\results\gf_gurobi_performance_recovery_round29\development\moderate_seed4301__c2_cold__60s\external\models\L0.0.1.1.0.lp
Reading time = 0.02 seconds
obj: 11911 rows, 3376 columns, 67353 nonzeros
Set parameter TimeLimit to value 23.9126998
Warning: unknown variable 'r_max' in bounds section (line 13950)
Warning: unknown variable 'r_min' in bounds section (line 13951)
Read LP format model from file E:\codes\ExactEBRP\results\gf_gurobi_performance_recovery_round29\development\moderate_seed4301__c2_cold__60s\external\models\L0.0.1.1.1.lp
Reading time = 0.02 seconds
obj: 11911 rows, 3376 columns, 67353 nonzeros
Set parameter TimeLimit to value 23.608839
Warning: unknown variable 'r_max' in bounds section (line 13950)
Warning: unknown variable 'r_min' in bounds section (line 13951)
Read LP format model from file E:\codes\ExactEBRP\results\gf_gurobi_performance_recovery_round29\development\moderate_seed4301__c2_cold__60s\external\models\L0.0.1.1.0.0.lp
Reading time = 0.02 seconds
obj: 11911 rows, 3376 columns, 67353 nonzeros
Set parameter TimeLimit to value 23.3208477
Warning: unknown variable 'r_max' in bounds section (line 13950)
Warning: unknown variable 'r_min' in bounds section (line 13951)
Read LP format model from file E:\codes\ExactEBRP\results\gf_gurobi_performance_recovery_round29\development\moderate_seed4301__c2_cold__60s\external\models\L0.0.1.1.0.1.lp
Reading time = 0.02 seconds
obj: 11911 rows, 3376 columns, 67353 nonzeros
Set parameter TimeLimit to value 23.0308797
Warning: unknown variable 'r_max' in bounds section (line 13950)
Warning: unknown variable 'r_min' in bounds section (line 13951)
Read LP format model from file E:\codes\ExactEBRP\results\gf_gurobi_performance_recovery_round29\development\moderate_seed4301__c2_cold__60s\external\models\L0.0.1.1.0.0.0.lp
Reading time = 0.02 seconds
obj: 11911 rows, 3376 columns, 67353 nonzeros
Set parameter TimeLimit to value 22.7204858
Warning: unknown variable 'r_max' in bounds section (line 13950)
Warning: unknown variable 'r_min' in bounds section (line 13951)
Read LP format model from file E:\codes\ExactEBRP\results\gf_gurobi_performance_recovery_round29\development\moderate_seed4301__c2_cold__60s\external\models\L0.0.1.1.0.0.1.lp
Reading time = 0.02 seconds
obj: 11911 rows, 3376 columns, 67353 nonzeros
Set parameter TimeLimit to value 22.4149619
Warning: unknown variable 'r_max' in bounds section (line 13950)
Warning: unknown variable 'r_min' in bounds section (line 13951)
Read LP format model from file E:\codes\ExactEBRP\results\gf_gurobi_performance_recovery_round29\development\moderate_seed4301__c2_cold__60s\external\models\L0.0.1.1.0.0.0.lp
Reading time = 0.02 seconds
obj: 11911 rows, 3376 columns, 67353 nonzeros
Set parameter TimeLimit to value 2.2237943899999998e+01
Warning: unknown variable 'r_max' in bounds section (line 13950)
Warning: unknown variable 'r_min' in bounds section (line 13951)
Read LP format model from file E:\codes\ExactEBRP\results\gf_gurobi_performance_recovery_round29\development\moderate_seed4301__c2_cold__60s\external\models\L0.0.1.1.0.0.1.lp
Reading time = 0.02 seconds
obj: 11911 rows, 3376 columns, 67353 nonzeros
Set parameter TimeLimit to value 2.2196519000000002e+01
Warning: unknown variable 'r_max' in bounds section (line 13950)
Warning: unknown variable 'r_min' in bounds section (line 13951)
Read LP format model from file E:\codes\ExactEBRP\results\gf_gurobi_performance_recovery_round29\development\moderate_seed4301__c2_cold__60s\external\models\L0.0.1.1.0.1.0.lp
Reading time = 0.02 seconds
obj: 11911 rows, 3376 columns, 67353 nonzeros
Set parameter TimeLimit to value 21.9366877
Warning: unknown variable 'r_max' in bounds section (line 13950)
Warning: unknown variable 'r_min' in bounds section (line 13951)
Read LP format model from file E:\codes\ExactEBRP\results\gf_gurobi_performance_recovery_round29\development\moderate_seed4301__c2_cold__60s\external\models\L0.0.1.1.0.1.1.lp
Reading time = 0.02 seconds
obj: 11911 rows, 3376 columns, 67353 nonzeros
Set parameter TimeLimit to value 2.1626052299999998e+01
Warning: unknown variable 'r_max' in bounds section (line 13950)
Warning: unknown variable 'r_min' in bounds section (line 13951)
Read LP format model from file E:\codes\ExactEBRP\results\gf_gurobi_performance_recovery_round29\development\moderate_seed4301__c2_cold__60s\external\models\L0.0.1.1.0.1.0.lp
Reading time = 0.02 seconds
obj: 11911 rows, 3376 columns, 67353 nonzeros
Set parameter TimeLimit to value 21.4396567
Warning: unknown variable 'r_max' in bounds section (line 13950)
Warning: unknown variable 'r_min' in bounds section (line 13951)
Read LP format model from file E:\codes\ExactEBRP\results\gf_gurobi_performance_recovery_round29\development\moderate_seed4301__c2_cold__60s\external\models\L0.0.1.1.0.1.1.lp
Reading time = 0.02 seconds
obj: 11911 rows, 3376 columns, 67353 nonzeros
Set parameter TimeLimit to value 21.2887761
Warning: unknown variable 'r_max' in bounds section (line 13950)
Warning: unknown variable 'r_min' in bounds section (line 13951)
Read LP format model from file E:\codes\ExactEBRP\results\gf_gurobi_performance_recovery_round29\development\moderate_seed4301__c2_cold__60s\external\models\L0.0.1.1.1.0.lp
Reading time = 0.02 seconds
obj: 11911 rows, 3376 columns, 67353 nonzeros
Set parameter TimeLimit to value 20.925472
Warning: unknown variable 'r_max' in bounds section (line 13950)
Warning: unknown variable 'r_min' in bounds section (line 13951)
Read LP format model from file E:\codes\ExactEBRP\results\gf_gurobi_performance_recovery_round29\development\moderate_seed4301__c2_cold__60s\external\models\L0.0.1.1.1.1.lp
Reading time = 0.02 seconds
obj: 11911 rows, 3376 columns, 67353 nonzeros
Set parameter TimeLimit to value 20.6257662
Warning: unknown variable 'r_max' in bounds section (line 13950)
Warning: unknown variable 'r_min' in bounds section (line 13951)
Read LP format model from file E:\codes\ExactEBRP\results\gf_gurobi_performance_recovery_round29\development\moderate_seed4301__c2_cold__60s\external\models\L0.0.1.1.1.0.0.lp
Reading time = 0.02 seconds
obj: 11911 rows, 3376 columns, 67353 nonzeros
Set parameter TimeLimit to value 20.3350067
Warning: unknown variable 'r_max' in bounds section (line 13950)
Warning: unknown variable 'r_min' in bounds section (line 13951)
Read LP format model from file E:\codes\ExactEBRP\results\gf_gurobi_performance_recovery_round29\development\moderate_seed4301__c2_cold__60s\external\models\L0.0.1.1.1.0.1.lp
Reading time = 0.02 seconds
obj: 11911 rows, 3376 columns, 67353 nonzeros
Set parameter TimeLimit to value 2.0005842800000003e+01
Warning: unknown variable 'r_max' in bounds section (line 13950)
Warning: unknown variable 'r_min' in bounds section (line 13951)
Read LP format model from file E:\codes\ExactEBRP\results\gf_gurobi_performance_recovery_round29\development\moderate_seed4301__c2_cold__60s\external\models\L0.0.1.1.1.0.0.lp
Reading time = 0.02 seconds
obj: 11911 rows, 3376 columns, 67353 nonzeros
Set parameter TimeLimit to value 1.9835603499999998e+01
Warning: unknown variable 'r_max' in bounds section (line 13950)
Warning: unknown variable 'r_min' in bounds section (line 13951)
Read LP format model from file E:\codes\ExactEBRP\results\gf_gurobi_performance_recovery_round29\development\moderate_seed4301__c2_cold__60s\external\models\L0.0.1.1.1.0.1.lp
Reading time = 0.02 seconds
obj: 11911 rows, 3376 columns, 67353 nonzeros
Set parameter TimeLimit to value 1.9575079100000004e+01
Warning: unknown variable 'r_max' in bounds section (line 13950)
Warning: unknown variable 'r_min' in bounds section (line 13951)
Read LP format model from file E:\codes\ExactEBRP\results\gf_gurobi_performance_recovery_round29\development\moderate_seed4301__c2_cold__60s\external\models\L0.0.1.1.1.1.0.lp
Reading time = 0.02 seconds
obj: 11911 rows, 3376 columns, 67353 nonzeros
Set parameter TimeLimit to value 1.9196517800000002e+01
Warning: unknown variable 'r_max' in bounds section (line 13950)
Warning: unknown variable 'r_min' in bounds section (line 13951)
Read LP format model from file E:\codes\ExactEBRP\results\gf_gurobi_performance_recovery_round29\development\moderate_seed4301__c2_cold__60s\external\models\L0.0.1.1.1.1.1.lp
Reading time = 0.02 seconds
obj: 11911 rows, 3376 columns, 67353 nonzeros
Set parameter TimeLimit to value 18.9017769
Warning: unknown variable 'r_max' in bounds section (line 13950)
Warning: unknown variable 'r_min' in bounds section (line 13951)
Read LP format model from file E:\codes\ExactEBRP\results\gf_gurobi_performance_recovery_round29\development\moderate_seed4301__c2_cold__60s\external\models\L0.0.1.1.1.1.0.lp
Reading time = 0.02 seconds
obj: 11911 rows, 3376 columns, 67353 nonzeros
Set parameter TimeLimit to value 1.8730579300000002e+01
Warning: unknown variable 'r_max' in bounds section (line 13951)
Warning: unknown variable 'r_min' in bounds section (line 13952)
Read LP format model from file E:\codes\ExactEBRP\results\gf_gurobi_performance_recovery_round29\development\moderate_seed4301__c2_cold__60s\external\models\L1.lp
Reading time = 0.02 seconds
obj: 11912 rows, 3376 columns, 67359 nonzeros
Set parameter TimeLimit to value 18.3649403
Warning: unknown variable 'r_max' in bounds section (line 13951)
Warning: unknown variable 'r_min' in bounds section (line 13952)
Read LP format model from file E:\codes\ExactEBRP\results\gf_gurobi_performance_recovery_round29\development\moderate_seed4301__c2_cold__60s\external\models\L1.0.lp
Reading time = 0.02 seconds
obj: 11912 rows, 3376 columns, 67359 nonzeros
Set parameter TimeLimit to value 18.0313328
Warning: unknown variable 'r_max' in bounds section (line 13951)
Warning: unknown variable 'r_min' in bounds section (line 13952)
Read LP format model from file E:\codes\ExactEBRP\results\gf_gurobi_performance_recovery_round29\development\moderate_seed4301__c2_cold__60s\external\models\L1.1.lp
Reading time = 0.02 seconds
obj: 11912 rows, 3376 columns, 67359 nonzeros
Set parameter TimeLimit to value 1.7723264800000003e+01
Warning: unknown variable 'r_max' in bounds section (line 13951)
Warning: unknown variable 'r_min' in bounds section (line 13952)
Read LP format model from file E:\codes\ExactEBRP\results\gf_gurobi_performance_recovery_round29\development\moderate_seed4301__c2_cold__60s\external\models\L1.lp
Reading time = 0.02 seconds
obj: 11912 rows, 3376 columns, 67359 nonzeros
Set parameter TimeLimit to value 1.7554876899999996e+01
