
Welcome to IBM(R) ILOG(R) CPLEX(R) Interactive Optimizer 22.1.1.0
  with Simplex, Mixed Integer & Barrier Optimizers
5725-A06 5725-A29 5724-Y48 5724-Y49 5724-Y54 5724-Y55 5655-Y21
Copyright IBM Corp. 1988, 2022.  All Rights Reserved.

Type 'help' for a list of available commands.
Type 'help' followed by a command name for more
information on commands.

CPLEX> New value for default parallel thread count: 1
CPLEX> New value for time limit in seconds: 30
CPLEX> New value for mixed integer optimality gap tolerance: 0
CPLEX> Problem 'results\v20_replication_round\oracle\cplex\interval_oracle_13_0p554166666667_0p59375.lp' read.
Read time = 0.00 sec. (0.57 ticks)
CPLEX> Version identifier: 22.1.1.0 | 2022-11-27 | 9160aff4d
CPXPARAM_Threads                                 1
CPXPARAM_TimeLimit                               30
CPXPARAM_MIP_Tolerances_MIPGap                   0
Tried aggregator 2 times.
MIP Presolve eliminated 148 rows and 26 columns.
MIP Presolve modified 438 coefficients.
Aggregator did 67 substitutions.
Reduced MIP has 4844 rows, 2022 columns, and 22413 nonzeros.
Reduced MIP has 1459 binaries, 179 generals, 0 SOSs, and 0 indicators.
Presolve time = 0.00 sec. (18.01 ticks)
Probing fixed 12 vars, tightened 9 bounds.
Probing time = 0.03 sec. (79.05 ticks)
Cover probing fixed 0 vars, tightened 37 bounds.
Tried aggregator 1 time.
Detecting symmetries...
MIP Presolve eliminated 6 rows and 15 columns.
MIP Presolve modified 65 coefficients.
Reduced MIP has 4838 rows, 2007 columns, and 22224 nonzeros.
Reduced MIP has 1444 binaries, 179 generals, 0 SOSs, and 0 indicators.
Presolve time = 0.02 sec. (17.81 ticks)
Probing time = 0.00 sec. (5.16 ticks)
Cover probing fixed 0 vars, tightened 35 bounds.
Clique table members: 12001.
MIP emphasis: balance optimality and feasibility.
MIP search method: dynamic search.
Parallel mode: none, using 1 thread.
Root relaxation solution time = 0.03 sec. (59.98 ticks)

        Nodes                                         Cuts/
   Node  Left     Objective  IInf  Best Integer    Best Bound    ItCnt     Gap

      0     0        2.0520   127                      2.0520      839
      0     0        2.0535   114                   Cuts: 203     1091
      0     0        2.0543   114                   Cuts: 224     1308
      0     0        2.0551   139                   Cuts: 110     1616
      0     0        2.0564   120                    Cuts: 97     1848
      0     0        2.0575   145                    Cuts: 89     2097
Detecting symmetries...
      0     0        2.0596   149                   Cuts: 109     2311
      0     0        2.0599   138                   Cuts: 131     2469
      0     0        2.0601   154                    Cuts: 67     2737
      0     0        2.0602   179                    Cuts: 67     2924
Detecting symmetries...
      0     2        2.0602   174                      2.0602     2924
Elapsed time = 0.91 sec. (1696.57 ticks, tree = 0.01 MB, solutions = 0)
      6     6        2.1294   135                      2.0603     4746
     40    34        2.4135   115                      2.0603     6931
     54    40        2.1401   134                      2.1057     8606
     68    48        2.1334   155                      2.1260    10750
     83    61        2.2663   122                      2.1260    12354
    113    73        2.3311   117                      2.1294    14710
    137    89        2.2059   144                      2.1295    16969
    154   100        2.2328   151                      2.1299    19277
    181   119        2.2766   101                      2.1323    21176
    304   190        2.2375   104                      2.1336    28997
Elapsed time = 2.36 sec. (4894.20 ticks, tree = 1.06 MB, solutions = 0)
    402   257        2.4048   104                      2.1345    37214
    495   310        2.2162   129                      2.1370    45183
    546   340        2.3747   112                      2.1388    50191
    638   396        2.3726   112                      2.1405    57669
    720   438    infeasible                            2.1421    66009
    834   502        2.4238   120                      2.1439    74950
    941   553        2.2607   145                      2.1473    82984

Performing restart 1

Repeating presolve.
Tried aggregator 2 times.
MIP Presolve eliminated 22 rows and 2 columns.
Aggregator did 20 substitutions.
Reduced MIP has 4796 rows, 1985 columns, and 22103 nonzeros.
Reduced MIP has 1443 binaries, 179 generals, 0 SOSs, and 0 indicators.
Presolve time = 0.00 sec. (12.96 ticks)
Tried aggregator 1 time.
Reduced MIP has 4796 rows, 1985 columns, and 22103 nonzeros.
Reduced MIP has 1443 binaries, 179 generals, 0 SOSs, and 0 indicators.
Presolve time = 0.00 sec. (12.31 ticks)
Represolve time = 0.06 sec. (137.91 ticks)
   1028     0        2.0642   227                   Cuts: 117    93221
   1028     0        2.0656   226                   Cuts: 201    93508
   1028     0        2.0666   220                    Cuts: 91    93673
   1028     0        2.0673   237                    Cuts: 85    93815
   1028     0        2.0678   208                   Cuts: 115    94077
   1028     0        2.0679   222                   Cuts: 108    94303
   1028     0        2.0681   247                    Cuts: 57    94432
   1028     2        2.0681   245                      2.1480    94432
   1030     4        2.1214   169                      2.1480    97144
   1032     6        2.1454   192                      2.1480    99861
Elapsed time = 10.25 sec. (22146.30 ticks, tree = 0.01 MB, solutions = 0)
   1034     8        2.1466   170                      2.1480   101289
   1038    12        2.1664   140                      2.1480   102200
   1042    16        2.1534   147                      2.1480   103545
   1048    20        2.1564   143                      2.1480   105458
   1055    27        2.2503   167                      2.1480   105994
   1060    26        2.1131   149                      2.1480   110013
   1063    29        2.2068   136                      2.1480   112181
   1066    32        2.3015   115                      2.1480   113340
   1070    32        2.4348   111                      2.1480   114245
   1074    34        2.1357   171                      2.1480   115394
Elapsed time = 14.92 sec. (33588.60 ticks, tree = 0.21 MB, solutions = 0)
   1080    38        2.2593   141                      2.1480   116791
   1083    41        2.2125   179                      2.1480   117924
   1087    45        2.2175   180                      2.1480   119220
   1094    52        2.2545   129                      2.1480   120370
   1100    57        2.4103   146                      2.1480   122177
   1108    60        2.2294   200                      2.1480   124947
   1119    66        2.1490   175                      2.1480   128176
   1129    74        2.3423   119                      2.1480   131180
   1139    81        2.1484   179                      2.1480   132657
   1153    94        2.2927   142                      2.1480   135404
Elapsed time = 19.34 sec. (44161.84 ticks, tree = 0.57 MB, solutions = 0)
   1168   100        2.2481   166                      2.1480   137649
   1222   139        2.2193   161                      2.1483   143176
   1261   164        2.1577   174                      2.1486   147881
   1288   191        2.3031   186                      2.1486   152057
   1315   213        2.2439   193                      2.1490   156744
   1346   237        2.3587    92                      2.1490   160198
   1362   251        2.2223   159                      2.1494   164934
   1393   274        2.2821   125                      2.1494   169001
   1424   292    infeasible                            2.1500   174453
   1436   300        2.3299   137                      2.1502   176706
Elapsed time = 23.72 sec. (54054.92 ticks, tree = 0.89 MB, solutions = 0)
   1469   325        2.4123   165                      2.1503   182832
   1494   338        2.3151   110                      2.1506   188976
   1536   374        2.2619   128                      2.1507   195073
   1559   391        2.2162   186                      2.1508   198756
   1581   408        2.2391   180                      2.1511   203299
   1603   428        2.4226   129                      2.1511   205208
   1629   439        2.2307   200                      2.1523   210634
   1658   464        2.2480   164                      2.1531   217218
   1687   471        2.2028   120                      2.1549   221289
   1716   492        2.2223   189                      2.1559   225264
Elapsed time = 28.31 sec. (63952.95 ticks, tree = 1.16 MB, solutions = 0)
   1747   514        2.2594   152                      2.1561   230715
   1788   543        2.4168   149                      2.1561   236352
   1861   596        2.2739   165                      2.1578   243528

GUB cover cuts applied:  7
Cover cuts applied:  10
Implied bound cuts applied:  95
Flow cuts applied:  17
Mixed integer rounding cuts applied:  79
Zero-half cuts applied:  19
Gomory fractional cuts applied:  6

Root node processing (before b&c):
  Real time             =    0.89 sec. (1675.45 ticks)
Sequential b&c:
  Real time             =   29.12 sec. (65978.51 ticks)
                          ------------
Total (root+branch&cut) =   30.02 sec. (67653.95 ticks)


MIP - Time limit exceeded, no integer solution.
Current MIP best bound =  2.1583518861e+00 (gap is infinite)
Solution time =   30.02 sec.  Iterations = 248587  Nodes = 1886 (608)
Deterministic time = 67653.96 ticks  (2254.00 ticks/sec)

CPLEX> CPLEX Error  1217: No solution exists.
No file written.
CPLEX>