
Welcome to IBM(R) ILOG(R) CPLEX(R) Interactive Optimizer 22.1.1.0
  with Simplex, Mixed Integer & Barrier Optimizers
5725-A06 5725-A29 5724-Y48 5724-Y49 5724-Y54 5724-Y55 5655-Y21
Copyright IBM Corp. 1988, 2022.  All Rights Reserved.

Type 'help' for a list of available commands.
Type 'help' followed by a command name for more
information on commands.

CPLEX> New value for default parallel thread count: 1
CPLEX> New value for time limit in seconds: 600
CPLEX> New value for mixed integer optimality gap tolerance: 0
CPLEX> Problem 'results\v20_replication_round\oracle\cplex\interval_oracle_1_0p0163841842216_0p0327683684432.lp' read.
Read time = 0.00 sec. (0.57 ticks)
CPLEX> Version identifier: 22.1.1.0 | 2022-11-27 | 9160aff4d
CPXPARAM_Threads                                 1
CPXPARAM_TimeLimit                               600
CPXPARAM_MIP_Tolerances_MIPGap                   0
Tried aggregator 2 times.
MIP Presolve eliminated 169 rows and 41 columns.
MIP Presolve modified 672 coefficients.
Aggregator did 62 substitutions.
Reduced MIP has 4828 rows, 2014 columns, and 22726 nonzeros.
Reduced MIP has 1455 binaries, 192 generals, 0 SOSs, and 0 indicators.
Presolve time = 0.02 sec. (23.77 ticks)
Probing fixed 0 vars, tightened 21 bounds.
Probing time = 0.03 sec. (60.71 ticks)
Tried aggregator 1 time.
Detecting symmetries...
MIP Presolve eliminated 54 rows and 36 columns.
MIP Presolve modified 36 coefficients.
Reduced MIP has 4774 rows, 1978 columns, and 22204 nonzeros.
Reduced MIP has 1446 binaries, 183 generals, 0 SOSs, and 0 indicators.
Presolve time = 0.02 sec. (18.53 ticks)
Probing time = 0.02 sec. (24.92 ticks)
Cover probing fixed 0 vars, tightened 20 bounds.
Clique table members: 11956.
MIP emphasis: balance optimality and feasibility.
MIP search method: dynamic search.
Parallel mode: none, using 1 thread.
Root relaxation solution time = 0.06 sec. (166.79 ticks)

        Nodes                                         Cuts/
   Node  Left     Objective  IInf  Best Integer    Best Bound    ItCnt     Gap

      0     0        0.0371   197                      0.0371     1600
      0     0        0.0421   247                   Cuts: 114     2790
      0     0        0.0432   243                   Cuts: 215     4220
      0     0        0.0432   256                    Cuts: 88     5330
      0     0        0.0432   175                    Cuts: 22     5421
      0     0        0.0432   228                   Cuts: 116     5991
Detecting symmetries...
      0     2        0.0432   182                      0.0432     5991
Elapsed time = 0.92 sec. (2412.60 ticks, tree = 0.01 MB, solutions = 0)
     20    22        0.0439   140                      0.0432     7699
     54    50    infeasible                            0.0432    10291
     64    54        0.0436   196                      0.0432    12113
    130   108        0.0483    92                      0.0432    14716
    172   138        0.0458   141                      0.0432    17536
    244   192        0.0434   155                      0.0432    19967
    316   250        0.0483    73                      0.0432    22049
    376   278        0.0445   130                      0.0432    24427
    419   315        0.0445   159                      0.0432    26296
    583   419        0.0462   168                      0.0432    33946
Elapsed time = 2.11 sec. (5576.59 ticks, tree = 0.70 MB, solutions = 0)
    761   569    infeasible                            0.0432    44038
    930   706        0.0446   140                      0.0432    53600

Performing restart 1

Repeating presolve.
Tried aggregator 1 time.
MIP Presolve eliminated 24 rows and 14 columns.
MIP Presolve modified 154 coefficients.
Reduced MIP has 4750 rows, 1964 columns, and 22085 nonzeros.
Reduced MIP has 1440 binaries, 179 generals, 0 SOSs, and 0 indicators.
Presolve time = 0.02 sec. (22.62 ticks)
Tried aggregator 1 time.
Reduced MIP has 4750 rows, 1964 columns, and 22085 nonzeros.
Reduced MIP has 1440 binaries, 179 generals, 0 SOSs, and 0 indicators.
Presolve time = 0.02 sec. (12.14 ticks)
Represolve time = 0.08 sec. (142.35 ticks)
   1032     0        0.0442   218                   Cuts: 133    64774
   1032     0        0.0443   215                   Cuts: 235    66988
   1032     0        0.0443   236                   Cuts: 210    67746
   1032     0        0.0443   214                    Cuts: 36    68068
   1032     0        0.0443   241                   Cuts: 172    68676
   1032     0        0.0443   228                    Cuts: 37    69412
   1032     0        0.0443   281                   Cuts: 270    70206
   1032     0        0.0443   212                    Cuts: 45    70436
   1032     0        0.0443   273                   Cuts: 233    71404
   1032     0        0.0443   328                   Cuts: 291    72548
   1032     0        0.0443   304                   Cuts: 299    73367
   1032     0        0.0443   280                   Cuts: 222    74133
   1032     0        0.0443   340                   Cuts: 188    75153
   1032     2        0.0443   332                      0.0443    75153
   1034     4        0.0450   236                      0.0443    79016
   1037     7        0.0459   228                      0.0443    79611
   1047    14        0.0486   206                      0.0443    80121
   1056    16        0.0445   243                      0.0444    83162
   1063    23        0.0457   213                      0.0444    83880
   1079    31        0.0444   280                      0.0444    84478
   1140    78    infeasible                            0.0446   102174
Elapsed time = 13.75 sec. (35010.92 ticks, tree = 2.61 MB, solutions = 0)
   1154    86    infeasible                            0.0447   104199
   1167    96        0.0473   229                      0.0448   107493
   1172   101        0.0483   235                      0.0448   107656
   1179   104        0.0458   223                      0.0448   110022
   1192   117        0.0473   166                      0.0448   112447
   1211   130    infeasible                            0.0448   115717
   1252   164        0.0490   148                      0.0448   118297
   1257   168        0.0490   129                      0.0448   121637
   1268   177        0.0490   102                      0.0448   124547
   1282   179        0.0453   222                      0.0451   129819
Elapsed time = 18.52 sec. (47804.18 ticks, tree = 2.68 MB, solutions = 0)
   1284   181        0.0456   206                      0.0451   133041
   1292   187        0.0467   163                      0.0451   133698
   1323   208    infeasible                            0.0451   139569
   1352   231        0.0456   210                      0.0451   142516
   1376   247        0.0467   184                      0.0451   146148
   1393   262        0.0488   122                      0.0451   149106
   1401   266        0.0491   124                      0.0451   151472
   1407   266    infeasible                            0.0452   154243
   1442   293        0.0478   173                      0.0452   159454
   1461   304        0.0453   217                      0.0452   161912
Elapsed time = 22.67 sec. (59076.14 ticks, tree = 3.11 MB, solutions = 0)
   1481   321        0.0478   168                      0.0452   164208
   1576   396    infeasible                            0.0452   167897
   1615   419    infeasible                            0.0454   171607
   1646   442        0.0457   211                      0.0454   174388
   1732   501        0.0461   228                      0.0454   177451
   1810   555        0.0479   184                      0.0455   179851
   1845   580        0.0487   182                      0.0455   182955
   1906   611    infeasible                            0.0456   185740
   1911   616        0.0459   225                      0.0456   189209
   1947   638        0.0467   194                      0.0456   191269
Elapsed time = 26.22 sec. (69002.34 ticks, tree = 16.95 MB, solutions = 0)
   2003   689        0.0486    92                      0.0456   193598
   2062   734        0.0463   202                      0.0456   197145

Performing restart 2

Repeating presolve.
Tried aggregator 1 time.
MIP Presolve eliminated 5 rows and 4 columns.
MIP Presolve modified 3785 coefficients.
Reduced MIP has 4745 rows, 1960 columns, and 27433 nonzeros.
Reduced MIP has 1438 binaries, 177 generals, 0 SOSs, and 0 indicators.
Presolve time = 0.02 sec. (21.69 ticks)
Tried aggregator 1 time.
MIP Presolve eliminated 2 rows and 2 columns.
MIP Presolve modified 2 coefficients.
Reduced MIP has 4743 rows, 1958 columns, and 27415 nonzeros.
Reduced MIP has 1436 binaries, 177 generals, 0 SOSs, and 0 indicators.
Presolve time = 0.02 sec. (15.25 ticks)
Represolve time = 0.12 sec. (187.28 ticks)
   2064     0        0.0443   215                    Cuts: 52   202749
   2064     0        0.0443   199                    Cuts: 35   203001
   2064     0        0.0443   223                   Cuts: 171   203329
   2064     0        0.0443   198                    Cuts: 31   203622
   2064     0        0.0443   230                   Cuts: 169   203936
   2064     0        0.0443   185                    Cuts: 56   204214
   2064     0        0.0443   195                   Cuts: 133   204420
   2064     0        0.0443   181                    Cuts: 13   204511
   2064     0        0.0443   230                   Cuts: 111   204997
   2064     0        0.0444   234                    Cuts: 54   206007
   2064     2        0.0444   214                      0.0456   206007
   2066     4        0.0448   284                      0.0456   217445
   2075    10        0.0460   145                      0.0456   218054
   2091    24        0.0485   113                      0.0456   218547
   2104    31        0.0475   130                      0.0456   219125
   2116    35        0.0460   208                      0.0456   219972
   2124    42        0.0471   189                      0.0456   220140
   2137    53        0.0486   167                      0.0456   220610
Elapsed time = 41.50 sec. (109538.16 ticks, tree = 0.48 MB, solutions = 0)
   2140    53        0.0449   245                      0.0456   225980
   2142    54        0.0456   236                      0.0456   229916
   2144    56        0.0456   239                      0.0456   230019
   2146    58        0.0456   249                      0.0456   234082
   2150    62        0.0461   214                      0.0456   236298
   2155    67        0.0468   211                      0.0456   239431
   2164    73        0.0483   162                      0.0456   240133
   2177    81    infeasible                            0.0456   241815
   2178    81        0.0452   163                      0.0456   242149
   2194    97        0.0476   117                      0.0456   243052
Elapsed time = 47.28 sec. (123910.72 ticks, tree = 0.54 MB, solutions = 0)
   2208   104        0.0452   231                      0.0456   246532
   2210   104        0.0452   219                      0.0456   256208
   2212   106        0.0453   219                      0.0456   258758
   2214   108        0.0455   193                      0.0456   262160
   2223   117        0.0468   168                      0.0456   263181
   2228   122        0.0476   163                      0.0456   263676
   2232   126        0.0487   161                      0.0456   271001
   2242   126    infeasible                            0.0456   274359
   2264   147        0.0484   103                      0.0456   275057
   2274   149        0.0460   194                      0.0456   280116
Elapsed time = 54.62 sec. (142020.68 ticks, tree = 0.62 MB, solutions = 0)
   2284   159        0.0473   178                      0.0456   280510
   2300   169        0.0489   139                      0.0456   280810
   2307   170        0.0458   210                      0.0456   281120
   2309   171        0.0460   237                      0.0456   284646
   2310   172        0.0460   206                      0.0456   289780
   2317   179        0.0475   182                      0.0456   290377
   2328   186        0.0459   139                      0.0456   290632
   2354   200        0.0459   215                      0.0456   292164
   2360   206        0.0463   208                      0.0456   295464
   2367   213        0.0480   186                      0.0456   296039
Elapsed time = 59.61 sec. (154528.35 ticks, tree = 0.71 MB, solutions = 0)
   2374   214        0.0475   131                      0.0456   296864
   2388   222        0.0461   252                      0.0456   305001
   2394   228        0.0469   208                      0.0456   305928
   2400   230        0.0473   221                      0.0456   309210
   2408   238        0.0486   163                      0.0456   309737
   2411   237        0.0462   222                      0.0456   320536
   2419   245        0.0480   172                      0.0456   324872
   2424   250        0.0486   211                      0.0456   325577
   2430   250        0.0466   252                      0.0457   332918
   2447   261        0.0457   144                      0.0457   341603
Elapsed time = 69.42 sec. (178433.12 ticks, tree = 0.79 MB, solutions = 0)
   2490   298        0.0464   126                      0.0457   347623
   2526   316        0.0462   193                      0.0458   352289
   2553   337        0.0475   137                      0.0458   361614
   2560   340        0.0463   184                      0.0459   370120
   2575   353        0.0476   242                      0.0459   380042
   2584   362        0.0482   216                      0.0459   388161
   2597   361        0.0463   196                      0.0459   403043
   2627   383        0.0463   228                      0.0459   411099
   2643   395        0.0484   163                      0.0459   421376
   2675   415    infeasible                            0.0459   425250
Elapsed time = 86.97 sec. (221300.39 ticks, tree = 1.02 MB, solutions = 0)
   2720   442        0.0465   225                      0.0460   433003
   2744   462        0.0462   155                      0.0460   434727
   2796   492        0.0490   155                      0.0460   442446
   2806   496        0.0461   221                      0.0461   451226
   2813   501        0.0468   263                      0.0461   465751
   2825   507        0.0466   198                      0.0461   477958
   2869   537        0.0467   205                      0.0461   489426
   2878   542        0.0489   227                      0.0461   504897
   2905   555        0.0476   224                      0.0461   513380
   2917   559    infeasible                            0.0461   528247
Elapsed time = 108.08 sec. (272310.93 ticks, tree = 1.10 MB, solutions = 0)
   2942   584        0.0488   112                      0.0461   535541
   2956   594        0.0465   285                      0.0461   550746
   2972   608        0.0483   185                      0.0461   561857
   2982   608    infeasible                            0.0461   577065
   3005   625        0.0466   261                      0.0461   596352
   3029   637        0.0466   238                      0.0461   608436
   3039   647        0.0484   202                      0.0461   626103
   3047   649        0.0465   209                      0.0462   642942
   3060   658        0.0480   230                      0.0462   653441
   3081   665        0.0490   162                      0.0462   663854
Elapsed time = 129.58 sec. (323946.35 ticks, tree = 1.27 MB, solutions = 0)
   3113   677        0.0469   157                      0.0462   667082
   3131   691        0.0466   226                      0.0462   673971
   3151   699        0.0470   240                      0.0462   692716
   3168   712        0.0465   217                      0.0462   706483
   3201   739        0.0491   149                      0.0462   716077
   3207   737        0.0463   233                      0.0462   726819
   3223   743    infeasible                            0.0462   741652
   3238   750        0.0491   146                      0.0462   749245
   3245   751        0.0463   194                      0.0463   754186
   3250   756        0.0470   210                      0.0463   767183
Elapsed time = 150.45 sec. (374291.62 ticks, tree = 1.44 MB, solutions = 0)
   3257   761    infeasible                            0.0463   782470
   3272   766        0.0472   224                      0.0463   791317
   3290   776        0.0482   168                      0.0463   803298
   3296   778        0.0468   259                      0.0463   818693
   3308   786        0.0474   238                      0.0463   834085
   3319   789        0.0471   177                      0.0463   845815
   3341   801        0.0483   123                      0.0463   858809
   3348   804        0.0470   213                      0.0463   867296
   3366   816        0.0466   227                      0.0463   872976
   3382   824        0.0467   210                      0.0463   888509
Elapsed time = 170.61 sec. (422029.18 ticks, tree = 1.47 MB, solutions = 0)
   3431   857    infeasible                            0.0463   897205
   3438   862        0.0479   253                      0.0463   902849
   3459   877        0.0480   209                      0.0463   920327
   3481   885    infeasible                            0.0464   929647
   3503   905        0.0490   127                      0.0464   937331
   3532   921        0.0471   201                      0.0464   947897
   3552   929        0.0468   247                      0.0464   964958
   3570   943        0.0490   195                      0.0464   978789
   3596   959        0.0477   148                      0.0464   986777
   3608   971        0.0487   205                      0.0464  1001808
Elapsed time = 189.02 sec. (465729.39 ticks, tree = 1.70 MB, solutions = 0)
   3649  1002    infeasible                            0.0464  1012018
   3650  1003        0.0469   281                      0.0464  1021740
   3662  1007        0.0466   220                      0.0464  1041917
   3679  1012    infeasible                            0.0464  1056366
   3682  1011        0.0470   219                      0.0464  1061940
   3690  1019        0.0484   258                      0.0464  1073990
   3701  1023        0.0476   224                      0.0464  1083265
   3719  1031        0.0465   202                      0.0464  1093224
   3745  1051        0.0470   243                      0.0465  1108445
   3763  1061        0.0470   216                      0.0465  1122292
Elapsed time = 209.83 sec. (515110.74 ticks, tree = 1.93 MB, solutions = 0)
   3779  1067        0.0468   283                      0.0465  1130728
   3811  1079        0.0466   204                      0.0465  1143649
   3839  1097        0.0479   184                      0.0465  1148132
   3851  1105        0.0468   253                      0.0465  1162957
   3880  1116        0.0472   206                      0.0465  1175216
   3899  1121        0.0472   269                      0.0465  1192719
   3915  1131        0.0484   213                      0.0465  1200255
   3938  1138        0.0483   194                      0.0466  1211584
   3967  1149        0.0471   263                      0.0466  1224999
   3997  1175        0.0491   143                      0.0466  1237640
Elapsed time = 230.81 sec. (565058.72 ticks, tree = 2.11 MB, solutions = 0)
   4005  1177        0.0473   253                      0.0466  1250659
   4011  1183        0.0491   271                      0.0466  1264821
   4015  1181        0.0471   210                      0.0466  1273935
   4032  1190        0.0466   230                      0.0466  1290260
   4072  1224        0.0467   189                      0.0466  1304581
   4104  1244        0.0488   143                      0.0466  1315544
   4126  1254        0.0469   251                      0.0466  1335409
   4147  1261        0.0472   241                      0.0466  1352164
   4169  1273        0.0467   254                      0.0466  1361662
   4211  1303        0.0491   158                      0.0466  1371160
Elapsed time = 253.02 sec. (617660.16 ticks, tree = 2.34 MB, solutions = 0)
   4233  1309        0.0466   217                      0.0466  1377790
   4265  1327        0.0471   207                      0.0467  1385825
   4305  1365        0.0490   133                      0.0467  1395396
   4354  1388        0.0467   181                      0.0467  1409040
   4378  1404        0.0489   148                      0.0467  1423001
   4400  1418        0.0472   261                      0.0467  1439534
   4417  1429        0.0481   208                      0.0467  1446195
   4437  1437        0.0488   197                      0.0467  1455286
   4454  1440    infeasible                            0.0467  1460532
   4478  1438        0.0469   214                      0.0467  1471157
Elapsed time = 271.81 sec. (662353.99 ticks, tree = 2.56 MB, solutions = 0)
   4495  1451        0.0473   275                      0.0467  1482102
   4521  1461    infeasible                            0.0467  1504038
   4532  1462        0.0468   192                      0.0467  1515565
   4544  1470        0.0473   214                      0.0467  1526052
   4563  1485        0.0483   190                      0.0467  1537055
   4588  1500        0.0469   208                      0.0468  1548329
   4607  1503        0.0469   220                      0.0468  1560435
   4636  1513        0.0471   181                      0.0468  1573796
   4650  1517        0.0470   198                      0.0468  1584493
   4676  1537        0.0479   195                      0.0468  1594271
Elapsed time = 292.70 sec. (711791.45 ticks, tree = 3.14 MB, solutions = 0)
   4691  1542        0.0472   248                      0.0468  1605035
   4710  1551        0.0486   193                      0.0468  1615071
   4719  1554        0.0468   213                      0.0468  1615968
   4733  1560        0.0473   221                      0.0468  1623514
   4749  1564    infeasible                            0.0468  1640543
   4761  1566        0.0469   258                      0.0468  1656275
   4799  1596        0.0491   170                      0.0468  1670092
   4819  1594        0.0469   259                      0.0468  1692069
   4872  1633        0.0477   202                      0.0468  1702889
   4886  1639        0.0472   255                      0.0468  1720164
Elapsed time = 315.17 sec. (764216.88 ticks, tree = 3.33 MB, solutions = 0)
   4903  1642        0.0469   223                      0.0468  1727822
   4914  1651        0.0482   211                      0.0468  1739544
   4944  1675        0.0475   184                      0.0468  1748953
   4977  1694        0.0476   259                      0.0468  1760135
   5009  1718        0.0490   146                      0.0468  1770583
   5036  1733        0.0474   171                      0.0469  1779659
   5051  1738        0.0472   173                      0.0469  1792588
   5084  1755        0.0491   189                      0.0469  1802742
   5104  1761        0.0479   243                      0.0469  1815439
   5118  1769        0.0482   245                      0.0469  1824953
Elapsed time = 333.47 sec. (807320.74 ticks, tree = 3.54 MB, solutions = 0)
   5167  1792        0.0477   261                      0.0469  1832744
   5208  1809        0.0473   269                      0.0469  1839206
   5258  1841        0.0478   211                      0.0469  1849849
   5279  1858        0.0488   197                      0.0469  1864373
   5296  1859    infeasible                            0.0469  1870085
   5305  1860        0.0471   197                      0.0469  1875785
   5318  1867        0.0485   232                      0.0469  1892640
   5335  1878        0.0485   220                      0.0469  1901423
   5361  1884        0.0470   206                      0.0469  1915214
   5384  1897        0.0487   177                      0.0469  1925941
Elapsed time = 352.92 sec. (853000.89 ticks, tree = 3.75 MB, solutions = 0)
   5390  1899        0.0475   222                      0.0469  1937660
   5413  1902        0.0477   275                      0.0470  1960501
   5446  1911        0.0476   175                      0.0470  1970266
   5476  1921        0.0484   258                      0.0470  1982716
   5489  1930        0.0484   225                      0.0470  1995277
   5510  1937        0.0483   194                      0.0470  2008363
   5548  1961        0.0490   196                      0.0470  2024909
   5564  1963        0.0471   178                      0.0470  2035138
   5595  1980        0.0483   190                      0.0470  2053364
   5621  1998        0.0489   201                      0.0470  2063115
Elapsed time = 373.80 sec. (900747.27 ticks, tree = 3.91 MB, solutions = 0)
   5641  2002        0.0473   240                      0.0470  2072173
   5671  2012        0.0472   272                      0.0470  2089351
   5692  2019        0.0473   219                      0.0470  2103288
   5706  2027        0.0489   214                      0.0470  2117824
   5710  2027        0.0473   198                      0.0470  2126750
   5730  2035        0.0474   227                      0.0470  2140229
   5749  2046        0.0473   260                      0.0470  2152808
   5767  2058        0.0476   192                      0.0470  2163391
   5791  2070    infeasible                            0.0470  2174147
   5795  2068        0.0472   202                      0.0470  2195192
Elapsed time = 395.89 sec. (952327.65 ticks, tree = 4.11 MB, solutions = 0)
   5819  2082        0.0478   248                      0.0470  2208436
   5859  2098    infeasible                            0.0470  2220257
   5886  2107        0.0476   242                      0.0471  2237609
   5908  2121        0.0491   186                      0.0471  2250855
   5921  2130        0.0491   172                      0.0471  2263744
   5961  2132        0.0480   197                      0.0471  2278363
   5994  2151        0.0487   185                      0.0471  2296839
   6033  2178    infeasible                            0.0471  2313406
   6061  2194        0.0492   210                      0.0471  2321609
   6072  2197        0.0484   199                      0.0471  2331846
Elapsed time = 415.03 sec. (996761.36 ticks, tree = 4.28 MB, solutions = 0)
   6095  2202        0.0472   169                      0.0471  2352997
   6146  2241        0.0488   133                      0.0471  2363292
   6162  2247        0.0473   217                      0.0471  2375358
   6216  2279        0.0479   191                      0.0471  2385171
   6238  2281        0.0477   263                      0.0471  2396890
   6266  2285        0.0472   211                      0.0471  2409759
   6290  2297        0.0478   246                      0.0471  2419810
   6310  2303        0.0472   268                      0.0471  2435048
   6323  2306        0.0472   267                      0.0471  2447386
   6373  2341        0.0491   126                      0.0471  2454054
Elapsed time = 434.19 sec. (1040956.60 ticks, tree = 4.53 MB, solutions = 0)
   6404  2351        0.0478   206                      0.0471  2459515
   6444  2373        0.0490   187                      0.0471  2470002
   6457  2380        0.0488   171                      0.0471  2482353
   6485  2388        0.0481   242                      0.0472  2492438
   6509  2400        0.0476   244                      0.0472  2506657
   6525  2412        0.0481   197                      0.0472  2512242
   6542  2421        0.0490   208                      0.0472  2522570
   6556  2423        0.0479   276                      0.0472  2531510
   6575  2430    infeasible                            0.0472  2542580
   6615  2448        0.0479   255                      0.0472  2552221
Elapsed time = 453.72 sec. (1087178.41 ticks, tree = 4.66 MB, solutions = 0)
   6634  2451        0.0479   218                      0.0472  2563076
   6648  2457        0.0478   240                      0.0472  2578109
   6670  2467        0.0487   174                      0.0472  2590616
   6694  2469        0.0477   205                      0.0472  2598605
   6704  2473        0.0480   240                      0.0472  2605151
   6720  2475        0.0472   172                      0.0472  2612758
   6752  2497        0.0491   160                      0.0472  2626997
   6782  2517        0.0484   143                      0.0472  2632680
   6816  2545        0.0474   222                      0.0472  2641582
   6826  2551        0.0481   219                      0.0472  2649005
Elapsed time = 473.00 sec. (1132463.56 ticks, tree = 4.83 MB, solutions = 0)
   6858  2575        0.0490   158                      0.0472  2665171
   6903  2600        0.0472   185                      0.0472  2674082
   6938  2619        0.0489   202                      0.0472  2689288
   6963  2638        0.0472   280                      0.0472  2701185
   6973  2638    infeasible                            0.0472  2717269
   6989  2638        0.0477   232                      0.0472  2728952
   7002  2645        0.0477   278                      0.0472  2737409
   7015  2654        0.0472   220                      0.0472  2751655
   7048  2665    infeasible                            0.0472  2765927
   7062  2671        0.0489   195                      0.0472  2780556
Elapsed time = 491.77 sec. (1175670.23 ticks, tree = 5.03 MB, solutions = 0)
   7090  2679        0.0483   227                      0.0473  2799968
   7097  2680        0.0473   214                      0.0473  2809095
   7122  2693        0.0476   230                      0.0473  2830198
   7172  2713        0.0481   158                      0.0473  2839903
   7225  2750    infeasible                            0.0473  2849154
   7240  2753        0.0478   179                      0.0473  2856550
   7251  2758        0.0478   206                      0.0473  2863173
   7266  2763        0.0479   214                      0.0473  2874167
   7282  2771        0.0488   172                      0.0473  2887135
   7290  2771        0.0477   219                      0.0473  2897473
Elapsed time = 509.92 sec. (1217900.15 ticks, tree = 5.16 MB, solutions = 0)
   7307  2776        0.0488   191                      0.0473  2908951
   7311  2776        0.0481   233                      0.0473  2920592
   7319  2778        0.0483   235                      0.0473  2936858
   7343  2794        0.0489   211                      0.0473  2943595
   7359  2794        0.0478   243                      0.0473  2952274
   7399  2814        0.0489   158                      0.0473  2965226
   7435  2844        0.0475   225                      0.0473  2973799
   7446  2849        0.0490   218                      0.0473  2985860
   7473  2850    infeasible                            0.0473  2989950
   7530  2895        0.0478   235                      0.0473  3003918
Elapsed time = 531.28 sec. (1268650.90 ticks, tree = 5.37 MB, solutions = 0)
   7559  2906    infeasible                            0.0473  3012725
   7589  2914    infeasible                            0.0473  3026808
   7611  2924        0.0479   192                      0.0473  3039605
   7639  2932        0.0476   227                      0.0473  3051559
   7666  2937        0.0477   182                      0.0473  3065014
   7682  2945        0.0481   198                      0.0473  3080202
   7696  2951        0.0483   248                      0.0473  3096256
   7715  2960        0.0473   226                      0.0473  3107000
   7744  2983        0.0490   143                      0.0473  3120938
   7784  3015        0.0489   203                      0.0473  3133823
Elapsed time = 550.08 sec. (1312431.69 ticks, tree = 5.57 MB, solutions = 0)
   7817  3026        0.0479   272                      0.0473  3156227
   7863  3066        0.0490   179                      0.0473  3170127
   7891  3082        0.0484   216                      0.0473  3182949
   7897  3084        0.0477   261                      0.0473  3196425
   7904  3087        0.0484   225                      0.0474  3204023
   7942  3109        0.0485   185                      0.0474  3216705
   7981  3126        0.0483   263                      0.0474  3225638
   7991  3124    infeasible                            0.0474  3241413
   7994  3127        0.0479   234                      0.0474  3255225
   8017  3148        0.0487   129                      0.0474  3270366
Elapsed time = 570.30 sec. (1358632.71 ticks, tree = 5.84 MB, solutions = 0)
   8058  3165        0.0476   244                      0.0474  3288613
   8107  3200    infeasible                            0.0474  3298441
   8120  3203        0.0480   258                      0.0474  3312667
   8129  3204        0.0474   269                      0.0474  3320948
   8151  3216        0.0481   246                      0.0474  3335428
   8198  3233        0.0484   242                      0.0474  3347838
   8225  3238        0.0479   228                      0.0474  3359101
   8236  3241        0.0481   168                      0.0474  3369436
   8251  3244        0.0481   255                      0.0474  3377606
   8261  3250        0.0483   167                      0.0474  3386157
Elapsed time = 588.89 sec. (1402310.66 ticks, tree = 6.15 MB, solutions = 0)
   8293  3274    infeasible                            0.0474  3398936
   8304  3279        0.0486   193                      0.0474  3412675
   8340  3304    infeasible                            0.0474  3426933
   8364  3310        0.0486   181                      0.0474  3439016
   8377  3311        0.0491   184                      0.0474  3454313
   8412  3324        0.0478   242                      0.0474  3463424

GUB cover cuts applied:  6
Cover cuts applied:  119
Implied bound cuts applied:  81
Flow cuts applied:  14
Mixed integer rounding cuts applied:  220
Zero-half cuts applied:  33
Lift and project cuts applied:  35
Gomory fractional cuts applied:  20

Root node processing (before b&c):
  Real time             =    0.91 sec. (2357.51 ticks)
Sequential b&c:
  Real time             =  599.11 sec. (1425822.21 ticks)
                          ------------
Total (root+branch&cut) =  600.02 sec. (1428179.72 ticks)


MIP - Time limit exceeded, no integer solution.
Current MIP best bound =  4.7419734917e-02 (gap is infinite)
Solution time =  600.02 sec.  Iterations = 3465354  Nodes = 8419 (3326)
Deterministic time = 1428179.73 ticks  (2380.24 ticks/sec)

CPLEX> CPLEX Error  1217: No solution exists.
No file written.
CPLEX>