
Gurobi 13.0.2 (win64) logging started Fri Jul 24 08:35:32 2026

Set parameter LogFile to value "E:\codes\ExactEBRP\results\gf_c0_mechanism_transfer_c5_round30\runs\stage2__high_imbalance_seed4201__c4_candidate__300s\native.log"
Set parameter Threads to value 1
Set parameter Presolve to value -1
Set parameter Seed to value 0
Set parameter MIPGap to value 0
Set parameter MIPGapAbs to value 0
Warning: unknown variable 'r_max' in bounds section (line 13939)
Warning: unknown variable 'r_min' in bounds section (line 13940)
Read LP format model from file E:\codes\ExactEBRP\results\gf_c0_mechanism_transfer_c5_round30\runs\stage2__high_imbalance_seed4201__c4_candidate__300s\external\models\L0.lp
Reading time = 0.02 seconds
obj: 11902 rows, 3374 columns, 67101 nonzeros
Set parameter TimeLimit to value 278.36485
Warning: unknown variable 'r_max' in bounds section (line 13939)
Warning: unknown variable 'r_min' in bounds section (line 13940)
Read LP format model from file E:\codes\ExactEBRP\results\gf_c0_mechanism_transfer_c5_round30\runs\stage2__high_imbalance_seed4201__c4_candidate__300s\external\models\L1.lp
Reading time = 0.02 seconds
obj: 11902 rows, 3374 columns, 67341 nonzeros
Set parameter TimeLimit to value 278.1618014
Warning: unknown variable 'r_max' in bounds section (line 13939)
Warning: unknown variable 'r_min' in bounds section (line 13940)
Read LP format model from file E:\codes\ExactEBRP\results\gf_c0_mechanism_transfer_c5_round30\runs\stage2__high_imbalance_seed4201__c4_candidate__300s\external\models\L1.0.lp
Reading time = 0.02 seconds
obj: 11902 rows, 3374 columns, 67341 nonzeros
Set parameter TimeLimit to value 277.7126207
Warning: unknown variable 'r_max' in bounds section (line 13939)
Warning: unknown variable 'r_min' in bounds section (line 13940)
Read LP format model from file E:\codes\ExactEBRP\results\gf_c0_mechanism_transfer_c5_round30\runs\stage2__high_imbalance_seed4201__c4_candidate__300s\external\models\L1.1.lp
Reading time = 0.02 seconds
obj: 11902 rows, 3374 columns, 67341 nonzeros
Set parameter TimeLimit to value 277.5073583
Warning: unknown variable 'r_max' in bounds section (line 13939)
Warning: unknown variable 'r_min' in bounds section (line 13940)
Read LP format model from file E:\codes\ExactEBRP\results\gf_c0_mechanism_transfer_c5_round30\runs\stage2__high_imbalance_seed4201__c4_candidate__300s\external\models\L2.lp
Reading time = 0.02 seconds
obj: 11902 rows, 3374 columns, 67341 nonzeros
Set parameter TimeLimit to value 277.063737
Warning: unknown variable 'r_max' in bounds section (line 13939)
Warning: unknown variable 'r_min' in bounds section (line 13940)
Read LP format model from file E:\codes\ExactEBRP\results\gf_c0_mechanism_transfer_c5_round30\runs\stage2__high_imbalance_seed4201__c4_candidate__300s\external\models\L2.0.lp
Reading time = 0.02 seconds
obj: 11902 rows, 3374 columns, 67341 nonzeros
Set parameter TimeLimit to value 276.6844571
Warning: unknown variable 'r_max' in bounds section (line 13939)
Warning: unknown variable 'r_min' in bounds section (line 13940)
Read LP format model from file E:\codes\ExactEBRP\results\gf_c0_mechanism_transfer_c5_round30\runs\stage2__high_imbalance_seed4201__c4_candidate__300s\external\models\L2.1.lp
Reading time = 0.02 seconds
obj: 11902 rows, 3374 columns, 67341 nonzeros
Set parameter TimeLimit to value 276.2581514
Warning: unknown variable 'r_max' in bounds section (line 13939)
Warning: unknown variable 'r_min' in bounds section (line 13940)
Read LP format model from file E:\codes\ExactEBRP\results\gf_c0_mechanism_transfer_c5_round30\runs\stage2__high_imbalance_seed4201__c4_candidate__300s\external\models\L3.lp
Reading time = 0.02 seconds
obj: 11902 rows, 3374 columns, 66961 nonzeros
Set parameter TimeLimit to value 275.9045622
Warning: unknown variable 'r_max' in bounds section (line 13939)
Warning: unknown variable 'r_min' in bounds section (line 13940)
Read LP format model from file E:\codes\ExactEBRP\results\gf_c0_mechanism_transfer_c5_round30\runs\stage2__high_imbalance_seed4201__c4_candidate__300s\external\models\L2.0.0.lp
Reading time = 0.02 seconds
obj: 11902 rows, 3374 columns, 67341 nonzeros
Set parameter TimeLimit to value 275.6880254
Warning: unknown variable 'r_max' in bounds section (line 13939)
Warning: unknown variable 'r_min' in bounds section (line 13940)
Read LP format model from file E:\codes\ExactEBRP\results\gf_c0_mechanism_transfer_c5_round30\runs\stage2__high_imbalance_seed4201__c4_candidate__300s\external\models\L2.0.1.lp
Reading time = 0.02 seconds
obj: 11902 rows, 3374 columns, 67341 nonzeros
Set parameter TimeLimit to value 275.2934726
Warning: unknown variable 'r_max' in bounds section (line 13939)
Warning: unknown variable 'r_min' in bounds section (line 13940)
Read LP format model from file E:\codes\ExactEBRP\results\gf_c0_mechanism_transfer_c5_round30\runs\stage2__high_imbalance_seed4201__c4_candidate__300s\external\models\L2.0.0.0.lp
Reading time = 0.02 seconds
obj: 11902 rows, 3374 columns, 67341 nonzeros
Set parameter TimeLimit to value 274.9627906
Warning: unknown variable 'r_max' in bounds section (line 13939)
Warning: unknown variable 'r_min' in bounds section (line 13940)
Read LP format model from file E:\codes\ExactEBRP\results\gf_c0_mechanism_transfer_c5_round30\runs\stage2__high_imbalance_seed4201__c4_candidate__300s\external\models\L2.0.0.1.lp
Reading time = 0.02 seconds
obj: 11902 rows, 3374 columns, 67341 nonzeros
Set parameter TimeLimit to value 274.5786018
Warning: unknown variable 'r_max' in bounds section (line 13939)
Warning: unknown variable 'r_min' in bounds section (line 13940)
Read LP format model from file E:\codes\ExactEBRP\results\gf_c0_mechanism_transfer_c5_round30\runs\stage2__high_imbalance_seed4201__c4_candidate__300s\external\models\L2.0.0.0.0.lp
Reading time = 0.02 seconds
obj: 11902 rows, 3374 columns, 67341 nonzeros
Set parameter TimeLimit to value 274.1941534
Warning: unknown variable 'r_max' in bounds section (line 13939)
Warning: unknown variable 'r_min' in bounds section (line 13940)
Read LP format model from file E:\codes\ExactEBRP\results\gf_c0_mechanism_transfer_c5_round30\runs\stage2__high_imbalance_seed4201__c4_candidate__300s\external\models\L2.0.0.0.1.lp
Reading time = 0.02 seconds
obj: 11902 rows, 3374 columns, 67341 nonzeros
Set parameter TimeLimit to value 273.7663144
Warning: unknown variable 'r_max' in bounds section (line 13939)
Warning: unknown variable 'r_min' in bounds section (line 13940)
Read LP format model from file E:\codes\ExactEBRP\results\gf_c0_mechanism_transfer_c5_round30\runs\stage2__high_imbalance_seed4201__c4_candidate__300s\external\models\L2.0.0.0.1.0.lp
Reading time = 0.02 seconds
obj: 11902 rows, 3374 columns, 67341 nonzeros
Set parameter TimeLimit to value 273.3379371
Warning: unknown variable 'r_max' in bounds section (line 13939)
Warning: unknown variable 'r_min' in bounds section (line 13940)
Read LP format model from file E:\codes\ExactEBRP\results\gf_c0_mechanism_transfer_c5_round30\runs\stage2__high_imbalance_seed4201__c4_candidate__300s\external\models\L2.0.0.0.1.1.lp
Reading time = 0.02 seconds
obj: 11902 rows, 3374 columns, 67341 nonzeros
Set parameter TimeLimit to value 272.9328055
Warning: unknown variable 'r_max' in bounds section (line 13939)
Warning: unknown variable 'r_min' in bounds section (line 13940)
Read LP format model from file E:\codes\ExactEBRP\results\gf_c0_mechanism_transfer_c5_round30\runs\stage2__high_imbalance_seed4201__c4_candidate__300s\external\models\L2.0.0.1.0.lp
Reading time = 0.02 seconds
obj: 11902 rows, 3374 columns, 67341 nonzeros
Set parameter TimeLimit to value 272.5356216
Warning: unknown variable 'r_max' in bounds section (line 13939)
Warning: unknown variable 'r_min' in bounds section (line 13940)
Read LP format model from file E:\codes\ExactEBRP\results\gf_c0_mechanism_transfer_c5_round30\runs\stage2__high_imbalance_seed4201__c4_candidate__300s\external\models\L2.0.0.1.1.lp
Reading time = 0.02 seconds
obj: 11902 rows, 3374 columns, 67341 nonzeros
Set parameter TimeLimit to value 272.0732422
Warning: unknown variable 'r_max' in bounds section (line 13939)
Warning: unknown variable 'r_min' in bounds section (line 13940)
Read LP format model from file E:\codes\ExactEBRP\results\gf_c0_mechanism_transfer_c5_round30\runs\stage2__high_imbalance_seed4201__c4_candidate__300s\external\models\L2.0.0.1.0.0.lp
Reading time = 0.02 seconds
obj: 11902 rows, 3374 columns, 67341 nonzeros
Set parameter TimeLimit to value 271.7001715
Warning: unknown variable 'r_max' in bounds section (line 13939)
Warning: unknown variable 'r_min' in bounds section (line 13940)
Read LP format model from file E:\codes\ExactEBRP\results\gf_c0_mechanism_transfer_c5_round30\runs\stage2__high_imbalance_seed4201__c4_candidate__300s\external\models\L2.0.0.1.0.1.lp
Reading time = 0.02 seconds
obj: 11902 rows, 3374 columns, 67341 nonzeros
Set parameter TimeLimit to value 271.2747026
Warning: unknown variable 'r_max' in bounds section (line 13939)
Warning: unknown variable 'r_min' in bounds section (line 13940)
Read LP format model from file E:\codes\ExactEBRP\results\gf_c0_mechanism_transfer_c5_round30\runs\stage2__high_imbalance_seed4201__c4_candidate__300s\external\models\L2.0.0.0.1.1.0.lp
Reading time = 0.02 seconds
obj: 11902 rows, 3374 columns, 67341 nonzeros
Set parameter TimeLimit to value 270.8740162
Warning: unknown variable 'r_max' in bounds section (line 13939)
Warning: unknown variable 'r_min' in bounds section (line 13940)
Read LP format model from file E:\codes\ExactEBRP\results\gf_c0_mechanism_transfer_c5_round30\runs\stage2__high_imbalance_seed4201__c4_candidate__300s\external\models\L2.0.0.0.1.1.1.lp
Reading time = 0.02 seconds
obj: 11902 rows, 3374 columns, 67341 nonzeros
Set parameter TimeLimit to value 270.4795645
Warning: unknown variable 'r_max' in bounds section (line 13939)
Warning: unknown variable 'r_min' in bounds section (line 13940)
Read LP format model from file E:\codes\ExactEBRP\results\gf_c0_mechanism_transfer_c5_round30\runs\stage2__high_imbalance_seed4201__c4_candidate__300s\external\models\L2.0.0.1.0.0.0.lp
Reading time = 0.02 seconds
obj: 11902 rows, 3374 columns, 67341 nonzeros
Set parameter TimeLimit to value 2.7009323870000003e+02
Warning: unknown variable 'r_max' in bounds section (line 13939)
Warning: unknown variable 'r_min' in bounds section (line 13940)
Read LP format model from file E:\codes\ExactEBRP\results\gf_c0_mechanism_transfer_c5_round30\runs\stage2__high_imbalance_seed4201__c4_candidate__300s\external\models\L2.0.0.1.0.0.1.lp
Reading time = 0.02 seconds
obj: 11902 rows, 3374 columns, 67341 nonzeros
Set parameter TimeLimit to value 269.6771599
Warning: unknown variable 'r_max' in bounds section (line 13939)
Warning: unknown variable 'r_min' in bounds section (line 13940)
Read LP format model from file E:\codes\ExactEBRP\results\gf_c0_mechanism_transfer_c5_round30\runs\stage2__high_imbalance_seed4201__c4_candidate__300s\external\models\L2.0.0.0.1.0.0.lp
Reading time = 0.02 seconds
obj: 11902 rows, 3374 columns, 67341 nonzeros
Set parameter TimeLimit to value 269.2601715
Warning: unknown variable 'r_max' in bounds section (line 13939)
Warning: unknown variable 'r_min' in bounds section (line 13940)
Read LP format model from file E:\codes\ExactEBRP\results\gf_c0_mechanism_transfer_c5_round30\runs\stage2__high_imbalance_seed4201__c4_candidate__300s\external\models\L2.0.0.0.1.0.1.lp
Reading time = 0.02 seconds
obj: 11902 rows, 3374 columns, 67341 nonzeros
Set parameter TimeLimit to value 268.8376986
Warning: unknown variable 'r_max' in bounds section (line 13939)
Warning: unknown variable 'r_min' in bounds section (line 13940)
Read LP format model from file E:\codes\ExactEBRP\results\gf_c0_mechanism_transfer_c5_round30\runs\stage2__high_imbalance_seed4201__c4_candidate__300s\external\models\L2.0.0.0.0.0.lp
Reading time = 0.02 seconds
obj: 11902 rows, 3374 columns, 67341 nonzeros
Set parameter TimeLimit to value 268.4379738
Warning: unknown variable 'r_max' in bounds section (line 13939)
Warning: unknown variable 'r_min' in bounds section (line 13940)
Read LP format model from file E:\codes\ExactEBRP\results\gf_c0_mechanism_transfer_c5_round30\runs\stage2__high_imbalance_seed4201__c4_candidate__300s\external\models\L2.0.0.0.0.1.lp
Reading time = 0.02 seconds
obj: 11902 rows, 3374 columns, 67341 nonzeros
Set parameter TimeLimit to value 268.0303732
Warning: unknown variable 'r_max' in bounds section (line 13939)
Warning: unknown variable 'r_min' in bounds section (line 13940)
Read LP format model from file E:\codes\ExactEBRP\results\gf_c0_mechanism_transfer_c5_round30\runs\stage2__high_imbalance_seed4201__c4_candidate__300s\external\models\L2.0.0.0.1.1.1.0.lp
Reading time = 0.02 seconds
obj: 11902 rows, 3374 columns, 67341 nonzeros
Set parameter TimeLimit to value 267.5933867
Warning: unknown variable 'r_max' in bounds section (line 13939)
Warning: unknown variable 'r_min' in bounds section (line 13940)
Read LP format model from file E:\codes\ExactEBRP\results\gf_c0_mechanism_transfer_c5_round30\runs\stage2__high_imbalance_seed4201__c4_candidate__300s\external\models\L2.0.0.0.1.1.1.1.lp
Reading time = 0.02 seconds
obj: 11902 rows, 3374 columns, 67341 nonzeros
Set parameter TimeLimit to value 267.2024236
Warning: unknown variable 'r_max' in bounds section (line 13939)
Warning: unknown variable 'r_min' in bounds section (line 13940)
Read LP format model from file E:\codes\ExactEBRP\results\gf_c0_mechanism_transfer_c5_round30\runs\stage2__high_imbalance_seed4201__c4_candidate__300s\external\models\L2.0.0.1.0.0.0.0.lp
Reading time = 0.02 seconds
obj: 11902 rows, 3374 columns, 67341 nonzeros
Set parameter TimeLimit to value 266.7930362
Warning: unknown variable 'r_max' in bounds section (line 13939)
Warning: unknown variable 'r_min' in bounds section (line 13940)
Read LP format model from file E:\codes\ExactEBRP\results\gf_c0_mechanism_transfer_c5_round30\runs\stage2__high_imbalance_seed4201__c4_candidate__300s\external\models\L2.0.0.1.0.0.0.1.lp
Reading time = 0.02 seconds
obj: 11902 rows, 3374 columns, 67341 nonzeros
Set parameter TimeLimit to value 266.3947027
Warning: unknown variable 'r_max' in bounds section (line 13939)
Warning: unknown variable 'r_min' in bounds section (line 13940)
Read LP format model from file E:\codes\ExactEBRP\results\gf_c0_mechanism_transfer_c5_round30\runs\stage2__high_imbalance_seed4201__c4_candidate__300s\external\models\L2.0.0.0.1.1.0.0.lp
Reading time = 0.02 seconds
obj: 11902 rows, 3374 columns, 67341 nonzeros
Set parameter TimeLimit to value 265.9854211
Warning: unknown variable 'r_max' in bounds section (line 13939)
Warning: unknown variable 'r_min' in bounds section (line 13940)
Read LP format model from file E:\codes\ExactEBRP\results\gf_c0_mechanism_transfer_c5_round30\runs\stage2__high_imbalance_seed4201__c4_candidate__300s\external\models\L2.0.0.0.1.1.0.1.lp
Reading time = 0.02 seconds
obj: 11902 rows, 3374 columns, 67341 nonzeros
Set parameter TimeLimit to value 265.5775956
Warning: unknown variable 'r_max' in bounds section (line 13939)
Warning: unknown variable 'r_min' in bounds section (line 13940)
Read LP format model from file E:\codes\ExactEBRP\results\gf_c0_mechanism_transfer_c5_round30\runs\stage2__high_imbalance_seed4201__c4_candidate__300s\external\models\L2.0.0.1.0.1.0.lp
Reading time = 0.02 seconds
obj: 11902 rows, 3374 columns, 67341 nonzeros
Set parameter TimeLimit to value 265.1723352
Warning: unknown variable 'r_max' in bounds section (line 13939)
Warning: unknown variable 'r_min' in bounds section (line 13940)
Read LP format model from file E:\codes\ExactEBRP\results\gf_c0_mechanism_transfer_c5_round30\runs\stage2__high_imbalance_seed4201__c4_candidate__300s\external\models\L2.0.0.1.0.1.1.lp
Reading time = 0.02 seconds
obj: 11902 rows, 3374 columns, 67341 nonzeros
Set parameter TimeLimit to value 264.7715295
Warning: unknown variable 'r_max' in bounds section (line 13939)
Warning: unknown variable 'r_min' in bounds section (line 13940)
Read LP format model from file E:\codes\ExactEBRP\results\gf_c0_mechanism_transfer_c5_round30\runs\stage2__high_imbalance_seed4201__c4_candidate__300s\external\models\L2.0.0.1.0.0.1.0.lp
Reading time = 0.02 seconds
obj: 11902 rows, 3374 columns, 67341 nonzeros
Set parameter TimeLimit to value 264.3787255
Warning: unknown variable 'r_max' in bounds section (line 13939)
Warning: unknown variable 'r_min' in bounds section (line 13940)
Read LP format model from file E:\codes\ExactEBRP\results\gf_c0_mechanism_transfer_c5_round30\runs\stage2__high_imbalance_seed4201__c4_candidate__300s\external\models\L2.0.0.1.0.0.1.1.lp
Reading time = 0.02 seconds
obj: 11902 rows, 3374 columns, 67341 nonzeros
Set parameter TimeLimit to value 263.9988853
Warning: unknown variable 'r_max' in bounds section (line 13939)
Warning: unknown variable 'r_min' in bounds section (line 13940)
Read LP format model from file E:\codes\ExactEBRP\results\gf_c0_mechanism_transfer_c5_round30\runs\stage2__high_imbalance_seed4201__c4_candidate__300s\external\models\L2.0.0.0.1.1.1.1.0.lp
Reading time = 0.02 seconds
obj: 11902 rows, 3374 columns, 67341 nonzeros
Set parameter TimeLimit to value 263.5830703
Warning: unknown variable 'r_max' in bounds section (line 13939)
Warning: unknown variable 'r_min' in bounds section (line 13940)
Read LP format model from file E:\codes\ExactEBRP\results\gf_c0_mechanism_transfer_c5_round30\runs\stage2__high_imbalance_seed4201__c4_candidate__300s\external\models\L2.0.0.0.1.1.1.1.1.lp
Reading time = 0.02 seconds
obj: 11902 rows, 3374 columns, 67341 nonzeros
Set parameter TimeLimit to value 263.1976148
Warning: unknown variable 'r_max' in bounds section (line 13939)
Warning: unknown variable 'r_min' in bounds section (line 13940)
Read LP format model from file E:\codes\ExactEBRP\results\gf_c0_mechanism_transfer_c5_round30\runs\stage2__high_imbalance_seed4201__c4_candidate__300s\external\models\L2.0.0.1.0.0.0.0.0.lp
Reading time = 0.02 seconds
obj: 11902 rows, 3374 columns, 67341 nonzeros
Set parameter TimeLimit to value 262.7928408
Warning: unknown variable 'r_max' in bounds section (line 13939)
Warning: unknown variable 'r_min' in bounds section (line 13940)
Read LP format model from file E:\codes\ExactEBRP\results\gf_c0_mechanism_transfer_c5_round30\runs\stage2__high_imbalance_seed4201__c4_candidate__300s\external\models\L2.0.0.1.0.0.0.0.1.lp
Reading time = 0.02 seconds
obj: 11902 rows, 3374 columns, 67341 nonzeros
Set parameter TimeLimit to value 262.4124947
Warning: unknown variable 'r_max' in bounds section (line 13939)
Warning: unknown variable 'r_min' in bounds section (line 13940)
Read LP format model from file E:\codes\ExactEBRP\results\gf_c0_mechanism_transfer_c5_round30\runs\stage2__high_imbalance_seed4201__c4_candidate__300s\external\models\L2.0.0.0.1.0.1.0.lp
Reading time = 0.02 seconds
obj: 11902 rows, 3374 columns, 67341 nonzeros
Set parameter TimeLimit to value 262.0363893
Warning: unknown variable 'r_max' in bounds section (line 13939)
Warning: unknown variable 'r_min' in bounds section (line 13940)
Read LP format model from file E:\codes\ExactEBRP\results\gf_c0_mechanism_transfer_c5_round30\runs\stage2__high_imbalance_seed4201__c4_candidate__300s\external\models\L2.0.0.0.1.0.1.1.lp
Reading time = 0.02 seconds
obj: 11902 rows, 3374 columns, 67341 nonzeros
Set parameter TimeLimit to value 261.6096308
Warning: unknown variable 'r_max' in bounds section (line 13939)
Warning: unknown variable 'r_min' in bounds section (line 13940)
Read LP format model from file E:\codes\ExactEBRP\results\gf_c0_mechanism_transfer_c5_round30\runs\stage2__high_imbalance_seed4201__c4_candidate__300s\external\models\L2.0.0.0.1.1.1.0.0.lp
Reading time = 0.02 seconds
obj: 11902 rows, 3374 columns, 67341 nonzeros
Set parameter TimeLimit to value 261.2177635
Warning: unknown variable 'r_max' in bounds section (line 13939)
Warning: unknown variable 'r_min' in bounds section (line 13940)
Read LP format model from file E:\codes\ExactEBRP\results\gf_c0_mechanism_transfer_c5_round30\runs\stage2__high_imbalance_seed4201__c4_candidate__300s\external\models\L2.0.0.0.1.1.1.0.1.lp
Reading time = 0.02 seconds
obj: 11902 rows, 3374 columns, 67341 nonzeros
Set parameter TimeLimit to value 260.8486694
Warning: unknown variable 'r_max' in bounds section (line 13939)
Warning: unknown variable 'r_min' in bounds section (line 13940)
Read LP format model from file E:\codes\ExactEBRP\results\gf_c0_mechanism_transfer_c5_round30\runs\stage2__high_imbalance_seed4201__c4_candidate__300s\external\models\L2.0.0.1.0.0.0.1.0.lp
Reading time = 0.02 seconds
obj: 11902 rows, 3374 columns, 67341 nonzeros
Set parameter TimeLimit to value 260.4419373
Warning: unknown variable 'r_max' in bounds section (line 13939)
Warning: unknown variable 'r_min' in bounds section (line 13940)
Read LP format model from file E:\codes\ExactEBRP\results\gf_c0_mechanism_transfer_c5_round30\runs\stage2__high_imbalance_seed4201__c4_candidate__300s\external\models\L2.0.0.1.0.0.0.1.1.lp
Reading time = 0.02 seconds
obj: 11902 rows, 3374 columns, 67341 nonzeros
Set parameter TimeLimit to value 260.0581775
Warning: unknown variable 'r_max' in bounds section (line 13939)
Warning: unknown variable 'r_min' in bounds section (line 13940)
Read LP format model from file E:\codes\ExactEBRP\results\gf_c0_mechanism_transfer_c5_round30\runs\stage2__high_imbalance_seed4201__c4_candidate__300s\external\models\L2.0.0.0.1.1.0.1.0.lp
Reading time = 0.02 seconds
obj: 11902 rows, 3374 columns, 67341 nonzeros
Set parameter TimeLimit to value 259.6503419
Warning: unknown variable 'r_max' in bounds section (line 13939)
Warning: unknown variable 'r_min' in bounds section (line 13940)
Read LP format model from file E:\codes\ExactEBRP\results\gf_c0_mechanism_transfer_c5_round30\runs\stage2__high_imbalance_seed4201__c4_candidate__300s\external\models\L2.0.0.0.1.1.0.1.1.lp
Reading time = 0.02 seconds
obj: 11902 rows, 3374 columns, 67341 nonzeros
Set parameter TimeLimit to value 259.2388461
Warning: unknown variable 'r_max' in bounds section (line 13939)
Warning: unknown variable 'r_min' in bounds section (line 13940)
Read LP format model from file E:\codes\ExactEBRP\results\gf_c0_mechanism_transfer_c5_round30\runs\stage2__high_imbalance_seed4201__c4_candidate__300s\external\models\L2.0.0.1.0.1.0.0.lp
Reading time = 0.02 seconds
obj: 11902 rows, 3374 columns, 67341 nonzeros
Set parameter TimeLimit to value 1.9078407000000084e+00
Warning: unknown variable 'r_max' in bounds section (line 13939)
Warning: unknown variable 'r_min' in bounds section (line 13940)
Read LP format model from file E:\codes\ExactEBRP\results\gf_c0_mechanism_transfer_c5_round30\runs\stage2__high_imbalance_seed4201__c4_candidate__300s\external\models\L2.0.0.1.0.1.0.1.lp
Reading time = 0.02 seconds
obj: 11902 rows, 3374 columns, 67341 nonzeros
Set parameter TimeLimit to value 1.5078765999999746e+00
