
Gurobi 13.0.2 (win64) logging started Thu Jul 23 12:23:48 2026

Set parameter LogFile to value "E:\codes\ExactEBRP\results\gf_gurobi_performance_recovery_round29\development\high_imbalance_seed3202__c3_replica__60s\native.log"
Set parameter Threads to value 1
Set parameter Presolve to value -1
Set parameter Seed to value 0
Set parameter MIPGap to value 0
Set parameter MIPGapAbs to value 0
Warning: unknown variable 'r_max' in bounds section (line 13930)
Warning: unknown variable 'r_min' in bounds section (line 13931)
Read LP format model from file E:\codes\ExactEBRP\results\gf_gurobi_performance_recovery_round29\development\high_imbalance_seed3202__c3_replica__60s\external\models\R.lp
Reading time = 0.02 seconds
obj: 11895 rows, 3372 columns, 66704 nonzeros
Set parameter TimeLimit to value 21.7138707
Warning: unknown variable 'r_max' in bounds section (line 13930)
Warning: unknown variable 'r_min' in bounds section (line 13931)
Read LP format model from file E:\codes\ExactEBRP\results\gf_gurobi_performance_recovery_round29\development\high_imbalance_seed3202__c3_replica__60s\external\models\R.0.lp
Reading time = 0.02 seconds
obj: 11895 rows, 3372 columns, 67084 nonzeros
Set parameter TimeLimit to value 21.2905868
Warning: unknown variable 'r_max' in bounds section (line 13930)
Warning: unknown variable 'r_min' in bounds section (line 13931)
Read LP format model from file E:\codes\ExactEBRP\results\gf_gurobi_performance_recovery_round29\development\high_imbalance_seed3202__c3_replica__60s\external\models\R.1.lp
Reading time = 0.02 seconds
obj: 11895 rows, 3372 columns, 66942 nonzeros
Set parameter TimeLimit to value 2.0852636500000003e+01
Warning: unknown variable 'r_max' in bounds section (line 13930)
Warning: unknown variable 'r_min' in bounds section (line 13931)
Read LP format model from file E:\codes\ExactEBRP\results\gf_gurobi_performance_recovery_round29\development\high_imbalance_seed3202__c3_replica__60s\external\models\R.0.0.lp
Reading time = 0.02 seconds
obj: 11895 rows, 3372 columns, 67084 nonzeros
Set parameter TimeLimit to value 2.0505571600000003e+01
Warning: unknown variable 'r_max' in bounds section (line 13930)
Warning: unknown variable 'r_min' in bounds section (line 13931)
Read LP format model from file E:\codes\ExactEBRP\results\gf_gurobi_performance_recovery_round29\development\high_imbalance_seed3202__c3_replica__60s\external\models\R.0.1.lp
Reading time = 0.02 seconds
obj: 11895 rows, 3372 columns, 67322 nonzeros
Set parameter TimeLimit to value 20.3006983
Warning: unknown variable 'r_max' in bounds section (line 13930)
Warning: unknown variable 'r_min' in bounds section (line 13931)
Read LP format model from file E:\codes\ExactEBRP\results\gf_gurobi_performance_recovery_round29\development\high_imbalance_seed3202__c3_replica__60s\external\models\R.1.0.lp
Reading time = 0.02 seconds
obj: 11895 rows, 3372 columns, 67322 nonzeros
Set parameter TimeLimit to value 1.9875561500000003e+01
Warning: unknown variable 'r_max' in bounds section (line 13930)
Warning: unknown variable 'r_min' in bounds section (line 13931)
Read LP format model from file E:\codes\ExactEBRP\results\gf_gurobi_performance_recovery_round29\development\high_imbalance_seed3202__c3_replica__60s\external\models\R.1.1.lp
Reading time = 0.02 seconds
obj: 11895 rows, 3372 columns, 66942 nonzeros
Set parameter TimeLimit to value 19.4864666
Warning: unknown variable 'r_max' in bounds section (line 13930)
Warning: unknown variable 'r_min' in bounds section (line 13931)
Read LP format model from file E:\codes\ExactEBRP\results\gf_gurobi_performance_recovery_round29\development\high_imbalance_seed3202__c3_replica__60s\external\models\R.1.0.1.lp
Reading time = 0.02 seconds
obj: 11895 rows, 3372 columns, 67322 nonzeros
Set parameter TimeLimit to value 19.0817724
Warning: unknown variable 'r_max' in bounds section (line 13930)
Warning: unknown variable 'r_min' in bounds section (line 13931)
Read LP format model from file E:\codes\ExactEBRP\results\gf_gurobi_performance_recovery_round29\development\high_imbalance_seed3202__c3_replica__60s\external\models\R.1.0.0.lp
Reading time = 0.02 seconds
obj: 11895 rows, 3372 columns, 67322 nonzeros
Set parameter TimeLimit to value 1.8768933599999997e+01
Warning: unknown variable 'r_max' in bounds section (line 13930)
Warning: unknown variable 'r_min' in bounds section (line 13931)
Read LP format model from file E:\codes\ExactEBRP\results\gf_gurobi_performance_recovery_round29\development\high_imbalance_seed3202__c3_replica__60s\external\models\R.1.0.0.1.lp
Reading time = 0.02 seconds
obj: 11895 rows, 3372 columns, 67322 nonzeros
Set parameter TimeLimit to value 1.8386645100000003e+01
Warning: unknown variable 'r_max' in bounds section (line 13930)
Warning: unknown variable 'r_min' in bounds section (line 13931)
Read LP format model from file E:\codes\ExactEBRP\results\gf_gurobi_performance_recovery_round29\development\high_imbalance_seed3202__c3_replica__60s\external\models\R.1.0.0.0.lp
Reading time = 0.02 seconds
obj: 11895 rows, 3372 columns, 67322 nonzeros
Set parameter TimeLimit to value 18.0614633
Warning: unknown variable 'r_max' in bounds section (line 13930)
Warning: unknown variable 'r_min' in bounds section (line 13931)
Read LP format model from file E:\codes\ExactEBRP\results\gf_gurobi_performance_recovery_round29\development\high_imbalance_seed3202__c3_replica__60s\external\models\R.1.0.0.0.0.lp
Reading time = 0.02 seconds
obj: 11895 rows, 3372 columns, 67322 nonzeros
Set parameter TimeLimit to value 1.7641156799999997e+01
Warning: unknown variable 'r_max' in bounds section (line 13930)
Warning: unknown variable 'r_min' in bounds section (line 13931)
Read LP format model from file E:\codes\ExactEBRP\results\gf_gurobi_performance_recovery_round29\development\high_imbalance_seed3202__c3_replica__60s\external\models\R.1.0.0.0.1.lp
Reading time = 0.02 seconds
obj: 11895 rows, 3372 columns, 67322 nonzeros
Set parameter TimeLimit to value 1.7206975999999997e+01
Warning: unknown variable 'r_max' in bounds section (line 13930)
Warning: unknown variable 'r_min' in bounds section (line 13931)
Read LP format model from file E:\codes\ExactEBRP\results\gf_gurobi_performance_recovery_round29\development\high_imbalance_seed3202__c3_replica__60s\external\models\R.1.0.0.0.0.0.lp
Reading time = 0.02 seconds
obj: 11895 rows, 3372 columns, 67322 nonzeros
Set parameter TimeLimit to value 16.8346576
Warning: unknown variable 'r_max' in bounds section (line 13930)
Warning: unknown variable 'r_min' in bounds section (line 13931)
Read LP format model from file E:\codes\ExactEBRP\results\gf_gurobi_performance_recovery_round29\development\high_imbalance_seed3202__c3_replica__60s\external\models\R.1.0.0.0.0.1.lp
Reading time = 0.02 seconds
obj: 11895 rows, 3372 columns, 67322 nonzeros
Set parameter TimeLimit to value 16.4640743
Warning: unknown variable 'r_max' in bounds section (line 13930)
Warning: unknown variable 'r_min' in bounds section (line 13931)
Read LP format model from file E:\codes\ExactEBRP\results\gf_gurobi_performance_recovery_round29\development\high_imbalance_seed3202__c3_replica__60s\external\models\R.1.0.0.0.0.1.0.lp
Reading time = 0.02 seconds
obj: 11895 rows, 3372 columns, 67322 nonzeros
Set parameter TimeLimit to value 1.6028575099999998e+01
Warning: unknown variable 'r_max' in bounds section (line 13930)
Warning: unknown variable 'r_min' in bounds section (line 13931)
Read LP format model from file E:\codes\ExactEBRP\results\gf_gurobi_performance_recovery_round29\development\high_imbalance_seed3202__c3_replica__60s\external\models\R.1.0.0.0.0.1.1.lp
Reading time = 0.02 seconds
obj: 11895 rows, 3372 columns, 67322 nonzeros
Set parameter TimeLimit to value 1.5628398500000003e+01
Warning: unknown variable 'r_max' in bounds section (line 13930)
Warning: unknown variable 'r_min' in bounds section (line 13931)
Read LP format model from file E:\codes\ExactEBRP\results\gf_gurobi_performance_recovery_round29\development\high_imbalance_seed3202__c3_replica__60s\external\models\R.1.0.0.0.1.0.lp
Reading time = 0.02 seconds
obj: 11895 rows, 3372 columns, 67322 nonzeros
Set parameter TimeLimit to value 1.5225348799999999e+01
Warning: unknown variable 'r_max' in bounds section (line 13930)
Warning: unknown variable 'r_min' in bounds section (line 13931)
Read LP format model from file E:\codes\ExactEBRP\results\gf_gurobi_performance_recovery_round29\development\high_imbalance_seed3202__c3_replica__60s\external\models\R.1.0.0.0.1.1.lp
Reading time = 0.02 seconds
obj: 11895 rows, 3372 columns, 67322 nonzeros
Set parameter TimeLimit to value 14.8323727
Warning: unknown variable 'r_max' in bounds section (line 13930)
Warning: unknown variable 'r_min' in bounds section (line 13931)
Read LP format model from file E:\codes\ExactEBRP\results\gf_gurobi_performance_recovery_round29\development\high_imbalance_seed3202__c3_replica__60s\external\models\R.1.0.0.0.0.1.1.1.lp
Reading time = 0.02 seconds
obj: 11895 rows, 3372 columns, 67322 nonzeros
Set parameter TimeLimit to value 1.4494708000000003e+01
Warning: unknown variable 'r_max' in bounds section (line 13930)
Warning: unknown variable 'r_min' in bounds section (line 13931)
Read LP format model from file E:\codes\ExactEBRP\results\gf_gurobi_performance_recovery_round29\development\high_imbalance_seed3202__c3_replica__60s\external\models\R.1.0.0.0.0.1.1.0.lp
Reading time = 0.02 seconds
obj: 11895 rows, 3372 columns, 67322 nonzeros
Set parameter TimeLimit to value 1.4097579699999997e+01
Warning: unknown variable 'r_max' in bounds section (line 13930)
Warning: unknown variable 'r_min' in bounds section (line 13931)
Read LP format model from file E:\codes\ExactEBRP\results\gf_gurobi_performance_recovery_round29\development\high_imbalance_seed3202__c3_replica__60s\external\models\R.1.0.0.0.1.0.0.lp
Reading time = 0.02 seconds
obj: 11895 rows, 3372 columns, 67322 nonzeros
Set parameter TimeLimit to value 1.3671056200000002e+01
Warning: unknown variable 'r_max' in bounds section (line 13930)
Warning: unknown variable 'r_min' in bounds section (line 13931)
Read LP format model from file E:\codes\ExactEBRP\results\gf_gurobi_performance_recovery_round29\development\high_imbalance_seed3202__c3_replica__60s\external\models\R.1.0.0.0.1.0.1.lp
Reading time = 0.02 seconds
obj: 11895 rows, 3372 columns, 67322 nonzeros
Set parameter TimeLimit to value 1.3277330399999997e+01
Warning: unknown variable 'r_max' in bounds section (line 13930)
Warning: unknown variable 'r_min' in bounds section (line 13931)
Read LP format model from file E:\codes\ExactEBRP\results\gf_gurobi_performance_recovery_round29\development\high_imbalance_seed3202__c3_replica__60s\external\models\R.1.0.0.0.0.1.0.1.lp
Reading time = 0.02 seconds
obj: 11895 rows, 3372 columns, 67322 nonzeros
Set parameter TimeLimit to value 12.8788311
Warning: unknown variable 'r_max' in bounds section (line 13930)
Warning: unknown variable 'r_min' in bounds section (line 13931)
Read LP format model from file E:\codes\ExactEBRP\results\gf_gurobi_performance_recovery_round29\development\high_imbalance_seed3202__c3_replica__60s\external\models\R.1.0.0.0.0.1.0.0.lp
Reading time = 0.02 seconds
obj: 11895 rows, 3372 columns, 67322 nonzeros
Set parameter TimeLimit to value 1.2458444299999996e+01
Warning: unknown variable 'r_max' in bounds section (line 13930)
Warning: unknown variable 'r_min' in bounds section (line 13931)
Read LP format model from file E:\codes\ExactEBRP\results\gf_gurobi_performance_recovery_round29\development\high_imbalance_seed3202__c3_replica__60s\external\models\R.1.0.0.0.1.0.0.0.lp
Reading time = 0.02 seconds
obj: 11895 rows, 3372 columns, 67322 nonzeros
Set parameter TimeLimit to value 1.2038984999999997e+01
Warning: unknown variable 'r_max' in bounds section (line 13930)
Warning: unknown variable 'r_min' in bounds section (line 13931)
Read LP format model from file E:\codes\ExactEBRP\results\gf_gurobi_performance_recovery_round29\development\high_imbalance_seed3202__c3_replica__60s\external\models\R.1.0.0.0.1.0.0.1.lp
Reading time = 0.02 seconds
obj: 11895 rows, 3372 columns, 67322 nonzeros
Set parameter TimeLimit to value 1.1657133799999997e+01
Warning: unknown variable 'r_max' in bounds section (line 13930)
Warning: unknown variable 'r_min' in bounds section (line 13931)
Read LP format model from file E:\codes\ExactEBRP\results\gf_gurobi_performance_recovery_round29\development\high_imbalance_seed3202__c3_replica__60s\external\models\R.1.0.0.0.0.1.1.0.0.lp
Reading time = 0.02 seconds
obj: 11895 rows, 3372 columns, 67322 nonzeros
Set parameter TimeLimit to value 1.1269522299999998e+01
Warning: unknown variable 'r_max' in bounds section (line 13930)
Warning: unknown variable 'r_min' in bounds section (line 13931)
Read LP format model from file E:\codes\ExactEBRP\results\gf_gurobi_performance_recovery_round29\development\high_imbalance_seed3202__c3_replica__60s\external\models\R.1.0.0.0.0.1.1.0.1.lp
Reading time = 0.02 seconds
obj: 11895 rows, 3372 columns, 67322 nonzeros
Set parameter TimeLimit to value 1.0862272500000003e+01
Warning: unknown variable 'r_max' in bounds section (line 13930)
Warning: unknown variable 'r_min' in bounds section (line 13931)
Read LP format model from file E:\codes\ExactEBRP\results\gf_gurobi_performance_recovery_round29\development\high_imbalance_seed3202__c3_replica__60s\external\models\R.1.0.0.0.0.1.1.1.0.lp
Reading time = 0.02 seconds
obj: 11895 rows, 3372 columns, 67322 nonzeros
Set parameter TimeLimit to value 1.0453240200000003e+01
Warning: unknown variable 'r_max' in bounds section (line 13930)
Warning: unknown variable 'r_min' in bounds section (line 13931)
Read LP format model from file E:\codes\ExactEBRP\results\gf_gurobi_performance_recovery_round29\development\high_imbalance_seed3202__c3_replica__60s\external\models\R.1.0.0.0.0.1.1.1.1.lp
Reading time = 0.02 seconds
obj: 11895 rows, 3372 columns, 67322 nonzeros
Set parameter TimeLimit to value 1.0044025300000001e+01
Warning: unknown variable 'r_max' in bounds section (line 13930)
Warning: unknown variable 'r_min' in bounds section (line 13931)
Read LP format model from file E:\codes\ExactEBRP\results\gf_gurobi_performance_recovery_round29\development\high_imbalance_seed3202__c3_replica__60s\external\models\R.1.0.0.0.0.1.0.1.0.lp
Reading time = 0.02 seconds
obj: 11895 rows, 3372 columns, 67322 nonzeros
Set parameter TimeLimit to value 9.6424506999999977e+00
Warning: unknown variable 'r_max' in bounds section (line 13930)
Warning: unknown variable 'r_min' in bounds section (line 13931)
Read LP format model from file E:\codes\ExactEBRP\results\gf_gurobi_performance_recovery_round29\development\high_imbalance_seed3202__c3_replica__60s\external\models\R.1.0.0.0.0.1.0.1.1.lp
Reading time = 0.02 seconds
obj: 11895 rows, 3372 columns, 67322 nonzeros
Set parameter TimeLimit to value 9.2399145999999988e+00
Warning: unknown variable 'r_max' in bounds section (line 13930)
Warning: unknown variable 'r_min' in bounds section (line 13931)
Read LP format model from file E:\codes\ExactEBRP\results\gf_gurobi_performance_recovery_round29\development\high_imbalance_seed3202__c3_replica__60s\external\models\R.1.0.0.0.0.1.1.1.0.1.lp
Reading time = 0.02 seconds
obj: 11895 rows, 3372 columns, 67322 nonzeros
Set parameter TimeLimit to value 8.8208750000000009e+00
Warning: unknown variable 'r_max' in bounds section (line 13930)
Warning: unknown variable 'r_min' in bounds section (line 13931)
Read LP format model from file E:\codes\ExactEBRP\results\gf_gurobi_performance_recovery_round29\development\high_imbalance_seed3202__c3_replica__60s\external\models\R.1.0.0.0.0.1.1.1.0.1.lp
Reading time = 0.02 seconds
obj: 11895 rows, 3372 columns, 67322 nonzeros
Set parameter TimeLimit to value 8.531315
Warning: unknown variable 'r_max' in bounds section (line 13930)
Warning: unknown variable 'r_min' in bounds section (line 13931)
Read LP format model from file E:\codes\ExactEBRP\results\gf_gurobi_performance_recovery_round29\development\high_imbalance_seed3202__c3_replica__60s\external\models\R.1.0.0.0.0.1.1.1.0.0.lp
Reading time = 0.02 seconds
obj: 11895 rows, 3372 columns, 67322 nonzeros
Set parameter TimeLimit to value 4.9883195000000029e+00
Warning: unknown variable 'r_max' in bounds section (line 13930)
Warning: unknown variable 'r_min' in bounds section (line 13931)
Read LP format model from file E:\codes\ExactEBRP\results\gf_gurobi_performance_recovery_round29\development\high_imbalance_seed3202__c3_replica__60s\external\models\R.1.0.0.0.0.1.1.1.0.0.lp
Reading time = 0.02 seconds
obj: 11895 rows, 3372 columns, 67322 nonzeros
Set parameter TimeLimit to value 4.6885819999999967e+00
Warning: unknown variable 'r_max' in bounds section (line 13930)
Warning: unknown variable 'r_min' in bounds section (line 13931)
Read LP format model from file E:\codes\ExactEBRP\results\gf_gurobi_performance_recovery_round29\development\high_imbalance_seed3202__c3_replica__60s\external\models\R.1.0.0.0.0.1.1.0.1.0.lp
Reading time = 0.02 seconds
obj: 11895 rows, 3372 columns, 67322 nonzeros
Set parameter TimeLimit to value 1.7157678000000018e+00
Warning: unknown variable 'r_max' in bounds section (line 13930)
Warning: unknown variable 'r_min' in bounds section (line 13931)
Read LP format model from file E:\codes\ExactEBRP\results\gf_gurobi_performance_recovery_round29\development\high_imbalance_seed3202__c3_replica__60s\external\models\R.1.0.0.0.0.1.1.0.1.0.lp
Reading time = 0.02 seconds
obj: 11895 rows, 3372 columns, 67322 nonzeros
Set parameter TimeLimit to value 1.4068563000000012e+00
