
Gurobi 13.0.2 (win64) logging started Thu Jul 23 05:42:54 2026

Set parameter LogFile to value "E:\codes\ExactEBRP\results\gf_cplex_equivalent_gurobi_replica_round28\runs\stage2__high_imbalance_seed4201__p_grb__300s\native.log"
Set parameter Threads to value 1
Set parameter Presolve to value -1
Set parameter Seed to value 0
Set parameter MIPGap to value 0
Set parameter MIPGapAbs to value 0
Set parameter TimeLimit to value 294
Read LP format model from file E:\codes\ExactEBRP\results\gf_cplex_equivalent_gurobi_replica_round28\runs\stage2__high_imbalance_seed4201__p_grb__300s\canonical.lp
Reading time = 0.01 seconds
obj: 5063 rows, 2111 columns, 23325 nonzeros
Gurobi Optimizer version 13.0.2 build v13.0.2rc1 (win64 - Windows 10.0 (19045.2))

CPU model: 12th Gen Intel(R) Core(TM) i7-12700KF, instruction set [SSE2|AVX|AVX2]
Thread count: 12 physical cores, 20 logical processors, using up to 1 threads

Non-default parameters:
TimeLimit  294
MIPGap  0
MIPGapAbs  0
LogToConsole  0
Threads  1

Optimize a model with 5063 rows, 2111 columns and 23325 nonzeros (Min)
Model fingerprint: 0xa93aea48
Model has 21 linear objective coefficients
Variable types: 421 continuous, 1690 integer (1490 binary)
Coefficient statistics:
  Matrix range     [3e-02, 6e+02]
  Objective range  [1e-02, 1e+00]
  Bounds range     [1e+00, 6e+01]
  RHS range        [1e+00, 4e+03]

Presolve removed 176 rows and 45 columns
Presolve time: 0.06s
Presolved: 4887 rows, 2066 columns, 40479 nonzeros
Variable types: 201 continuous, 1865 integer (1483 binary)
Found heuristic solution: objective 7.6003640

Root relaxation: objective 1.587829e+00, 1566 iterations, 0.06 seconds (0.15 work units)

    Nodes    |    Current Node    |     Objective Bounds      |     Work
 Expl Unexpl |  Obj  Depth IntInf | Incumbent    BestBd   Gap | It/Node Time

     0     0    1.58783    0  341    7.60036    1.58783  79.1%     -    0s
     0     0    1.59038    0  340    7.60036    1.59038  79.1%     -    0s
H    0     0                       7.4113563    1.59038  78.5%     -    0s
     0     0    1.75997    0  407    7.41136    1.75997  76.3%     -    0s
H    0     0                       6.9716272    1.76110  74.7%     -    0s
H    0     0                       6.8715291    1.76110  74.4%     -    0s
     0     0    1.76278    0  397    6.87153    1.76278  74.3%     -    0s
     0     0    1.77207    0  453    6.87153    1.77207  74.2%     -    0s
H    0     0                       6.8707104    1.77220  74.2%     -    0s
     0     0    1.77235    0  448    6.87071    1.77235  74.2%     -    0s
     0     0    1.84082    0  462    6.87071    1.84082  73.2%     -    0s
     0     0    1.84591    0  448    6.87071    1.84591  73.1%     -    0s
     0     0    1.86741    0  493    6.87071    1.86741  72.8%     -    0s
     0     0    1.86975    0  504    6.87071    1.86975  72.8%     -    1s
     0     0    1.87288    0  494    6.87071    1.87288  72.7%     -    1s
     0     0    1.87784    0  512    6.87071    1.87784  72.7%     -    1s
     0     0    1.87784    0  494    6.87071    1.87784  72.7%     -    1s
H    0     0                       6.8210604    1.87784  72.5%     -    1s
H    0     0                       6.8210327    1.87784  72.5%     -    1s
H    0     0                       6.8098365    1.87784  72.4%     -    1s
H    0     0                       6.7191915    1.87784  72.1%     -    1s
H    0     0                       6.7117183    1.87784  72.0%     -    1s
H    0     0                       6.7081993    1.87784  72.0%     -    1s
H    0     0                       6.7025919    1.87784  72.0%     -    1s
     0     0    1.87784    0  505    6.70259    1.87784  72.0%     -    1s
     0     0    1.87784    0  510    6.70259    1.87784  72.0%     -    1s
     0     0    1.87784    0  503    6.70259    1.87784  72.0%     -    1s
     0     0    1.87784    0  518    6.70259    1.87784  72.0%     -    1s
     0     0    1.87784    0  518    6.70259    1.87784  72.0%     -    1s
     0     0    1.87784    0  525    6.70259    1.87784  72.0%     -    1s
     0     0    1.87784    0  523    6.70259    1.87784  72.0%     -    1s
     0     0    1.87784    0  505    6.70259    1.87784  72.0%     -    1s
     0     2    1.87784    0  505    6.70259    1.87784  72.0%     -    1s
H    2     2                       6.6820679    1.87784  71.9%   297    2s
H   40    30                       6.6798719    1.93146  71.1%   153    2s
H   40    30                       6.6658473    1.93146  71.0%   153    2s
H   40    30                       6.6642757    1.93146  71.0%   153    2s
H   40    30                       6.6621849    1.93146  71.0%   153    2s
H   41    31                       6.6618415    1.93146  71.0%   150    2s
H   41    31                       6.6618011    1.93146  71.0%   150    2s
H   41    31                       6.6617456    1.93146  71.0%   150    2s
H   41    31                       6.6617186    1.93146  71.0%   150    2s
H   41    31                       6.6616995    1.93146  71.0%   150    2s
H   51    37                       6.6545182    1.93146  71.0%   152    2s
H   51    37                       6.6545050    1.93146  71.0%   152    2s
H   51    37                       6.6544925    1.93146  71.0%   152    2s
H   51    37                       6.6544804    1.93146  71.0%   152    2s
H   51    37                       6.6539691    1.93146  71.0%   152    2s
H   51    37                       6.6539556    1.93146  71.0%   152    2s
H   51    37                       6.6539427    1.93146  71.0%   152    2s
H   51    37                       6.6539303    1.93146  71.0%   152    2s
H   51    37                       6.6539227    1.93146  71.0%   152    2s
H   51    37                       6.6539103    1.93146  71.0%   152    2s
H  105    88                       6.6501854    1.93146  71.0%   117    3s
H  105    88                       6.6490586    1.93146  71.0%   117    3s
H  105    88                       6.6468048    1.93146  70.9%   117    3s
H  113    96                       6.6421496    1.93146  70.9%   111    3s
H  113    96                       6.6412130    1.93146  70.9%   111    3s
H  113    96                       6.6411089    1.93146  70.9%   111    3s
H  113    96                       6.6411049    1.93146  70.9%   111    3s
H  113    96                       6.6410574    1.93146  70.9%   111    3s
H  122   105                       6.6409039    1.93146  70.9%   108    3s
H  168   149                       6.6405450    1.93146  70.9%  92.2    3s
H  168   149                       6.6405320    1.93146  70.9%  92.2    3s
H  168   149                       6.6404960    1.93146  70.9%  92.2    3s
H  168   149                       6.6404894    1.93146  70.9%  92.2    3s
H  172   151                       3.8263291    1.93146  49.5%  91.0    3s
H  172   151                       3.8250745    1.93146  49.5%  91.0    3s
H  172   151                       3.8109667    1.93146  49.3%  91.0    4s
H  191   168                       3.8105899    1.93146  49.3%  84.0    4s
H  191   168                       3.8104106    1.93146  49.3%  84.0    4s
H  191   168                       3.8091152    1.93146  49.3%  84.0    4s
H  215   172                       3.8091083    1.93150  49.3%  77.4    4s
H  215   172                       3.8084848    1.93150  49.3%  77.4    4s
H  215   172                       3.8084537    1.93150  49.3%  77.4    4s
H  226   181                       3.8078548    1.93150  49.3%  78.2    4s
H  226   181                       3.8060604    1.93150  49.3%  78.2    4s
H  226   181                       3.8050583    1.93150  49.2%  78.2    4s
H  226   181                       3.8048920    1.93150  49.2%  78.2    4s
H  226   181                       3.8043321    1.93150  49.2%  78.2    4s
H  226   181                       3.8039889    1.93150  49.2%  78.2    4s
H  226   181                       3.8039857    1.93150  49.2%  78.2    4s
H  243   190                       3.8039804    1.93150  49.2%  80.4    4s
H  243   190                       3.8036774    1.93150  49.2%  80.4    4s
H  243   190                       3.8036503    1.93150  49.2%  80.4    4s
H  243   190                       3.8035112    1.93150  49.2%  80.4    4s
H  243   190                       3.8034890    1.93150  49.2%  80.4    4s
   268   209    2.15315   17  402    3.80349    1.93360  49.2%  86.5    5s
H  461   361                       3.8013079    1.94273  48.9%  81.1    6s
H  461   361                       3.8007218    1.94273  48.9%  81.1    6s
H  591   438                       3.7261254    1.94393  47.8%  74.3    8s
H  591   416                       3.4391218    1.94393  43.5%  74.3    8s
H  596   399                       3.4210548    1.94393  43.2%  73.7    9s
   599   401    2.86890   95  555    3.42105    1.94393  43.2%  73.3   10s
H  604   384                       3.3888173    1.94393  42.6%  72.7   12s
H  604   364                       3.3849422    1.94393  42.6%  72.7   12s
H  604   346                       3.3837710    1.94393  42.6%  72.7   12s
H  604   328                       3.3758750    1.94393  42.4%  72.7   12s
H  604   312                       3.3739193    1.94393  42.4%  72.7   12s
H  604   296                       3.3730646    1.94393  42.4%  72.7   12s
H  604   281                       3.3727610    1.94393  42.4%  72.7   12s
H  604   266                       3.3694642    1.94393  42.3%  72.7   12s
H  607   255                       3.3680938    1.94393  42.3%  87.4   12s
H  607   242                       3.3528535    1.94393  42.0%  87.4   12s
H  607   229                       3.3371636    1.94393  41.7%  87.4   12s
H  607   218                       3.3359372    1.94393  41.7%  87.4   12s
H  607   207                       3.3258765    1.94393  41.6%  87.4   12s
H  608   197                       3.3149706    1.94393  41.4%  87.3   12s
H  608   187                       3.3085472    1.94393  41.2%  87.3   12s
H  608   177                       3.3011523    1.94393  41.1%  87.3   12s
H  608   168                       3.3011400    1.94393  41.1%  87.3   12s
H  609   160                       3.2994594    1.94393  41.1%  87.2   12s
H  609   152                       3.2955606    1.94393  41.0%  87.2   12s
H  609   144                       3.2950978    1.94393  41.0%  87.2   12s
H  609   137                       3.2901192    1.94393  40.9%  87.2   12s
H  609   130                       3.2886552    1.94393  40.9%  87.2   12s
H  610   124                       3.2883724    1.94393  40.9%  87.1   12s
H  610   118                       3.2877841    1.94393  40.9%  87.1   12s
H  612   111                       3.2877814    1.94393  40.9%  90.2   12s
H  612   105                       3.2857077    1.94393  40.8%  90.2   12s
H  612    99                       3.2812881    1.94393  40.8%  90.2   12s
H  617    98                       3.2810807    1.94393  40.8%  92.1   12s
H  620    95                       3.2801245    1.94393  40.7%  92.2   13s
H  621    91                       3.2800898    1.94393  40.7%  92.7   13s
H  625    87                       3.2683113    1.94393  40.5%  93.3   13s
H  625    83                       3.2650536    1.94393  40.5%  93.3   13s
H  625    79                       3.2467652    1.94393  40.1%  93.3   13s
H  626    76                       3.2265408    1.94393  39.8%  93.8   13s
H  626    73                       3.2197179    1.94393  39.6%  93.8   13s
H  626    69                       3.2180863    1.94393  39.6%  93.8   13s
H  626    66                       3.2147092    1.94393  39.5%  93.8   13s
H  636    67                       3.2146674    1.94393  39.5%  98.7   13s
H  640    65                       2.9760056    1.94393  34.7%   100   13s
H  640    62                       2.9735417    1.94393  34.6%   100   13s
H  640    60                       2.9729333    1.94393  34.6%   100   13s
H  688    86                       2.9726216    1.94393  34.6%  96.5   14s
   715    98    2.87997   65  248    2.97262    1.94393  34.6%  95.0   15s
H  732    94                       2.9017683    1.94393  33.0%  94.8   15s
H  737    90                       2.9011038    1.94393  33.0%  95.4   15s
H  738    91                       2.9006170    1.94393  33.0%  96.3   15s
H  761    84                       2.8694051    1.94393  32.3%   101   16s
H  761    83                       2.8672691    1.94393  32.2%   101   16s
H  761    83                       2.8671905    1.94393  32.2%   101   16s
H  761    83                       2.8671186    1.94393  32.2%   101   16s
H  761    75                       2.8628740    1.94393  32.1%   101   16s
H  762    74                       2.8573275    1.94393  32.0%   101   16s
H  762    73                       2.8565158    1.94393  31.9%   101   16s
H  762    72                       2.8551686    1.94393  31.9%   101   16s
H  762    72                       2.8550732    1.94393  31.9%   101   16s
H  762    72                       2.8547958    1.94393  31.9%   101   16s
H  790    88                       2.8539005    1.94393  31.9%   101   17s
H  790    88                       2.8512096    1.94393  31.8%   101   17s
H  790    88                       2.8511409    1.94393  31.8%   101   17s
H  790    88                       2.8499581    1.94393  31.8%   101   17s
H  790    87                       2.8493959    1.94393  31.8%   101   17s
H  814    88                       2.8256587    1.94393  31.2%   104   17s
H  814    87                       2.8256138    1.94393  31.2%   104   17s
H  814    87                       2.8256078    1.94393  31.2%   104   17s
H  818    89                       2.8255541    1.94393  31.2%   104   17s
H  818    89                       2.8255009    1.94393  31.2%   104   17s
H  818    89                       2.8254304    1.94393  31.2%   104   17s
H  824    93                       2.8246260    1.94393  31.2%   105   18s
H  824    93                       2.8242301    1.94393  31.2%   105   18s
   926   179    2.17414   42  355    2.82423    1.94393  31.2%   107   20s
  1211   385 infeasible   39         2.82423    1.94393  31.2%   109   25s
H 1217   383                       2.8242297    1.94393  31.2%   110   25s
H 1217   383                       2.8242125    1.94393  31.2%   110   25s
H 1217   383                       2.8241949    1.94393  31.2%   110   25s
H 1380   525                       2.8234575    1.94393  31.2%   109   27s
H 1380   525                       2.8233029    1.94393  31.1%   109   27s
H 1380   525                       2.8232677    1.94393  31.1%   109   27s
H 1380   525                       2.8232326    1.94393  31.1%   109   27s
H 1380   525                       2.8231974    1.94393  31.1%   109   27s
H 1380   525                       2.8231859    1.94393  31.1%   109   27s
H 1408   537                       2.8196419    1.94393  31.1%   110   28s
H 1408   535                       2.8177987    1.94393  31.0%   110   28s
H 1412   539                       2.8175042    1.94393  31.0%   110   28s
H 1412   534                       2.8167849    1.94393  31.0%   110   28s
H 1417   539                       2.8162287    1.94393  31.0%   111   28s
H 1433   547                       2.8162081    1.94393  31.0%   111   29s
H 1459   573                       2.8133157    1.94393  30.9%   111   29s
H 1459   572                       2.8125177    1.94393  30.9%   111   29s
H 1459   572                       2.8112704    1.94393  30.9%   111   29s
H 1461   574                       2.8112671    1.94393  30.9%   111   29s
  1480   591    2.34005   42  357    2.81127    1.94393  30.9%   113   30s
H 1514   613                       2.8110247    1.94393  30.8%   111   30s
H 1516   615                       2.8109901    1.94393  30.8%   112   30s
H 1516   615                       2.8107556    1.94393  30.8%   112   30s
H 1516   615                       2.8106854    1.94393  30.8%   112   30s
H 1561   645                       2.8105101    1.94393  30.8%   112   31s
H 1561   645                       2.8104753    1.94393  30.8%   112   31s
H 1561   645                       2.8104406    1.94393  30.8%   112   31s
H 1561   645                       2.8104058    1.94393  30.8%   112   31s
H 1569   653                       2.8102874    1.94393  30.8%   113   31s
H 1580   664                       2.8102543    1.94393  30.8%   113   31s
H 1580   664                       2.8102195    1.94393  30.8%   113   31s
H 1709   753                       2.8102195    1.94393  30.8%   115   34s
  1732   768    2.60028   31  442    2.81022    1.94393  30.8%   115   35s
  1953   909    2.12758   19  394    2.81022    1.94393  30.8%   118   40s
H 2004   937                       2.8101311    1.94393  30.8%   118   41s
H 2150  1033                       2.7899166    1.94393  30.3%   119   44s
  2162  1037 infeasible   23         2.78992    1.94393  30.3%   121   45s
H 2163  1036                       2.7898461    1.94393  30.3%   121   45s
H 2163  1036                       2.7898253    1.94393  30.3%   121   45s
H 2163  1036                       2.7898045    1.94393  30.3%   121   45s
H 2163  1036                       2.7895888    1.94393  30.3%   121   45s
H 2244  1094                       2.7893559    1.94393  30.3%   121   47s
H 2244  1094                       2.7893429    1.94393  30.3%   121   47s
H 2244  1094                       2.7889670    1.94393  30.3%   121   47s
H 2244  1094                       2.7889541    1.94393  30.3%   121   47s
H 2244  1094                       2.7875597    1.94393  30.3%   121   47s
H 2244  1094                       2.7875464    1.94393  30.3%   121   47s
  2254  1104    2.09665   23  480    2.78755    1.94393  30.3%   122   50s
  2433  1217    2.71722   47  394    2.78755    1.94393  30.3%   124   55s
  2663  1328    2.25327   26  448    2.78755    1.94485  30.2%   126   60s
  2837  1424    2.10254   26  475    2.78755    1.94605  30.2%   130   65s
  3030  1525    1.96182   16  507    2.78755    1.94825  30.1%   131   70s
H 3068  1547                       2.7875128    1.94863  30.1%   131   70s
  3234  1644    2.30370   35  380    2.78751    1.95100  30.0%   133   75s
  3480  1795    2.60339   24  477    2.78751    1.95275  29.9%   134   80s
  3702  1931    2.59129   23  472    2.78751    1.95404  29.9%   136   85s
H 3941  2043                       2.7874247    1.95477  29.9%   136   89s
  3944  2048    2.50263   24  424    2.78742    1.95477  29.9%   137   90s
H 3948  2044                       2.7869400    1.95477  29.9%   137   90s
H 3948  2044                       2.7869349    1.95477  29.9%   137   90s
H 3948  2044                       2.7859088    1.95477  29.8%   137   90s
H 3948  2044                       2.7858930    1.95477  29.8%   137   90s
H 3948  2044                       2.7854280    1.95477  29.8%   137   90s
H 3948  2044                       2.7853951    1.95477  29.8%   137   90s
H 3948  2044                       2.7853622    1.95477  29.8%   137   90s
H 3969  2057                       2.7851489    1.95490  29.8%   137   90s
H 3969  2057                       2.7851151    1.95490  29.8%   137   90s
H 3969  2057                       2.7849075    1.95490  29.8%   137   90s
H 3969  2057                       2.7848744    1.95490  29.8%   137   90s
H 3969  2057                       2.7848412    1.95490  29.8%   137   90s
H 4273  2253                       2.7847502    1.95704  29.7%   134   95s
H 4367  2311                       2.7847244    1.95754  29.7%   134   96s
H 4367  2311                       2.7846913    1.95754  29.7%   134   96s
H 4367  2311                       2.7846581    1.95754  29.7%   134   96s
  4535  2419    2.11066   22  458    2.78466    1.95818  29.7%   135  100s
H 4575  2435                       2.7846450    1.95856  29.7%   135  100s
H 4575  2435                       2.7846406    1.95856  29.7%   135  100s
H 4575  2435                       2.7846273    1.95856  29.7%   135  100s
H 4597  2451                       2.7846106    1.95856  29.7%   135  101s
H 4694  2510                       2.7846106    1.95920  29.6%   136  103s
  4766  2565    2.66012   30  388    2.78461    1.95939  29.6%   136  105s
H 4924  2645                       2.7844181    1.95951  29.6%   136  108s
H 4925  2646                       2.7843734    1.95951  29.6%   136  108s
H 4925  2646                       2.7841076    1.95951  29.6%   136  108s
  5017  2719 infeasible   46         2.78411    1.95958  29.6%   135  110s
  5233  2825    2.30497   26  429    2.78411    1.96079  29.6%   136  115s
  5590  3054    2.29932   24  461    2.78411    1.96288  29.5%   135  120s
  5797  3167    2.73373   26  425    2.78411    1.96347  29.5%   136  125s
  5956  3246 infeasible   26         2.78411    1.96379  29.5%   137  130s
  6212  3397    2.62565   34  424    2.78411    1.96470  29.4%   138  135s
  6465  3531    1.97379   18  514    2.78411    1.96645  29.4%   139  140s
  6725  3654    2.60712   26  451    2.78411    1.96827  29.3%   139  145s
  6930  3738 infeasible   24         2.78411    1.96980  29.2%   141  150s
  7100  3794    2.31467   23  450    2.78411    1.97190  29.2%   144  155s
  7336  3925 infeasible   28         2.78411    1.97296  29.1%   144  160s
  7662  4088    2.14192   25  485    2.78411    1.97616  29.0%   143  165s
  7880  4165    2.77457   48  336    2.78411    1.97885  28.9%   144  170s
  8081  4222 infeasible   27         2.78411    1.98061  28.9%   146  175s
  8385  4407    2.30954   27  458    2.78411    1.98298  28.8%   146  180s
  8604  4460    2.39958   26  453    2.78411    1.98530  28.7%   147  185s
  8849  4597    2.65299   29  437    2.78411    1.98709  28.6%   147  190s
  9171  4753    2.10298   22  453    2.78411    1.99011  28.5%   146  195s
  9538  4970    2.60223   24  412    2.78411    1.99333  28.4%   145  200s
  9832  5119 infeasible   21         2.78411    1.99774  28.2%   145  205s
  9940  5152    2.58856   23  459    2.78411    1.99965  28.2%   146  210s
 10116  5203 infeasible   35         2.78411    2.00304  28.1%   147  215s
 10203  5227    2.60435   20  505    2.78411    2.00426  28.0%   148  229s
 10205  5228    2.61757   44  334    2.78411    2.00426  28.0%   148  230s
 10215  5235    2.64622   29  558    2.78411    2.00426  28.0%   147  235s
 10221  5239    2.60304   42  534    2.78411    2.00426  28.0%   147  240s
 10228  5244    2.34086   33  519    2.78411    2.00426  28.0%   147  245s
 10234  5248    2.71939   47  540    2.78411    2.00426  28.0%   147  250s
 10240  5252    2.70100   46  560    2.78411    2.00426  28.0%   147  255s
 10246  5256    2.26234   27  554    2.78411    2.00426  28.0%   147  260s
 10253  5260    2.62271   29  557    2.78411    2.00426  28.0%   147  265s
 10260  5265    2.58248   26  556    2.78411    2.00426  28.0%   147  270s
 10266  5269    2.72052   55  555    2.78411    2.00426  28.0%   147  275s
 10377  5300     cutoff   38         2.78411    2.00426  28.0%   151  280s
 10481  5336    2.00426   22  498    2.78411    2.00426  28.0%   152  285s
 10565  5338    2.11259   29  468    2.78411    2.00426  28.0%   154  290s

Cutting planes:
  Learned: 16
  Gomory: 1
  Cover: 32
  Implied bound: 52
  Projected implied bound: 81
  Clique: 38
  MIR: 305
  StrongCG: 19
  Flow cover: 553
  GUB cover: 5
  Zero half: 9
  RLT: 20
  Relax-and-lift: 30
  BQP: 18
  PSD: 1

Explored 10623 nodes (1666566 simplex iterations) in 294.00 seconds (549.97 work units)
Thread count was 1 (of 20 available processors)

Solution count 10: 2.78411 2.78437 2.78442 ... 2.78472

Time limit reached
Best objective 2.784107571243e+00, best bound 2.004258027067e+00, gap 28.0108%

User-callback calls 115356, time in user-callback 0.03 sec
