[  1%] Building CXX object CMakeFiles/exact_ebrp_core.dir/src/Parser.cpp.obj
[  2%] Building CXX object CMakeFiles/exact_ebrp_core.dir/src/Evaluator.cpp.obj
[  4%] Building CXX object CMakeFiles/exact_ebrp_core.dir/src/Result.cpp.obj
[  5%] Building CXX object CMakeFiles/exact_ebrp_core.dir/src/StrictCertificate.cpp.obj
[  7%] Building CXX object CMakeFiles/exact_ebrp_core.dir/src/ModelCorrectness.cpp.obj
[  8%] Building CXX object CMakeFiles/exact_ebrp_core.dir/src/FileSha256.cpp.obj
[ 10%] Building CXX object CMakeFiles/exact_ebrp_core.dir/src/ProcessPhaseLedger.cpp.obj
[ 11%] Building CXX object CMakeFiles/exact_ebrp_core.dir/src/DenseProgress.cpp.obj
[ 13%] Building CXX object CMakeFiles/exact_ebrp_core.dir/src/GurobiCertificate.cpp.obj
[ 14%] Building CXX object CMakeFiles/exact_ebrp_core.dir/src/GurobiProgress.cpp.obj
[ 16%] Building CXX object CMakeFiles/exact_ebrp_core.dir/src/MipStartMapping.cpp.obj
[ 17%] Building CXX object CMakeFiles/exact_ebrp_core.dir/src/ExternalGiniTree.cpp.obj
[ 19%] Building CXX object CMakeFiles/exact_ebrp_core.dir/src/PaperExternalGiniTree.cpp.obj
[ 20%] Building CXX object CMakeFiles/exact_ebrp_core.dir/src/ReplicaExternalGiniTree.cpp.obj
[ 22%] Building CXX object CMakeFiles/exact_ebrp_core.dir/src/ConnectivityFlow.cpp.obj
[ 23%] Building CXX object CMakeFiles/exact_ebrp_core.dir/src/Bounds.cpp.obj
[ 25%] Building CXX object CMakeFiles/exact_ebrp_core.dir/src/ColumnPool.cpp.obj
[ 26%] Building CXX object CMakeFiles/exact_ebrp_core.dir/src/TailoredExact.cpp.obj
[ 27%] Building CXX object CMakeFiles/exact_ebrp_core.dir/src/Pricing.cpp.obj
[ 29%] Building CXX object CMakeFiles/exact_ebrp_core.dir/src/Cuts.cpp.obj
[ 30%] Building CXX object CMakeFiles/exact_ebrp_core.dir/src/Branching.cpp.obj
[ 32%] Building CXX object CMakeFiles/exact_ebrp_core.dir/src/Master.cpp.obj
[ 33%] Building CXX object CMakeFiles/exact_ebrp_core.dir/src/ColumnGeneration.cpp.obj
[ 35%] Building CXX object CMakeFiles/exact_ebrp_core.dir/src/CplexBaseline.cpp.obj
[ 36%] Building CXX object CMakeFiles/exact_ebrp_core.dir/src/TailoredBC.cpp.obj
[ 38%] Building CXX object CMakeFiles/exact_ebrp_core.dir/src/TailoredBCCuts.cpp.obj
[ 39%] Building CXX object CMakeFiles/exact_ebrp_core.dir/src/TailoredBCCallbacks.cpp.obj
[ 41%] Building CXX object CMakeFiles/exact_ebrp_core.dir/src/TailoredBCCplexApi.cpp.obj
[ 42%] Building CXX object CMakeFiles/exact_ebrp_core.dir/src/ControllingLeafScheduler.cpp.obj
[ 44%] Building CXX object CMakeFiles/exact_ebrp_core.dir/src/GiniBranching.cpp.obj
[ 45%] Building CXX object CMakeFiles/exact_ebrp_core.dir/src/GiniFrontierGeometry.cpp.obj
[ 47%] Building CXX object CMakeFiles/exact_ebrp_core.dir/src/IntervalRowFactory.cpp.obj
[ 48%] Building CXX object CMakeFiles/exact_ebrp_core.dir/src/DispersionChildBound.cpp.obj
[ 50%] Building CXX object CMakeFiles/exact_ebrp_core.dir/src/hga_tgbc/HgaTgbcGreedy.cpp.obj
[ 51%] Building CXX object CMakeFiles/exact_ebrp_core.dir/src/HgaTgbcRunner.cpp.obj
[ 52%] Building CXX object CMakeFiles/exact_ebrp_core.dir/src/Logger.cpp.obj
[ 54%] Building CXX object CMakeFiles/exact_ebrp_core.dir/src/GurobiBaselineStub.cpp.obj
[ 55%] Linking CXX static library libexact_ebrp_core.a
[ 55%] Built target exact_ebrp_core
[ 57%] Building CXX object CMakeFiles/ExactEBRP.dir/src/main.cpp.obj
[ 58%] Building CXX object CMakeFiles/ExactEBRPCompare.dir/src/compare_main.cpp.obj
[ 60%] Linking CXX executable ExactEBRP.exe
[ 60%] Built target ExactEBRP
[ 61%] Building CXX object CMakeFiles/ControllingLeafSchedulerTests.dir/tests/controlling_leaf_scheduler_tests.cpp.obj
[ 63%] Linking CXX executable ControllingLeafSchedulerTests.exe
[ 63%] Built target ControllingLeafSchedulerTests
[ 64%] Building CXX object CMakeFiles/GlobalGiniTreeTests.dir/tests/global_gini_tree_tests.cpp.obj
[ 66%] Linking CXX executable GlobalGiniTreeTests.exe
[ 66%] Built target GlobalGiniTreeTests
[ 67%] Building CXX object CMakeFiles/StrictCertificateTests.dir/tests/strict_certificate_tests.cpp.obj
[ 69%] Linking CXX executable StrictCertificateTests.exe
[ 69%] Built target StrictCertificateTests
[ 70%] Building CXX object CMakeFiles/ConnectivityFlowTests.dir/tests/connectivity_flow_tests.cpp.obj
[ 72%] Linking CXX executable ConnectivityFlowTests.exe
[ 72%] Built target ConnectivityFlowTests
[ 73%] Building CXX object CMakeFiles/StrictSerializationTests.dir/tests/strict_serialization_tests.cpp.obj
[ 75%] Linking CXX executable StrictSerializationTests.exe
[ 75%] Built target StrictSerializationTests
[ 76%] Building CXX object CMakeFiles/ModelCorrectnessTests.dir/tests/model_correctness_tests.cpp.obj
[ 77%] Linking CXX executable ModelCorrectnessTests.exe
[ 77%] Built target ModelCorrectnessTests
[ 79%] Building CXX object CMakeFiles/DenseProgressTests.dir/tests/dense_progress_tests.cpp.obj
[ 80%] Linking CXX executable DenseProgressTests.exe
[ 80%] Built target DenseProgressTests
[ 82%] Building CXX object CMakeFiles/DispersionChildBoundTests.dir/tests/dispersion_child_bound_tests.cpp.obj
[ 83%] Linking CXX executable DispersionChildBoundTests.exe
[ 83%] Built target DispersionChildBoundTests
[ 85%] Building CXX object CMakeFiles/Round24BackendTests.dir/tests/round24_backend_tests.cpp.obj
[ 86%] Linking CXX executable Round24BackendTests.exe
[ 86%] Built target Round24BackendTests
[ 88%] Building CXX object CMakeFiles/Round27PaperSchedulingTests.dir/tests/round27_paper_scheduling_tests.cpp.obj
[ 89%] Linking CXX executable Round27PaperSchedulingTests.exe
[ 89%] Built target Round27PaperSchedulingTests
[ 91%] Building CXX object CMakeFiles/Round28ReplicaTests.dir/tests/round28_replica_tests.cpp.obj
[ 92%] Linking CXX executable Round28ReplicaTests.exe
[ 92%] Built target Round28ReplicaTests
[ 94%] Building CXX object CMakeFiles/Round29PerformanceRecoveryTests.dir/tests/round29_performance_recovery_tests.cpp.obj
[ 95%] Linking CXX executable Round29PerformanceRecoveryTests.exe
[ 95%] Built target Round29PerformanceRecoveryTests
[ 97%] Building CXX object CMakeFiles/Round30C5Tests.dir/tests/round30_c5_tests.cpp.obj
[ 98%] Linking CXX executable Round30C5Tests.exe
[ 98%] Built target Round30C5Tests
[100%] Linking CXX executable ExactEBRPCompare.exe
[100%] Built target ExactEBRPCompare
