
Gurobi 13.0.2 (win64) logging started Thu Jul 23 07:38:53 2026

Set parameter LogFile to value "E:\codes\ExactEBRP\results\gf_cplex_equivalent_gurobi_replica_round28\runs\stage2__tight_T_seed6102__c3_replica__300s\native.log"
Set parameter Threads to value 1
Set parameter Presolve to value -1
Set parameter Seed to value 0
Set parameter MIPGap to value 0
Set parameter MIPGapAbs to value 0
Warning: unknown variable 'r_max' in bounds section (line 103361)
Warning: unknown variable 'r_min' in bounds section (line 103362)
Read LP format model from file E:\codes\ExactEBRP\results\gf_cplex_equivalent_gurobi_replica_round28\runs\stage2__tight_T_seed6102__c3_replica__300s\external\models\R.lp
Reading time = 0.22 seconds
obj: 93019 rows, 18189 columns, 665236 nonzeros
Set parameter TimeLimit to value 120.4554833
Warning: unknown variable 'r_max' in bounds section (line 103361)
Warning: unknown variable 'r_min' in bounds section (line 103362)
Read LP format model from file E:\codes\ExactEBRP\results\gf_cplex_equivalent_gurobi_replica_round28\runs\stage2__tight_T_seed6102__c3_replica__300s\external\models\R.0.lp
Reading time = 0.22 seconds
obj: 93019 rows, 18189 columns, 665236 nonzeros
Set parameter TimeLimit to value 116.1051242
Warning: unknown variable 'r_max' in bounds section (line 103361)
Warning: unknown variable 'r_min' in bounds section (line 103362)
Read LP format model from file E:\codes\ExactEBRP\results\gf_cplex_equivalent_gurobi_replica_round28\runs\stage2__tight_T_seed6102__c3_replica__300s\external\models\R.1.lp
Reading time = 0.23 seconds
obj: 93019 rows, 18189 columns, 665846 nonzeros
Set parameter TimeLimit to value 111.6020691
Warning: unknown variable 'r_max' in bounds section (line 103361)
Warning: unknown variable 'r_min' in bounds section (line 103362)
Read LP format model from file E:\codes\ExactEBRP\results\gf_cplex_equivalent_gurobi_replica_round28\runs\stage2__tight_T_seed6102__c3_replica__300s\external\models\R.0.0.lp
Reading time = 0.22 seconds
obj: 93019 rows, 18189 columns, 665236 nonzeros
Set parameter TimeLimit to value 107.550264
Warning: unknown variable 'r_max' in bounds section (line 103361)
Warning: unknown variable 'r_min' in bounds section (line 103362)
Read LP format model from file E:\codes\ExactEBRP\results\gf_cplex_equivalent_gurobi_replica_round28\runs\stage2__tight_T_seed6102__c3_replica__300s\external\models\R.0.1.lp
Reading time = 0.22 seconds
obj: 93019 rows, 18189 columns, 665846 nonzeros
Set parameter TimeLimit to value 101.0223324
Warning: unknown variable 'r_max' in bounds section (line 103361)
Warning: unknown variable 'r_min' in bounds section (line 103362)
Read LP format model from file E:\codes\ExactEBRP\results\gf_cplex_equivalent_gurobi_replica_round28\runs\stage2__tight_T_seed6102__c3_replica__300s\external\models\R.0.1.0.lp
Reading time = 0.22 seconds
obj: 93019 rows, 18189 columns, 665846 nonzeros
Set parameter TimeLimit to value 96.547383
Warning: unknown variable 'r_max' in bounds section (line 103361)
Warning: unknown variable 'r_min' in bounds section (line 103362)
Read LP format model from file E:\codes\ExactEBRP\results\gf_cplex_equivalent_gurobi_replica_round28\runs\stage2__tight_T_seed6102__c3_replica__300s\external\models\R.0.1.1.lp
Reading time = 0.22 seconds
obj: 93019 rows, 18189 columns, 665846 nonzeros
Set parameter TimeLimit to value 8.4408898499999992e+01
Warning: unknown variable 'r_max' in bounds section (line 103361)
Warning: unknown variable 'r_min' in bounds section (line 103362)
Read LP format model from file E:\codes\ExactEBRP\results\gf_cplex_equivalent_gurobi_replica_round28\runs\stage2__tight_T_seed6102__c3_replica__300s\external\models\R.0.1.1.0.lp
Reading time = 0.22 seconds
obj: 93019 rows, 18189 columns, 665846 nonzeros
Set parameter TimeLimit to value 79.6167187
Warning: unknown variable 'r_max' in bounds section (line 103361)
Warning: unknown variable 'r_min' in bounds section (line 103362)
Read LP format model from file E:\codes\ExactEBRP\results\gf_cplex_equivalent_gurobi_replica_round28\runs\stage2__tight_T_seed6102__c3_replica__300s\external\models\R.0.1.1.1.lp
Reading time = 0.22 seconds
obj: 93019 rows, 18189 columns, 665846 nonzeros
Set parameter TimeLimit to value 74.8891943
Warning: unknown variable 'r_max' in bounds section (line 103361)
Warning: unknown variable 'r_min' in bounds section (line 103362)
Read LP format model from file E:\codes\ExactEBRP\results\gf_cplex_equivalent_gurobi_replica_round28\runs\stage2__tight_T_seed6102__c3_replica__300s\external\models\R.0.1.1.0.0.lp
Reading time = 0.22 seconds
obj: 93019 rows, 18189 columns, 665846 nonzeros
Set parameter TimeLimit to value 70.2192929
Warning: unknown variable 'r_max' in bounds section (line 103361)
Warning: unknown variable 'r_min' in bounds section (line 103362)
Read LP format model from file E:\codes\ExactEBRP\results\gf_cplex_equivalent_gurobi_replica_round28\runs\stage2__tight_T_seed6102__c3_replica__300s\external\models\R.0.1.1.0.1.lp
Reading time = 0.22 seconds
obj: 93019 rows, 18189 columns, 665846 nonzeros
Set parameter TimeLimit to value 6.5143389100000007e+01
Warning: unknown variable 'r_max' in bounds section (line 103361)
Warning: unknown variable 'r_min' in bounds section (line 103362)
Read LP format model from file E:\codes\ExactEBRP\results\gf_cplex_equivalent_gurobi_replica_round28\runs\stage2__tight_T_seed6102__c3_replica__300s\external\models\R.0.1.1.0.0.0.lp
Reading time = 0.22 seconds
obj: 93019 rows, 18189 columns, 665846 nonzeros
Set parameter TimeLimit to value 60.5579465
Warning: unknown variable 'r_max' in bounds section (line 103361)
Warning: unknown variable 'r_min' in bounds section (line 103362)
Read LP format model from file E:\codes\ExactEBRP\results\gf_cplex_equivalent_gurobi_replica_round28\runs\stage2__tight_T_seed6102__c3_replica__300s\external\models\R.0.1.1.0.0.1.lp
Reading time = 0.22 seconds
obj: 93019 rows, 18189 columns, 665846 nonzeros
Set parameter TimeLimit to value 5.5695194400000005e+01
Warning: unknown variable 'r_max' in bounds section (line 103361)
Warning: unknown variable 'r_min' in bounds section (line 103362)
Read LP format model from file E:\codes\ExactEBRP\results\gf_cplex_equivalent_gurobi_replica_round28\runs\stage2__tight_T_seed6102__c3_replica__300s\external\models\R.0.1.1.0.0.1.0.lp
Reading time = 0.22 seconds
obj: 93019 rows, 18189 columns, 665846 nonzeros
Set parameter TimeLimit to value 50.3283771
Warning: unknown variable 'r_max' in bounds section (line 103361)
Warning: unknown variable 'r_min' in bounds section (line 103362)
Read LP format model from file E:\codes\ExactEBRP\results\gf_cplex_equivalent_gurobi_replica_round28\runs\stage2__tight_T_seed6102__c3_replica__300s\external\models\R.0.1.1.0.0.1.1.lp
Reading time = 0.22 seconds
obj: 93019 rows, 18189 columns, 665846 nonzeros
Set parameter TimeLimit to value 4.5898025199999992e+01
Warning: unknown variable 'r_max' in bounds section (line 103361)
Warning: unknown variable 'r_min' in bounds section (line 103362)
Read LP format model from file E:\codes\ExactEBRP\results\gf_cplex_equivalent_gurobi_replica_round28\runs\stage2__tight_T_seed6102__c3_replica__300s\external\models\R.0.1.1.0.0.1.0.0.lp
Reading time = 0.22 seconds
obj: 93019 rows, 18189 columns, 665846 nonzeros
Set parameter TimeLimit to value 40.7288729
Warning: unknown variable 'r_max' in bounds section (line 103361)
Warning: unknown variable 'r_min' in bounds section (line 103362)
Read LP format model from file E:\codes\ExactEBRP\results\gf_cplex_equivalent_gurobi_replica_round28\runs\stage2__tight_T_seed6102__c3_replica__300s\external\models\R.0.1.1.0.0.1.0.1.lp
Reading time = 0.22 seconds
obj: 93019 rows, 18189 columns, 665846 nonzeros
Set parameter TimeLimit to value 3.5734935699999994e+01
Warning: unknown variable 'r_max' in bounds section (line 103361)
Warning: unknown variable 'r_min' in bounds section (line 103362)
Read LP format model from file E:\codes\ExactEBRP\results\gf_cplex_equivalent_gurobi_replica_round28\runs\stage2__tight_T_seed6102__c3_replica__300s\external\models\R.0.1.1.0.0.1.0.1.1.lp
Reading time = 0.22 seconds
obj: 93019 rows, 18189 columns, 665846 nonzeros
Set parameter TimeLimit to value 3.0809062799999992e+01
Warning: unknown variable 'r_max' in bounds section (line 103361)
Warning: unknown variable 'r_min' in bounds section (line 103362)
Read LP format model from file E:\codes\ExactEBRP\results\gf_cplex_equivalent_gurobi_replica_round28\runs\stage2__tight_T_seed6102__c3_replica__300s\external\models\R.0.1.1.0.0.1.0.1.0.lp
Reading time = 0.23 seconds
obj: 93019 rows, 18189 columns, 665846 nonzeros
Set parameter TimeLimit to value 2.6223117799999997e+01
Warning: unknown variable 'r_max' in bounds section (line 103361)
Warning: unknown variable 'r_min' in bounds section (line 103362)
Read LP format model from file E:\codes\ExactEBRP\results\gf_cplex_equivalent_gurobi_replica_round28\runs\stage2__tight_T_seed6102__c3_replica__300s\external\models\R.0.1.1.0.0.1.0.1.0.0.lp
Reading time = 0.22 seconds
obj: 93019 rows, 18189 columns, 665846 nonzeros
Set parameter TimeLimit to value 2.0246661200000005e+01
Warning: unknown variable 'r_max' in bounds section (line 103361)
Warning: unknown variable 'r_min' in bounds section (line 103362)
Read LP format model from file E:\codes\ExactEBRP\results\gf_cplex_equivalent_gurobi_replica_round28\runs\stage2__tight_T_seed6102__c3_replica__300s\external\models\R.0.1.1.0.0.1.0.1.0.0.lp
Reading time = 0.22 seconds
obj: 93019 rows, 18189 columns, 665846 nonzeros
Set parameter TimeLimit to value 1.6541723700000006e+01
