Version identifier: 22.1.1.0 | 2022-11-27 | 9160aff4d
CPXPARAM_Preprocessing_Reduce                    0
CPXPARAM_Preprocessing_Linear                    0
CPXPARAM_Threads                                 1
CPXPARAM_MIP_Strategy_Search                     1
CPXPARAM_TimeLimit                               273.98300549999999
CPXPARAM_MIP_Tolerances_AbsMIPGap                0
CPXPARAM_MIP_Tolerances_MIPGap                   0
Generic callback                                 0xf8
Tried aggregator 0 times.
Reduced MIP has 11895 rows, 3370 columns, and 66704 nonzeros.
Reduced MIP has 1495 binaries, 194 generals, 0 SOSs, and 0 indicators.
Presolve time = 0.00 sec. (2.26 ticks)
Probing fixed 6 vars, tightened 25 bounds.
Probing time = 0.06 sec. (140.42 ticks)
Cover probing fixed 0 vars, tightened 296 bounds.
Clique table members: 35726.
MIP emphasis: balance optimality and feasibility.
MIP search method: traditional branch-and-cut.
Parallel mode: none, using 1 thread.
Root relaxation solution time = 0.44 sec. (1216.22 ticks)

        Nodes                                         Cuts/
   Node  Left     Objective  IInf  Best Integer    Best Bound    ItCnt     Gap         Variable B NodeID Parent  Depth

      0     0        1.2998   260                      1.2998     6861         
      0     0        1.4136   337                   Cuts: 253     8335         
      0     0        1.4214   373                   Cuts: 280     8968         
      0     0        1.4275   362                   Cuts: 182     9618         
      0     0        1.4305   383                   Cuts: 198    10049         
      0     0        1.4321   370                   Cuts: 205    10411         
      0     0        1.4335   328                   Cuts: 147    10731         
      0     0        1.4356   357                   Cuts: 180    11743         
      0     0        1.4361   383                   Cuts: 120    12587         
      0     0        1.4365   382                   Cuts: 147    12992         
      0     0        1.4368   406                    Cuts: 91    13455         
      0     0        1.4370   389                   Cuts: 124    13676         
      0     0        1.4371   384                    Cuts: 86    14025         
      0     0        1.4371   385                   Cuts: 102    14352         
      0     2        1.4371   378                      1.4371    14352                                 0             0
Elapsed time = 7.17 sec. (17415.44 ticks, tree = 0.01 MB, solutions = 0)
      1     1    infeasible                            1.4371    16253                          X      1      0      1
      2     2        1.6446   330                      1.6446    20486                          X      2      0      1
      4     4        1.6484   341                      1.6446    21207                          X      4      3      3
      5     5        1.7371   203                      1.6446    24471                          X      5      3      3
      6     6        1.6529   346                      1.6446    24953                          X      6      4      4
      7     7        1.6778   199                      1.6446    26370                          X      7      4      4
      8     8        1.6943   332                      1.6446    28079                          X      8      6      5
      9     9        1.6618   310                      1.6446    28726                          X      9      6      5
     10    10        1.6660   332                      1.6446    29889                          X     10      9      6
     14    14        1.6685   253                      1.6446    32795                          X     14     12      8
Elapsed time = 10.91 sec. (25249.70 ticks, tree = 0.98 MB, solutions = 0)
     17    17        1.6694   229                      1.6446    33434                          X     17     16     10
     18    18        1.6700   227                      1.6446    33886                          X     18     16     10
     19    19        1.6700   226                      1.6446    33902                 bit_13_5 U     19     18     11
     26    26        1.6711   238                      1.6446    34631                 bit_14_4 U     26     24     16
     30    30        1.6763   212                      1.6446    35812                   z_2_19 D     30     29     19
     31    31        1.7161   233                      1.6446    37617                   z_2_19 U     31     29     19
     33    33        1.6938   208                      1.6446    41365                   z_2_18 U     33     32     21
     35    35        1.6938   208                      1.6446    42421                  bit_8_5 U     35     33     22
     41    35    infeasible                            1.6446    45788                    z_2_1 D     41     39     25
     43    35        1.6672   315                      1.6660    58049                          X     43     10      7
Elapsed time = 21.49 sec. (48647.59 ticks, tree = 3.46 MB, solutions = 0)
     46    38        1.6690   301                      1.6660    60507                          X     46     45      9
     47    39        1.6696   325                      1.6660    60840                          X     47     46     10
     49    41        1.6862   292                      1.6660    62710                    z_2_1 U     49     48     11
     53    43    infeasible                            1.6660    63441                 bit_18_4 U     53     51     14
     60    48        1.7007   203                      1.6660    64520                  bit_2_4 U     60     58     20
     70    54        1.7220   194                      1.6660    65821                  bit_4_4 U     70     69     26
     83    63    infeasible                            1.6660    66734                x_1_12_10 U     83     81     34
     93    67    infeasible                            1.6660    68002                  bit_6_4 N     93     90     41
     95    69        1.6841   283                      1.6668    69809                          X     95     94      8
     98    72        1.7247   218                      1.6668    72018                    z_2_1 N     98     97     11
Elapsed time = 27.11 sec. (61789.03 ticks, tree = 7.55 MB, solutions = 0)
    103    77        1.7359   222                      1.6668    72292                  bit_4_4 N    103    102     16
    115    88        1.7472   193                      1.6668    73592                   z_1_19 D    115    114     28
    120    88        1.6712   213                      1.6671    75836                          X    120     11      7
    124    92        1.6729   222                      1.6671    77043                          X    124    121      9
    128    96        1.6865   266                      1.6671    78873                 bit_13_5 D    128    127     12
    131    97    infeasible                            1.6671    81694                  bit_8_5 D    131    129     14
    132    98        1.7199   187                      1.6671    83347                 bit_18_4 N    132    130     15
    139   101        1.6675   274                      1.6671    84845                          X    139     13      9
    142   104        1.6841   286                      1.6671    87046                    z_2_1 U    142    141     11
    151   111        1.7001   208                      1.6671    88829                   z_1_19 D    151    150     19
Elapsed time = 33.36 sec. (75561.49 ticks, tree = 11.94 MB, solutions = 0)
    155   111        1.6680   300                      1.6678    90868                          X    155     13      9
    158   114        1.6857   264                      1.6678    93776                    z_2_1 N    158    157     11
    159   115        1.7167   183                      1.6678    95269                 bit_13_5 N    159    158     12
    161   117        1.7287   167                      1.6678    95817                   z_1_19 D    161    160     14
    175   127        1.7479   132                      1.6678    97505                 x_1_0_18 U    175    173     23
    178   126        1.6745   297                      1.6678    99306                    z_2_1 N    178    141     11
    181   129        1.6779   290                      1.6678   100133                 bit_16_5 N    181    180     14
    182   130        1.6979   252                      1.6678   101565                   z_2_18 N    182    181     15
    191   137        1.7270   229                      1.6678   103188                  x_2_8_0 D    191    190     23
    200   144        1.7312   176                      1.6678   104438                 bit_14_4 U    200    199     31
Elapsed time = 39.08 sec. (88720.28 ticks, tree = 15.68 MB, solutions = 0)
    206   146        1.6685   330                      1.6682   106379                          X    206     45      9
    209   149        1.6876   264                      1.6682   108586                    z_2_1 N    209    208     11
    211   151        1.7189   234                      1.6682   109941                    d_0_8 D    211    210     13
    223   161        1.7455   144                      1.6682   111580                 x_1_0_18 U    223    221     23
    234   166        1.6749   311                      1.6683   114876                    z_2_1 N    234    140     11
    236   168        1.7211   282                      1.6683   116688                 bit_13_5 N    236    235     13
    244   176        1.7275   224                      1.6683   117273                  x_2_8_0 D    244    243     21
    253   185        1.7493   167                      1.6683   118440                  x_0_4_0 D    253    252     30
    260   188        1.6863   296                      1.6683   121068                    z_2_1 N    260    156     11
    261   189        1.7167   245                      1.6683   122761                 bit_13_5 N    261    260     12
Elapsed time = 45.45 sec. (103812.49 ticks, tree = 20.78 MB, solutions = 0)
    280   207        1.7355   192                      1.6683   123580                 x_1_4_10 D    280    278     30
    287   208        1.7372   184                      1.6683   125012                 x_1_0_15 D    287    285     34
    293   210        1.6742   324                      1.6685   126886                    z_2_1 N    293    156     11
    295   212        1.7200   296                      1.6685   129011                 bit_13_5 N    295    294     13
    303   220        1.7333   178                      1.6685   130300                    z_1_1 D    303    302     21
    307   220        1.6861   300                      1.6685   132920                    z_2_1 N    307    306     11
    308   221        1.7176   202                      1.6685   134608                 bit_13_5 N    308    307     12
    320   231        1.7362   191                      1.6685   135666                x_1_13_10 D    320    319     23
    340   249        1.7403   198                      1.6685   136550                  x_1_7_8 D    340    339     41
    347   250        1.6697   263                      1.6686   138393                          X    347     15     10
Elapsed time = 51.27 sec. (117190.59 ticks, tree = 27.69 MB, solutions = 0)
    348   251        1.6857   305                      1.6686   140707                    z_2_1 N    348    347     11
    349   252        1.7182   192                      1.6686   142426                 bit_13_5 N    349    348     12
    376   275        1.6754   323                      1.6687   145165                    z_2_1 N    376    208     11
    378   277        1.7219   297                      1.6687   146896                 bit_13_5 N    378    377     13
    393   292        1.7356   252                      1.6687   148119                  x_2_8_0 D    393    392     28
    399   294        1.6742   325                      1.6691   150521                    z_2_1 N    399    157     11
    400   295        1.6980   334                      1.6691   151887                   z_2_19 N    400    399     12
    402   297        1.7195   299                      1.6691   153074                   d_1_16 D    402    401     14
    409   304        1.7333   201                      1.6691   154240                    z_1_1 D    409    408     21
    421   314        1.7449   238                      1.6691   156001                 x_0_13_7 D    421    420     32
Elapsed time = 56.91 sec. (130398.88 ticks, tree = 34.92 MB, solutions = 0)
    424   313        1.6746   279                      1.6691   157192                    z_2_1 N    424    306     11
    425   314        1.6974   345                      1.6691   158495                   z_2_19 N    425    424     12
    427   316        1.7236   267                      1.6691   160229                 bit_13_5 N    427    426     14
    437   324        1.7436   181                      1.6691   161925                    z_1_1 D    437    436     23
    441   322        1.6765   325                      1.6691   164262                    z_2_1 N    441     48     11
    442   323        1.6818   281                      1.6691   165410                    z_1_1 N    442    441     12
    443   324        1.7156   218                      1.6691   167017                   z_2_19 N    443    442     13
    445   326        1.7443   214                      1.6691   168490                 bit_13_5 N    445    444     15
    449   326        1.6759   325                      1.6693   169971                    z_2_1 N    449    207     11
    450   327        1.7056   288                      1.6693   171320                   z_2_19 N    450    449     12
Elapsed time = 62.05 sec. (142821.36 ticks, tree = 36.27 MB, solutions = 0)
    452   329        1.7130   205                      1.6693   172603                    z_1_1 N    452    450     13
    455   332        1.7440   221                      1.6693   175074                 bit_13_5 N    455    454     15
    463   336        1.6883   293                      1.6694   176980                    z_2_1 N    463    207     11
    467   340        1.7197   244                      1.6694   178952                 bit_18_3 N    467    466     15
    480   353        1.7357   259                      1.6694   180378                 x_1_0_18 D    480    479     28
    494   361        1.6704   289                      1.6695   182948                 bit_16_5 N    494     17     11
    496   363        1.6856   287                      1.6695   185066                    z_2_1 N    496    495     13
    497   364        1.7193   198                      1.6695   186547                 bit_13_5 N    497    496     14
    514   381        1.7396   199                      1.6695   187981                x_0_14_11 D    514    513     30
    533   392        1.7035   296                      1.6697   193545                    z_2_1 N    533    532     12
Elapsed time = 69.22 sec. (159667.55 ticks, tree = 43.73 MB, solutions = 0)
    560   413        1.6705   368                      1.6697   199181                          X    560     44      9
    574   427        1.7351   222                      1.6697   203993                   z_1_19 D    574    573     21
    585   434        1.7225   280                      1.6697   208794                  x_1_0_2 D    585    584     17
    606   451        1.6890   237                      1.6697   214511                 bit_13_5 N    606    605     14
    614   455        1.6869   291                      1.6697   220645                    z_2_1 N    614    140     11
    622   459    infeasible                            1.6697   226000                 x_1_0_13 N    622    620     18
    629   464        1.7062   278                      1.6699   230888                    z_1_1 N    629    627     15
    633   464        1.6924   295                      1.6700   235120                 bit_18_4 N    633    632     12
    664   491        1.6711   302                      1.6700   241264                 bit_16_5 N    664     19     12
    686   505    infeasible                            1.6700   246451                x_0_12_13 U    686    684     30
Elapsed time = 87.66 sec. (202091.77 ticks, tree = 56.72 MB, solutions = 0)
    706   517        1.6799   287                      1.6700   253355                 bit_16_5 N    706     19     12
    719   526        1.6713   281                      1.6700   259106                  bit_7_4 N    719     28     19
    721   528        1.7240   209                      1.6700   264659                    d_0_8 D    721    720     21
    727   530        1.7213   218                      1.6700   273660                    z_2_1 N    727    726     15
    732   531        1.6724   301                      1.6700   278536                  bit_2_4 N    732     25     17
    735   532    infeasible                            1.6700   285128                   z_0_18 N    735    734     20
    738   533        1.7226   210                      1.6701   293367                    z_2_1 N    738    737     20
    744   531    infeasible                            1.6701   303093                 bit_16_5 D    744     20     12
    751   536        1.7267   269                      1.6705   307848                  x_2_8_0 D    751    750     18
    758   537        1.7174   265                      1.6707   311407                 bit_13_5 N    758    757     13
Elapsed time = 109.62 sec. (250238.26 ticks, tree = 60.56 MB, solutions = 0)
    765   540        1.6810   336                      1.6711   314660                 bit_13_5 N    765    764     13
    772   543        1.6722   276                      1.6711   319265                  bit_2_4 N    772     26     17
    775   544    infeasible                            1.6711   325729                   z_0_18 N    775    774     20
    778   545        1.7253   213                      1.6712   333269                    z_2_1 N    778    777     18
    786   547        1.6829   305                      1.6713   338730                    d_0_8 D    786    785     15
    792   547    infeasible                            1.6713   344156                 bit_18_3 U    792    790     19
    799   552    infeasible                            1.6713   349746                 bit_13_5 N    799    798     17
    820   571    infeasible                            1.6713   353053                 x_1_6_13 U    820    818     34
    833   579    infeasible                            1.6714   362728                   z_2_19 N    833    832     23
    839   581        1.7077   262                      1.6715   368677                   z_2_19 N    839    838     17
Elapsed time = 129.47 sec. (295890.84 ticks, tree = 65.73 MB, solutions = 0)
    862   599        1.7395   198                      1.6715   373056                 x_0_0_10 U    862    860     36
    872   605        1.7344   203                      1.6719   378274                   z_0_18 U    872    871     17
    880   607    infeasible                            1.6722   382857                   z_2_19 N    880    879     17
    889   612        1.7048   291                      1.6722   387540                   z_2_19 U    889    888     16
    910   626    infeasible                            1.6722   393259                 x_1_12_7 U    910    907     32
    938   648        1.7356   169                      1.6722   398515                 x_2_0_16 U    938    936     53
    969   675        1.7163   192                      1.6723   403269                  x_1_7_0 D    969    968     39
    994   694        1.6843   262                      1.6725   408548                    z_1_1 D    994    993     21
    995   695        1.7369   232                      1.6725   414631                   z_2_19 U    995    994     22
   1000   696        1.6935   217                      1.6726   420869                    z_1_1 N   1000    999     20
Elapsed time = 146.86 sec. (336050.86 ticks, tree = 78.74 MB, solutions = 0)
   1007   697        1.6924   208                      1.6729   429374                    z_1_1 N   1007   1006     17
   1014   698        1.6874   255                      1.6729   435245                    z_2_1 N   1014   1013     11
   1096   778        1.7234   204                      1.6729   439493                 x_1_0_17 D   1096   1095     92
   1113   787        1.6831   313                      1.6733   445681                    z_2_1 N   1113    579     12
   1128   798        1.6808   316                      1.6733   451240                   z_1_19 D   1128   1127     12
   1138   801        1.6808   314                      1.6736   456520                    d_0_8 D   1138   1137     21
   1142   801    infeasible                            1.6736   463612                  x_2_8_0 N   1142   1140     24
   1149   808        1.7068   236                      1.6739   468114                   z_2_19 N   1149   1148     15
   1167   824        1.7422   162                      1.6739   474151                   z_2_13 N   1167   1164     28
   1199   850    infeasible                            1.6739   480755                 x_0_0_13 U   1199   1197     51
Elapsed time = 166.45 sec. (379864.93 ticks, tree = 96.18 MB, solutions = 0)
   1224   867        1.7454   202                      1.6740   486996                   z_2_13 D   1224   1223     22
   1244   877        1.6956   234                      1.6742   492712                 x_1_14_0 N   1244   1243     21
   1251   880        1.6917   238                      1.6745   498434                    z_1_1 D   1251   1250     15
   1263   888        1.6842   269                      1.6746   503946                 x_1_14_0 N   1263   1262     17
   1293   914    infeasible                            1.6746   509237                 x_0_0_10 N   1293   1291     43
   1311   924    infeasible                            1.6747   515562                 bit_13_5 N   1311   1310     21
   1347   960        1.7352   228                      1.6747   521077                x_1_13_14 N   1347   1346     56
   1382   990        1.7125   273                      1.6748   526996                    z_1_1 D   1382   1381     15
   1402  1004        1.6932   187                      1.6748   533057                    z_1_1 D   1402   1401     16
   1419  1016        1.6981   272                      1.6748   539736                   z_1_19 N   1419   1418     16
Elapsed time = 185.24 sec. (421348.78 ticks, tree = 114.99 MB, solutions = 0)
   1440  1031        1.6827   318                      1.6748   546027                   z_2_19 N   1440    424     12
   1476  1063        1.7371   162                      1.6748   551920                 x_0_0_16 D   1476   1474     46
   1493  1074        1.7193   211                      1.6749   557618                 bit_18_2 U   1493   1492     24
   1526  1092    infeasible                            1.6749   564103                   p_2_18 N   1526   1523     48
   1540  1097        1.7399   199                      1.6751   569800                    z_1_1 D   1540   1539     19
   1558  1106        1.6948   267                      1.6755   575686                   z_2_13 N   1558   1396     11
   1572  1120        1.7372   213                      1.6755   580856                  bit_4_4 D   1572   1571     24
   1596  1132        1.7122   206                      1.6756   586561                    z_1_1 D   1596   1595     17
   1628  1159        1.6926   316                      1.6763   591503                 x_0_0_10 U   1628   1627     16
   1645  1176        1.7249   202                      1.6763   597075                 bit_18_3 D   1645   1644     31
Elapsed time = 203.72 sec. (462533.50 ticks, tree = 133.13 MB, solutions = 0)
   1650  1177        1.6876   293                      1.6763   603489                   z_2_13 N   1650   1649     21
   1659  1186        1.7478   178                      1.6763   608990                   z_1_19 D   1659   1658     30
   1677  1200        1.7022   216                      1.6764   614714                   z_2_19 D   1677   1676     18
   1699  1218        1.7456   192                      1.6764   620204                 x_2_0_16 D   1699   1698     37
   1711  1222        1.7134   257                      1.6766   625456                   z_2_18 D   1711   1710     20
   1726  1233        1.7177   278                      1.6767   630847                  x_1_0_2 U   1726   1724     14
   1741  1240        1.6983   231                      1.6769   636776                   z_2_19 N   1741   1397     12
   1755  1253        1.7201   228                      1.6769   642615                 x_1_14_0 N   1755   1754     24
   1773  1267        1.6933   278                      1.6770   647590                    z_1_1 N   1773    441     12
   1786  1274        1.7236   314                      1.6771   653930                   z_2_13 U   1786   1722     12
Elapsed time = 222.72 sec. (504950.02 ticks, tree = 144.21 MB, solutions = 0)
   1799  1283        1.7145   263                      1.6771   659500                 x_1_14_0 N   1799   1798     16
   1840  1308    infeasible                            1.6771   665452                 x_1_13_1 U   1840   1838     49
   1858  1316        1.6794   355                      1.6772   669937                 bit_13_5 N   1858    625     13
   1866  1324        1.7481   230                      1.6772   674885                 x_1_14_0 N   1866   1864     19
   1879  1332        1.7187   251                      1.6772   680790                 x_0_0_10 U   1879   1878     21
   1884  1334        1.7137   294                      1.6772   686640                 x_0_0_10 U   1884   1883     18
   1898  1342        1.6991   265                      1.6773   692263                   z_0_18 N   1898   1897     13
   1936  1366    infeasible                            1.6774   698467                 bit_18_4 U   1936    624     12
   1941  1367    infeasible                            1.6776   703993                 x_0_0_10 N   1941   1940     15
   1976  1396        1.6904   239                      1.6777   710538                 x_1_0_19 N   1976   1545     12
Elapsed time = 241.49 sec. (545663.96 ticks, tree = 158.02 MB, solutions = 0)
   1993  1410        1.7358   231                      1.6777   716167                x_1_13_10 U   1993   1991     25
   2023  1430        1.6927   285                      1.6778   722356                    z_1_1 D   2023   2022     15
   2050  1453        1.6942   255                      1.6778   728112                    z_1_1 U   2050   2048     12
   2078  1480        1.7095   212                      1.6778   734554                 x_1_0_18 D   2078   2077     38
   2129  1511    infeasible                            1.6778   740215                 x_0_0_11 U   2129   2128     77
   2150  1525    infeasible                            1.6778   747052                   z_1_19 D   2150   2149     22
   2160  1529        1.6907   261                      1.6778   750650                   z_2_18 N   2160   1546     13
   2172  1538        1.6885   242                      1.6779   757291                    z_1_1 N   2172    886     14
   2192  1556    infeasible                            1.6779   763289                     Y_19 N   2192   2191     34
   2203  1561        1.7470   257                      1.6779   768506                   z_2_13 N   2203   2201     19
Elapsed time = 261.28 sec. (586584.49 ticks, tree = 176.40 MB, solutions = 0)
   2210  1564        1.6993   189                      1.6779   774074                    z_2_1 N   2210   2209     17
   2236  1581    infeasible                            1.6779   779839                  x_0_0_4 D   2236   2235     39
   2246  1587        1.7027   305                      1.6780   785166                 x_1_0_19 D   2246   2245     19
   2253  1591        1.7208   269                      1.6780   790323                 x_0_0_10 D   2253   2251     23
   2286  1614        1.6990   299                      1.6780   796562                   z_1_19 D   2286   2285     16
   2310  1634        1.6897   243                      1.6781   802747                 x_1_0_19 U   2310   2308     16

GUB cover cuts applied:  3
Clique cuts applied:  17
Cover cuts applied:  18
Implied bound cuts applied:  257
Flow cuts applied:  180
Mixed integer rounding cuts applied:  39
Zero-half cuts applied:  22

Root node processing (before b&c):
  Real time             =    7.09 sec. (17263.95 ticks)
Sequential b&c:
  Real time             =  266.89 sec. (596353.42 ticks)
                          ------------
Total (root+branch&cut) =  273.99 sec. (613617.38 ticks)
CPLEX Error  1217: No solution exists.
CPLEX Error  1217: No solution exists.
CPLEX Error  1217: No solution exists.
high_imbalance_seed3202.txt gcap-frontier global_gini_tree_not_certified obj=1.74931 runtime=294.196 columns=0
