Version identifier: 22.1.1.0 | 2022-11-27 | 9160aff4d
CPXPARAM_Threads                                 1
CPXPARAM_MIP_Strategy_Search                     1
CPXPARAM_TimeLimit                               30
CPXPARAM_MIP_Tolerances_AbsMIPGap                0
CPXPARAM_MIP_Tolerances_MIPGap                   0
Tried aggregator 2 times.
MIP Presolve eliminated 24 rows and 0 columns.
MIP Presolve modified 40 coefficients.
Aggregator did 11 substitutions.
Reduced MIP has 752 rows, 378 columns, and 3062 nonzeros.
Reduced MIP has 220 binaries, 54 generals, 0 SOSs, and 0 indicators.
Presolve time = 0.00 sec. (2.85 ticks)
Found incumbent of value 0.948275 after 0.00 sec. (4.03 ticks)
Probing fixed 0 vars, tightened 10 bounds.
Probing time = 0.00 sec. (2.75 ticks)
Tried aggregator 1 time.
Detecting symmetries...
Reduced MIP has 752 rows, 378 columns, and 3062 nonzeros.
Reduced MIP has 220 binaries, 54 generals, 0 SOSs, and 0 indicators.
Presolve time = 0.02 sec. (2.07 ticks)
Probing time = 0.00 sec. (2.68 ticks)
Clique table members: 1841.
MIP emphasis: balance optimality and feasibility.
MIP search method: traditional branch-and-cut.
Parallel mode: none, using 1 thread.
Root relaxation solution time = 0.00 sec. (5.87 ticks)

        Nodes                                         Cuts/
   Node  Left     Objective  IInf  Best Integer    Best Bound    ItCnt     Gap         Variable B NodeID Parent  Depth

*     0+    0                            0.9483        0.0000           100.00%
      0     0        0.0930    86        0.9483        0.0930      198   90.19%
      0     0        0.0947    85        0.9483      Cuts: 67      278   90.02%
      0     0        0.0957   106        0.9483      Cuts: 42      356   89.91%
      0     0        0.0968   104        0.9483      Cuts: 31      380   89.79%
      0     0        0.0968   102        0.9483       Cuts: 8      397   89.79%
      0     0        0.0968    77        0.9483      Cuts: 10      404   89.79%
      0     0        0.0968    77        0.9483      Cuts: 20      417   89.79%
*     0+    0                            0.9483        0.0968            89.79%
      0     0  -1.00000e+75     0        0.9483        0.0968      417   89.79%
      0     2        0.0968    77        0.9483        0.0968      417   89.79%                        0             0
Elapsed time = 0.09 sec. (150.97 ticks, tree = 0.01 MB, solutions = 2)
*    30+   29                            0.3273        0.1046            68.04%
    122    94        cutoff              0.3273        0.1268     2562   61.25%           z_1_5 U    122    121     29
*   140+  101                            0.2766        0.1284            53.59%
*   180+  115                            0.2371        0.1284            45.86%
*   280+   75                            0.2100        0.1450            30.95%
*   280+   60                            0.2013        0.1450            27.96%
    280    62        0.1756    55        0.2013        0.1450     5452   27.96%         bit_7_3 D    280    279     18
    533   180        0.1608    82        0.2013        0.1498    11668   25.58%           z_1_5 U    533    532     26
    860   400        0.1723    61        0.2013        0.1531    18075   23.94%         bit_7_3 U    860    859     24
*   890+  413                            0.1974        0.1531            22.45%
*   990+  405                            0.1870        0.1541            17.56%
*   990+  365                            0.1834        0.1541            15.97%
   1120   464        0.1718    26        0.1834        0.1549    23155   15.55%           z_1_6 U   1120   1119     31
   1421   665        0.1620    35        0.1834        0.1562    28167   14.85%         bit_3_2 N   1421   1420     36
*  1592   735      integral     0        0.1813        0.1565    30322   13.69%
*  1609   578      integral     0        0.1757        0.1565    30475   10.95%         x_0_7_3 U   1609   1608     44
*  1709+  538                            0.1727        0.1568             9.25%
*  1709+  512                            0.1720        0.1568             8.83%
*  1709+  395                            0.1688        0.1568             7.13%
   1803   432        cutoff              0.1688        0.1570    33887    6.98%         bit_7_3 N   1803   1802     26
*  1960   466      integral     0        0.1684        0.1575    36653    6.49%
*  2000+  477                            0.1679        0.1575             6.24%
*  2100+  144                            0.1608        0.1580             1.74%
   2106   142        cutoff              0.1608        0.1580    38346    1.73%           p_0_4 N   2106   2105     24

Cover cuts applied:  8
Implied bound cuts applied:  238
Flow cuts applied:  2
Mixed integer rounding cuts applied:  6
Zero-half cuts applied:  1
Lift and project cuts applied:  6
Gomory fractional cuts applied:  14

Root node processing (before b&c):
  Real time             =    0.09 sec. (151.03 ticks)
Sequential b&c:
  Real time             =    1.16 sec. (2321.70 ticks)
                          ------------
Total (root+branch&cut) =    1.25 sec. (2472.73 ticks)
