
Gurobi 13.0.2 (win64) logging started Fri Jul 24 09:48:50 2026

Set parameter LogFile to value "E:\codes\ExactEBRP\results\gf_c0_mechanism_transfer_c5_round30\runs\stage2__tight_T_seed5103__c5_candidate__300s\native.log"
Set parameter Threads to value 1
Set parameter Presolve to value -1
Set parameter Seed to value 0
Set parameter MIPGap to value 0
Set parameter MIPGapAbs to value 0
Warning: unknown variable 'r_max' in bounds section (line 13949)
Warning: unknown variable 'r_min' in bounds section (line 13950)
Read LP format model from file E:\codes\ExactEBRP\results\gf_c0_mechanism_transfer_c5_round30\runs\stage2__tight_T_seed5103__c5_candidate__300s\external\models\L0.lp
Reading time = 0.02 seconds
obj: 11910 rows, 3376 columns, 67115 nonzeros
Set parameter TimeLimit to value 266.1607079
Warning: unknown variable 'r_max' in bounds section (line 13950)
Warning: unknown variable 'r_min' in bounds section (line 13951)
Read LP format model from file E:\codes\ExactEBRP\results\gf_c0_mechanism_transfer_c5_round30\runs\stage2__tight_T_seed5103__c5_candidate__300s\external\models\L1.lp
Reading time = 0.02 seconds
obj: 11911 rows, 3376 columns, 67363 nonzeros
Set parameter TimeLimit to value 265.9112697
Warning: unknown variable 'r_max' in bounds section (line 13950)
Warning: unknown variable 'r_min' in bounds section (line 13951)
Read LP format model from file E:\codes\ExactEBRP\results\gf_c0_mechanism_transfer_c5_round30\runs\stage2__tight_T_seed5103__c5_candidate__300s\external\models\L1.0.lp
Reading time = 0.02 seconds
obj: 11911 rows, 3376 columns, 67363 nonzeros
Set parameter TimeLimit to value 265.5125552
Warning: unknown variable 'r_max' in bounds section (line 13950)
Warning: unknown variable 'r_min' in bounds section (line 13951)
Read LP format model from file E:\codes\ExactEBRP\results\gf_c0_mechanism_transfer_c5_round30\runs\stage2__tight_T_seed5103__c5_candidate__300s\external\models\L1.1.lp
Reading time = 0.02 seconds
obj: 11911 rows, 3376 columns, 67363 nonzeros
Set parameter TimeLimit to value 265.0751075
Warning: unknown variable 'r_max' in bounds section (line 13950)
Warning: unknown variable 'r_min' in bounds section (line 13951)
Read LP format model from file E:\codes\ExactEBRP\results\gf_c0_mechanism_transfer_c5_round30\runs\stage2__tight_T_seed5103__c5_candidate__300s\external\models\L1.0.0.lp
Reading time = 0.02 seconds
obj: 11911 rows, 3376 columns, 67363 nonzeros
Set parameter TimeLimit to value 264.2296391
Warning: unknown variable 'r_max' in bounds section (line 13950)
Warning: unknown variable 'r_min' in bounds section (line 13951)
Read LP format model from file E:\codes\ExactEBRP\results\gf_c0_mechanism_transfer_c5_round30\runs\stage2__tight_T_seed5103__c5_candidate__300s\external\models\L1.0.1.lp
Reading time = 0.02 seconds
obj: 11911 rows, 3376 columns, 67363 nonzeros
Set parameter TimeLimit to value 263.777448
Warning: unknown variable 'r_max' in bounds section (line 13950)
Warning: unknown variable 'r_min' in bounds section (line 13951)
Read LP format model from file E:\codes\ExactEBRP\results\gf_c0_mechanism_transfer_c5_round30\runs\stage2__tight_T_seed5103__c5_candidate__300s\external\models\L2.lp
Reading time = 0.02 seconds
obj: 11911 rows, 3376 columns, 67363 nonzeros
Set parameter TimeLimit to value 263.3250266
Warning: unknown variable 'r_max' in bounds section (line 13950)
Warning: unknown variable 'r_min' in bounds section (line 13951)
Read LP format model from file E:\codes\ExactEBRP\results\gf_c0_mechanism_transfer_c5_round30\runs\stage2__tight_T_seed5103__c5_candidate__300s\external\models\L2.0.lp
Reading time = 0.02 seconds
obj: 11911 rows, 3376 columns, 67363 nonzeros
Set parameter TimeLimit to value 262.9574929
Warning: unknown variable 'r_max' in bounds section (line 13950)
Warning: unknown variable 'r_min' in bounds section (line 13951)
Read LP format model from file E:\codes\ExactEBRP\results\gf_c0_mechanism_transfer_c5_round30\runs\stage2__tight_T_seed5103__c5_candidate__300s\external\models\L2.1.lp
Reading time = 0.02 seconds
obj: 11911 rows, 3376 columns, 67363 nonzeros
Set parameter TimeLimit to value 262.5194332
