
Gurobi 13.0.2 (win64) logging started Thu Jul 23 13:07:09 2026

Set parameter LogFile to value "E:\codes\ExactEBRP\results\gf_gurobi_performance_recovery_round29\stage0_runs\exactness__cold_parent_reference__moderate_seed4301__c2_cold__75s\native.log"
Set parameter Threads to value 1
Set parameter Presolve to value -1
Set parameter Seed to value 0
Set parameter MIPGap to value 0
Set parameter MIPGapAbs to value 0
Warning: unknown variable 'r_max' in bounds section (line 13950)
Warning: unknown variable 'r_min' in bounds section (line 13951)
Read LP format model from file E:\codes\ExactEBRP\results\gf_gurobi_performance_recovery_round29\stage0_runs\exactness__cold_parent_reference__moderate_seed4301__c2_cold__75s\external\models\L0.lp
Reading time = 0.02 seconds
obj: 11911 rows, 3376 columns, 67111 nonzeros
Set parameter TimeLimit to value 49.7392
Warning: unknown variable 'r_max' in bounds section (line 13950)
Warning: unknown variable 'r_min' in bounds section (line 13951)
Read LP format model from file E:\codes\ExactEBRP\results\gf_gurobi_performance_recovery_round29\stage0_runs\exactness__cold_parent_reference__moderate_seed4301__c2_cold__75s\external\models\L0.0.lp
Reading time = 0.02 seconds
obj: 11911 rows, 3376 columns, 67111 nonzeros
Set parameter TimeLimit to value 4.9426784999999995e+01
Warning: unknown variable 'r_max' in bounds section (line 13950)
Warning: unknown variable 'r_min' in bounds section (line 13951)
Read LP format model from file E:\codes\ExactEBRP\results\gf_gurobi_performance_recovery_round29\stage0_runs\exactness__cold_parent_reference__moderate_seed4301__c2_cold__75s\external\models\L0.1.lp
Reading time = 0.02 seconds
obj: 11911 rows, 3376 columns, 67353 nonzeros
Set parameter TimeLimit to value 49.0975403
Warning: unknown variable 'r_max' in bounds section (line 13950)
Warning: unknown variable 'r_min' in bounds section (line 13951)
Read LP format model from file E:\codes\ExactEBRP\results\gf_gurobi_performance_recovery_round29\stage0_runs\exactness__cold_parent_reference__moderate_seed4301__c2_cold__75s\external\models\L0.0.0.lp
Reading time = 0.02 seconds
obj: 11911 rows, 3376 columns, 67111 nonzeros
Set parameter TimeLimit to value 4.8798494000000005e+01
Warning: unknown variable 'r_max' in bounds section (line 13950)
Warning: unknown variable 'r_min' in bounds section (line 13951)
Read LP format model from file E:\codes\ExactEBRP\results\gf_gurobi_performance_recovery_round29\stage0_runs\exactness__cold_parent_reference__moderate_seed4301__c2_cold__75s\external\models\L0.0.1.lp
Reading time = 0.02 seconds
obj: 11911 rows, 3376 columns, 67353 nonzeros
Set parameter TimeLimit to value 48.5170057
Warning: unknown variable 'r_max' in bounds section (line 13950)
Warning: unknown variable 'r_min' in bounds section (line 13951)
Read LP format model from file E:\codes\ExactEBRP\results\gf_gurobi_performance_recovery_round29\stage0_runs\exactness__cold_parent_reference__moderate_seed4301__c2_cold__75s\external\models\L0.0.0.0.lp
Reading time = 0.02 seconds
obj: 11911 rows, 3376 columns, 67111 nonzeros
Set parameter TimeLimit to value 48.2282619
Warning: unknown variable 'r_max' in bounds section (line 13950)
Warning: unknown variable 'r_min' in bounds section (line 13951)
Read LP format model from file E:\codes\ExactEBRP\results\gf_gurobi_performance_recovery_round29\stage0_runs\exactness__cold_parent_reference__moderate_seed4301__c2_cold__75s\external\models\L0.0.0.1.lp
Reading time = 0.02 seconds
obj: 11911 rows, 3376 columns, 67353 nonzeros
Set parameter TimeLimit to value 48.0771888
Warning: unknown variable 'r_max' in bounds section (line 13950)
Warning: unknown variable 'r_min' in bounds section (line 13951)
Read LP format model from file E:\codes\ExactEBRP\results\gf_gurobi_performance_recovery_round29\stage0_runs\exactness__cold_parent_reference__moderate_seed4301__c2_cold__75s\external\models\L0.0.0.1.0.lp
Reading time = 0.02 seconds
obj: 11911 rows, 3376 columns, 67353 nonzeros
Set parameter TimeLimit to value 47.7965982
Warning: unknown variable 'r_max' in bounds section (line 13950)
Warning: unknown variable 'r_min' in bounds section (line 13951)
Read LP format model from file E:\codes\ExactEBRP\results\gf_gurobi_performance_recovery_round29\stage0_runs\exactness__cold_parent_reference__moderate_seed4301__c2_cold__75s\external\models\L0.0.0.1.1.lp
Reading time = 0.02 seconds
obj: 11911 rows, 3376 columns, 67353 nonzeros
Set parameter TimeLimit to value 47.5155635
Warning: unknown variable 'r_max' in bounds section (line 13950)
Warning: unknown variable 'r_min' in bounds section (line 13951)
Read LP format model from file E:\codes\ExactEBRP\results\gf_gurobi_performance_recovery_round29\stage0_runs\exactness__cold_parent_reference__moderate_seed4301__c2_cold__75s\external\models\L0.0.0.1.0.0.lp
Reading time = 0.02 seconds
obj: 11911 rows, 3376 columns, 67353 nonzeros
Set parameter TimeLimit to value 4.7208874300000005e+01
Warning: unknown variable 'r_max' in bounds section (line 13950)
Warning: unknown variable 'r_min' in bounds section (line 13951)
Read LP format model from file E:\codes\ExactEBRP\results\gf_gurobi_performance_recovery_round29\stage0_runs\exactness__cold_parent_reference__moderate_seed4301__c2_cold__75s\external\models\L0.0.0.1.0.1.lp
Reading time = 0.02 seconds
obj: 11911 rows, 3376 columns, 67353 nonzeros
Set parameter TimeLimit to value 46.9141613
Warning: unknown variable 'r_max' in bounds section (line 13950)
Warning: unknown variable 'r_min' in bounds section (line 13951)
Read LP format model from file E:\codes\ExactEBRP\results\gf_gurobi_performance_recovery_round29\stage0_runs\exactness__cold_parent_reference__moderate_seed4301__c2_cold__75s\external\models\L0.0.0.1.1.0.lp
Reading time = 0.02 seconds
obj: 11911 rows, 3376 columns, 67353 nonzeros
Set parameter TimeLimit to value 4.6629215200000004e+01
Warning: unknown variable 'r_max' in bounds section (line 13950)
Warning: unknown variable 'r_min' in bounds section (line 13951)
Read LP format model from file E:\codes\ExactEBRP\results\gf_gurobi_performance_recovery_round29\stage0_runs\exactness__cold_parent_reference__moderate_seed4301__c2_cold__75s\external\models\L0.0.0.1.1.1.lp
Reading time = 0.02 seconds
obj: 11911 rows, 3376 columns, 67353 nonzeros
Set parameter TimeLimit to value 46.3432678
Warning: unknown variable 'r_max' in bounds section (line 13950)
Warning: unknown variable 'r_min' in bounds section (line 13951)
Read LP format model from file E:\codes\ExactEBRP\results\gf_gurobi_performance_recovery_round29\stage0_runs\exactness__cold_parent_reference__moderate_seed4301__c2_cold__75s\external\models\L0.0.0.1.0.0.0.lp
Reading time = 0.02 seconds
obj: 11911 rows, 3376 columns, 67353 nonzeros
Set parameter TimeLimit to value 46.0476848
Warning: unknown variable 'r_max' in bounds section (line 13950)
Warning: unknown variable 'r_min' in bounds section (line 13951)
Read LP format model from file E:\codes\ExactEBRP\results\gf_gurobi_performance_recovery_round29\stage0_runs\exactness__cold_parent_reference__moderate_seed4301__c2_cold__75s\external\models\L0.0.0.1.0.0.1.lp
Reading time = 0.02 seconds
obj: 11911 rows, 3376 columns, 67353 nonzeros
Set parameter TimeLimit to value 45.7778754
Warning: unknown variable 'r_max' in bounds section (line 13950)
Warning: unknown variable 'r_min' in bounds section (line 13951)
Read LP format model from file E:\codes\ExactEBRP\results\gf_gurobi_performance_recovery_round29\stage0_runs\exactness__cold_parent_reference__moderate_seed4301__c2_cold__75s\external\models\L0.0.0.1.0.1.0.lp
Reading time = 0.02 seconds
obj: 11911 rows, 3376 columns, 67353 nonzeros
Set parameter TimeLimit to value 45.4790472
Warning: unknown variable 'r_max' in bounds section (line 13950)
Warning: unknown variable 'r_min' in bounds section (line 13951)
Read LP format model from file E:\codes\ExactEBRP\results\gf_gurobi_performance_recovery_round29\stage0_runs\exactness__cold_parent_reference__moderate_seed4301__c2_cold__75s\external\models\L0.0.0.1.0.1.1.lp
Reading time = 0.02 seconds
obj: 11911 rows, 3376 columns, 67353 nonzeros
Set parameter TimeLimit to value 45.1779223
Warning: unknown variable 'r_max' in bounds section (line 13950)
Warning: unknown variable 'r_min' in bounds section (line 13951)
Read LP format model from file E:\codes\ExactEBRP\results\gf_gurobi_performance_recovery_round29\stage0_runs\exactness__cold_parent_reference__moderate_seed4301__c2_cold__75s\external\models\L0.0.0.1.0.0.0.lp
Reading time = 0.02 seconds
obj: 11911 rows, 3376 columns, 67353 nonzeros
Set parameter TimeLimit to value 44.999348
Warning: unknown variable 'r_max' in bounds section (line 13950)
Warning: unknown variable 'r_min' in bounds section (line 13951)
Read LP format model from file E:\codes\ExactEBRP\results\gf_gurobi_performance_recovery_round29\stage0_runs\exactness__cold_parent_reference__moderate_seed4301__c2_cold__75s\external\models\L0.0.0.1.0.0.1.lp
Reading time = 0.02 seconds
obj: 11911 rows, 3376 columns, 67353 nonzeros
Set parameter TimeLimit to value 44.9565675
Warning: unknown variable 'r_max' in bounds section (line 13950)
Warning: unknown variable 'r_min' in bounds section (line 13951)
Read LP format model from file E:\codes\ExactEBRP\results\gf_gurobi_performance_recovery_round29\stage0_runs\exactness__cold_parent_reference__moderate_seed4301__c2_cold__75s\external\models\L0.0.0.1.1.0.0.lp
Reading time = 0.02 seconds
obj: 11911 rows, 3376 columns, 67353 nonzeros
Set parameter TimeLimit to value 44.799645
Warning: unknown variable 'r_max' in bounds section (line 13950)
Warning: unknown variable 'r_min' in bounds section (line 13951)
Read LP format model from file E:\codes\ExactEBRP\results\gf_gurobi_performance_recovery_round29\stage0_runs\exactness__cold_parent_reference__moderate_seed4301__c2_cold__75s\external\models\L0.0.0.1.1.0.1.lp
Reading time = 0.02 seconds
obj: 11911 rows, 3376 columns, 67353 nonzeros
Set parameter TimeLimit to value 4.4512450900000005e+01
Warning: unknown variable 'r_max' in bounds section (line 13950)
Warning: unknown variable 'r_min' in bounds section (line 13951)
Read LP format model from file E:\codes\ExactEBRP\results\gf_gurobi_performance_recovery_round29\stage0_runs\exactness__cold_parent_reference__moderate_seed4301__c2_cold__75s\external\models\L0.0.0.1.0.1.0.lp
Reading time = 0.02 seconds
obj: 11911 rows, 3376 columns, 67353 nonzeros
Set parameter TimeLimit to value 44.345399
Warning: unknown variable 'r_max' in bounds section (line 13950)
Warning: unknown variable 'r_min' in bounds section (line 13951)
Read LP format model from file E:\codes\ExactEBRP\results\gf_gurobi_performance_recovery_round29\stage0_runs\exactness__cold_parent_reference__moderate_seed4301__c2_cold__75s\external\models\L0.0.0.1.0.1.1.lp
Reading time = 0.02 seconds
obj: 11911 rows, 3376 columns, 67353 nonzeros
Set parameter TimeLimit to value 44.3022863
Warning: unknown variable 'r_max' in bounds section (line 13950)
Warning: unknown variable 'r_min' in bounds section (line 13951)
Read LP format model from file E:\codes\ExactEBRP\results\gf_gurobi_performance_recovery_round29\stage0_runs\exactness__cold_parent_reference__moderate_seed4301__c2_cold__75s\external\models\L0.0.0.1.1.1.0.lp
Reading time = 0.02 seconds
obj: 11911 rows, 3376 columns, 67353 nonzeros
Set parameter TimeLimit to value 4.4143916000000004e+01
Warning: unknown variable 'r_max' in bounds section (line 13950)
Warning: unknown variable 'r_min' in bounds section (line 13951)
Read LP format model from file E:\codes\ExactEBRP\results\gf_gurobi_performance_recovery_round29\stage0_runs\exactness__cold_parent_reference__moderate_seed4301__c2_cold__75s\external\models\L0.0.0.1.1.1.1.lp
Reading time = 0.02 seconds
obj: 11911 rows, 3376 columns, 67353 nonzeros
Set parameter TimeLimit to value 43.8435936
Warning: unknown variable 'r_max' in bounds section (line 13950)
Warning: unknown variable 'r_min' in bounds section (line 13951)
Read LP format model from file E:\codes\ExactEBRP\results\gf_gurobi_performance_recovery_round29\stage0_runs\exactness__cold_parent_reference__moderate_seed4301__c2_cold__75s\external\models\L0.0.0.1.1.0.0.lp
Reading time = 0.02 seconds
obj: 11911 rows, 3376 columns, 67353 nonzeros
Set parameter TimeLimit to value 43.6659617
Warning: unknown variable 'r_max' in bounds section (line 13950)
Warning: unknown variable 'r_min' in bounds section (line 13951)
Read LP format model from file E:\codes\ExactEBRP\results\gf_gurobi_performance_recovery_round29\stage0_runs\exactness__cold_parent_reference__moderate_seed4301__c2_cold__75s\external\models\L0.0.0.1.1.0.1.lp
Reading time = 0.02 seconds
obj: 11911 rows, 3376 columns, 67353 nonzeros
Set parameter TimeLimit to value 43.6243594
Warning: unknown variable 'r_max' in bounds section (line 13950)
Warning: unknown variable 'r_min' in bounds section (line 13951)
Read LP format model from file E:\codes\ExactEBRP\results\gf_gurobi_performance_recovery_round29\stage0_runs\exactness__cold_parent_reference__moderate_seed4301__c2_cold__75s\external\models\L0.0.0.1.1.1.0.lp
Reading time = 0.02 seconds
obj: 11911 rows, 3376 columns, 67353 nonzeros
Set parameter TimeLimit to value 43.5827296
Warning: unknown variable 'r_max' in bounds section (line 13950)
Warning: unknown variable 'r_min' in bounds section (line 13951)
Read LP format model from file E:\codes\ExactEBRP\results\gf_gurobi_performance_recovery_round29\stage0_runs\exactness__cold_parent_reference__moderate_seed4301__c2_cold__75s\external\models\L0.0.0.1.1.1.1.lp
Reading time = 0.02 seconds
obj: 11911 rows, 3376 columns, 67353 nonzeros
Set parameter TimeLimit to value 43.5403699
Warning: unknown variable 'r_max' in bounds section (line 13950)
Warning: unknown variable 'r_min' in bounds section (line 13951)
Read LP format model from file E:\codes\ExactEBRP\results\gf_gurobi_performance_recovery_round29\stage0_runs\exactness__cold_parent_reference__moderate_seed4301__c2_cold__75s\external\models\L0.0.1.0.lp
Reading time = 0.02 seconds
obj: 11911 rows, 3376 columns, 67353 nonzeros
Set parameter TimeLimit to value 43.3807072
Warning: unknown variable 'r_max' in bounds section (line 13950)
Warning: unknown variable 'r_min' in bounds section (line 13951)
Read LP format model from file E:\codes\ExactEBRP\results\gf_gurobi_performance_recovery_round29\stage0_runs\exactness__cold_parent_reference__moderate_seed4301__c2_cold__75s\external\models\L0.0.1.1.lp
Reading time = 0.02 seconds
obj: 11911 rows, 3376 columns, 67353 nonzeros
Set parameter TimeLimit to value 43.0777837
Warning: unknown variable 'r_max' in bounds section (line 13950)
Warning: unknown variable 'r_min' in bounds section (line 13951)
Read LP format model from file E:\codes\ExactEBRP\results\gf_gurobi_performance_recovery_round29\stage0_runs\exactness__cold_parent_reference__moderate_seed4301__c2_cold__75s\external\models\L0.0.1.0.0.lp
Reading time = 0.02 seconds
obj: 11911 rows, 3376 columns, 67353 nonzeros
Set parameter TimeLimit to value 42.7796569
Warning: unknown variable 'r_max' in bounds section (line 13950)
Warning: unknown variable 'r_min' in bounds section (line 13951)
Read LP format model from file E:\codes\ExactEBRP\results\gf_gurobi_performance_recovery_round29\stage0_runs\exactness__cold_parent_reference__moderate_seed4301__c2_cold__75s\external\models\L0.0.1.0.1.lp
Reading time = 0.02 seconds
obj: 11911 rows, 3376 columns, 67353 nonzeros
Set parameter TimeLimit to value 42.4734198
Warning: unknown variable 'r_max' in bounds section (line 13950)
Warning: unknown variable 'r_min' in bounds section (line 13951)
Read LP format model from file E:\codes\ExactEBRP\results\gf_gurobi_performance_recovery_round29\stage0_runs\exactness__cold_parent_reference__moderate_seed4301__c2_cold__75s\external\models\L0.0.1.0.0.0.lp
Reading time = 0.02 seconds
obj: 11911 rows, 3376 columns, 67353 nonzeros
Set parameter TimeLimit to value 42.166546
Warning: unknown variable 'r_max' in bounds section (line 13950)
Warning: unknown variable 'r_min' in bounds section (line 13951)
Read LP format model from file E:\codes\ExactEBRP\results\gf_gurobi_performance_recovery_round29\stage0_runs\exactness__cold_parent_reference__moderate_seed4301__c2_cold__75s\external\models\L0.0.1.0.0.1.lp
Reading time = 0.02 seconds
obj: 11911 rows, 3376 columns, 67353 nonzeros
Set parameter TimeLimit to value 41.8835727
Warning: unknown variable 'r_max' in bounds section (line 13950)
Warning: unknown variable 'r_min' in bounds section (line 13951)
Read LP format model from file E:\codes\ExactEBRP\results\gf_gurobi_performance_recovery_round29\stage0_runs\exactness__cold_parent_reference__moderate_seed4301__c2_cold__75s\external\models\L0.0.1.0.0.0.0.lp
Reading time = 0.02 seconds
obj: 11911 rows, 3376 columns, 67353 nonzeros
Set parameter TimeLimit to value 41.5840745
Warning: unknown variable 'r_max' in bounds section (line 13950)
Warning: unknown variable 'r_min' in bounds section (line 13951)
Read LP format model from file E:\codes\ExactEBRP\results\gf_gurobi_performance_recovery_round29\stage0_runs\exactness__cold_parent_reference__moderate_seed4301__c2_cold__75s\external\models\L0.0.1.0.0.0.1.lp
Reading time = 0.02 seconds
obj: 11911 rows, 3376 columns, 67353 nonzeros
Set parameter TimeLimit to value 41.2678578
Warning: unknown variable 'r_max' in bounds section (line 13950)
Warning: unknown variable 'r_min' in bounds section (line 13951)
Read LP format model from file E:\codes\ExactEBRP\results\gf_gurobi_performance_recovery_round29\stage0_runs\exactness__cold_parent_reference__moderate_seed4301__c2_cold__75s\external\models\L0.0.1.0.0.0.0.lp
Reading time = 0.02 seconds
obj: 11911 rows, 3376 columns, 67353 nonzeros
Set parameter TimeLimit to value 4.1073782300000005e+01
Warning: unknown variable 'r_max' in bounds section (line 13950)
Warning: unknown variable 'r_min' in bounds section (line 13951)
Read LP format model from file E:\codes\ExactEBRP\results\gf_gurobi_performance_recovery_round29\stage0_runs\exactness__cold_parent_reference__moderate_seed4301__c2_cold__75s\external\models\L0.0.1.0.0.0.1.lp
Reading time = 0.04 seconds
obj: 11911 rows, 3376 columns, 67353 nonzeros
Set parameter TimeLimit to value 41.0312257
Warning: unknown variable 'r_max' in bounds section (line 13950)
Warning: unknown variable 'r_min' in bounds section (line 13951)
Read LP format model from file E:\codes\ExactEBRP\results\gf_gurobi_performance_recovery_round29\stage0_runs\exactness__cold_parent_reference__moderate_seed4301__c2_cold__75s\external\models\L0.0.1.0.0.1.0.lp
Reading time = 0.02 seconds
obj: 11911 rows, 3376 columns, 67353 nonzeros
Set parameter TimeLimit to value 4.0856757099999996e+01
Warning: unknown variable 'r_max' in bounds section (line 13950)
Warning: unknown variable 'r_min' in bounds section (line 13951)
Read LP format model from file E:\codes\ExactEBRP\results\gf_gurobi_performance_recovery_round29\stage0_runs\exactness__cold_parent_reference__moderate_seed4301__c2_cold__75s\external\models\L0.0.1.0.0.1.1.lp
Reading time = 0.02 seconds
obj: 11911 rows, 3376 columns, 67353 nonzeros
Set parameter TimeLimit to value 40.557482
Warning: unknown variable 'r_max' in bounds section (line 13950)
Warning: unknown variable 'r_min' in bounds section (line 13951)
Read LP format model from file E:\codes\ExactEBRP\results\gf_gurobi_performance_recovery_round29\stage0_runs\exactness__cold_parent_reference__moderate_seed4301__c2_cold__75s\external\models\L0.0.1.0.0.1.0.lp
Reading time = 0.02 seconds
obj: 11911 rows, 3376 columns, 67353 nonzeros
Set parameter TimeLimit to value 40.3794543
Warning: unknown variable 'r_max' in bounds section (line 13950)
Warning: unknown variable 'r_min' in bounds section (line 13951)
Read LP format model from file E:\codes\ExactEBRP\results\gf_gurobi_performance_recovery_round29\stage0_runs\exactness__cold_parent_reference__moderate_seed4301__c2_cold__75s\external\models\L0.0.1.0.0.1.1.lp
Reading time = 0.02 seconds
obj: 11911 rows, 3376 columns, 67353 nonzeros
Set parameter TimeLimit to value 40.3378951
Warning: unknown variable 'r_max' in bounds section (line 13950)
Warning: unknown variable 'r_min' in bounds section (line 13951)
Read LP format model from file E:\codes\ExactEBRP\results\gf_gurobi_performance_recovery_round29\stage0_runs\exactness__cold_parent_reference__moderate_seed4301__c2_cold__75s\external\models\L0.0.1.0.1.0.lp
Reading time = 0.02 seconds
obj: 11911 rows, 3376 columns, 67353 nonzeros
Set parameter TimeLimit to value 40.1841567
Warning: unknown variable 'r_max' in bounds section (line 13950)
Warning: unknown variable 'r_min' in bounds section (line 13951)
Read LP format model from file E:\codes\ExactEBRP\results\gf_gurobi_performance_recovery_round29\stage0_runs\exactness__cold_parent_reference__moderate_seed4301__c2_cold__75s\external\models\L0.0.1.0.1.1.lp
Reading time = 0.02 seconds
obj: 11911 rows, 3376 columns, 67353 nonzeros
Set parameter TimeLimit to value 39.8965096
Warning: unknown variable 'r_max' in bounds section (line 13950)
Warning: unknown variable 'r_min' in bounds section (line 13951)
Read LP format model from file E:\codes\ExactEBRP\results\gf_gurobi_performance_recovery_round29\stage0_runs\exactness__cold_parent_reference__moderate_seed4301__c2_cold__75s\external\models\L0.0.1.0.1.0.0.lp
Reading time = 0.02 seconds
obj: 11911 rows, 3376 columns, 67353 nonzeros
Set parameter TimeLimit to value 3.9613570800000005e+01
Warning: unknown variable 'r_max' in bounds section (line 13950)
Warning: unknown variable 'r_min' in bounds section (line 13951)
Read LP format model from file E:\codes\ExactEBRP\results\gf_gurobi_performance_recovery_round29\stage0_runs\exactness__cold_parent_reference__moderate_seed4301__c2_cold__75s\external\models\L0.0.1.0.1.0.1.lp
Reading time = 0.02 seconds
obj: 11911 rows, 3376 columns, 67353 nonzeros
Set parameter TimeLimit to value 39.3166406
Warning: unknown variable 'r_max' in bounds section (line 13950)
Warning: unknown variable 'r_min' in bounds section (line 13951)
Read LP format model from file E:\codes\ExactEBRP\results\gf_gurobi_performance_recovery_round29\stage0_runs\exactness__cold_parent_reference__moderate_seed4301__c2_cold__75s\external\models\L0.0.1.0.1.0.0.lp
Reading time = 0.02 seconds
obj: 11911 rows, 3376 columns, 67353 nonzeros
Set parameter TimeLimit to value 39.14058
Warning: unknown variable 'r_max' in bounds section (line 13950)
Warning: unknown variable 'r_min' in bounds section (line 13951)
Read LP format model from file E:\codes\ExactEBRP\results\gf_gurobi_performance_recovery_round29\stage0_runs\exactness__cold_parent_reference__moderate_seed4301__c2_cold__75s\external\models\L0.0.1.0.1.0.1.lp
Reading time = 0.02 seconds
obj: 11911 rows, 3376 columns, 67353 nonzeros
Set parameter TimeLimit to value 39.0972805
Warning: unknown variable 'r_max' in bounds section (line 13950)
Warning: unknown variable 'r_min' in bounds section (line 13951)
Read LP format model from file E:\codes\ExactEBRP\results\gf_gurobi_performance_recovery_round29\stage0_runs\exactness__cold_parent_reference__moderate_seed4301__c2_cold__75s\external\models\L0.0.1.0.1.1.0.lp
Reading time = 0.02 seconds
obj: 11911 rows, 3376 columns, 67353 nonzeros
Set parameter TimeLimit to value 38.9440595
Warning: unknown variable 'r_max' in bounds section (line 13950)
Warning: unknown variable 'r_min' in bounds section (line 13951)
Read LP format model from file E:\codes\ExactEBRP\results\gf_gurobi_performance_recovery_round29\stage0_runs\exactness__cold_parent_reference__moderate_seed4301__c2_cold__75s\external\models\L0.0.1.0.1.1.1.lp
Reading time = 0.02 seconds
obj: 11911 rows, 3376 columns, 67353 nonzeros
Set parameter TimeLimit to value 38.6658956
Warning: unknown variable 'r_max' in bounds section (line 13950)
Warning: unknown variable 'r_min' in bounds section (line 13951)
Read LP format model from file E:\codes\ExactEBRP\results\gf_gurobi_performance_recovery_round29\stage0_runs\exactness__cold_parent_reference__moderate_seed4301__c2_cold__75s\external\models\L0.0.1.0.1.1.0.lp
Reading time = 0.02 seconds
obj: 11911 rows, 3376 columns, 67353 nonzeros
Set parameter TimeLimit to value 38.4877677
Warning: unknown variable 'r_max' in bounds section (line 13950)
Warning: unknown variable 'r_min' in bounds section (line 13951)
Read LP format model from file E:\codes\ExactEBRP\results\gf_gurobi_performance_recovery_round29\stage0_runs\exactness__cold_parent_reference__moderate_seed4301__c2_cold__75s\external\models\L0.0.1.0.1.1.1.lp
Reading time = 0.02 seconds
obj: 11911 rows, 3376 columns, 67353 nonzeros
Set parameter TimeLimit to value 3.8445903099999995e+01
Warning: unknown variable 'r_max' in bounds section (line 13950)
Warning: unknown variable 'r_min' in bounds section (line 13951)
Read LP format model from file E:\codes\ExactEBRP\results\gf_gurobi_performance_recovery_round29\stage0_runs\exactness__cold_parent_reference__moderate_seed4301__c2_cold__75s\external\models\L0.0.1.1.0.lp
Reading time = 0.02 seconds
obj: 11911 rows, 3376 columns, 67353 nonzeros
Set parameter TimeLimit to value 3.8286362100000005e+01
Warning: unknown variable 'r_max' in bounds section (line 13950)
Warning: unknown variable 'r_min' in bounds section (line 13951)
Read LP format model from file E:\codes\ExactEBRP\results\gf_gurobi_performance_recovery_round29\stage0_runs\exactness__cold_parent_reference__moderate_seed4301__c2_cold__75s\external\models\L0.0.1.1.1.lp
Reading time = 0.02 seconds
obj: 11911 rows, 3376 columns, 67353 nonzeros
Set parameter TimeLimit to value 37.9813283
Warning: unknown variable 'r_max' in bounds section (line 13950)
Warning: unknown variable 'r_min' in bounds section (line 13951)
Read LP format model from file E:\codes\ExactEBRP\results\gf_gurobi_performance_recovery_round29\stage0_runs\exactness__cold_parent_reference__moderate_seed4301__c2_cold__75s\external\models\L0.0.1.1.0.0.lp
Reading time = 0.02 seconds
obj: 11911 rows, 3376 columns, 67353 nonzeros
Set parameter TimeLimit to value 37.6987752
Warning: unknown variable 'r_max' in bounds section (line 13950)
Warning: unknown variable 'r_min' in bounds section (line 13951)
Read LP format model from file E:\codes\ExactEBRP\results\gf_gurobi_performance_recovery_round29\stage0_runs\exactness__cold_parent_reference__moderate_seed4301__c2_cold__75s\external\models\L0.0.1.1.0.1.lp
Reading time = 0.02 seconds
obj: 11911 rows, 3376 columns, 67353 nonzeros
Set parameter TimeLimit to value 37.4071131
Warning: unknown variable 'r_max' in bounds section (line 13950)
Warning: unknown variable 'r_min' in bounds section (line 13951)
Read LP format model from file E:\codes\ExactEBRP\results\gf_gurobi_performance_recovery_round29\stage0_runs\exactness__cold_parent_reference__moderate_seed4301__c2_cold__75s\external\models\L0.0.1.1.0.0.0.lp
Reading time = 0.02 seconds
obj: 11911 rows, 3376 columns, 67353 nonzeros
Set parameter TimeLimit to value 37.0942742
Warning: unknown variable 'r_max' in bounds section (line 13950)
Warning: unknown variable 'r_min' in bounds section (line 13951)
Read LP format model from file E:\codes\ExactEBRP\results\gf_gurobi_performance_recovery_round29\stage0_runs\exactness__cold_parent_reference__moderate_seed4301__c2_cold__75s\external\models\L0.0.1.1.0.0.1.lp
Reading time = 0.02 seconds
obj: 11911 rows, 3376 columns, 67353 nonzeros
Set parameter TimeLimit to value 36.8038861
Warning: unknown variable 'r_max' in bounds section (line 13950)
Warning: unknown variable 'r_min' in bounds section (line 13951)
Read LP format model from file E:\codes\ExactEBRP\results\gf_gurobi_performance_recovery_round29\stage0_runs\exactness__cold_parent_reference__moderate_seed4301__c2_cold__75s\external\models\L0.0.1.1.0.0.0.lp
Reading time = 0.02 seconds
obj: 11911 rows, 3376 columns, 67353 nonzeros
Set parameter TimeLimit to value 36.6322615
Warning: unknown variable 'r_max' in bounds section (line 13950)
Warning: unknown variable 'r_min' in bounds section (line 13951)
Read LP format model from file E:\codes\ExactEBRP\results\gf_gurobi_performance_recovery_round29\stage0_runs\exactness__cold_parent_reference__moderate_seed4301__c2_cold__75s\external\models\L0.0.1.1.0.0.1.lp
Reading time = 0.02 seconds
obj: 11911 rows, 3376 columns, 67353 nonzeros
Set parameter TimeLimit to value 36.590956
Warning: unknown variable 'r_max' in bounds section (line 13950)
Warning: unknown variable 'r_min' in bounds section (line 13951)
Read LP format model from file E:\codes\ExactEBRP\results\gf_gurobi_performance_recovery_round29\stage0_runs\exactness__cold_parent_reference__moderate_seed4301__c2_cold__75s\external\models\L0.0.1.1.0.1.0.lp
Reading time = 0.02 seconds
obj: 11911 rows, 3376 columns, 67353 nonzeros
Set parameter TimeLimit to value 36.329452
Warning: unknown variable 'r_max' in bounds section (line 13950)
Warning: unknown variable 'r_min' in bounds section (line 13951)
Read LP format model from file E:\codes\ExactEBRP\results\gf_gurobi_performance_recovery_round29\stage0_runs\exactness__cold_parent_reference__moderate_seed4301__c2_cold__75s\external\models\L0.0.1.1.0.1.1.lp
Reading time = 0.02 seconds
obj: 11911 rows, 3376 columns, 67353 nonzeros
Set parameter TimeLimit to value 36.0230942
Warning: unknown variable 'r_max' in bounds section (line 13950)
Warning: unknown variable 'r_min' in bounds section (line 13951)
Read LP format model from file E:\codes\ExactEBRP\results\gf_gurobi_performance_recovery_round29\stage0_runs\exactness__cold_parent_reference__moderate_seed4301__c2_cold__75s\external\models\L0.0.1.1.0.1.0.lp
Reading time = 0.02 seconds
obj: 11911 rows, 3376 columns, 67353 nonzeros
Set parameter TimeLimit to value 35.8357678
Warning: unknown variable 'r_max' in bounds section (line 13950)
Warning: unknown variable 'r_min' in bounds section (line 13951)
Read LP format model from file E:\codes\ExactEBRP\results\gf_gurobi_performance_recovery_round29\stage0_runs\exactness__cold_parent_reference__moderate_seed4301__c2_cold__75s\external\models\L0.0.1.1.0.1.1.lp
Reading time = 0.02 seconds
obj: 11911 rows, 3376 columns, 67353 nonzeros
Set parameter TimeLimit to value 35.6892767
Warning: unknown variable 'r_max' in bounds section (line 13950)
Warning: unknown variable 'r_min' in bounds section (line 13951)
Read LP format model from file E:\codes\ExactEBRP\results\gf_gurobi_performance_recovery_round29\stage0_runs\exactness__cold_parent_reference__moderate_seed4301__c2_cold__75s\external\models\L0.0.1.1.1.0.lp
Reading time = 0.02 seconds
obj: 11911 rows, 3376 columns, 67353 nonzeros
Set parameter TimeLimit to value 35.3254507
Warning: unknown variable 'r_max' in bounds section (line 13950)
Warning: unknown variable 'r_min' in bounds section (line 13951)
Read LP format model from file E:\codes\ExactEBRP\results\gf_gurobi_performance_recovery_round29\stage0_runs\exactness__cold_parent_reference__moderate_seed4301__c2_cold__75s\external\models\L0.0.1.1.1.1.lp
Reading time = 0.02 seconds
obj: 11911 rows, 3376 columns, 67353 nonzeros
Set parameter TimeLimit to value 35.0179079
Warning: unknown variable 'r_max' in bounds section (line 13950)
Warning: unknown variable 'r_min' in bounds section (line 13951)
Read LP format model from file E:\codes\ExactEBRP\results\gf_gurobi_performance_recovery_round29\stage0_runs\exactness__cold_parent_reference__moderate_seed4301__c2_cold__75s\external\models\L0.0.1.1.1.0.0.lp
Reading time = 0.02 seconds
obj: 11911 rows, 3376 columns, 67353 nonzeros
Set parameter TimeLimit to value 34.7277875
Warning: unknown variable 'r_max' in bounds section (line 13950)
Warning: unknown variable 'r_min' in bounds section (line 13951)
Read LP format model from file E:\codes\ExactEBRP\results\gf_gurobi_performance_recovery_round29\stage0_runs\exactness__cold_parent_reference__moderate_seed4301__c2_cold__75s\external\models\L0.0.1.1.1.0.1.lp
Reading time = 0.02 seconds
obj: 11911 rows, 3376 columns, 67353 nonzeros
Set parameter TimeLimit to value 34.4107649
Warning: unknown variable 'r_max' in bounds section (line 13950)
Warning: unknown variable 'r_min' in bounds section (line 13951)
Read LP format model from file E:\codes\ExactEBRP\results\gf_gurobi_performance_recovery_round29\stage0_runs\exactness__cold_parent_reference__moderate_seed4301__c2_cold__75s\external\models\L0.0.1.1.1.0.0.lp
Reading time = 0.02 seconds
obj: 11911 rows, 3376 columns, 67353 nonzeros
Set parameter TimeLimit to value 34.2293245
Warning: unknown variable 'r_max' in bounds section (line 13950)
Warning: unknown variable 'r_min' in bounds section (line 13951)
Read LP format model from file E:\codes\ExactEBRP\results\gf_gurobi_performance_recovery_round29\stage0_runs\exactness__cold_parent_reference__moderate_seed4301__c2_cold__75s\external\models\L0.0.1.1.1.0.1.lp
Reading time = 0.02 seconds
obj: 11911 rows, 3376 columns, 67353 nonzeros
Set parameter TimeLimit to value 33.9794119
Warning: unknown variable 'r_max' in bounds section (line 13950)
Warning: unknown variable 'r_min' in bounds section (line 13951)
Read LP format model from file E:\codes\ExactEBRP\results\gf_gurobi_performance_recovery_round29\stage0_runs\exactness__cold_parent_reference__moderate_seed4301__c2_cold__75s\external\models\L0.0.1.1.1.1.0.lp
Reading time = 0.02 seconds
obj: 11911 rows, 3376 columns, 67353 nonzeros
Set parameter TimeLimit to value 33.6167894
Warning: unknown variable 'r_max' in bounds section (line 13950)
Warning: unknown variable 'r_min' in bounds section (line 13951)
Read LP format model from file E:\codes\ExactEBRP\results\gf_gurobi_performance_recovery_round29\stage0_runs\exactness__cold_parent_reference__moderate_seed4301__c2_cold__75s\external\models\L0.0.1.1.1.1.1.lp
Reading time = 0.02 seconds
obj: 11911 rows, 3376 columns, 67353 nonzeros
Set parameter TimeLimit to value 33.3248726
Warning: unknown variable 'r_max' in bounds section (line 13950)
Warning: unknown variable 'r_min' in bounds section (line 13951)
Read LP format model from file E:\codes\ExactEBRP\results\gf_gurobi_performance_recovery_round29\stage0_runs\exactness__cold_parent_reference__moderate_seed4301__c2_cold__75s\external\models\L0.0.1.1.1.1.0.lp
Reading time = 0.02 seconds
obj: 11911 rows, 3376 columns, 67353 nonzeros
Set parameter TimeLimit to value 33.152751
Warning: unknown variable 'r_max' in bounds section (line 13951)
Warning: unknown variable 'r_min' in bounds section (line 13952)
Read LP format model from file E:\codes\ExactEBRP\results\gf_gurobi_performance_recovery_round29\stage0_runs\exactness__cold_parent_reference__moderate_seed4301__c2_cold__75s\external\models\L1.lp
Reading time = 0.02 seconds
obj: 11912 rows, 3376 columns, 67359 nonzeros
Set parameter TimeLimit to value 32.7941454
Warning: unknown variable 'r_max' in bounds section (line 13951)
Warning: unknown variable 'r_min' in bounds section (line 13952)
Read LP format model from file E:\codes\ExactEBRP\results\gf_gurobi_performance_recovery_round29\stage0_runs\exactness__cold_parent_reference__moderate_seed4301__c2_cold__75s\external\models\L1.0.lp
Reading time = 0.02 seconds
obj: 11912 rows, 3376 columns, 67359 nonzeros
Set parameter TimeLimit to value 32.4609503
Warning: unknown variable 'r_max' in bounds section (line 13951)
Warning: unknown variable 'r_min' in bounds section (line 13952)
Read LP format model from file E:\codes\ExactEBRP\results\gf_gurobi_performance_recovery_round29\stage0_runs\exactness__cold_parent_reference__moderate_seed4301__c2_cold__75s\external\models\L1.1.lp
Reading time = 0.02 seconds
obj: 11912 rows, 3376 columns, 67359 nonzeros
Set parameter TimeLimit to value 32.1464056
Warning: unknown variable 'r_max' in bounds section (line 13951)
Warning: unknown variable 'r_min' in bounds section (line 13952)
Read LP format model from file E:\codes\ExactEBRP\results\gf_gurobi_performance_recovery_round29\stage0_runs\exactness__cold_parent_reference__moderate_seed4301__c2_cold__75s\external\models\L1.lp
Reading time = 0.02 seconds
obj: 11912 rows, 3376 columns, 67359 nonzeros
Set parameter TimeLimit to value 3.1982331799999997e+01
