
Gurobi 13.0.2 (win64) logging started Thu Jul 23 08:20:07 2026

Set parameter LogFile to value "E:\codes\ExactEBRP\results\gf_cplex_equivalent_gurobi_replica_round28\runs\stage3__high_imbalance_seed3202__c2_paper__300s\native.log"
Set parameter Threads to value 1
Set parameter Presolve to value -1
Set parameter Seed to value 0
Set parameter MIPGap to value 0
Set parameter MIPGapAbs to value 0
Warning: unknown variable 'r_max' in bounds section (line 13930)
Warning: unknown variable 'r_min' in bounds section (line 13931)
Read LP format model from file E:\codes\ExactEBRP\results\gf_cplex_equivalent_gurobi_replica_round28\runs\stage3__high_imbalance_seed3202__c2_paper__300s\external\models\L0.lp
Reading time = 0.02 seconds
obj: 11895 rows, 3372 columns, 67084 nonzeros
Set parameter TimeLimit to value 2.6030720429999997e+02
Warning: unknown variable 'r_max' in bounds section (line 13930)
Warning: unknown variable 'r_min' in bounds section (line 13931)
Read LP format model from file E:\codes\ExactEBRP\results\gf_cplex_equivalent_gurobi_replica_round28\runs\stage3__high_imbalance_seed3202__c2_paper__300s\external\models\L1.lp
Reading time = 0.02 seconds
obj: 11895 rows, 3372 columns, 67322 nonzeros
Set parameter TimeLimit to value 260.1172988
Warning: unknown variable 'r_max' in bounds section (line 13930)
Warning: unknown variable 'r_min' in bounds section (line 13931)
Read LP format model from file E:\codes\ExactEBRP\results\gf_cplex_equivalent_gurobi_replica_round28\runs\stage3__high_imbalance_seed3202__c2_paper__300s\external\models\L1.0.lp
Reading time = 0.02 seconds
obj: 11895 rows, 3372 columns, 67322 nonzeros
Set parameter TimeLimit to value 2.5969881119999997e+02
Warning: unknown variable 'r_max' in bounds section (line 13930)
Warning: unknown variable 'r_min' in bounds section (line 13931)
Read LP format model from file E:\codes\ExactEBRP\results\gf_cplex_equivalent_gurobi_replica_round28\runs\stage3__high_imbalance_seed3202__c2_paper__300s\external\models\L1.1.lp
Reading time = 0.02 seconds
obj: 11895 rows, 3372 columns, 67322 nonzeros
Set parameter TimeLimit to value 2.5950516469999997e+02
Warning: unknown variable 'r_max' in bounds section (line 13930)
Warning: unknown variable 'r_min' in bounds section (line 13931)
Read LP format model from file E:\codes\ExactEBRP\results\gf_cplex_equivalent_gurobi_replica_round28\runs\stage3__high_imbalance_seed3202__c2_paper__300s\external\models\L2.lp
Reading time = 0.02 seconds
obj: 11895 rows, 3372 columns, 67322 nonzeros
Set parameter TimeLimit to value 259.0614849
Warning: unknown variable 'r_max' in bounds section (line 13930)
Warning: unknown variable 'r_min' in bounds section (line 13931)
Read LP format model from file E:\codes\ExactEBRP\results\gf_cplex_equivalent_gurobi_replica_round28\runs\stage3__high_imbalance_seed3202__c2_paper__300s\external\models\L2.0.lp
Reading time = 0.02 seconds
obj: 11895 rows, 3372 columns, 67322 nonzeros
Set parameter TimeLimit to value 258.6806702
Warning: unknown variable 'r_max' in bounds section (line 13930)
Warning: unknown variable 'r_min' in bounds section (line 13931)
Read LP format model from file E:\codes\ExactEBRP\results\gf_cplex_equivalent_gurobi_replica_round28\runs\stage3__high_imbalance_seed3202__c2_paper__300s\external\models\L2.1.lp
Reading time = 0.02 seconds
obj: 11895 rows, 3372 columns, 67322 nonzeros
Set parameter TimeLimit to value 2.5831247909999996e+02
Warning: unknown variable 'r_max' in bounds section (line 13930)
Warning: unknown variable 'r_min' in bounds section (line 13931)
Read LP format model from file E:\codes\ExactEBRP\results\gf_cplex_equivalent_gurobi_replica_round28\runs\stage3__high_imbalance_seed3202__c2_paper__300s\external\models\L3.lp
Reading time = 0.02 seconds
obj: 11895 rows, 3372 columns, 66942 nonzeros
Set parameter TimeLimit to value 258.013217
Warning: unknown variable 'r_max' in bounds section (line 13930)
Warning: unknown variable 'r_min' in bounds section (line 13931)
Read LP format model from file E:\codes\ExactEBRP\results\gf_cplex_equivalent_gurobi_replica_round28\runs\stage3__high_imbalance_seed3202__c2_paper__300s\external\models\L2.0.0.lp
Reading time = 0.02 seconds
obj: 11895 rows, 3372 columns, 67322 nonzeros
Set parameter TimeLimit to value 257.6250732
Warning: unknown variable 'r_max' in bounds section (line 13930)
Warning: unknown variable 'r_min' in bounds section (line 13931)
Read LP format model from file E:\codes\ExactEBRP\results\gf_cplex_equivalent_gurobi_replica_round28\runs\stage3__high_imbalance_seed3202__c2_paper__300s\external\models\L2.0.1.lp
Reading time = 0.02 seconds
obj: 11895 rows, 3372 columns, 67322 nonzeros
Set parameter TimeLimit to value 257.2146115
Warning: unknown variable 'r_max' in bounds section (line 13930)
Warning: unknown variable 'r_min' in bounds section (line 13931)
Read LP format model from file E:\codes\ExactEBRP\results\gf_cplex_equivalent_gurobi_replica_round28\runs\stage3__high_imbalance_seed3202__c2_paper__300s\external\models\L2.0.0.0.lp
Reading time = 0.02 seconds
obj: 11895 rows, 3372 columns, 67322 nonzeros
Set parameter TimeLimit to value 256.89928
Warning: unknown variable 'r_max' in bounds section (line 13930)
Warning: unknown variable 'r_min' in bounds section (line 13931)
Read LP format model from file E:\codes\ExactEBRP\results\gf_cplex_equivalent_gurobi_replica_round28\runs\stage3__high_imbalance_seed3202__c2_paper__300s\external\models\L2.0.0.1.lp
Reading time = 0.02 seconds
obj: 11895 rows, 3372 columns, 67322 nonzeros
Set parameter TimeLimit to value 2.5648414049999997e+02
Warning: unknown variable 'r_max' in bounds section (line 13930)
Warning: unknown variable 'r_min' in bounds section (line 13931)
Read LP format model from file E:\codes\ExactEBRP\results\gf_cplex_equivalent_gurobi_replica_round28\runs\stage3__high_imbalance_seed3202__c2_paper__300s\external\models\L2.0.0.0.0.lp
Reading time = 0.02 seconds
obj: 11895 rows, 3372 columns, 67322 nonzeros
Set parameter TimeLimit to value 256.1258194
Warning: unknown variable 'r_max' in bounds section (line 13930)
Warning: unknown variable 'r_min' in bounds section (line 13931)
Read LP format model from file E:\codes\ExactEBRP\results\gf_cplex_equivalent_gurobi_replica_round28\runs\stage3__high_imbalance_seed3202__c2_paper__300s\external\models\L2.0.0.0.1.lp
Reading time = 0.02 seconds
obj: 11895 rows, 3372 columns, 67322 nonzeros
Set parameter TimeLimit to value 255.7677712
Warning: unknown variable 'r_max' in bounds section (line 13930)
Warning: unknown variable 'r_min' in bounds section (line 13931)
Read LP format model from file E:\codes\ExactEBRP\results\gf_cplex_equivalent_gurobi_replica_round28\runs\stage3__high_imbalance_seed3202__c2_paper__300s\external\models\L2.0.0.0.1.0.lp
Reading time = 0.02 seconds
obj: 11895 rows, 3372 columns, 67322 nonzeros
Set parameter TimeLimit to value 255.3563228
Warning: unknown variable 'r_max' in bounds section (line 13930)
Warning: unknown variable 'r_min' in bounds section (line 13931)
Read LP format model from file E:\codes\ExactEBRP\results\gf_cplex_equivalent_gurobi_replica_round28\runs\stage3__high_imbalance_seed3202__c2_paper__300s\external\models\L2.0.0.0.1.1.lp
Reading time = 0.02 seconds
obj: 11895 rows, 3372 columns, 67322 nonzeros
Set parameter TimeLimit to value 2.5496206439999997e+02
Warning: unknown variable 'r_max' in bounds section (line 13930)
Warning: unknown variable 'r_min' in bounds section (line 13931)
Read LP format model from file E:\codes\ExactEBRP\results\gf_cplex_equivalent_gurobi_replica_round28\runs\stage3__high_imbalance_seed3202__c2_paper__300s\external\models\L2.0.0.1.0.lp
Reading time = 0.02 seconds
obj: 11895 rows, 3372 columns, 67322 nonzeros
Set parameter TimeLimit to value 254.5727253
Warning: unknown variable 'r_max' in bounds section (line 13930)
Warning: unknown variable 'r_min' in bounds section (line 13931)
Read LP format model from file E:\codes\ExactEBRP\results\gf_cplex_equivalent_gurobi_replica_round28\runs\stage3__high_imbalance_seed3202__c2_paper__300s\external\models\L2.0.0.1.1.lp
Reading time = 0.02 seconds
obj: 11895 rows, 3372 columns, 67322 nonzeros
Set parameter TimeLimit to value 254.1968675
Warning: unknown variable 'r_max' in bounds section (line 13930)
Warning: unknown variable 'r_min' in bounds section (line 13931)
Read LP format model from file E:\codes\ExactEBRP\results\gf_cplex_equivalent_gurobi_replica_round28\runs\stage3__high_imbalance_seed3202__c2_paper__300s\external\models\L2.0.0.0.1.1.0.lp
Reading time = 0.02 seconds
obj: 11895 rows, 3372 columns, 67322 nonzeros
Set parameter TimeLimit to value 253.8699571
Warning: unknown variable 'r_max' in bounds section (line 13930)
Warning: unknown variable 'r_min' in bounds section (line 13931)
Read LP format model from file E:\codes\ExactEBRP\results\gf_cplex_equivalent_gurobi_replica_round28\runs\stage3__high_imbalance_seed3202__c2_paper__300s\external\models\L2.0.0.0.1.1.1.lp
Reading time = 0.02 seconds
obj: 11895 rows, 3372 columns, 67322 nonzeros
Set parameter TimeLimit to value 2.5346491479999997e+02
Warning: unknown variable 'r_max' in bounds section (line 13930)
Warning: unknown variable 'r_min' in bounds section (line 13931)
Read LP format model from file E:\codes\ExactEBRP\results\gf_cplex_equivalent_gurobi_replica_round28\runs\stage3__high_imbalance_seed3202__c2_paper__300s\external\models\L2.0.0.1.0.0.lp
Reading time = 0.02 seconds
obj: 11895 rows, 3372 columns, 67322 nonzeros
Set parameter TimeLimit to value 253.0861559
Warning: unknown variable 'r_max' in bounds section (line 13930)
Warning: unknown variable 'r_min' in bounds section (line 13931)
Read LP format model from file E:\codes\ExactEBRP\results\gf_cplex_equivalent_gurobi_replica_round28\runs\stage3__high_imbalance_seed3202__c2_paper__300s\external\models\L2.0.0.1.0.1.lp
Reading time = 0.02 seconds
obj: 11895 rows, 3372 columns, 67322 nonzeros
Set parameter TimeLimit to value 2.5270391769999998e+02
Warning: unknown variable 'r_max' in bounds section (line 13930)
Warning: unknown variable 'r_min' in bounds section (line 13931)
Read LP format model from file E:\codes\ExactEBRP\results\gf_cplex_equivalent_gurobi_replica_round28\runs\stage3__high_imbalance_seed3202__c2_paper__300s\external\models\L2.0.0.0.1.0.0.lp
Reading time = 0.02 seconds
obj: 11895 rows, 3372 columns, 67322 nonzeros
Set parameter TimeLimit to value 2.5232177819999998e+02
Warning: unknown variable 'r_max' in bounds section (line 13930)
Warning: unknown variable 'r_min' in bounds section (line 13931)
Read LP format model from file E:\codes\ExactEBRP\results\gf_cplex_equivalent_gurobi_replica_round28\runs\stage3__high_imbalance_seed3202__c2_paper__300s\external\models\L2.0.0.0.1.0.1.lp
Reading time = 0.02 seconds
obj: 11895 rows, 3372 columns, 67322 nonzeros
Set parameter TimeLimit to value 251.9127618
Warning: unknown variable 'r_max' in bounds section (line 13930)
Warning: unknown variable 'r_min' in bounds section (line 13931)
Read LP format model from file E:\codes\ExactEBRP\results\gf_cplex_equivalent_gurobi_replica_round28\runs\stage3__high_imbalance_seed3202__c2_paper__300s\external\models\L2.0.0.1.0.0.0.lp
Reading time = 0.02 seconds
obj: 11895 rows, 3372 columns, 67322 nonzeros
Set parameter TimeLimit to value 2.5149584289999999e+02
Warning: unknown variable 'r_max' in bounds section (line 13930)
Warning: unknown variable 'r_min' in bounds section (line 13931)
Read LP format model from file E:\codes\ExactEBRP\results\gf_cplex_equivalent_gurobi_replica_round28\runs\stage3__high_imbalance_seed3202__c2_paper__300s\external\models\L2.0.0.1.0.0.1.lp
Reading time = 0.02 seconds
obj: 11895 rows, 3372 columns, 67322 nonzeros
Set parameter TimeLimit to value 251.1276891
Warning: unknown variable 'r_max' in bounds section (line 13930)
Warning: unknown variable 'r_min' in bounds section (line 13931)
Read LP format model from file E:\codes\ExactEBRP\results\gf_cplex_equivalent_gurobi_replica_round28\runs\stage3__high_imbalance_seed3202__c2_paper__300s\external\models\L2.0.0.0.1.1.0.0.lp
Reading time = 0.02 seconds
obj: 11895 rows, 3372 columns, 67322 nonzeros
Set parameter TimeLimit to value 250.7566072
Warning: unknown variable 'r_max' in bounds section (line 13930)
Warning: unknown variable 'r_min' in bounds section (line 13931)
Read LP format model from file E:\codes\ExactEBRP\results\gf_cplex_equivalent_gurobi_replica_round28\runs\stage3__high_imbalance_seed3202__c2_paper__300s\external\models\L2.0.0.0.1.1.0.1.lp
Reading time = 0.02 seconds
obj: 11895 rows, 3372 columns, 67322 nonzeros
Set parameter TimeLimit to value 250.3586264
Warning: unknown variable 'r_max' in bounds section (line 13930)
Warning: unknown variable 'r_min' in bounds section (line 13931)
Read LP format model from file E:\codes\ExactEBRP\results\gf_cplex_equivalent_gurobi_replica_round28\runs\stage3__high_imbalance_seed3202__c2_paper__300s\external\models\L2.0.0.0.1.1.1.0.lp
Reading time = 0.02 seconds
obj: 11895 rows, 3372 columns, 67322 nonzeros
Set parameter TimeLimit to value 2.4997485229999998e+02
Warning: unknown variable 'r_max' in bounds section (line 13930)
Warning: unknown variable 'r_min' in bounds section (line 13931)
Read LP format model from file E:\codes\ExactEBRP\results\gf_cplex_equivalent_gurobi_replica_round28\runs\stage3__high_imbalance_seed3202__c2_paper__300s\external\models\L2.0.0.0.1.1.1.1.lp
Reading time = 0.02 seconds
obj: 11895 rows, 3372 columns, 67322 nonzeros
Set parameter TimeLimit to value 249.5803609
Warning: unknown variable 'r_max' in bounds section (line 13930)
Warning: unknown variable 'r_min' in bounds section (line 13931)
Read LP format model from file E:\codes\ExactEBRP\results\gf_cplex_equivalent_gurobi_replica_round28\runs\stage3__high_imbalance_seed3202__c2_paper__300s\external\models\L2.0.0.0.1.0.1.0.lp
Reading time = 0.02 seconds
obj: 11895 rows, 3372 columns, 67322 nonzeros
Set parameter TimeLimit to value 2.4919565659999998e+02
Warning: unknown variable 'r_max' in bounds section (line 13930)
Warning: unknown variable 'r_min' in bounds section (line 13931)
Read LP format model from file E:\codes\ExactEBRP\results\gf_cplex_equivalent_gurobi_replica_round28\runs\stage3__high_imbalance_seed3202__c2_paper__300s\external\models\L2.0.0.0.1.0.1.1.lp
Reading time = 0.02 seconds
obj: 11895 rows, 3372 columns, 67322 nonzeros
Set parameter TimeLimit to value 248.8090728
Warning: unknown variable 'r_max' in bounds section (line 13930)
Warning: unknown variable 'r_min' in bounds section (line 13931)
Read LP format model from file E:\codes\ExactEBRP\results\gf_cplex_equivalent_gurobi_replica_round28\runs\stage3__high_imbalance_seed3202__c2_paper__300s\external\models\L2.0.0.0.1.1.1.0.0.lp
Reading time = 0.02 seconds
obj: 11895 rows, 3372 columns, 67322 nonzeros
Set parameter TimeLimit to value 248.395116
Warning: unknown variable 'r_max' in bounds section (line 13930)
Warning: unknown variable 'r_min' in bounds section (line 13931)
Read LP format model from file E:\codes\ExactEBRP\results\gf_cplex_equivalent_gurobi_replica_round28\runs\stage3__high_imbalance_seed3202__c2_paper__300s\external\models\L2.0.0.0.1.1.1.0.1.lp
Reading time = 0.02 seconds
obj: 11895 rows, 3372 columns, 67322 nonzeros
Set parameter TimeLimit to value 2.4798914209999998e+02
Warning: unknown variable 'r_max' in bounds section (line 13930)
Warning: unknown variable 'r_min' in bounds section (line 13931)
Read LP format model from file E:\codes\ExactEBRP\results\gf_cplex_equivalent_gurobi_replica_round28\runs\stage3__high_imbalance_seed3202__c2_paper__300s\external\models\L2.0.0.0.1.1.0.1.0.lp
Reading time = 0.02 seconds
obj: 11895 rows, 3372 columns, 67322 nonzeros
Set parameter TimeLimit to value 247.5847193
Warning: unknown variable 'r_max' in bounds section (line 13930)
Warning: unknown variable 'r_min' in bounds section (line 13931)
Read LP format model from file E:\codes\ExactEBRP\results\gf_cplex_equivalent_gurobi_replica_round28\runs\stage3__high_imbalance_seed3202__c2_paper__300s\external\models\L2.0.0.0.1.1.0.1.1.lp
Reading time = 0.02 seconds
obj: 11895 rows, 3372 columns, 67322 nonzeros
Set parameter TimeLimit to value 247.1752099
Warning: unknown variable 'r_max' in bounds section (line 13930)
Warning: unknown variable 'r_min' in bounds section (line 13931)
Read LP format model from file E:\codes\ExactEBRP\results\gf_cplex_equivalent_gurobi_replica_round28\runs\stage3__high_imbalance_seed3202__c2_paper__300s\external\models\L2.0.0.1.0.0.0.0.lp
Reading time = 0.02 seconds
obj: 11895 rows, 3372 columns, 67322 nonzeros
Set parameter TimeLimit to value 246.7690154
Warning: unknown variable 'r_max' in bounds section (line 13930)
Warning: unknown variable 'r_min' in bounds section (line 13931)
Read LP format model from file E:\codes\ExactEBRP\results\gf_cplex_equivalent_gurobi_replica_round28\runs\stage3__high_imbalance_seed3202__c2_paper__300s\external\models\L2.0.0.1.0.0.0.1.lp
Reading time = 0.02 seconds
obj: 11895 rows, 3372 columns, 67322 nonzeros
Set parameter TimeLimit to value 246.4033274
Warning: unknown variable 'r_max' in bounds section (line 13930)
Warning: unknown variable 'r_min' in bounds section (line 13931)
Read LP format model from file E:\codes\ExactEBRP\results\gf_cplex_equivalent_gurobi_replica_round28\runs\stage3__high_imbalance_seed3202__c2_paper__300s\external\models\L2.0.0.0.1.1.1.1.0.lp
Reading time = 0.02 seconds
obj: 11895 rows, 3372 columns, 67322 nonzeros
Set parameter TimeLimit to value 246.0102527
Warning: unknown variable 'r_max' in bounds section (line 13930)
Warning: unknown variable 'r_min' in bounds section (line 13931)
Read LP format model from file E:\codes\ExactEBRP\results\gf_cplex_equivalent_gurobi_replica_round28\runs\stage3__high_imbalance_seed3202__c2_paper__300s\external\models\L2.0.0.0.1.1.1.1.1.lp
Reading time = 0.02 seconds
obj: 11895 rows, 3372 columns, 67322 nonzeros
Set parameter TimeLimit to value 2.4560777349999998e+02
Warning: unknown variable 'r_max' in bounds section (line 13930)
Warning: unknown variable 'r_min' in bounds section (line 13931)
Read LP format model from file E:\codes\ExactEBRP\results\gf_cplex_equivalent_gurobi_replica_round28\runs\stage3__high_imbalance_seed3202__c2_paper__300s\external\models\L2.0.0.0.1.1.0.0.0.lp
Reading time = 0.02 seconds
obj: 11895 rows, 3372 columns, 67322 nonzeros
Set parameter TimeLimit to value 2.4522672709999998e+02
Warning: unknown variable 'r_max' in bounds section (line 13930)
Warning: unknown variable 'r_min' in bounds section (line 13931)
Read LP format model from file E:\codes\ExactEBRP\results\gf_cplex_equivalent_gurobi_replica_round28\runs\stage3__high_imbalance_seed3202__c2_paper__300s\external\models\L2.0.0.0.1.1.0.0.1.lp
Reading time = 0.02 seconds
obj: 11895 rows, 3372 columns, 67322 nonzeros
Set parameter TimeLimit to value 244.8205928
Warning: unknown variable 'r_max' in bounds section (line 13930)
Warning: unknown variable 'r_min' in bounds section (line 13931)
Read LP format model from file E:\codes\ExactEBRP\results\gf_cplex_equivalent_gurobi_replica_round28\runs\stage3__high_imbalance_seed3202__c2_paper__300s\external\models\L2.0.0.0.1.1.1.0.1.lp
Reading time = 0.02 seconds
obj: 11895 rows, 3372 columns, 67322 nonzeros
Set parameter TimeLimit to value 244.4993188
Warning: unknown variable 'r_max' in bounds section (line 13930)
Warning: unknown variable 'r_min' in bounds section (line 13931)
Read LP format model from file E:\codes\ExactEBRP\results\gf_cplex_equivalent_gurobi_replica_round28\runs\stage3__high_imbalance_seed3202__c2_paper__300s\external\models\L2.0.0.0.1.1.1.0.0.lp
Reading time = 0.02 seconds
obj: 11895 rows, 3372 columns, 67322 nonzeros
Set parameter TimeLimit to value 241.0467444
Warning: unknown variable 'r_max' in bounds section (line 13930)
Warning: unknown variable 'r_min' in bounds section (line 13931)
Read LP format model from file E:\codes\ExactEBRP\results\gf_cplex_equivalent_gurobi_replica_round28\runs\stage3__high_imbalance_seed3202__c2_paper__300s\external\models\L2.0.0.0.1.1.0.1.1.lp
Reading time = 0.02 seconds
obj: 11895 rows, 3372 columns, 67322 nonzeros
Set parameter TimeLimit to value 2.3822504629999997e+02
Warning: unknown variable 'r_max' in bounds section (line 13930)
Warning: unknown variable 'r_min' in bounds section (line 13931)
Read LP format model from file E:\codes\ExactEBRP\results\gf_cplex_equivalent_gurobi_replica_round28\runs\stage3__high_imbalance_seed3202__c2_paper__300s\external\models\L2.0.0.0.1.1.0.1.0.lp
Reading time = 0.02 seconds
obj: 11895 rows, 3372 columns, 67322 nonzeros
Set parameter TimeLimit to value 2.3586662669999998e+02
Warning: unknown variable 'r_max' in bounds section (line 13930)
Warning: unknown variable 'r_min' in bounds section (line 13931)
Read LP format model from file E:\codes\ExactEBRP\results\gf_cplex_equivalent_gurobi_replica_round28\runs\stage3__high_imbalance_seed3202__c2_paper__300s\external\models\L2.0.0.0.1.1.1.1.0.lp
Reading time = 0.02 seconds
obj: 11895 rows, 3372 columns, 67322 nonzeros
Set parameter TimeLimit to value 2.3332997229999998e+02
Warning: unknown variable 'r_max' in bounds section (line 13930)
Warning: unknown variable 'r_min' in bounds section (line 13931)
Read LP format model from file E:\codes\ExactEBRP\results\gf_cplex_equivalent_gurobi_replica_round28\runs\stage3__high_imbalance_seed3202__c2_paper__300s\external\models\L2.0.0.1.0.0.0.0.0.lp
Reading time = 0.02 seconds
obj: 11895 rows, 3372 columns, 67322 nonzeros
Set parameter TimeLimit to value 2.3005524759999997e+02
Warning: unknown variable 'r_max' in bounds section (line 13930)
Warning: unknown variable 'r_min' in bounds section (line 13931)
Read LP format model from file E:\codes\ExactEBRP\results\gf_cplex_equivalent_gurobi_replica_round28\runs\stage3__high_imbalance_seed3202__c2_paper__300s\external\models\L2.0.0.1.0.0.0.0.1.lp
Reading time = 0.02 seconds
obj: 11895 rows, 3372 columns, 67322 nonzeros
Set parameter TimeLimit to value 2.2968693919999998e+02
Warning: unknown variable 'r_max' in bounds section (line 13930)
Warning: unknown variable 'r_min' in bounds section (line 13931)
Read LP format model from file E:\codes\ExactEBRP\results\gf_cplex_equivalent_gurobi_replica_round28\runs\stage3__high_imbalance_seed3202__c2_paper__300s\external\models\L2.0.0.0.1.0.1.1.0.lp
Reading time = 0.02 seconds
obj: 11895 rows, 3372 columns, 67322 nonzeros
Set parameter TimeLimit to value 2.2930192839999998e+02
Warning: unknown variable 'r_max' in bounds section (line 13930)
Warning: unknown variable 'r_min' in bounds section (line 13931)
Read LP format model from file E:\codes\ExactEBRP\results\gf_cplex_equivalent_gurobi_replica_round28\runs\stage3__high_imbalance_seed3202__c2_paper__300s\external\models\L2.0.0.0.1.0.1.1.1.lp
Reading time = 0.02 seconds
obj: 11895 rows, 3372 columns, 67322 nonzeros
Set parameter TimeLimit to value 2.2890903169999999e+02
Warning: unknown variable 'r_max' in bounds section (line 13930)
Warning: unknown variable 'r_min' in bounds section (line 13931)
Read LP format model from file E:\codes\ExactEBRP\results\gf_cplex_equivalent_gurobi_replica_round28\runs\stage3__high_imbalance_seed3202__c2_paper__300s\external\models\L2.0.0.0.1.1.0.0.1.lp
Reading time = 0.02 seconds
obj: 11895 rows, 3372 columns, 67322 nonzeros
Set parameter TimeLimit to value 228.6148017
Warning: unknown variable 'r_max' in bounds section (line 13930)
Warning: unknown variable 'r_min' in bounds section (line 13931)
Read LP format model from file E:\codes\ExactEBRP\results\gf_cplex_equivalent_gurobi_replica_round28\runs\stage3__high_imbalance_seed3202__c2_paper__300s\external\models\L2.0.0.0.1.1.1.1.1.lp
Reading time = 0.02 seconds
obj: 11895 rows, 3372 columns, 67322 nonzeros
Set parameter TimeLimit to value 226.0721189
Warning: unknown variable 'r_max' in bounds section (line 13930)
Warning: unknown variable 'r_min' in bounds section (line 13931)
Read LP format model from file E:\codes\ExactEBRP\results\gf_cplex_equivalent_gurobi_replica_round28\runs\stage3__high_imbalance_seed3202__c2_paper__300s\external\models\L2.0.0.1.0.0.0.0.0.lp
Reading time = 0.02 seconds
obj: 11895 rows, 3372 columns, 67322 nonzeros
Set parameter TimeLimit to value 222.5537443
Warning: unknown variable 'r_max' in bounds section (line 13930)
Warning: unknown variable 'r_min' in bounds section (line 13931)
Read LP format model from file E:\codes\ExactEBRP\results\gf_cplex_equivalent_gurobi_replica_round28\runs\stage3__high_imbalance_seed3202__c2_paper__300s\external\models\L2.0.0.0.1.1.0.0.0.lp
Reading time = 0.02 seconds
obj: 11895 rows, 3372 columns, 67322 nonzeros
Set parameter TimeLimit to value 2.1888422309999999e+02
Warning: unknown variable 'r_max' in bounds section (line 13930)
Warning: unknown variable 'r_min' in bounds section (line 13931)
Read LP format model from file E:\codes\ExactEBRP\results\gf_cplex_equivalent_gurobi_replica_round28\runs\stage3__high_imbalance_seed3202__c2_paper__300s\external\models\L2.0.0.1.0.0.0.1.0.lp
Reading time = 0.02 seconds
obj: 11895 rows, 3372 columns, 67322 nonzeros
Set parameter TimeLimit to value 2.1699452069999998e+02
Warning: unknown variable 'r_max' in bounds section (line 13930)
Warning: unknown variable 'r_min' in bounds section (line 13931)
Read LP format model from file E:\codes\ExactEBRP\results\gf_cplex_equivalent_gurobi_replica_round28\runs\stage3__high_imbalance_seed3202__c2_paper__300s\external\models\L2.0.0.1.0.0.0.1.1.lp
Reading time = 0.02 seconds
obj: 11895 rows, 3372 columns, 67322 nonzeros
Set parameter TimeLimit to value 2.1658761449999997e+02
Warning: unknown variable 'r_max' in bounds section (line 13930)
Warning: unknown variable 'r_min' in bounds section (line 13931)
Read LP format model from file E:\codes\ExactEBRP\results\gf_cplex_equivalent_gurobi_replica_round28\runs\stage3__high_imbalance_seed3202__c2_paper__300s\external\models\L2.0.0.1.0.0.1.0.lp
Reading time = 0.02 seconds
obj: 11895 rows, 3372 columns, 67322 nonzeros
Set parameter TimeLimit to value 216.18131
Warning: unknown variable 'r_max' in bounds section (line 13930)
Warning: unknown variable 'r_min' in bounds section (line 13931)
Read LP format model from file E:\codes\ExactEBRP\results\gf_cplex_equivalent_gurobi_replica_round28\runs\stage3__high_imbalance_seed3202__c2_paper__300s\external\models\L2.0.0.1.0.0.1.1.lp
Reading time = 0.02 seconds
obj: 11895 rows, 3372 columns, 67322 nonzeros
Set parameter TimeLimit to value 215.7835088
Warning: unknown variable 'r_max' in bounds section (line 13930)
Warning: unknown variable 'r_min' in bounds section (line 13931)
Read LP format model from file E:\codes\ExactEBRP\results\gf_cplex_equivalent_gurobi_replica_round28\runs\stage3__high_imbalance_seed3202__c2_paper__300s\external\models\L2.0.0.1.0.0.0.0.1.lp
Reading time = 0.02 seconds
obj: 11895 rows, 3372 columns, 67322 nonzeros
Set parameter TimeLimit to value 2.1553270899999998e+02
Warning: unknown variable 'r_max' in bounds section (line 13930)
Warning: unknown variable 'r_min' in bounds section (line 13931)
Read LP format model from file E:\codes\ExactEBRP\results\gf_cplex_equivalent_gurobi_replica_round28\runs\stage3__high_imbalance_seed3202__c2_paper__300s\external\models\L2.0.0.0.1.0.1.1.1.lp
Reading time = 0.02 seconds
obj: 11895 rows, 3372 columns, 67322 nonzeros
Set parameter TimeLimit to value 209.3907672
Warning: unknown variable 'r_max' in bounds section (line 13930)
Warning: unknown variable 'r_min' in bounds section (line 13931)
Read LP format model from file E:\codes\ExactEBRP\results\gf_cplex_equivalent_gurobi_replica_round28\runs\stage3__high_imbalance_seed3202__c2_paper__300s\external\models\L2.0.0.1.0.0.0.1.0.lp
Reading time = 0.02 seconds
obj: 11895 rows, 3372 columns, 67322 nonzeros
Set parameter TimeLimit to value 207.447787
Warning: unknown variable 'r_max' in bounds section (line 13930)
Warning: unknown variable 'r_min' in bounds section (line 13931)
Read LP format model from file E:\codes\ExactEBRP\results\gf_cplex_equivalent_gurobi_replica_round28\runs\stage3__high_imbalance_seed3202__c2_paper__300s\external\models\L2.0.0.0.1.0.1.0.0.lp
Reading time = 0.02 seconds
obj: 11895 rows, 3372 columns, 67322 nonzeros
Set parameter TimeLimit to value 198.2362829
Warning: unknown variable 'r_max' in bounds section (line 13930)
Warning: unknown variable 'r_min' in bounds section (line 13931)
Read LP format model from file E:\codes\ExactEBRP\results\gf_cplex_equivalent_gurobi_replica_round28\runs\stage3__high_imbalance_seed3202__c2_paper__300s\external\models\L2.0.0.0.1.0.1.0.1.lp
Reading time = 0.02 seconds
obj: 11895 rows, 3372 columns, 67322 nonzeros
Set parameter TimeLimit to value 197.8396895
Warning: unknown variable 'r_max' in bounds section (line 13930)
Warning: unknown variable 'r_min' in bounds section (line 13931)
Read LP format model from file E:\codes\ExactEBRP\results\gf_cplex_equivalent_gurobi_replica_round28\runs\stage3__high_imbalance_seed3202__c2_paper__300s\external\models\L2.0.0.0.1.0.1.1.0.lp
Reading time = 0.02 seconds
obj: 11895 rows, 3372 columns, 67322 nonzeros
Set parameter TimeLimit to value 197.5431327
Warning: unknown variable 'r_max' in bounds section (line 13930)
Warning: unknown variable 'r_min' in bounds section (line 13931)
Read LP format model from file E:\codes\ExactEBRP\results\gf_cplex_equivalent_gurobi_replica_round28\runs\stage3__high_imbalance_seed3202__c2_paper__300s\external\models\L2.0.0.1.0.0.0.1.1.lp
Reading time = 0.04 seconds
obj: 11895 rows, 3372 columns, 67322 nonzeros
Set parameter TimeLimit to value 195.7856961
Warning: unknown variable 'r_max' in bounds section (line 13930)
Warning: unknown variable 'r_min' in bounds section (line 13931)
Read LP format model from file E:\codes\ExactEBRP\results\gf_cplex_equivalent_gurobi_replica_round28\runs\stage3__high_imbalance_seed3202__c2_paper__300s\external\models\L2.0.0.1.0.0.1.0.0.lp
Reading time = 0.02 seconds
obj: 11895 rows, 3372 columns, 67322 nonzeros
Set parameter TimeLimit to value 181.3078994
Warning: unknown variable 'r_max' in bounds section (line 13930)
Warning: unknown variable 'r_min' in bounds section (line 13931)
Read LP format model from file E:\codes\ExactEBRP\results\gf_cplex_equivalent_gurobi_replica_round28\runs\stage3__high_imbalance_seed3202__c2_paper__300s\external\models\L2.0.0.1.0.0.1.0.1.lp
Reading time = 0.02 seconds
obj: 11895 rows, 3372 columns, 67322 nonzeros
Set parameter TimeLimit to value 180.9205059
Warning: unknown variable 'r_max' in bounds section (line 13930)
Warning: unknown variable 'r_min' in bounds section (line 13931)
Read LP format model from file E:\codes\ExactEBRP\results\gf_cplex_equivalent_gurobi_replica_round28\runs\stage3__high_imbalance_seed3202__c2_paper__300s\external\models\L2.0.0.1.0.0.1.0.0.lp
Reading time = 0.02 seconds
obj: 11895 rows, 3372 columns, 67322 nonzeros
Set parameter TimeLimit to value 1.8064148899999998e+02
Warning: unknown variable 'r_max' in bounds section (line 13930)
Warning: unknown variable 'r_min' in bounds section (line 13931)
Read LP format model from file E:\codes\ExactEBRP\results\gf_cplex_equivalent_gurobi_replica_round28\runs\stage3__high_imbalance_seed3202__c2_paper__300s\external\models\L2.0.0.0.1.0.1.0.1.lp
Reading time = 0.02 seconds
obj: 11895 rows, 3372 columns, 67322 nonzeros
Set parameter TimeLimit to value 165.9706999
Warning: unknown variable 'r_max' in bounds section (line 13930)
Warning: unknown variable 'r_min' in bounds section (line 13931)
Read LP format model from file E:\codes\ExactEBRP\results\gf_cplex_equivalent_gurobi_replica_round28\runs\stage3__high_imbalance_seed3202__c2_paper__300s\external\models\L2.0.0.1.0.0.1.0.1.lp
Reading time = 0.02 seconds
obj: 11895 rows, 3372 columns, 67322 nonzeros
Set parameter TimeLimit to value 1.6488768599999997e+02
Warning: unknown variable 'r_max' in bounds section (line 13930)
Warning: unknown variable 'r_min' in bounds section (line 13931)
Read LP format model from file E:\codes\ExactEBRP\results\gf_cplex_equivalent_gurobi_replica_round28\runs\stage3__high_imbalance_seed3202__c2_paper__300s\external\models\L2.0.0.1.0.0.1.1.0.lp
Reading time = 0.02 seconds
obj: 11895 rows, 3372 columns, 67322 nonzeros
Set parameter TimeLimit to value 138.4691676
Warning: unknown variable 'r_max' in bounds section (line 13930)
Warning: unknown variable 'r_min' in bounds section (line 13931)
Read LP format model from file E:\codes\ExactEBRP\results\gf_cplex_equivalent_gurobi_replica_round28\runs\stage3__high_imbalance_seed3202__c2_paper__300s\external\models\L2.0.0.1.0.0.1.1.1.lp
Reading time = 0.02 seconds
obj: 11895 rows, 3372 columns, 67322 nonzeros
Set parameter TimeLimit to value 138.0921535
Warning: unknown variable 'r_max' in bounds section (line 13930)
Warning: unknown variable 'r_min' in bounds section (line 13931)
Read LP format model from file E:\codes\ExactEBRP\results\gf_cplex_equivalent_gurobi_replica_round28\runs\stage3__high_imbalance_seed3202__c2_paper__300s\external\models\L2.0.0.1.0.0.1.1.0.lp
Reading time = 0.02 seconds
obj: 11895 rows, 3372 columns, 67322 nonzeros
Set parameter TimeLimit to value 1.3782438299999998e+02
Warning: unknown variable 'r_max' in bounds section (line 13930)
Warning: unknown variable 'r_min' in bounds section (line 13931)
Read LP format model from file E:\codes\ExactEBRP\results\gf_cplex_equivalent_gurobi_replica_round28\runs\stage3__high_imbalance_seed3202__c2_paper__300s\external\models\L2.0.0.1.0.1.0.lp
Reading time = 0.02 seconds
obj: 11895 rows, 3372 columns, 67322 nonzeros
Set parameter TimeLimit to value 124.5751793
Warning: unknown variable 'r_max' in bounds section (line 13930)
Warning: unknown variable 'r_min' in bounds section (line 13931)
Read LP format model from file E:\codes\ExactEBRP\results\gf_cplex_equivalent_gurobi_replica_round28\runs\stage3__high_imbalance_seed3202__c2_paper__300s\external\models\L2.0.0.1.0.1.1.lp
Reading time = 0.02 seconds
obj: 11895 rows, 3372 columns, 67322 nonzeros
Set parameter TimeLimit to value 1.2422448749999998e+02
Warning: unknown variable 'r_max' in bounds section (line 13930)
Warning: unknown variable 'r_min' in bounds section (line 13931)
Read LP format model from file E:\codes\ExactEBRP\results\gf_cplex_equivalent_gurobi_replica_round28\runs\stage3__high_imbalance_seed3202__c2_paper__300s\external\models\L2.0.0.0.1.0.1.0.0.lp
Reading time = 0.02 seconds
obj: 11895 rows, 3372 columns, 67322 nonzeros
Set parameter TimeLimit to value 1.2396495389999998e+02
Warning: unknown variable 'r_max' in bounds section (line 13930)
Warning: unknown variable 'r_min' in bounds section (line 13931)
Read LP format model from file E:\codes\ExactEBRP\results\gf_cplex_equivalent_gurobi_replica_round28\runs\stage3__high_imbalance_seed3202__c2_paper__300s\external\models\L2.0.0.1.0.0.1.1.1.lp
Reading time = 0.02 seconds
obj: 11895 rows, 3372 columns, 67322 nonzeros
Set parameter TimeLimit to value 1.2268205089999998e+02
Warning: unknown variable 'r_max' in bounds section (line 13930)
Warning: unknown variable 'r_min' in bounds section (line 13931)
Read LP format model from file E:\codes\ExactEBRP\results\gf_cplex_equivalent_gurobi_replica_round28\runs\stage3__high_imbalance_seed3202__c2_paper__300s\external\models\L2.0.0.1.0.1.0.0.lp
Reading time = 0.02 seconds
obj: 11895 rows, 3372 columns, 67322 nonzeros
Set parameter TimeLimit to value 103.6030055
Warning: unknown variable 'r_max' in bounds section (line 13930)
Warning: unknown variable 'r_min' in bounds section (line 13931)
Read LP format model from file E:\codes\ExactEBRP\results\gf_cplex_equivalent_gurobi_replica_round28\runs\stage3__high_imbalance_seed3202__c2_paper__300s\external\models\L2.0.0.1.0.1.0.1.lp
Reading time = 0.02 seconds
obj: 11895 rows, 3372 columns, 67322 nonzeros
Set parameter TimeLimit to value 1.0324556489999998e+02
Warning: unknown variable 'r_max' in bounds section (line 13930)
Warning: unknown variable 'r_min' in bounds section (line 13931)
Read LP format model from file E:\codes\ExactEBRP\results\gf_cplex_equivalent_gurobi_replica_round28\runs\stage3__high_imbalance_seed3202__c2_paper__300s\external\models\L2.0.0.1.0.1.0.0.0.lp
Reading time = 0.02 seconds
obj: 11895 rows, 3372 columns, 67322 nonzeros
Set parameter TimeLimit to value 1.0290311469999997e+02
Warning: unknown variable 'r_max' in bounds section (line 13930)
Warning: unknown variable 'r_min' in bounds section (line 13931)
Read LP format model from file E:\codes\ExactEBRP\results\gf_cplex_equivalent_gurobi_replica_round28\runs\stage3__high_imbalance_seed3202__c2_paper__300s\external\models\L2.0.0.1.0.1.0.0.1.lp
Reading time = 0.02 seconds
obj: 11895 rows, 3372 columns, 67322 nonzeros
Set parameter TimeLimit to value 1.0253551959999999e+02
Warning: unknown variable 'r_max' in bounds section (line 13930)
Warning: unknown variable 'r_min' in bounds section (line 13931)
Read LP format model from file E:\codes\ExactEBRP\results\gf_cplex_equivalent_gurobi_replica_round28\runs\stage3__high_imbalance_seed3202__c2_paper__300s\external\models\L2.0.0.1.0.1.0.0.0.lp
Reading time = 0.02 seconds
obj: 11895 rows, 3372 columns, 67322 nonzeros
Set parameter TimeLimit to value 1.0225375369999998e+02
Warning: unknown variable 'r_max' in bounds section (line 13930)
Warning: unknown variable 'r_min' in bounds section (line 13931)
Read LP format model from file E:\codes\ExactEBRP\results\gf_cplex_equivalent_gurobi_replica_round28\runs\stage3__high_imbalance_seed3202__c2_paper__300s\external\models\L2.0.0.0.1.0.0.0.lp
Reading time = 0.02 seconds
obj: 11895 rows, 3372 columns, 67322 nonzeros
Set parameter TimeLimit to value 6.1074927799999983e+01
Warning: unknown variable 'r_max' in bounds section (line 13930)
Warning: unknown variable 'r_min' in bounds section (line 13931)
Read LP format model from file E:\codes\ExactEBRP\results\gf_cplex_equivalent_gurobi_replica_round28\runs\stage3__high_imbalance_seed3202__c2_paper__300s\external\models\L2.0.0.0.1.0.0.1.lp
Reading time = 0.02 seconds
obj: 11895 rows, 3372 columns, 67322 nonzeros
Set parameter TimeLimit to value 60.6796162
Warning: unknown variable 'r_max' in bounds section (line 13930)
Warning: unknown variable 'r_min' in bounds section (line 13931)
Read LP format model from file E:\codes\ExactEBRP\results\gf_cplex_equivalent_gurobi_replica_round28\runs\stage3__high_imbalance_seed3202__c2_paper__300s\external\models\L2.0.0.1.0.1.0.0.1.lp
Reading time = 0.02 seconds
obj: 11895 rows, 3372 columns, 67322 nonzeros
Set parameter TimeLimit to value 6.0403564899999992e+01
Warning: unknown variable 'r_max' in bounds section (line 13930)
Warning: unknown variable 'r_min' in bounds section (line 13931)
Read LP format model from file E:\codes\ExactEBRP\results\gf_cplex_equivalent_gurobi_replica_round28\runs\stage3__high_imbalance_seed3202__c2_paper__300s\external\models\L2.0.0.1.0.1.0.1.0.lp
Reading time = 0.02 seconds
obj: 11895 rows, 3372 columns, 67322 nonzeros
Set parameter TimeLimit to value 2.5025970199999989e+01
Warning: unknown variable 'r_max' in bounds section (line 13930)
Warning: unknown variable 'r_min' in bounds section (line 13931)
Read LP format model from file E:\codes\ExactEBRP\results\gf_cplex_equivalent_gurobi_replica_round28\runs\stage3__high_imbalance_seed3202__c2_paper__300s\external\models\L2.0.0.1.0.1.0.1.1.lp
Reading time = 0.02 seconds
obj: 11895 rows, 3372 columns, 67322 nonzeros
Set parameter TimeLimit to value 2.4623401599999994e+01
Warning: unknown variable 'r_max' in bounds section (line 13930)
Warning: unknown variable 'r_min' in bounds section (line 13931)
Read LP format model from file E:\codes\ExactEBRP\results\gf_cplex_equivalent_gurobi_replica_round28\runs\stage3__high_imbalance_seed3202__c2_paper__300s\external\models\L2.0.0.1.0.1.0.1.0.lp
Reading time = 0.02 seconds
obj: 11895 rows, 3372 columns, 67322 nonzeros
Set parameter TimeLimit to value 2.4345421799999997e+01
