
Gurobi 13.0.2 (win64) logging started Thu Jul 23 16:06:29 2026

Set parameter LogFile to value "E:\codes\ExactEBRP\results\gf_gurobi_performance_recovery_round29\runs\stage2__high_imbalance_seed4201__c3_replica__300s\native.log"
Set parameter Threads to value 1
Set parameter Presolve to value -1
Set parameter Seed to value 0
Set parameter MIPGap to value 0
Set parameter MIPGapAbs to value 0
Warning: unknown variable 'r_max' in bounds section (line 13939)
Warning: unknown variable 'r_min' in bounds section (line 13940)
Read LP format model from file E:\codes\ExactEBRP\results\gf_gurobi_performance_recovery_round29\runs\stage2__high_imbalance_seed4201__c3_replica__300s\external\models\R.lp
Reading time = 0.02 seconds
obj: 11902 rows, 3374 columns, 66721 nonzeros
Set parameter TimeLimit to value 261.4097691
Warning: unknown variable 'r_max' in bounds section (line 13939)
Warning: unknown variable 'r_min' in bounds section (line 13940)
Read LP format model from file E:\codes\ExactEBRP\results\gf_gurobi_performance_recovery_round29\runs\stage2__high_imbalance_seed4201__c3_replica__300s\external\models\R.0.lp
Reading time = 0.02 seconds
obj: 11902 rows, 3374 columns, 67101 nonzeros
Set parameter TimeLimit to value 261.0120825
Warning: unknown variable 'r_max' in bounds section (line 13939)
Warning: unknown variable 'r_min' in bounds section (line 13940)
Read LP format model from file E:\codes\ExactEBRP\results\gf_gurobi_performance_recovery_round29\runs\stage2__high_imbalance_seed4201__c3_replica__300s\external\models\R.1.lp
Reading time = 0.02 seconds
obj: 11902 rows, 3374 columns, 66961 nonzeros
Set parameter TimeLimit to value 260.5910212
Warning: unknown variable 'r_max' in bounds section (line 13939)
Warning: unknown variable 'r_min' in bounds section (line 13940)
Read LP format model from file E:\codes\ExactEBRP\results\gf_gurobi_performance_recovery_round29\runs\stage2__high_imbalance_seed4201__c3_replica__300s\external\models\R.0.0.lp
Reading time = 0.02 seconds
obj: 11902 rows, 3374 columns, 67101 nonzeros
Set parameter TimeLimit to value 260.1915829
Warning: unknown variable 'r_max' in bounds section (line 13939)
Warning: unknown variable 'r_min' in bounds section (line 13940)
Read LP format model from file E:\codes\ExactEBRP\results\gf_gurobi_performance_recovery_round29\runs\stage2__high_imbalance_seed4201__c3_replica__300s\external\models\R.0.1.lp
Reading time = 0.02 seconds
obj: 11902 rows, 3374 columns, 67341 nonzeros
Set parameter TimeLimit to value 259.9857781
Warning: unknown variable 'r_max' in bounds section (line 13939)
Warning: unknown variable 'r_min' in bounds section (line 13940)
Read LP format model from file E:\codes\ExactEBRP\results\gf_gurobi_performance_recovery_round29\runs\stage2__high_imbalance_seed4201__c3_replica__300s\external\models\R.0.1.0.lp
Reading time = 0.02 seconds
obj: 11902 rows, 3374 columns, 67341 nonzeros
Set parameter TimeLimit to value 259.5194587
Warning: unknown variable 'r_max' in bounds section (line 13939)
Warning: unknown variable 'r_min' in bounds section (line 13940)
Read LP format model from file E:\codes\ExactEBRP\results\gf_gurobi_performance_recovery_round29\runs\stage2__high_imbalance_seed4201__c3_replica__300s\external\models\R.0.1.1.lp
Reading time = 0.02 seconds
obj: 11902 rows, 3374 columns, 67341 nonzeros
Set parameter TimeLimit to value 259.3053106
Warning: unknown variable 'r_max' in bounds section (line 13939)
Warning: unknown variable 'r_min' in bounds section (line 13940)
Read LP format model from file E:\codes\ExactEBRP\results\gf_gurobi_performance_recovery_round29\runs\stage2__high_imbalance_seed4201__c3_replica__300s\external\models\R.1.0.lp
Reading time = 0.02 seconds
obj: 11902 rows, 3374 columns, 67341 nonzeros
Set parameter TimeLimit to value 258.8487338
Warning: unknown variable 'r_max' in bounds section (line 13939)
Warning: unknown variable 'r_min' in bounds section (line 13940)
Read LP format model from file E:\codes\ExactEBRP\results\gf_gurobi_performance_recovery_round29\runs\stage2__high_imbalance_seed4201__c3_replica__300s\external\models\R.1.1.lp
Reading time = 0.02 seconds
obj: 11902 rows, 3374 columns, 66961 nonzeros
Set parameter TimeLimit to value 258.4710042
Warning: unknown variable 'r_max' in bounds section (line 13939)
Warning: unknown variable 'r_min' in bounds section (line 13940)
Read LP format model from file E:\codes\ExactEBRP\results\gf_gurobi_performance_recovery_round29\runs\stage2__high_imbalance_seed4201__c3_replica__300s\external\models\R.1.0.1.lp
Reading time = 0.02 seconds
obj: 11902 rows, 3374 columns, 67341 nonzeros
Set parameter TimeLimit to value 258.2360886
Warning: unknown variable 'r_max' in bounds section (line 13939)
Warning: unknown variable 'r_min' in bounds section (line 13940)
Read LP format model from file E:\codes\ExactEBRP\results\gf_gurobi_performance_recovery_round29\runs\stage2__high_imbalance_seed4201__c3_replica__300s\external\models\R.1.0.0.lp
Reading time = 0.02 seconds
obj: 11902 rows, 3374 columns, 67341 nonzeros
Set parameter TimeLimit to value 257.8640758
Warning: unknown variable 'r_max' in bounds section (line 13939)
Warning: unknown variable 'r_min' in bounds section (line 13940)
Read LP format model from file E:\codes\ExactEBRP\results\gf_gurobi_performance_recovery_round29\runs\stage2__high_imbalance_seed4201__c3_replica__300s\external\models\R.1.0.0.1.lp
Reading time = 0.02 seconds
obj: 11902 rows, 3374 columns, 67341 nonzeros
Set parameter TimeLimit to value 257.4377984
Warning: unknown variable 'r_max' in bounds section (line 13939)
Warning: unknown variable 'r_min' in bounds section (line 13940)
Read LP format model from file E:\codes\ExactEBRP\results\gf_gurobi_performance_recovery_round29\runs\stage2__high_imbalance_seed4201__c3_replica__300s\external\models\R.1.0.0.0.lp
Reading time = 0.02 seconds
obj: 11902 rows, 3374 columns, 67341 nonzeros
Set parameter TimeLimit to value 257.093154
Warning: unknown variable 'r_max' in bounds section (line 13939)
Warning: unknown variable 'r_min' in bounds section (line 13940)
Read LP format model from file E:\codes\ExactEBRP\results\gf_gurobi_performance_recovery_round29\runs\stage2__high_imbalance_seed4201__c3_replica__300s\external\models\R.1.0.0.0.0.lp
Reading time = 0.02 seconds
obj: 11902 rows, 3374 columns, 67341 nonzeros
Set parameter TimeLimit to value 256.6819026
Warning: unknown variable 'r_max' in bounds section (line 13939)
Warning: unknown variable 'r_min' in bounds section (line 13940)
Read LP format model from file E:\codes\ExactEBRP\results\gf_gurobi_performance_recovery_round29\runs\stage2__high_imbalance_seed4201__c3_replica__300s\external\models\R.1.0.0.0.1.lp
Reading time = 0.02 seconds
obj: 11902 rows, 3374 columns, 67341 nonzeros
Set parameter TimeLimit to value 256.2876732
Warning: unknown variable 'r_max' in bounds section (line 13939)
Warning: unknown variable 'r_min' in bounds section (line 13940)
Read LP format model from file E:\codes\ExactEBRP\results\gf_gurobi_performance_recovery_round29\runs\stage2__high_imbalance_seed4201__c3_replica__300s\external\models\R.1.0.0.0.0.0.lp
Reading time = 0.02 seconds
obj: 11902 rows, 3374 columns, 67341 nonzeros
Set parameter TimeLimit to value 255.9005355
Warning: unknown variable 'r_max' in bounds section (line 13939)
Warning: unknown variable 'r_min' in bounds section (line 13940)
Read LP format model from file E:\codes\ExactEBRP\results\gf_gurobi_performance_recovery_round29\runs\stage2__high_imbalance_seed4201__c3_replica__300s\external\models\R.1.0.0.0.0.1.lp
Reading time = 0.02 seconds
obj: 11902 rows, 3374 columns, 67341 nonzeros
Set parameter TimeLimit to value 2.5546587440000002e+02
Warning: unknown variable 'r_max' in bounds section (line 13939)
Warning: unknown variable 'r_min' in bounds section (line 13940)
Read LP format model from file E:\codes\ExactEBRP\results\gf_gurobi_performance_recovery_round29\runs\stage2__high_imbalance_seed4201__c3_replica__300s\external\models\R.1.0.0.0.0.1.0.lp
Reading time = 0.02 seconds
obj: 11902 rows, 3374 columns, 67341 nonzeros
Set parameter TimeLimit to value 2.5502814569999998e+02
Warning: unknown variable 'r_max' in bounds section (line 13939)
Warning: unknown variable 'r_min' in bounds section (line 13940)
Read LP format model from file E:\codes\ExactEBRP\results\gf_gurobi_performance_recovery_round29\runs\stage2__high_imbalance_seed4201__c3_replica__300s\external\models\R.1.0.0.0.0.1.1.lp
Reading time = 0.02 seconds
obj: 11902 rows, 3374 columns, 67341 nonzeros
Set parameter TimeLimit to value 2.5461366069999997e+02
Warning: unknown variable 'r_max' in bounds section (line 13939)
Warning: unknown variable 'r_min' in bounds section (line 13940)
Read LP format model from file E:\codes\ExactEBRP\results\gf_gurobi_performance_recovery_round29\runs\stage2__high_imbalance_seed4201__c3_replica__300s\external\models\R.1.0.0.0.1.0.lp
Reading time = 0.02 seconds
obj: 11902 rows, 3374 columns, 67341 nonzeros
Set parameter TimeLimit to value 254.2043306
Warning: unknown variable 'r_max' in bounds section (line 13939)
Warning: unknown variable 'r_min' in bounds section (line 13940)
Read LP format model from file E:\codes\ExactEBRP\results\gf_gurobi_performance_recovery_round29\runs\stage2__high_imbalance_seed4201__c3_replica__300s\external\models\R.1.0.0.0.1.1.lp
Reading time = 0.02 seconds
obj: 11902 rows, 3374 columns, 67341 nonzeros
Set parameter TimeLimit to value 253.7315256
Warning: unknown variable 'r_max' in bounds section (line 13939)
Warning: unknown variable 'r_min' in bounds section (line 13940)
Read LP format model from file E:\codes\ExactEBRP\results\gf_gurobi_performance_recovery_round29\runs\stage2__high_imbalance_seed4201__c3_replica__300s\external\models\R.1.0.0.0.1.0.0.lp
Reading time = 0.02 seconds
obj: 11902 rows, 3374 columns, 67341 nonzeros
Set parameter TimeLimit to value 253.353179
Warning: unknown variable 'r_max' in bounds section (line 13939)
Warning: unknown variable 'r_min' in bounds section (line 13940)
Read LP format model from file E:\codes\ExactEBRP\results\gf_gurobi_performance_recovery_round29\runs\stage2__high_imbalance_seed4201__c3_replica__300s\external\models\R.1.0.0.0.1.0.1.lp
Reading time = 0.02 seconds
obj: 11902 rows, 3374 columns, 67341 nonzeros
Set parameter TimeLimit to value 2.5291963980000003e+02
Warning: unknown variable 'r_max' in bounds section (line 13939)
Warning: unknown variable 'r_min' in bounds section (line 13940)
Read LP format model from file E:\codes\ExactEBRP\results\gf_gurobi_performance_recovery_round29\runs\stage2__high_imbalance_seed4201__c3_replica__300s\external\models\R.1.0.0.0.0.1.1.1.lp
Reading time = 0.02 seconds
obj: 11902 rows, 3374 columns, 67341 nonzeros
Set parameter TimeLimit to value 252.5112476
Warning: unknown variable 'r_max' in bounds section (line 13939)
Warning: unknown variable 'r_min' in bounds section (line 13940)
Read LP format model from file E:\codes\ExactEBRP\results\gf_gurobi_performance_recovery_round29\runs\stage2__high_imbalance_seed4201__c3_replica__300s\external\models\R.1.0.0.0.0.1.1.0.lp
Reading time = 0.02 seconds
obj: 11902 rows, 3374 columns, 67341 nonzeros
Set parameter TimeLimit to value 252.1144412
Warning: unknown variable 'r_max' in bounds section (line 13939)
Warning: unknown variable 'r_min' in bounds section (line 13940)
Read LP format model from file E:\codes\ExactEBRP\results\gf_gurobi_performance_recovery_round29\runs\stage2__high_imbalance_seed4201__c3_replica__300s\external\models\R.1.0.0.0.1.0.0.0.lp
Reading time = 0.02 seconds
obj: 11902 rows, 3374 columns, 67341 nonzeros
Set parameter TimeLimit to value 2.5170082589999998e+02
Warning: unknown variable 'r_max' in bounds section (line 13939)
Warning: unknown variable 'r_min' in bounds section (line 13940)
Read LP format model from file E:\codes\ExactEBRP\results\gf_gurobi_performance_recovery_round29\runs\stage2__high_imbalance_seed4201__c3_replica__300s\external\models\R.1.0.0.0.1.0.0.1.lp
Reading time = 0.02 seconds
obj: 11902 rows, 3374 columns, 67341 nonzeros
Set parameter TimeLimit to value 251.2760177
Warning: unknown variable 'r_max' in bounds section (line 13939)
Warning: unknown variable 'r_min' in bounds section (line 13940)
Read LP format model from file E:\codes\ExactEBRP\results\gf_gurobi_performance_recovery_round29\runs\stage2__high_imbalance_seed4201__c3_replica__300s\external\models\R.1.0.0.0.0.1.0.1.lp
Reading time = 0.02 seconds
obj: 11902 rows, 3374 columns, 67341 nonzeros
Set parameter TimeLimit to value 250.842432
Warning: unknown variable 'r_max' in bounds section (line 13939)
Warning: unknown variable 'r_min' in bounds section (line 13940)
Read LP format model from file E:\codes\ExactEBRP\results\gf_gurobi_performance_recovery_round29\runs\stage2__high_imbalance_seed4201__c3_replica__300s\external\models\R.1.0.0.0.0.1.0.0.lp
Reading time = 0.02 seconds
obj: 11902 rows, 3374 columns, 67341 nonzeros
Set parameter TimeLimit to value 250.4371018
Warning: unknown variable 'r_max' in bounds section (line 13939)
Warning: unknown variable 'r_min' in bounds section (line 13940)
Read LP format model from file E:\codes\ExactEBRP\results\gf_gurobi_performance_recovery_round29\runs\stage2__high_imbalance_seed4201__c3_replica__300s\external\models\R.1.0.0.0.0.0.1.lp
Reading time = 0.02 seconds
obj: 11902 rows, 3374 columns, 67341 nonzeros
Set parameter TimeLimit to value 249.9904143
Warning: unknown variable 'r_max' in bounds section (line 13939)
Warning: unknown variable 'r_min' in bounds section (line 13940)
Read LP format model from file E:\codes\ExactEBRP\results\gf_gurobi_performance_recovery_round29\runs\stage2__high_imbalance_seed4201__c3_replica__300s\external\models\R.1.0.0.0.0.0.0.lp
Reading time = 0.02 seconds
obj: 11902 rows, 3374 columns, 67341 nonzeros
Set parameter TimeLimit to value 249.5360993
Warning: unknown variable 'r_max' in bounds section (line 13939)
Warning: unknown variable 'r_min' in bounds section (line 13940)
Read LP format model from file E:\codes\ExactEBRP\results\gf_gurobi_performance_recovery_round29\runs\stage2__high_imbalance_seed4201__c3_replica__300s\external\models\R.1.0.0.0.0.1.1.1.0.lp
Reading time = 0.02 seconds
obj: 11902 rows, 3374 columns, 67341 nonzeros
Set parameter TimeLimit to value 249.1175313
Warning: unknown variable 'r_max' in bounds section (line 13939)
Warning: unknown variable 'r_min' in bounds section (line 13940)
Read LP format model from file E:\codes\ExactEBRP\results\gf_gurobi_performance_recovery_round29\runs\stage2__high_imbalance_seed4201__c3_replica__300s\external\models\R.1.0.0.0.0.1.1.1.1.lp
Reading time = 0.02 seconds
obj: 11902 rows, 3374 columns, 67341 nonzeros
Set parameter TimeLimit to value 248.7205694
Warning: unknown variable 'r_max' in bounds section (line 13939)
Warning: unknown variable 'r_min' in bounds section (line 13940)
Read LP format model from file E:\codes\ExactEBRP\results\gf_gurobi_performance_recovery_round29\runs\stage2__high_imbalance_seed4201__c3_replica__300s\external\models\R.1.0.0.0.1.0.0.0.0.lp
Reading time = 0.02 seconds
obj: 11902 rows, 3374 columns, 67341 nonzeros
Set parameter TimeLimit to value 248.3022732
Warning: unknown variable 'r_max' in bounds section (line 13939)
Warning: unknown variable 'r_min' in bounds section (line 13940)
Read LP format model from file E:\codes\ExactEBRP\results\gf_gurobi_performance_recovery_round29\runs\stage2__high_imbalance_seed4201__c3_replica__300s\external\models\R.1.0.0.0.1.0.0.0.1.lp
Reading time = 0.02 seconds
obj: 11902 rows, 3374 columns, 67341 nonzeros
Set parameter TimeLimit to value 247.8974773
Warning: unknown variable 'r_max' in bounds section (line 13939)
Warning: unknown variable 'r_min' in bounds section (line 13940)
Read LP format model from file E:\codes\ExactEBRP\results\gf_gurobi_performance_recovery_round29\runs\stage2__high_imbalance_seed4201__c3_replica__300s\external\models\R.1.0.0.0.0.1.1.0.0.lp
Reading time = 0.02 seconds
obj: 11902 rows, 3374 columns, 67341 nonzeros
Set parameter TimeLimit to value 247.4756172
Warning: unknown variable 'r_max' in bounds section (line 13939)
Warning: unknown variable 'r_min' in bounds section (line 13940)
Read LP format model from file E:\codes\ExactEBRP\results\gf_gurobi_performance_recovery_round29\runs\stage2__high_imbalance_seed4201__c3_replica__300s\external\models\R.1.0.0.0.0.1.1.0.1.lp
Reading time = 0.02 seconds
obj: 11902 rows, 3374 columns, 67341 nonzeros
Set parameter TimeLimit to value 247.0547497
Warning: unknown variable 'r_max' in bounds section (line 13939)
Warning: unknown variable 'r_min' in bounds section (line 13940)
Read LP format model from file E:\codes\ExactEBRP\results\gf_gurobi_performance_recovery_round29\runs\stage2__high_imbalance_seed4201__c3_replica__300s\external\models\R.1.0.0.0.1.0.1.1.lp
Reading time = 0.02 seconds
obj: 11902 rows, 3374 columns, 67341 nonzeros
Set parameter TimeLimit to value 246.6439582
Warning: unknown variable 'r_max' in bounds section (line 13939)
Warning: unknown variable 'r_min' in bounds section (line 13940)
Read LP format model from file E:\codes\ExactEBRP\results\gf_gurobi_performance_recovery_round29\runs\stage2__high_imbalance_seed4201__c3_replica__300s\external\models\R.1.0.0.0.1.0.1.0.lp
Reading time = 0.02 seconds
obj: 11902 rows, 3374 columns, 67341 nonzeros
Set parameter TimeLimit to value 246.2440782
Warning: unknown variable 'r_max' in bounds section (line 13939)
Warning: unknown variable 'r_min' in bounds section (line 13940)
Read LP format model from file E:\codes\ExactEBRP\results\gf_gurobi_performance_recovery_round29\runs\stage2__high_imbalance_seed4201__c3_replica__300s\external\models\R.1.0.0.0.1.0.0.1.1.lp
Reading time = 0.02 seconds
obj: 11902 rows, 3374 columns, 67341 nonzeros
Set parameter TimeLimit to value 245.8294201
Warning: unknown variable 'r_max' in bounds section (line 13939)
Warning: unknown variable 'r_min' in bounds section (line 13940)
Read LP format model from file E:\codes\ExactEBRP\results\gf_gurobi_performance_recovery_round29\runs\stage2__high_imbalance_seed4201__c3_replica__300s\external\models\R.1.0.0.0.1.0.0.1.0.lp
Reading time = 0.02 seconds
obj: 11902 rows, 3374 columns, 67341 nonzeros
Set parameter TimeLimit to value 245.4123016
Warning: unknown variable 'r_max' in bounds section (line 13939)
Warning: unknown variable 'r_min' in bounds section (line 13940)
Read LP format model from file E:\codes\ExactEBRP\results\gf_gurobi_performance_recovery_round29\runs\stage2__high_imbalance_seed4201__c3_replica__300s\external\models\R.1.0.0.0.0.1.1.1.1.0.lp
Reading time = 0.02 seconds
obj: 11902 rows, 3374 columns, 67341 nonzeros
Set parameter TimeLimit to value 245.0230677
Warning: unknown variable 'r_max' in bounds section (line 13939)
Warning: unknown variable 'r_min' in bounds section (line 13940)
Read LP format model from file E:\codes\ExactEBRP\results\gf_gurobi_performance_recovery_round29\runs\stage2__high_imbalance_seed4201__c3_replica__300s\external\models\R.1.0.0.0.0.1.1.1.1.0.lp
Reading time = 0.02 seconds
obj: 11902 rows, 3374 columns, 67341 nonzeros
Set parameter TimeLimit to value 2.4474358949999998e+02
Warning: unknown variable 'r_max' in bounds section (line 13939)
Warning: unknown variable 'r_min' in bounds section (line 13940)
Read LP format model from file E:\codes\ExactEBRP\results\gf_gurobi_performance_recovery_round29\runs\stage2__high_imbalance_seed4201__c3_replica__300s\external\models\R.1.0.0.0.0.1.1.1.1.1.lp
Reading time = 0.02 seconds
obj: 11902 rows, 3374 columns, 67341 nonzeros
Set parameter TimeLimit to value 3.9888126599999993e+01
Warning: unknown variable 'r_max' in bounds section (line 13939)
Warning: unknown variable 'r_min' in bounds section (line 13940)
Read LP format model from file E:\codes\ExactEBRP\results\gf_gurobi_performance_recovery_round29\runs\stage2__high_imbalance_seed4201__c3_replica__300s\external\models\R.1.0.0.0.0.1.1.1.1.1.lp
Reading time = 0.02 seconds
obj: 11902 rows, 3374 columns, 67341 nonzeros
Set parameter TimeLimit to value 3.9596838999999989e+01
Warning: unknown variable 'r_max' in bounds section (line 13939)
Warning: unknown variable 'r_min' in bounds section (line 13940)
Read LP format model from file E:\codes\ExactEBRP\results\gf_gurobi_performance_recovery_round29\runs\stage2__high_imbalance_seed4201__c3_replica__300s\external\models\R.1.0.0.0.1.0.0.0.0.1.lp
Reading time = 0.02 seconds
obj: 11902 rows, 3374 columns, 67341 nonzeros
Set parameter TimeLimit to value 3.7080447999999819e+00
Warning: unknown variable 'r_max' in bounds section (line 13939)
Warning: unknown variable 'r_min' in bounds section (line 13940)
Read LP format model from file E:\codes\ExactEBRP\results\gf_gurobi_performance_recovery_round29\runs\stage2__high_imbalance_seed4201__c3_replica__300s\external\models\R.1.0.0.0.1.0.0.0.0.1.lp
Reading time = 0.02 seconds
obj: 11902 rows, 3374 columns, 67341 nonzeros
Set parameter TimeLimit to value 3.4401278000000275e+00
