
Gurobi 13.0.2 (win64) logging started Thu Jul 23 17:05:54 2026

Set parameter LogFile to value "E:\codes\ExactEBRP\results\gf_gurobi_performance_recovery_round29\runs\stage2__moderate_seed5302__c3_replica__300s\native.log"
Set parameter Threads to value 1
Set parameter Presolve to value -1
Set parameter Seed to value 0
Set parameter MIPGap to value 0
Set parameter MIPGapAbs to value 0
Warning: unknown variable 'r_max' in bounds section (line 13976)
Warning: unknown variable 'r_min' in bounds section (line 13977)
Read LP format model from file E:\codes\ExactEBRP\results\gf_gurobi_performance_recovery_round29\runs\stage2__moderate_seed5302__c3_replica__300s\external\models\R.lp
Reading time = 0.02 seconds
obj: 11931 rows, 3382 columns, 67156 nonzeros
Set parameter TimeLimit to value 238.5899331
Warning: unknown variable 'r_max' in bounds section (line 13976)
Warning: unknown variable 'r_min' in bounds section (line 13977)
Read LP format model from file E:\codes\ExactEBRP\results\gf_gurobi_performance_recovery_round29\runs\stage2__moderate_seed5302__c3_replica__300s\external\models\R.0.lp
Reading time = 0.02 seconds
obj: 11931 rows, 3382 columns, 67156 nonzeros
Set parameter TimeLimit to value 238.1598363
Warning: unknown variable 'r_max' in bounds section (line 13977)
Warning: unknown variable 'r_min' in bounds section (line 13978)
Read LP format model from file E:\codes\ExactEBRP\results\gf_gurobi_performance_recovery_round29\runs\stage2__moderate_seed5302__c3_replica__300s\external\models\R.1.lp
Reading time = 0.02 seconds
obj: 11932 rows, 3382 columns, 67410 nonzeros
Set parameter TimeLimit to value 237.7503557
Warning: unknown variable 'r_max' in bounds section (line 13976)
Warning: unknown variable 'r_min' in bounds section (line 13977)
Read LP format model from file E:\codes\ExactEBRP\results\gf_gurobi_performance_recovery_round29\runs\stage2__moderate_seed5302__c3_replica__300s\external\models\R.0.0.lp
Reading time = 0.02 seconds
obj: 11931 rows, 3382 columns, 67156 nonzeros
Set parameter TimeLimit to value 237.3722533
Warning: unknown variable 'r_max' in bounds section (line 13976)
Warning: unknown variable 'r_min' in bounds section (line 13977)
Read LP format model from file E:\codes\ExactEBRP\results\gf_gurobi_performance_recovery_round29\runs\stage2__moderate_seed5302__c3_replica__300s\external\models\R.0.0.0.lp
Reading time = 0.02 seconds
obj: 11931 rows, 3382 columns, 67156 nonzeros
Set parameter TimeLimit to value 2.3696151650000002e+02
Warning: unknown variable 'r_max' in bounds section (line 13977)
Warning: unknown variable 'r_min' in bounds section (line 13978)
Read LP format model from file E:\codes\ExactEBRP\results\gf_gurobi_performance_recovery_round29\runs\stage2__moderate_seed5302__c3_replica__300s\external\models\R.0.0.1.lp
Reading time = 0.02 seconds
obj: 11932 rows, 3382 columns, 67410 nonzeros
Set parameter TimeLimit to value 236.5486593
Warning: unknown variable 'r_max' in bounds section (line 13977)
Warning: unknown variable 'r_min' in bounds section (line 13978)
Read LP format model from file E:\codes\ExactEBRP\results\gf_gurobi_performance_recovery_round29\runs\stage2__moderate_seed5302__c3_replica__300s\external\models\R.0.1.lp
Reading time = 0.02 seconds
obj: 11932 rows, 3382 columns, 67410 nonzeros
Set parameter TimeLimit to value 236.1614801
Warning: unknown variable 'r_max' in bounds section (line 13976)
Warning: unknown variable 'r_min' in bounds section (line 13977)
Read LP format model from file E:\codes\ExactEBRP\results\gf_gurobi_performance_recovery_round29\runs\stage2__moderate_seed5302__c3_replica__300s\external\models\R.0.0.0.0.lp
Reading time = 0.02 seconds
obj: 11931 rows, 3382 columns, 67156 nonzeros
Set parameter TimeLimit to value 235.8003891
Warning: unknown variable 'r_max' in bounds section (line 13976)
Warning: unknown variable 'r_min' in bounds section (line 13977)
Read LP format model from file E:\codes\ExactEBRP\results\gf_gurobi_performance_recovery_round29\runs\stage2__moderate_seed5302__c3_replica__300s\external\models\R.0.0.0.1.lp
Reading time = 0.02 seconds
obj: 11931 rows, 3382 columns, 67404 nonzeros
Set parameter TimeLimit to value 235.3602319
Warning: unknown variable 'r_max' in bounds section (line 13977)
Warning: unknown variable 'r_min' in bounds section (line 13978)
Read LP format model from file E:\codes\ExactEBRP\results\gf_gurobi_performance_recovery_round29\runs\stage2__moderate_seed5302__c3_replica__300s\external\models\R.0.0.0.1.1.lp
Reading time = 0.02 seconds
obj: 11932 rows, 3382 columns, 67410 nonzeros
Set parameter TimeLimit to value 234.9645852
Warning: unknown variable 'r_max' in bounds section (line 13976)
Warning: unknown variable 'r_min' in bounds section (line 13977)
Read LP format model from file E:\codes\ExactEBRP\results\gf_gurobi_performance_recovery_round29\runs\stage2__moderate_seed5302__c3_replica__300s\external\models\R.0.0.0.1.0.lp
Reading time = 0.02 seconds
obj: 11931 rows, 3382 columns, 67404 nonzeros
Set parameter TimeLimit to value 2.3454618010000002e+02
Warning: unknown variable 'r_max' in bounds section (line 13976)
Warning: unknown variable 'r_min' in bounds section (line 13977)
Read LP format model from file E:\codes\ExactEBRP\results\gf_gurobi_performance_recovery_round29\runs\stage2__moderate_seed5302__c3_replica__300s\external\models\R.0.0.0.0.0.lp
Reading time = 0.02 seconds
obj: 11931 rows, 3382 columns, 67156 nonzeros
Set parameter TimeLimit to value 234.1073844
Warning: unknown variable 'r_max' in bounds section (line 13976)
Warning: unknown variable 'r_min' in bounds section (line 13977)
Read LP format model from file E:\codes\ExactEBRP\results\gf_gurobi_performance_recovery_round29\runs\stage2__moderate_seed5302__c3_replica__300s\external\models\R.0.0.0.0.1.lp
Reading time = 0.02 seconds
obj: 11931 rows, 3382 columns, 67404 nonzeros
Set parameter TimeLimit to value 233.6528641
Warning: unknown variable 'r_max' in bounds section (line 13977)
Warning: unknown variable 'r_min' in bounds section (line 13978)
Read LP format model from file E:\codes\ExactEBRP\results\gf_gurobi_performance_recovery_round29\runs\stage2__moderate_seed5302__c3_replica__300s\external\models\R.0.0.0.1.0.1.lp
Reading time = 0.02 seconds
obj: 11932 rows, 3382 columns, 67410 nonzeros
Set parameter TimeLimit to value 233.2435834
Warning: unknown variable 'r_max' in bounds section (line 13976)
Warning: unknown variable 'r_min' in bounds section (line 13977)
Read LP format model from file E:\codes\ExactEBRP\results\gf_gurobi_performance_recovery_round29\runs\stage2__moderate_seed5302__c3_replica__300s\external\models\R.0.0.0.1.0.0.lp
Reading time = 0.02 seconds
obj: 11931 rows, 3382 columns, 67404 nonzeros
Set parameter TimeLimit to value 232.8093508
Warning: unknown variable 'r_max' in bounds section (line 13977)
Warning: unknown variable 'r_min' in bounds section (line 13978)
Read LP format model from file E:\codes\ExactEBRP\results\gf_gurobi_performance_recovery_round29\runs\stage2__moderate_seed5302__c3_replica__300s\external\models\R.0.0.0.1.0.1.0.lp
Reading time = 0.02 seconds
obj: 11932 rows, 3382 columns, 67410 nonzeros
Set parameter TimeLimit to value 232.3864806
Warning: unknown variable 'r_max' in bounds section (line 13977)
Warning: unknown variable 'r_min' in bounds section (line 13978)
Read LP format model from file E:\codes\ExactEBRP\results\gf_gurobi_performance_recovery_round29\runs\stage2__moderate_seed5302__c3_replica__300s\external\models\R.0.0.0.1.0.1.1.lp
Reading time = 0.02 seconds
obj: 11932 rows, 3382 columns, 67410 nonzeros
Set parameter TimeLimit to value 231.9498443
Warning: unknown variable 'r_max' in bounds section (line 13976)
Warning: unknown variable 'r_min' in bounds section (line 13977)
Read LP format model from file E:\codes\ExactEBRP\results\gf_gurobi_performance_recovery_round29\runs\stage2__moderate_seed5302__c3_replica__300s\external\models\R.0.0.0.0.1.1.lp
Reading time = 0.02 seconds
obj: 11931 rows, 3382 columns, 67404 nonzeros
Set parameter TimeLimit to value 231.5156983
Warning: unknown variable 'r_max' in bounds section (line 13976)
Warning: unknown variable 'r_min' in bounds section (line 13977)
Read LP format model from file E:\codes\ExactEBRP\results\gf_gurobi_performance_recovery_round29\runs\stage2__moderate_seed5302__c3_replica__300s\external\models\R.0.0.0.0.1.0.lp
Reading time = 0.02 seconds
obj: 11931 rows, 3382 columns, 67404 nonzeros
Set parameter TimeLimit to value 231.0745604
Warning: unknown variable 'r_max' in bounds section (line 13977)
Warning: unknown variable 'r_min' in bounds section (line 13978)
Read LP format model from file E:\codes\ExactEBRP\results\gf_gurobi_performance_recovery_round29\runs\stage2__moderate_seed5302__c3_replica__300s\external\models\R.0.0.0.1.0.1.1.0.lp
Reading time = 0.02 seconds
obj: 11932 rows, 3382 columns, 67410 nonzeros
Set parameter TimeLimit to value 230.6489982
Warning: unknown variable 'r_max' in bounds section (line 13977)
Warning: unknown variable 'r_min' in bounds section (line 13978)
Read LP format model from file E:\codes\ExactEBRP\results\gf_gurobi_performance_recovery_round29\runs\stage2__moderate_seed5302__c3_replica__300s\external\models\R.0.0.0.1.0.1.1.1.lp
Reading time = 0.02 seconds
obj: 11932 rows, 3382 columns, 67410 nonzeros
Set parameter TimeLimit to value 230.2347388
Warning: unknown variable 'r_max' in bounds section (line 13976)
Warning: unknown variable 'r_min' in bounds section (line 13977)
Read LP format model from file E:\codes\ExactEBRP\results\gf_gurobi_performance_recovery_round29\runs\stage2__moderate_seed5302__c3_replica__300s\external\models\R.0.0.0.1.0.0.0.lp
Reading time = 0.02 seconds
obj: 11931 rows, 3382 columns, 67404 nonzeros
Set parameter TimeLimit to value 229.8301165
Warning: unknown variable 'r_max' in bounds section (line 13976)
Warning: unknown variable 'r_min' in bounds section (line 13977)
Read LP format model from file E:\codes\ExactEBRP\results\gf_gurobi_performance_recovery_round29\runs\stage2__moderate_seed5302__c3_replica__300s\external\models\R.0.0.0.1.0.0.1.lp
Reading time = 0.02 seconds
obj: 11931 rows, 3382 columns, 67404 nonzeros
Set parameter TimeLimit to value 2.2940421650000002e+02
Warning: unknown variable 'r_max' in bounds section (line 13977)
Warning: unknown variable 'r_min' in bounds section (line 13978)
Read LP format model from file E:\codes\ExactEBRP\results\gf_gurobi_performance_recovery_round29\runs\stage2__moderate_seed5302__c3_replica__300s\external\models\R.0.0.0.1.1.0.lp
Reading time = 0.02 seconds
obj: 11932 rows, 3382 columns, 67410 nonzeros
Set parameter TimeLimit to value 2.2897917289999998e+02
Warning: unknown variable 'r_max' in bounds section (line 13977)
Warning: unknown variable 'r_min' in bounds section (line 13978)
Read LP format model from file E:\codes\ExactEBRP\results\gf_gurobi_performance_recovery_round29\runs\stage2__moderate_seed5302__c3_replica__300s\external\models\R.0.0.0.1.1.1.lp
Reading time = 0.02 seconds
obj: 11932 rows, 3382 columns, 67410 nonzeros
Set parameter TimeLimit to value 228.5607099
Warning: unknown variable 'r_max' in bounds section (line 13977)
Warning: unknown variable 'r_min' in bounds section (line 13978)
Read LP format model from file E:\codes\ExactEBRP\results\gf_gurobi_performance_recovery_round29\runs\stage2__moderate_seed5302__c3_replica__300s\external\models\R.0.0.0.1.1.0.0.lp
Reading time = 0.02 seconds
obj: 11932 rows, 3382 columns, 67410 nonzeros
Set parameter TimeLimit to value 228.1449397
Warning: unknown variable 'r_max' in bounds section (line 13977)
Warning: unknown variable 'r_min' in bounds section (line 13978)
Read LP format model from file E:\codes\ExactEBRP\results\gf_gurobi_performance_recovery_round29\runs\stage2__moderate_seed5302__c3_replica__300s\external\models\R.0.0.0.1.1.0.1.lp
Reading time = 0.02 seconds
obj: 11932 rows, 3382 columns, 67410 nonzeros
Set parameter TimeLimit to value 227.7315696
Warning: unknown variable 'r_max' in bounds section (line 13977)
Warning: unknown variable 'r_min' in bounds section (line 13978)
Read LP format model from file E:\codes\ExactEBRP\results\gf_gurobi_performance_recovery_round29\runs\stage2__moderate_seed5302__c3_replica__300s\external\models\R.0.0.0.1.0.1.0.0.lp
Reading time = 0.02 seconds
obj: 11932 rows, 3382 columns, 67410 nonzeros
Set parameter TimeLimit to value 227.3274897
Warning: unknown variable 'r_max' in bounds section (line 13977)
Warning: unknown variable 'r_min' in bounds section (line 13978)
Read LP format model from file E:\codes\ExactEBRP\results\gf_gurobi_performance_recovery_round29\runs\stage2__moderate_seed5302__c3_replica__300s\external\models\R.0.0.0.1.0.1.0.1.lp
Reading time = 0.02 seconds
obj: 11932 rows, 3382 columns, 67410 nonzeros
Set parameter TimeLimit to value 226.8621716
Warning: unknown variable 'r_max' in bounds section (line 13977)
Warning: unknown variable 'r_min' in bounds section (line 13978)
Read LP format model from file E:\codes\ExactEBRP\results\gf_gurobi_performance_recovery_round29\runs\stage2__moderate_seed5302__c3_replica__300s\external\models\R.0.0.0.1.1.0.0.0.lp
Reading time = 0.02 seconds
obj: 11932 rows, 3382 columns, 67410 nonzeros
Set parameter TimeLimit to value 226.4545038
Warning: unknown variable 'r_max' in bounds section (line 13977)
Warning: unknown variable 'r_min' in bounds section (line 13978)
Read LP format model from file E:\codes\ExactEBRP\results\gf_gurobi_performance_recovery_round29\runs\stage2__moderate_seed5302__c3_replica__300s\external\models\R.0.0.0.1.1.0.0.1.lp
Reading time = 0.02 seconds
obj: 11932 rows, 3382 columns, 67410 nonzeros
Set parameter TimeLimit to value 2.2604371559999998e+02
Warning: unknown variable 'r_max' in bounds section (line 13977)
Warning: unknown variable 'r_min' in bounds section (line 13978)
Read LP format model from file E:\codes\ExactEBRP\results\gf_gurobi_performance_recovery_round29\runs\stage2__moderate_seed5302__c3_replica__300s\external\models\R.0.0.0.1.0.1.1.1.0.lp
Reading time = 0.02 seconds
obj: 11932 rows, 3382 columns, 67410 nonzeros
Set parameter TimeLimit to value 225.6137952
Warning: unknown variable 'r_max' in bounds section (line 13977)
Warning: unknown variable 'r_min' in bounds section (line 13978)
Read LP format model from file E:\codes\ExactEBRP\results\gf_gurobi_performance_recovery_round29\runs\stage2__moderate_seed5302__c3_replica__300s\external\models\R.0.0.0.1.0.1.1.1.1.lp
Reading time = 0.02 seconds
obj: 11932 rows, 3382 columns, 67410 nonzeros
Set parameter TimeLimit to value 225.1623012
Warning: unknown variable 'r_max' in bounds section (line 13977)
Warning: unknown variable 'r_min' in bounds section (line 13978)
Read LP format model from file E:\codes\ExactEBRP\results\gf_gurobi_performance_recovery_round29\runs\stage2__moderate_seed5302__c3_replica__300s\external\models\R.0.0.0.1.0.1.1.0.0.lp
Reading time = 0.02 seconds
obj: 11932 rows, 3382 columns, 67410 nonzeros
Set parameter TimeLimit to value 224.7587015
Warning: unknown variable 'r_max' in bounds section (line 13977)
Warning: unknown variable 'r_min' in bounds section (line 13978)
Read LP format model from file E:\codes\ExactEBRP\results\gf_gurobi_performance_recovery_round29\runs\stage2__moderate_seed5302__c3_replica__300s\external\models\R.0.0.0.1.0.1.1.0.1.lp
Reading time = 0.02 seconds
obj: 11932 rows, 3382 columns, 67410 nonzeros
Set parameter TimeLimit to value 224.3375916
Warning: unknown variable 'r_max' in bounds section (line 13977)
Warning: unknown variable 'r_min' in bounds section (line 13978)
Read LP format model from file E:\codes\ExactEBRP\results\gf_gurobi_performance_recovery_round29\runs\stage2__moderate_seed5302__c3_replica__300s\external\models\R.0.0.0.1.1.0.0.0.0.lp
Reading time = 0.02 seconds
obj: 11932 rows, 3382 columns, 67410 nonzeros
Set parameter TimeLimit to value 223.9114962
Warning: unknown variable 'r_max' in bounds section (line 13977)
Warning: unknown variable 'r_min' in bounds section (line 13978)
Read LP format model from file E:\codes\ExactEBRP\results\gf_gurobi_performance_recovery_round29\runs\stage2__moderate_seed5302__c3_replica__300s\external\models\R.0.0.0.1.1.0.0.0.1.lp
Reading time = 0.02 seconds
obj: 11932 rows, 3382 columns, 67410 nonzeros
Set parameter TimeLimit to value 223.5047581
Warning: unknown variable 'r_max' in bounds section (line 13977)
Warning: unknown variable 'r_min' in bounds section (line 13978)
Read LP format model from file E:\codes\ExactEBRP\results\gf_gurobi_performance_recovery_round29\runs\stage2__moderate_seed5302__c3_replica__300s\external\models\R.0.0.0.1.0.1.1.1.0.1.lp
Reading time = 0.02 seconds
obj: 11932 rows, 3382 columns, 67410 nonzeros
Set parameter TimeLimit to value 223.0999606
Warning: unknown variable 'r_max' in bounds section (line 13977)
Warning: unknown variable 'r_min' in bounds section (line 13978)
Read LP format model from file E:\codes\ExactEBRP\results\gf_gurobi_performance_recovery_round29\runs\stage2__moderate_seed5302__c3_replica__300s\external\models\R.0.0.0.1.0.1.1.1.0.1.lp
Reading time = 0.02 seconds
obj: 11932 rows, 3382 columns, 67410 nonzeros
Set parameter TimeLimit to value 222.7900802
Warning: unknown variable 'r_max' in bounds section (line 13977)
Warning: unknown variable 'r_min' in bounds section (line 13978)
Read LP format model from file E:\codes\ExactEBRP\results\gf_gurobi_performance_recovery_round29\runs\stage2__moderate_seed5302__c3_replica__300s\external\models\R.0.0.0.1.0.1.1.1.0.0.lp
Reading time = 0.02 seconds
obj: 11932 rows, 3382 columns, 67410 nonzeros
Set parameter TimeLimit to value 1.6963810560000002e+02
Warning: unknown variable 'r_max' in bounds section (line 13977)
Warning: unknown variable 'r_min' in bounds section (line 13978)
Read LP format model from file E:\codes\ExactEBRP\results\gf_gurobi_performance_recovery_round29\runs\stage2__moderate_seed5302__c3_replica__300s\external\models\R.0.0.0.1.0.1.1.1.0.0.lp
Reading time = 0.02 seconds
obj: 11932 rows, 3382 columns, 67410 nonzeros
Set parameter TimeLimit to value 169.3523702
Warning: unknown variable 'r_max' in bounds section (line 13977)
Warning: unknown variable 'r_min' in bounds section (line 13978)
Read LP format model from file E:\codes\ExactEBRP\results\gf_gurobi_performance_recovery_round29\runs\stage2__moderate_seed5302__c3_replica__300s\external\models\R.0.0.0.1.0.1.1.0.1.0.lp
Reading time = 0.02 seconds
obj: 11932 rows, 3382 columns, 67410 nonzeros
Set parameter TimeLimit to value 151.3906793
Warning: unknown variable 'r_max' in bounds section (line 13977)
Warning: unknown variable 'r_min' in bounds section (line 13978)
Read LP format model from file E:\codes\ExactEBRP\results\gf_gurobi_performance_recovery_round29\runs\stage2__moderate_seed5302__c3_replica__300s\external\models\R.0.0.0.1.0.1.1.0.1.0.lp
Reading time = 0.02 seconds
obj: 11932 rows, 3382 columns, 67410 nonzeros
Set parameter TimeLimit to value 151.1030461
Warning: unknown variable 'r_max' in bounds section (line 13977)
Warning: unknown variable 'r_min' in bounds section (line 13978)
Read LP format model from file E:\codes\ExactEBRP\results\gf_gurobi_performance_recovery_round29\runs\stage2__moderate_seed5302__c3_replica__300s\external\models\R.0.0.0.1.0.1.1.0.1.1.lp
Reading time = 0.02 seconds
obj: 11932 rows, 3382 columns, 67410 nonzeros
Set parameter TimeLimit to value 104.4215098
Warning: unknown variable 'r_max' in bounds section (line 13977)
Warning: unknown variable 'r_min' in bounds section (line 13978)
Read LP format model from file E:\codes\ExactEBRP\results\gf_gurobi_performance_recovery_round29\runs\stage2__moderate_seed5302__c3_replica__300s\external\models\R.0.0.0.1.0.1.1.0.1.1.lp
Reading time = 0.02 seconds
obj: 11932 rows, 3382 columns, 67410 nonzeros
Set parameter TimeLimit to value 1.0414003969999999e+02
Warning: unknown variable 'r_max' in bounds section (line 13977)
Warning: unknown variable 'r_min' in bounds section (line 13978)
Read LP format model from file E:\codes\ExactEBRP\results\gf_gurobi_performance_recovery_round29\runs\stage2__moderate_seed5302__c3_replica__300s\external\models\R.0.0.0.1.0.1.1.1.1.0.lp
Reading time = 0.02 seconds
obj: 11932 rows, 3382 columns, 67410 nonzeros
Set parameter TimeLimit to value 6.3482160200000010e+01
Warning: unknown variable 'r_max' in bounds section (line 13977)
Warning: unknown variable 'r_min' in bounds section (line 13978)
Read LP format model from file E:\codes\ExactEBRP\results\gf_gurobi_performance_recovery_round29\runs\stage2__moderate_seed5302__c3_replica__300s\external\models\R.0.0.0.1.0.1.1.1.1.0.lp
Reading time = 0.02 seconds
obj: 11932 rows, 3382 columns, 67410 nonzeros
Set parameter TimeLimit to value 63.1774145
Warning: unknown variable 'r_max' in bounds section (line 13977)
Warning: unknown variable 'r_min' in bounds section (line 13978)
Read LP format model from file E:\codes\ExactEBRP\results\gf_gurobi_performance_recovery_round29\runs\stage2__moderate_seed5302__c3_replica__300s\external\models\R.0.0.0.1.0.1.1.1.1.1.lp
Reading time = 0.02 seconds
obj: 11932 rows, 3382 columns, 67410 nonzeros
Set parameter TimeLimit to value 3.8874717799999985e+01
Warning: unknown variable 'r_max' in bounds section (line 13977)
Warning: unknown variable 'r_min' in bounds section (line 13978)
Read LP format model from file E:\codes\ExactEBRP\results\gf_gurobi_performance_recovery_round29\runs\stage2__moderate_seed5302__c3_replica__300s\external\models\R.0.0.0.1.0.1.1.1.1.1.lp
Reading time = 0.02 seconds
obj: 11932 rows, 3382 columns, 67410 nonzeros
Set parameter TimeLimit to value 38.5920332
