
Gurobi 13.0.2 (win64) logging started Thu Jul 23 15:31:30 2026

Set parameter LogFile to value "E:\codes\ExactEBRP\results\gf_gurobi_performance_recovery_round29\runs\stage2__moderate_seed5301__p_grb__300s\native.log"
Set parameter Threads to value 1
Set parameter Presolve to value -1
Set parameter Seed to value 0
Set parameter MIPGap to value 0
Set parameter MIPGapAbs to value 0
Set parameter TimeLimit to value 300
Read LP format model from file E:\codes\ExactEBRP\results\gf_gurobi_performance_recovery_round29\runs\stage2__moderate_seed5301__p_grb__300s\canonical.lp
Reading time = 0.01 seconds
obj: 5081 rows, 2123 columns, 23394 nonzeros
Set parameter TimeLimit to value 294.9434981
Gurobi Optimizer version 13.0.2 build v13.0.2rc1 (win64 - Windows 10.0 (19045.2))

CPU model: 12th Gen Intel(R) Core(TM) i7-12700KF, instruction set [SSE2|AVX|AVX2]
Thread count: 12 physical cores, 20 logical processors, using up to 1 threads

Non-default parameters:
TimeLimit  294.9434981
MIPGap  0
MIPGapAbs  0
LogToConsole  0
Threads  1

Optimize a model with 5081 rows, 2123 columns and 23394 nonzeros (Min)
Model fingerprint: 0x1acde942
Model has 21 linear objective coefficients
Variable types: 427 continuous, 1696 integer (1496 binary)
Coefficient statistics:
  Matrix range     [3e-02, 6e+02]
  Objective range  [9e-03, 1e+00]
  Bounds range     [1e+00, 5e+01]
  RHS range        [1e+00, 4e+03]

Presolve removed 142 rows and 21 columns
Presolve time: 0.05s
Presolved: 4939 rows, 2102 columns, 40209 nonzeros
Variable types: 197 continuous, 1905 integer (1496 binary)
Found heuristic solution: objective 1.8942189

Root relaxation: objective 5.104001e-02, 3009 iterations, 0.15 seconds (0.37 work units)

    Nodes    |    Current Node    |     Objective Bounds      |     Work
 Expl Unexpl |  Obj  Depth IntInf | Incumbent    BestBd   Gap | It/Node Time

     0     0    0.05104    0  336    1.89422    0.05104  97.3%     -    0s
     0     0    0.06084    0  463    1.89422    0.06084  96.8%     -    0s
H    0     0                       1.7071935    0.06084  96.4%     -    0s
     0     0    0.06452    0  352    1.70719    0.06452  96.2%     -    0s
     0     0    0.06611    0  545    1.70719    0.06611  96.1%     -    0s
     0     0    0.06612    0  511    1.70719    0.06612  96.1%     -    1s
     0     0    0.06638    0  519    1.70719    0.06638  96.1%     -    1s
H    0     0                       1.7000028    0.06638  96.1%     -    1s
H    0     0                       1.6968206    0.06638  96.1%     -    1s
     0     0    0.06650    0  500    1.69682    0.06650  96.1%     -    1s
     0     0    0.06666    0  537    1.69682    0.06666  96.1%     -    1s
H    0     0                       1.5468206    0.06666  95.7%     -    1s
H    0     0                       1.5465946    0.06666  95.7%     -    1s
     0     0    0.06668    0  509    1.54659    0.06668  95.7%     -    1s
     0     0    0.06685    0  532    1.54659    0.06685  95.7%     -    2s
H    0     0                       1.5286438    0.06685  95.6%     -    2s
H    0     0                       1.5257865    0.06685  95.6%     -    2s
     0     0    0.06688    0  531    1.52579    0.06688  95.6%     -    2s
     0     0    0.06693    0  533    1.52579    0.06693  95.6%     -    2s
     0     0    0.06695    0  537    1.52579    0.06695  95.6%     -    2s
     0     0    0.06697    0  547    1.52579    0.06697  95.6%     -    2s
     0     0    0.06697    0  561    1.52579    0.06697  95.6%     -    2s
     0     0    0.06698    0  574    1.52579    0.06698  95.6%     -    2s
     0     0    0.06699    0  534    1.52579    0.06699  95.6%     -    3s
     0     0    0.06701    0  585    1.52579    0.06701  95.6%     -    3s
     0     0    0.06701    0  581    1.52579    0.06701  95.6%     -    3s
     0     0    0.06701    0  521    1.52579    0.06701  95.6%     -    3s
H    0     0                       1.5236684    0.06702  95.6%     -    4s
H    0     0                       1.5234818    0.06702  95.6%     -    4s
     0     2    0.06702    0  521    1.52348    0.06702  95.6%     -    4s
H    4     4                       1.0232506    0.06712  93.4%   429    4s
H    4     4                       1.0219340    0.06712  93.4%   429    4s
H    4     4                       1.0208897    0.06712  93.4%   429    4s
H    4     4                       1.0197493    0.06712  93.4%   429    4s
H    4     4                       1.0111097    0.06712  93.4%   429    4s
H    4     4                       1.0087867    0.06712  93.3%   429    4s
H    6     6                       1.0013833    0.06718  93.3%   792    5s
H    6     6                       0.9999374    0.06718  93.3%   792    5s
H    6     6                       0.9871438    0.06718  93.2%   792    5s
H    6     6                       0.9840584    0.06718  93.2%   792    5s
H    6     6                       0.9709562    0.06718  93.1%   792    5s
H    8     8                       0.9709380    0.06718  93.1%  1036    5s
H    8     8                       0.9703688    0.06718  93.1%  1036    5s
H    8     8                       0.6284321    0.06718  89.3%  1036    5s
H    8     8                       0.6270314    0.06718  89.3%  1036    5s
H    8     8                       0.6265243    0.06718  89.3%  1036    5s
H   11    11                       0.6234158    0.06718  89.2%   927    5s
H   14    14                       0.6147892    0.06718  89.1%  1093    6s
H   14    14                       0.6118838    0.06718  89.0%  1093    6s
H   14    14                       0.6070356    0.06718  88.9%  1093    6s
H   14    14                       0.5805561    0.06718  88.4%  1093    6s
H   14    14                       0.5798705    0.06718  88.4%  1093    6s
H   14    14                       0.5790370    0.06718  88.4%  1093    6s
H   14    14                       0.5501807    0.06718  87.8%  1093    6s
H   14    14                       0.5450215    0.06718  87.7%  1093    6s
H   14    14                       0.5342947    0.06718  87.4%  1093    6s
H   14    14                       0.5224466    0.06718  87.1%  1093    6s
H   20    20                       0.5200245    0.06718  87.1%   906    6s
H   28    28                       0.5199849    0.06718  87.1%   723    6s
H   38    38                       0.5161269    0.06718  87.0%   682    7s
H   38    38                       0.5146930    0.06718  86.9%   682    7s
H   38    38                       0.5134593    0.06718  86.9%   682    7s
H   38    38                       0.5104484    0.06718  86.8%   682    7s
H   38    38                       0.5089310    0.06718  86.8%   682    7s
H   38    38                       0.5080707    0.06718  86.8%   682    7s
H   83    80                       0.5031997    0.06718  86.6%   428    8s
H   83    80                       0.5016457    0.06718  86.6%   428    8s
H   83    80                       0.5015352    0.06718  86.6%   428    8s
H   83    80                       0.5007510    0.06718  86.6%   428    8s
H   83    80                       0.5004938    0.06718  86.6%   428    8s
H   83    80                       0.5004341    0.06718  86.6%   428    8s
H   83    80                       0.5003744    0.06718  86.6%   428    8s
H  109   100                       0.4988831    0.06852  86.3%   381    8s
H  109   100                       0.4985862    0.06852  86.3%   381    8s
H  109   100                       0.4973448    0.06852  86.2%   381    8s
H  109   100                       0.4972967    0.06852  86.2%   381    8s
H  109   100                       0.4972705    0.06852  86.2%   381    8s
H  114   105                       0.4969990    0.06852  86.2%   421    9s
H  114   105                       0.4960730    0.06852  86.2%   421    9s
H  114   105                       0.4959515    0.06852  86.2%   421    9s
H  114   105                       0.4955468    0.06852  86.2%   421    9s
H  114   105                       0.4954251    0.06852  86.2%   421    9s
H  115   106                       0.4843328    0.06852  85.9%   432   10s
H  115   106                       0.4841124    0.06852  85.8%   432   10s
H  115   106                       0.4800157    0.06852  85.7%   432   10s
H  116   107                       0.4757560    0.06852  85.6%   433   11s
H  116   107                       0.4694219    0.06852  85.4%   433   11s
H  116   107                       0.4692892    0.06852  85.4%   433   11s
H  116   107                       0.4692087    0.06852  85.4%   433   11s
H  119   110                       0.4691148    0.06852  85.4%   437   11s
H  129   120                       0.4680543    0.06852  85.4%   454   11s
H  129   120                       0.4660813    0.06852  85.3%   454   11s
H  129   120                       0.4655290    0.06852  85.3%   454   12s
H  129   120                       0.4648816    0.06852  85.3%   454   12s
H  129   120                       0.4644327    0.06852  85.2%   454   12s
H  131   122                       0.4642285    0.06852  85.2%   459   12s
H  140   131                       0.4638308    0.06852  85.2%   475   12s
H  140   131                       0.4633893    0.06852  85.2%   475   12s
H  140   131                       0.4545956    0.06852  84.9%   475   12s
H  140   131                       0.4544790    0.06852  84.9%   475   12s
H  140   131                       0.4527361    0.06852  84.9%   475   12s
H  140   131                       0.4523807    0.06852  84.9%   475   12s
H  146   137                       0.4361082    0.06852  84.3%   475   13s
H  146   137                       0.4351785    0.06852  84.3%   475   13s
H  146   137                       0.4326133    0.06852  84.2%   475   13s
H  146   137                       0.4322499    0.06852  84.1%   475   13s
H  151   142                       0.4300357    0.06852  84.1%   475   13s
H  151   142                       0.4300308    0.06852  84.1%   475   13s
H  151   142                       0.4295850    0.06852  84.0%   475   13s
H  166   155                       0.4292846    0.06852  84.0%   440   13s
H  166   155                       0.4292031    0.06852  84.0%   440   13s
H  166   155                       0.4275521    0.06852  84.0%   440   13s
H  166   155                       0.4261456    0.06852  83.9%   440   13s
H  166   155                       0.4240315    0.06852  83.8%   440   13s
H  166   155                       0.4232966    0.06852  83.8%   440   13s
H  166   155                       0.4222562    0.06852  83.8%   440   13s
H  184   158                       0.4220180    0.07043  83.3%   411   14s
   193   169    0.09442   16  432    0.42202    0.07043  83.3%   430   15s
H  214   188                       0.4220179    0.07043  83.3%   440   16s
H  217   191                       0.4210772    0.07043  83.3%   438   16s
H  217   191                       0.4209289    0.07043  83.3%   438   16s
H  224   198                       0.4209277    0.07043  83.3%   433   17s
H  240   214                       0.4208724    0.07043  83.3%   411   17s
H  240   214                       0.4206716    0.07043  83.3%   411   17s
H  240   214                       0.4200957    0.07043  83.2%   411   17s
H  275   235                       0.4172709    0.07043  83.1%   366   17s
H  275   235                       0.4169867    0.07043  83.1%   366   17s
H  275   235                       0.4169147    0.07043  83.1%   366   17s
H  275   235                       0.4160854    0.07043  83.1%   366   18s
   353   295    0.07465   21  452    0.41609    0.07059  83.0%   341   20s
   527   402    0.17989   15  425    0.41609    0.07064  83.0%   314   25s
H  574   440                       0.4155724    0.07064  83.0%   307   26s
H  574   440                       0.4149702    0.07064  83.0%   307   26s
H  574   440                       0.4143942    0.07064  83.0%   307   26s
H  574   440                       0.4126148    0.07064  82.9%   307   26s
H  574   440                       0.4117356    0.07064  82.8%   307   26s
H  574   440                       0.4110055    0.07064  82.8%   307   26s
H  574   440                       0.4108510    0.07064  82.8%   307   26s
H  574   440                       0.4107576    0.07064  82.8%   307   26s
H  591   457                       0.4105251    0.07064  82.8%   304   26s
H  593   460                       0.4096085    0.07064  82.8%   304   27s
H  593   460                       0.4089303    0.07064  82.7%   304   27s
H  593   460                       0.4038985    0.07064  82.5%   304   27s
H  593   460                       0.3892666    0.07064  81.9%   304   27s
H  593   460                       0.3888657    0.07064  81.8%   304   27s
H  593   460                       0.3851440    0.07064  81.7%   304   27s
H  593   460                       0.3850772    0.07064  81.7%   304   27s
H  593   460                       0.3849131    0.07064  81.6%   304   27s
   598   464    0.07553   32  502    0.38491    0.07064  81.6%   302   30s
H  606   445                       0.3746188    0.07076  81.1%   298   33s
H  606   422                       0.3684448    0.07076  80.8%   298   33s
H  606   401                       0.3656779    0.07076  80.6%   298   33s
H  606   381                       0.3656624    0.07076  80.6%   298   33s
H  610   364                       0.3650845    0.07083  80.6%   296   35s
H  610   346                       0.3650691    0.07083  80.6%   296   35s
H  610   328                       0.3649324    0.07083  80.6%   296   35s
H  610   312                       0.3649170    0.07083  80.6%   296   35s
H  612   297                       0.3569632    0.07083  80.2%   332   35s
H  612   282                       0.3561559    0.07083  80.1%   332   35s
H  612   267                       0.3533356    0.07083  80.0%   332   35s
H  612   254                       0.3527632    0.07083  79.9%   332   35s
H  612   241                       0.3526501    0.07083  79.9%   332   35s
H  612   228                       0.3525370    0.07083  79.9%   332   35s
H  614   218                       0.3521029    0.07083  79.9%   332   35s
H  614   207                       0.3508985    0.07083  79.8%   332   35s
H  614   196                       0.3499166    0.07083  79.8%   332   35s
H  615   187                       0.3483425    0.07083  79.7%   332   36s
H  615   177                       0.3480900    0.07083  79.7%   332   36s
H  615   168                       0.3316506    0.07083  78.6%   332   36s
H  615   160                       0.3280052    0.07083  78.4%   332   36s
H  615   152                       0.3266350    0.07083  78.3%   332   36s
H  615   144                       0.3256079    0.07083  78.2%   332   36s
H  615   136                       0.3253096    0.07083  78.2%   332   36s
H  615   129                       0.3101402    0.07083  77.2%   332   36s
H  615   123                       0.3087122    0.07083  77.1%   332   36s
H  615   117                       0.3059248    0.07083  76.8%   332   37s
H  616   112                       0.3058452    0.07083  76.8%   342   37s
H  616   106                       0.3054388    0.07083  76.8%   342   37s
H  616   100                       0.3045993    0.07083  76.7%   342   37s
H  616    95                       0.3044820    0.07083  76.7%   342   37s
H  616    90                       0.3044588    0.07083  76.7%   342   37s
H  627    93                       0.3039302    0.07083  76.7%   361   39s
H  627    88                       0.3033791    0.07083  76.7%   361   39s
H  627    84                       0.3025743    0.07083  76.6%   361   39s
   631    89    0.07729   19  432    0.30257    0.07083  76.6%   364   40s
   682   123    0.23275   45  301    0.30257    0.07083  76.6%   365   45s
H  723   130                       0.2999433    0.07118  76.3%   362   47s
H  723   126                       0.2970605    0.07118  76.0%   362   47s
H  723   123                       0.2955986    0.07118  75.9%   362   47s
H  723   119                       0.2954269    0.07118  75.9%   362   48s
H  723   116                       0.2947750    0.07118  75.9%   362   48s
H  723   113                       0.2939252    0.07118  75.8%   362   48s
H  723   110                       0.2938687    0.07118  75.8%   362   48s
H  724   108                       0.2927029    0.07118  75.7%   364   48s
H  724   106                       0.2790893    0.07118  74.5%   364   48s
H  724   103                       0.2779983    0.07118  74.4%   364   48s
H  730   105                       0.2718670    0.07118  73.8%   367   49s
H  730   105                       0.2717059    0.07118  73.8%   367   49s
H  731   106                       0.2713862    0.07118  73.8%   370   49s
H  733   108                       0.2701651    0.07118  73.7%   371   49s
H  733   107                       0.2700217    0.07118  73.6%   371   49s
   740   116    0.07331   27  441    0.27002    0.07118  73.6%   373   50s
H  786   157                       0.2549134    0.07118  72.1%   374   53s
H  786   157                       0.2524645    0.07118  71.8%   374   53s
   810   175    0.09985   61  307    0.25246    0.07118  71.8%   372   55s
   895   237    0.23949   35  328    0.25246    0.07118  71.8%   379   60s
   938   274    0.08061   28  383    0.25246    0.07132  71.7%   392   65s
  1062   374    0.10559   16  448    0.25246    0.07132  71.7%   378   70s
H 1100   408                       0.2521146    0.07132  71.7%   379   72s
  1173   479    0.16439   72  232    0.25211    0.07132  71.7%   372   75s
H 1219   507                       0.2516194    0.07133  71.6%   378   78s
  1228   518    0.21739   33  353    0.25162    0.07133  71.6%   383   80s
  1328   598    0.07386   24  458    0.25162    0.07133  71.6%   379   85s
H 1369   637                       0.2503251    0.07133  71.5%   378   88s
H 1369   631                       0.2443226    0.07133  70.8%   378   88s
H 1369   630                       0.2434395    0.07133  70.7%   378   88s
H 1369   628                       0.2423152    0.07133  70.6%   378   88s
H 1369   628                       0.2414322    0.07133  70.5%   378   88s
H 1369   622                       0.2399203    0.07133  70.3%   378   88s
H 1369   617                       0.2389390    0.07133  70.1%   378   88s
H 1369   617                       0.2384248    0.07133  70.1%   378   88s
H 1369   617                       0.2370870    0.07133  69.9%   378   88s
H 1369   617                       0.2369983    0.07133  69.9%   378   88s
H 1369   615                       0.2348718    0.07133  69.6%   378   88s
H 1369   610                       0.2318651    0.07133  69.2%   378   88s
H 1369   605                       0.2276495    0.07133  68.7%   378   88s
H 1369   605                       0.2273014    0.07133  68.6%   378   88s
H 1370   605                       0.2268950    0.07133  68.6%   378   89s
H 1370   605                       0.2265012    0.07133  68.5%   378   89s
H 1370   600                       0.2261461    0.07133  68.5%   378   89s
H 1371   601                       0.2261035    0.07133  68.5%   378   89s
H 1371   601                       0.2259760    0.07133  68.4%   378   89s
H 1371   601                       0.2258059    0.07133  68.4%   378   89s
H 1373   603                       0.2257938    0.07133  68.4%   377   89s
H 1373   603                       0.2257661    0.07133  68.4%   377   89s
H 1373   603                       0.2255947    0.07133  68.4%   377   89s
H 1373   603                       0.2255385    0.07133  68.4%   377   89s
  1388   620    0.08415   54  328    0.22554    0.07133  68.4%   375   90s
H 1448   641                       0.2253190    0.07136  68.3%   366   92s
H 1449   641                       0.2252157    0.07136  68.3%   366   92s
H 1449   641                       0.2251403    0.07136  68.3%   366   92s
H 1494   673                       0.2245027    0.07136  68.2%   365   94s
H 1494   673                       0.2244497    0.07136  68.2%   365   94s
  1496   677    0.13469   43  350    0.22445    0.07136  68.2%   365   95s
H 1541   696                       0.2241153    0.07136  68.2%   362   96s
H 1541   692                       0.2238534    0.07136  68.1%   362   96s
  1621   752    0.07558   19  498    0.22385    0.07143  68.1%   355  100s
H 1634   763                       0.2237422    0.07143  68.1%   358  101s
H 1634   760                       0.2236139    0.07143  68.1%   358  101s
H 1634   758                       0.2225494    0.07143  67.9%   358  101s
H 1634   758                       0.2221265    0.07143  67.8%   358  101s
H 1634   758                       0.2219492    0.07143  67.8%   358  101s
  1681   806    0.14697   58  283    0.22195    0.07143  67.8%   365  105s
  1747   856    0.09051   33  379    0.22195    0.07143  67.8%   362  110s
  1882   969    0.09929   37  376    0.22195    0.07152  67.8%   350  115s
  1977  1051    0.07581   18  533    0.22195    0.07152  67.8%   344  120s
  2044  1107    0.07571   19  530    0.22195    0.07170  67.7%   347  125s
H 2129  1126                       0.2078963    0.07170  65.5%   338  128s
H 2129  1116                       0.2053736    0.07170  65.1%   338  128s
H 2129  1112                       0.2040303    0.07170  64.9%   338  128s
H 2129  1111                       0.2033720    0.07170  64.7%   338  128s
H 2129  1111                       0.2033662    0.07170  64.7%   338  128s
H 2129  1111                       0.2030883    0.07170  64.7%   338  129s
H 2130  1112                       0.2030348    0.07170  64.7%   340  129s
H 2130  1112                       0.2029004    0.07170  64.7%   340  129s
H 2131  1095                       0.1979841    0.07170  63.8%   340  129s
H 2131  1086                       0.1964123    0.07170  63.5%   340  129s
H 2131  1086                       0.1962250    0.07170  63.5%   340  129s
H 2131  1086                       0.1961161    0.07170  63.4%   340  129s
H 2133  1076                       0.1931543    0.07170  62.9%   340  129s
H 2133  1076                       0.1931512    0.07170  62.9%   340  129s
H 2133  1075                       0.1929562    0.07170  62.8%   340  129s
H 2134  1071                       0.1915814    0.07170  62.6%   340  129s
H 2134  1071                       0.1915193    0.07170  62.6%   340  129s
H 2134  1071                       0.1913016    0.07170  62.5%   340  129s
H 2136  1073                       0.1912597    0.07170  62.5%   340  129s
  2138  1077    0.11112   30  444    0.19126    0.07170  62.5%   341  130s
H 2141  1078                       0.1910697    0.07170  62.5%   342  130s
H 2142  1079                       0.1909875    0.07170  62.5%   343  130s
H 2146  1073                       0.1887174    0.07170  62.0%   343  131s
H 2146  1073                       0.1886127    0.07170  62.0%   343  131s
H 2173  1098                       0.1885609    0.07170  62.0%   345  132s
H 2173  1097                       0.1885196    0.07170  62.0%   345  132s
H 2183  1103                       0.1884986    0.07170  62.0%   345  133s
H 2198  1097                       0.1882441    0.07170  61.9%   346  133s
  2205  1106    0.09518   28  444    0.18824    0.07183  61.8%   349  135s
  2291  1177    0.07210   16  537    0.18824    0.07183  61.8%   350  140s
H 2339  1201                       0.1843864    0.07183  61.0%   348  143s
  2341  1205    0.07266   18  496    0.18439    0.07184  61.0%   348  145s
  2419  1260     cutoff   25         0.18439    0.07184  61.0%   354  150s
H 2452  1286                       0.1839837    0.07186  60.9%   355  152s
  2500  1322    0.14770   36  353    0.18398    0.07186  60.9%   358  155s
  2552  1337    0.07213   15  573    0.18398    0.07197  60.9%   372  160s
  2634  1409    0.09085   29  360    0.18398    0.07197  60.9%   377  165s
  2764  1492    0.07262   16  565    0.18398    0.07207  60.8%   378  170s
  2850  1559    0.08544   22  433    0.18398    0.07208  60.8%   384  175s
  2926  1618    0.12025   35  356    0.18398    0.07208  60.8%   390  180s
  3024  1694    0.16658   19  429    0.18398    0.07210  60.8%   394  185s
  3153  1798    0.11853   58  346    0.18398    0.07216  60.8%   393  190s
  3261  1877    0.07278   18  519    0.18398    0.07221  60.8%   396  195s
  3350  1954    0.07313   17  548    0.18398    0.07221  60.7%   399  200s
  3385  1973    0.10990   27  433    0.18398    0.07223  60.7%   412  205s
  3500  2062    0.08312   31  414    0.18398    0.07224  60.7%   409  210s
  3643  2172    0.11748   60  282    0.18398    0.07226  60.7%   406  215s
  3716  2206    0.07744   22  486    0.18398    0.07227  60.7%   414  220s
  3822  2283    0.07717   29  442    0.18398    0.07229  60.7%   416  225s
  3952  2386    0.07252   16  534    0.18398    0.07230  60.7%   409  230s
  4021  2441    0.07369   21  445    0.18398    0.07231  60.7%   411  235s
  4085  2479    0.15172   49  345    0.18398    0.07231  60.7%   419  240s
  4207  2549    0.17195   21  353    0.18398    0.07232  60.7%   418  245s
  4313  2637    0.17516   62  288    0.18398    0.07233  60.7%   418  250s
  4428  2728    0.09410   31  402    0.18398    0.07236  60.7%   417  255s
  4495  2758    0.08430   30  457    0.18398    0.07237  60.7%   422  260s
  4582  2821    0.07466   25  485    0.18398    0.07237  60.7%   423  265s
H 4723  2913                       0.1839173    0.07238  60.6%   419  269s
  4733  2925    0.10260   68  282    0.18392    0.07238  60.6%   418  270s
  4834  2993    0.10678   38  380    0.18392    0.07241  60.6%   418  275s
  4924  3050    0.07898   30  412    0.18392    0.07243  60.6%   415  280s
H 4989  3099                       0.1831447    0.07243  60.5%   414  284s
  5005  3117    0.17385   52  321    0.18314    0.07243  60.5%   414  285s
  5101  3184    0.12196   66  316    0.18314    0.07244  60.4%   416  290s

Cutting planes:
  Learned: 43
  Gomory: 4
  Cover: 38
  Implied bound: 201
  Projected implied bound: 211
  Clique: 74
  MIR: 706
  StrongCG: 78
  Flow cover: 456
  GUB cover: 4
  Zero half: 24
  RLT: 14
  Relax-and-lift: 79
  BQP: 31
  PSD: 1

Explored 5228 nodes (2184289 simplex iterations) in 294.94 seconds (587.08 work units)
Thread count was 1 (of 20 available processors)

Solution count 10: 0.183145 0.183917 0.183984 ... 0.188717

Time limit reached
Best objective 1.831447249919e-01, best bound 7.245933448079e-02, gap 60.4360%

User-callback calls 75250, time in user-callback 0.02 sec
