[  1%] Building CXX object CMakeFiles/exact_ebrp_core.dir/src/Parser.cpp.obj
[  3%] Building CXX object CMakeFiles/exact_ebrp_core.dir/src/Evaluator.cpp.obj
[  5%] Building CXX object CMakeFiles/exact_ebrp_core.dir/src/Result.cpp.obj
[  6%] Building CXX object CMakeFiles/exact_ebrp_core.dir/src/StrictCertificate.cpp.obj
[  8%] Building CXX object CMakeFiles/exact_ebrp_core.dir/src/ModelCorrectness.cpp.obj
[ 10%] Building CXX object CMakeFiles/exact_ebrp_core.dir/src/FileSha256.cpp.obj
[ 11%] Building CXX object CMakeFiles/exact_ebrp_core.dir/src/DenseProgress.cpp.obj
[ 13%] Building CXX object CMakeFiles/exact_ebrp_core.dir/src/GurobiCertificate.cpp.obj
[ 15%] Building CXX object CMakeFiles/exact_ebrp_core.dir/src/GurobiProgress.cpp.obj
[ 16%] Building CXX object CMakeFiles/exact_ebrp_core.dir/src/MipStartMapping.cpp.obj
[ 18%] Building CXX object CMakeFiles/exact_ebrp_core.dir/src/ExternalGiniTree.cpp.obj
[ 20%] Building CXX object CMakeFiles/exact_ebrp_core.dir/src/PaperExternalGiniTree.cpp.obj
[ 21%] Building CXX object CMakeFiles/exact_ebrp_core.dir/src/ConnectivityFlow.cpp.obj
[ 23%] Building CXX object CMakeFiles/exact_ebrp_core.dir/src/Bounds.cpp.obj
[ 25%] Building CXX object CMakeFiles/exact_ebrp_core.dir/src/ColumnPool.cpp.obj
[ 26%] Building CXX object CMakeFiles/exact_ebrp_core.dir/src/TailoredExact.cpp.obj
[ 28%] Building CXX object CMakeFiles/exact_ebrp_core.dir/src/Pricing.cpp.obj
[ 30%] Building CXX object CMakeFiles/exact_ebrp_core.dir/src/Cuts.cpp.obj
[ 31%] Building CXX object CMakeFiles/exact_ebrp_core.dir/src/Branching.cpp.obj
[ 33%] Building CXX object CMakeFiles/exact_ebrp_core.dir/src/Master.cpp.obj
[ 35%] Building CXX object CMakeFiles/exact_ebrp_core.dir/src/ColumnGeneration.cpp.obj
[ 36%] Building CXX object CMakeFiles/exact_ebrp_core.dir/src/CplexBaseline.cpp.obj
[ 38%] Building CXX object CMakeFiles/exact_ebrp_core.dir/src/TailoredBC.cpp.obj
[ 40%] Building CXX object CMakeFiles/exact_ebrp_core.dir/src/TailoredBCCuts.cpp.obj
[ 41%] Building CXX object CMakeFiles/exact_ebrp_core.dir/src/TailoredBCCallbacks.cpp.obj
[ 43%] Building CXX object CMakeFiles/exact_ebrp_core.dir/src/TailoredBCCplexApi.cpp.obj
[ 45%] Building CXX object CMakeFiles/exact_ebrp_core.dir/src/ControllingLeafScheduler.cpp.obj
[ 46%] Building CXX object CMakeFiles/exact_ebrp_core.dir/src/GiniBranching.cpp.obj
[ 48%] Building CXX object CMakeFiles/exact_ebrp_core.dir/src/GiniFrontierGeometry.cpp.obj
[ 50%] Building CXX object CMakeFiles/exact_ebrp_core.dir/src/IntervalRowFactory.cpp.obj
[ 51%] Building CXX object CMakeFiles/exact_ebrp_core.dir/src/DispersionChildBound.cpp.obj
[ 53%] Building CXX object CMakeFiles/exact_ebrp_core.dir/src/hga_tgbc/HgaTgbcGreedy.cpp.obj
[ 55%] Building CXX object CMakeFiles/exact_ebrp_core.dir/src/HgaTgbcRunner.cpp.obj
[ 56%] Building CXX object CMakeFiles/exact_ebrp_core.dir/src/Logger.cpp.obj
[ 58%] Building CXX object CMakeFiles/exact_ebrp_core.dir/src/GurobiBaseline.cpp.obj
[ 60%] Linking CXX static library libexact_ebrp_core.a
[ 60%] Built target exact_ebrp_core
[ 61%] Building CXX object CMakeFiles/ExactEBRP.dir/src/main.cpp.obj
[ 63%] Building CXX object CMakeFiles/ExactEBRPCompare.dir/src/compare_main.cpp.obj
[ 65%] Building CXX object CMakeFiles/GlobalGiniTreeTests.dir/tests/global_gini_tree_tests.cpp.obj
[ 66%] Building CXX object CMakeFiles/ControllingLeafSchedulerTests.dir/tests/controlling_leaf_scheduler_tests.cpp.obj
[ 68%] Linking CXX executable ControllingLeafSchedulerTests.exe
[ 68%] Built target ControllingLeafSchedulerTests
[ 70%] Building CXX object CMakeFiles/StrictCertificateTests.dir/tests/strict_certificate_tests.cpp.obj
[ 71%] Linking CXX executable StrictCertificateTests.exe
[ 71%] Built target StrictCertificateTests
[ 73%] Building CXX object CMakeFiles/ConnectivityFlowTests.dir/tests/connectivity_flow_tests.cpp.obj
[ 75%] Linking CXX executable GlobalGiniTreeTests.exe
[ 75%] Built target GlobalGiniTreeTests
[ 76%] Building CXX object CMakeFiles/StrictSerializationTests.dir/tests/strict_serialization_tests.cpp.obj
[ 78%] Linking CXX executable ConnectivityFlowTests.exe
[ 78%] Built target ConnectivityFlowTests
[ 80%] Building CXX object CMakeFiles/ModelCorrectnessTests.dir/tests/model_correctness_tests.cpp.obj
[ 81%] Linking CXX executable ModelCorrectnessTests.exe
[ 81%] Built target ModelCorrectnessTests
[ 83%] Building CXX object CMakeFiles/DenseProgressTests.dir/tests/dense_progress_tests.cpp.obj
[ 85%] Linking CXX executable StrictSerializationTests.exe
[ 85%] Built target StrictSerializationTests
[ 86%] Building CXX object CMakeFiles/DispersionChildBoundTests.dir/tests/dispersion_child_bound_tests.cpp.obj
[ 88%] Linking CXX executable DenseProgressTests.exe
[ 88%] Built target DenseProgressTests
[ 90%] Building CXX object CMakeFiles/Round24BackendTests.dir/tests/round24_backend_tests.cpp.obj
[ 91%] Linking CXX executable DispersionChildBoundTests.exe
[ 91%] Built target DispersionChildBoundTests
[ 93%] Building CXX object CMakeFiles/Round27PaperSchedulingTests.dir/tests/round27_paper_scheduling_tests.cpp.obj
[ 95%] Linking CXX executable Round24BackendTests.exe
[ 95%] Built target Round24BackendTests
[ 96%] Linking CXX executable Round27PaperSchedulingTests.exe
[ 96%] Built target Round27PaperSchedulingTests
[ 98%] Linking CXX executable ExactEBRP.exe
[ 98%] Built target ExactEBRP
[100%] Linking CXX executable ExactEBRPCompare.exe
[100%] Built target ExactEBRPCompare
