DONE stage2__V12_M1__p_grb__300s rc=0 wall=34.906
DONE stage2__V12_M2__p_grb__300s rc=0 wall=169.454
DONE stage2__high_imbalance_seed3202__p_grb__300s rc=0 wall=295.062
DONE stage2__moderate_seed3302__p_grb__300s rc=0 wall=295.047
DONE stage2__tight_T_seed3101__p_grb__300s rc=0 wall=295.062
DONE stage2__high_imbalance_seed4201__p_grb__300s rc=0 wall=295.047
DONE stage2__moderate_seed4302__p_grb__300s rc=0 wall=295.047
DONE stage2__tight_T_seed4101__p_grb__300s rc=0 wall=295.047
DONE stage2__high_imbalance_seed5202__p_grb__300s rc=0 wall=295.063
DONE stage2__high_imbalance_seed5203__p_grb__300s rc=0 wall=295.047
DONE stage2__moderate_seed5301__p_grb__300s rc=0 wall=295.047
DONE stage2__moderate_seed5302__p_grb__300s rc=0 wall=295.047
DONE stage2__tight_T_seed5102__p_grb__300s rc=0 wall=295.047
DONE stage2__tight_T_seed5103__p_grb__300s rc=0 wall=295.047
DONE stage2__high_imbalance_seed6202__p_grb__300s rc=0 wall=295.062
DONE stage2__moderate_seed6301__p_grb__300s rc=0 wall=295.062
DONE stage2__tight_T_seed6102__p_grb__300s rc=0 wall=295.046
DONE stage2__high_imbalance_seed4201__c3_replica__300s rc=0 wall=295.078
DONE stage2__high_imbalance_seed4201__c4_candidate__300s rc=0 wall=295.047
DONE stage2__moderate_seed4302__c3_replica__300s rc=0 wall=295.078
DONE stage2__moderate_seed4302__c4_candidate__300s rc=0 wall=295.046
DONE stage2__tight_T_seed4101__c3_replica__300s rc=0 wall=295.078
DONE stage2__tight_T_seed4101__c4_candidate__300s rc=0 wall=295.063
DONE stage2__high_imbalance_seed5202__c3_replica__300s rc=0 wall=295.094
DONE stage2__high_imbalance_seed5202__c4_candidate__300s rc=0 wall=295.062
DONE stage2__high_imbalance_seed5203__c3_replica__300s rc=0 wall=295.079
DONE stage2__high_imbalance_seed5203__c4_candidate__300s rc=0 wall=295.063
DONE stage2__moderate_seed5301__c3_replica__300s rc=0 wall=295.078
DONE stage2__moderate_seed5301__c4_candidate__300s rc=0 wall=295.062
DONE stage2__moderate_seed5302__c3_replica__300s rc=0 wall=295.078
DONE stage2__moderate_seed5302__c4_candidate__300s rc=0 wall=295.046
DONE stage2__tight_T_seed5102__c3_replica__300s rc=0 wall=295.172
DONE stage2__tight_T_seed5102__c4_candidate__300s rc=0 wall=295.063
DONE stage2__tight_T_seed5103__c3_replica__300s rc=0 wall=295.078
DONE stage2__tight_T_seed5103__c4_candidate__300s rc=0 wall=295.063
DONE stage2__high_imbalance_seed6202__c3_replica__300s rc=0 wall=295.328
DONE stage2__high_imbalance_seed6202__c4_candidate__300s rc=0 wall=295.203
DONE stage2__tight_T_seed6102__c3_replica__300s rc=0 wall=295.344
DONE stage2__tight_T_seed6102__c4_candidate__300s rc=0 wall=295.125
STAGE2 complete process_failures=0
