
Gurobi 13.0.2 (win64) logging started Fri Jul 24 07:21:29 2026

Set parameter LogFile to value "E:\codes\ExactEBRP\results\gf_c0_mechanism_transfer_c5_round30\runs\stage2__high_imbalance_seed3202__p_grb__300s\native.log"
Set parameter Threads to value 1
Set parameter Presolve to value -1
Set parameter Seed to value 0
Set parameter MIPGap to value 0
Set parameter MIPGapAbs to value 0
Set parameter TimeLimit to value 300
Read LP format model from file E:\codes\ExactEBRP\results\gf_c0_mechanism_transfer_c5_round30\runs\stage2__high_imbalance_seed3202__p_grb__300s\canonical.lp
Reading time = 0.01 seconds
obj: 5060 rows, 2109 columns, 23316 nonzeros
Set parameter TimeLimit to value 294.9419851
Gurobi Optimizer version 13.0.2 build v13.0.2rc1 (win64 - Windows 10.0 (19045.2))

CPU model: 12th Gen Intel(R) Core(TM) i7-12700KF, instruction set [SSE2|AVX|AVX2]
Thread count: 12 physical cores, 20 logical processors, using up to 1 threads

Non-default parameters:
TimeLimit  294.9419851
MIPGap  0
MIPGapAbs  0
LogToConsole  0
Threads  1

Optimize a model with 5060 rows, 2109 columns and 23316 nonzeros (Min)
Model fingerprint: 0x3af169ca
Model has 21 linear objective coefficients
Variable types: 420 continuous, 1689 integer (1489 binary)
Coefficient statistics:
  Matrix range     [2e-02, 6e+02]
  Objective range  [1e-02, 1e+00]
  Bounds range     [1e+00, 5e+01]
  RHS range        [1e+00, 4e+03]

Presolve removed 176 rows and 45 columns
Presolve time: 0.06s
Presolved: 4884 rows, 2064 columns, 40865 nonzeros
Variable types: 208 continuous, 1856 integer (1482 binary)
Found heuristic solution: objective 5.0416019

Root relaxation: objective 8.660701e-01, 1347 iterations, 0.05 seconds (0.13 work units)

    Nodes    |    Current Node    |     Objective Bounds      |     Work
 Expl Unexpl |  Obj  Depth IntInf | Incumbent    BestBd   Gap | It/Node Time

     0     0    0.86607    0  367    5.04160    0.86607  82.8%     -    0s
     0     0    0.87020    0  360    5.04160    0.87020  82.7%     -    0s
H    0     0                       5.0175677    0.87020  82.7%     -    0s
     0     0    0.96852    0  428    5.01757    0.96852  80.7%     -    0s
H    0     0                       5.0160348    0.96852  80.7%     -    0s
H    0     0                       4.9219342    0.96852  80.3%     -    0s
     0     0    0.97549    0  451    4.92193    0.97549  80.2%     -    0s
     0     0    0.98732    0  459    4.92193    0.98732  79.9%     -    0s
H    0     0                       4.9180474    0.98732  79.9%     -    0s
     0     0    0.98919    0  495    4.91805    0.98919  79.9%     -    0s
     0     0    0.99468    0  504    4.91805    0.99468  79.8%     -    0s
     0     0    0.99600    0  508    4.91805    0.99600  79.7%     -    0s
     0     0    0.99848    0  515    4.91805    0.99848  79.7%     -    0s
H    0     0                       4.4953267    0.99848  77.8%     -    0s
H    0     0                       3.2718875    0.99848  69.5%     -    0s
H    0     0                       2.6209794    0.99848  61.9%     -    0s
H    0     0                       2.6205398    0.99848  61.9%     -    0s
H    0     0                       2.6187814    0.99848  61.9%     -    0s
H    0     0                       2.5855757    0.99848  61.4%     -    0s
H    0     0                       2.5816193    0.99848  61.3%     -    0s
     0     0    0.99957    0  509    2.58162    0.99957  61.3%     -    0s
     0     0    1.00028    0  520    2.58162    1.00028  61.3%     -    1s
H    0     0                       2.5305659    1.00086  60.4%     -    1s
H    0     0                       2.5223935    1.00086  60.3%     -    1s
     0     0    1.00097    0  527    2.52239    1.00097  60.3%     -    1s
     0     0    1.00224    0  530    2.52239    1.00224  60.3%     -    1s
H    0     0                       2.5204884    1.00445  60.1%     -    1s
H    0     0                       2.5154945    1.00445  60.1%     -    1s
H    0     0                       2.5151748    1.00445  60.1%     -    1s
H    0     0                       2.5149709    1.00445  60.1%     -    1s
     0     0    1.00445    0  548    2.51497    1.00445  60.1%     -    1s
     0     0    1.00445    0  561    2.51497    1.00445  60.1%     -    1s
     0     0    1.00445    0  565    2.51497    1.00445  60.1%     -    1s
     0     0    1.00445    0  560    2.51497    1.00445  60.1%     -    1s
     0     0    1.00445    0  551    2.51497    1.00445  60.1%     -    1s
     0     0    1.00445    0  557    2.51497    1.00445  60.1%     -    1s
     0     0    1.00445    0  556    2.51497    1.00445  60.1%     -    1s
     0     0    1.00445    0  582    2.51497    1.00445  60.1%     -    1s
     0     0    1.00445    0  580    2.51497    1.00445  60.1%     -    1s
     0     0    1.00445    0  554    2.51497    1.00445  60.1%     -    1s
H    0     0                       2.4101147    1.00458  58.3%     -    1s
H    0     0                       2.4100780    1.00458  58.3%     -    1s
H    0     0                       2.4100671    1.00458  58.3%     -    1s
H    0     0                       2.4094293    1.00458  58.3%     -    1s
H    0     0                       2.4087086    1.00458  58.3%     -    1s
H    0     0                       2.4084985    1.00458  58.3%     -    1s
H    0     0                       2.4084823    1.00458  58.3%     -    1s
H    0     0                       2.4082576    1.00458  58.3%     -    1s
H    0     0                       2.4080559    1.00458  58.3%     -    1s
H    0     0                       2.3788767    1.00458  57.8%     -    1s
H    0     0                       2.3786360    1.00458  57.8%     -    1s
H    0     0                       2.3783433    1.00458  57.8%     -    1s
H    0     0                       2.3777048    1.00458  57.8%     -    2s
H    0     0                       2.3767099    1.00458  57.7%     -    2s
H    0     0                       2.3764502    1.00458  57.7%     -    2s
H    0     0                       2.3762877    1.00458  57.7%     -    2s
     0     2    1.00458    0  553    2.37629    1.00458  57.7%     -    2s
H    2     2                       2.3621573    1.00877  57.3%   401    2s
H    2     2                       2.3604730    1.00877  57.3%   401    2s
H    2     2                       2.3598298    1.00877  57.3%   401    2s
H    2     2                       2.3593413    1.00877  57.2%   401    2s
H    6     6                       2.3373898    1.01173  56.7%   340    2s
H    6     6                       2.3328104    1.01173  56.6%   340    2s
H    6     6                       2.3311316    1.01173  56.6%   340    2s
H    6     6                       2.3309947    1.01173  56.6%   340    2s
H    6     6                       2.3294384    1.01173  56.6%   340    2s
H   10    10                       2.3101546    1.01212  56.2%   291    2s
H   10    10                       2.3101175    1.01212  56.2%   291    2s
H   10    10                       2.3033551    1.01212  56.1%   291    2s
H   10    10                       2.3030662    1.01212  56.1%   291    2s
H   13    13                       2.3028568    1.01212  56.0%   274    2s
H   13    13                       2.3026431    1.01212  56.0%   274    2s
H   26    26                       2.3021839    1.01212  56.0%   187    2s
H   26    26                       2.3020832    1.01212  56.0%   187    2s
H   26    26                       2.3016420    1.01212  56.0%   187    2s
H   28    28                       2.3015740    1.01212  56.0%   177    2s
H   31    31                       2.2894524    1.01212  55.8%   177    2s
H   31    31                       2.2888341    1.01212  55.8%   177    2s
H   31    31                       2.2886634    1.01212  55.8%   177    2s
H   31    31                       2.2885577    1.01212  55.8%   177    2s
H   31    31                       2.2878512    1.01212  55.8%   177    2s
H   38    38                       2.2875745    1.01212  55.8%   160    2s
H   48    48                       2.2874871    1.01212  55.8%   159    3s
H   48    48                       2.2874820    1.01212  55.8%   159    3s
H   61    61                       2.2831433    1.01212  55.7%   138    3s
H   61    61                       2.2795792    1.01212  55.6%   138    3s
H   61    61                       2.2792920    1.01212  55.6%   138    3s
H   61    61                       2.2777849    1.01212  55.6%   138    3s
   196   178    1.69842   62  336    2.27778    1.01316  55.5%   123    5s
H  546   458                       2.2777306    1.01853  55.3%  95.2    8s
H  546   458                       2.2774737    1.01853  55.3%  95.2    8s
H  564   477                       2.2774377    1.02028  55.2%   102    9s
H  564   477                       2.2774062    1.02028  55.2%   102    9s
   567   479    1.37878   10  378    2.27741    1.02028  55.2%   102   10s
H  579   462                       2.1961098    1.02045  53.5%  99.5   14s
H  579   439                       2.1943278    1.02045  53.5%  99.5   14s
H  579   416                       2.1932704    1.02045  53.5%  99.5   14s
H  579   395                       1.9461157    1.02045  47.6%  99.5   14s
H  579   375                       1.9452247    1.02045  47.5%  99.5   14s
H  579   356                       1.9444074    1.02045  47.5%  99.5   14s
H  579   338                       1.9424939    1.02045  47.5%  99.5   14s
H  579   321                       1.9278992    1.02045  47.1%  99.5   14s
H  579   305                       1.9264130    1.02045  47.0%  99.5   14s
H  579   289                       1.9264024    1.02045  47.0%  99.5   14s
H  579   274                       1.9050939    1.02045  46.4%  99.5   14s
H  579   260                       1.9042534    1.02045  46.4%  99.5   14s
H  579   247                       1.9039505    1.02045  46.4%  99.5   14s
H  581   236                       1.8767802    1.02045  45.6%   113   14s
H  581   224                       1.8764507    1.02045  45.6%   113   14s
H  581   213                       1.8753743    1.02045  45.6%   113   14s
H  581   202                       1.8744723    1.02045  45.6%   113   14s
H  581   192                       1.8693368    1.02045  45.4%   113   14s
H  581   182                       1.8659451    1.02045  45.3%   113   14s
H  582   173                       1.8657907    1.02080  45.3%   113   14s
   583   176    1.02792   14  517    1.86579    1.02667  45.0%   114   15s
H  591   170                       1.8657907    1.03335  44.6%   121   15s
   676   203    1.05930   28  415    1.86579    1.03344  44.6%   136   20s
H  684   193                       1.8308051    1.03344  43.6%   137   20s
H  684   183                       1.7967836    1.03344  42.5%   137   20s
H  684   176                       1.7958414    1.03344  42.5%   137   20s
H  712   178                       1.7905577    1.03344  42.3%   143   22s
H  712   171                       1.7902910    1.03344  42.3%   143   22s
H  712   164                       1.7833406    1.03344  42.1%   143   22s
H  712   158                       1.7826601    1.03344  42.0%   143   22s
H  712   152                       1.7821969    1.03344  42.0%   143   22s
H  712   147                       1.7803651    1.03344  42.0%   143   22s
H  712   141                       1.7799092    1.03344  41.9%   143   22s
H  712   136                       1.7796397    1.03344  41.9%   143   22s
H  813   161                       1.7793151    1.04035  41.5%   147   24s
H  813   157                       1.7789829    1.04035  41.5%   147   24s
H  813   154                       1.7760409    1.04035  41.4%   147   25s
H  819   156                       1.7759732    1.04179  41.3%   150   25s
H  819   156                       1.7759308    1.04179  41.3%   150   25s
H  827   164                       1.7758142    1.04179  41.3%   150   25s
   890   215    1.13118   31  433    1.77581    1.04182  41.3%   165   30s
H  961   263                       1.7741505    1.04184  41.3%   170   33s
H  961   263                       1.7676857    1.04184  41.1%   170   33s
H  961   263                       1.7653988    1.04184  41.0%   170   33s
H  961   263                       1.7652588    1.04184  41.0%   170   33s
H  961   263                       1.7649124    1.04184  41.0%   170   33s
H  961   263                       1.7643299    1.04184  40.9%   170   33s
H  961   263                       1.7642460    1.04184  40.9%   170   33s
H  976   276                       1.7632011    1.04184  40.9%   172   34s
H  986   285                       1.7631632    1.04184  40.9%   172   34s
H  986   285                       1.7630552    1.04184  40.9%   172   34s
   991   290    1.31274   45  385    1.76306    1.04184  40.9%   172   35s
  1076   345    1.38911   30  423    1.76306    1.04373  40.8%   184   40s
  1192   415    1.66960   55  339    1.76306    1.04394  40.8%   184   45s
  1313   502    1.24931   37  425    1.76306    1.04661  40.6%   189   50s
  1405   577 infeasible   35         1.76306    1.04664  40.6%   190   55s
  1577   703    1.45630   74  302    1.76306    1.04847  40.5%   187   60s
  1735   817    1.22419   32  464    1.76306    1.04957  40.5%   187   65s
  1906   942    1.14557   29  400    1.76306    1.05035  40.4%   186   70s
  2036  1027    1.20277   26  446    1.76306    1.05106  40.4%   185   75s
  2246  1166    1.06532   22  405    1.76306    1.05153  40.4%   180   80s
  2379  1235    1.07441   21  477    1.76306    1.05416  40.2%   183   85s
  2520  1312    1.05790   17  554    1.76306    1.05517  40.2%   182   90s
  2645  1389    1.10652   27  447    1.76306    1.05599  40.1%   184   95s
  2819  1504    1.14494   29  447    1.76306    1.05691  40.1%   183  100s
  2940  1548    1.06199   20  492    1.76306    1.05712  40.0%   190  105s
  3075  1620    1.19848   31  439    1.76306    1.05814  40.0%   193  110s
  3221  1710    1.66371   47  395    1.76306    1.05847  40.0%   194  115s
  3373  1768 infeasible   40         1.76306    1.05926  39.9%   195  120s
  3485  1824    1.13815   22  446    1.76306    1.05985  39.9%   198  125s
  3618  1882    1.28515   25  440    1.76306    1.06082  39.8%   200  130s
  3770  1972    1.21260   30  407    1.76306    1.06137  39.8%   203  135s
  3957  2111    1.34296   34  429    1.76306    1.06206  39.8%   202  140s
  4143  2188    1.06817   15  548    1.76306    1.06274  39.7%   202  145s
  4306  2295    1.35673   56  314    1.76306    1.06349  39.7%   202  150s
  4458  2363    1.18182   27  433    1.76306    1.06467  39.6%   203  155s
  4636  2463    1.74236   34  410    1.76306    1.06482  39.6%   203  160s
  4805  2546    1.15690   25  401    1.76306    1.06513  39.6%   202  165s
  4985  2672    1.10424   31  422    1.76306    1.06530  39.6%   202  170s
  5155  2775    1.12515   28  446    1.76306    1.06574  39.6%   202  175s
  5297  2832    1.26605   35  399    1.76306    1.06641  39.5%   203  180s
  5481  2925    1.31497   38  365    1.76306    1.06650  39.5%   203  185s
  5651  2989    1.14077   30  399    1.76306    1.06697  39.5%   204  190s
  5802  3084    1.35758   24  442    1.76306    1.06772  39.4%   205  195s
  5940  3161    1.71509   41  394    1.76306    1.06797  39.4%   205  200s
H 6029  3194                       1.7630424    1.06826  39.4%   206  203s
  6059  3210 infeasible   40         1.76304    1.06829  39.4%   207  205s
  6205  3285    1.07857   24  447    1.76304    1.06858  39.4%   207  210s
  6311  3328    1.09982   27  425    1.76304    1.06886  39.4%   208  215s
  6436  3408    1.43300   23  468    1.76304    1.06910  39.4%   211  220s
  6562  3472    1.68296   41  308    1.76304    1.06946  39.3%   212  225s
  6693  3538    1.60976   19  431    1.76304    1.07005  39.3%   213  230s
H 6841  3595                       1.7630424    1.07013  39.3%   214  234s
  6866  3608 infeasible   30         1.76304    1.07026  39.3%   214  235s
  7003  3662    1.07695   24  495    1.76304    1.07053  39.3%   215  240s
  7162  3782    1.57102   34  411    1.76304    1.07079  39.3%   215  245s
  7322  3863    1.07989   20  477    1.76304    1.07163  39.2%   215  250s
  7452  3938    1.38196   31  410    1.76304    1.07187  39.2%   216  255s
  7583  4029    1.28968   27  415    1.76304    1.07223  39.2%   215  263s
  7620  4043    1.53343   36  383    1.76304    1.07236  39.2%   216  265s
  7776  4138    1.53843   29  422    1.76304    1.07274  39.2%   216  270s
  7916  4192    1.09177   24  474    1.76304    1.07316  39.1%   216  275s
  8065  4256    1.56598   32  426    1.76304    1.07375  39.1%   216  280s
  8221  4355    1.46278   41  409    1.76304    1.07420  39.1%   216  285s
  8373  4433    1.67696   29  420    1.76304    1.07437  39.1%   216  290s

Cutting planes:
  Learned: 35
  Gomory: 151
  Cover: 82
  Implied bound: 227
  Projected implied bound: 256
  Clique: 72
  MIR: 539
  Mixing: 1
  StrongCG: 50
  Flow cover: 680
  GUB cover: 4
  Inf proof: 3
  Zero half: 7
  RLT: 11
  Relax-and-lift: 83
  BQP: 25

Explored 8552 nodes (1848138 simplex iterations) in 294.94 seconds (586.09 work units)
Thread count was 1 (of 20 available processors)

Solution count 10: 1.76304 1.76306 1.76316 ... 1.76769

Time limit reached
Best objective 1.763042383714e+00, best bound 1.074868661416e+00, gap 39.0333%

User-callback calls 89617, time in user-callback 0.03 sec
