
Gurobi 13.0.2 (win64) logging started Thu Jul 23 12:10:36 2026

Set parameter LogFile to value "E:\codes\ExactEBRP\results\gf_gurobi_performance_recovery_round29\development\moderate4301_c4_60s_no_repair\native.log"
Set parameter Threads to value 1
Set parameter Presolve to value -1
Set parameter Seed to value 0
Set parameter MIPGap to value 0
Set parameter MIPGapAbs to value 0
Warning: unknown variable 'r_max' in bounds section (line 13950)
Warning: unknown variable 'r_min' in bounds section (line 13951)
Read LP format model from file E:\codes\ExactEBRP\results\gf_gurobi_performance_recovery_round29\development\moderate4301_c4_60s_no_repair\external\models\L0.lp
Reading time = 0.02 seconds
obj: 11911 rows, 3376 columns, 67111 nonzeros
Set parameter TimeLimit to value 38.5665475
Warning: unknown variable 'r_max' in bounds section (line 13950)
Warning: unknown variable 'r_min' in bounds section (line 13951)
Read LP format model from file E:\codes\ExactEBRP\results\gf_gurobi_performance_recovery_round29\development\moderate4301_c4_60s_no_repair\external\models\L0.0.lp
Reading time = 0.02 seconds
obj: 11911 rows, 3376 columns, 67111 nonzeros
Set parameter TimeLimit to value 38.2533878
Warning: unknown variable 'r_max' in bounds section (line 13950)
Warning: unknown variable 'r_min' in bounds section (line 13951)
Read LP format model from file E:\codes\ExactEBRP\results\gf_gurobi_performance_recovery_round29\development\moderate4301_c4_60s_no_repair\external\models\L0.1.lp
Reading time = 0.02 seconds
obj: 11911 rows, 3376 columns, 67353 nonzeros
Set parameter TimeLimit to value 37.9362727
Warning: unknown variable 'r_max' in bounds section (line 13950)
Warning: unknown variable 'r_min' in bounds section (line 13951)
Read LP format model from file E:\codes\ExactEBRP\results\gf_gurobi_performance_recovery_round29\development\moderate4301_c4_60s_no_repair\external\models\L0.0.0.lp
Reading time = 0.02 seconds
obj: 11911 rows, 3376 columns, 67111 nonzeros
Set parameter TimeLimit to value 3.7637309099999996e+01
Warning: unknown variable 'r_max' in bounds section (line 13950)
Warning: unknown variable 'r_min' in bounds section (line 13951)
Read LP format model from file E:\codes\ExactEBRP\results\gf_gurobi_performance_recovery_round29\development\moderate4301_c4_60s_no_repair\external\models\L0.0.1.lp
Reading time = 0.02 seconds
obj: 11911 rows, 3376 columns, 67353 nonzeros
Set parameter TimeLimit to value 37.3575995
Warning: unknown variable 'r_max' in bounds section (line 13950)
Warning: unknown variable 'r_min' in bounds section (line 13951)
Read LP format model from file E:\codes\ExactEBRP\results\gf_gurobi_performance_recovery_round29\development\moderate4301_c4_60s_no_repair\external\models\L0.0.0.0.lp
Reading time = 0.02 seconds
obj: 11911 rows, 3376 columns, 67111 nonzeros
Set parameter TimeLimit to value 37.0731373
Warning: unknown variable 'r_max' in bounds section (line 13950)
Warning: unknown variable 'r_min' in bounds section (line 13951)
Read LP format model from file E:\codes\ExactEBRP\results\gf_gurobi_performance_recovery_round29\development\moderate4301_c4_60s_no_repair\external\models\L0.0.0.1.lp
Reading time = 0.02 seconds
obj: 11911 rows, 3376 columns, 67353 nonzeros
Set parameter TimeLimit to value 3.6922963100000004e+01
Warning: unknown variable 'r_max' in bounds section (line 13950)
Warning: unknown variable 'r_min' in bounds section (line 13951)
Read LP format model from file E:\codes\ExactEBRP\results\gf_gurobi_performance_recovery_round29\development\moderate4301_c4_60s_no_repair\external\models\L0.0.0.1.0.lp
Reading time = 0.02 seconds
obj: 11911 rows, 3376 columns, 67353 nonzeros
Set parameter TimeLimit to value 36.6420569
Warning: unknown variable 'r_max' in bounds section (line 13950)
Warning: unknown variable 'r_min' in bounds section (line 13951)
Read LP format model from file E:\codes\ExactEBRP\results\gf_gurobi_performance_recovery_round29\development\moderate4301_c4_60s_no_repair\external\models\L0.0.0.1.1.lp
Reading time = 0.02 seconds
obj: 11911 rows, 3376 columns, 67353 nonzeros
Set parameter TimeLimit to value 36.3606774
Warning: unknown variable 'r_max' in bounds section (line 13950)
Warning: unknown variable 'r_min' in bounds section (line 13951)
Read LP format model from file E:\codes\ExactEBRP\results\gf_gurobi_performance_recovery_round29\development\moderate4301_c4_60s_no_repair\external\models\L0.0.0.1.0.0.lp
Reading time = 0.02 seconds
obj: 11911 rows, 3376 columns, 67353 nonzeros
Set parameter TimeLimit to value 36.0589711
Warning: unknown variable 'r_max' in bounds section (line 13950)
Warning: unknown variable 'r_min' in bounds section (line 13951)
Read LP format model from file E:\codes\ExactEBRP\results\gf_gurobi_performance_recovery_round29\development\moderate4301_c4_60s_no_repair\external\models\L0.0.0.1.0.1.lp
Reading time = 0.02 seconds
obj: 11911 rows, 3376 columns, 67353 nonzeros
Set parameter TimeLimit to value 35.7722171
Warning: unknown variable 'r_max' in bounds section (line 13950)
Warning: unknown variable 'r_min' in bounds section (line 13951)
Read LP format model from file E:\codes\ExactEBRP\results\gf_gurobi_performance_recovery_round29\development\moderate4301_c4_60s_no_repair\external\models\L0.0.0.1.1.0.lp
Reading time = 0.02 seconds
obj: 11911 rows, 3376 columns, 67353 nonzeros
Set parameter TimeLimit to value 35.4902595
Warning: unknown variable 'r_max' in bounds section (line 13950)
Warning: unknown variable 'r_min' in bounds section (line 13951)
Read LP format model from file E:\codes\ExactEBRP\results\gf_gurobi_performance_recovery_round29\development\moderate4301_c4_60s_no_repair\external\models\L0.0.0.1.1.1.lp
Reading time = 0.02 seconds
obj: 11911 rows, 3376 columns, 67353 nonzeros
Set parameter TimeLimit to value 3.5203739999999996e+01
Warning: unknown variable 'r_max' in bounds section (line 13950)
Warning: unknown variable 'r_min' in bounds section (line 13951)
Read LP format model from file E:\codes\ExactEBRP\results\gf_gurobi_performance_recovery_round29\development\moderate4301_c4_60s_no_repair\external\models\L0.0.0.1.0.0.0.lp
Reading time = 0.02 seconds
obj: 11911 rows, 3376 columns, 67353 nonzeros
Set parameter TimeLimit to value 34.9238467
Warning: unknown variable 'r_max' in bounds section (line 13950)
Warning: unknown variable 'r_min' in bounds section (line 13951)
Read LP format model from file E:\codes\ExactEBRP\results\gf_gurobi_performance_recovery_round29\development\moderate4301_c4_60s_no_repair\external\models\L0.0.0.1.0.0.1.lp
Reading time = 0.02 seconds
obj: 11911 rows, 3376 columns, 67353 nonzeros
Set parameter TimeLimit to value 3.4654133200000004e+01
Warning: unknown variable 'r_max' in bounds section (line 13950)
Warning: unknown variable 'r_min' in bounds section (line 13951)
Read LP format model from file E:\codes\ExactEBRP\results\gf_gurobi_performance_recovery_round29\development\moderate4301_c4_60s_no_repair\external\models\L0.0.0.1.0.1.0.lp
Reading time = 0.02 seconds
obj: 11911 rows, 3376 columns, 67353 nonzeros
Set parameter TimeLimit to value 34.3543705
Warning: unknown variable 'r_max' in bounds section (line 13950)
Warning: unknown variable 'r_min' in bounds section (line 13951)
Read LP format model from file E:\codes\ExactEBRP\results\gf_gurobi_performance_recovery_round29\development\moderate4301_c4_60s_no_repair\external\models\L0.0.0.1.0.1.1.lp
Reading time = 0.02 seconds
obj: 11911 rows, 3376 columns, 67353 nonzeros
Set parameter TimeLimit to value 34.0527644
Warning: unknown variable 'r_max' in bounds section (line 13950)
Warning: unknown variable 'r_min' in bounds section (line 13951)
Read LP format model from file E:\codes\ExactEBRP\results\gf_gurobi_performance_recovery_round29\development\moderate4301_c4_60s_no_repair\external\models\L0.0.0.1.1.0.0.lp
Reading time = 0.02 seconds
obj: 11911 rows, 3376 columns, 67353 nonzeros
Set parameter TimeLimit to value 33.7149038
Warning: unknown variable 'r_max' in bounds section (line 13950)
Warning: unknown variable 'r_min' in bounds section (line 13951)
Read LP format model from file E:\codes\ExactEBRP\results\gf_gurobi_performance_recovery_round29\development\moderate4301_c4_60s_no_repair\external\models\L0.0.0.1.1.0.1.lp
Reading time = 0.02 seconds
obj: 11911 rows, 3376 columns, 67353 nonzeros
Set parameter TimeLimit to value 33.430374
Warning: unknown variable 'r_max' in bounds section (line 13950)
Warning: unknown variable 'r_min' in bounds section (line 13951)
Read LP format model from file E:\codes\ExactEBRP\results\gf_gurobi_performance_recovery_round29\development\moderate4301_c4_60s_no_repair\external\models\L0.0.0.1.1.1.0.lp
Reading time = 0.02 seconds
obj: 11911 rows, 3376 columns, 67353 nonzeros
Set parameter TimeLimit to value 33.1168567
Warning: unknown variable 'r_max' in bounds section (line 13950)
Warning: unknown variable 'r_min' in bounds section (line 13951)
Read LP format model from file E:\codes\ExactEBRP\results\gf_gurobi_performance_recovery_round29\development\moderate4301_c4_60s_no_repair\external\models\L0.0.0.1.1.1.1.lp
Reading time = 0.02 seconds
obj: 11911 rows, 3376 columns, 67353 nonzeros
Set parameter TimeLimit to value 3.2819382399999995e+01
Warning: unknown variable 'r_max' in bounds section (line 13950)
Warning: unknown variable 'r_min' in bounds section (line 13951)
Read LP format model from file E:\codes\ExactEBRP\results\gf_gurobi_performance_recovery_round29\development\moderate4301_c4_60s_no_repair\external\models\L0.0.1.0.lp
Reading time = 0.02 seconds
obj: 11911 rows, 3376 columns, 67353 nonzeros
Set parameter TimeLimit to value 32.4461457
Warning: unknown variable 'r_max' in bounds section (line 13950)
Warning: unknown variable 'r_min' in bounds section (line 13951)
Read LP format model from file E:\codes\ExactEBRP\results\gf_gurobi_performance_recovery_round29\development\moderate4301_c4_60s_no_repair\external\models\L0.0.1.1.lp
Reading time = 0.02 seconds
obj: 11911 rows, 3376 columns, 67353 nonzeros
Set parameter TimeLimit to value 3.2155828799999995e+01
Warning: unknown variable 'r_max' in bounds section (line 13950)
Warning: unknown variable 'r_min' in bounds section (line 13951)
Read LP format model from file E:\codes\ExactEBRP\results\gf_gurobi_performance_recovery_round29\development\moderate4301_c4_60s_no_repair\external\models\L0.0.1.0.0.lp
Reading time = 0.02 seconds
obj: 11911 rows, 3376 columns, 67353 nonzeros
Set parameter TimeLimit to value 3.1854413800000003e+01
Warning: unknown variable 'r_max' in bounds section (line 13950)
Warning: unknown variable 'r_min' in bounds section (line 13951)
Read LP format model from file E:\codes\ExactEBRP\results\gf_gurobi_performance_recovery_round29\development\moderate4301_c4_60s_no_repair\external\models\L0.0.1.0.1.lp
Reading time = 0.02 seconds
obj: 11911 rows, 3376 columns, 67353 nonzeros
Set parameter TimeLimit to value 31.5497941
Warning: unknown variable 'r_max' in bounds section (line 13950)
Warning: unknown variable 'r_min' in bounds section (line 13951)
Read LP format model from file E:\codes\ExactEBRP\results\gf_gurobi_performance_recovery_round29\development\moderate4301_c4_60s_no_repair\external\models\L0.0.1.0.0.0.lp
Reading time = 0.02 seconds
obj: 11911 rows, 3376 columns, 67353 nonzeros
Set parameter TimeLimit to value 31.2446457
Warning: unknown variable 'r_max' in bounds section (line 13950)
Warning: unknown variable 'r_min' in bounds section (line 13951)
Read LP format model from file E:\codes\ExactEBRP\results\gf_gurobi_performance_recovery_round29\development\moderate4301_c4_60s_no_repair\external\models\L0.0.1.0.0.1.lp
Reading time = 0.02 seconds
obj: 11911 rows, 3376 columns, 67353 nonzeros
Set parameter TimeLimit to value 30.9607339
Warning: unknown variable 'r_max' in bounds section (line 13950)
Warning: unknown variable 'r_min' in bounds section (line 13951)
Read LP format model from file E:\codes\ExactEBRP\results\gf_gurobi_performance_recovery_round29\development\moderate4301_c4_60s_no_repair\external\models\L0.0.1.0.0.0.0.lp
Reading time = 0.02 seconds
obj: 11911 rows, 3376 columns, 67353 nonzeros
Set parameter TimeLimit to value 3.0658773600000004e+01
Warning: unknown variable 'r_max' in bounds section (line 13950)
Warning: unknown variable 'r_min' in bounds section (line 13951)
Read LP format model from file E:\codes\ExactEBRP\results\gf_gurobi_performance_recovery_round29\development\moderate4301_c4_60s_no_repair\external\models\L0.0.1.0.0.0.1.lp
Reading time = 0.02 seconds
obj: 11911 rows, 3376 columns, 67353 nonzeros
Set parameter TimeLimit to value 3.0347275100000004e+01
Warning: unknown variable 'r_max' in bounds section (line 13950)
Warning: unknown variable 'r_min' in bounds section (line 13951)
Read LP format model from file E:\codes\ExactEBRP\results\gf_gurobi_performance_recovery_round29\development\moderate4301_c4_60s_no_repair\external\models\L0.0.1.0.0.1.0.lp
Reading time = 0.02 seconds
obj: 11911 rows, 3376 columns, 67353 nonzeros
Set parameter TimeLimit to value 3.0010446299999998e+01
Warning: unknown variable 'r_max' in bounds section (line 13950)
Warning: unknown variable 'r_min' in bounds section (line 13951)
Read LP format model from file E:\codes\ExactEBRP\results\gf_gurobi_performance_recovery_round29\development\moderate4301_c4_60s_no_repair\external\models\L0.0.1.0.0.1.1.lp
Reading time = 0.02 seconds
obj: 11911 rows, 3376 columns, 67353 nonzeros
Set parameter TimeLimit to value 29.7080974
Warning: unknown variable 'r_max' in bounds section (line 13950)
Warning: unknown variable 'r_min' in bounds section (line 13951)
Read LP format model from file E:\codes\ExactEBRP\results\gf_gurobi_performance_recovery_round29\development\moderate4301_c4_60s_no_repair\external\models\L0.0.1.0.1.0.lp
Reading time = 0.02 seconds
obj: 11911 rows, 3376 columns, 67353 nonzeros
Set parameter TimeLimit to value 29.3781615
Warning: unknown variable 'r_max' in bounds section (line 13950)
Warning: unknown variable 'r_min' in bounds section (line 13951)
Read LP format model from file E:\codes\ExactEBRP\results\gf_gurobi_performance_recovery_round29\development\moderate4301_c4_60s_no_repair\external\models\L0.0.1.0.1.1.lp
Reading time = 0.02 seconds
obj: 11911 rows, 3376 columns, 67353 nonzeros
Set parameter TimeLimit to value 29.0920444
Warning: unknown variable 'r_max' in bounds section (line 13950)
Warning: unknown variable 'r_min' in bounds section (line 13951)
Read LP format model from file E:\codes\ExactEBRP\results\gf_gurobi_performance_recovery_round29\development\moderate4301_c4_60s_no_repair\external\models\L0.0.1.0.1.0.0.lp
Reading time = 0.02 seconds
obj: 11911 rows, 3376 columns, 67353 nonzeros
Set parameter TimeLimit to value 28.8022492
Warning: unknown variable 'r_max' in bounds section (line 13950)
Warning: unknown variable 'r_min' in bounds section (line 13951)
Read LP format model from file E:\codes\ExactEBRP\results\gf_gurobi_performance_recovery_round29\development\moderate4301_c4_60s_no_repair\external\models\L0.0.1.0.1.0.1.lp
Reading time = 0.02 seconds
obj: 11911 rows, 3376 columns, 67353 nonzeros
Set parameter TimeLimit to value 28.5033152
Warning: unknown variable 'r_max' in bounds section (line 13950)
Warning: unknown variable 'r_min' in bounds section (line 13951)
Read LP format model from file E:\codes\ExactEBRP\results\gf_gurobi_performance_recovery_round29\development\moderate4301_c4_60s_no_repair\external\models\L0.0.1.0.1.1.0.lp
Reading time = 0.02 seconds
obj: 11911 rows, 3376 columns, 67353 nonzeros
Set parameter TimeLimit to value 28.1769383
Warning: unknown variable 'r_max' in bounds section (line 13950)
Warning: unknown variable 'r_min' in bounds section (line 13951)
Read LP format model from file E:\codes\ExactEBRP\results\gf_gurobi_performance_recovery_round29\development\moderate4301_c4_60s_no_repair\external\models\L0.0.1.0.1.1.1.lp
Reading time = 0.02 seconds
obj: 11911 rows, 3376 columns, 67353 nonzeros
Set parameter TimeLimit to value 27.8954304
Warning: unknown variable 'r_max' in bounds section (line 13950)
Warning: unknown variable 'r_min' in bounds section (line 13951)
Read LP format model from file E:\codes\ExactEBRP\results\gf_gurobi_performance_recovery_round29\development\moderate4301_c4_60s_no_repair\external\models\L0.0.1.1.0.lp
Reading time = 0.02 seconds
obj: 11911 rows, 3376 columns, 67353 nonzeros
Set parameter TimeLimit to value 27.5604368
Warning: unknown variable 'r_max' in bounds section (line 13950)
Warning: unknown variable 'r_min' in bounds section (line 13951)
Read LP format model from file E:\codes\ExactEBRP\results\gf_gurobi_performance_recovery_round29\development\moderate4301_c4_60s_no_repair\external\models\L0.0.1.1.1.lp
Reading time = 0.02 seconds
obj: 11911 rows, 3376 columns, 67353 nonzeros
Set parameter TimeLimit to value 27.2525303
Warning: unknown variable 'r_max' in bounds section (line 13950)
Warning: unknown variable 'r_min' in bounds section (line 13951)
Read LP format model from file E:\codes\ExactEBRP\results\gf_gurobi_performance_recovery_round29\development\moderate4301_c4_60s_no_repair\external\models\L0.0.1.1.0.0.lp
Reading time = 0.02 seconds
obj: 11911 rows, 3376 columns, 67353 nonzeros
Set parameter TimeLimit to value 26.9672573
Warning: unknown variable 'r_max' in bounds section (line 13950)
Warning: unknown variable 'r_min' in bounds section (line 13951)
Read LP format model from file E:\codes\ExactEBRP\results\gf_gurobi_performance_recovery_round29\development\moderate4301_c4_60s_no_repair\external\models\L0.0.1.1.0.1.lp
Reading time = 0.02 seconds
obj: 11911 rows, 3376 columns, 67353 nonzeros
Set parameter TimeLimit to value 26.6791288
Warning: unknown variable 'r_max' in bounds section (line 13950)
Warning: unknown variable 'r_min' in bounds section (line 13951)
Read LP format model from file E:\codes\ExactEBRP\results\gf_gurobi_performance_recovery_round29\development\moderate4301_c4_60s_no_repair\external\models\L0.0.1.1.0.0.0.lp
Reading time = 0.02 seconds
obj: 11911 rows, 3376 columns, 67353 nonzeros
Set parameter TimeLimit to value 26.3714225
Warning: unknown variable 'r_max' in bounds section (line 13950)
Warning: unknown variable 'r_min' in bounds section (line 13951)
Read LP format model from file E:\codes\ExactEBRP\results\gf_gurobi_performance_recovery_round29\development\moderate4301_c4_60s_no_repair\external\models\L0.0.1.1.0.0.1.lp
Reading time = 0.02 seconds
obj: 11911 rows, 3376 columns, 67353 nonzeros
Set parameter TimeLimit to value 26.0790098
Warning: unknown variable 'r_max' in bounds section (line 13950)
Warning: unknown variable 'r_min' in bounds section (line 13951)
Read LP format model from file E:\codes\ExactEBRP\results\gf_gurobi_performance_recovery_round29\development\moderate4301_c4_60s_no_repair\external\models\L0.0.1.1.0.1.0.lp
Reading time = 0.02 seconds
obj: 11911 rows, 3376 columns, 67353 nonzeros
Set parameter TimeLimit to value 25.6441788
Warning: unknown variable 'r_max' in bounds section (line 13950)
Warning: unknown variable 'r_min' in bounds section (line 13951)
Read LP format model from file E:\codes\ExactEBRP\results\gf_gurobi_performance_recovery_round29\development\moderate4301_c4_60s_no_repair\external\models\L0.0.1.1.0.1.1.lp
Reading time = 0.02 seconds
obj: 11911 rows, 3376 columns, 67353 nonzeros
Set parameter TimeLimit to value 25.3387586
Warning: unknown variable 'r_max' in bounds section (line 13950)
Warning: unknown variable 'r_min' in bounds section (line 13951)
Read LP format model from file E:\codes\ExactEBRP\results\gf_gurobi_performance_recovery_round29\development\moderate4301_c4_60s_no_repair\external\models\L0.0.1.1.1.0.lp
Reading time = 0.02 seconds
obj: 11911 rows, 3376 columns, 67353 nonzeros
Set parameter TimeLimit to value 2.4687647400000003e+01
Warning: unknown variable 'r_max' in bounds section (line 13950)
Warning: unknown variable 'r_min' in bounds section (line 13951)
Read LP format model from file E:\codes\ExactEBRP\results\gf_gurobi_performance_recovery_round29\development\moderate4301_c4_60s_no_repair\external\models\L0.0.1.1.1.1.lp
Reading time = 0.02 seconds
obj: 11911 rows, 3376 columns, 67353 nonzeros
Set parameter TimeLimit to value 24.3900424
Warning: unknown variable 'r_max' in bounds section (line 13950)
Warning: unknown variable 'r_min' in bounds section (line 13951)
Read LP format model from file E:\codes\ExactEBRP\results\gf_gurobi_performance_recovery_round29\development\moderate4301_c4_60s_no_repair\external\models\L0.0.1.1.1.0.0.lp
Reading time = 0.02 seconds
obj: 11911 rows, 3376 columns, 67353 nonzeros
Set parameter TimeLimit to value 2.4102562399999997e+01
Warning: unknown variable 'r_max' in bounds section (line 13950)
Warning: unknown variable 'r_min' in bounds section (line 13951)
Read LP format model from file E:\codes\ExactEBRP\results\gf_gurobi_performance_recovery_round29\development\moderate4301_c4_60s_no_repair\external\models\L0.0.1.1.1.0.1.lp
Reading time = 0.02 seconds
obj: 11911 rows, 3376 columns, 67353 nonzeros
Set parameter TimeLimit to value 2.3781131100000003e+01
Warning: unknown variable 'r_max' in bounds section (line 13950)
Warning: unknown variable 'r_min' in bounds section (line 13951)
Read LP format model from file E:\codes\ExactEBRP\results\gf_gurobi_performance_recovery_round29\development\moderate4301_c4_60s_no_repair\external\models\L0.0.1.1.1.1.0.lp
Reading time = 0.02 seconds
obj: 11911 rows, 3376 columns, 67353 nonzeros
Set parameter TimeLimit to value 2.3039700699999997e+01
Warning: unknown variable 'r_max' in bounds section (line 13950)
Warning: unknown variable 'r_min' in bounds section (line 13951)
Read LP format model from file E:\codes\ExactEBRP\results\gf_gurobi_performance_recovery_round29\development\moderate4301_c4_60s_no_repair\external\models\L0.0.1.1.1.1.1.lp
Reading time = 0.02 seconds
obj: 11911 rows, 3376 columns, 67353 nonzeros
Set parameter TimeLimit to value 2.2743914599999997e+01
Warning: unknown variable 'r_max' in bounds section (line 13951)
Warning: unknown variable 'r_min' in bounds section (line 13952)
Read LP format model from file E:\codes\ExactEBRP\results\gf_gurobi_performance_recovery_round29\development\moderate4301_c4_60s_no_repair\external\models\L1.lp
Reading time = 0.02 seconds
obj: 11912 rows, 3376 columns, 67359 nonzeros
Set parameter TimeLimit to value 22.2224499
Warning: unknown variable 'r_max' in bounds section (line 13951)
Warning: unknown variable 'r_min' in bounds section (line 13952)
Read LP format model from file E:\codes\ExactEBRP\results\gf_gurobi_performance_recovery_round29\development\moderate4301_c4_60s_no_repair\external\models\L1.0.lp
Reading time = 0.02 seconds
obj: 11912 rows, 3376 columns, 67359 nonzeros
Set parameter TimeLimit to value 21.8705809
Warning: unknown variable 'r_max' in bounds section (line 13951)
Warning: unknown variable 'r_min' in bounds section (line 13952)
Read LP format model from file E:\codes\ExactEBRP\results\gf_gurobi_performance_recovery_round29\development\moderate4301_c4_60s_no_repair\external\models\L1.1.lp
Reading time = 0.02 seconds
obj: 11912 rows, 3376 columns, 67359 nonzeros
Set parameter TimeLimit to value 2.1563844000000003e+01
