Warning, line 13941: Name 'r_max' does not exist.
Warning, line 13942: Name 'r_min' does not exist.
Version identifier: 22.1.1.0 | 2022-11-27 | 9160aff4d
CPXPARAM_Preprocessing_Presolve                  0
CPXPARAM_Preprocessing_Reduce                    0
CPXPARAM_Preprocessing_Linear                    0
CPXPARAM_Threads                                 1
CPXPARAM_MIP_Strategy_Search                     1
CPXPARAM_TimeLimit                               252.88119140000001
CPXPARAM_MIP_Tolerances_AbsMIPGap                0
CPXPARAM_MIP_Tolerances_MIPGap                   0
Generic callback                                 0xf0
Lazy constraint(s) or lazy constraint/branch callback is present.
    Disabling presolve reductions that prevent crushing forms (CPX_PARAM_PREREFORM).
Reduced MIP has 11903 rows, 3372 columns, and 67088 nonzeros.
Reduced MIP has 1493 binaries, 197 generals, 0 SOSs, and 0 indicators.
Presolve time = 0.00 sec. (2.01 ticks)
Clique table members: 2007.
MIP emphasis: balance optimality and feasibility.
MIP search method: traditional branch-and-cut.
Parallel mode: none, using 1 thread.
Root relaxation solution time = 0.42 sec. (988.23 ticks)

        Nodes                                         Cuts/
   Node  Left     Objective  IInf  Best Integer    Best Bound    ItCnt     Gap         Variable B NodeID Parent  Depth

      0     0        0.1011   244                      0.1011     5336         
      0     0        0.1073   273                   Cuts: 250     7481         
      0     0        0.1079   330                   Cuts: 155     8159         
      0     0        0.1083   390                   Cuts: 123     8626         
      0     0        0.1090   412                   Cuts: 154     9510         
      0     0        0.1093   409                   Cuts: 147     9921         
      0     0        0.1098   407                   Cuts: 193    10393         
      0     0        0.1100   405                   Cuts: 148    10760         
      0     0        0.1102   423                   Cuts: 138    11171         
      0     0        0.1104   422                   Cuts: 134    11588         
      0     0        0.1108   425                   Cuts: 154    11968         
      0     0        0.1110   417                    Cuts: 89    12275         
      0     0        0.1111   430                   Cuts: 121    12532         
      0     0        0.1112   431                   Cuts: 105    12817         
      0     0        0.1112   428                    Cuts: 63    13018         
      0     2        0.1112   421                      0.1112    13018                                 0             0
Elapsed time = 7.70 sec. (16102.24 ticks, tree = 0.01 MB, solutions = 0)
      1     3        0.1130   421                      0.1112    14072                          X      1      0      1
      2     4        0.1749   364                      0.1130    16545                          X      2      0      1
      3     5        0.1186   414                      0.1130    17297                          X      3      1      2
      4     6        0.1436   410                      0.1186    20163                          X      4      1      2
      5     7        0.1372   416                      0.1186    22716                          X      5      3      3
      6     8        0.1325   386                      0.1325    23511                          X      6      3      3
      8    10        0.1395   377                      0.1350    24463                          X      8      6      4
      9    11        0.1387   404                      0.1350    25469                          X      9      7      5
     10    12        0.1383   406                      0.1372    26049                          X     10      7      5
     13    15        0.1402   402                      0.1372    27904                          X     13     11      7
Elapsed time = 11.56 sec. (23735.61 ticks, tree = 0.77 MB, solutions = 0)
     17    19        0.1405   392                      0.1372    29207                          X     17     15      9
     19    21        0.1406   393                      0.1372    29665                          X     19     18     10
     20    22        0.1405   384                      0.1372    29929                          X     20     18     10
     21    23        0.1405   384                      0.1372    29933                 bit_19_3 D     21     20     11
     22    24        0.1406   386                      0.1372    29941                 bit_11_5 D     22     21     12
     23    25        0.1406   376                      0.1372    29952                  bit_5_4 D     23     22     13
     25    25    infeasible                            0.1372    30773                  bit_2_5 U     25     23     14
     29    29        0.1406   388                      0.1372    30951                 bit_11_4 D     29     28     18
     30    30        0.1592   372                      0.1372    35509                 bit_11_4 U     30     28     18
     31    31        0.1656   414                      0.1372    44888                     Y_14 D     31     30     19
Elapsed time = 27.09 sec. (58464.00 ticks, tree = 2.45 MB, solutions = 0)
     32    31        0.1752   368                      0.1372    44924                     Y_14 U     32     30     19
     33    32        0.1845   390                      0.1372    46920                     Y_19 D     33     32     20
     35    32        0.1845   421                      0.1372    53138                  bit_3_5 D     35     33     21
     36    33        0.1845   418                      0.1372    53209                  bit_6_3 D     36     35     22
     38    35        0.1869   410                      0.1372    59216                  bit_8_4 U     38     36     23
     43    38        0.1875   388                      0.1372    62128                 bit_15_4 D     43     41     27
     47    38        0.1879   367                      0.1372    64356                 x_0_0_10 D     47     45     29
     51    38        0.1880   361                      0.1372    65904                  x_0_0_9 D     51     49     31
     58    39    infeasible                            0.1372    67774                  x_0_0_6 D     58     56     36
     62    43        0.1511   382                      0.1372    70188                          X     62     61      6
Elapsed time = 38.20 sec. (80292.56 ticks, tree = 3.77 MB, solutions = 0)
     70    51        0.1467   393                      0.1372    71694                          X     70     69     10
     77    58        0.1810   352                      0.1372    74246                  x_0_0_4 U     77     75     15
     90    65        0.1820   349                      0.1372    74657                x_0_19_20 D     90     89     25
     98    69        0.1918   336                      0.1372    75986                   z_1_14 D     98     97     31
    102    67    infeasible                            0.1387    79043                          X    102    101      5
    108    73        0.1702   393                      0.1387    81240                          X    108    107      8
    115    78    infeasible                            0.1387    82620                     Y_19 D    115    114     12
    121    82        0.1421   368                      0.1387    84267                          X    121    120     10
    139   100        0.1464   361                      0.1387    86376                  x_0_0_1 D    139    138     28
    140   101        0.1569   321                      0.1387    87734                 x_0_0_13 U    140    139     29
Elapsed time = 45.38 sec. (92271.67 ticks, tree = 10.00 MB, solutions = 0)
    145   102        0.1411   368                      0.1395    90316                          X    145      9      6
    150   107        0.1423   354                      0.1395    91907                          X    150    149      9
    156   113        0.1471   361                      0.1395    93423                 bit_15_4 D    156    155     14
    172   123    infeasible                            0.1395    94771                  bit_9_5 U    172    170     27
    178   124        0.2224   299                      0.1395    97623                  x_0_0_1 U    178    176     31
    180   124        0.1430   383                      0.1395    98603                          X    180      8      5
    187   131        0.1461   315                      0.1395   101814                   z_1_14 U    187    185     11
    195   138        0.1856   293                      0.1395   104117                  x_0_0_9 U    195    193     18
    203   142        0.1415   355                      0.1400   106166                          X    203    201      8
    210   149        0.1424   326                      0.1400   107600                      Y_6 D    210    209     13
Elapsed time = 52.59 sec. (104863.27 ticks, tree = 14.86 MB, solutions = 0)
    218   153    infeasible                            0.1400   109409                  bit_9_5 U    218    216     19
    220   155        0.1428   331                      0.1400   109656                 x_0_0_13 D    220    219     21
    225   160        0.1515   283                      0.1400   112997                  x_0_0_4 U    225    223     24
    234   165        0.1673   295                      0.1400   115323                   z_1_19 U    234    231     30
    241   166        0.1404   393                      0.1400   117877                          X    241     12      7
    246   171        0.1412   362                      0.1400   120233                   z_1_14 D    246    245     12
    253   178        0.1511   279                      0.1400   122530                 bit_11_5 D    253    252     19
    264   189        0.1695   279                      0.1400   123891                x_0_14_12 D    264    263     30
    279   204        0.1730   249                      0.1400   124856                 x_0_20_7 D    279    278     45
    285   206        0.1412   385                      0.1401   127397                          X    285    283      8
Elapsed time = 58.91 sec. (117540.75 ticks, tree = 21.28 MB, solutions = 0)
    291   212        0.1477   283                      0.1401   130366                   z_1_19 U    291    290     13
    304   223        0.1502   309                      0.1401   132326                 bit_11_4 D    304    302     24
    312   229        0.1524   264                      0.1401   134353                 x_0_0_11 U    312    311     30
    318   234        0.1952   265                      0.1401   136677                 x_0_0_20 U    318    317     33
    325   239        0.1430   318                      0.1402   138650                   z_1_14 D    325    324     12
    329   243        0.1624   286                      0.1402   141321                 bit_15_4 N    329    328     16
    352   266        0.1883   254                      0.1402   144098                 x_0_0_15 U    352    351     39
    360   270        0.1413   340                      0.1402   145678                   z_2_14 D    360    359     11
    366   274        0.1815   277                      0.1402   148909                     Y_19 D    366    364     16
    380   282    infeasible                            0.1402   150870                  x_1_0_8 U    380    378     27
Elapsed time = 64.88 sec. (129219.12 ticks, tree = 29.85 MB, solutions = 0)
    391   289    infeasible                            0.1402   153240                 x_0_0_15 U    391    388     34
    401   291        0.1853   273                      0.1402   155374                  x_2_0_3 D    401    399     40
    412   292        0.1862   290                      0.1402   157334                 x_2_0_17 D    412    411     46
    420   294        0.1867   288                      0.1402   158482                  x_2_0_7 D    420    419     51
    427   295        0.1413   363                      0.1404   160310                   z_2_14 D    427    426     11
    431   299        0.1541   297                      0.1404   163068                 bit_15_4 D    431    430     15
    459   327        0.1632   292                      0.1404   165487                 x_1_0_11 D    459    458     43
    480   348        0.1654   260                      0.1404   166757                 x_0_0_12 D    480    479     64
    491   355        0.1410   381                      0.1404   168641                          X    491    490     10
    495   359        0.1485   288                      0.1404   172070                   z_1_19 U    495    494     13
Elapsed time = 70.48 sec. (140685.77 ticks, tree = 38.56 MB, solutions = 0)
    506   366        0.1804   266                      0.1404   174983                 x_2_0_10 U    506    504     21
    514   370        0.1806   292                      0.1404   177312                  x_2_0_6 U    514    512     26
    532   388        0.1540   301                      0.1404   179573                 x_1_0_11 U    532    529     41
    542   398        0.1859   262                      0.1404   182324                 x_1_20_7 U    542    540     48
    551   405        0.1544   298                      0.1404   184492                 x_1_5_19 D    551    549     54
    560   410    infeasible                            0.1404   186535                  x_2_0_1 U    560    558     60
    573   417    infeasible                            0.1404   188090                 x_2_0_18 U    573    571     71
    578   422        0.1491   280                      0.1404   191390                   z_1_19 U    578    577     13
    609   453        0.1609   257                      0.1404   193797                 x_1_0_11 D    609    608     44
    616   456        0.1414   352                      0.1405   196007                   z_1_14 D    616    615     12
Elapsed time = 75.92 sec. (152009.85 ticks, tree = 49.56 MB, solutions = 0)
    619   459        0.1502   287                      0.1405   198515                      Y_6 D    619    618     15
    635   473        0.1743   282                      0.1405   202025                 x_0_0_15 U    635    633     29
    644   482        0.1541   304                      0.1405   203070                  x_1_0_2 D    644    643     37
    655   487        0.1629   294                      0.1405   205270                 x_1_0_11 D    655    654     45
    667   493    infeasible                            0.1405   207367                 x_0_14_6 U    667    664     53
    679   499        0.1645   277                      0.1405   209488                x_1_17_10 D    679    677     62
    692   506        0.1408   381                      0.1405   211203                          X    692    691     10
    696   510        0.1504   290                      0.1405   214562                   z_1_19 U    696    695     13
    716   522    infeasible                            0.1405   216905                  x_2_0_2 U    716    714     29
    766   560        0.1618   280                      0.1405   226043                     Y_14 D    766    765     19
Elapsed time = 82.31 sec. (165661.81 ticks, tree = 61.37 MB, solutions = 0)
    819   595        0.1410   360                      0.1406   233315                   z_2_14 D    819    818     11
    872   640        0.1416   359                      0.1406   241532                   z_1_14 D    872    871     13
    910   668        0.1528   303                      0.1406   251382                 x_0_0_12 D    910    909     32
    961   706        0.1427   360                      0.1406   259452                          X    961    960      9
    974   718        0.1815   344                      0.1406   269710                 x_1_0_20 U    974    972     19
    984   724        0.1627   300                      0.1406   277861                   z_2_19 D    984    983     25
   1009   740        0.1485   324                      0.1406   286707                   z_2_14 U   1009    613     11
   1039   760    infeasible                            0.1406   295895                 x_2_0_20 U   1039   1037     27
   1092   789    infeasible                            0.1406   303637                  x_1_0_1 U   1092   1090     68
   1142   835        0.1683   305                      0.1406   314507                   z_1_19 U   1142   1141     16
Elapsed time = 101.91 sec. (206330.48 ticks, tree = 92.33 MB, solutions = 0)
   1171   850        0.1627   279                      0.1406   317699                  x_2_0_7 D   1171   1170     37
   1212   881        0.1501   284                      0.1407   325264                      Y_6 D   1212   1211     17
   1265   930        0.1426   336                      0.1407   331680                   z_2_14 D   1265   1264     13
   1296   947        0.1633   292                      0.1407   339499                 x_2_0_16 N   1296   1294     37
   1333   978        0.1709   293                      0.1407   348631                      Y_6 D   1333   1332     18
   1361   998        0.1525   302                      0.1407   358131                 x_2_0_16 N   1361   1359     30
   1405  1034        0.1702   300                      0.1407   367276                   z_1_19 U   1405   1404     15
   1466  1073        0.1646   248                      0.1407   374407                  x_2_0_6 D   1466   1465     63
   1491  1089        0.1623   277                      0.1408   382576                  x_1_0_8 D   1491   1490     23
   1546  1130    infeasible                            0.1408   391859                 x_2_0_13 U   1546   1543     32
Elapsed time = 120.22 sec. (245543.10 ticks, tree = 125.85 MB, solutions = 0)
   1596  1170        0.1635   295                      0.1408   400013                 x_2_0_17 D   1596   1595     42
   1643  1199    infeasible                            0.1408   408161                  x_1_0_5 U   1643   1641     44
   1706  1252        0.1486   350                      0.1408   417871                   z_1_14 U   1706    615     12
   1754  1280        0.1410   391                      0.1408   426022                          X   1754    489      9
   1805  1323        0.1481   320                      0.1408   433447                   z_2_14 U   1805    244     11
   1851  1357        0.1482   329                      0.1408   442482                   z_2_14 U   1851   1095     13
   1880  1375        0.1505   302                      0.1408   451520                 x_1_0_18 D   1880   1879     15
   1931  1410        0.1482   362                      0.1409   459365                   z_1_14 U   1931   1339     12
   1981  1451        0.1482   354                      0.1409   468228                   z_1_14 U   1981    245     12
   2049  1505    infeasible                            0.1409   476262                  bit_9_5 U   2049   2047     32
Elapsed time = 141.05 sec. (290041.94 ticks, tree = 168.25 MB, solutions = 0)
   2115  1557        0.1551   289                      0.1409   483629                 x_2_0_17 D   2115   2114     50
   2146  1577        0.1517   300                      0.1409   491900                      Y_6 D   2146   2145     18
   2200  1625    infeasible                            0.1409   500942                 x_2_0_20 U   2200   2198     25
   2233  1648        0.1478   322                      0.1410   510164                   z_2_14 U   2233    995     12
   2277  1684        0.1790   263                      0.1410   517256                 x_1_0_17 U   2277   2275     50
   2325  1722        0.1865   336                      0.1410   527118                  x_2_0_9 U   2325    994     11
   2374  1759        0.1505   337                      0.1410   537666                   z_1_19 D   2374   2372     14
   2421  1800        0.1640   275                      0.1410   544443                  x_2_0_5 D   2421   2420     53
   2478  1845        0.1411   392                      0.1410   553317                          X   2478    284      9
   2521  1880    infeasible                            0.1410   562330                 x_2_0_18 D   2521   2520     46
Elapsed time = 159.78 sec. (329674.78 ticks, tree = 210.77 MB, solutions = 0)
   2544  1891        0.1497   290                      0.1410   571706                   z_1_14 U   2544   2543     14
   2590  1925        0.1521   301                      0.1410   581256                  x_1_0_2 D   2590   2588     27
   2656  1975        0.1412   390                      0.1410   589679                          X   2656   1259      9
   2715  2018        0.1498   334                      0.1410   600043                   z_2_14 U   2715    426     11
   2760  2057    infeasible                            0.1410   606975                   z_1_14 D   2760   2758     14
   2842  2127    infeasible                            0.1410   616095                 x_2_0_18 D   2842   2841     51
   2870  2144        0.1414   376                      0.1411   625366                   z_2_14 N   2870    358     11
   2918  2186        0.1625   287                      0.1411   635459                 bit_15_4 D   2918   2917     18
   2967  2213        0.1496   307                      0.1411   644369                 bit_15_4 D   2967   2966     15
   3012  2246        0.1625   274                      0.1411   653823                 bit_15_4 D   3012   3011     18
Elapsed time = 179.14 sec. (369314.46 ticks, tree = 252.17 MB, solutions = 0)
   3062  2270        0.1488   299                      0.1411   662303                   z_2_14 D   3062   3061     15
   3130  2324        0.1529   302                      0.1411   672044                  x_1_0_3 D   3130   3128     42
   3186  2368        0.1507   296                      0.1411   681588                   z_2_19 U   3186   2755     11
   3224  2385        0.1478   282                      0.1411   690809                   z_2_14 N   3224   3222     12
   3271  2423        0.1908   347                      0.1412   703205                  x_2_0_9 U   3271   1480     13
   3316  2452        0.1772   280                      0.1412   712816                 x_1_0_17 U   3316   3315     47
   3332  2459        0.1517   328                      0.1412   722319                   z_1_19 D   3332   3331     13
   3380  2489        0.1550   305                      0.1412   732021                 bit_15_4 D   3380   3379     19
   3460  2555        0.1534   297                      0.1412   741248                  x_0_0_4 D   3460   3459     46
   3519  2604        0.1473   304                      0.1412   752484                   z_2_19 U   3519   2480     11
Elapsed time = 199.31 sec. (410342.88 ticks, tree = 292.67 MB, solutions = 0)
   3555  2627        0.1495   299                      0.1412   762919                   z_1_19 D   3555   3554     13
   3604  2672        0.1563   326                      0.1412   768206                   z_1_14 U   3604   3603     12
   3651  2703        0.1598   284                      0.1412   778055                     Y_14 D   3651   3650     14
   3706  2750        0.1842   275                      0.1412   788612                 x_2_0_20 U   3706   3704     22
   3746  2774    infeasible                            0.1412   800052                 x_1_0_18 U   3746   1756     12
   3793  2807    infeasible                            0.1412   809185                 x_0_0_20 U   3793   3791     50
   3856  2856        0.1511   343                      0.1412   818421                   z_1_19 D   3856   3854     13
   3937  2919        0.1638   284                      0.1412   826701                  x_2_0_6 D   3937   3936     36
   3999  2971        0.1745   272                      0.1412   837149                 x_0_0_15 U   3999   3997     46
   4057  3015    infeasible                            0.1413   846736                 x_1_0_17 U   4057   4056     45
Elapsed time = 219.20 sec. (449837.64 ticks, tree = 339.25 MB, solutions = 0)
   4094  3042        0.1840   296                      0.1413   856939                 x_2_0_15 U   4094   4092     40
   4142  3078        0.1471   305                      0.1413   867761                   z_2_19 U   4142   3472     11
   4202  3120        0.1498   364                      0.1413   879159                   z_1_14 U   4202    427     12
   4254  3154        0.1480   293                      0.1413   888532                   z_1_14 D   4254   4252     13
   4297  3185        0.1491   283                      0.1413   898479                   z_2_19 U   4297   4295     14
   4363  3235    infeasible                            0.1413   908104                  x_1_0_8 U   4363   4361     37
   4409  3269        0.1414   374                      0.1413   916139                   z_2_14 N   4409    287     11
   4450  3300        0.1477   285                      0.1413   927569                   z_1_19 U   4450   2481     12
   4504  3346        0.1480   298                      0.1414   936472                 bit_15_4 D   4504   4503     18
   4542  3372    infeasible                            0.1414   945616                  x_2_0_3 D   4542   4541     48
Elapsed time = 240.17 sec. (491200.88 ticks, tree = 379.62 MB, solutions = 0)
   4550  3370        0.1482   259                      0.1414   955030                   z_2_19 D   4550   4548     12
   4596  3400        0.1616   294                      0.1414   964871                   z_2_19 D   4596   4595     16
   4677  3457        0.1415   399                      0.1414   973770                          X   4677   3909     10
   4720  3482    infeasible                            0.1414   984046                 x_2_0_11 U   4720   4718     43
   4767  3517        0.1501   334                      0.1414   994240                   z_2_14 U   4767    937     21

GUB cover cuts applied:  9
Clique cuts applied:  10
Cover cuts applied:  2
Implied bound cuts applied:  93
Flow cuts applied:  179
Mixed integer rounding cuts applied:  51
Zero-half cuts applied:  21
Gomory fractional cuts applied:  4

Root node processing (before b&c):
  Real time             =    7.62 sec. (15953.54 ticks)
Sequential b&c:
  Real time             =  245.26 sec. (499238.84 ticks)
                          ------------
Total (root+branch&cut) =  252.89 sec. (515192.37 ticks)
CPLEX Error  1217: No solution exists.
CPLEX Error  1217: No solution exists.
CPLEX Error  1217: No solution exists.
