Version identifier: 22.1.1.0 | 2022-11-27 | 9160aff4d
CPXPARAM_Preprocessing_Presolve                  0
CPXPARAM_Preprocessing_Reduce                    0
CPXPARAM_Preprocessing_Linear                    0
CPXPARAM_Threads                                 1
CPXPARAM_MIP_Strategy_Search                     1
CPXPARAM_TimeLimit                               79.857109000000008
CPXPARAM_MIP_Tolerances_AbsMIPGap                0
CPXPARAM_MIP_Tolerances_MIPGap                   0
Generic callback                                 0xf0
Reduced MIP has 11911 rows, 3374 columns, and 67111 nonzeros.
Reduced MIP has 1491 binaries, 200 generals, 0 SOSs, and 0 indicators.
Presolve time = 0.00 sec. (2.01 ticks)
Clique table members: 1993.
MIP emphasis: balance optimality and feasibility.
MIP search method: traditional branch-and-cut.
Parallel mode: none, using 1 thread.
Root relaxation solution time = 0.09 sec. (149.70 ticks)

        Nodes                                         Cuts/
   Node  Left     Objective  IInf  Best Integer    Best Bound    ItCnt     Gap         Variable B NodeID Parent  Depth

      0     0        0.0034   248                      0.0034     1725         
      0     0        0.0035   258                    Cuts: 77     2423         
      0     0        0.0035   306                   Cuts: 153     2912         
      0     0        0.0036   344                   Cuts: 202     3702         
      0     0        0.0036   212                    Cuts: 31     4161         
      0     0        0.0036   274                   Cuts: 118     4721         
      0     2        0.0036   226                      0.0036     4721                                 0             0
Elapsed time = 3.20 sec. (5745.11 ticks, tree = 0.01 MB, solutions = 0)
      2     4        0.0109   230                      0.0036     7634                          X      2      0      1
      4     6        0.0066   260                      0.0036    15162                          X      4      1      2
      7     9        0.0041   215                      0.0036    15600                          X      7      5      4
     10    12        0.0045   174                      0.0036    15821                          X     10      9      6
     14    16        0.0045   174                      0.0036    16132                          X     14     12      8
     15    16        0.0046   174                      0.0036    16297                          X     15     12      8
     17    16        0.0049   167                      0.0037    16781                          X     17      3      3
     22    20        0.0049   167                      0.0037    16781                          X     22     21      8
     32    26    infeasible                            0.0037    56954                 bit_14_4 D     32     30     16
     33    27        0.0050   200                      0.0037    57813                 bit_13_4 N     33     31     17
Elapsed time = 20.77 sec. (40050.49 ticks, tree = 3.67 MB, solutions = 0)
     38    26        0.0040   336                      0.0037    60948                          X     38     37      6
     40    28        0.0041   224                      0.0037    61173                          X     40     39      7
     45    28        0.0041   330                      0.0040    61910                          X     45     38      7
     47    30        0.0041   325                      0.0040    62433                          X     47     45      8
     48    30        0.0042   337                      0.0040    62466                    p_0_5 D     48     47      9
     50    30        0.0061   282                      0.0041    62798                          X     50     38      7
     53    30        0.0061   309                      0.0041    63552                mode_2_13 D     53     52      9
     60    29        0.0041   218                      0.0041    64163                          X     60     40      8
     64    27        0.0041   324                      0.0041    66450                    p_0_5 N     64     46      9
     67    26    infeasible                            0.0041    66916                 bit_10_4 U     67     66     11
Elapsed time = 27.80 sec. (54884.36 ticks, tree = 3.84 MB, solutions = 0)
     73    24        0.0043   179                      0.0041    69003                          X     73      8      6
     83    28        0.0042   231                      0.0041    70582                          X     83     82      7
     86    27    infeasible                            0.0041    71400                 bit_10_4 U     86     84      9
     92    31        0.0046   232                      0.0042    73235                    p_0_5 D     92     91     10
    101    28    infeasible                            0.0043    75201                 bit_10_4 N    101     89      9
    105    28    infeasible                            0.0043    76743                     Y_15 U    105    104     10
    112    25    infeasible                            0.0045    78749                 bit_10_4 D    112    103      9
    119    24    infeasible                            0.0045    80249                     Y_15 U    119    118     11
    124    23        0.0047   188                      0.0046    82272                     Y_15 U    124    123      9
    130    23        0.0047   182                      0.0046    84020                          X    130     13      8
Elapsed time = 32.66 sec. (65348.57 ticks, tree = 2.92 MB, solutions = 0)
    138    21        0.0048   182                      0.0047    87831                          X    138     11      7
    143    24        0.0050   211                      0.0047    89002                     Y_15 U    143    141     10
    154    25    infeasible                            0.0047    90646                      Y_5 D    154    152     11
    162    23    infeasible                            0.0048    92566                 bit_10_4 D    162    155      9
    169    20    infeasible                            0.0049    94337                     Y_15 D    169    164     10
    188    37        0.0058   170                      0.0049    95542                 bit_20_4 D    188    187     21
    194    43        0.0059   175                      0.0049    97402                   z_1_15 D    194    193     27
    196    41    infeasible                            0.0049   100100                   z_1_10 N    196    194     28
    198    43        0.0050   250                      0.0049   101826                          X    198    197      8
    199    44        0.0051   266                      0.0049   103266                          X    199    197      8
Elapsed time = 38.62 sec. (78025.68 ticks, tree = 4.69 MB, solutions = 0)
    202    43    infeasible                            0.0049   104134                     Y_15 D    202    200     10
    210    47        0.0054   194                      0.0049   105623                     Y_17 U    210    209     11
    220    51        0.0056   181                      0.0049   107522                          X    220    217      8
    228    57        0.0056   225                      0.0049   109393                  bit_6_4 N    228    226     15
    233    60        0.0056   221                      0.0049   111271                    z_2_3 D    233    231     19
    235    62        0.0056   252                      0.0049   112426                   z_1_15 D    235    234     21
    238    65        0.0056   179                      0.0049   113595                    z_1_7 U    238    236     22
    242    65    infeasible                            0.0049   115502                    z_1_3 U    242    240     24
    252    67    infeasible                            0.0050   117571                 bit_10_4 D    252    207      9
    258    63        0.0050   260                      0.0050   119666                 bit_10_4 N    258    198      9
Elapsed time = 44.47 sec. (90540.51 ticks, tree = 5.24 MB, solutions = 0)
    264    61    infeasible                            0.0051   121206                     Y_15 D    264    258     10
    280    75        0.0053   206                      0.0051   122585                    z_2_9 D    280    279     22
    288    79        0.0053   208                      0.0051   124117                    z_0_5 D    288    287     27
    294    81    infeasible                            0.0051   125147                 bit_20_4 U    294    291     30
    301    82    infeasible                            0.0051   128358                   z_1_10 U    301    298     34
    307    86        0.0053   179                      0.0051   130115                     Y_15 U    307    306     10
    320    95        0.0053   160                      0.0051   130932                 bit_14_4 U    320    318     21
    322    97        0.0053   174                      0.0051   132754                    z_2_9 U    322    320     22
    323    98        0.0053   248                      0.0051   134524                   z_1_10 U    323    322     23
    327   100        0.0053   273                      0.0051   137764                    z_2_3 D    327    326     26
Elapsed time = 50.33 sec. (103649.10 ticks, tree = 8.55 MB, solutions = 0)
    328   101        0.0053   236                      0.0051   141489                    z_2_3 N    328    326     26
    329   100    infeasible                            0.0051   144344                    p_0_5 N    329    327     27
    330   101        0.0053   255                      0.0051   145580                    p_0_5 N    330    327     27
    332   101        0.0053   216                      0.0051   148416                    z_2_5 N    332    330     28
    340    97    infeasible                            0.0052   152699                 bit_10_4 D    340    265      9
    345    94    infeasible                            0.0052   154546                     Y_15 D    345    344     10
    360   107        0.0053   221                      0.0052   157716                    z_2_9 D    360    359     23
    363   110        0.0053   239                      0.0052   160053                   z_1_15 D    363    362     25
    367   114        0.0053   229                      0.0052   162684                    z_0_5 D    367    366     27
    370   113        0.0053   210                      0.0052   165785                   z_1_10 N    370    367     28
Elapsed time = 58.62 sec. (121504.50 ticks, tree = 9.84 MB, solutions = 0)
    373   114        0.0053   224                      0.0052   168105                   z_2_11 D    373    372     30
    374   115        0.0053   254                      0.0052   169654                    z_1_9 D    374    373     31
    376   115        0.0053   228                      0.0052   171707                   z_2_12 N    376    374     32
    378   117        0.0053   250                      0.0052   174241                   z_1_20 D    378    377     33
    381   120        0.0053   234                      0.0052   175860                    z_1_4 D    381    380     35
    385   122    infeasible                            0.0052   179385                   z_1_11 D    385    384     37
    388   119    infeasible                            0.0053   181935                      Y_5 D    388    268     12
    398   111        0.0053   213                      0.0053   184941                    z_2_3 N    398    281     23
    401   112        0.0053   231                      0.0053   186714                   z_1_10 N    401    399     25
    407   112    infeasible                            0.0053   190135                   z_1_15 U    407    405     29
Elapsed time = 64.58 sec. (134375.53 ticks, tree = 9.84 MB, solutions = 0)
    411   116        0.0053   225                      0.0053   192143                    z_1_3 D    411    410     26
    416   117        0.0053   244                      0.0053   193511                    z_0_5 D    416    415     29
    427   120    infeasible                            0.0053   195139                   z_0_10 D    427    426     34
    431   116    infeasible                            0.0053   196708                    z_2_5 U    431    417     31
    432   117        0.0053   298                      0.0053   199530                    z_1_3 N    432    410     26
    437   118        0.0053   275                      0.0053   202224                   z_1_15 U    437    436     29
    440   119        0.0053   279                      0.0053   203260                   z_1_11 N    440    439     31
    446   125        0.0053   255                      0.0053   204570                   z_2_20 D    446    445     37
    448   125        0.0053   231                      0.0053   207087                   z_1_20 N    448    446     38
    452   129        0.0053   227                      0.0053   209347                   z_2_12 D    452    451     42
Elapsed time = 70.34 sec. (146801.41 ticks, tree = 11.31 MB, solutions = 0)
    459   132    infeasible                            0.0053   212242                   z_0_17 U    459    457     48
    460   133        0.0053   262                      0.0053   214805                   z_1_10 N    460    408     24
    468   133    infeasible                            0.0053   217654                   z_0_10 U    468    466     27
    470   133        0.0053   272                      0.0053   219421                   z_1_15 N    470    416     30
    473   132        0.0053   262                      0.0053   220888                   z_0_17 N    473    460     25
    476   133    infeasible                            0.0053   222731                 mode_0_5 D    476    475     28
    479   134        0.0053   261                      0.0053   226284                 mode_0_5 D    479    478     30
    480   135        0.0053   298                      0.0053   228825                   z_1_11 U    480    479     31
    482   137        0.0053   266                      0.0053   230318                    z_2_5 N    482    481     33
    509   138        0.0053   254                      0.0053   240531                    z_2_5 N    509    507     30
Elapsed time = 78.17 sec. (162995.76 ticks, tree = 12.13 MB, solutions = 0)

Clique cuts applied:  11
Cover cuts applied:  3
Implied bound cuts applied:  211
Flow cuts applied:  63
Mixed integer rounding cuts applied:  30
Zero-half cuts applied:  2
Gomory fractional cuts applied:  6

Root node processing (before b&c):
  Real time             =    3.14 sec. (5675.43 ticks)
Sequential b&c:
  Real time             =   76.72 sec. (160727.72 ticks)
                          ------------
Total (root+branch&cut) =   79.86 sec. (166403.15 ticks)
CPLEX Error  1217: No solution exists.
CPLEX Error  1217: No solution exists.
CPLEX Error  1217: No solution exists.
moderate_seed4301.txt gcap-frontier global_gini_tree_time_limit obj=0.0192781 runtime=115.16 columns=0
