
Welcome to IBM(R) ILOG(R) CPLEX(R) Interactive Optimizer 22.1.1.0
  with Simplex, Mixed Integer & Barrier Optimizers
5725-A06 5725-A29 5724-Y48 5724-Y49 5724-Y54 5724-Y55 5655-Y21
Copyright IBM Corp. 1988, 2022.  All Rights Reserved.

Type 'help' for a list of available commands.
Type 'help' followed by a command name for more
information on commands.

CPLEX> New value for default parallel thread count: 1
CPLEX> New value for time limit in seconds: 20
CPLEX> New value for mixed integer optimality gap tolerance: 0
CPLEX> Problem 'results\sealed_closure_round\raw\moderate_seed3301_auto_oracle\interval_1_d1_0.lp' read.
Read time = 0.00 sec. (0.57 ticks)
CPLEX> Version identifier: 22.1.1.0 | 2022-11-27 | 9160aff4d
CPXPARAM_Threads                                 1
CPXPARAM_TimeLimit                               20
CPXPARAM_MIP_Tolerances_MIPGap                   0
Tried aggregator 2 times.
MIP Presolve eliminated 166 rows and 38 columns.
MIP Presolve modified 672 coefficients.
Aggregator did 62 substitutions.
Reduced MIP has 4831 rows, 2017 columns, and 22737 nonzeros.
Reduced MIP has 1456 binaries, 192 generals, 0 SOSs, and 0 indicators.
Presolve time = 0.02 sec. (23.78 ticks)
Probing fixed 0 vars, tightened 15 bounds.
Probing time = 0.02 sec. (50.63 ticks)
Tried aggregator 1 time.
Detecting symmetries...
MIP Presolve eliminated 12 rows and 12 columns.
MIP Presolve modified 24 coefficients.
Reduced MIP has 4819 rows, 2005 columns, and 22449 nonzeros.
Reduced MIP has 1450 binaries, 186 generals, 0 SOSs, and 0 indicators.
Presolve time = 0.02 sec. (17.99 ticks)
Probing time = 0.02 sec. (24.92 ticks)
Clique table members: 12106.
MIP emphasis: balance optimality and feasibility.
MIP search method: dynamic search.
Parallel mode: none, using 1 thread.
Root relaxation solution time = 0.06 sec. (171.86 ticks)

        Nodes                                         Cuts/
   Node  Left     Objective  IInf  Best Integer    Best Bound    ItCnt     Gap

      0     0        0.0395   193                      0.0395     1626
      0     0        0.0409   171                    Cuts: 77     1988
      0     0        0.0422   196                   Cuts: 147     2194
      0     0        0.0423   188                   Cuts: 119     2370
      0     0        0.0423   190                    Cuts: 55     2454
      0     0        0.0423   168                     Cuts: 6     2522
Detecting symmetries...
      0     0        0.0423   183                   Cuts: 161     2635
Detecting symmetries...
      0     2        0.0423   176                      0.0423     2635
Elapsed time = 0.66 sec. (1618.00 ticks, tree = 0.01 MB, solutions = 0)
      2     4        0.0449   229                      0.0424     4961
     25    15    infeasible                            0.0436     6703
     47    25        0.0439   267                      0.0439     9602
     83    51        0.0451   215                      0.0440    10992
    105    57        0.0451   151                      0.0441    12283
    134    72        0.0453   172                      0.0443    13888
    151    79    infeasible                            0.0445    16035
    160    80        0.0453   211                      0.0445    17623
    180    88        0.0456   230                      0.0447    18706
    252   112        0.0462   202                      0.0450    24239
Elapsed time = 2.08 sec. (5442.48 ticks, tree = 0.95 MB, solutions = 0)
    321   131        0.0463   167                      0.0454    29959
    364   142        0.0473   262                      0.0457    35339
    431   153    infeasible                            0.0460    41691
    487   153        0.0465   186                      0.0461    46981
    520   158        0.0471   279                      0.0462    52187
    572   160        0.0483   221                      0.0465    56840
    647   155    infeasible                            0.0468    61621
    754   122    infeasible                            0.0476    70108
    832    84    infeasible                            0.0482    77463
    869    77    infeasible                            0.0484    84009
Elapsed time = 5.89 sec. (15665.56 ticks, tree = 0.65 MB, solutions = 0)

Cover cuts applied:  14
Implied bound cuts applied:  222
Flow cuts applied:  14
Mixed integer rounding cuts applied:  132
Zero-half cuts applied:  3
Gomory fractional cuts applied:  4

Root node processing (before b&c):
  Real time             =    0.66 sec. (1598.10 ticks)
Sequential b&c:
  Real time             =    5.52 sec. (14832.28 ticks)
                          ------------
Total (root+branch&cut) =    6.17 sec. (16430.38 ticks)


MIP - Integer infeasible.
Current MIP best bound is infinite.
Solution time =    6.17 sec.  Iterations = 90211  Nodes = 955
Deterministic time = 16430.38 ticks  (2662.52 ticks/sec)

CPLEX> CPLEX Error  1217: No solution exists.
No file written.
CPLEX>
