
Welcome to IBM(R) ILOG(R) CPLEX(R) Interactive Optimizer 22.1.1.0
  with Simplex, Mixed Integer & Barrier Optimizers
5725-A06 5725-A29 5724-Y48 5724-Y49 5724-Y54 5724-Y55 5655-Y21
Copyright IBM Corp. 1988, 2022.  All Rights Reserved.

Type 'help' for a list of available commands.
Type 'help' followed by a command name for more
information on commands.

CPLEX> New value for default parallel thread count: 1
CPLEX> New value for time limit in seconds: 20
CPLEX> New value for mixed integer optimality gap tolerance: 0
CPLEX> Problem 'results\sealed_closure_round\raw\moderate_seed3302_auto_oracle\interval_6.lp' read.
Read time = 0.00 sec. (0.57 ticks)
CPLEX> Version identifier: 22.1.1.0 | 2022-11-27 | 9160aff4d
CPXPARAM_Threads                                 1
CPXPARAM_TimeLimit                               20
CPXPARAM_MIP_Tolerances_MIPGap                   0
Tried aggregator 2 times.
MIP Presolve eliminated 95 rows and 2 columns.
MIP Presolve modified 510 coefficients.
Aggregator did 43 substitutions.
Reduced MIP has 4897 rows, 2066 columns, and 23100 nonzeros.
Reduced MIP has 1489 binaries, 197 generals, 0 SOSs, and 0 indicators.
Presolve time = 0.02 sec. (18.24 ticks)
Probing fixed 0 vars, tightened 6 bounds.
Probing time = 0.02 sec. (41.40 ticks)
Tried aggregator 1 time.
Detecting symmetries...
MIP Presolve eliminated 12 rows and 12 columns.
Reduced MIP has 4885 rows, 2054 columns, and 22812 nonzeros.
Reduced MIP has 1483 binaries, 191 generals, 0 SOSs, and 0 indicators.
Presolve time = 0.02 sec. (18.35 ticks)
Probing time = 0.02 sec. (5.51 ticks)
Clique table members: 12333.
MIP emphasis: balance optimality and feasibility.
MIP search method: dynamic search.
Parallel mode: none, using 1 thread.
Root relaxation solution time = 0.09 sec. (214.88 ticks)

        Nodes                                         Cuts/
   Node  Left     Objective  IInf  Best Integer    Best Bound    ItCnt     Gap

      0     0        0.1463   201                      0.1463     1998
      0     0        0.1463   199                    Cuts: 60     2130
      0     0        0.1481   257                   Cuts: 316     2568
      0     0        0.1484   304                   Cuts: 120     4202
      0     0        0.1485   306                   Cuts: 147     4748
      0     0        0.1485   303                   Cuts: 144     5013
Detecting symmetries...
      0     0        0.1485   220                    Cuts: 16     5079
      0     0        0.1485   248                    Cuts: 74     5326
Detecting symmetries...
      0     2        0.1485   217                      0.1486     5326
Elapsed time = 1.36 sec. (3561.98 ticks, tree = 0.01 MB, solutions = 0)
      2     4        0.1741   280                      0.1490     8210
     16     4    infeasible                            0.1751     9742
     24     6    infeasible                            0.1751    11936
     25     7        0.1954   271                      0.1754    13976
     28     6        0.1773   221                      0.1763    15582
     33     5    infeasible                            0.1766    17888
     38     6        0.1806   239                      0.1780    20810
     40     4    infeasible                            0.1780    22942
     42     2    infeasible                            0.1784    25384
     47     1    infeasible                            0.1788    32837
Elapsed time = 3.16 sec. (7984.24 ticks, tree = 0.01 MB, solutions = 0)

Cover cuts applied:  2
Implied bound cuts applied:  297
Flow cuts applied:  4
Mixed integer rounding cuts applied:  5
Zero-half cuts applied:  9
Gomory fractional cuts applied:  5

Root node processing (before b&c):
  Real time             =    1.34 sec. (3509.72 ticks)
Sequential b&c:
  Real time             =    1.91 sec. (4712.71 ticks)
                          ------------
Total (root+branch&cut) =    3.25 sec. (8222.43 ticks)


MIP - Integer infeasible.
Current MIP best bound is infinite.
Solution time =    3.25 sec.  Iterations = 34122  Nodes = 55
Deterministic time = 8222.43 ticks  (2529.98 ticks/sec)

CPLEX> CPLEX Error  1217: No solution exists.
No file written.
CPLEX>
