
Welcome to IBM(R) ILOG(R) CPLEX(R) Interactive Optimizer 22.1.1.0
  with Simplex, Mixed Integer & Barrier Optimizers
5725-A06 5725-A29 5724-Y48 5724-Y49 5724-Y54 5724-Y55 5655-Y21
Copyright IBM Corp. 1988, 2022.  All Rights Reserved.

Type 'help' for a list of available commands.
Type 'help' followed by a command name for more
information on commands.

CPLEX> New value for default parallel thread count: 1
CPLEX> New value for time limit in seconds: 60
CPLEX> New value for mixed integer optimality gap tolerance: 0
CPLEX> Problem 'results\sealed_closure_round\raw\tight_T_seed3102_auto_oracle\interval_9_d1_0.lp' read.
Read time = 0.00 sec. (0.57 ticks)
CPLEX> Version identifier: 22.1.1.0 | 2022-11-27 | 9160aff4d
CPXPARAM_Threads                                 1
CPXPARAM_TimeLimit                               60
CPXPARAM_MIP_Tolerances_MIPGap                   0
Tried aggregator 2 times.
MIP Presolve eliminated 137 rows and 17 columns.
MIP Presolve modified 426 coefficients.
Aggregator did 63 substitutions.
Reduced MIP has 4859 rows, 2031 columns, and 22831 nonzeros.
Reduced MIP has 1463 binaries, 191 generals, 0 SOSs, and 0 indicators.
Presolve time = 0.02 sec. (17.91 ticks)
Probing fixed 17 vars, tightened 6 bounds.
Probing time = 0.05 sec. (93.56 ticks)
Cover probing fixed 0 vars, tightened 20 bounds.
Tried aggregator 1 time.
Detecting symmetries...
MIP Presolve eliminated 27 rows and 26 columns.
MIP Presolve modified 23 coefficients.
Reduced MIP has 4832 rows, 2005 columns, and 22421 nonzeros.
Reduced MIP has 1440 binaries, 188 generals, 0 SOSs, and 0 indicators.
Presolve time = 0.00 sec. (17.73 ticks)
Probing time = 0.00 sec. (5.34 ticks)
Cover probing fixed 0 vars, tightened 1 bounds.
Clique table members: 12164.
MIP emphasis: balance optimality and feasibility.
MIP search method: dynamic search.
Parallel mode: none, using 1 thread.
Root relaxation solution time = 0.03 sec. (42.48 ticks)

        Nodes                                         Cuts/
   Node  Left     Objective  IInf  Best Integer    Best Bound    ItCnt     Gap

      0     0        0.2499   108                      0.2499      724
      0     0        0.2553   131                   Cuts: 236     1017
      0     0        0.2554   135                   Cuts: 253     1300
      0     0        0.2555   120                   Cuts: 162     1541
      0     0        0.2556   138                    Cuts: 84     1803
      0     0        0.2557   129                    Cuts: 90     1928
Detecting symmetries...
      0     0        0.2559   140                    Cuts: 52     2000
      0     0        0.2561   159                    Cuts: 88     2101
      0     0        0.2565   127                    Cuts: 68     2191
      0     0        0.2566   164                    Cuts: 55     2290
      0     0        0.2567   155                    Cuts: 43     2418
      0     0        0.2568   167                    Cuts: 72     2526
      0     0        0.2569   181                    Cuts: 63     2668
      0     0        0.2569   153                    Cuts: 24     2743
      0     0        0.2570   137                    Cuts: 51     2861
      0     0        0.2571   135                    Cuts: 60     2937
Detecting symmetries...
      0     2        0.2571   143                      0.2571     2937
Elapsed time = 0.97 sec. (1910.93 ticks, tree = 0.01 MB, solutions = 0)
     10    10        0.3588    82                      0.3112     5105
     33    27        0.4216    84                      0.3141     7213
     62    43        0.5973   138                      0.3291     9343
    100    73        0.4322    63                      0.3291    10675
    147    95        0.4360    84                      0.3292    13617
    194   132        0.4425    97                      0.3292    16148
    236   163        0.4679    97                      0.3293    18631
    296   210        0.3297   120                      0.3293    21180
    357   253        0.3295   102                      0.3294    23375
    473   337    infeasible                            0.3297    33221
Elapsed time = 2.28 sec. (5109.56 ticks, tree = 0.70 MB, solutions = 0)

Performing restart 1

Repeating presolve.
Tried aggregator 2 times.
MIP Presolve eliminated 2 rows and 1 columns.
MIP Presolve modified 12 coefficients.
Aggregator did 1 substitutions.
Reduced MIP has 4829 rows, 2003 columns, and 22408 nonzeros.
Reduced MIP has 1439 binaries, 188 generals, 0 SOSs, and 0 indicators.
Presolve time = 0.02 sec. (12.33 ticks)
Tried aggregator 1 time.
Reduced MIP has 4829 rows, 2003 columns, and 22408 nonzeros.
Reduced MIP has 1439 binaries, 188 generals, 0 SOSs, and 0 indicators.
Presolve time = 0.00 sec. (12.40 ticks)
Represolve time = 0.08 sec. (134.80 ticks)
    506     0        0.2660   138                   Cuts: 270    38916
    506     0        0.2716   121                   Cuts: 139    40261
    506     0        0.2721   141                   Cuts: 203    40611
    506     0        0.2722   151                    Cuts: 93    40818
    506     0        0.2723   159                   Cuts: 139    41152
    506     0        0.2725   160                   Cuts: 197    41618
    506     2        0.2725   151                      0.3297    41618
    507     3        0.2736   146                      0.3297    42121
    509     5        0.3118   142                      0.3297    46895
    513     9        0.3571   115                      0.3297    49106
    517    13        0.3626   112                      0.3297    51707
    524    20        0.3621   102                      0.3297    52868
    532    24        0.3299   107                      0.3297    55181
    535    27        0.3303   105                      0.3297    57670
    540    32        0.3336   108                      0.3297    58963
    552    44        0.3443   108                      0.3297    61917
Elapsed time = 8.94 sec. (20731.56 ticks, tree = 0.34 MB, solutions = 0)
    574    65        0.3595    83                      0.3297    63308
    594    75        0.3317   137                      0.3297    65901
    603    84        0.3528   118                      0.3297    67703
    623    98        0.5750   137                      0.3297    71291
    639   106        0.3427    85                      0.3304    73845
    653   113        0.4209   101                      0.3307    76753
    685   131        0.3486    92                      0.3307    80568
    702   144        0.4178    66                      0.3307    83512
    717   151        0.3329   159                      0.3308    86677
    744   173    infeasible                            0.3308    90289
Elapsed time = 13.16 sec. (30433.64 ticks, tree = 0.51 MB, solutions = 0)
    772   186        0.3883   158                      0.3312    95374
    799   205        0.5638   136                      0.3314   101869
    837   228        0.3398   125                      0.3318   106982
    862   247        0.3401    98                      0.3318   113162
    901   282        0.3323   119                      0.3318   116966
    945   317        0.5667   103                      0.3320   122953
    994   358        0.5840   152                      0.3320   125821
   1044   399        0.4359   129                      0.3326   131465
   1081   426        0.4966   135                      0.3328   137808
   1109   444        0.3680    89                      0.3329   143094
Elapsed time = 17.50 sec. (40359.77 ticks, tree = 0.95 MB, solutions = 0)
   1151   480        0.5626   151                      0.3330   149749
   1187   500        0.4989    83                      0.3331   155645
   1222   519        0.3672    88                      0.3332   160619
   1261   548        0.4167   148                      0.3333   166836
   1296   571        0.5559   152                      0.3336   172020
   1314   581        0.5659   133                      0.3339   177852
   1355   611        0.5650   132                      0.3340   183485
   1386   630        0.5583   119                      0.3343   189865
   1427   667        0.5617   132                      0.3343   194462
   1483   711        0.4265   151                      0.3345   200334
Elapsed time = 21.88 sec. (50146.90 ticks, tree = 1.40 MB, solutions = 0)
   1510   732        0.5800   125                      0.3345   205783

Performing restart 2

Repeating presolve.
Tried aggregator 1 time.
MIP Presolve eliminated 6 rows and 2 columns.
MIP Presolve modified 2061 coefficients.
Reduced MIP has 4823 rows, 2001 columns, and 29280 nonzeros.
Reduced MIP has 1438 binaries, 188 generals, 0 SOSs, and 0 indicators.
Presolve time = 0.02 sec. (20.84 ticks)
Tried aggregator 1 time.
Reduced MIP has 4823 rows, 2001 columns, and 29280 nonzeros.
Reduced MIP has 1438 binaries, 188 generals, 0 SOSs, and 0 indicators.
Presolve time = 0.02 sec. (16.23 ticks)
Represolve time = 0.09 sec. (146.74 ticks)
   1518     0        0.3301   173                   Cuts: 233   210234
   1518     0        0.3303   163                   Cuts: 246   210545
   1518     0        0.3303   194                   Cuts: 152   210706
   1518     0        0.3303   141                    Cuts: 35   210944
   1518     0        0.3304   193                   Cuts: 229   211282
   1518     0        0.3304   144                   Cuts: 280   211473
   1518     0        0.3304   193                   Cuts: 172   211586
   1518     0        0.3304   144                   Cuts: 122   211675
   1518     0        0.3305   194                   Cuts: 129   211882
   1518     0        0.3306   206                    Cuts: 93   212199
   1518     0        0.3306   212                    Cuts: 85   212272
   1518     2        0.3306   209                      0.3345   212272
   1519     3        0.3306   154                      0.3345   212571
   1521     5        0.3433   110                      0.3345   213911
   1527    11        0.3674   109                      0.3345   218457
   1531    15        0.3315   137                      0.3345   220697
   1537    21        0.3360   113                      0.3345   222760
   1549    33        0.4165    94                      0.3345   225108
   1555    35        0.4646   131                      0.3345   227145
   1561    41        0.3329   147                      0.3345   228594
Elapsed time = 33.55 sec. (76957.45 ticks, tree = 0.14 MB, solutions = 0)
   1575    54        0.4738   125                      0.3345   231732
   1591    66        0.3330   139                      0.3345   233268
   1606    81        0.5589   128                      0.3345   235470
   1618    89        0.4139   115                      0.3345   238182
   1633    99        0.3338   104                      0.3345   239574
   1671   132        0.4259   120                      0.3345   241422
   1706   162        0.4157   132                      0.3345   244742
   1731   180        0.3768   136                      0.3345   247299
   1754   197        0.4527   124                      0.3345   251196
   1772   211        0.3727   140                      0.3345   253618
Elapsed time = 37.94 sec. (86981.57 ticks, tree = 5.44 MB, solutions = 0)
   1782   221        0.4496   140                      0.3345   260002
   1812   247        0.4158   165                      0.3345   262110
   1843   271        0.4949    95                      0.3345   264538
   1870   294        0.4693    83                      0.3345   267537
   1897   314        0.4101   159                      0.3345   270134
   1931   343        0.4574   104                      0.3345   273084
   1958   364        0.3539   153                      0.3345   276412
   1979   379        0.4069   140                      0.3345   279946
   2005   397        0.4577   162                      0.3345   284367
   2031   417        0.4596   130                      0.3345   288206
Elapsed time = 42.33 sec. (97222.07 ticks, tree = 13.41 MB, solutions = 0)
   2049   429        0.4825   150                      0.3345   292112
   2071   443        0.3370   129                      0.3345   295515
   2094   461        0.3758   100                      0.3345   298960
   2127   488        0.5751   203                      0.3345   302001
   2145   498    infeasible                            0.3345   303704
   2183   523        0.4141   128                      0.3345   305793
   2208   537        0.4090   127                      0.3345   309051
   2225   548    infeasible                            0.3345   313424
   2242   555    infeasible                            0.3345   317058
   2262   567        0.4521   129                      0.3345   320713
Elapsed time = 46.67 sec. (107153.00 ticks, tree = 19.49 MB, solutions = 0)
   2276   573        0.3404   114                      0.3345   322161
   2313   606        0.5852   193                      0.3345   324892
   2338   623    infeasible                            0.3345   327175
   2362   638        0.4214    75                      0.3345   331541
   2405   674        0.4169   125                      0.3345   334863
   2439   703        0.5625   144                      0.3345   338479
   2462   717        0.3356   115                      0.3346   342171
   2480   726        0.4832   157                      0.3346   346378
   2496   736        0.5646   165                      0.3346   351391
   2592   801        0.4875   122                      0.3347   362717
Elapsed time = 52.17 sec. (119931.71 ticks, tree = 27.31 MB, solutions = 0)
   2686   864        0.5926   184                      0.3351   379516
   2818   983        0.3423   114                      0.3353   390793
   2928  1060        0.3792   125                      0.3357   404968
   2999  1088    infeasible                            0.3359   420241

GUB cover cuts applied:  10
Clique cuts applied:  4
Cover cuts applied:  35
Implied bound cuts applied:  64
Flow cuts applied:  55
Mixed integer rounding cuts applied:  115
Zero-half cuts applied:  31
Gomory fractional cuts applied:  24

Root node processing (before b&c):
  Real time             =    0.95 sec. (1889.86 ticks)
Sequential b&c:
  Real time             =   59.06 sec. (136144.15 ticks)
                          ------------
Total (root+branch&cut) =   60.02 sec. (138034.00 ticks)


MIP - Time limit exceeded, no integer solution.
Current MIP best bound =  3.3588756467e-01 (gap is infinite)
Solution time =   60.02 sec.  Iterations = 432982  Nodes = 3018 (1102)
Deterministic time = 138034.01 ticks  (2299.95 ticks/sec)

CPLEX> CPLEX Error  1217: No solution exists.
No file written.
CPLEX>
