
Welcome to IBM(R) ILOG(R) CPLEX(R) Interactive Optimizer 22.1.1.0
  with Simplex, Mixed Integer & Barrier Optimizers
5725-A06 5725-A29 5724-Y48 5724-Y49 5724-Y54 5724-Y55 5655-Y21
Copyright IBM Corp. 1988, 2022.  All Rights Reserved.

Type 'help' for a list of available commands.
Type 'help' followed by a command name for more
information on commands.

CPLEX> New value for default parallel thread count: 1
CPLEX> New value for time limit in seconds: 60
CPLEX> New value for mixed integer optimality gap tolerance: 0
CPLEX> Problem 'results\sealed_pipeline_completion_round\raw\tight_T_seed3102_checkpoint_oracle\interval_8.lp' read.
Read time = 0.00 sec. (0.57 ticks)
CPLEX> Version identifier: 22.1.1.0 | 2022-11-27 | 9160aff4d
CPXPARAM_Threads                                 1
CPXPARAM_TimeLimit                               60
CPXPARAM_MIP_Tolerances_MIPGap                   0
Tried aggregator 2 times.
MIP Presolve eliminated 134 rows and 15 columns.
MIP Presolve modified 426 coefficients.
Aggregator did 63 substitutions.
Reduced MIP has 4862 rows, 2033 columns, and 22841 nonzeros.
Reduced MIP has 1464 binaries, 191 generals, 0 SOSs, and 0 indicators.
Presolve time = 0.02 sec. (17.92 ticks)
Probing fixed 7 vars, tightened 6 bounds.
Probing time = 0.03 sec. (68.84 ticks)
Tried aggregator 1 time.
Detecting symmetries...
MIP Presolve eliminated 13 rows and 16 columns.
MIP Presolve modified 3 coefficients.
Reduced MIP has 4849 rows, 2017 columns, and 22529 nonzeros.
Reduced MIP has 1451 binaries, 188 generals, 0 SOSs, and 0 indicators.
Presolve time = 0.02 sec. (17.81 ticks)
Probing time = 0.00 sec. (5.51 ticks)
Cover probing fixed 0 vars, tightened 21 bounds.
Clique table members: 12160.
MIP emphasis: balance optimality and feasibility.
MIP search method: dynamic search.
Parallel mode: none, using 1 thread.
Root relaxation solution time = 0.03 sec. (44.78 ticks)

        Nodes                                         Cuts/
   Node  Left     Objective  IInf  Best Integer    Best Bound    ItCnt     Gap

      0     0        0.2115   119                      0.2115      721
      0     0        0.2177   123                   Cuts: 212     1019
      0     0        0.2179   113                   Cuts: 208     1224
      0     0        0.2179   119                   Cuts: 121     1388
      0     0        0.2179   128                   Cuts: 109     1480
      0     0        0.2180   124                    Cuts: 84     1584
Detecting symmetries...
      0     0        0.2182   108                    Cuts: 82     1726
      0     0        0.2183   149                    Cuts: 95     1874
      0     0        0.2184   146                    Cuts: 92     1976
      0     0        0.2187   152                    Cuts: 34     2124
      0     0        0.2190   157                    Cuts: 39     2191
      0     0        0.2190   163                    Cuts: 34     2274
Detecting symmetries...
      0     2        0.2190   155                      0.2191     2274
Elapsed time = 0.72 sec. (1446.80 ticks, tree = 0.01 MB, solutions = 0)
     20    18        0.3001    97                      0.2191     4224
     49    32        0.2725   108                      0.2737     6883
     69    48        0.5347   139                      0.2871     9570
     80    56        0.3259   113                      0.2911    11499
    102    73        0.4411   131                      0.2911    13437
    128    88        0.2915   123                      0.2913    15373
    182   129        0.3835   115                      0.2915    17840
    207   139        0.4118   135                      0.2917    19393
    232   159        0.5572   156                      0.2917    21798
    369   260    infeasible                            0.2918    30331
Elapsed time = 2.05 sec. (4704.95 ticks, tree = 0.49 MB, solutions = 0)
    453   311        0.4551   182                      0.2920    37096
    573   396        0.4178   126                      0.2921    45914
    672   476        0.3984   108                      0.2921    54205
    755   533        0.2973   131                      0.2923    61323
    826   587        0.4019   120                      0.2925    67973
    891   631        0.5713   158                      0.2925    74225
    963   684        0.2965   101                      0.2926    81889
   1022   721        0.4385   178                      0.2927    89513
   1074   759        0.3623   187                      0.2928    96463
   1163   819        0.3077    87                      0.2930   103711
Elapsed time = 5.94 sec. (14333.63 ticks, tree = 1.49 MB, solutions = 0)
   1283   904    infeasible                            0.2935   112503
   1391   981        0.3890   123                      0.2937   119090
   1471  1041        0.5313   140                      0.2937   125210

Performing restart 1

Repeating presolve.
Tried aggregator 2 times.
MIP Presolve eliminated 8 rows and 5 columns.
MIP Presolve modified 32 coefficients.
Aggregator did 1 substitutions.
Reduced MIP has 4840 rows, 2011 columns, and 22476 nonzeros.
Reduced MIP has 1446 binaries, 188 generals, 0 SOSs, and 0 indicators.
Presolve time = 0.00 sec. (12.38 ticks)
Tried aggregator 1 time.
Reduced MIP has 4840 rows, 2011 columns, and 22476 nonzeros.
Reduced MIP has 1446 binaries, 188 generals, 0 SOSs, and 0 indicators.
Presolve time = 0.00 sec. (12.43 ticks)
Represolve time = 0.06 sec. (134.34 ticks)
   1485     0        0.2196   131                   Cuts: 168   128375
   1485     0        0.2199   169                   Cuts: 178   128644
   1485     0        0.2209   163                   Cuts: 176   129152
   1485     0        0.2209   168                   Cuts: 290   129293
   1485     0        0.2211   143                   Cuts: 156   129561
   1485     0        0.2211   161                   Cuts: 102   129604
   1485     0        0.2218   125                    Cuts: 61   130792
   1485     0        0.2219   130                   Cuts: 105   130877
   1485     2        0.2219   125                      0.2937   130877
   1488     5        0.2232   107                      0.2937   131364
   1490     7        0.3125   101                      0.2937   134189
   1495    10        0.3255   127                      0.2937   136335
   1500    14        0.4014    98                      0.2937   138868
   1515    29        0.4507   100                      0.2937   139809
   1524    30        0.5245   170                      0.2937   140332
Elapsed time = 12.03 sec. (28638.74 ticks, tree = 0.13 MB, solutions = 0)
   1530    32        0.2776   150                      0.2937   142202
   1533    35        0.2921   111                      0.2937   143538
   1543    43        0.5044   209                      0.2937   146737
   1553    53        0.5311   184                      0.2937   148304
   1559    55    infeasible                            0.2937   152333
   1563    59        0.2929   135                      0.2937   154785
   1578    74        0.3660   174                      0.2937   156557
   1599    84        0.2926   161                      0.2937   162551
   1610    89        0.2931   112                      0.2937   165149
   1631   103        0.2798   144                      0.2937   167967
Elapsed time = 16.23 sec. (39172.17 ticks, tree = 0.24 MB, solutions = 0)
   1653   117        0.5216   139                      0.2937   173899
   1680   134        0.3920   121                      0.2937   178328
   1705   153        0.4070    90                      0.2937   181331
   1742   181        0.5384   171                      0.2937   183898
   1773   204        0.4406   191                      0.2937   188267
   1779   210        0.4834   218                      0.2937   191173
   1789   212        0.2831   105                      0.2937   196452
   1805   224        0.4070   133                      0.2937   201393
   1837   242    infeasible                            0.2937   206470
   1870   263        0.4394   159                      0.2937   211927
Elapsed time = 20.48 sec. (49308.62 ticks, tree = 0.44 MB, solutions = 0)
   1898   285        0.3512   107                      0.2937   215628
   1924   305        0.4433   207                      0.2937   221729
   1945   322    infeasible                            0.2937   227174
   1963   333        0.3916   133                      0.2937   231831
   1997   359        0.3749   181                      0.2937   238831
   2037   381        0.2969   122                      0.2937   243943
   2085   417        0.3090   116                      0.2937   249568
   2125   449        0.3762   130                      0.2937   254753
   2175   479        0.3045   135                      0.2937   259970
   2212   510        0.3113   121                      0.2939   266206
Elapsed time = 24.72 sec. (59114.37 ticks, tree = 0.84 MB, solutions = 0)
   2234   520        0.2945   141                      0.2940   270988
   2285   558        0.3867   127                      0.2944   278719
   2312   574        0.5817   205                      0.2944   285008
   2358   612        0.3039   131                      0.2945   291337
   2411   652        0.3808   134                      0.2947   296923
   2435   668        0.3667   203                      0.2948   304579
   2472   694        0.4296   200                      0.2951   311600

Performing restart 2

Repeating presolve.
Tried aggregator 1 time.
MIP Presolve eliminated 3 rows and 2 columns.
MIP Presolve modified 1100 coefficients.
Reduced MIP has 4837 rows, 2009 columns, and 29285 nonzeros.
Reduced MIP has 1445 binaries, 188 generals, 0 SOSs, and 0 indicators.
Presolve time = 0.02 sec. (16.73 ticks)
Tried aggregator 1 time.
Reduced MIP has 4837 rows, 2009 columns, and 29285 nonzeros.
Reduced MIP has 1445 binaries, 188 generals, 0 SOSs, and 0 indicators.
Presolve time = 0.02 sec. (16.32 ticks)
Represolve time = 0.09 sec. (146.55 ticks)
   2475     0        0.2243   150                   Cuts: 111   316875
   2475     0        0.2254   165                   Cuts: 175   317335
   2475     0        0.2275   171                   Cuts: 172   317707
   2475     0        0.2279   118                   Cuts: 222   318221
   2475     0        0.2281   165                   Cuts: 160   318643
   2475     0        0.2281   144                   Cuts: 133   318815
   2475     0        0.2281   126                   Cuts: 265   319131
   2475     0        0.2281   155                   Cuts: 129   319214
   2475     0        0.2281   107                    Cuts: 10   319330
   2475     0        0.2281   144                   Cuts: 183   319509
   2475     2        0.2281   101                      0.2951   319509
   2476     3        0.2281   107                      0.2951   319681
   2478     5        0.2925   145                      0.2951   322894
Elapsed time = 39.14 sec. (92808.00 ticks, tree = 0.01 MB, solutions = 0)
   2480     6        0.2928   138                      0.2951   325889
   2484    10        0.3010   136                      0.2951   328615
   2489    12       18.7203   126                      0.2951   330378
   2491    12        0.2795   160                      0.2951   332166
   2494    15        0.3062   133                      0.2951   336033
   2502    23        0.3801   147                      0.2951   338274
   2506    23        0.2304   139                      0.2951   341653
   2508    25        0.2712   106                      0.2951   345252
   2513    30        0.2961   144                      0.2951   347685
   2526    35        0.2950   146                      0.2951   352036
Elapsed time = 44.17 sec. (104546.97 ticks, tree = 0.06 MB, solutions = 0)
   2534    41    infeasible                            0.2951   354289
   2540    43    infeasible                            0.2951   358458
   2554    55        0.4505   139                      0.2951   363210
   2562    57        0.3360   102                      0.2951   366238
   2577    66        0.4333   185                      0.2951   370457
   2586    73        0.4059   147                      0.2951   373244
   2602    83        0.2953   118                      0.2951   377181
   2625   102        0.4158   103                      0.2951   381085
   2632   107        0.6001   167                      0.2951   385460
   2651   120        0.3320   111                      0.2953   390269
Elapsed time = 48.88 sec. (115234.82 ticks, tree = 0.19 MB, solutions = 0)
   2663   126        0.3005   141                      0.2954   394810
   2681   142        0.4068   141                      0.2954   400690
   2698   149        0.3055   129                      0.2955   405380
   2710   157        0.3724   130                      0.2955   409925
   2737   184        0.4123   146                      0.2955   412060
   2755   199        0.3883   122                      0.2956   417272
   2775   213        0.5633   162                      0.2956   420881
   2808   237        0.5448   182                      0.2958   425724
   2835   260        0.3950   130                      0.2958   431158
   2908   305        0.3730   149                      0.2965   455317
Elapsed time = 54.78 sec. (128377.66 ticks, tree = 0.52 MB, solutions = 0)
   2973   348    infeasible                            0.2970   476009
   3031   387        0.3122   124                      0.2986   499819

GUB cover cuts applied:  9
Cover cuts applied:  27
Implied bound cuts applied:  59
Flow cuts applied:  20
Mixed integer rounding cuts applied:  43
Zero-half cuts applied:  17
Gomory fractional cuts applied:  3

Root node processing (before b&c):
  Real time             =    0.72 sec. (1432.76 ticks)
Sequential b&c:
  Real time             =   59.30 sec. (138229.18 ticks)
                          ------------
Total (root+branch&cut) =   60.02 sec. (139661.94 ticks)


MIP - Time limit exceeded, no integer solution.
Current MIP best bound =  2.9956876648e-01 (gap is infinite)
Solution time =   60.02 sec.  Iterations = 520291  Nodes = 3089 (426)
Deterministic time = 139661.95 ticks  (2327.12 ticks/sec)

CPLEX> CPLEX Error  1217: No solution exists.
No file written.
CPLEX>
