
Gurobi 13.0.2 (win64) logging started Thu Jul 23 15:26:35 2026

Set parameter LogFile to value "E:\codes\ExactEBRP\results\gf_gurobi_performance_recovery_round29\runs\stage2__high_imbalance_seed5203__p_grb__300s\native.log"
Set parameter Threads to value 1
Set parameter Presolve to value -1
Set parameter Seed to value 0
Set parameter MIPGap to value 0
Set parameter MIPGapAbs to value 0
Set parameter TimeLimit to value 300
Read LP format model from file E:\codes\ExactEBRP\results\gf_gurobi_performance_recovery_round29\runs\stage2__high_imbalance_seed5203__p_grb__300s\canonical.lp
Reading time = 0.01 seconds
obj: 5072 rows, 2117 columns, 23361 nonzeros
Set parameter TimeLimit to value 294.9366175
Gurobi Optimizer version 13.0.2 build v13.0.2rc1 (win64 - Windows 10.0 (19045.2))

CPU model: 12th Gen Intel(R) Core(TM) i7-12700KF, instruction set [SSE2|AVX|AVX2]
Thread count: 12 physical cores, 20 logical processors, using up to 1 threads

Non-default parameters:
TimeLimit  294.9366175
MIPGap  0
MIPGapAbs  0
LogToConsole  0
Threads  1

Optimize a model with 5072 rows, 2117 columns and 23361 nonzeros (Min)
Model fingerprint: 0x8c828302
Model has 21 linear objective coefficients
Variable types: 424 continuous, 1693 integer (1493 binary)
Coefficient statistics:
  Matrix range     [3e-02, 6e+02]
  Objective range  [2e-02, 1e+00]
  Bounds range     [1e+00, 5e+01]
  RHS range        [1e+00, 4e+03]

Presolve removed 167 rows and 38 columns
Presolve time: 0.06s
Presolved: 4905 rows, 2079 columns, 40655 nonzeros
Variable types: 218 continuous, 1861 integer (1491 binary)
Found heuristic solution: objective 6.5872778

Root relaxation: objective 1.663763e+00, 1492 iterations, 0.06 seconds (0.15 work units)

    Nodes    |    Current Node    |     Objective Bounds      |     Work
 Expl Unexpl |  Obj  Depth IntInf | Incumbent    BestBd   Gap | It/Node Time

     0     0    1.66376    0  320    6.58728    1.66376  74.7%     -    0s
     0     0    1.67002    0  316    6.58728    1.67002  74.6%     -    0s
H    0     0                       6.4463023    1.67002  74.1%     -    0s
     0     0    1.76151    0  381    6.44630    1.76151  72.7%     -    0s
H    0     0                       5.6663961    1.76391  68.9%     -    0s
H    0     0                       5.3161429    1.76391  66.8%     -    0s
     0     0    1.79614    0  426    5.31614    1.79614  66.2%     -    0s
     0     0    1.82150    0  430    5.31614    1.82150  65.7%     -    0s
H    0     0                       5.3032078    1.82348  65.6%     -    0s
     0     0    1.82351    0  468    5.30321    1.82351  65.6%     -    0s
     0     0    1.83703    0  475    5.30321    1.83703  65.4%     -    0s
     0     0    1.83906    0  480    5.30321    1.83906  65.3%     -    0s
     0     0    1.84513    0  461    5.30321    1.84513  65.2%     -    0s
H    0     0                       5.1084017    1.84513  63.9%     -    0s
H    0     0                       5.1068321    1.84513  63.9%     -    0s
     0     0    1.84598    0  498    5.10683    1.84598  63.9%     -    0s
     0     0    1.84776    0  508    5.10683    1.84776  63.8%     -    1s
     0     0    1.84811    0  495    5.10683    1.84811  63.8%     -    1s
     0     0    1.84979    0  471    5.10683    1.84979  63.8%     -    1s
H    0     0                       5.1065562    1.84990  63.8%     -    1s
     0     0    1.85064    0  479    5.10656    1.85064  63.8%     -    1s
     0     0    1.85232    0  484    5.10656    1.85232  63.7%     -    1s
     0     0    1.85261    0  504    5.10656    1.85261  63.7%     -    1s
     0     0    1.85420    0  481    5.10656    1.85420  63.7%     -    1s
H    0     0                       5.1058874    1.85420  63.7%     -    1s
     0     0    1.85436    0  517    5.10589    1.85436  63.7%     -    1s
     0     0    1.85467    0  487    5.10589    1.85467  63.7%     -    1s
     0     0    1.85471    0  474    5.10589    1.85471  63.7%     -    1s
     0     0    1.85482    0  490    5.10589    1.85482  63.7%     -    1s
     0     0    1.85482    0  487    5.10589    1.85482  63.7%     -    1s
     0     0    1.85482    0  480    5.10589    1.85482  63.7%     -    1s
H    0     0                       3.3760814    1.85482  45.1%     -    2s
H    0     0                       3.3591049    1.85482  44.8%     -    2s
H    0     0                       3.3557613    1.85482  44.7%     -    2s
H    0     0                       3.3548267    1.85482  44.7%     -    2s
H    0     0                       3.2923774    1.85482  43.7%     -    2s
H    0     0                       3.2837335    1.85482  43.5%     -    2s
H    0     0                       3.2834339    1.85482  43.5%     -    2s
H    0     0                       3.2118151    1.85482  42.2%     -    2s
H    0     0                       3.2073493    1.85482  42.2%     -    2s
     0     2    1.85482    0  476    3.20735    1.85482  42.2%     -    2s
H    4     4                       2.5736714    1.85482  27.9%   221    2s
H    9     9                       2.5668793    1.85482  27.7%   233    2s
H    9     9                       2.5593994    1.85482  27.5%   233    2s
H    9     9                       2.5588533    1.85482  27.5%   233    2s
H    9     9                       2.5292409    1.85482  26.7%   233    2s
H    9     9                       2.5291473    1.85482  26.7%   233    2s
H    9     9                       2.5289218    1.85482  26.7%   233    2s
H    9     9                       2.4382924    1.85482  23.9%   233    2s
H   45    37                       2.4373359    1.85976  23.7%   243    3s
H   45    37                       2.4373292    1.85976  23.7%   243    3s
H   45    37                       2.4370368    1.85976  23.7%   243    3s
H   45    37                       2.4358493    1.85976  23.7%   243    3s
H   45    37                       2.4353662    1.85976  23.6%   243    3s
H   45    37                       2.4345349    1.85976  23.6%   243    3s
H   56    48                       2.4245533    1.85976  23.3%   223    3s
H   56    48                       2.4117703    1.85976  22.9%   223    4s
H   56    48                       2.3999648    1.85976  22.5%   223    4s
H   56    48                       2.3977376    1.85976  22.4%   223    4s
H   56    48                       2.3968711    1.85976  22.4%   223    4s
H   57    49                       2.3788568    1.85976  21.8%   223    4s
H   57    49                       2.3775194    1.85976  21.8%   223    4s
H   57    49                       2.3583655    1.85976  21.1%   223    4s
H   57    49                       2.3558623    1.85976  21.1%   223    4s
H   57    49                       2.3556291    1.85976  21.1%   223    4s
    86    77    2.15671   31  418    2.35563    1.85976  21.1%   241    5s
   414   312    2.30938   17  409    2.35563    1.87860  20.3%   138   10s
   623   465    1.93713    7  517    2.35563    1.88733  19.9%   120   15s
   704   507    2.01754   30  374    2.35563    1.88733  19.9%   136   20s
   956   622    1.96482   23  449    2.35563    1.89731  19.5%   137   25s
  1212   690     cutoff   16         2.35563    1.90268  19.2%   142   30s
  1352   769    2.02923   28  471    2.35563    1.92172  18.4%   149   35s
  1565   848    2.07263   52  304    2.35563    1.92568  18.3%   150   40s
  1794   916    1.98163   22  424    2.35563    1.93608  17.8%   150   45s
  2075  1033    2.12028   37  389    2.35563    1.93996  17.6%   145   50s
  2322  1194    2.21933   36  359    2.35563    1.94863  17.3%   143   55s
  2609  1290    2.17956   31  385    2.35563    1.95428  17.0%   142   60s
  2871  1416    2.17763   38  306    2.35563    1.95602  17.0%   142   65s
  3179  1599    2.12015   41  374    2.35563    1.95783  16.9%   138   70s
  3411  1706    2.19300   47  315    2.35563    1.96339  16.7%   141   75s
  3702  1891 infeasible   35         2.35563    1.96646  16.5%   139   80s
  4018  2103    2.10567   44  317    2.35563    1.96839  16.4%   137   85s
  4362  2298    1.98136   23  415    2.35563    1.97085  16.3%   136   90s
  4657  2471    2.13773   27  369    2.35563    1.97220  16.3%   135   95s
  4951  2640    2.21972   46  301    2.35563    1.97361  16.2%   134  100s
  5295  2851    2.01463   27  450    2.35563    1.97439  16.2%   132  105s
  5625  3049    2.33869   47  273    2.35563    1.97713  16.1%   131  110s
  6000  3272    1.98820   25  453    2.35563    1.97829  16.0%   130  115s
  6278  3451    2.06904   30  383    2.35563    1.97949  16.0%   130  120s
  6600  3622    2.06541   38  417    2.35563    1.98039  15.9%   130  125s
  6919  3820    2.03921   24  481    2.35563    1.98155  15.9%   129  130s
  7211  3986    2.04093   31  435    2.35563    1.98214  15.9%   129  135s
  7542  4174    2.00919   25  449    2.35563    1.98312  15.8%   129  140s
  7921  4384    2.22859   58  245    2.35563    1.98437  15.8%   128  145s
  8210  4559    2.10219   32  350    2.35563    1.98496  15.7%   128  150s
  8544  4741    2.32362   34  391    2.35563    1.98644  15.7%   127  155s
  8855  4928    2.23014   36  433    2.35563    1.98720  15.6%   128  160s
  9141  5080    2.18072   32  363    2.35563    1.98860  15.6%   128  165s
  9517  5289    2.12847   23  424    2.35563    1.98956  15.5%   127  170s
  9931  5560    2.08796   41  364    2.35563    1.99002  15.5%   126  175s
 10203  5716    2.20349   71  480    2.35563    1.99036  15.5%   125  188s
 10213  5723    2.10474   33  523    2.35563    1.99036  15.5%   125  190s
 10221  5728    2.19239   45  535    2.35563    1.99036  15.5%   125  195s
 10232  5735    2.06878   36  556    2.35563    1.99036  15.5%   125  200s
 10239  5740    2.01436   23  557    2.35563    1.99036  15.5%   125  205s
 10245  5744    2.01608   32  586    2.35563    1.99036  15.5%   125  210s
 10251  5748    2.28965   38  584    2.35563    1.99036  15.5%   125  215s
 10258  5753    2.15458   70  586    2.35563    1.99036  15.5%   124  220s
 10264  5757    2.03468   28  586    2.35563    1.99036  15.5%   124  225s
 10272  5762    2.19085   71  584    2.35563    1.99036  15.5%   124  230s
 10279  5767    2.13696   36  582    2.35563    1.99036  15.5%   124  235s
 10285  5771    2.10068   33  571    2.35563    1.99036  15.5%   124  240s
 10292  5775    2.00571   28  580    2.35563    1.99036  15.5%   124  245s
 10299  5780    2.23431   66  587    2.35563    1.99036  15.5%   124  250s
 10308  5786    2.01358   24  579    2.35563    1.99036  15.5%   124  255s
 10379  5821    2.20561   39  399    2.35563    1.99036  15.5%   127  260s
 10502  5844    2.00144   40  382    2.35563    1.99036  15.5%   127  265s
 10622  5879    2.27362   52  375    2.35563    1.99036  15.5%   128  270s
 10771  5924    2.08426   53  359    2.35563    1.99036  15.5%   128  275s
 10911  5962    1.99752   39  467    2.35563    1.99036  15.5%   129  280s
 11041  6019    2.06344   48  390    2.35563    1.99036  15.5%   129  285s
 11206  6084    2.01910   35  393    2.35563    1.99036  15.5%   130  290s

Cutting planes:
  Learned: 20
  Gomory: 43
  Cover: 31
  Implied bound: 81
  Projected implied bound: 60
  Clique: 33
  MIR: 249
  StrongCG: 18
  Flow cover: 541
  GUB cover: 2
  Inf proof: 2
  Zero half: 8
  RLT: 3
  Relax-and-lift: 49
  BQP: 23
  PSD: 1

Explored 11368 nodes (1482961 simplex iterations) in 294.94 seconds (548.97 work units)
Thread count was 1 (of 20 available processors)

Solution count 10: 2.35563 2.35586 2.35837 ... 2.43453

Time limit reached
Best objective 2.355629122488e+00, best bound 1.990356413225e+00, gap 15.5064%

User-callback calls 116972, time in user-callback 0.04 sec
