
Gurobi 13.0.2 (win64) logging started Thu Jul 23 16:11:07 2026

Set parameter LogFile to value "E:\codes\ExactEBRP\results\gf_gurobi_performance_recovery_round29\runs\stage2__high_imbalance_seed4201__c4_candidate__300s\native.log"
Set parameter Threads to value 1
Set parameter Presolve to value -1
Set parameter Seed to value 0
Set parameter MIPGap to value 0
Set parameter MIPGapAbs to value 0
Warning: unknown variable 'r_max' in bounds section (line 13939)
Warning: unknown variable 'r_min' in bounds section (line 13940)
Read LP format model from file E:\codes\ExactEBRP\results\gf_gurobi_performance_recovery_round29\runs\stage2__high_imbalance_seed4201__c4_candidate__300s\external\models\L0.lp
Reading time = 0.02 seconds
obj: 11902 rows, 3374 columns, 67101 nonzeros
Set parameter TimeLimit to value 278.325522
Warning: unknown variable 'r_max' in bounds section (line 13939)
Warning: unknown variable 'r_min' in bounds section (line 13940)
Read LP format model from file E:\codes\ExactEBRP\results\gf_gurobi_performance_recovery_round29\runs\stage2__high_imbalance_seed4201__c4_candidate__300s\external\models\L1.lp
Reading time = 0.02 seconds
obj: 11902 rows, 3374 columns, 67341 nonzeros
Set parameter TimeLimit to value 278.1297392
Warning: unknown variable 'r_max' in bounds section (line 13939)
Warning: unknown variable 'r_min' in bounds section (line 13940)
Read LP format model from file E:\codes\ExactEBRP\results\gf_gurobi_performance_recovery_round29\runs\stage2__high_imbalance_seed4201__c4_candidate__300s\external\models\L1.0.lp
Reading time = 0.02 seconds
obj: 11902 rows, 3374 columns, 67341 nonzeros
Set parameter TimeLimit to value 2.7767989239999997e+02
Warning: unknown variable 'r_max' in bounds section (line 13939)
Warning: unknown variable 'r_min' in bounds section (line 13940)
Read LP format model from file E:\codes\ExactEBRP\results\gf_gurobi_performance_recovery_round29\runs\stage2__high_imbalance_seed4201__c4_candidate__300s\external\models\L1.1.lp
Reading time = 0.02 seconds
obj: 11902 rows, 3374 columns, 67341 nonzeros
Set parameter TimeLimit to value 277.4717132
Warning: unknown variable 'r_max' in bounds section (line 13939)
Warning: unknown variable 'r_min' in bounds section (line 13940)
Read LP format model from file E:\codes\ExactEBRP\results\gf_gurobi_performance_recovery_round29\runs\stage2__high_imbalance_seed4201__c4_candidate__300s\external\models\L2.lp
Reading time = 0.02 seconds
obj: 11902 rows, 3374 columns, 67341 nonzeros
Set parameter TimeLimit to value 277.0309486
Warning: unknown variable 'r_max' in bounds section (line 13939)
Warning: unknown variable 'r_min' in bounds section (line 13940)
Read LP format model from file E:\codes\ExactEBRP\results\gf_gurobi_performance_recovery_round29\runs\stage2__high_imbalance_seed4201__c4_candidate__300s\external\models\L2.0.lp
Reading time = 0.02 seconds
obj: 11902 rows, 3374 columns, 67341 nonzeros
Set parameter TimeLimit to value 276.6514018
Warning: unknown variable 'r_max' in bounds section (line 13939)
Warning: unknown variable 'r_min' in bounds section (line 13940)
Read LP format model from file E:\codes\ExactEBRP\results\gf_gurobi_performance_recovery_round29\runs\stage2__high_imbalance_seed4201__c4_candidate__300s\external\models\L2.1.lp
Reading time = 0.02 seconds
obj: 11902 rows, 3374 columns, 67341 nonzeros
Set parameter TimeLimit to value 276.2307504
Warning: unknown variable 'r_max' in bounds section (line 13939)
Warning: unknown variable 'r_min' in bounds section (line 13940)
Read LP format model from file E:\codes\ExactEBRP\results\gf_gurobi_performance_recovery_round29\runs\stage2__high_imbalance_seed4201__c4_candidate__300s\external\models\L3.lp
Reading time = 0.02 seconds
obj: 11902 rows, 3374 columns, 66961 nonzeros
Set parameter TimeLimit to value 275.8739773
Warning: unknown variable 'r_max' in bounds section (line 13939)
Warning: unknown variable 'r_min' in bounds section (line 13940)
Read LP format model from file E:\codes\ExactEBRP\results\gf_gurobi_performance_recovery_round29\runs\stage2__high_imbalance_seed4201__c4_candidate__300s\external\models\L2.0.0.lp
Reading time = 0.02 seconds
obj: 11902 rows, 3374 columns, 67341 nonzeros
Set parameter TimeLimit to value 275.6608684
Warning: unknown variable 'r_max' in bounds section (line 13939)
Warning: unknown variable 'r_min' in bounds section (line 13940)
Read LP format model from file E:\codes\ExactEBRP\results\gf_gurobi_performance_recovery_round29\runs\stage2__high_imbalance_seed4201__c4_candidate__300s\external\models\L2.0.1.lp
Reading time = 0.02 seconds
obj: 11902 rows, 3374 columns, 67341 nonzeros
Set parameter TimeLimit to value 275.2690983
Warning: unknown variable 'r_max' in bounds section (line 13939)
Warning: unknown variable 'r_min' in bounds section (line 13940)
Read LP format model from file E:\codes\ExactEBRP\results\gf_gurobi_performance_recovery_round29\runs\stage2__high_imbalance_seed4201__c4_candidate__300s\external\models\L2.0.0.0.lp
Reading time = 0.02 seconds
obj: 11902 rows, 3374 columns, 67341 nonzeros
Set parameter TimeLimit to value 274.9422431
Warning: unknown variable 'r_max' in bounds section (line 13939)
Warning: unknown variable 'r_min' in bounds section (line 13940)
Read LP format model from file E:\codes\ExactEBRP\results\gf_gurobi_performance_recovery_round29\runs\stage2__high_imbalance_seed4201__c4_candidate__300s\external\models\L2.0.0.1.lp
Reading time = 0.02 seconds
obj: 11902 rows, 3374 columns, 67341 nonzeros
Set parameter TimeLimit to value 274.5553223
Warning: unknown variable 'r_max' in bounds section (line 13939)
Warning: unknown variable 'r_min' in bounds section (line 13940)
Read LP format model from file E:\codes\ExactEBRP\results\gf_gurobi_performance_recovery_round29\runs\stage2__high_imbalance_seed4201__c4_candidate__300s\external\models\L2.0.0.0.0.lp
Reading time = 0.02 seconds
obj: 11902 rows, 3374 columns, 67341 nonzeros
Set parameter TimeLimit to value 274.1797542
Warning: unknown variable 'r_max' in bounds section (line 13939)
Warning: unknown variable 'r_min' in bounds section (line 13940)
Read LP format model from file E:\codes\ExactEBRP\results\gf_gurobi_performance_recovery_round29\runs\stage2__high_imbalance_seed4201__c4_candidate__300s\external\models\L2.0.0.0.1.lp
Reading time = 0.02 seconds
obj: 11902 rows, 3374 columns, 67341 nonzeros
Set parameter TimeLimit to value 273.7544046
Warning: unknown variable 'r_max' in bounds section (line 13939)
Warning: unknown variable 'r_min' in bounds section (line 13940)
Read LP format model from file E:\codes\ExactEBRP\results\gf_gurobi_performance_recovery_round29\runs\stage2__high_imbalance_seed4201__c4_candidate__300s\external\models\L2.0.0.0.1.0.lp
Reading time = 0.02 seconds
obj: 11902 rows, 3374 columns, 67341 nonzeros
Set parameter TimeLimit to value 273.3222884
Warning: unknown variable 'r_max' in bounds section (line 13939)
Warning: unknown variable 'r_min' in bounds section (line 13940)
Read LP format model from file E:\codes\ExactEBRP\results\gf_gurobi_performance_recovery_round29\runs\stage2__high_imbalance_seed4201__c4_candidate__300s\external\models\L2.0.0.0.1.1.lp
Reading time = 0.02 seconds
obj: 11902 rows, 3374 columns, 67341 nonzeros
Set parameter TimeLimit to value 272.9191109
Warning: unknown variable 'r_max' in bounds section (line 13939)
Warning: unknown variable 'r_min' in bounds section (line 13940)
Read LP format model from file E:\codes\ExactEBRP\results\gf_gurobi_performance_recovery_round29\runs\stage2__high_imbalance_seed4201__c4_candidate__300s\external\models\L2.0.0.1.0.lp
Reading time = 0.02 seconds
obj: 11902 rows, 3374 columns, 67341 nonzeros
Set parameter TimeLimit to value 272.5271244
Warning: unknown variable 'r_max' in bounds section (line 13939)
Warning: unknown variable 'r_min' in bounds section (line 13940)
Read LP format model from file E:\codes\ExactEBRP\results\gf_gurobi_performance_recovery_round29\runs\stage2__high_imbalance_seed4201__c4_candidate__300s\external\models\L2.0.0.1.1.lp
Reading time = 0.02 seconds
obj: 11902 rows, 3374 columns, 67341 nonzeros
Set parameter TimeLimit to value 272.0614109
Warning: unknown variable 'r_max' in bounds section (line 13939)
Warning: unknown variable 'r_min' in bounds section (line 13940)
Read LP format model from file E:\codes\ExactEBRP\results\gf_gurobi_performance_recovery_round29\runs\stage2__high_imbalance_seed4201__c4_candidate__300s\external\models\L2.0.0.1.0.0.lp
Reading time = 0.02 seconds
obj: 11902 rows, 3374 columns, 67341 nonzeros
Set parameter TimeLimit to value 271.6929137
Warning: unknown variable 'r_max' in bounds section (line 13939)
Warning: unknown variable 'r_min' in bounds section (line 13940)
Read LP format model from file E:\codes\ExactEBRP\results\gf_gurobi_performance_recovery_round29\runs\stage2__high_imbalance_seed4201__c4_candidate__300s\external\models\L2.0.0.1.0.1.lp
Reading time = 0.02 seconds
obj: 11902 rows, 3374 columns, 67341 nonzeros
Set parameter TimeLimit to value 271.270446
Warning: unknown variable 'r_max' in bounds section (line 13939)
Warning: unknown variable 'r_min' in bounds section (line 13940)
Read LP format model from file E:\codes\ExactEBRP\results\gf_gurobi_performance_recovery_round29\runs\stage2__high_imbalance_seed4201__c4_candidate__300s\external\models\L2.0.0.0.1.1.0.lp
Reading time = 0.02 seconds
obj: 11902 rows, 3374 columns, 67341 nonzeros
Set parameter TimeLimit to value 270.8701643
Warning: unknown variable 'r_max' in bounds section (line 13939)
Warning: unknown variable 'r_min' in bounds section (line 13940)
Read LP format model from file E:\codes\ExactEBRP\results\gf_gurobi_performance_recovery_round29\runs\stage2__high_imbalance_seed4201__c4_candidate__300s\external\models\L2.0.0.0.1.1.1.lp
Reading time = 0.02 seconds
obj: 11902 rows, 3374 columns, 67341 nonzeros
Set parameter TimeLimit to value 270.4788333
Warning: unknown variable 'r_max' in bounds section (line 13939)
Warning: unknown variable 'r_min' in bounds section (line 13940)
Read LP format model from file E:\codes\ExactEBRP\results\gf_gurobi_performance_recovery_round29\runs\stage2__high_imbalance_seed4201__c4_candidate__300s\external\models\L2.0.0.1.0.0.0.lp
Reading time = 0.02 seconds
obj: 11902 rows, 3374 columns, 67341 nonzeros
Set parameter TimeLimit to value 270.0999458
Warning: unknown variable 'r_max' in bounds section (line 13939)
Warning: unknown variable 'r_min' in bounds section (line 13940)
Read LP format model from file E:\codes\ExactEBRP\results\gf_gurobi_performance_recovery_round29\runs\stage2__high_imbalance_seed4201__c4_candidate__300s\external\models\L2.0.0.1.0.0.1.lp
Reading time = 0.02 seconds
obj: 11902 rows, 3374 columns, 67341 nonzeros
Set parameter TimeLimit to value 269.670192
Warning: unknown variable 'r_max' in bounds section (line 13939)
Warning: unknown variable 'r_min' in bounds section (line 13940)
Read LP format model from file E:\codes\ExactEBRP\results\gf_gurobi_performance_recovery_round29\runs\stage2__high_imbalance_seed4201__c4_candidate__300s\external\models\L2.0.0.0.1.0.0.lp
Reading time = 0.02 seconds
obj: 11902 rows, 3374 columns, 67341 nonzeros
Set parameter TimeLimit to value 269.2595736
Warning: unknown variable 'r_max' in bounds section (line 13939)
Warning: unknown variable 'r_min' in bounds section (line 13940)
Read LP format model from file E:\codes\ExactEBRP\results\gf_gurobi_performance_recovery_round29\runs\stage2__high_imbalance_seed4201__c4_candidate__300s\external\models\L2.0.0.0.1.0.1.lp
Reading time = 0.02 seconds
obj: 11902 rows, 3374 columns, 67341 nonzeros
Set parameter TimeLimit to value 2.6884048789999997e+02
Warning: unknown variable 'r_max' in bounds section (line 13939)
Warning: unknown variable 'r_min' in bounds section (line 13940)
Read LP format model from file E:\codes\ExactEBRP\results\gf_gurobi_performance_recovery_round29\runs\stage2__high_imbalance_seed4201__c4_candidate__300s\external\models\L2.0.0.0.0.0.lp
Reading time = 0.02 seconds
obj: 11902 rows, 3374 columns, 67341 nonzeros
Set parameter TimeLimit to value 268.4394
Warning: unknown variable 'r_max' in bounds section (line 13939)
Warning: unknown variable 'r_min' in bounds section (line 13940)
Read LP format model from file E:\codes\ExactEBRP\results\gf_gurobi_performance_recovery_round29\runs\stage2__high_imbalance_seed4201__c4_candidate__300s\external\models\L2.0.0.0.0.1.lp
Reading time = 0.02 seconds
obj: 11902 rows, 3374 columns, 67341 nonzeros
Set parameter TimeLimit to value 268.0375847
Warning: unknown variable 'r_max' in bounds section (line 13939)
Warning: unknown variable 'r_min' in bounds section (line 13940)
Read LP format model from file E:\codes\ExactEBRP\results\gf_gurobi_performance_recovery_round29\runs\stage2__high_imbalance_seed4201__c4_candidate__300s\external\models\L2.0.0.0.1.1.1.0.lp
Reading time = 0.02 seconds
obj: 11902 rows, 3374 columns, 67341 nonzeros
Set parameter TimeLimit to value 267.6007926
Warning: unknown variable 'r_max' in bounds section (line 13939)
Warning: unknown variable 'r_min' in bounds section (line 13940)
Read LP format model from file E:\codes\ExactEBRP\results\gf_gurobi_performance_recovery_round29\runs\stage2__high_imbalance_seed4201__c4_candidate__300s\external\models\L2.0.0.0.1.1.1.1.lp
Reading time = 0.02 seconds
obj: 11902 rows, 3374 columns, 67341 nonzeros
Set parameter TimeLimit to value 267.2098276
Warning: unknown variable 'r_max' in bounds section (line 13939)
Warning: unknown variable 'r_min' in bounds section (line 13940)
Read LP format model from file E:\codes\ExactEBRP\results\gf_gurobi_performance_recovery_round29\runs\stage2__high_imbalance_seed4201__c4_candidate__300s\external\models\L2.0.0.1.0.0.0.0.lp
Reading time = 0.02 seconds
obj: 11902 rows, 3374 columns, 67341 nonzeros
Set parameter TimeLimit to value 266.7990734
Warning: unknown variable 'r_max' in bounds section (line 13939)
Warning: unknown variable 'r_min' in bounds section (line 13940)
Read LP format model from file E:\codes\ExactEBRP\results\gf_gurobi_performance_recovery_round29\runs\stage2__high_imbalance_seed4201__c4_candidate__300s\external\models\L2.0.0.1.0.0.0.1.lp
Reading time = 0.02 seconds
obj: 11902 rows, 3374 columns, 67341 nonzeros
Set parameter TimeLimit to value 266.4122771
Warning: unknown variable 'r_max' in bounds section (line 13939)
Warning: unknown variable 'r_min' in bounds section (line 13940)
Read LP format model from file E:\codes\ExactEBRP\results\gf_gurobi_performance_recovery_round29\runs\stage2__high_imbalance_seed4201__c4_candidate__300s\external\models\L2.0.0.0.1.1.0.0.lp
Reading time = 0.02 seconds
obj: 11902 rows, 3374 columns, 67341 nonzeros
Set parameter TimeLimit to value 266.0071742
Warning: unknown variable 'r_max' in bounds section (line 13939)
Warning: unknown variable 'r_min' in bounds section (line 13940)
Read LP format model from file E:\codes\ExactEBRP\results\gf_gurobi_performance_recovery_round29\runs\stage2__high_imbalance_seed4201__c4_candidate__300s\external\models\L2.0.0.0.1.1.0.1.lp
Reading time = 0.02 seconds
obj: 11902 rows, 3374 columns, 67341 nonzeros
Set parameter TimeLimit to value 265.5835575
Warning: unknown variable 'r_max' in bounds section (line 13939)
Warning: unknown variable 'r_min' in bounds section (line 13940)
Read LP format model from file E:\codes\ExactEBRP\results\gf_gurobi_performance_recovery_round29\runs\stage2__high_imbalance_seed4201__c4_candidate__300s\external\models\L2.0.0.1.0.1.0.lp
Reading time = 0.02 seconds
obj: 11902 rows, 3374 columns, 67341 nonzeros
Set parameter TimeLimit to value 265.1819092
Warning: unknown variable 'r_max' in bounds section (line 13939)
Warning: unknown variable 'r_min' in bounds section (line 13940)
Read LP format model from file E:\codes\ExactEBRP\results\gf_gurobi_performance_recovery_round29\runs\stage2__high_imbalance_seed4201__c4_candidate__300s\external\models\L2.0.0.1.0.1.1.lp
Reading time = 0.02 seconds
obj: 11902 rows, 3374 columns, 67341 nonzeros
Set parameter TimeLimit to value 264.782121
Warning: unknown variable 'r_max' in bounds section (line 13939)
Warning: unknown variable 'r_min' in bounds section (line 13940)
Read LP format model from file E:\codes\ExactEBRP\results\gf_gurobi_performance_recovery_round29\runs\stage2__high_imbalance_seed4201__c4_candidate__300s\external\models\L2.0.0.1.0.0.1.0.lp
Reading time = 0.02 seconds
obj: 11902 rows, 3374 columns, 67341 nonzeros
Set parameter TimeLimit to value 264.394656
Warning: unknown variable 'r_max' in bounds section (line 13939)
Warning: unknown variable 'r_min' in bounds section (line 13940)
Read LP format model from file E:\codes\ExactEBRP\results\gf_gurobi_performance_recovery_round29\runs\stage2__high_imbalance_seed4201__c4_candidate__300s\external\models\L2.0.0.1.0.0.1.1.lp
Reading time = 0.02 seconds
obj: 11902 rows, 3374 columns, 67341 nonzeros
Set parameter TimeLimit to value 264.0200719
Warning: unknown variable 'r_max' in bounds section (line 13939)
Warning: unknown variable 'r_min' in bounds section (line 13940)
Read LP format model from file E:\codes\ExactEBRP\results\gf_gurobi_performance_recovery_round29\runs\stage2__high_imbalance_seed4201__c4_candidate__300s\external\models\L2.0.0.0.1.1.1.1.0.lp
Reading time = 0.02 seconds
obj: 11902 rows, 3374 columns, 67341 nonzeros
Set parameter TimeLimit to value 263.6077316
Warning: unknown variable 'r_max' in bounds section (line 13939)
Warning: unknown variable 'r_min' in bounds section (line 13940)
Read LP format model from file E:\codes\ExactEBRP\results\gf_gurobi_performance_recovery_round29\runs\stage2__high_imbalance_seed4201__c4_candidate__300s\external\models\L2.0.0.0.1.1.1.1.1.lp
Reading time = 0.02 seconds
obj: 11902 rows, 3374 columns, 67341 nonzeros
Set parameter TimeLimit to value 263.228022
Warning: unknown variable 'r_max' in bounds section (line 13939)
Warning: unknown variable 'r_min' in bounds section (line 13940)
Read LP format model from file E:\codes\ExactEBRP\results\gf_gurobi_performance_recovery_round29\runs\stage2__high_imbalance_seed4201__c4_candidate__300s\external\models\L2.0.0.1.0.0.0.0.0.lp
Reading time = 0.02 seconds
obj: 11902 rows, 3374 columns, 67341 nonzeros
Set parameter TimeLimit to value 262.82822
Warning: unknown variable 'r_max' in bounds section (line 13939)
Warning: unknown variable 'r_min' in bounds section (line 13940)
Read LP format model from file E:\codes\ExactEBRP\results\gf_gurobi_performance_recovery_round29\runs\stage2__high_imbalance_seed4201__c4_candidate__300s\external\models\L2.0.0.1.0.0.0.0.1.lp
Reading time = 0.02 seconds
obj: 11902 rows, 3374 columns, 67341 nonzeros
Set parameter TimeLimit to value 262.452306
Warning: unknown variable 'r_max' in bounds section (line 13939)
Warning: unknown variable 'r_min' in bounds section (line 13940)
Read LP format model from file E:\codes\ExactEBRP\results\gf_gurobi_performance_recovery_round29\runs\stage2__high_imbalance_seed4201__c4_candidate__300s\external\models\L2.0.0.0.1.0.1.0.lp
Reading time = 0.02 seconds
obj: 11902 rows, 3374 columns, 67341 nonzeros
Set parameter TimeLimit to value 262.0774125
Warning: unknown variable 'r_max' in bounds section (line 13939)
Warning: unknown variable 'r_min' in bounds section (line 13940)
Read LP format model from file E:\codes\ExactEBRP\results\gf_gurobi_performance_recovery_round29\runs\stage2__high_imbalance_seed4201__c4_candidate__300s\external\models\L2.0.0.0.1.0.1.1.lp
Reading time = 0.02 seconds
obj: 11902 rows, 3374 columns, 67341 nonzeros
Set parameter TimeLimit to value 261.6569742
Warning: unknown variable 'r_max' in bounds section (line 13939)
Warning: unknown variable 'r_min' in bounds section (line 13940)
Read LP format model from file E:\codes\ExactEBRP\results\gf_gurobi_performance_recovery_round29\runs\stage2__high_imbalance_seed4201__c4_candidate__300s\external\models\L2.0.0.0.1.1.1.0.0.lp
Reading time = 0.02 seconds
obj: 11902 rows, 3374 columns, 67341 nonzeros
Set parameter TimeLimit to value 261.2719883
Warning: unknown variable 'r_max' in bounds section (line 13939)
Warning: unknown variable 'r_min' in bounds section (line 13940)
Read LP format model from file E:\codes\ExactEBRP\results\gf_gurobi_performance_recovery_round29\runs\stage2__high_imbalance_seed4201__c4_candidate__300s\external\models\L2.0.0.0.1.1.1.0.1.lp
Reading time = 0.02 seconds
obj: 11902 rows, 3374 columns, 67341 nonzeros
Set parameter TimeLimit to value 260.9004791
Warning: unknown variable 'r_max' in bounds section (line 13939)
Warning: unknown variable 'r_min' in bounds section (line 13940)
Read LP format model from file E:\codes\ExactEBRP\results\gf_gurobi_performance_recovery_round29\runs\stage2__high_imbalance_seed4201__c4_candidate__300s\external\models\L2.0.0.1.0.0.0.1.0.lp
Reading time = 0.02 seconds
obj: 11902 rows, 3374 columns, 67341 nonzeros
Set parameter TimeLimit to value 2.6049584070000003e+02
Warning: unknown variable 'r_max' in bounds section (line 13939)
Warning: unknown variable 'r_min' in bounds section (line 13940)
Read LP format model from file E:\codes\ExactEBRP\results\gf_gurobi_performance_recovery_round29\runs\stage2__high_imbalance_seed4201__c4_candidate__300s\external\models\L2.0.0.1.0.0.0.1.1.lp
Reading time = 0.02 seconds
obj: 11902 rows, 3374 columns, 67341 nonzeros
Set parameter TimeLimit to value 260.1127985
Warning: unknown variable 'r_max' in bounds section (line 13939)
Warning: unknown variable 'r_min' in bounds section (line 13940)
Read LP format model from file E:\codes\ExactEBRP\results\gf_gurobi_performance_recovery_round29\runs\stage2__high_imbalance_seed4201__c4_candidate__300s\external\models\L2.0.0.0.1.1.0.1.0.lp
Reading time = 0.02 seconds
obj: 11902 rows, 3374 columns, 67341 nonzeros
Set parameter TimeLimit to value 259.7138944
Warning: unknown variable 'r_max' in bounds section (line 13939)
Warning: unknown variable 'r_min' in bounds section (line 13940)
Read LP format model from file E:\codes\ExactEBRP\results\gf_gurobi_performance_recovery_round29\runs\stage2__high_imbalance_seed4201__c4_candidate__300s\external\models\L2.0.0.0.1.1.0.1.1.lp
Reading time = 0.02 seconds
obj: 11902 rows, 3374 columns, 67341 nonzeros
Set parameter TimeLimit to value 259.311585
Warning: unknown variable 'r_max' in bounds section (line 13939)
Warning: unknown variable 'r_min' in bounds section (line 13940)
Read LP format model from file E:\codes\ExactEBRP\results\gf_gurobi_performance_recovery_round29\runs\stage2__high_imbalance_seed4201__c4_candidate__300s\external\models\L2.0.0.1.0.1.0.0.lp
Reading time = 0.02 seconds
obj: 11902 rows, 3374 columns, 67341 nonzeros
Set parameter TimeLimit to value 1.9400754000000120e+00
Warning: unknown variable 'r_max' in bounds section (line 13939)
Warning: unknown variable 'r_min' in bounds section (line 13940)
Read LP format model from file E:\codes\ExactEBRP\results\gf_gurobi_performance_recovery_round29\runs\stage2__high_imbalance_seed4201__c4_candidate__300s\external\models\L2.0.0.1.0.1.0.1.lp
Reading time = 0.02 seconds
obj: 11902 rows, 3374 columns, 67341 nonzeros
Set parameter TimeLimit to value 1.5476962000000185e+00
