
Gurobi 13.0.2 (win64) logging started Fri Jul 24 07:31:19 2026

Set parameter LogFile to value "E:\codes\ExactEBRP\results\gf_c0_mechanism_transfer_c5_round30\runs\stage2__tight_T_seed3101__p_grb__300s\native.log"
Set parameter Threads to value 1
Set parameter Presolve to value -1
Set parameter Seed to value 0
Set parameter MIPGap to value 0
Set parameter MIPGapAbs to value 0
Set parameter TimeLimit to value 300
Read LP format model from file E:\codes\ExactEBRP\results\gf_c0_mechanism_transfer_c5_round30\runs\stage2__tight_T_seed3101__p_grb__300s\canonical.lp
Reading time = 0.01 seconds
obj: 5078 rows, 2121 columns, 23379 nonzeros
Set parameter TimeLimit to value 294.9438207
Gurobi Optimizer version 13.0.2 build v13.0.2rc1 (win64 - Windows 10.0 (19045.2))

CPU model: 12th Gen Intel(R) Core(TM) i7-12700KF, instruction set [SSE2|AVX|AVX2]
Thread count: 12 physical cores, 20 logical processors, using up to 1 threads

Non-default parameters:
TimeLimit  294.9438207
MIPGap  0
MIPGapAbs  0
LogToConsole  0
Threads  1

Optimize a model with 5078 rows, 2121 columns and 23379 nonzeros (Min)
Model fingerprint: 0x5a04c966
Model has 21 linear objective coefficients
Variable types: 426 continuous, 1695 integer (1495 binary)
Coefficient statistics:
  Matrix range     [3e-02, 6e+02]
  Objective range  [7e-03, 1e+00]
  Bounds range     [1e+00, 5e+01]
  RHS range        [1e+00, 4e+03]

Presolve removed 154 rows and 30 columns
Presolve time: 0.06s
Presolved: 4924 rows, 2091 columns, 42575 nonzeros
Variable types: 199 continuous, 1892 integer (1489 binary)
Found heuristic solution: objective 3.0822120

Root relaxation: objective 5.011703e-04, 1292 iterations, 0.06 seconds (0.16 work units)

    Nodes    |    Current Node    |     Objective Bounds      |     Work
 Expl Unexpl |  Obj  Depth IntInf | Incumbent    BestBd   Gap | It/Node Time

     0     0    0.00050    0  231    3.08221    0.00050   100%     -    0s
     0     0    0.00050    0  224    3.08221    0.00050   100%     -    0s
H    0     0                       3.0065152    0.00050   100%     -    0s
H    0     0                       2.2573975    0.00050   100%     -    0s
     0     0    0.00427    0  415    2.25740    0.00427   100%     -    0s
H    0     0                       1.8229615    0.00427   100%     -    0s
H    0     0                       1.8095245    0.00427   100%     -    0s
H    0     0                       1.8090642    0.00427   100%     -    0s
     0     0    0.00632    0  408    1.80906    0.00632   100%     -    0s
     0     0    0.00899    0  483    1.80906    0.00899   100%     -    0s
H    0     0                       1.8088098    0.00899   100%     -    0s
     0     0    0.00940    0  510    1.80881    0.00940  99.5%     -    0s
     0     0    0.01091    0  466    1.80881    0.01091  99.4%     -    0s
     0     0    0.01126    0  507    1.80881    0.01126  99.4%     -    0s
     0     0    0.01168    0  536    1.80881    0.01168  99.4%     -    1s
     0     0    0.01172    0  531    1.80881    0.01172  99.4%     -    1s
     0     0    0.01173    0  499    1.80881    0.01173  99.4%     -    1s
     0     0    0.01175    0  504    1.80881    0.01175  99.4%     -    1s
     0     0    0.01185    0  531    1.80881    0.01185  99.3%     -    1s
H    0     0                       1.8080029    0.01185  99.3%     -    1s
H    0     0                       1.7353354    0.01185  99.3%     -    1s
H    0     0                       1.7237236    0.01185  99.3%     -    1s
H    0     0                       1.6466571    0.01185  99.3%     -    1s
H    0     0                       1.6423217    0.01185  99.3%     -    1s
     0     0    0.01186    0  519    1.64232    0.01186  99.3%     -    1s
     0     0    0.01187    0  551    1.64232    0.01187  99.3%     -    1s
H    0     0                       1.5650575    0.01187  99.2%     -    1s
H    0     0                       1.3984449    0.01187  99.2%     -    1s
     0     0    0.01187    0  509    1.39844    0.01187  99.2%     -    1s
     0     0    0.01187    0  526    1.39844    0.01187  99.2%     -    1s
H    0     0                       1.0512366    0.01192  98.9%     -    1s
     0     0    0.01192    0  513    1.05124    0.01192  98.9%     -    1s
     0     0    0.01192    0  547    1.05124    0.01192  98.9%     -    1s
     0     0    0.01192    0  547    1.05124    0.01192  98.9%     -    1s
     0     0    0.01192    0  443    1.05124    0.01192  98.9%     -    1s
H    0     0                       0.9417676    0.01192  98.7%     -    2s
H    0     0                       0.9292627    0.01192  98.7%     -    2s
H    0     0                       0.9270526    0.01192  98.7%     -    2s
H    0     0                       0.9268388    0.01192  98.7%     -    2s
H    0     0                       0.9267811    0.01192  98.7%     -    2s
H    0     0                       0.9266379    0.01192  98.7%     -    2s
     0     2    0.01192    0  438    0.92664    0.01192  98.7%     -    2s
H   19    19                       0.9010927    0.01324  98.5%  74.1    2s
H   26    26                       0.8188574    0.01324  98.4%  79.5    2s
H   26    26                       0.7991241    0.01324  98.3%  79.5    2s
H   26    26                       0.7966066    0.01324  98.3%  79.5    2s
H   35    35                       0.7732340    0.01324  98.3%   109    2s
H   39    38                       0.7577429    0.01324  98.3%   126    2s
H   39    38                       0.7564394    0.01324  98.3%   126    2s
H   39    38                       0.7551327    0.01324  98.2%   126    2s
H   39    38                       0.7538227    0.01324  98.2%   126    2s
H  145   135                       0.7537879    0.01324  98.2%  91.0    3s
H  145   135                       0.7532397    0.01324  98.2%  91.0    3s
H  145   135                       0.7531071    0.01324  98.2%  91.0    3s
H  145   135                       0.7529595    0.01324  98.2%  91.0    3s
H  168   158                       0.6801701    0.01324  98.1%  99.4    4s
H  168   158                       0.6799711    0.01324  98.1%  99.4    4s
H  178   168                       0.6767859    0.01324  98.0%  97.3    4s
H  178   168                       0.6762371    0.01324  98.0%  97.3    4s
H  178   168                       0.6746365    0.01324  98.0%  97.3    4s
H  178   168                       0.6637514    0.01324  98.0%  97.3    4s
H  224   200                       0.5100671    0.01324  97.4%  91.8    4s
   233   211    0.01791   33  359    0.51007    0.01324  97.4%  91.0    5s
H  382   333                       0.5089339    0.01324  97.4%  72.0    6s
H  399   326                       0.4183037    0.01324  96.8%  70.4    6s
H  399   325                       0.4174779    0.01324  96.8%  70.4    6s
H  399   320                       0.4151460    0.01324  96.8%  70.4    6s
H  532   428                       0.4136875    0.01324  96.8%  71.4    8s
H  532   423                       0.4092056    0.01324  96.8%  71.4    8s
   561   452    0.09114   65  477    0.40921    0.01324  96.8%  71.3   10s
H  570   434                       0.3346090    0.01486  95.6%  70.2   13s
H  570   412                       0.2997471    0.01486  95.0%  70.2   13s
   579   418    0.08231   62  481    0.29975    0.01541  94.9%  69.1   15s
H  582   399                       0.2973605    0.01541  94.8%  68.7   16s
H  596   388                       0.2961785    0.01541  94.8%   109   17s
   615   403    0.01752   27  444    0.29618    0.01541  94.8%   117   20s
H  757   466                       0.2862630    0.01541  94.6%   125   24s
H  757   448                       0.2857170    0.01541  94.6%   125   24s
   757   450    0.07719   61  229    0.28572    0.01541  94.6%   126   25s
H  758   428                       0.2711041    0.01541  94.3%   126   25s
H  758   412                       0.2701571    0.01541  94.3%   126   25s
H  758   395                       0.2607433    0.01541  94.1%   126   25s
H  835   411                       0.1630244    0.01541  90.5%   134   28s
   943   485    0.11796   95  211    0.16302    0.01541  90.5%   131   30s
  1150   561    0.10917   18  404    0.16302    0.01541  90.5%   130   35s
  1348   679    0.06804   60  167    0.16302    0.01541  90.5%   132   40s
  1587   844    0.05489   19  388    0.16302    0.01549  90.5%   132   45s
  1897  1094    0.01701   15  539    0.16302    0.01585  90.3%   126   50s
  1975  1170    0.08433   61  211    0.16302    0.01585  90.3%   125   56s
  2195  1342    0.01867   14  510    0.16302    0.01588  90.3%   120   60s
  2435  1544    0.03812   31  302    0.16302    0.01592  90.2%   119   65s
  2722  1776    0.06914   28  456    0.16302    0.01602  90.2%   117   70s
  2923  1930    0.12186   32  406    0.16302    0.01605  90.2%   120   75s
H 2940  1923                       0.1559474    0.01605  89.7%   121   76s
H 2940  1913                       0.1487508    0.01605  89.2%   121   76s
H 2940  1909                       0.1465597    0.01605  89.0%   121   76s
H 2940  1908                       0.1455828    0.01605  89.0%   121   76s
H 2958  1914                       0.1429218    0.01605  88.8%   121   79s
H 2958  1909                       0.1425110    0.01605  88.7%   121   80s
H 2958  1900                       0.1398262    0.01605  88.5%   121   80s
H 2958  1878                       0.1354801    0.01605  88.1%   121   81s
H 3018  1915                       0.1353314    0.01612  88.1%   120   82s
H 3018  1915                       0.1352603    0.01612  88.1%   120   82s
H 3018  1915                       0.1351893    0.01612  88.1%   120   82s
H 3027  1919                       0.1327855    0.01612  87.9%   120   82s
H 3027  1919                       0.1327128    0.01612  87.9%   120   82s
H 3027  1916                       0.1324978    0.01612  87.8%   120   82s
H 3038  1927                       0.1322443    0.01612  87.8%   121   83s
  3125  1995    0.01983   20  342    0.13224    0.01613  87.8%   119   85s
H 3179  2037                       0.1320496    0.01613  87.8%   119   86s
H 3179  2035                       0.1316687    0.01613  87.8%   119   86s
  3273  2105    0.10650   24  338    0.13167    0.01613  87.7%   121   90s
  3452  2230    0.05153   29  417    0.13167    0.01624  87.7%   121   95s
  3756  2452    0.10893   69  231    0.13167    0.01660  87.4%   119  100s
  4013  2640    0.07212   25  445    0.13167    0.01695  87.1%   121  105s
  4306  2823    0.05229   43  356    0.13167    0.01718  86.9%   123  110s
  4637  3037    0.02744   25  386    0.13167    0.01762  86.6%   123  115s
  4932  3239    0.03783   22  402    0.13167    0.01781  86.5%   124  120s
  5192  3421    0.11084   31  368    0.13167    0.01802  86.3%   125  125s
  5532  3662    0.07110   25  458    0.13167    0.01838  86.0%   125  130s
  5798  3848    0.01981   24  473    0.13167    0.01847  86.0%   126  135s
  6153  4102    0.02333   22  352    0.13167    0.01868  85.8%   125  140s
  6578  4440    0.05874   55  167    0.13167    0.01877  85.7%   123  145s
  6910  4693    0.05155   44  262    0.13167    0.01886  85.7%   123  150s
  7262  4956    0.02201   17  384    0.13167    0.01894  85.6%   123  155s
  7522  5138    0.03453   36  342    0.13167    0.01899  85.6%   124  160s
  7922  5420    0.02262   24  395    0.13167    0.01904  85.5%   122  165s
  8152  5566    0.04648   33  326    0.13167    0.01908  85.5%   124  170s
  8382  5708    0.01940   19  504    0.13167    0.01912  85.5%   125  175s
  8733  5985    0.02434   26  355    0.13167    0.01921  85.4%   125  180s
  9213  6355    0.11730   49  293    0.13167    0.01926  85.4%   123  185s
  9680  6700    0.06355   27  435    0.13167    0.01931  85.3%   122  190s
  9879  6834    0.02517   30  420    0.13167    0.01934  85.3%   122  195s
 10181  7053    0.04798   36  338    0.13167    0.01938  85.3%   122  200s
 10203  7066    0.06542   77  443    0.13167    0.01938  85.3%   122  217s
 10208  7069    0.09040   64  452    0.13167    0.01938  85.3%   122  220s
 10214  7073    0.07080   51  530    0.13167    0.01938  85.3%   122  225s
 10219  7077    0.08712   46  542    0.13167    0.01938  85.3%   122  230s
 10225  7081    0.08904   81  523    0.13167    0.01938  85.3%   122  235s
 10230  7084    0.02515   35  519    0.13167    0.01938  85.3%   122  240s
 10235  7087    0.07672   41  528    0.13167    0.01938  85.3%   122  245s
 10240  7091    0.07052   33  544    0.13167    0.01938  85.3%   122  250s
 10246  7095    0.08671   45  585    0.13167    0.01938  85.3%   122  255s
H10247  6739                       0.1313795    0.01938  85.2%   122  257s
H10249  6403                       0.1303630    0.01938  85.1%   122  259s
 10251  6404    0.12829   70  575    0.13036    0.01938  85.1%   122  260s
 10256  6407    0.12270   91  555    0.13036    0.01938  85.1%   122  265s
 10261  6411    0.02981   31  579    0.13036    0.01938  85.1%   122  270s
H10263  6091                       0.1160823    0.01938  83.3%   121  273s
 10266  6093    0.09175   39  560    0.11608    0.01938  83.3%   121  275s
 10271  6096    0.03791   31  564    0.11608    0.01938  83.3%   121  280s
 10276  6100    0.07864   34  528    0.11608    0.01938  83.3%   121  286s
 10280  6102    0.11299   44  551    0.11608    0.01938  83.3%   121  290s

Cutting planes:
  Learned: 22
  Gomory: 6
  Cover: 14
  Implied bound: 37
  Projected implied bound: 28
  Clique: 43
  MIR: 194
  Mixing: 1
  StrongCG: 10
  Flow cover: 400
  GUB cover: 1
  Zero half: 18
  RLT: 6
  Relax-and-lift: 33
  BQP: 8

Explored 10292 nodes (1362521 simplex iterations) in 294.94 seconds (546.29 work units)
Thread count was 1 (of 20 available processors)

Solution count 10: 0.116082 0.130363 0.131669 ... 0.13526

Time limit reached
Best objective 1.160822522846e-01, best bound 1.937849707504e-02, gap 83.3062%

User-callback calls 107164, time in user-callback 0.02 sec
