Version identifier: 22.1.1.0 | 2022-11-27 | 9160aff4d
CPXPARAM_Preprocessing_Reduce                    0
CPXPARAM_Preprocessing_Linear                    0
CPXPARAM_Threads                                 1
CPXPARAM_MIP_Strategy_Search                     1
CPXPARAM_TimeLimit                               281.45094569999998
CPXPARAM_MIP_Tolerances_AbsMIPGap                0
CPXPARAM_MIP_Tolerances_MIPGap                   0
Generic callback                                 0xf8
Tried aggregator 0 times.
Reduced MIP has 6225 rows, 646 columns, and 59207 nonzeros.
Reduced MIP has 253 binaries, 48 generals, 0 SOSs, and 0 indicators.
Presolve time = 0.00 sec. (1.58 ticks)
Probing fixed 0 vars, tightened 213 bounds.
Probing changed sense of 1 constraints.
Probing time = 0.02 sec. (51.94 ticks)
Clique table members: 230.
MIP emphasis: balance optimality and feasibility.
MIP search method: traditional branch-and-cut.
Parallel mode: none, using 1 thread.
Root relaxation solution time = 0.05 sec. (60.58 ticks)

        Nodes                                         Cuts/
   Node  Left     Objective  IInf  Best Integer    Best Bound    ItCnt     Gap         Variable B NodeID Parent  Depth

      0     0        0.1937   109                      0.1937      730         
      0     0        0.2129   139                   Cuts: 188      998         
      0     0        0.2160   144                    Cuts: 62     1206         
      0     0        0.2170   147                    Cuts: 83     1322         
      0     0        0.2173   146                    Cuts: 26     1404         
      0     0        0.2175   147                    Cuts: 34     1443         
      0     0        0.2177   144                     Cuts: 8     1464         
      0     0        0.2177   144                    Cuts: 13     1486         
      0     0        0.2177   138                 Flowcuts: 9     1493         
      0     2        0.2177   138                      0.2177     1493                                 0             0
Elapsed time = 2.11 sec. (4158.35 ticks, tree = 0.01 MB, solutions = 0)
      2     2        0.3029   142                      0.3029     2882                          X      2      0      1
      6     4        0.3287    93                      0.3072     4126                          X      6      3      3
     10     6    infeasible                            0.3072     4537                          X     10      8      6
     17    13        0.3142    79                      0.3072     4940                          X     17     15      9
     18    13        0.3145    74                      0.3072     4984                          X     18     16     10
     19    14        0.3146    55                      0.3072     5008                   d_0_12 D     19     18     11
     23    14        0.3160   110                      0.3128     5813                          X     23      5      4
     30    21        0.3169    99                      0.3128     6388                          X     30     28      8
     32    23        0.3163    91                      0.3128     6450                          X     32     31     10
     40    29        0.3265    74                      0.3128     7468                   z_0_12 D     40     38     15
Elapsed time = 4.45 sec. (8969.69 ticks, tree = 1.21 MB, solutions = 0)
     73    46        0.3146    79                      0.3139     9393                          X     73     70      9
    104    49        0.3154    91                      0.3144    11711                          X    104    103      9
    127    48        0.3311    45                      0.3146    14180                   z_0_11 U    127    126     11
    158    45    infeasible                            0.3150    16738                    z_0_4 D    158     54     11
    191    48        0.3155    93                      0.3154    19719                          X    191    103      9
    216    49        0.3295    75                      0.3158    22182                   z_0_11 U    216    215     11
    250    41    infeasible                            0.3162    24477                   z_0_11 U    250    249     11
    281    48    infeasible                            0.3164    27451                   z_0_11 U    281    280     12
    305    50        0.3303    71                      0.3169    30193                   z_0_11 N    305    304     11
    334    52        0.3394    74                      0.3176    32655                    z_0_1 D    334    333     13
Elapsed time = 9.69 sec. (18704.84 ticks, tree = 2.37 MB, solutions = 0)
    359    53        0.3270    82                      0.3191    35350                    z_0_1 U    359     57     12
    382    62        0.3335    92                      0.3193    37712                   z_0_11 U    382    381     12
    409    61        0.3202   100                      0.3201    40625                          X    409    393     10
    431    64        0.3352    73                      0.3204    42655                    z_0_4 U    431    430     12
    467    64        0.3232   114                      0.3211    45536                 mode_0_5 N    467    455     11
    501    73        0.3217   100                      0.3215    48301                          X    501    482     10
    527    79    infeasible                            0.3219    50759                    z_0_4 D    527    524     11
    559    87        0.3266   101                      0.3223    53479                          X    559    557     10
    588    96    infeasible                            0.3228    56455                 mode_0_5 U    588    586     15
    619    98    infeasible                            0.3234    59625                    z_0_1 U    619    617     16
Elapsed time = 14.30 sec. (28453.33 ticks, tree = 4.78 MB, solutions = 0)
    650   111        0.3279   112                      0.3239    62960                    z_0_4 U    650    649     11
    678   113    infeasible                            0.3250    66303                    z_0_1 U    678    676     15
    713   124    infeasible                            0.3252    69266                    z_0_4 D    713    711     15
    753   136    infeasible                            0.3262    72659                    z_0_6 U    753    751     14
    784   143        0.3333    91                      0.3266    75857                    z_0_1 D    784    783     13
    811   142        0.3311    97                      0.3269    78955                    z_0_4 N    811    560     11
    840   151        0.3398   101                      0.3270    82264                    z_0_6 U    840    837     13
    872   159    infeasible                            0.3274    85560                 mode_0_5 U    872    871     15
    908   165    infeasible                            0.3277    88969                   z_0_11 D    908    468     13
    942   173        0.3288   106                      0.3282    92190                          X    942    554      8
Elapsed time = 18.55 sec. (38273.89 ticks, tree = 8.65 MB, solutions = 0)
    983   200        0.3494    75                      0.3284    95395                    z_0_2 D    983    982     17
   1011   206        0.3447   110                      0.3287    98434                          X   1011      6      4
   1032   221        0.3305   117                      0.3288   100622                          X   1032   1031      5
   1069   240        0.3343    95                      0.3292   103298                   d_0_12 D   1069   1067     13
   1107   246        0.3395    89                      0.3294   106464                   z_0_11 U   1107    754     13
   1138   255        0.3358   111                      0.3298   109509                    z_0_1 N   1138    867     12
   1171   260        0.3356    94                      0.3303   112021                    z_0_4 D   1171   1132     12
   1210   277        0.3526    59                      0.3304   115520                    d_0_5 D   1210   1209     27
   1258   310        0.3375   115                      0.3305   118159                          X   1258   1256      9
   1297   333        0.3322   114                      0.3305   121418                          X   1297   1033      7
Elapsed time = 23.31 sec. (48112.82 ticks, tree = 16.70 MB, solutions = 0)
   1334   356        0.3315   116                      0.3305   124215                   d_0_12 D   1334   1332     11
   1388   382    infeasible                            0.3305   127454                  x_0_0_9 U   1388   1385     44
   1440   418        0.3430    86                      0.3307   130980                 x_0_6_11 U   1440   1438     13
   1492   436    infeasible                            0.3309   134091                    z_0_4 D   1492   1490     13
   1536   455        0.3534    55                      0.3312   136316                  x_0_3_6 D   1536   1535     39
   1566   453    infeasible                            0.3315   139729                  x_0_0_4 U   1566   1005     13
   1597   464        0.3554    57                      0.3317   143009                    z_0_1 D   1597   1596     16
   1624   461    infeasible                            0.3321   145982                    z_0_4 D   1624    332     12
   1663   480        0.3464    68                      0.3324   149166                   d_0_12 D   1663   1660     15
   1708   499        0.3347   109                      0.3325   152638                    z_0_6 N   1708    534     12
Elapsed time = 27.49 sec. (57838.33 ticks, tree = 25.17 MB, solutions = 0)
   1743   508        0.3556    89                      0.3326   156021                   d_0_12 D   1743   1742     17
   1771   512        0.3433    71                      0.3329   158898                    z_0_6 D   1771   1769     17
   1798   519        0.3365   111                      0.3330   162035                 mode_0_5 D   1798   1797     13
   1849   548    infeasible                            0.3330   165275                 mode_0_5 D   1849   1848     14
   1892   557        0.3555    72                      0.3334   168804                    z_0_1 D   1892   1891     19
   1931   574        0.3445    69                      0.3335   172229                    z_0_4 D   1931   1928     13
   1974   585    infeasible                            0.3337   176270                 mode_0_5 U   1974   1972     14
   2012   597        0.3488    98                      0.3338   179304                    z_0_6 U   2012   2011     17
   2050   615        0.3401    94                      0.3339   182307                 mode_0_5 D   2050   2049     12
   2080   627        0.3515    97                      0.3339   185447                 mode_0_5 D   2080   2079     13
Elapsed time = 31.95 sec. (67594.22 ticks, tree = 31.87 MB, solutions = 0)
   2115   636    infeasible                            0.3340   188924                 mode_0_5 U   2115    493     13
   2160   655    infeasible                            0.3342   192223                 mode_0_5 U   2160   2158     13
   2193   658        0.3465    78                      0.3346   195270                    z_0_4 U   2193   2192     15
   2240   675        0.3532    80                      0.3347   198267                   z_0_11 U   2240   2239     14
   2279   682    infeasible                            0.3349   201503                    z_0_6 U   2279   2278     16
   2315   692        0.3466   102                      0.3350   204731                    z_0_1 U   2315   2313     16
   2341   694        0.3444    85                      0.3352   207575                mode_0_10 D   2341   2340     14
   2372   695        0.3394    87                      0.3354   210800                 mode_0_5 D   2372   1812     14
   2405   698        0.3477   106                      0.3356   214328                   z_0_12 D   2405   2337     11
   2441   708        0.3430    94                      0.3357   217661                    z_0_1 D   2441   2440     13
Elapsed time = 36.50 sec. (77349.51 ticks, tree = 35.88 MB, solutions = 0)
   2473   720        0.3560    91                      0.3359   220756                    z_0_6 U   2473   2472     14
   2519   738    infeasible                            0.3360   224248                  x_0_7_8 D   2519   2518     32
   2574   769        0.3555    73                      0.3361   228001                    z_0_4 U   2574   2573     14
   2613   784        0.3527    81                      0.3364   231957                    z_0_4 U   2613   2612     17
   2650   798        0.3495    81                      0.3366   235233                mode_0_10 U   2650   2649     15
   2696   818        0.3467    71                      0.3368   238595                 mode_0_5 D   2696   2695     14
   2745   841        0.3443    75                      0.3370   242355                    z_0_6 U   2745    948     12
   2789   859        0.3565    84                      0.3371   246284                   z_0_12 D   2789   2787     14
   2827   867    infeasible                            0.3374   249759                    z_0_4 D   2827   1798     14
   2861   871    infeasible                            0.3378   253115                   z_0_11 D   2861    739     14
Elapsed time = 40.99 sec. (87112.22 ticks, tree = 44.33 MB, solutions = 0)
   2919   901        0.3379   112                      0.3379   256379                          X   2919   1259     10
   2959   919    infeasible                            0.3380   259945                    z_0_6 D   2959   2957     14
   2996   922    infeasible                            0.3383   263087                  bit_7_5 U   2996    264     14
   3029   939    infeasible                            0.3384   266615                    z_0_6 U   3029   3027     18
   3086   962        0.3537    50                      0.3385   270047                   z_0_12 D   3086   3084     14
   3127   967        0.3415    92                      0.3387   273084                   z_0_12 U   3127   3005     11
   3159   977        0.3517    77                      0.3388   276412                   z_0_11 D   3159   3158     15
   3203   983    infeasible                            0.3391   279889                  x_0_1_4 U   3203   3201     15
   3245   997    infeasible                            0.3391   283638                   z_0_11 U   3245   3244     14
   3379  1027        0.3461    63                      0.3397   296424                   z_0_12 U   3379   2479     14
Elapsed time = 47.30 sec. (99675.62 ticks, tree = 52.33 MB, solutions = 0)
   3552  1076        0.3510    68                      0.3401   309114                   z_0_11 U   3552   3551     14
   3690  1104        0.3560    88                      0.3405   323288                    z_0_1 U   3690   3688     17
   3880  1156    infeasible                            0.3411   336948                   z_0_11 D   3880   1125     14
   4065  1238        0.3501   112                      0.3415   350314                 mode_0_5 D   4065   4064     14
   4228  1287    infeasible                            0.3420   363703                   z_0_12 D   4228   4226     13
   4390  1319    infeasible                            0.3428   377477                    z_0_1 D   4390   4389     15
   4534  1349        0.3571    88                      0.3431   390711                  x_0_1_4 D   4534   4533     17
   4690  1365        0.3507    75                      0.3436   404131                 mode_0_5 U   4690   3205     13
   4873  1420    infeasible                            0.3440   417501                    z_0_4 D   4873   1392     15
   5036  1455        0.3522    80                      0.3444   430338                mode_0_10 U   5036   5035     17
Elapsed time = 67.64 sec. (138072.70 ticks, tree = 74.17 MB, solutions = 0)
   5221  1506        0.3538    88                      0.3447   443822                  x_0_7_4 N   5221   5220     15
   5397  1543        0.3492    88                      0.3452   456312                    z_0_4 N   5397   1054     15
   5572  1590        0.3526    80                      0.3456   469575                  x_0_0_7 D   5572   5571     18
   5740  1624    infeasible                            0.3461   482579                  x_0_1_4 U   5740   3301     15
   5934  1675        0.3539    77                      0.3465   494972                  x_0_4_1 U   5934   4113     14
   6099  1704    infeasible                            0.3468   507014                 mode_0_5 U   6099   5649     20
   6256  1719    infeasible                            0.3472   519735                    z_0_1 U   6256   6197     21
   6425  1732        0.3500    97                      0.3476   532014                    z_0_6 N   6425   2356     12
   6605  1766        0.3560    92                      0.3480   544523                    z_0_4 D   6605   6604     14
   6783  1790        0.3570    77                      0.3483   556916                   z_0_12 U   6783   6782     17
Elapsed time = 90.78 sec. (176461.95 ticks, tree = 91.36 MB, solutions = 0)
   6941  1834        0.3498    72                      0.3486   569266                mode_0_10 U   6941   2747     15
   7104  1841        0.3492    55                      0.3488   581316                    z_0_2 U   7104   5019     18
   7289  1868        0.3553    73                      0.3491   593771                  x_0_4_6 D   7289   7288     18
   7447  1868        0.3524    69                      0.3494   606268                 x_0_7_11 U   7447   7445     15
   7636  1893        0.3567    83                      0.3496   617934                   z_0_11 D   7636   3486     18
   7824  1929        0.3501   128                      0.3498   629721                          X   7824   6847     10
   8019  1966        0.3560    91                      0.3501   641640                    z_0_1 U   8019   6344     13
   8183  1940    infeasible                            0.3505   652697                    z_0_4 D   8183   4530     15
   8376  1971        0.3510   128                      0.3508   664568                          X   8376   6822     10
   8543  1964    infeasible                            0.3510   676755                 x_0_6_11 D   8543   1457     20
Elapsed time = 116.52 sec. (214800.47 ticks, tree = 100.34 MB, solutions = 0)
   8759  2008    infeasible                            0.3513   688118                   z_0_11 D   8759   8758     17
   8938  2013    infeasible                            0.3515   698995                   z_0_11 D   8938   7225     13
   9155  2028    infeasible                            0.3517   709910                  bit_6_4 U   9155   8635     20
   9351  2043        0.3542    83                      0.3520   720596                    z_0_6 U   9351   1907     20
   9560  2064        0.3522    46                      0.3522   730443                    z_0_8 D   9560   9559     26
   9748  2084    infeasible                            0.3523   741059                  x_0_0_4 U   9748   9746     22
   9991  2141    infeasible                            0.3524   751759                  x_0_0_7 D   9991   9989     34
  10186  2144    infeasible                            0.3525   762347                 bit_10_4 D  10186  10184     30
  10378  2146        0.3553    69                      0.3526   772482                    z_0_4 U  10378  10377     16
  10575  2135    infeasible                            0.3528   782272                  x_0_0_4 U  10575   4980     20
Elapsed time = 146.14 sec. (253057.69 ticks, tree = 109.19 MB, solutions = 0)
  10746  2134    infeasible                            0.3529   790630                 mode_0_5 U  10746  10072     21
  10941  2119    infeasible                            0.3530   801337                  bit_6_4 U  10941   3104     19
  11200  2158    infeasible                            0.3531   812398                  x_0_0_9 U  11200   3323     25
  11396  2164        0.3570    75                      0.3533   823524                 mode_0_5 N  11396  11395     24
  11665  2213        0.3572    56                      0.3534   833599                  x_0_1_4 D  11665  11664     22
  11896  2243        0.3535    75                      0.3535   842887                 x_0_0_11 N  11896  10855     24
  12108  2245    infeasible                            0.3536   852586                 x_0_11_6 D  12108  12105     25
  12362  2302        0.3550    56                      0.3536   863662                 x_0_7_11 N  12362  12361     19
  12568  2341        0.3557    48                      0.3537   873081                  x_0_0_7 U  12568  12566     25
* 12644  2148      integral     0        0.3572        0.3537   877045    0.97%
  12795  2164        0.3545    51        0.3572        0.3538   881346    0.95%        x_0_9_11 N  12795  12794     27
Elapsed time = 176.28 sec. (291338.06 ticks, tree = 110.66 MB, solutions = 1)
  12935  2145    infeasible              0.3572        0.3539   886217    0.93%            Y_10 D  12935  12933     33
  13079  2140        0.3551    58        0.3572        0.3539   891066    0.91%        x_0_9_11 N  13079  13078     27
  13216  2113        0.3569    56        0.3572        0.3540   896561    0.89%           z_0_2 N  13216  13215     22
  13353  2091        0.3560    54        0.3572        0.3541   901493    0.86%        x_0_6_11 N  13353  13352     23
  13483  2080        0.3543    74        0.3572        0.3542   905785    0.84%          d_0_12 N  13483   4778     17
  13622  2072        0.3561    83        0.3572        0.3543   910469    0.82%         x_0_4_1 N  13622  13621     22
  13762  2034        cutoff              0.3572        0.3543   915042    0.80%        x_0_9_10 U  13762  12630     32
  13898  1994        cutoff              0.3572        0.3544   919470    0.78%        mode_0_5 U  13898  10442     13
  14038  1962        0.3559    72        0.3572        0.3545   924038    0.76%         x_0_7_4 N  14038   7749     22
  14242  1906        0.3551    68        0.3572        0.3546   929257    0.73%          d_0_12 D  14242   1938     18
Elapsed time = 201.64 sec. (329676.59 ticks, tree = 97.50 MB, solutions = 1)
  14451  1861        cutoff              0.3572        0.3547   934634    0.70%         x_0_7_4 D  14451  12743     27
  14654  1797        cutoff              0.3572        0.3548   940093    0.68%        mode_0_5 D  14654  14653     19
  14881  1784        0.3558    30        0.3572        0.3549   946006    0.65%         x_0_0_9 D  14881  14880     28
  15113  1757        cutoff              0.3572        0.3550   951283    0.62%           z_0_1 U  15113   2067     16
  15289  1689        cutoff              0.3572        0.3551   955809    0.60%        x_0_7_11 U  15289   9305     20
  15475  1643        cutoff              0.3572        0.3552   961040    0.57%         x_0_6_4 D  15475  12940     30
  15720  1613        0.3554    62        0.3572        0.3553   965392    0.54%            Y_10 N  15720  11928     36
  15900  1559        cutoff              0.3572        0.3553   969819    0.52%        mode_0_2 U  15900   9917     30
  16045  1519        cutoff              0.3572        0.3554   974307    0.50%           z_0_1 U  16045   5373     19
  16196  1461        0.3558    67        0.3572        0.3555   978185    0.48%            Y_10 N  16196  15040     30
Elapsed time = 229.03 sec. (367970.83 ticks, tree = 74.77 MB, solutions = 1)
  16348  1409        0.3562    53        0.3572        0.3556   982174    0.45%         x_0_7_4 N  16348  16347     26
  16531  1362        cutoff              0.3572        0.3557   986440    0.43%           z_0_2 U  16531  16377     21
  16684  1299        0.3571    24        0.3572        0.3557   990269    0.41%             Y_7 N  16684  16682     29
  16851  1253        0.3559    38        0.3572        0.3558   993852    0.38%             Y_7 N  16851  15880     26
  17043  1183        0.3560    55        0.3572        0.3559   997713    0.36%         x_0_5_4 N  17043   4908     21
  17216  1111        cutoff              0.3572        0.3560  1001046    0.33%         x_0_6_8 U  17216   1411     32
  17424  1048        0.3562    66        0.3572        0.3561  1004614    0.31%         x_0_8_0 U  17424   6789     18
  17600   964        0.3566    16        0.3572        0.3562  1007596    0.28%            Y_10 N  17600  17599     32
  17741   877        cutoff              0.3572        0.3563  1010543    0.25%        x_0_7_11 U  17741  15607     28
  17896   783        cutoff              0.3572        0.3564  1013456    0.23%         x_0_0_7 U  17896  16173     34
Elapsed time = 252.72 sec. (406324.90 ticks, tree = 40.17 MB, solutions = 1)
Starting limited solution polishing.
  18053   707        cutoff              0.3572        0.3565  1016406    0.20%           z_0_2 D  18053  16680     27
  18202   604    infeasible              0.3572        0.3566  1018900    0.18%        x_0_0_11 U  18202  17906     27
  18357   489        cutoff              0.3572        0.3567  1021207    0.15%           z_0_8 U  18357  15912     29
  18501   374        0.3571    65        0.3572        0.3568  1023614    0.12%        x_0_7_11 N  18501   6388     20
  18641   255        0.3569    65        0.3572        0.3569  1025538    0.08%             Y_7 N  18641  16373     23
  18797   112        cutoff              0.3572        0.3571  1026884    0.04%         bit_6_4 U  18797   5326     21

Clique cuts applied:  57
Cover cuts applied:  33
Implied bound cuts applied:  135
Flow cuts applied:  56
Mixed integer rounding cuts applied:  13
Lift and project cuts applied:  10
Gomory fractional cuts applied:  3

Root node processing (before b&c):
  Real time             =    2.09 sec. (4139.91 ticks)
Sequential b&c:
  Real time             =  265.47 sec. (428556.72 ticks)
                          ------------
Total (root+branch&cut) =  267.56 sec. (432696.63 ticks)
regen_candidate_V12_M1_average.txt gcap-frontier global_gini_tree_not_certified obj=0.357201 runtime=280.321 columns=0
