
Gurobi 13.0.2 (win64) logging started Fri Jul 24 04:44:51 2026

Set parameter LogFile to value "E:\codes\ExactEBRP\results\gf_c0_mechanism_transfer_c5_round30\development\V12_M1__c4_candidate__60s\native.log"
Set parameter Threads to value 1
Set parameter Presolve to value -1
Set parameter Seed to value 0
Set parameter MIPGap to value 0
Set parameter MIPGapAbs to value 0
Warning: unknown variable 'r_max' in bounds section (line 6696)
Warning: unknown variable 'r_min' in bounds section (line 6697)
Read LP format model from file E:\codes\ExactEBRP\results\gf_c0_mechanism_transfer_c5_round30\development\V12_M1__c4_candidate__60s\external\models\L0.lp
Reading time = 0.02 seconds
obj: 6225 rows, 648 columns, 59207 nonzeros
Set parameter TimeLimit to value 48.9061278
Warning: unknown variable 'r_max' in bounds section (line 6696)
Warning: unknown variable 'r_min' in bounds section (line 6697)
Read LP format model from file E:\codes\ExactEBRP\results\gf_c0_mechanism_transfer_c5_round30\development\V12_M1__c4_candidate__60s\external\models\L1.lp
Reading time = 0.02 seconds
obj: 6225 rows, 648 columns, 59365 nonzeros
Set parameter TimeLimit to value 48.7460013
Warning: unknown variable 'r_max' in bounds section (line 6696)
Warning: unknown variable 'r_min' in bounds section (line 6697)
Read LP format model from file E:\codes\ExactEBRP\results\gf_c0_mechanism_transfer_c5_round30\development\V12_M1__c4_candidate__60s\external\models\L1.0.lp
Reading time = 0.02 seconds
obj: 6225 rows, 648 columns, 59365 nonzeros
Set parameter TimeLimit to value 48.5830996
Warning: unknown variable 'r_max' in bounds section (line 6696)
Warning: unknown variable 'r_min' in bounds section (line 6697)
Read LP format model from file E:\codes\ExactEBRP\results\gf_c0_mechanism_transfer_c5_round30\development\V12_M1__c4_candidate__60s\external\models\L1.1.lp
Reading time = 0.02 seconds
obj: 6225 rows, 648 columns, 59365 nonzeros
Set parameter TimeLimit to value 48.4324191
Warning: unknown variable 'r_max' in bounds section (line 6696)
Warning: unknown variable 'r_min' in bounds section (line 6697)
Read LP format model from file E:\codes\ExactEBRP\results\gf_c0_mechanism_transfer_c5_round30\development\V12_M1__c4_candidate__60s\external\models\L2.lp
Reading time = 0.02 seconds
obj: 6225 rows, 648 columns, 59365 nonzeros
Set parameter TimeLimit to value 48.2646918
Warning: unknown variable 'r_max' in bounds section (line 6696)
Warning: unknown variable 'r_min' in bounds section (line 6697)
Read LP format model from file E:\codes\ExactEBRP\results\gf_c0_mechanism_transfer_c5_round30\development\V12_M1__c4_candidate__60s\external\models\L2.0.lp
Reading time = 0.02 seconds
obj: 6225 rows, 648 columns, 59365 nonzeros
Set parameter TimeLimit to value 48.0970952
Warning: unknown variable 'r_max' in bounds section (line 6696)
Warning: unknown variable 'r_min' in bounds section (line 6697)
Read LP format model from file E:\codes\ExactEBRP\results\gf_c0_mechanism_transfer_c5_round30\development\V12_M1__c4_candidate__60s\external\models\L2.1.lp
Reading time = 0.02 seconds
obj: 6225 rows, 648 columns, 59365 nonzeros
Set parameter TimeLimit to value 47.9302968
Warning: unknown variable 'r_max' in bounds section (line 6696)
Warning: unknown variable 'r_min' in bounds section (line 6697)
Read LP format model from file E:\codes\ExactEBRP\results\gf_c0_mechanism_transfer_c5_round30\development\V12_M1__c4_candidate__60s\external\models\L3.lp
Reading time = 0.02 seconds
obj: 6225 rows, 648 columns, 59365 nonzeros
Set parameter TimeLimit to value 47.7620836
Warning: unknown variable 'r_max' in bounds section (line 6696)
Warning: unknown variable 'r_min' in bounds section (line 6697)
Read LP format model from file E:\codes\ExactEBRP\results\gf_c0_mechanism_transfer_c5_round30\development\V12_M1__c4_candidate__60s\external\models\L3.0.lp
Reading time = 0.02 seconds
obj: 6225 rows, 648 columns, 59365 nonzeros
Set parameter TimeLimit to value 47.6022745
Warning: unknown variable 'r_max' in bounds section (line 6697)
Warning: unknown variable 'r_min' in bounds section (line 6698)
Read LP format model from file E:\codes\ExactEBRP\results\gf_c0_mechanism_transfer_c5_round30\development\V12_M1__c4_candidate__60s\external\models\L3.1.lp
Reading time = 0.02 seconds
obj: 6226 rows, 648 columns, 59367 nonzeros
Set parameter TimeLimit to value 47.4410715
Warning: unknown variable 'r_max' in bounds section (line 6696)
Warning: unknown variable 'r_min' in bounds section (line 6697)
Read LP format model from file E:\codes\ExactEBRP\results\gf_c0_mechanism_transfer_c5_round30\development\V12_M1__c4_candidate__60s\external\models\L1.1.0.lp
Reading time = 0.02 seconds
obj: 6225 rows, 648 columns, 59365 nonzeros
Set parameter TimeLimit to value 47.2857019
Warning: unknown variable 'r_max' in bounds section (line 6696)
Warning: unknown variable 'r_min' in bounds section (line 6697)
Read LP format model from file E:\codes\ExactEBRP\results\gf_c0_mechanism_transfer_c5_round30\development\V12_M1__c4_candidate__60s\external\models\L1.1.1.lp
Reading time = 0.02 seconds
obj: 6225 rows, 648 columns, 59365 nonzeros
Set parameter TimeLimit to value 47.1305223
Warning: unknown variable 'r_max' in bounds section (line 6696)
Warning: unknown variable 'r_min' in bounds section (line 6697)
Read LP format model from file E:\codes\ExactEBRP\results\gf_c0_mechanism_transfer_c5_round30\development\V12_M1__c4_candidate__60s\external\models\L2.0.0.lp
Reading time = 0.02 seconds
obj: 6225 rows, 648 columns, 59365 nonzeros
Set parameter TimeLimit to value 46.9706189
Warning: unknown variable 'r_max' in bounds section (line 6696)
Warning: unknown variable 'r_min' in bounds section (line 6697)
Read LP format model from file E:\codes\ExactEBRP\results\gf_c0_mechanism_transfer_c5_round30\development\V12_M1__c4_candidate__60s\external\models\L2.0.1.lp
Reading time = 0.02 seconds
obj: 6225 rows, 648 columns, 59365 nonzeros
Set parameter TimeLimit to value 46.8010939
Warning: unknown variable 'r_max' in bounds section (line 6696)
Warning: unknown variable 'r_min' in bounds section (line 6697)
Read LP format model from file E:\codes\ExactEBRP\results\gf_c0_mechanism_transfer_c5_round30\development\V12_M1__c4_candidate__60s\external\models\L2.0.0.0.lp
Reading time = 0.02 seconds
obj: 6225 rows, 648 columns, 59365 nonzeros
Set parameter TimeLimit to value 46.6419041
Warning: unknown variable 'r_max' in bounds section (line 6696)
Warning: unknown variable 'r_min' in bounds section (line 6697)
Read LP format model from file E:\codes\ExactEBRP\results\gf_c0_mechanism_transfer_c5_round30\development\V12_M1__c4_candidate__60s\external\models\L2.0.0.1.lp
Reading time = 0.02 seconds
obj: 6225 rows, 648 columns, 59365 nonzeros
Set parameter TimeLimit to value 46.4786578
Warning: unknown variable 'r_max' in bounds section (line 6696)
Warning: unknown variable 'r_min' in bounds section (line 6697)
Read LP format model from file E:\codes\ExactEBRP\results\gf_c0_mechanism_transfer_c5_round30\development\V12_M1__c4_candidate__60s\external\models\L2.0.0.0.0.lp
Reading time = 0.02 seconds
obj: 6225 rows, 648 columns, 59365 nonzeros
Set parameter TimeLimit to value 46.3190957
Warning: unknown variable 'r_max' in bounds section (line 6696)
Warning: unknown variable 'r_min' in bounds section (line 6697)
Read LP format model from file E:\codes\ExactEBRP\results\gf_c0_mechanism_transfer_c5_round30\development\V12_M1__c4_candidate__60s\external\models\L2.0.0.0.1.lp
Reading time = 0.02 seconds
obj: 6225 rows, 648 columns, 59365 nonzeros
Set parameter TimeLimit to value 46.1552487
Warning: unknown variable 'r_max' in bounds section (line 6696)
Warning: unknown variable 'r_min' in bounds section (line 6697)
Read LP format model from file E:\codes\ExactEBRP\results\gf_c0_mechanism_transfer_c5_round30\development\V12_M1__c4_candidate__60s\external\models\L1.1.1.0.lp
Reading time = 0.02 seconds
obj: 6225 rows, 648 columns, 59365 nonzeros
Set parameter TimeLimit to value 4.5991631999999996e+01
Warning: unknown variable 'r_max' in bounds section (line 6696)
Warning: unknown variable 'r_min' in bounds section (line 6697)
Read LP format model from file E:\codes\ExactEBRP\results\gf_c0_mechanism_transfer_c5_round30\development\V12_M1__c4_candidate__60s\external\models\L1.1.1.1.lp
Reading time = 0.02 seconds
obj: 6225 rows, 648 columns, 59365 nonzeros
Set parameter TimeLimit to value 45.8426089
Warning: unknown variable 'r_max' in bounds section (line 6696)
Warning: unknown variable 'r_min' in bounds section (line 6697)
Read LP format model from file E:\codes\ExactEBRP\results\gf_c0_mechanism_transfer_c5_round30\development\V12_M1__c4_candidate__60s\external\models\L2.0.0.0.0.0.lp
Reading time = 0.02 seconds
obj: 6225 rows, 648 columns, 59365 nonzeros
Set parameter TimeLimit to value 45.6800645
Warning: unknown variable 'r_max' in bounds section (line 6696)
Warning: unknown variable 'r_min' in bounds section (line 6697)
Read LP format model from file E:\codes\ExactEBRP\results\gf_c0_mechanism_transfer_c5_round30\development\V12_M1__c4_candidate__60s\external\models\L2.0.0.0.0.1.lp
Reading time = 0.02 seconds
obj: 6225 rows, 648 columns, 59365 nonzeros
Set parameter TimeLimit to value 45.5101673
Warning: unknown variable 'r_max' in bounds section (line 6696)
Warning: unknown variable 'r_min' in bounds section (line 6697)
Read LP format model from file E:\codes\ExactEBRP\results\gf_c0_mechanism_transfer_c5_round30\development\V12_M1__c4_candidate__60s\external\models\L2.0.0.0.1.0.lp
Reading time = 0.01 seconds
obj: 6225 rows, 648 columns, 59365 nonzeros
Set parameter TimeLimit to value 45.3444303
Warning: unknown variable 'r_max' in bounds section (line 6696)
Warning: unknown variable 'r_min' in bounds section (line 6697)
Read LP format model from file E:\codes\ExactEBRP\results\gf_c0_mechanism_transfer_c5_round30\development\V12_M1__c4_candidate__60s\external\models\L2.0.0.0.1.1.lp
Reading time = 0.02 seconds
obj: 6225 rows, 648 columns, 59365 nonzeros
Set parameter TimeLimit to value 45.1817244
Warning: unknown variable 'r_max' in bounds section (line 6696)
Warning: unknown variable 'r_min' in bounds section (line 6697)
Read LP format model from file E:\codes\ExactEBRP\results\gf_c0_mechanism_transfer_c5_round30\development\V12_M1__c4_candidate__60s\external\models\L2.0.0.0.0.1.0.lp
Reading time = 0.02 seconds
obj: 6225 rows, 648 columns, 59365 nonzeros
Set parameter TimeLimit to value 45.0205457
Warning: unknown variable 'r_max' in bounds section (line 6696)
Warning: unknown variable 'r_min' in bounds section (line 6697)
Read LP format model from file E:\codes\ExactEBRP\results\gf_c0_mechanism_transfer_c5_round30\development\V12_M1__c4_candidate__60s\external\models\L2.0.0.0.0.1.1.lp
Reading time = 0.02 seconds
obj: 6225 rows, 648 columns, 59365 nonzeros
Set parameter TimeLimit to value 4.4857719599999996e+01
Warning: unknown variable 'r_max' in bounds section (line 6696)
Warning: unknown variable 'r_min' in bounds section (line 6697)
Read LP format model from file E:\codes\ExactEBRP\results\gf_c0_mechanism_transfer_c5_round30\development\V12_M1__c4_candidate__60s\external\models\L2.0.0.0.1.0.0.lp
Reading time = 0.02 seconds
obj: 6225 rows, 648 columns, 59365 nonzeros
Set parameter TimeLimit to value 44.6921634
Warning: unknown variable 'r_max' in bounds section (line 6696)
Warning: unknown variable 'r_min' in bounds section (line 6697)
Read LP format model from file E:\codes\ExactEBRP\results\gf_c0_mechanism_transfer_c5_round30\development\V12_M1__c4_candidate__60s\external\models\L2.0.0.0.1.0.1.lp
Reading time = 0.01 seconds
obj: 6225 rows, 648 columns, 59365 nonzeros
Set parameter TimeLimit to value 4.4531602899999996e+01
Warning: unknown variable 'r_max' in bounds section (line 6696)
Warning: unknown variable 'r_min' in bounds section (line 6697)
Read LP format model from file E:\codes\ExactEBRP\results\gf_c0_mechanism_transfer_c5_round30\development\V12_M1__c4_candidate__60s\external\models\L2.0.0.0.0.1.0.0.lp
Reading time = 0.02 seconds
obj: 6225 rows, 648 columns, 59365 nonzeros
Set parameter TimeLimit to value 4.4368779599999996e+01
Warning: unknown variable 'r_max' in bounds section (line 6696)
Warning: unknown variable 'r_min' in bounds section (line 6697)
Read LP format model from file E:\codes\ExactEBRP\results\gf_c0_mechanism_transfer_c5_round30\development\V12_M1__c4_candidate__60s\external\models\L2.0.0.0.0.1.0.1.lp
Reading time = 0.02 seconds
obj: 6225 rows, 648 columns, 59365 nonzeros
Set parameter TimeLimit to value 44.2071768
Warning: unknown variable 'r_max' in bounds section (line 6696)
Warning: unknown variable 'r_min' in bounds section (line 6697)
Read LP format model from file E:\codes\ExactEBRP\results\gf_c0_mechanism_transfer_c5_round30\development\V12_M1__c4_candidate__60s\external\models\L2.0.0.0.0.0.0.lp
Reading time = 0.01 seconds
obj: 6225 rows, 648 columns, 59365 nonzeros
Set parameter TimeLimit to value 44.0459717
Warning: unknown variable 'r_max' in bounds section (line 6696)
Warning: unknown variable 'r_min' in bounds section (line 6697)
Read LP format model from file E:\codes\ExactEBRP\results\gf_c0_mechanism_transfer_c5_round30\development\V12_M1__c4_candidate__60s\external\models\L2.0.0.0.0.0.1.lp
Reading time = 0.02 seconds
obj: 6225 rows, 648 columns, 59365 nonzeros
Set parameter TimeLimit to value 43.8821122
Warning: unknown variable 'r_max' in bounds section (line 6696)
Warning: unknown variable 'r_min' in bounds section (line 6697)
Read LP format model from file E:\codes\ExactEBRP\results\gf_c0_mechanism_transfer_c5_round30\development\V12_M1__c4_candidate__60s\external\models\L2.0.0.0.0.1.1.0.lp
Reading time = 0.01 seconds
obj: 6225 rows, 648 columns, 59365 nonzeros
Set parameter TimeLimit to value 43.7207474
Warning: unknown variable 'r_max' in bounds section (line 6696)
Warning: unknown variable 'r_min' in bounds section (line 6697)
Read LP format model from file E:\codes\ExactEBRP\results\gf_c0_mechanism_transfer_c5_round30\development\V12_M1__c4_candidate__60s\external\models\L2.0.0.0.0.1.1.1.lp
Reading time = 0.02 seconds
obj: 6225 rows, 648 columns, 59365 nonzeros
Set parameter TimeLimit to value 43.5643004
Warning: unknown variable 'r_max' in bounds section (line 6696)
Warning: unknown variable 'r_min' in bounds section (line 6697)
Read LP format model from file E:\codes\ExactEBRP\results\gf_c0_mechanism_transfer_c5_round30\development\V12_M1__c4_candidate__60s\external\models\L2.0.0.1.0.lp
Reading time = 0.02 seconds
obj: 6225 rows, 648 columns, 59365 nonzeros
Set parameter TimeLimit to value 43.3954691
Warning: unknown variable 'r_max' in bounds section (line 6696)
Warning: unknown variable 'r_min' in bounds section (line 6697)
Read LP format model from file E:\codes\ExactEBRP\results\gf_c0_mechanism_transfer_c5_round30\development\V12_M1__c4_candidate__60s\external\models\L2.0.0.1.1.lp
Reading time = 0.02 seconds
obj: 6225 rows, 648 columns, 59365 nonzeros
Set parameter TimeLimit to value 43.2364214
Warning: unknown variable 'r_max' in bounds section (line 6696)
Warning: unknown variable 'r_min' in bounds section (line 6697)
Read LP format model from file E:\codes\ExactEBRP\results\gf_c0_mechanism_transfer_c5_round30\development\V12_M1__c4_candidate__60s\external\models\L2.0.0.0.0.1.0.1.0.lp
Reading time = 0.01 seconds
obj: 6225 rows, 648 columns, 59365 nonzeros
Set parameter TimeLimit to value 43.0780464
Warning: unknown variable 'r_max' in bounds section (line 6696)
Warning: unknown variable 'r_min' in bounds section (line 6697)
Read LP format model from file E:\codes\ExactEBRP\results\gf_c0_mechanism_transfer_c5_round30\development\V12_M1__c4_candidate__60s\external\models\L2.0.0.0.0.1.0.1.1.lp
Reading time = 0.01 seconds
obj: 6225 rows, 648 columns, 59365 nonzeros
Set parameter TimeLimit to value 42.9183319
Warning: unknown variable 'r_max' in bounds section (line 6696)
Warning: unknown variable 'r_min' in bounds section (line 6697)
Read LP format model from file E:\codes\ExactEBRP\results\gf_c0_mechanism_transfer_c5_round30\development\V12_M1__c4_candidate__60s\external\models\L2.0.0.0.1.0.0.0.lp
Reading time = 0.02 seconds
obj: 6225 rows, 648 columns, 59365 nonzeros
Set parameter TimeLimit to value 42.7561448
Warning: unknown variable 'r_max' in bounds section (line 6696)
Warning: unknown variable 'r_min' in bounds section (line 6697)
Read LP format model from file E:\codes\ExactEBRP\results\gf_c0_mechanism_transfer_c5_round30\development\V12_M1__c4_candidate__60s\external\models\L2.0.0.0.1.0.0.1.lp
Reading time = 0.01 seconds
obj: 6225 rows, 648 columns, 59365 nonzeros
Set parameter TimeLimit to value 42.5358878
Warning: unknown variable 'r_max' in bounds section (line 6696)
Warning: unknown variable 'r_min' in bounds section (line 6697)
Read LP format model from file E:\codes\ExactEBRP\results\gf_c0_mechanism_transfer_c5_round30\development\V12_M1__c4_candidate__60s\external\models\L2.0.0.0.0.1.1.0.0.lp
Reading time = 0.01 seconds
obj: 6225 rows, 648 columns, 59365 nonzeros
Set parameter TimeLimit to value 42.3744335
Warning: unknown variable 'r_max' in bounds section (line 6696)
Warning: unknown variable 'r_min' in bounds section (line 6697)
Read LP format model from file E:\codes\ExactEBRP\results\gf_c0_mechanism_transfer_c5_round30\development\V12_M1__c4_candidate__60s\external\models\L2.0.0.0.0.1.1.0.1.lp
Reading time = 0.01 seconds
obj: 6225 rows, 648 columns, 59365 nonzeros
Set parameter TimeLimit to value 42.2065154
Warning: unknown variable 'r_max' in bounds section (line 6696)
Warning: unknown variable 'r_min' in bounds section (line 6697)
Read LP format model from file E:\codes\ExactEBRP\results\gf_c0_mechanism_transfer_c5_round30\development\V12_M1__c4_candidate__60s\external\models\L2.0.0.0.0.1.1.1.0.lp
Reading time = 0.01 seconds
obj: 6225 rows, 648 columns, 59365 nonzeros
Set parameter TimeLimit to value 42.0314628
Warning: unknown variable 'r_max' in bounds section (line 6696)
Warning: unknown variable 'r_min' in bounds section (line 6697)
Read LP format model from file E:\codes\ExactEBRP\results\gf_c0_mechanism_transfer_c5_round30\development\V12_M1__c4_candidate__60s\external\models\L2.0.0.0.0.1.1.1.1.lp
Reading time = 0.02 seconds
obj: 6225 rows, 648 columns, 59365 nonzeros
Set parameter TimeLimit to value 41.8654683
Warning: unknown variable 'r_max' in bounds section (line 6696)
Warning: unknown variable 'r_min' in bounds section (line 6697)
Read LP format model from file E:\codes\ExactEBRP\results\gf_c0_mechanism_transfer_c5_round30\development\V12_M1__c4_candidate__60s\external\models\L2.0.0.0.1.1.0.lp
Reading time = 0.02 seconds
obj: 6225 rows, 648 columns, 59365 nonzeros
Set parameter TimeLimit to value 41.2791566
Warning: unknown variable 'r_max' in bounds section (line 6696)
Warning: unknown variable 'r_min' in bounds section (line 6697)
Read LP format model from file E:\codes\ExactEBRP\results\gf_c0_mechanism_transfer_c5_round30\development\V12_M1__c4_candidate__60s\external\models\L2.0.0.0.1.1.1.lp
Reading time = 0.01 seconds
obj: 6225 rows, 648 columns, 59365 nonzeros
Set parameter TimeLimit to value 41.1209126
Warning: unknown variable 'r_max' in bounds section (line 6696)
Warning: unknown variable 'r_min' in bounds section (line 6697)
Read LP format model from file E:\codes\ExactEBRP\results\gf_c0_mechanism_transfer_c5_round30\development\V12_M1__c4_candidate__60s\external\models\L2.0.0.0.1.0.0.0.0.lp
Reading time = 0.01 seconds
obj: 6225 rows, 648 columns, 59365 nonzeros
Set parameter TimeLimit to value 40.7520529
Warning: unknown variable 'r_max' in bounds section (line 6696)
Warning: unknown variable 'r_min' in bounds section (line 6697)
Read LP format model from file E:\codes\ExactEBRP\results\gf_c0_mechanism_transfer_c5_round30\development\V12_M1__c4_candidate__60s\external\models\L2.0.0.0.1.0.0.0.1.lp
Reading time = 0.01 seconds
obj: 6225 rows, 648 columns, 59365 nonzeros
Set parameter TimeLimit to value 40.5881873
Warning: unknown variable 'r_max' in bounds section (line 6696)
Warning: unknown variable 'r_min' in bounds section (line 6697)
Read LP format model from file E:\codes\ExactEBRP\results\gf_c0_mechanism_transfer_c5_round30\development\V12_M1__c4_candidate__60s\external\models\L2.0.0.0.0.1.0.0.0.lp
Reading time = 0.02 seconds
obj: 6225 rows, 648 columns, 59365 nonzeros
Set parameter TimeLimit to value 4.0198121799999996e+01
Warning: unknown variable 'r_max' in bounds section (line 6696)
Warning: unknown variable 'r_min' in bounds section (line 6697)
Read LP format model from file E:\codes\ExactEBRP\results\gf_c0_mechanism_transfer_c5_round30\development\V12_M1__c4_candidate__60s\external\models\L2.0.0.0.0.1.0.0.1.lp
Reading time = 0.02 seconds
obj: 6225 rows, 648 columns, 59365 nonzeros
Set parameter TimeLimit to value 40.0387892
Warning: unknown variable 'r_max' in bounds section (line 6696)
Warning: unknown variable 'r_min' in bounds section (line 6697)
Read LP format model from file E:\codes\ExactEBRP\results\gf_c0_mechanism_transfer_c5_round30\development\V12_M1__c4_candidate__60s\external\models\L2.0.0.0.1.0.1.0.lp
Reading time = 0.02 seconds
obj: 6225 rows, 648 columns, 59365 nonzeros
Set parameter TimeLimit to value 39.446232
Warning: unknown variable 'r_max' in bounds section (line 6696)
Warning: unknown variable 'r_min' in bounds section (line 6697)
Read LP format model from file E:\codes\ExactEBRP\results\gf_c0_mechanism_transfer_c5_round30\development\V12_M1__c4_candidate__60s\external\models\L2.0.0.0.1.0.1.1.lp
Reading time = 0.01 seconds
obj: 6225 rows, 648 columns, 59365 nonzeros
Set parameter TimeLimit to value 39.2879854
Warning: unknown variable 'r_max' in bounds section (line 6696)
Warning: unknown variable 'r_min' in bounds section (line 6697)
Read LP format model from file E:\codes\ExactEBRP\results\gf_c0_mechanism_transfer_c5_round30\development\V12_M1__c4_candidate__60s\external\models\L2.0.0.0.0.0.1.0.lp
Reading time = 0.01 seconds
obj: 6225 rows, 648 columns, 59365 nonzeros
Set parameter TimeLimit to value 39.133787
Warning: unknown variable 'r_max' in bounds section (line 6696)
Warning: unknown variable 'r_min' in bounds section (line 6697)
Read LP format model from file E:\codes\ExactEBRP\results\gf_c0_mechanism_transfer_c5_round30\development\V12_M1__c4_candidate__60s\external\models\L2.0.0.0.0.0.1.1.lp
Reading time = 0.01 seconds
obj: 6225 rows, 648 columns, 59365 nonzeros
Set parameter TimeLimit to value 38.97564
Warning: unknown variable 'r_max' in bounds section (line 6696)
Warning: unknown variable 'r_min' in bounds section (line 6697)
Read LP format model from file E:\codes\ExactEBRP\results\gf_c0_mechanism_transfer_c5_round30\development\V12_M1__c4_candidate__60s\external\models\L2.0.0.0.1.0.0.1.0.lp
Reading time = 0.01 seconds
obj: 6225 rows, 648 columns, 59365 nonzeros
Set parameter TimeLimit to value 38.3864346
Warning: unknown variable 'r_max' in bounds section (line 6696)
Warning: unknown variable 'r_min' in bounds section (line 6697)
Read LP format model from file E:\codes\ExactEBRP\results\gf_c0_mechanism_transfer_c5_round30\development\V12_M1__c4_candidate__60s\external\models\L2.0.0.0.1.0.0.1.1.lp
Reading time = 0.02 seconds
obj: 6225 rows, 648 columns, 59365 nonzeros
Set parameter TimeLimit to value 38.2228592
Warning: unknown variable 'r_max' in bounds section (line 6696)
Warning: unknown variable 'r_min' in bounds section (line 6697)
Read LP format model from file E:\codes\ExactEBRP\results\gf_c0_mechanism_transfer_c5_round30\development\V12_M1__c4_candidate__60s\external\models\L2.0.0.1.0.0.lp
Reading time = 0.02 seconds
obj: 6225 rows, 648 columns, 59365 nonzeros
Set parameter TimeLimit to value 37.4184942
Warning: unknown variable 'r_max' in bounds section (line 6696)
Warning: unknown variable 'r_min' in bounds section (line 6697)
Read LP format model from file E:\codes\ExactEBRP\results\gf_c0_mechanism_transfer_c5_round30\development\V12_M1__c4_candidate__60s\external\models\L2.0.0.1.0.1.lp
Reading time = 0.02 seconds
obj: 6225 rows, 648 columns, 59365 nonzeros
Set parameter TimeLimit to value 37.2595395
Warning: unknown variable 'r_max' in bounds section (line 6696)
Warning: unknown variable 'r_min' in bounds section (line 6697)
Read LP format model from file E:\codes\ExactEBRP\results\gf_c0_mechanism_transfer_c5_round30\development\V12_M1__c4_candidate__60s\external\models\L2.0.0.0.1.0.1.0.0.lp
Reading time = 0.02 seconds
obj: 6225 rows, 648 columns, 59365 nonzeros
Set parameter TimeLimit to value 36.6851876
Warning: unknown variable 'r_max' in bounds section (line 6696)
Warning: unknown variable 'r_min' in bounds section (line 6697)
Read LP format model from file E:\codes\ExactEBRP\results\gf_c0_mechanism_transfer_c5_round30\development\V12_M1__c4_candidate__60s\external\models\L2.0.0.0.1.0.1.0.1.lp
Reading time = 0.01 seconds
obj: 6225 rows, 648 columns, 59365 nonzeros
Set parameter TimeLimit to value 36.5238235
Warning: unknown variable 'r_max' in bounds section (line 6696)
Warning: unknown variable 'r_min' in bounds section (line 6697)
Read LP format model from file E:\codes\ExactEBRP\results\gf_c0_mechanism_transfer_c5_round30\development\V12_M1__c4_candidate__60s\external\models\L2.0.0.0.1.1.0.0.lp
Reading time = 0.01 seconds
obj: 6225 rows, 648 columns, 59365 nonzeros
Set parameter TimeLimit to value 35.7220968
Warning: unknown variable 'r_max' in bounds section (line 6696)
Warning: unknown variable 'r_min' in bounds section (line 6697)
Read LP format model from file E:\codes\ExactEBRP\results\gf_c0_mechanism_transfer_c5_round30\development\V12_M1__c4_candidate__60s\external\models\L2.0.0.0.1.1.0.1.lp
Reading time = 0.01 seconds
obj: 6225 rows, 648 columns, 59365 nonzeros
Set parameter TimeLimit to value 35.5616724
Warning: unknown variable 'r_max' in bounds section (line 6696)
Warning: unknown variable 'r_min' in bounds section (line 6697)
Read LP format model from file E:\codes\ExactEBRP\results\gf_c0_mechanism_transfer_c5_round30\development\V12_M1__c4_candidate__60s\external\models\L2.0.0.0.0.0.1.1.0.lp
Reading time = 0.01 seconds
obj: 6225 rows, 648 columns, 59365 nonzeros
Set parameter TimeLimit to value 35.3960979
Warning: unknown variable 'r_max' in bounds section (line 6696)
Warning: unknown variable 'r_min' in bounds section (line 6697)
Read LP format model from file E:\codes\ExactEBRP\results\gf_c0_mechanism_transfer_c5_round30\development\V12_M1__c4_candidate__60s\external\models\L2.0.0.0.0.0.1.1.1.lp
Reading time = 0.02 seconds
obj: 6225 rows, 648 columns, 59365 nonzeros
Set parameter TimeLimit to value 35.2330148
Warning: unknown variable 'r_max' in bounds section (line 6696)
Warning: unknown variable 'r_min' in bounds section (line 6697)
Read LP format model from file E:\codes\ExactEBRP\results\gf_c0_mechanism_transfer_c5_round30\development\V12_M1__c4_candidate__60s\external\models\L2.0.0.0.1.0.1.1.0.lp
Reading time = 0.02 seconds
obj: 6225 rows, 648 columns, 59365 nonzeros
Set parameter TimeLimit to value 3.4605402600000005e+01
Warning: unknown variable 'r_max' in bounds section (line 6696)
Warning: unknown variable 'r_min' in bounds section (line 6697)
Read LP format model from file E:\codes\ExactEBRP\results\gf_c0_mechanism_transfer_c5_round30\development\V12_M1__c4_candidate__60s\external\models\L2.0.0.0.1.0.1.1.1.lp
Reading time = 0.01 seconds
obj: 6225 rows, 648 columns, 59365 nonzeros
Set parameter TimeLimit to value 3.4444652500000004e+01
Warning: unknown variable 'r_max' in bounds section (line 6696)
Warning: unknown variable 'r_min' in bounds section (line 6697)
Read LP format model from file E:\codes\ExactEBRP\results\gf_c0_mechanism_transfer_c5_round30\development\V12_M1__c4_candidate__60s\external\models\L2.0.0.0.1.1.0.0.0.lp
Reading time = 0.02 seconds
obj: 6225 rows, 648 columns, 59365 nonzeros
Set parameter TimeLimit to value 33.2332053
Warning: unknown variable 'r_max' in bounds section (line 6696)
Warning: unknown variable 'r_min' in bounds section (line 6697)
Read LP format model from file E:\codes\ExactEBRP\results\gf_c0_mechanism_transfer_c5_round30\development\V12_M1__c4_candidate__60s\external\models\L2.0.0.0.1.1.0.0.1.lp
Reading time = 0.02 seconds
obj: 6225 rows, 648 columns, 59365 nonzeros
Set parameter TimeLimit to value 33.0748255
Warning: unknown variable 'r_max' in bounds section (line 6696)
Warning: unknown variable 'r_min' in bounds section (line 6697)
Read LP format model from file E:\codes\ExactEBRP\results\gf_c0_mechanism_transfer_c5_round30\development\V12_M1__c4_candidate__60s\external\models\L2.0.0.1.0.0.0.lp
Reading time = 0.02 seconds
obj: 6225 rows, 648 columns, 59365 nonzeros
Set parameter TimeLimit to value 32.4125602
Warning: unknown variable 'r_max' in bounds section (line 6696)
Warning: unknown variable 'r_min' in bounds section (line 6697)
Read LP format model from file E:\codes\ExactEBRP\results\gf_c0_mechanism_transfer_c5_round30\development\V12_M1__c4_candidate__60s\external\models\L2.0.0.1.0.0.1.lp
Reading time = 0.02 seconds
obj: 6225 rows, 648 columns, 59365 nonzeros
Set parameter TimeLimit to value 32.2500068
Warning: unknown variable 'r_max' in bounds section (line 6696)
Warning: unknown variable 'r_min' in bounds section (line 6697)
Read LP format model from file E:\codes\ExactEBRP\results\gf_c0_mechanism_transfer_c5_round30\development\V12_M1__c4_candidate__60s\external\models\L2.0.0.0.1.1.1.0.lp
Reading time = 0.01 seconds
obj: 6225 rows, 648 columns, 59365 nonzeros
Set parameter TimeLimit to value 31.6075637
Warning: unknown variable 'r_max' in bounds section (line 6696)
Warning: unknown variable 'r_min' in bounds section (line 6697)
Read LP format model from file E:\codes\ExactEBRP\results\gf_c0_mechanism_transfer_c5_round30\development\V12_M1__c4_candidate__60s\external\models\L2.0.0.0.1.1.1.1.lp
Reading time = 0.02 seconds
obj: 6225 rows, 648 columns, 59365 nonzeros
Set parameter TimeLimit to value 3.1450161899999998e+01
Warning: unknown variable 'r_max' in bounds section (line 6696)
Warning: unknown variable 'r_min' in bounds section (line 6697)
Read LP format model from file E:\codes\ExactEBRP\results\gf_c0_mechanism_transfer_c5_round30\development\V12_M1__c4_candidate__60s\external\models\L2.0.0.0.1.1.0.1.0.lp
Reading time = 0.01 seconds
obj: 6225 rows, 648 columns, 59365 nonzeros
Set parameter TimeLimit to value 3.1084057200000004e+01
Warning: unknown variable 'r_max' in bounds section (line 6696)
Warning: unknown variable 'r_min' in bounds section (line 6697)
Read LP format model from file E:\codes\ExactEBRP\results\gf_c0_mechanism_transfer_c5_round30\development\V12_M1__c4_candidate__60s\external\models\L2.0.0.0.1.1.0.1.1.lp
Reading time = 0.01 seconds
obj: 6225 rows, 648 columns, 59365 nonzeros
Set parameter TimeLimit to value 30.926183
Warning: unknown variable 'r_max' in bounds section (line 6696)
Warning: unknown variable 'r_min' in bounds section (line 6697)
Read LP format model from file E:\codes\ExactEBRP\results\gf_c0_mechanism_transfer_c5_round30\development\V12_M1__c4_candidate__60s\external\models\L2.0.0.0.1.1.1.0.0.lp
Reading time = 0.02 seconds
obj: 6225 rows, 648 columns, 59365 nonzeros
Set parameter TimeLimit to value 2.9647347499999995e+01
Warning: unknown variable 'r_max' in bounds section (line 6696)
Warning: unknown variable 'r_min' in bounds section (line 6697)
Read LP format model from file E:\codes\ExactEBRP\results\gf_c0_mechanism_transfer_c5_round30\development\V12_M1__c4_candidate__60s\external\models\L2.0.0.0.1.1.1.0.1.lp
Reading time = 0.02 seconds
obj: 6225 rows, 648 columns, 59365 nonzeros
Set parameter TimeLimit to value 29.4879008
Warning: unknown variable 'r_max' in bounds section (line 6696)
Warning: unknown variable 'r_min' in bounds section (line 6697)
Read LP format model from file E:\codes\ExactEBRP\results\gf_c0_mechanism_transfer_c5_round30\development\V12_M1__c4_candidate__60s\external\models\L2.0.0.0.0.0.1.0.0.lp
Reading time = 0.01 seconds
obj: 6225 rows, 648 columns, 59365 nonzeros
Set parameter TimeLimit to value 2.9327321499999996e+01
Warning: unknown variable 'r_max' in bounds section (line 6696)
Warning: unknown variable 'r_min' in bounds section (line 6697)
Read LP format model from file E:\codes\ExactEBRP\results\gf_c0_mechanism_transfer_c5_round30\development\V12_M1__c4_candidate__60s\external\models\L2.0.0.0.0.0.1.0.1.lp
Reading time = 0.01 seconds
obj: 6225 rows, 648 columns, 59365 nonzeros
Set parameter TimeLimit to value 29.1696276
Warning: unknown variable 'r_max' in bounds section (line 6696)
Warning: unknown variable 'r_min' in bounds section (line 6697)
Read LP format model from file E:\codes\ExactEBRP\results\gf_c0_mechanism_transfer_c5_round30\development\V12_M1__c4_candidate__60s\external\models\L2.0.0.1.0.0.0.0.lp
Reading time = 0.02 seconds
obj: 6225 rows, 648 columns, 59365 nonzeros
Set parameter TimeLimit to value 2.7936812599999996e+01
Warning: unknown variable 'r_max' in bounds section (line 6696)
Warning: unknown variable 'r_min' in bounds section (line 6697)
Read LP format model from file E:\codes\ExactEBRP\results\gf_c0_mechanism_transfer_c5_round30\development\V12_M1__c4_candidate__60s\external\models\L2.0.0.1.0.0.0.1.lp
Reading time = 0.01 seconds
obj: 6225 rows, 648 columns, 59365 nonzeros
Set parameter TimeLimit to value 2.7774516300000002e+01
Warning: unknown variable 'r_max' in bounds section (line 6696)
Warning: unknown variable 'r_min' in bounds section (line 6697)
Read LP format model from file E:\codes\ExactEBRP\results\gf_c0_mechanism_transfer_c5_round30\development\V12_M1__c4_candidate__60s\external\models\L2.0.0.0.1.1.1.1.0.lp
Reading time = 0.02 seconds
obj: 6225 rows, 648 columns, 59365 nonzeros
Set parameter TimeLimit to value 2.7405698799999996e+01
Warning: unknown variable 'r_max' in bounds section (line 6696)
Warning: unknown variable 'r_min' in bounds section (line 6697)
Read LP format model from file E:\codes\ExactEBRP\results\gf_c0_mechanism_transfer_c5_round30\development\V12_M1__c4_candidate__60s\external\models\L2.0.0.0.1.1.1.1.1.lp
Reading time = 0.02 seconds
obj: 6225 rows, 648 columns, 59365 nonzeros
Set parameter TimeLimit to value 27.2439174
Warning: unknown variable 'r_max' in bounds section (line 6696)
Warning: unknown variable 'r_min' in bounds section (line 6697)
Read LP format model from file E:\codes\ExactEBRP\results\gf_c0_mechanism_transfer_c5_round30\development\V12_M1__c4_candidate__60s\external\models\L2.0.0.1.0.0.0.0.0.lp
Reading time = 0.02 seconds
obj: 6225 rows, 648 columns, 59365 nonzeros
Set parameter TimeLimit to value 25.8549238
Warning: unknown variable 'r_max' in bounds section (line 6696)
Warning: unknown variable 'r_min' in bounds section (line 6697)
Read LP format model from file E:\codes\ExactEBRP\results\gf_c0_mechanism_transfer_c5_round30\development\V12_M1__c4_candidate__60s\external\models\L2.0.0.1.0.0.0.0.1.lp
Reading time = 0.02 seconds
obj: 6225 rows, 648 columns, 59365 nonzeros
Set parameter TimeLimit to value 25.6941242
Warning: unknown variable 'r_max' in bounds section (line 6696)
Warning: unknown variable 'r_min' in bounds section (line 6697)
Read LP format model from file E:\codes\ExactEBRP\results\gf_c0_mechanism_transfer_c5_round30\development\V12_M1__c4_candidate__60s\external\models\L1.1.1.1.0.lp
Reading time = 0.02 seconds
obj: 6225 rows, 648 columns, 59365 nonzeros
Set parameter TimeLimit to value 24.9958406
Warning: unknown variable 'r_max' in bounds section (line 6696)
Warning: unknown variable 'r_min' in bounds section (line 6697)
Read LP format model from file E:\codes\ExactEBRP\results\gf_c0_mechanism_transfer_c5_round30\development\V12_M1__c4_candidate__60s\external\models\L1.1.1.1.1.lp
Reading time = 0.02 seconds
obj: 6225 rows, 648 columns, 59365 nonzeros
Set parameter TimeLimit to value 24.8476912
Warning: unknown variable 'r_max' in bounds section (line 6696)
Warning: unknown variable 'r_min' in bounds section (line 6697)
Read LP format model from file E:\codes\ExactEBRP\results\gf_c0_mechanism_transfer_c5_round30\development\V12_M1__c4_candidate__60s\external\models\L2.0.0.1.0.0.1.0.lp
Reading time = 0.02 seconds
obj: 6225 rows, 648 columns, 59365 nonzeros
Set parameter TimeLimit to value 24.1587037
Warning: unknown variable 'r_max' in bounds section (line 6696)
Warning: unknown variable 'r_min' in bounds section (line 6697)
Read LP format model from file E:\codes\ExactEBRP\results\gf_c0_mechanism_transfer_c5_round30\development\V12_M1__c4_candidate__60s\external\models\L2.0.0.1.0.0.1.1.lp
Reading time = 0.01 seconds
obj: 6225 rows, 648 columns, 59365 nonzeros
Set parameter TimeLimit to value 24.0016382
Warning: unknown variable 'r_max' in bounds section (line 6696)
Warning: unknown variable 'r_min' in bounds section (line 6697)
Read LP format model from file E:\codes\ExactEBRP\results\gf_c0_mechanism_transfer_c5_round30\development\V12_M1__c4_candidate__60s\external\models\L2.0.0.1.0.0.0.1.0.lp
Reading time = 0.02 seconds
obj: 6225 rows, 648 columns, 59365 nonzeros
Set parameter TimeLimit to value 23.8465729
Warning: unknown variable 'r_max' in bounds section (line 6696)
Warning: unknown variable 'r_min' in bounds section (line 6697)
Read LP format model from file E:\codes\ExactEBRP\results\gf_c0_mechanism_transfer_c5_round30\development\V12_M1__c4_candidate__60s\external\models\L2.0.0.1.0.0.0.1.1.lp
Reading time = 0.02 seconds
obj: 6225 rows, 648 columns, 59365 nonzeros
Set parameter TimeLimit to value 23.6881575
Warning: unknown variable 'r_max' in bounds section (line 6696)
Warning: unknown variable 'r_min' in bounds section (line 6697)
Read LP format model from file E:\codes\ExactEBRP\results\gf_c0_mechanism_transfer_c5_round30\development\V12_M1__c4_candidate__60s\external\models\L2.0.0.1.0.0.1.0.0.lp
Reading time = 0.02 seconds
obj: 6225 rows, 648 columns, 59365 nonzeros
Set parameter TimeLimit to value 2.2023464500000003e+01
Warning: unknown variable 'r_max' in bounds section (line 6696)
Warning: unknown variable 'r_min' in bounds section (line 6697)
Read LP format model from file E:\codes\ExactEBRP\results\gf_c0_mechanism_transfer_c5_round30\development\V12_M1__c4_candidate__60s\external\models\L2.0.0.1.0.0.1.0.1.lp
Reading time = 0.01 seconds
obj: 6225 rows, 648 columns, 59365 nonzeros
Set parameter TimeLimit to value 2.1866526899999997e+01
Warning: unknown variable 'r_max' in bounds section (line 6696)
Warning: unknown variable 'r_min' in bounds section (line 6697)
Read LP format model from file E:\codes\ExactEBRP\results\gf_c0_mechanism_transfer_c5_round30\development\V12_M1__c4_candidate__60s\external\models\L2.0.0.1.0.0.1.1.0.lp
Reading time = 0.02 seconds
obj: 6225 rows, 648 columns, 59365 nonzeros
Set parameter TimeLimit to value 1.9181026699999997e+01
Warning: unknown variable 'r_max' in bounds section (line 6696)
Warning: unknown variable 'r_min' in bounds section (line 6697)
Read LP format model from file E:\codes\ExactEBRP\results\gf_c0_mechanism_transfer_c5_round30\development\V12_M1__c4_candidate__60s\external\models\L2.0.0.1.0.0.1.1.1.lp
Reading time = 0.02 seconds
obj: 6225 rows, 648 columns, 59365 nonzeros
Set parameter TimeLimit to value 1.8989380599999997e+01
Warning: unknown variable 'r_max' in bounds section (line 6696)
Warning: unknown variable 'r_min' in bounds section (line 6697)
Read LP format model from file E:\codes\ExactEBRP\results\gf_c0_mechanism_transfer_c5_round30\development\V12_M1__c4_candidate__60s\external\models\L2.0.0.1.0.1.0.lp
Reading time = 0.02 seconds
obj: 6225 rows, 648 columns, 59365 nonzeros
Set parameter TimeLimit to value 1.8833164600000003e+01
Warning: unknown variable 'r_max' in bounds section (line 6696)
Warning: unknown variable 'r_min' in bounds section (line 6697)
Read LP format model from file E:\codes\ExactEBRP\results\gf_c0_mechanism_transfer_c5_round30\development\V12_M1__c4_candidate__60s\external\models\L2.0.0.1.0.1.1.lp
Reading time = 0.02 seconds
obj: 6225 rows, 648 columns, 59365 nonzeros
Set parameter TimeLimit to value 1.8674705099999997e+01
Warning: unknown variable 'r_max' in bounds section (line 6696)
Warning: unknown variable 'r_min' in bounds section (line 6697)
Read LP format model from file E:\codes\ExactEBRP\results\gf_c0_mechanism_transfer_c5_round30\development\V12_M1__c4_candidate__60s\external\models\L2.0.0.1.0.1.0.0.lp
Reading time = 0.01 seconds
obj: 6225 rows, 648 columns, 59365 nonzeros
Set parameter TimeLimit to value 1.7012110300000003e+01
Warning: unknown variable 'r_max' in bounds section (line 6696)
Warning: unknown variable 'r_min' in bounds section (line 6697)
Read LP format model from file E:\codes\ExactEBRP\results\gf_c0_mechanism_transfer_c5_round30\development\V12_M1__c4_candidate__60s\external\models\L2.0.0.1.0.1.0.1.lp
Reading time = 0.02 seconds
obj: 6225 rows, 648 columns, 59365 nonzeros
Set parameter TimeLimit to value 1.6858841599999998e+01
Warning: unknown variable 'r_max' in bounds section (line 6696)
Warning: unknown variable 'r_min' in bounds section (line 6697)
Read LP format model from file E:\codes\ExactEBRP\results\gf_c0_mechanism_transfer_c5_round30\development\V12_M1__c4_candidate__60s\external\models\L2.0.0.1.0.1.0.0.0.lp
Reading time = 0.02 seconds
obj: 6225 rows, 648 columns, 59365 nonzeros
Set parameter TimeLimit to value 16.6984457
Warning: unknown variable 'r_max' in bounds section (line 6696)
Warning: unknown variable 'r_min' in bounds section (line 6697)
Read LP format model from file E:\codes\ExactEBRP\results\gf_c0_mechanism_transfer_c5_round30\development\V12_M1__c4_candidate__60s\external\models\L2.0.0.1.0.1.0.0.1.lp
Reading time = 0.02 seconds
obj: 6225 rows, 648 columns, 59365 nonzeros
Set parameter TimeLimit to value 1.6543627700000002e+01
Warning: unknown variable 'r_max' in bounds section (line 6696)
Warning: unknown variable 'r_min' in bounds section (line 6697)
Read LP format model from file E:\codes\ExactEBRP\results\gf_c0_mechanism_transfer_c5_round30\development\V12_M1__c4_candidate__60s\external\models\L2.0.0.0.0.0.0.0.lp
Reading time = 0.01 seconds
obj: 6225 rows, 648 columns, 59365 nonzeros
Set parameter TimeLimit to value 1.6386034100000003e+01
Warning: unknown variable 'r_max' in bounds section (line 6696)
Warning: unknown variable 'r_min' in bounds section (line 6697)
Read LP format model from file E:\codes\ExactEBRP\results\gf_c0_mechanism_transfer_c5_round30\development\V12_M1__c4_candidate__60s\external\models\L2.0.0.0.0.0.0.1.lp
Reading time = 0.02 seconds
obj: 6225 rows, 648 columns, 59365 nonzeros
Set parameter TimeLimit to value 1.6222707399999997e+01
Warning: unknown variable 'r_max' in bounds section (line 6696)
Warning: unknown variable 'r_min' in bounds section (line 6697)
Read LP format model from file E:\codes\ExactEBRP\results\gf_c0_mechanism_transfer_c5_round30\development\V12_M1__c4_candidate__60s\external\models\L2.0.0.0.0.0.0.1.0.lp
Reading time = 0.02 seconds
obj: 6225 rows, 648 columns, 59365 nonzeros
Set parameter TimeLimit to value 1.4424459599999999e+01
Warning: unknown variable 'r_max' in bounds section (line 6696)
Warning: unknown variable 'r_min' in bounds section (line 6697)
Read LP format model from file E:\codes\ExactEBRP\results\gf_c0_mechanism_transfer_c5_round30\development\V12_M1__c4_candidate__60s\external\models\L2.0.0.0.0.0.0.1.1.lp
Reading time = 0.02 seconds
obj: 6225 rows, 648 columns, 59365 nonzeros
Set parameter TimeLimit to value 1.4258865200000002e+01
Warning: unknown variable 'r_max' in bounds section (line 6696)
Warning: unknown variable 'r_min' in bounds section (line 6697)
Read LP format model from file E:\codes\ExactEBRP\results\gf_c0_mechanism_transfer_c5_round30\development\V12_M1__c4_candidate__60s\external\models\L2.0.0.1.0.1.0.1.0.lp
Reading time = 0.01 seconds
obj: 6225 rows, 648 columns, 59365 nonzeros
Set parameter TimeLimit to value 14.0940413
Warning: unknown variable 'r_max' in bounds section (line 6696)
Warning: unknown variable 'r_min' in bounds section (line 6697)
Read LP format model from file E:\codes\ExactEBRP\results\gf_c0_mechanism_transfer_c5_round30\development\V12_M1__c4_candidate__60s\external\models\L2.0.0.1.0.1.0.1.1.lp
Reading time = 0.01 seconds
obj: 6225 rows, 648 columns, 59365 nonzeros
Set parameter TimeLimit to value 1.3937478400000003e+01
Warning: unknown variable 'r_max' in bounds section (line 6696)
Warning: unknown variable 'r_min' in bounds section (line 6697)
Read LP format model from file E:\codes\ExactEBRP\results\gf_c0_mechanism_transfer_c5_round30\development\V12_M1__c4_candidate__60s\external\models\L2.0.0.1.0.1.1.0.lp
Reading time = 0.02 seconds
obj: 6225 rows, 648 columns, 59365 nonzeros
Set parameter TimeLimit to value 1.1402243200000001e+01
Warning: unknown variable 'r_max' in bounds section (line 6696)
Warning: unknown variable 'r_min' in bounds section (line 6697)
Read LP format model from file E:\codes\ExactEBRP\results\gf_c0_mechanism_transfer_c5_round30\development\V12_M1__c4_candidate__60s\external\models\L2.0.0.1.0.1.1.1.lp
Reading time = 0.01 seconds
obj: 6225 rows, 648 columns, 59365 nonzeros
Set parameter TimeLimit to value 1.1243518299999998e+01
Warning: unknown variable 'r_max' in bounds section (line 6696)
Warning: unknown variable 'r_min' in bounds section (line 6697)
Read LP format model from file E:\codes\ExactEBRP\results\gf_c0_mechanism_transfer_c5_round30\development\V12_M1__c4_candidate__60s\external\models\L2.0.0.1.0.1.1.0.0.lp
Reading time = 0.02 seconds
obj: 6225 rows, 648 columns, 59365 nonzeros
Set parameter TimeLimit to value 1.1084821499999997e+01
Warning: unknown variable 'r_max' in bounds section (line 6696)
Warning: unknown variable 'r_min' in bounds section (line 6697)
Read LP format model from file E:\codes\ExactEBRP\results\gf_c0_mechanism_transfer_c5_round30\development\V12_M1__c4_candidate__60s\external\models\L2.0.0.1.0.1.1.0.1.lp
Reading time = 0.02 seconds
obj: 6225 rows, 648 columns, 59365 nonzeros
Set parameter TimeLimit to value 1.0923974800000003e+01
Warning: unknown variable 'r_max' in bounds section (line 6696)
Warning: unknown variable 'r_min' in bounds section (line 6697)
Read LP format model from file E:\codes\ExactEBRP\results\gf_c0_mechanism_transfer_c5_round30\development\V12_M1__c4_candidate__60s\external\models\L2.0.0.1.1.0.lp
Reading time = 0.02 seconds
obj: 6225 rows, 648 columns, 59365 nonzeros
Set parameter TimeLimit to value 9.6467196999999985e+00
Warning: unknown variable 'r_max' in bounds section (line 6696)
Warning: unknown variable 'r_min' in bounds section (line 6697)
Read LP format model from file E:\codes\ExactEBRP\results\gf_c0_mechanism_transfer_c5_round30\development\V12_M1__c4_candidate__60s\external\models\L2.0.0.1.1.1.lp
Reading time = 0.01 seconds
obj: 6225 rows, 648 columns, 59365 nonzeros
Set parameter TimeLimit to value 9.4789992999999981e+00
Warning: unknown variable 'r_max' in bounds section (line 6696)
Warning: unknown variable 'r_min' in bounds section (line 6697)
Read LP format model from file E:\codes\ExactEBRP\results\gf_c0_mechanism_transfer_c5_round30\development\V12_M1__c4_candidate__60s\external\models\L2.0.0.1.0.1.1.1.0.lp
Reading time = 0.02 seconds
obj: 6225 rows, 648 columns, 59365 nonzeros
Set parameter TimeLimit to value 8.3387348999999986e+00
Warning: unknown variable 'r_max' in bounds section (line 6696)
Warning: unknown variable 'r_min' in bounds section (line 6697)
Read LP format model from file E:\codes\ExactEBRP\results\gf_c0_mechanism_transfer_c5_round30\development\V12_M1__c4_candidate__60s\external\models\L2.0.0.1.0.1.1.1.1.lp
Reading time = 0.01 seconds
obj: 6225 rows, 648 columns, 59365 nonzeros
Set parameter TimeLimit to value 8.1823102000000034e+00
Warning: unknown variable 'r_max' in bounds section (line 6696)
Warning: unknown variable 'r_min' in bounds section (line 6697)
Read LP format model from file E:\codes\ExactEBRP\results\gf_c0_mechanism_transfer_c5_round30\development\V12_M1__c4_candidate__60s\external\models\L2.0.0.1.1.0.0.lp
Reading time = 0.02 seconds
obj: 6225 rows, 648 columns, 59365 nonzeros
Set parameter TimeLimit to value 6.7202576999999977e+00
Warning: unknown variable 'r_max' in bounds section (line 6696)
Warning: unknown variable 'r_min' in bounds section (line 6697)
Read LP format model from file E:\codes\ExactEBRP\results\gf_c0_mechanism_transfer_c5_round30\development\V12_M1__c4_candidate__60s\external\models\L2.0.0.1.1.0.1.lp
Reading time = 0.01 seconds
obj: 6225 rows, 648 columns, 59365 nonzeros
Set parameter TimeLimit to value 6.5619147999999967e+00
Warning: unknown variable 'r_max' in bounds section (line 6696)
Warning: unknown variable 'r_min' in bounds section (line 6697)
Read LP format model from file E:\codes\ExactEBRP\results\gf_c0_mechanism_transfer_c5_round30\development\V12_M1__c4_candidate__60s\external\models\L2.0.0.1.1.0.0.0.lp
Reading time = 0.02 seconds
obj: 6225 rows, 648 columns, 59365 nonzeros
Set parameter TimeLimit to value 2.9644120000000029e+00
Warning: unknown variable 'r_max' in bounds section (line 6696)
Warning: unknown variable 'r_min' in bounds section (line 6697)
Read LP format model from file E:\codes\ExactEBRP\results\gf_c0_mechanism_transfer_c5_round30\development\V12_M1__c4_candidate__60s\external\models\L2.0.0.1.1.0.0.1.lp
Reading time = 0.01 seconds
obj: 6225 rows, 648 columns, 59365 nonzeros
Set parameter TimeLimit to value 2.7981347999999997e+00
Warning: unknown variable 'r_max' in bounds section (line 6696)
Warning: unknown variable 'r_min' in bounds section (line 6697)
Read LP format model from file E:\codes\ExactEBRP\results\gf_c0_mechanism_transfer_c5_round30\development\V12_M1__c4_candidate__60s\external\models\L2.0.0.1.1.0.0.0.0.lp
Reading time = 0.02 seconds
obj: 6225 rows, 648 columns, 59365 nonzeros
Set parameter TimeLimit to value 2.4216426999999996e+00
Warning: unknown variable 'r_max' in bounds section (line 6696)
Warning: unknown variable 'r_min' in bounds section (line 6697)
Read LP format model from file E:\codes\ExactEBRP\results\gf_c0_mechanism_transfer_c5_round30\development\V12_M1__c4_candidate__60s\external\models\L2.0.0.1.1.0.0.0.1.lp
Reading time = 0.01 seconds
obj: 6225 rows, 648 columns, 59365 nonzeros
Set parameter TimeLimit to value 2.2611388999999988e+00
