Version identifier: 22.1.1.0 | 2022-11-27 | 9160aff4d
CPXPARAM_Preprocessing_Reduce                    0
CPXPARAM_Preprocessing_Linear                    0
CPXPARAM_Threads                                 1
CPXPARAM_MIP_Strategy_Search                     1
CPXPARAM_TimeLimit                               162.90604020000001
CPXPARAM_MIP_Tolerances_AbsMIPGap                0
CPXPARAM_MIP_Tolerances_MIPGap                   0
Generic callback                                 0xf8
Tried aggregator 0 times.
Reduced MIP has 11351 rows, 1032 columns, and 113440 nonzeros.
Reduced MIP has 434 binaries, 84 generals, 0 SOSs, and 0 indicators.
Presolve time = 0.00 sec. (3.00 ticks)
Probing fixed 0 vars, tightened 10 bounds.
Probing time = 0.02 sec. (82.49 ticks)
Clique table members: 6297.
MIP emphasis: balance optimality and feasibility.
MIP search method: traditional branch-and-cut.
Parallel mode: none, using 1 thread.
Root relaxation solution time = 0.11 sec. (125.18 ticks)

        Nodes                                         Cuts/
   Node  Left     Objective  IInf  Best Integer    Best Bound    ItCnt     Gap         Variable B NodeID Parent  Depth

      0     0        0.3364   146                      0.3364     1160         
      0     0        0.3586   163                   Cuts: 105     1587         
      0     0        0.3731   184                   Cuts: 196     1991         
      0     0        0.3744   193                    Cuts: 88     2125         
      0     0        0.3752   176                    Cuts: 56     2240         
      0     0        0.3756   179                    Cuts: 37     2339         
      0     0        0.3756   180                    Cuts: 55     2420         
      0     0        0.3759   164                    Cuts: 22     2455         
      0     0        0.3759   164                    Cuts: 31     2480         
      0     2        0.3759   162                      0.3759     2480                                 0             0
Elapsed time = 3.34 sec. (6373.67 ticks, tree = 0.01 MB, solutions = 0)
      2     2        0.5976   150                      0.5976     5336                          X      2      0      1
      5     3        0.6221   151                      0.6118     8903                          X      5      3      3
      6     4        0.6650   140                      0.6221     9817                          X      6      3      3
     10     6        0.6558   148                      0.6503    10409                          X     10      8      5
     17     7    infeasible                            0.6558    10976                          X     17     16      9
     19     9        0.6597   145                      0.6558    11138                          X     19     18     10
     20    10        0.6597   148                      0.6558    11196                          X     20     18     10
     21    11        0.6597   146                      0.6558    11201                  bit_3_5 D     21     19     11
     28    13        0.6626   142                      0.6558    11657                          X     28     27      8
     39    24        0.6634   155                      0.6558    12026                  bit_8_3 D     39     38     16
Elapsed time = 6.44 sec. (13134.78 ticks, tree = 1.18 MB, solutions = 0)
     49    32        0.6729   150                      0.6558    12690                  x_0_0_2 D     49     47     23
     67    38        0.6596   141                      0.6576    14455                          X     67     65      9
     87    49        0.6627   152                      0.6588    16311                      Y_1 D     87     85     12
    107    51    infeasible                            0.6597    18213                 mode_1_1 U    107    105     12
    134    74        0.6734   125                      0.6597    20000                  x_1_5_8 D    134    133     13
    170    96        0.6615   129                      0.6598    21950                 mode_1_1 D    170    169     11
    181    93        0.6604   142                      0.6598    23718                  bit_1_5 N    181     84     11
    192    86    infeasible                            0.6599    26058                  bit_1_5 U    192     69     11
    208    86        0.6641   141                      0.6600    28890                      Y_1 N    208     71     12
    235    99        0.6792   114                      0.6601    31655                    z_1_8 D    235    233     14
Elapsed time = 11.23 sec. (23272.53 ticks, tree = 5.12 MB, solutions = 0)
    257    99    infeasible                            0.6608    34657                    z_1_8 D    257    255     13
    278   102    infeasible                            0.6615    37044                      Y_7 U    278    276     17
    301   111        0.6628   139                      0.6617    39504                 mode_1_1 D    301    230     11
    324   124        0.6655   145                      0.6618    41301                          X    324    321     10
    364   145        0.6719   134                      0.6618    44150                    z_1_7 U    364    363     12
    383   142        0.6821   155                      0.6623    47990                 mode_1_1 N    383    362     11
    409   152        0.6757   135                      0.6630    51071                    z_1_7 N    409    386     11
    440   169        0.6683   114                      0.6632    53885                    z_1_8 N    440    186     12
    464   177        0.6637   146                      0.6634    57335                          X    464     31     10
    494   195    infeasible                            0.6634    60687                  bit_3_5 U    494     36     14
Elapsed time = 15.55 sec. (33873.26 ticks, tree = 10.21 MB, solutions = 0)
    509   202        0.6736   140                      0.6634    64068                      Y_7 U    509    507     20
    524   201    infeasible                            0.6637    67446                 mode_1_1 U    524    523     13
    545   206        0.6814   134                      0.6641    70855                 mode_1_1 U    545    544     11
    575   218        0.6656   144                      0.6647    73101                 mode_1_1 N    575    544     11
    606   235        0.6885   123                      0.6648    75479                      Y_1 U    606    605     19
    646   255        0.6684   127                      0.6650    78396                    z_1_8 N    646    280     12
    679   276        0.7073   104                      0.6650    81521                          X    679    676      7
    707   302        0.7124    75                      0.6650    83544                  x_0_8_5 U    707    705     28
    732   321        0.6677   145                      0.6650    85680                          X    732    730      9
    765   340        0.6814   130                      0.6651    88132                 mode_1_1 U    765    536     11
Elapsed time = 20.02 sec. (43873.05 ticks, tree = 17.39 MB, solutions = 0)
    790   341        0.6696   141                      0.6656    91468                      r_8 D    790    781     13
    816   349        0.6752   152                      0.6658    95155                    z_1_7 D    816    814     11
    853   368    infeasible                            0.6663    98218                  bit_1_5 U    853    272     13
    883   384    infeasible                            0.6666   101479                  bit_1_5 U    883    293     13
    917   412        0.7072    98                      0.6668   104252                   z_0_10 U    917    915     31
    950   427    infeasible                            0.6670   107545                    z_1_7 D    950    949     15
    981   444        0.6938    94                      0.6674   110319                      Y_1 D    981    979     26
   1009   454        0.6690   158                      0.6681   114080                 mode_1_1 N   1009    734     11
   1046   483    infeasible                            0.6682   116994                    z_0_6 U   1046   1045     24
   1070   495        0.6969   118                      0.6684   120133                  x_1_5_8 D   1070   1069     17
Elapsed time = 24.25 sec. (53822.49 ticks, tree = 25.62 MB, solutions = 0)
   1087   498    infeasible                            0.6685   123708                    z_1_4 D   1087   1086     15
   1124   518        0.6739   115                      0.6690   126401                  x_1_5_8 N   1124    326     13
   1142   522    infeasible                            0.6692   129362                  x_1_5_8 D   1142   1141     18
   1165   541        0.6989   108                      0.6699   132240                  bit_9_3 U   1165   1164     25
   1192   548    infeasible                            0.6701   135562                    z_1_7 D   1192   1091     12
   1206   556        0.6842   143                      0.6704   137819                  bit_1_5 U   1206    327     14
   1223   560        0.6801   135                      0.6709   140611                    z_1_7 D   1223   1222     11
   1271   604        0.6886   115                      0.6710   143383                      Y_1 U   1271   1269     23
   1316   633        0.6824   111                      0.6717   146103                      Y_1 D   1316   1315     19
   1345   650        0.6905   122                      0.6720   149708                      Y_7 U   1345   1344     13
Elapsed time = 28.44 sec. (63642.28 ticks, tree = 33.77 MB, solutions = 0)
   1374   663        0.6759   124                      0.6723   152677                    z_0_4 N   1374    953     14
   1418   681    infeasible                            0.6726   155771                 bit_11_5 U   1418    152     13
   1438   689        0.6969   118                      0.6728   158922                    z_0_6 U   1438   1437     22
   1488   719    infeasible                            0.6730   161029                  x_1_5_8 U   1488    153     14
   1512   725    infeasible                            0.6732   163947                  bit_3_5 U   1512    117     18
   1529   714        0.6782   138                      0.6736   166868                    z_1_7 U   1529   1222     11
   1548   715    infeasible                            0.6737   169620                    z_1_7 D   1548   1427     12
   1563   712    infeasible                            0.6739   172466                    z_1_8 D   1563   1561     14
   1602   727    infeasible                            0.6740   175404                  x_0_5_8 U   1602     50     25
   1625   714    infeasible                            0.6744   178185                    z_1_7 U   1625   1624     23
Elapsed time = 32.97 sec. (73554.49 ticks, tree = 37.46 MB, solutions = 0)
   1662   731        0.6789   149                      0.6746   181547                          X   1662    885      7
   1698   755        0.6793   147                      0.6746   184601                    z_1_7 U   1698   1697     12
   1720   759        0.6758   146                      0.6749   187368                 mode_1_1 D   1720    891     11
   1760   785        0.7004   136                      0.6750   190273                  bit_1_5 D   1760   1759     18
   1786   789        0.6918   149                      0.6754   193164                    z_0_8 U   1786   1785     17
   1812   781    infeasible                            0.6757   196197                    z_1_7 D   1812   1697     12
   1825   782        0.7010   154                      0.6758   198700                    z_0_1 D   1825   1823     14
   1857   794    infeasible                            0.6760   202086                 mode_1_1 D   1857   1855     21
   1877   788    infeasible                            0.6762   205030                    z_1_7 D   1877   1720     12
   1909   796        0.6804   122                      0.6767   207790                    z_0_4 U   1909    967     15
Elapsed time = 37.58 sec. (83573.64 ticks, tree = 41.55 MB, solutions = 0)
   1946   825    infeasible                            0.6767   210846                  bit_7_1 U   1946   1945     39
   1964   825    infeasible                            0.6772   214197                 mode_1_1 U   1964    499     23
   1987   832    infeasible                            0.6775   217134                  bit_7_5 U   1987   1985     14
   2012   831    infeasible                            0.6777   219400                  bit_7_5 U   2012   2010     14
   2038   841        0.6916   155                      0.6778   222515                  bit_1_5 U   2038   2036     14
   2074   857        0.7033   140                      0.6779   225653                    z_1_4 D   2074   2073     20
   2108   857    infeasible                            0.6784   228161                  bit_8_3 U   2108   1383     14
   2123   852        0.6970   129                      0.6787   230390                 mode_1_1 D   2123   2122     18
   2152   849    infeasible                            0.6788   233056                  x_1_5_8 U   2152    273     14
   2187   868        0.7137   103                      0.6789   235962                      Y_7 U   2187   2186     28
Elapsed time = 42.38 sec. (93771.60 ticks, tree = 45.20 MB, solutions = 0)
   2230   887        0.7171   106                      0.6789   238687                  x_0_0_4 D   2230   2229     36
   2259   898        0.6912   155                      0.6791   241867                  bit_1_5 N   2259   1311     15
   2283   902    infeasible                            0.6792   245160                    z_1_4 N   2283   1312     16
   2306   899    infeasible                            0.6794   247724                  bit_8_3 U   2306   1630     14
   2324   897        0.7014   145                      0.6796   250395                mode_0_11 U   2324   2323     16
   2346   901        0.7009   117                      0.6797   253283                    z_0_4 N   2346   2345     21
   2378   912    infeasible                            0.6800   255277                  bit_8_4 U   2378    315     20
   2423   937        0.6957   131                      0.6802   258316                  bit_7_3 U   2423   1723     15
   2445   933        0.6805   123                      0.6805   260874                  bit_7_2 D   2445   1967     17
   2582   996        0.7167   142                      0.6811   272655                  bit_1_5 U   2582   2580     18
Elapsed time = 48.22 sec. (106419.14 ticks, tree = 51.91 MB, solutions = 0)
   2703  1019    infeasible                            0.6819   282779                    z_1_7 D   2703   2702     13
   2850  1100        0.6904   135                      0.6822   291140                    z_0_4 U   2850    858     12
   3049  1227        0.6868   111                      0.6827   301255                      Y_7 U   3049   3048     20
   3232  1334        0.6940   110                      0.6833   311630                          X   3232   3229      9
   3357  1409        0.7010   113                      0.6834   324052                    z_0_4 D   3357   3356     21
   3552  1517        0.6948   102                      0.6838   335115                    z_0_1 U   3552   3551     22
   3736  1617    infeasible                            0.6844   346227                    z_0_1 D   3736   3396     16
   3839  1630        0.7049   153                      0.6848   357421                 mode_1_1 D   3839   2033     12
   3961  1652    infeasible                            0.6854   368950                    z_0_1 D   3961   3959     20
   4078  1673        0.6972   163                      0.6864   379635                  bit_7_1 U   4078   4076     15
Elapsed time = 65.91 sec. (144789.69 ticks, tree = 87.26 MB, solutions = 0)
   4201  1720        0.7173   124                      0.6868   390856                      Y_1 N   4201   4200     27
   4340  1768        0.7049   149                      0.6877   401056                 mode_1_1 D   4340   1666     12
   4462  1816    infeasible                            0.6882   412342                      r_8 D   4462   4460     14
   4550  1800    infeasible                            0.6891   422123                 bit_11_5 U   4550   1037     17
   4694  1842        0.7121   104                      0.6899   431970                  bit_9_5 U   4694   4691     25
   4818  1860    infeasible                            0.6905   441759                      r_8 D   4818   1969     19
   4903  1845    infeasible                            0.6911   450918                  x_1_5_8 U   4903   1002     14
   5016  1850        0.7025   126                      0.6916   461054                 mode_1_1 U   5016   5015     12
   5139  1879        0.7115   148                      0.6922   471745                mode_0_11 U   5139   5138     15
   5285  1929        0.7077   148                      0.6927   482772                 mode_1_1 D   5285   4185     13
Elapsed time = 86.05 sec. (183304.26 ticks, tree = 100.54 MB, solutions = 0)
   5408  1952    infeasible                            0.6932   494429                      r_8 D   5408   2024     14
   5531  1979    infeasible                            0.6936   505468                    z_0_8 D   5531   1802     17
   5628  1983        0.6983   143                      0.6940   517107                    z_1_7 D   5628   5627     11
   5756  2015        0.7012   137                      0.6943   529050                  bit_7_3 N   5756   3975     15
   5857  2010    infeasible                            0.6948   540617                    z_0_8 U   5857   1196     14
   5960  2013    infeasible                            0.6952   551925                    z_1_4 U   5960   2145     18
   6099  2070        0.7114   148                      0.6954   563237                  bit_7_3 D   6099   6098     16
   6190  2065        0.7008   138                      0.6961   574189                    z_1_7 D   6190   3236     12
   6288  2089    infeasible                            0.6967   586172                  x_1_5_8 U   6288   1183     14
   6409  2126        0.7181   109                      0.6972   598347                      Y_1 N   6409   6408     29
Elapsed time = 105.86 sec. (221951.34 ticks, tree = 110.95 MB, solutions = 0)
   6510  2133        0.7000   104                      0.6976   609778                          X   6510   6509      9
   6634  2167    infeasible                            0.6978   621925                    z_1_4 N   6634   3591     19
   6791  2218    infeasible                            0.6981   630905                 bit_11_5 U   6791   3098     22
   6910  2249        0.7157   100                      0.6983   642185                 bit_10_4 D   6910   6909     28
   7140  2364        0.7077   118                      0.6985   653422                  x_0_9_5 D   7140   7138     25
   7308  2416    infeasible                            0.6988   664801                mode_0_11 U   7308   7306     19
   7474  2465    infeasible                            0.6989   675901                  bit_8_4 U   7474   1403     30
   7635  2494        0.7030    79                      0.6992   686475                    z_1_7 U   7635   7322     12
   7778  2535        0.7119   120                      0.6994   697943                   z_1_10 U   7778   7776     25
   7924  2585    infeasible                            0.6997   709624                  bit_3_5 U   7924   7922     20
Elapsed time = 125.58 sec. (260255.92 ticks, tree = 134.95 MB, solutions = 0)
   8056  2609        0.7149   120                      0.6998   720348                    z_1_5 D   8056   8055     20
   8198  2651    infeasible                            0.7000   731957                      Y_1 D   8198   8196     31
   8306  2639        0.7043    82                      0.7003   742896                    z_1_7 U   8306   6512     11
   8368  2655        0.7081    84                      0.7004   749230                    z_1_5 N   8368   8367     21
   8479  2674    infeasible                            0.7005   757492                  bit_7_2 D   8479   1839     17
   8596  2685        0.7009   124                      0.7007   768646                    z_0_6 N   8596   4118     23
   8649  2698        0.7097   156                      0.7008   774698                 mode_1_1 N   8649   6249     13
   8815  2762        0.7119   133                      0.7009   786819                      r_8 N   8815   2500     17
   8950  2783    infeasible                            0.7011   798357                    z_0_4 U   8950   2018     20
   9072  2817    infeasible                            0.7013   809823                    z_1_5 D   9072   9071     27
Elapsed time = 144.16 sec. (298879.20 ticks, tree = 147.14 MB, solutions = 0)
   9168  2831        0.7052   145                      0.7014   821264                  bit_7_3 U   9168   6920     13
   9299  2830    infeasible                            0.7017   832411                 bit_11_5 U   9299   2399     22
   9455  2862        0.7163    81                      0.7018   844315                  bit_5_5 D   9455   9454     35
   9600  2883    infeasible                            0.7019   855341                    z_0_8 D   9600   9598     17
   9742  2899    infeasible                            0.7021   866546                    z_1_8 D   9742   4871     16
   9870  2923        0.7057   110                      0.7022   877690                    z_1_6 U   9870   9328     23
   9994  2931        0.7180   121                      0.7026   887526                  bit_3_4 U   9994   9992     26
  10124  2954    infeasible                            0.7028   898356                   z_1_10 D  10124  10123     20
  10262  2992    infeasible                            0.7029   907630                      Y_1 D  10262  10260     32
Advanced basis not built.

GUB cover cuts applied:  2
Clique cuts applied:  11
Cover cuts applied:  12
Implied bound cuts applied:  48
Flow cuts applied:  175
Mixed integer rounding cuts applied:  23
Zero-half cuts applied:  2
Gomory fractional cuts applied:  3

Root node processing (before b&c):
  Real time             =    3.31 sec. (6333.72 ticks)
Sequential b&c:
  Real time             =  159.61 sec. (327883.11 ticks)
                          ------------
Total (root+branch&cut) =  162.92 sec. (334216.83 ticks)
CPLEX Error  1217: No solution exists.
CPLEX Error  1217: No solution exists.
CPLEX Error  1217: No solution exists.
regen_candidate_V12_M2_average.txt gcap-frontier global_gini_tree_not_certified obj=0.718504 runtime=176.681 columns=0
