Version identifier: 22.1.1.0 | 2022-11-27 | 9160aff4d
CPXPARAM_Threads                                 1
CPXPARAM_MIP_Strategy_Search                     1
CPXPARAM_TimeLimit                               0.10000000000000001
CPXPARAM_MIP_Tolerances_AbsMIPGap                0
CPXPARAM_MIP_Tolerances_MIPGap                   0
Tried aggregator 2 times.
MIP Presolve eliminated 30 rows and 0 columns.
MIP Presolve modified 48 coefficients.
Aggregator did 13 substitutions.
Reduced MIP has 943 rows, 476 columns, and 3780 nonzeros.
Reduced MIP has 253 binaries, 48 generals, 0 SOSs, and 0 indicators.
Presolve time = 0.00 sec. (4.10 ticks)
Found incumbent of value 0.493696 after 0.00 sec. (5.64 ticks)
Probing fixed 0 vars, tightened 2 bounds.
Probing time = 0.00 sec. (3.01 ticks)
Cover probing fixed 0 vars, tightened 98 bounds.
Tried aggregator 2 times.
Detecting symmetries...
MIP Presolve eliminated 2 rows and 1 columns.
MIP Presolve modified 243 coefficients.
Aggregator did 11 substitutions.
Reduced MIP has 930 rows, 464 columns, and 3754 nonzeros.
Reduced MIP has 253 binaries, 48 generals, 0 SOSs, and 0 indicators.
Presolve time = 0.00 sec. (3.42 ticks)
Probing time = 0.00 sec. (2.66 ticks)
Clique table members: 224.
MIP emphasis: balance optimality and feasibility.
MIP search method: traditional branch-and-cut.
Parallel mode: none, using 1 thread.
Root relaxation solution time = 0.00 sec. (11.85 ticks)

        Nodes                                         Cuts/
   Node  Left     Objective  IInf  Best Integer    Best Bound    ItCnt     Gap         Variable B NodeID Parent  Depth

*     0+    0                            0.4937        0.0000           100.00%
      0     0        0.1844   117        0.4937        0.1844      397   62.66%
      0     0        0.2226   144        0.4937     Cuts: 197      530   54.90%
      0     0        0.2272   143        0.4937      Cuts: 50      583   53.97%
      0     0        0.2275   142        0.4937      Cuts: 22      602   53.92%
      0     0        0.2278   143        0.4937      Cuts: 11      613   53.85%
      0     0        0.2279   144        0.4937       Cuts: 9      625   53.84%
Detecting symmetries...
      0     0        0.2279   148        0.4937       Cuts: 9      636   53.84%

Clique cuts applied:  37
Implied bound cuts applied:  57
Mixed integer rounding cuts applied:  1
Zero-half cuts applied:  4
Lift and project cuts applied:  5
Gomory fractional cuts applied:  7

Root node processing (before b&c):
  Real time             =    0.11 sec. (183.03 ticks)
Sequential b&c:
  Real time             =    0.00 sec. (0.00 ticks)
                          ------------
Total (root+branch&cut) =    0.11 sec. (183.03 ticks)
