Version identifier: 22.1.1.0 | 2022-11-27 | 9160aff4d
CPXPARAM_Preprocessing_Presolve                  0
CPXPARAM_Preprocessing_Reduce                    0
CPXPARAM_Preprocessing_Linear                    0
CPXPARAM_Threads                                 1
CPXPARAM_MIP_Strategy_Search                     1
CPXPARAM_TimeLimit                               280.3531279
CPXPARAM_MIP_Tolerances_AbsMIPGap                0
CPXPARAM_MIP_Tolerances_MIPGap                   0
Generic callback                                 0xf8
Reduced MIP has 11351 rows, 1032 columns, and 113440 nonzeros.
Reduced MIP has 434 binaries, 84 generals, 0 SOSs, and 0 indicators.
Presolve time = 0.00 sec. (2.82 ticks)
Clique table members: 540.
MIP emphasis: balance optimality and feasibility.
MIP search method: traditional branch-and-cut.
Parallel mode: none, using 1 thread.
Root relaxation solution time = 0.14 sec. (239.03 ticks)

        Nodes                                         Cuts/
   Node  Left     Objective  IInf  Best Integer    Best Bound    ItCnt     Gap         Variable B NodeID Parent  Depth

      0     0        0.3364   146                      0.3364     1581         
      0     0        0.3614   159                   Cuts: 132     2021         
      0     0        0.3767   178                   Cuts: 166     2423         
      0     0        0.3776   184                    Cuts: 61     2570         
      0     0        0.3787   175                    Cuts: 55     2806         
      0     0        0.3787   182                    Cuts: 33     2863         
      0     0        0.3787   169                    Cuts: 14     2887         
      0     0        0.3788   166                    Cuts: 50     2926         
      0     2        0.3788   166                      0.3788     2926                                 0             0
Elapsed time = 3.69 sec. (8459.84 ticks, tree = 0.01 MB, solutions = 0)
      2     2        0.5973   165                      0.5973     5494                          X      2      0      1
      4     2    infeasible                            0.6115     6435                          X      4      2      2
      5     3        0.6209   149                      0.6115     8492                          X      5      3      3
      6     4        0.6650   146                      0.6209     9782                          X      6      3      3
      9     5        0.6488   150                      0.6435    10637                          X      9      8      5
     10     6        0.6553   154                      0.6488    10924                          X     10      8      5
     16     8        0.6572   137                      0.6553    11624                          X     16     13      8
     19    11        0.6581   144                      0.6553    11937                          X     19     18     10
     20    12        0.6581   145                      0.6553    12033                          X     20     18     10
     34    20        0.6634   157                      0.6553    13564                          X     34     32      8
Elapsed time = 6.55 sec. (14846.34 ticks, tree = 0.98 MB, solutions = 0)
     48    32        0.6660   123                      0.6553    14281                  x_0_5_8 D     48     46     18
     70    46        0.6623   123                      0.6563    15820                  bit_3_5 D     70     68     16
     97    61        0.6680    97                      0.6563    17824                  bit_6_4 U     97     95     34
    120    70    infeasible                            0.6574    19759                  bit_1_5 U    120    118     16
    140    74        0.6582   138                      0.6581    21614                          X    140    105     10
    160    66        0.6630   128                      0.6584    24503                    z_0_8 N    160    112     11
    180    64        0.6661   133                      0.6585    27705                    z_0_8 N    180    113     11
    196    60    infeasible                            0.6588    30463                    z_0_8 D    196    194     13
    206    60        0.6659   147                      0.6593    32388                    z_0_8 N    206     63     11
    221    59    infeasible                            0.6595    34490                    z_0_8 D    221    219     12
Elapsed time = 11.47 sec. (25560.37 ticks, tree = 3.10 MB, solutions = 0)
    238    60        0.6659   149                      0.6605    37588                    z_1_1 D    238    198     11
    267    69        0.6662   142                      0.6609    40135                    z_0_8 D    267    266     11
    285    69        0.6668   143                      0.6612    42852                    z_0_8 D    285    284     11
    309    79        0.6618   153                      0.6614    44608                          X    309    223     10
    344   106        0.6687   157                      0.6616    46574                    z_1_1 D    344    343     12
    365   117        0.6786   142                      0.6617    48271                    z_0_8 U    365    364     13
    398   134        0.6867   137                      0.6620    51003                  x_0_5_9 D    398    397     17
    441   151    infeasible                            0.6623    53190                  x_0_1_4 U    441    439     35
    468   161        0.6863   136                      0.6625    55635                    z_0_8 D    468    467     14
    513   186        0.6676   155                      0.6628    58525                    z_1_1 D    513    512     12
Elapsed time = 15.52 sec. (35472.51 ticks, tree = 9.64 MB, solutions = 0)
    555   216        0.6916   129                      0.6634    61038                  x_0_8_0 U    555    554     24
    602   247        0.6899   135                      0.6634    63646                   z_0_10 U    602    601     20
    632   265        0.6791   133                      0.6644    65845                    z_0_8 U    632    630     13
    660   285        0.6972   137                      0.6644    68612                    z_1_2 U    660    658     16
    680   281        0.6657   165                      0.6650    71028                          X    680    337      9
    701   298        0.7026   130                      0.6650    73495                          X    701    700     10
    724   315        0.6662   156                      0.6651    75658                          X    724      6      4
    745   336        0.6886   133                      0.6651    78699                  x_0_1_8 U    745    742     16
    797   366    infeasible                            0.6658    81082                  bit_8_5 U    797    567     11
    823   374    infeasible                            0.6662    84114                    z_0_8 D    823    261     12
Elapsed time = 19.83 sec. (45461.59 ticks, tree = 19.23 MB, solutions = 0)
    846   387        0.6945   109                      0.6663    86628                    z_1_2 D    846    845     20
    879   410        0.6853   146                      0.6664    89468                    z_1_4 N    879    878     15
    905   420    infeasible                            0.6670    92073                    z_0_8 D    905    256     12
    929   428    infeasible                            0.6671    95204                   z_0_10 U    929    928     18
    952   435        0.6711   161                      0.6674    98291                          X    952    727      7
    995   470        0.7076    86                      0.6674   101075                 x_0_6_10 D    995    994     38
   1024   478        0.7042   116                      0.6678   103566                  x_1_5_8 D   1024   1023     19
   1043   483        0.6840   158                      0.6678   105632                    z_1_1 U   1043   1041     12
   1097   525        0.6874   126                      0.6681   108165                    z_0_2 D   1097   1096     16
   1116   522    infeasible                            0.6685   110872                    z_0_4 U   1116   1115     17
Elapsed time = 23.86 sec. (55191.46 ticks, tree = 27.00 MB, solutions = 0)
   1136   520    infeasible                            0.6687   113206                  bit_3_4 U   1136     96     35
   1150   520    infeasible                            0.6690   116277                  bit_7_3 D   1150     84     27
   1181   529    infeasible                            0.6693   118880                  bit_8_5 U   1181    734     11
   1211   551        0.6731   160                      0.6695   121716                    z_0_8 D   1211   1210     12
   1246   570    infeasible                            0.6698   124414                    z_1_2 U   1246   1244     20
   1280   592        0.6806   139                      0.6700   127058                  bit_1_5 D   1280   1279     15
   1302   598        0.6726   154                      0.6703   129892                    z_1_1 D   1302   1301     14
   1347   635        0.6781   134                      0.6705   132384                    z_0_8 U   1347   1210     12
   1377   649        0.6883   155                      0.6707   135276                    z_0_7 D   1377   1375     14
   1402   652        0.6900   143                      0.6713   138679                    z_0_8 D   1402   1042     13
Elapsed time = 28.00 sec. (65346.11 ticks, tree = 33.77 MB, solutions = 0)
   1433   669    infeasible                            0.6717   141727                    z_1_6 U   1433   1432     24
   1452   672        0.6726   158                      0.6721   144379                          X   1452    956     10
   1488   694        0.6785   151                      0.6727   147434                    z_0_7 N   1488   1468     11
   1507   705        0.6981   120                      0.6731   149758                   z_0_10 U   1507   1506     15
   1537   723        0.6731   159                      0.6731   152147                          X   1537    954      9
   1565   741        0.6913   145                      0.6735   154945                  bit_7_3 D   1565   1564     16
   1600   760        0.6777   120                      0.6740   157467                    z_0_7 N   1600   1538     11
   1619   767        0.6798   153                      0.6744   159511                    z_0_7 N   1619   1518     11
   1657   787        0.6925   147                      0.6748   162559                x_0_12_10 D   1657   1656     15
   1690   803        0.6794   111                      0.6748   164603                  bit_3_5 D   1690   1689     17
Elapsed time = 32.17 sec. (75398.21 ticks, tree = 41.82 MB, solutions = 0)
   1708   815        0.6835   132                      0.6748   167058                    z_0_7 D   1708   1707     11
   1757   844        0.6903   158                      0.6749   169736                    z_1_1 D   1757   1211     13
   1807   882        0.7146   103                      0.6751   172685                  x_0_8_0 U   1807   1806     34
   1853   908    infeasible                            0.6756   175639                    z_1_6 D   1853   1852     26
   1893   930        0.6765   152                      0.6761   178245                          X   1893   1782     10
   1943   960        0.6780   143                      0.6769   181345                          X   1943   1678      9
   1990   999        0.7164    52                      0.6770   184296                  bit_8_5 D   1990   1989     34
   2014  1001    infeasible                            0.6771   186272                    z_0_8 D   2014   2013     16
   2054  1029        0.7166    50                      0.6771   188474                  bit_9_4 N   2054   2053     42
   2082  1037        0.7107    69                      0.6775   191102                   z_1_10 D   2082   2081     21
Elapsed time = 36.19 sec. (85306.25 ticks, tree = 54.12 MB, solutions = 0)
   2106  1041        0.6859   136                      0.6778   193780                    z_1_6 U   2106   1456     15
   2129  1047    infeasible                            0.6779   196895                    z_1_4 U   2129   1427     19
   2155  1051    infeasible                            0.6780   199563                  bit_7_5 U   2155   1453     12
   2189  1075        0.7104   107                      0.6781   202105                  bit_3_5 D   2189   2188     26
   2219  1079    infeasible                            0.6783   205249                    z_0_8 U   2219   2218     18
   2250  1082    infeasible                            0.6785   207960                 bit_10_5 U   2250   1237     14
   2276  1092        0.7175   140                      0.6786   210770                  bit_3_5 U   2276   1767     16
   2300  1095        0.6857   154                      0.6787   213053                      r_8 U   2300   2299     14
   2325  1106        0.7073    76                      0.6788   216139                    z_1_2 D   2325   2324     20
   2347  1108        0.7053   100                      0.6789   218032                 bit_10_5 U   2347   1474     17
Elapsed time = 40.53 sec. (95245.98 ticks, tree = 57.84 MB, solutions = 0)
   2380  1119    infeasible                            0.6791   220896                  bit_2_5 U   2380    243     14
   2396  1119        0.6830   122                      0.6792   223243                    z_0_7 D   2396   1706     11
   2442  1145        0.6904   151                      0.6792   225952                    z_0_8 N   2442    740     14
   2470  1156        0.7027    99                      0.6793   228792                    z_1_9 D   2470   2469     19
   2494  1166        0.6929   128                      0.6793   230151                    z_1_6 D   2494   2492     15
   2515  1167    infeasible                            0.6794   232163                  bit_8_3 U   2515   1683     13
   2537  1163        0.6814   134                      0.6795   235104                    z_1_6 N   2537   1094     14
   2562  1172        0.6970   120                      0.6797   237685                   z_1_10 U   2562   1459     18
   2590  1170        0.6844   154                      0.6798   240336                    z_0_7 N   2590   1707     11
   2683  1196        0.6866   130                      0.6801   249150                   z_1_10 N   2683    495     16
Elapsed time = 46.30 sec. (108487.44 ticks, tree = 62.45 MB, solutions = 0)
   2801  1246    infeasible                            0.6804   259851                    z_1_1 D   2801   1438     15
   2905  1286    infeasible                            0.6808   270665                   z_1_10 D   2905   2904     20
   3026  1344        0.6849   146                      0.6813   280800                    z_0_7 N   3026   2971     11
   3142  1394        0.6938   121                      0.6818   290701                      r_8 N   3142   3141     20
   3245  1425    infeasible                            0.6824   300466                   z_0_10 U   3245   3244     28
   3354  1460    infeasible                            0.6828   310533                   z_0_10 U   3354   3353     21
   3441  1469        0.7085   110                      0.6832   320809                   z_1_10 N   3441   3439     17
   3587  1561        0.7056   113                      0.6835   330885                    z_1_2 D   3587   3586     21
   3689  1551    infeasible                            0.6839   341512                  x_0_8_5 U   3689    327     28
   3803  1598        0.6995   136                      0.6842   351305                    z_1_9 D   3803   3802     19
Elapsed time = 64.03 sec. (146929.95 ticks, tree = 83.34 MB, solutions = 0)
   3908  1621        0.6974   113                      0.6846   361133                    z_0_7 U   3908   3907     14
   4031  1638    infeasible                            0.6853   370617                  bit_9_5 U   4031    328     29
   4147  1684        0.6900   161                      0.6857   380726                    z_0_7 U   4147   4145     11
   4262  1705    infeasible                            0.6861   389427                    z_0_7 U   4262   4261     17
   4366  1713    infeasible                            0.6865   399248                    z_0_8 D   4366   2261     17
   4441  1694        0.6917   161                      0.6869   408178                    z_0_7 U   4441   4440     11
   4553  1722        0.6892   140                      0.6872   418459                   z_0_10 D   4553   1212     14
   4634  1712        0.7154   132                      0.6877   427075                    z_0_8 U   4634   4633     16
   4752  1744    infeasible                            0.6880   437308                    z_0_8 D   4752   4750     12
   4830  1745    infeasible                            0.6884   445885                    z_0_8 D   4830   3110     16
Elapsed time = 84.23 sec. (185547.13 ticks, tree = 91.12 MB, solutions = 0)
   4930  1763        0.6900   121                      0.6889   455515                  x_0_5_8 U   4930    659     17
   5024  1761        0.6991   114                      0.6892   464126                    z_1_6 D   5024   5023     14
   5139  1784    infeasible                            0.6894   473745                    z_0_7 U   5139   5138     16
   5232  1795    infeasible                            0.6900   483060                  bit_8_3 U   5232   1946     12
   5344  1807    infeasible                            0.6904   493533                    z_1_4 U   5344   5342     16
   5479  1862        0.6958   143                      0.6906   503877                    z_0_8 U   5479   4629     14
   5567  1858    infeasible                            0.6910   513137                      Y_7 D   5567   4907     16
   5667  1884        0.6924   137                      0.6912   522336                   z_0_10 D   5667   1492     16
   5760  1871    infeasible                            0.6916   532025                      Y_7 D   5760   3876     15
   5860  1877    infeasible                            0.6919   541062                    z_0_8 U   5860   3402     16
Elapsed time = 104.59 sec. (223978.49 ticks, tree = 98.06 MB, solutions = 0)
   5974  1899    infeasible                            0.6924   550848                    z_0_7 U   5974   5973     21
   6065  1884    infeasible                            0.6928   560242                  bit_7_5 U   6065   1915     13
   6217  1972    infeasible                            0.6930   570889                    z_1_2 U   6217    881     18
   6323  1986        0.6995   141                      0.6934   580458                      r_8 D   6323   2868     14
   6441  1996    infeasible                            0.6939   589641                      Y_7 D   6441   3952     18
   6570  2013        0.7013   121                      0.6943   599472                      r_8 D   6570   2370     20
   6677  2023    infeasible                            0.6947   608907                  bit_7_5 U   6677   1654     13
   6807  2075        0.6991    99                      0.6950   617867                    z_1_9 N   6807   6683     24
   6921  2099        0.6975   110                      0.6953   627002                 bit_10_4 U   6921    621     38
   7025  2097        0.7082   112                      0.6957   636466                x_0_12_10 N   7025   1818     18
Elapsed time = 125.94 sec. (262503.79 ticks, tree = 109.64 MB, solutions = 0)
   7136  2126        0.7131   120                      0.6961   645878                    z_1_9 D   7136   7135     19
   7241  2131    infeasible                            0.6964   654593                   z_1_10 D   7241   7240     25
   7380  2176    infeasible                            0.6966   664534                    z_1_9 N   7380   7379     25
   7487  2189        0.7104   127                      0.6969   673584                    z_1_2 U   7487   5703     18
   7607  2199    infeasible                            0.6972   683062                    z_0_8 U   7607   1917     15
   7734  2226    infeasible                            0.6975   692416                  bit_8_3 U   7734   5239     17
   7868  2244    infeasible                            0.6977   701204                    z_0_8 U   7868   7867     18
   7983  2257        0.6986    99                      0.6979   710703                  x_0_0_8 U   7983    973     21
   8106  2284        0.6983    95                      0.6980   720698                    z_1_2 D   8106   6042     25
   8237  2309        0.7130    80                      0.6982   729152                  x_0_0_8 U   8237   8235     32
Elapsed time = 147.41 sec. (301029.57 ticks, tree = 120.76 MB, solutions = 0)
   8395  2361    infeasible                            0.6984   739561                    z_0_8 D   8395   6228     13
   8523  2387        0.7019    89                      0.6986   749348                    z_0_7 D   8523   6190     11
   8655  2411    infeasible                            0.6988   759359                    z_0_8 U   8655   3580     16
   8792  2452        0.7024    97                      0.6990   769127                    z_1_9 D   8792   8790     16
   8904  2474    infeasible                            0.6993   779687                    z_1_6 D   8904   8902     20
   9034  2492    infeasible                            0.6995   788684                      Y_7 D   9034   9033     24
   9145  2491    infeasible                            0.6997   798201                    z_0_7 U   9145   7634     22
   9274  2520        0.7031   116                      0.6999   808003                    z_1_6 D   9274   3440     18
   9440  2550        0.7074   133                      0.7001   817360                  bit_7_5 D   9440   9439     17
   9564  2584        0.7131   129                      0.7002   826628                   z_0_10 U   9564   9563     15
Elapsed time = 169.64 sec. (339583.01 ticks, tree = 135.19 MB, solutions = 0)
   9702  2614        0.7096   110                      0.7004   836073                   z_1_10 D   9702   9701     23
   9842  2632    infeasible                            0.7006   845301                  bit_7_3 U   9842   2701     18
   9974  2648    infeasible                            0.7009   854985                    z_1_1 U   9974   2930     23
  10115  2684        0.7173   106                      0.7011   864765                    z_1_9 N  10115  10114     27
  10219  2669        0.7124   131                      0.7013   873275                    z_1_6 D  10219  10218     16
  10331  2667    infeasible                            0.7015   882542                      Y_7 D  10331   4756     17
  10476  2716        0.7144   115                      0.7018   892302                   z_1_10 U  10476  10474     22
  10590  2738        0.7124   131                      0.7020   901611                    z_0_4 U  10590  10588     21
  10730  2769        0.7162    49                      0.7022   910605                  bit_9_4 D  10730  10728     34
  10895  2819    infeasible                            0.7025   919488                    z_1_4 D  10895  10893     24
Elapsed time = 193.12 sec. (377893.50 ticks, tree = 147.56 MB, solutions = 0)
  11049  2859        0.7052   121                      0.7026   929254                          X  11049    698      8
  11155  2901        0.7053    91                      0.7026   940849                    z_0_8 U  11155    702     12
  11301  2916        0.7082   111                      0.7028   950914                    z_1_9 D  11301  11300     23
  11438  2925    infeasible                            0.7029   959305                   z_1_10 D  11438  11437     26
  11583  2944        0.7062   120                      0.7031   968903                    z_1_4 D  11583  11581     18
  11717  2964        0.7089   125                      0.7032   977455                    z_1_2 N  11717   8870     14
  11850  2982        0.7122    61                      0.7034   987172                    z_1_6 N  11850   1569     21
  11954  2996        0.7089    80                      0.7035   994144                      Y_7 N  11954   7271     14
  12101  3012    infeasible                            0.7037  1002669                  bit_6_4 U  12101  12099     27
  12226  3025        0.7115   111                      0.7038  1010643                  bit_6_4 U  12226  12225     17
Elapsed time = 217.41 sec. (416341.14 ticks, tree = 158.30 MB, solutions = 0)
  12367  3058    infeasible                            0.7039  1018399                  bit_7_5 U  12367   4154     19
  12493  3088    infeasible                            0.7041  1027392                    z_1_6 U  12493  12492     22
  12630  3102        0.7151    87                      0.7043  1036109                    z_0_2 D  12630  12629     28
  12748  3121        0.7067   107                      0.7044  1045743                   z_1_10 N  12748   6883     20
  12863  3134        0.7100   129                      0.7045  1055069                    z_1_2 U  12863   9726     13
  13045  3208    infeasible                            0.7047  1063971                      Y_7 D  13045  12347     18
  13196  3248    infeasible                            0.7049  1072993                  x_0_8_0 U  13196  13194     26
  13351  3278        0.7164    93                      0.7050  1081463                  bit_6_4 U  13351  13350     31
  13504  3309    infeasible                            0.7051  1089895                   z_1_10 U  13504  13502     19
  13663  3366    infeasible                            0.7053  1099769                      Y_7 U  13663  13661     34
Elapsed time = 242.19 sec. (454681.09 ticks, tree = 176.24 MB, solutions = 0)
  13798  3391    infeasible                            0.7054  1108981                    z_1_4 U  13798  13796     29
  13947  3416        0.7176   138                      0.7056  1118745                    z_1_6 N  13947   8822     17
  14084  3430    infeasible                            0.7057  1127967                    z_1_6 D  14084   3588     23
  14236  3477        0.7161   144                      0.7059  1137550                    z_0_8 U  14236   7874     16
  14399  3513    infeasible                            0.7060  1147378                  bit_1_3 U  14399  14398     27
  14524  3517        0.7102   145                      0.7062  1156646                      r_8 D  14524   6315     13
  14697  3551        0.7095   139                      0.7062  1165700                      Y_7 U  14697   7989     16
  14863  3605        0.7163   124                      0.7063  1174937                   z_0_10 U  14863  14862     14
  14981  3609        0.7064   103                      0.7064  1184073                  bit_6_4 D  14981  13776     25
  15114  3633    infeasible                            0.7066  1193484                      Y_7 D  15114   8612     17
Elapsed time = 268.64 sec. (493141.63 ticks, tree = 190.37 MB, solutions = 0)
  15251  3646        0.7117   146                      0.7067  1202098                    z_1_1 D  15251  11075     12
  15398  3661    infeasible                            0.7068  1211021                    z_1_2 U  15398   8637     22
  15545  3694        0.7132   144                      0.7069  1220005                      r_8 U  15545  15544     16
  15698  3723        0.7159   119                      0.7071  1229597                    z_1_2 U  15698  15302     20

GUB cover cuts applied:  2
Clique cuts applied:  10
Cover cuts applied:  18
Implied bound cuts applied:  80
Flow cuts applied:  206
Mixed integer rounding cuts applied:  17
Gomory fractional cuts applied:  5

Root node processing (before b&c):
  Real time             =    3.67 sec. (8410.93 ticks)
Sequential b&c:
  Real time             =  276.69 sec. (501171.01 ticks)
                          ------------
Total (root+branch&cut) =  280.36 sec. (509581.94 ticks)
CPLEX Error  1217: No solution exists.
CPLEX Error  1217: No solution exists.
CPLEX Error  1217: No solution exists.
regen_candidate_V12_M2_average.txt gcap-frontier global_gini_tree_time_limit obj=0.718504 runtime=294.329 columns=0
