
Gurobi 13.0.2 (win64) logging started Fri Jul 24 10:49:05 2026

Set parameter LogFile to value "E:\codes\ExactEBRP\results\gf_c0_mechanism_transfer_c5_round30\runs\stage3__moderate_seed3302__c3_replica__300s\native.log"
Set parameter Threads to value 1
Set parameter Presolve to value -1
Set parameter Seed to value 0
Set parameter MIPGap to value 0
Set parameter MIPGapAbs to value 0
Warning: unknown variable 'r_max' in bounds section (line 13940)
Warning: unknown variable 'r_min' in bounds section (line 13941)
Read LP format model from file E:\codes\ExactEBRP\results\gf_c0_mechanism_transfer_c5_round30\runs\stage3__moderate_seed3302__c3_replica__300s\external\models\R.lp
Reading time = 0.02 seconds
obj: 11903 rows, 3374 columns, 67088 nonzeros
Set parameter TimeLimit to value 2.5270457069999998e+02
Warning: unknown variable 'r_max' in bounds section (line 13940)
Warning: unknown variable 'r_min' in bounds section (line 13941)
Read LP format model from file E:\codes\ExactEBRP\results\gf_c0_mechanism_transfer_c5_round30\runs\stage3__moderate_seed3302__c3_replica__300s\external\models\R.0.lp
Reading time = 0.02 seconds
obj: 11903 rows, 3374 columns, 67088 nonzeros
Set parameter TimeLimit to value 252.17735
Warning: unknown variable 'r_max' in bounds section (line 13940)
Warning: unknown variable 'r_min' in bounds section (line 13941)
Read LP format model from file E:\codes\ExactEBRP\results\gf_c0_mechanism_transfer_c5_round30\runs\stage3__moderate_seed3302__c3_replica__300s\external\models\R.1.lp
Reading time = 0.02 seconds
obj: 11903 rows, 3374 columns, 67328 nonzeros
Set parameter TimeLimit to value 2.5160449040000003e+02
Warning: unknown variable 'r_max' in bounds section (line 13940)
Warning: unknown variable 'r_min' in bounds section (line 13941)
Read LP format model from file E:\codes\ExactEBRP\results\gf_c0_mechanism_transfer_c5_round30\runs\stage3__moderate_seed3302__c3_replica__300s\external\models\R.0.0.lp
Reading time = 0.02 seconds
obj: 11903 rows, 3374 columns, 67088 nonzeros
Set parameter TimeLimit to value 251.0991884
Warning: unknown variable 'r_max' in bounds section (line 13940)
Warning: unknown variable 'r_min' in bounds section (line 13941)
Read LP format model from file E:\codes\ExactEBRP\results\gf_c0_mechanism_transfer_c5_round30\runs\stage3__moderate_seed3302__c3_replica__300s\external\models\R.0.1.lp
Reading time = 0.02 seconds
obj: 11903 rows, 3374 columns, 67328 nonzeros
Set parameter TimeLimit to value 2.5039527520000001e+02
Warning: unknown variable 'r_max' in bounds section (line 13940)
Warning: unknown variable 'r_min' in bounds section (line 13941)
Read LP format model from file E:\codes\ExactEBRP\results\gf_c0_mechanism_transfer_c5_round30\runs\stage3__moderate_seed3302__c3_replica__300s\external\models\R.0.0.0.lp
Reading time = 0.02 seconds
obj: 11903 rows, 3374 columns, 67088 nonzeros
Set parameter TimeLimit to value 249.8988917
Warning: unknown variable 'r_max' in bounds section (line 13940)
Warning: unknown variable 'r_min' in bounds section (line 13941)
Read LP format model from file E:\codes\ExactEBRP\results\gf_c0_mechanism_transfer_c5_round30\runs\stage3__moderate_seed3302__c3_replica__300s\external\models\R.0.0.1.lp
Reading time = 0.02 seconds
obj: 11903 rows, 3374 columns, 67328 nonzeros
Set parameter TimeLimit to value 249.5581025
Warning: unknown variable 'r_max' in bounds section (line 13940)
Warning: unknown variable 'r_min' in bounds section (line 13941)
Read LP format model from file E:\codes\ExactEBRP\results\gf_c0_mechanism_transfer_c5_round30\runs\stage3__moderate_seed3302__c3_replica__300s\external\models\R.0.0.0.0.lp
Reading time = 0.02 seconds
obj: 11903 rows, 3374 columns, 67088 nonzeros
Set parameter TimeLimit to value 2.4884211390000002e+02
Warning: unknown variable 'r_max' in bounds section (line 13940)
Warning: unknown variable 'r_min' in bounds section (line 13941)
Read LP format model from file E:\codes\ExactEBRP\results\gf_c0_mechanism_transfer_c5_round30\runs\stage3__moderate_seed3302__c3_replica__300s\external\models\R.0.0.0.1.lp
Reading time = 0.02 seconds
obj: 11903 rows, 3374 columns, 67328 nonzeros
Set parameter TimeLimit to value 248.4802698
Warning: unknown variable 'r_max' in bounds section (line 13940)
Warning: unknown variable 'r_min' in bounds section (line 13941)
Read LP format model from file E:\codes\ExactEBRP\results\gf_c0_mechanism_transfer_c5_round30\runs\stage3__moderate_seed3302__c3_replica__300s\external\models\R.0.0.1.0.lp
Reading time = 0.02 seconds
obj: 11903 rows, 3374 columns, 67328 nonzeros
Set parameter TimeLimit to value 248.145374
Warning: unknown variable 'r_max' in bounds section (line 13940)
Warning: unknown variable 'r_min' in bounds section (line 13941)
Read LP format model from file E:\codes\ExactEBRP\results\gf_c0_mechanism_transfer_c5_round30\runs\stage3__moderate_seed3302__c3_replica__300s\external\models\R.0.0.1.1.lp
Reading time = 0.02 seconds
obj: 11903 rows, 3374 columns, 67328 nonzeros
Set parameter TimeLimit to value 247.6774058
Warning: unknown variable 'r_max' in bounds section (line 13940)
Warning: unknown variable 'r_min' in bounds section (line 13941)
Read LP format model from file E:\codes\ExactEBRP\results\gf_c0_mechanism_transfer_c5_round30\runs\stage3__moderate_seed3302__c3_replica__300s\external\models\R.0.0.1.0.0.lp
Reading time = 0.02 seconds
obj: 11903 rows, 3374 columns, 67328 nonzeros
Set parameter TimeLimit to value 247.0487609
Warning: unknown variable 'r_max' in bounds section (line 13940)
Warning: unknown variable 'r_min' in bounds section (line 13941)
Read LP format model from file E:\codes\ExactEBRP\results\gf_c0_mechanism_transfer_c5_round30\runs\stage3__moderate_seed3302__c3_replica__300s\external\models\R.0.0.1.0.1.lp
Reading time = 0.02 seconds
obj: 11903 rows, 3374 columns, 67328 nonzeros
Set parameter TimeLimit to value 246.6502031
Warning: unknown variable 'r_max' in bounds section (line 13940)
Warning: unknown variable 'r_min' in bounds section (line 13941)
Read LP format model from file E:\codes\ExactEBRP\results\gf_c0_mechanism_transfer_c5_round30\runs\stage3__moderate_seed3302__c3_replica__300s\external\models\R.0.0.0.1.0.lp
Reading time = 0.02 seconds
obj: 11903 rows, 3374 columns, 67328 nonzeros
Set parameter TimeLimit to value 246.2195772
Warning: unknown variable 'r_max' in bounds section (line 13940)
Warning: unknown variable 'r_min' in bounds section (line 13941)
Read LP format model from file E:\codes\ExactEBRP\results\gf_c0_mechanism_transfer_c5_round30\runs\stage3__moderate_seed3302__c3_replica__300s\external\models\R.0.0.0.1.1.lp
Reading time = 0.02 seconds
obj: 11903 rows, 3374 columns, 67328 nonzeros
Set parameter TimeLimit to value 245.8901584
Warning: unknown variable 'r_max' in bounds section (line 13940)
Warning: unknown variable 'r_min' in bounds section (line 13941)
Read LP format model from file E:\codes\ExactEBRP\results\gf_c0_mechanism_transfer_c5_round30\runs\stage3__moderate_seed3302__c3_replica__300s\external\models\R.0.0.1.1.0.lp
Reading time = 0.02 seconds
obj: 11903 rows, 3374 columns, 67328 nonzeros
Set parameter TimeLimit to value 245.541564
Warning: unknown variable 'r_max' in bounds section (line 13940)
Warning: unknown variable 'r_min' in bounds section (line 13941)
Read LP format model from file E:\codes\ExactEBRP\results\gf_c0_mechanism_transfer_c5_round30\runs\stage3__moderate_seed3302__c3_replica__300s\external\models\R.0.0.1.1.1.lp
Reading time = 0.02 seconds
obj: 11903 rows, 3374 columns, 67328 nonzeros
Set parameter TimeLimit to value 244.9819739
Warning: unknown variable 'r_max' in bounds section (line 13940)
Warning: unknown variable 'r_min' in bounds section (line 13941)
Read LP format model from file E:\codes\ExactEBRP\results\gf_c0_mechanism_transfer_c5_round30\runs\stage3__moderate_seed3302__c3_replica__300s\external\models\R.0.1.0.lp
Reading time = 0.02 seconds
obj: 11903 rows, 3374 columns, 67328 nonzeros
Set parameter TimeLimit to value 244.4162437
Warning: unknown variable 'r_max' in bounds section (line 13940)
Warning: unknown variable 'r_min' in bounds section (line 13941)
Read LP format model from file E:\codes\ExactEBRP\results\gf_c0_mechanism_transfer_c5_round30\runs\stage3__moderate_seed3302__c3_replica__300s\external\models\R.0.1.1.lp
Reading time = 0.02 seconds
obj: 11903 rows, 3374 columns, 67328 nonzeros
Set parameter TimeLimit to value 243.9116093
Warning: unknown variable 'r_max' in bounds section (line 13940)
Warning: unknown variable 'r_min' in bounds section (line 13941)
Read LP format model from file E:\codes\ExactEBRP\results\gf_c0_mechanism_transfer_c5_round30\runs\stage3__moderate_seed3302__c3_replica__300s\external\models\R.0.0.1.0.0.1.lp
Reading time = 0.02 seconds
obj: 11903 rows, 3374 columns, 67328 nonzeros
Set parameter TimeLimit to value 243.3953611
Warning: unknown variable 'r_max' in bounds section (line 13940)
Warning: unknown variable 'r_min' in bounds section (line 13941)
Read LP format model from file E:\codes\ExactEBRP\results\gf_c0_mechanism_transfer_c5_round30\runs\stage3__moderate_seed3302__c3_replica__300s\external\models\R.0.0.1.0.0.0.lp
Reading time = 0.02 seconds
obj: 11903 rows, 3374 columns, 67328 nonzeros
Set parameter TimeLimit to value 243.0448354
Warning: unknown variable 'r_max' in bounds section (line 13940)
Warning: unknown variable 'r_min' in bounds section (line 13941)
Read LP format model from file E:\codes\ExactEBRP\results\gf_c0_mechanism_transfer_c5_round30\runs\stage3__moderate_seed3302__c3_replica__300s\external\models\R.0.0.1.0.1.0.lp
Reading time = 0.02 seconds
obj: 11903 rows, 3374 columns, 67328 nonzeros
Set parameter TimeLimit to value 242.7116823
Warning: unknown variable 'r_max' in bounds section (line 13940)
Warning: unknown variable 'r_min' in bounds section (line 13941)
Read LP format model from file E:\codes\ExactEBRP\results\gf_c0_mechanism_transfer_c5_round30\runs\stage3__moderate_seed3302__c3_replica__300s\external\models\R.0.0.1.0.1.1.lp
Reading time = 0.02 seconds
obj: 11903 rows, 3374 columns, 67328 nonzeros
Set parameter TimeLimit to value 242.3602244
Warning: unknown variable 'r_max' in bounds section (line 13940)
Warning: unknown variable 'r_min' in bounds section (line 13941)
Read LP format model from file E:\codes\ExactEBRP\results\gf_c0_mechanism_transfer_c5_round30\runs\stage3__moderate_seed3302__c3_replica__300s\external\models\R.0.0.0.1.1.0.lp
Reading time = 0.02 seconds
obj: 11903 rows, 3374 columns, 67328 nonzeros
Set parameter TimeLimit to value 241.9677956
Warning: unknown variable 'r_max' in bounds section (line 13940)
Warning: unknown variable 'r_min' in bounds section (line 13941)
Read LP format model from file E:\codes\ExactEBRP\results\gf_c0_mechanism_transfer_c5_round30\runs\stage3__moderate_seed3302__c3_replica__300s\external\models\R.0.0.0.1.1.1.lp
Reading time = 0.02 seconds
obj: 11903 rows, 3374 columns, 67328 nonzeros
Set parameter TimeLimit to value 241.6076955
Warning: unknown variable 'r_max' in bounds section (line 13940)
Warning: unknown variable 'r_min' in bounds section (line 13941)
Read LP format model from file E:\codes\ExactEBRP\results\gf_c0_mechanism_transfer_c5_round30\runs\stage3__moderate_seed3302__c3_replica__300s\external\models\R.0.0.1.1.0.1.lp
Reading time = 0.02 seconds
obj: 11903 rows, 3374 columns, 67328 nonzeros
Set parameter TimeLimit to value 241.2784794
Warning: unknown variable 'r_max' in bounds section (line 13940)
Warning: unknown variable 'r_min' in bounds section (line 13941)
Read LP format model from file E:\codes\ExactEBRP\results\gf_c0_mechanism_transfer_c5_round30\runs\stage3__moderate_seed3302__c3_replica__300s\external\models\R.0.0.1.1.0.0.lp
Reading time = 0.02 seconds
obj: 11903 rows, 3374 columns, 67328 nonzeros
Set parameter TimeLimit to value 240.7477917
Warning: unknown variable 'r_max' in bounds section (line 13940)
Warning: unknown variable 'r_min' in bounds section (line 13941)
Read LP format model from file E:\codes\ExactEBRP\results\gf_c0_mechanism_transfer_c5_round30\runs\stage3__moderate_seed3302__c3_replica__300s\external\models\R.0.0.1.0.0.1.0.lp
Reading time = 0.02 seconds
obj: 11903 rows, 3374 columns, 67328 nonzeros
Set parameter TimeLimit to value 240.2053041
Warning: unknown variable 'r_max' in bounds section (line 13940)
Warning: unknown variable 'r_min' in bounds section (line 13941)
Read LP format model from file E:\codes\ExactEBRP\results\gf_c0_mechanism_transfer_c5_round30\runs\stage3__moderate_seed3302__c3_replica__300s\external\models\R.0.0.1.0.0.1.1.lp
Reading time = 0.02 seconds
obj: 11903 rows, 3374 columns, 67328 nonzeros
Set parameter TimeLimit to value 239.8464627
Warning: unknown variable 'r_max' in bounds section (line 13940)
Warning: unknown variable 'r_min' in bounds section (line 13941)
Read LP format model from file E:\codes\ExactEBRP\results\gf_c0_mechanism_transfer_c5_round30\runs\stage3__moderate_seed3302__c3_replica__300s\external\models\R.0.0.1.0.1.0.1.lp
Reading time = 0.02 seconds
obj: 11903 rows, 3374 columns, 67328 nonzeros
Set parameter TimeLimit to value 2.3949845820000002e+02
Warning: unknown variable 'r_max' in bounds section (line 13940)
Warning: unknown variable 'r_min' in bounds section (line 13941)
Read LP format model from file E:\codes\ExactEBRP\results\gf_c0_mechanism_transfer_c5_round30\runs\stage3__moderate_seed3302__c3_replica__300s\external\models\R.0.0.1.0.1.0.0.lp
Reading time = 0.02 seconds
obj: 11903 rows, 3374 columns, 67328 nonzeros
Set parameter TimeLimit to value 2.3912344869999998e+02
Warning: unknown variable 'r_max' in bounds section (line 13940)
Warning: unknown variable 'r_min' in bounds section (line 13941)
Read LP format model from file E:\codes\ExactEBRP\results\gf_c0_mechanism_transfer_c5_round30\runs\stage3__moderate_seed3302__c3_replica__300s\external\models\R.0.0.1.0.0.0.0.lp
Reading time = 0.02 seconds
obj: 11903 rows, 3374 columns, 67328 nonzeros
Set parameter TimeLimit to value 238.7795481
Warning: unknown variable 'r_max' in bounds section (line 13940)
Warning: unknown variable 'r_min' in bounds section (line 13941)
Read LP format model from file E:\codes\ExactEBRP\results\gf_c0_mechanism_transfer_c5_round30\runs\stage3__moderate_seed3302__c3_replica__300s\external\models\R.0.0.1.0.0.0.1.lp
Reading time = 0.02 seconds
obj: 11903 rows, 3374 columns, 67328 nonzeros
Set parameter TimeLimit to value 238.4260941
Warning: unknown variable 'r_max' in bounds section (line 13940)
Warning: unknown variable 'r_min' in bounds section (line 13941)
Read LP format model from file E:\codes\ExactEBRP\results\gf_c0_mechanism_transfer_c5_round30\runs\stage3__moderate_seed3302__c3_replica__300s\external\models\R.0.0.1.0.1.1.1.lp
Reading time = 0.02 seconds
obj: 11903 rows, 3374 columns, 67328 nonzeros
Set parameter TimeLimit to value 238.0262222
Warning: unknown variable 'r_max' in bounds section (line 13940)
Warning: unknown variable 'r_min' in bounds section (line 13941)
Read LP format model from file E:\codes\ExactEBRP\results\gf_c0_mechanism_transfer_c5_round30\runs\stage3__moderate_seed3302__c3_replica__300s\external\models\R.0.0.1.0.1.1.0.lp
Reading time = 0.02 seconds
obj: 11903 rows, 3374 columns, 67328 nonzeros
Set parameter TimeLimit to value 237.6245357
Warning: unknown variable 'r_max' in bounds section (line 13940)
Warning: unknown variable 'r_min' in bounds section (line 13941)
Read LP format model from file E:\codes\ExactEBRP\results\gf_c0_mechanism_transfer_c5_round30\runs\stage3__moderate_seed3302__c3_replica__300s\external\models\R.0.1.0.0.lp
Reading time = 0.02 seconds
obj: 11903 rows, 3374 columns, 67328 nonzeros
Set parameter TimeLimit to value 237.2194662
Warning: unknown variable 'r_max' in bounds section (line 13940)
Warning: unknown variable 'r_min' in bounds section (line 13941)
Read LP format model from file E:\codes\ExactEBRP\results\gf_c0_mechanism_transfer_c5_round30\runs\stage3__moderate_seed3302__c3_replica__300s\external\models\R.0.1.0.1.lp
Reading time = 0.02 seconds
obj: 11903 rows, 3374 columns, 67328 nonzeros
Set parameter TimeLimit to value 236.6777019
Warning: unknown variable 'r_max' in bounds section (line 13940)
Warning: unknown variable 'r_min' in bounds section (line 13941)
Read LP format model from file E:\codes\ExactEBRP\results\gf_c0_mechanism_transfer_c5_round30\runs\stage3__moderate_seed3302__c3_replica__300s\external\models\R.0.0.0.1.1.1.0.lp
Reading time = 0.02 seconds
obj: 11903 rows, 3374 columns, 67328 nonzeros
Set parameter TimeLimit to value 236.1464827
Warning: unknown variable 'r_max' in bounds section (line 13940)
Warning: unknown variable 'r_min' in bounds section (line 13941)
Read LP format model from file E:\codes\ExactEBRP\results\gf_c0_mechanism_transfer_c5_round30\runs\stage3__moderate_seed3302__c3_replica__300s\external\models\R.0.0.0.1.1.1.1.lp
Reading time = 0.02 seconds
obj: 11903 rows, 3374 columns, 67328 nonzeros
Set parameter TimeLimit to value 2.3583276990000002e+02
Warning: unknown variable 'r_max' in bounds section (line 13940)
Warning: unknown variable 'r_min' in bounds section (line 13941)
Read LP format model from file E:\codes\ExactEBRP\results\gf_c0_mechanism_transfer_c5_round30\runs\stage3__moderate_seed3302__c3_replica__300s\external\models\R.0.0.1.1.0.0.0.lp
Reading time = 0.02 seconds
obj: 11903 rows, 3374 columns, 67328 nonzeros
Set parameter TimeLimit to value 235.5061537
Warning: unknown variable 'r_max' in bounds section (line 13940)
Warning: unknown variable 'r_min' in bounds section (line 13941)
Read LP format model from file E:\codes\ExactEBRP\results\gf_c0_mechanism_transfer_c5_round30\runs\stage3__moderate_seed3302__c3_replica__300s\external\models\R.0.0.1.1.0.0.1.lp
Reading time = 0.02 seconds
obj: 11903 rows, 3374 columns, 67328 nonzeros
Set parameter TimeLimit to value 235.0790711
Warning: unknown variable 'r_max' in bounds section (line 13940)
Warning: unknown variable 'r_min' in bounds section (line 13941)
Read LP format model from file E:\codes\ExactEBRP\results\gf_c0_mechanism_transfer_c5_round30\runs\stage3__moderate_seed3302__c3_replica__300s\external\models\R.0.0.1.1.1.0.lp
Reading time = 0.02 seconds
obj: 11903 rows, 3374 columns, 67328 nonzeros
Set parameter TimeLimit to value 234.5026054
Warning: unknown variable 'r_max' in bounds section (line 13940)
Warning: unknown variable 'r_min' in bounds section (line 13941)
Read LP format model from file E:\codes\ExactEBRP\results\gf_c0_mechanism_transfer_c5_round30\runs\stage3__moderate_seed3302__c3_replica__300s\external\models\R.0.0.1.1.1.1.lp
Reading time = 0.02 seconds
obj: 11903 rows, 3374 columns, 67328 nonzeros
Set parameter TimeLimit to value 233.9604304
Warning: unknown variable 'r_max' in bounds section (line 13940)
Warning: unknown variable 'r_min' in bounds section (line 13941)
Read LP format model from file E:\codes\ExactEBRP\results\gf_c0_mechanism_transfer_c5_round30\runs\stage3__moderate_seed3302__c3_replica__300s\external\models\R.0.0.0.1.1.0.1.lp
Reading time = 0.02 seconds
obj: 11903 rows, 3374 columns, 67328 nonzeros
Set parameter TimeLimit to value 233.4555142
Warning: unknown variable 'r_max' in bounds section (line 13940)
Warning: unknown variable 'r_min' in bounds section (line 13941)
Read LP format model from file E:\codes\ExactEBRP\results\gf_c0_mechanism_transfer_c5_round30\runs\stage3__moderate_seed3302__c3_replica__300s\external\models\R.0.0.0.1.1.0.0.lp
Reading time = 0.02 seconds
obj: 11903 rows, 3374 columns, 67328 nonzeros
Set parameter TimeLimit to value 233.1021761
Warning: unknown variable 'r_max' in bounds section (line 13940)
Warning: unknown variable 'r_min' in bounds section (line 13941)
Read LP format model from file E:\codes\ExactEBRP\results\gf_c0_mechanism_transfer_c5_round30\runs\stage3__moderate_seed3302__c3_replica__300s\external\models\R.0.0.1.0.0.1.1.1.lp
Reading time = 0.02 seconds
obj: 11903 rows, 3374 columns, 67328 nonzeros
Set parameter TimeLimit to value 232.7720257
Warning: unknown variable 'r_max' in bounds section (line 13940)
Warning: unknown variable 'r_min' in bounds section (line 13941)
Read LP format model from file E:\codes\ExactEBRP\results\gf_c0_mechanism_transfer_c5_round30\runs\stage3__moderate_seed3302__c3_replica__300s\external\models\R.0.0.1.0.0.1.1.0.lp
Reading time = 0.02 seconds
obj: 11903 rows, 3374 columns, 67328 nonzeros
Set parameter TimeLimit to value 232.4390801
Warning: unknown variable 'r_max' in bounds section (line 13940)
Warning: unknown variable 'r_min' in bounds section (line 13941)
Read LP format model from file E:\codes\ExactEBRP\results\gf_c0_mechanism_transfer_c5_round30\runs\stage3__moderate_seed3302__c3_replica__300s\external\models\R.0.0.1.0.1.0.0.0.lp
Reading time = 0.02 seconds
obj: 11903 rows, 3374 columns, 67328 nonzeros
Set parameter TimeLimit to value 232.1078765
Warning: unknown variable 'r_max' in bounds section (line 13940)
Warning: unknown variable 'r_min' in bounds section (line 13941)
Read LP format model from file E:\codes\ExactEBRP\results\gf_c0_mechanism_transfer_c5_round30\runs\stage3__moderate_seed3302__c3_replica__300s\external\models\R.0.0.1.0.1.0.0.1.lp
Reading time = 0.02 seconds
obj: 11903 rows, 3374 columns, 67328 nonzeros
Set parameter TimeLimit to value 231.7481045
Warning: unknown variable 'r_max' in bounds section (line 13940)
Warning: unknown variable 'r_min' in bounds section (line 13941)
Read LP format model from file E:\codes\ExactEBRP\results\gf_c0_mechanism_transfer_c5_round30\runs\stage3__moderate_seed3302__c3_replica__300s\external\models\R.0.0.1.0.0.1.0.0.lp
Reading time = 0.02 seconds
obj: 11903 rows, 3374 columns, 67328 nonzeros
Set parameter TimeLimit to value 231.370433
Warning: unknown variable 'r_max' in bounds section (line 13940)
Warning: unknown variable 'r_min' in bounds section (line 13941)
Read LP format model from file E:\codes\ExactEBRP\results\gf_c0_mechanism_transfer_c5_round30\runs\stage3__moderate_seed3302__c3_replica__300s\external\models\R.0.0.1.0.0.1.0.1.lp
Reading time = 0.02 seconds
obj: 11903 rows, 3374 columns, 67328 nonzeros
Set parameter TimeLimit to value 231.0739135
Warning: unknown variable 'r_max' in bounds section (line 13940)
Warning: unknown variable 'r_min' in bounds section (line 13941)
Read LP format model from file E:\codes\ExactEBRP\results\gf_c0_mechanism_transfer_c5_round30\runs\stage3__moderate_seed3302__c3_replica__300s\external\models\R.0.0.1.0.1.0.1.1.lp
Reading time = 0.02 seconds
obj: 11903 rows, 3374 columns, 67328 nonzeros
Set parameter TimeLimit to value 230.737711
Warning: unknown variable 'r_max' in bounds section (line 13940)
Warning: unknown variable 'r_min' in bounds section (line 13941)
Read LP format model from file E:\codes\ExactEBRP\results\gf_c0_mechanism_transfer_c5_round30\runs\stage3__moderate_seed3302__c3_replica__300s\external\models\R.0.0.1.0.1.0.1.0.lp
Reading time = 0.02 seconds
obj: 11903 rows, 3374 columns, 67328 nonzeros
Set parameter TimeLimit to value 230.326922
Warning: unknown variable 'r_max' in bounds section (line 13940)
Warning: unknown variable 'r_min' in bounds section (line 13941)
Read LP format model from file E:\codes\ExactEBRP\results\gf_c0_mechanism_transfer_c5_round30\runs\stage3__moderate_seed3302__c3_replica__300s\external\models\R.0.0.1.0.0.0.1.0.lp
Reading time = 0.02 seconds
obj: 11903 rows, 3374 columns, 67328 nonzeros
Set parameter TimeLimit to value 229.8758066
Warning: unknown variable 'r_max' in bounds section (line 13940)
Warning: unknown variable 'r_min' in bounds section (line 13941)
Read LP format model from file E:\codes\ExactEBRP\results\gf_c0_mechanism_transfer_c5_round30\runs\stage3__moderate_seed3302__c3_replica__300s\external\models\R.0.0.1.0.0.0.1.1.lp
Reading time = 0.02 seconds
obj: 11903 rows, 3374 columns, 67328 nonzeros
Set parameter TimeLimit to value 229.5440017
Warning: unknown variable 'r_max' in bounds section (line 13940)
Warning: unknown variable 'r_min' in bounds section (line 13941)
Read LP format model from file E:\codes\ExactEBRP\results\gf_c0_mechanism_transfer_c5_round30\runs\stage3__moderate_seed3302__c3_replica__300s\external\models\R.0.0.1.0.1.1.0.0.lp
Reading time = 0.02 seconds
obj: 11903 rows, 3374 columns, 67328 nonzeros
Set parameter TimeLimit to value 2.2920407849999998e+02
Warning: unknown variable 'r_max' in bounds section (line 13940)
Warning: unknown variable 'r_min' in bounds section (line 13941)
Read LP format model from file E:\codes\ExactEBRP\results\gf_c0_mechanism_transfer_c5_round30\runs\stage3__moderate_seed3302__c3_replica__300s\external\models\R.0.0.1.0.1.1.0.1.lp
Reading time = 0.02 seconds
obj: 11903 rows, 3374 columns, 67328 nonzeros
Set parameter TimeLimit to value 228.8047937
Warning: unknown variable 'r_max' in bounds section (line 13940)
Warning: unknown variable 'r_min' in bounds section (line 13941)
Read LP format model from file E:\codes\ExactEBRP\results\gf_c0_mechanism_transfer_c5_round30\runs\stage3__moderate_seed3302__c3_replica__300s\external\models\R.0.0.1.1.0.1.0.lp
Reading time = 0.02 seconds
obj: 11903 rows, 3374 columns, 67328 nonzeros
Set parameter TimeLimit to value 228.3888641
Warning: unknown variable 'r_max' in bounds section (line 13940)
Warning: unknown variable 'r_min' in bounds section (line 13941)
Read LP format model from file E:\codes\ExactEBRP\results\gf_c0_mechanism_transfer_c5_round30\runs\stage3__moderate_seed3302__c3_replica__300s\external\models\R.0.0.1.1.0.1.1.lp
Reading time = 0.02 seconds
obj: 11903 rows, 3374 columns, 67328 nonzeros
Set parameter TimeLimit to value 2.2784346549999998e+02
Warning: unknown variable 'r_max' in bounds section (line 13940)
Warning: unknown variable 'r_min' in bounds section (line 13941)
Read LP format model from file E:\codes\ExactEBRP\results\gf_c0_mechanism_transfer_c5_round30\runs\stage3__moderate_seed3302__c3_replica__300s\external\models\R.0.0.1.0.1.1.1.0.lp
Reading time = 0.02 seconds
obj: 11903 rows, 3374 columns, 67328 nonzeros
Set parameter TimeLimit to value 227.3190191
Warning: unknown variable 'r_max' in bounds section (line 13940)
Warning: unknown variable 'r_min' in bounds section (line 13941)
Read LP format model from file E:\codes\ExactEBRP\results\gf_c0_mechanism_transfer_c5_round30\runs\stage3__moderate_seed3302__c3_replica__300s\external\models\R.0.0.1.0.1.1.1.1.lp
Reading time = 0.02 seconds
obj: 11903 rows, 3374 columns, 67328 nonzeros
Set parameter TimeLimit to value 226.9701384
Warning: unknown variable 'r_max' in bounds section (line 13940)
Warning: unknown variable 'r_min' in bounds section (line 13941)
Read LP format model from file E:\codes\ExactEBRP\results\gf_c0_mechanism_transfer_c5_round30\runs\stage3__moderate_seed3302__c3_replica__300s\external\models\R.0.0.1.0.0.0.0.1.lp
Reading time = 0.02 seconds
obj: 11903 rows, 3374 columns, 67328 nonzeros
Set parameter TimeLimit to value 226.5591326
Warning: unknown variable 'r_max' in bounds section (line 13940)
Warning: unknown variable 'r_min' in bounds section (line 13941)
Read LP format model from file E:\codes\ExactEBRP\results\gf_c0_mechanism_transfer_c5_round30\runs\stage3__moderate_seed3302__c3_replica__300s\external\models\R.0.0.1.0.0.0.0.0.lp
Reading time = 0.02 seconds
obj: 11903 rows, 3374 columns, 67328 nonzeros
Set parameter TimeLimit to value 226.2001624
Warning: unknown variable 'r_max' in bounds section (line 13940)
Warning: unknown variable 'r_min' in bounds section (line 13941)
Read LP format model from file E:\codes\ExactEBRP\results\gf_c0_mechanism_transfer_c5_round30\runs\stage3__moderate_seed3302__c3_replica__300s\external\models\R.0.0.1.0.0.1.1.1.0.lp
Reading time = 0.02 seconds
obj: 11903 rows, 3374 columns, 67328 nonzeros
Set parameter TimeLimit to value 225.8919024
Warning: unknown variable 'r_max' in bounds section (line 13940)
Warning: unknown variable 'r_min' in bounds section (line 13941)
Read LP format model from file E:\codes\ExactEBRP\results\gf_c0_mechanism_transfer_c5_round30\runs\stage3__moderate_seed3302__c3_replica__300s\external\models\R.0.0.1.0.0.1.1.1.1.lp
Reading time = 0.02 seconds
obj: 11903 rows, 3374 columns, 67328 nonzeros
Set parameter TimeLimit to value 2.2551773509999998e+02
Warning: unknown variable 'r_max' in bounds section (line 13940)
Warning: unknown variable 'r_min' in bounds section (line 13941)
Read LP format model from file E:\codes\ExactEBRP\results\gf_c0_mechanism_transfer_c5_round30\runs\stage3__moderate_seed3302__c3_replica__300s\external\models\R.0.0.1.0.0.1.1.0.0.lp
Reading time = 0.02 seconds
obj: 11903 rows, 3374 columns, 67328 nonzeros
Set parameter TimeLimit to value 225.1685978
Warning: unknown variable 'r_max' in bounds section (line 13940)
Warning: unknown variable 'r_min' in bounds section (line 13941)
Read LP format model from file E:\codes\ExactEBRP\results\gf_c0_mechanism_transfer_c5_round30\runs\stage3__moderate_seed3302__c3_replica__300s\external\models\R.0.0.1.0.0.1.1.0.1.lp
Reading time = 0.02 seconds
obj: 11903 rows, 3374 columns, 67328 nonzeros
Set parameter TimeLimit to value 224.8047459
Warning: unknown variable 'r_max' in bounds section (line 13940)
Warning: unknown variable 'r_min' in bounds section (line 13941)
Read LP format model from file E:\codes\ExactEBRP\results\gf_c0_mechanism_transfer_c5_round30\runs\stage3__moderate_seed3302__c3_replica__300s\external\models\R.0.0.1.1.0.0.0.1.lp
Reading time = 0.02 seconds
obj: 11903 rows, 3374 columns, 67328 nonzeros
Set parameter TimeLimit to value 224.4534172
Warning: unknown variable 'r_max' in bounds section (line 13940)
Warning: unknown variable 'r_min' in bounds section (line 13941)
Read LP format model from file E:\codes\ExactEBRP\results\gf_c0_mechanism_transfer_c5_round30\runs\stage3__moderate_seed3302__c3_replica__300s\external\models\R.0.0.1.1.0.0.0.0.lp
Reading time = 0.02 seconds
obj: 11903 rows, 3374 columns, 67328 nonzeros
Set parameter TimeLimit to value 224.0394061
Warning: unknown variable 'r_max' in bounds section (line 13940)
Warning: unknown variable 'r_min' in bounds section (line 13941)
Read LP format model from file E:\codes\ExactEBRP\results\gf_c0_mechanism_transfer_c5_round30\runs\stage3__moderate_seed3302__c3_replica__300s\external\models\R.0.0.1.0.1.0.0.0.1.lp
Reading time = 0.02 seconds
obj: 11903 rows, 3374 columns, 67328 nonzeros
Set parameter TimeLimit to value 223.6574592
Warning: unknown variable 'r_max' in bounds section (line 13940)
Warning: unknown variable 'r_min' in bounds section (line 13941)
Read LP format model from file E:\codes\ExactEBRP\results\gf_c0_mechanism_transfer_c5_round30\runs\stage3__moderate_seed3302__c3_replica__300s\external\models\R.0.0.1.0.1.0.0.0.0.lp
Reading time = 0.02 seconds
obj: 11903 rows, 3374 columns, 67328 nonzeros
Set parameter TimeLimit to value 223.308294
Warning: unknown variable 'r_max' in bounds section (line 13940)
Warning: unknown variable 'r_min' in bounds section (line 13941)
Read LP format model from file E:\codes\ExactEBRP\results\gf_c0_mechanism_transfer_c5_round30\runs\stage3__moderate_seed3302__c3_replica__300s\external\models\R.0.0.0.1.1.1.1.0.lp
Reading time = 0.02 seconds
obj: 11903 rows, 3374 columns, 67328 nonzeros
Set parameter TimeLimit to value 222.9446203
Warning: unknown variable 'r_max' in bounds section (line 13940)
Warning: unknown variable 'r_min' in bounds section (line 13941)
Read LP format model from file E:\codes\ExactEBRP\results\gf_c0_mechanism_transfer_c5_round30\runs\stage3__moderate_seed3302__c3_replica__300s\external\models\R.0.0.0.1.1.1.1.1.lp
Reading time = 0.02 seconds
obj: 11903 rows, 3374 columns, 67328 nonzeros
Set parameter TimeLimit to value 2.2258946120000002e+02
Warning: unknown variable 'r_max' in bounds section (line 13940)
Warning: unknown variable 'r_min' in bounds section (line 13941)
Read LP format model from file E:\codes\ExactEBRP\results\gf_c0_mechanism_transfer_c5_round30\runs\stage3__moderate_seed3302__c3_replica__300s\external\models\R.0.0.1.0.0.1.0.1.1.lp
Reading time = 0.02 seconds
obj: 11903 rows, 3374 columns, 67328 nonzeros
Set parameter TimeLimit to value 222.2563498
Warning: unknown variable 'r_max' in bounds section (line 13940)
Warning: unknown variable 'r_min' in bounds section (line 13941)
Read LP format model from file E:\codes\ExactEBRP\results\gf_c0_mechanism_transfer_c5_round30\runs\stage3__moderate_seed3302__c3_replica__300s\external\models\R.0.0.1.0.0.1.0.1.0.lp
Reading time = 0.02 seconds
obj: 11903 rows, 3374 columns, 67328 nonzeros
Set parameter TimeLimit to value 221.915513
Warning: unknown variable 'r_max' in bounds section (line 13940)
Warning: unknown variable 'r_min' in bounds section (line 13941)
Read LP format model from file E:\codes\ExactEBRP\results\gf_c0_mechanism_transfer_c5_round30\runs\stage3__moderate_seed3302__c3_replica__300s\external\models\R.0.0.1.0.1.0.0.1.0.lp
Reading time = 0.02 seconds
obj: 11903 rows, 3374 columns, 67328 nonzeros
Set parameter TimeLimit to value 2.2150480090000002e+02
Warning: unknown variable 'r_max' in bounds section (line 13940)
Warning: unknown variable 'r_min' in bounds section (line 13941)
Read LP format model from file E:\codes\ExactEBRP\results\gf_c0_mechanism_transfer_c5_round30\runs\stage3__moderate_seed3302__c3_replica__300s\external\models\R.0.0.1.0.1.0.0.1.1.lp
Reading time = 0.02 seconds
obj: 11903 rows, 3374 columns, 67328 nonzeros
Set parameter TimeLimit to value 221.1428467
Warning: unknown variable 'r_max' in bounds section (line 13940)
Warning: unknown variable 'r_min' in bounds section (line 13941)
Read LP format model from file E:\codes\ExactEBRP\results\gf_c0_mechanism_transfer_c5_round30\runs\stage3__moderate_seed3302__c3_replica__300s\external\models\R.0.0.1.0.1.0.1.0.1.lp
Reading time = 0.02 seconds
obj: 11903 rows, 3374 columns, 67328 nonzeros
Set parameter TimeLimit to value 220.7553941
Warning: unknown variable 'r_max' in bounds section (line 13940)
Warning: unknown variable 'r_min' in bounds section (line 13941)
Read LP format model from file E:\codes\ExactEBRP\results\gf_c0_mechanism_transfer_c5_round30\runs\stage3__moderate_seed3302__c3_replica__300s\external\models\R.0.0.1.0.1.0.1.0.0.lp
Reading time = 0.02 seconds
obj: 11903 rows, 3374 columns, 67328 nonzeros
Set parameter TimeLimit to value 220.3285277
Warning: unknown variable 'r_max' in bounds section (line 13940)
Warning: unknown variable 'r_min' in bounds section (line 13941)
Read LP format model from file E:\codes\ExactEBRP\results\gf_c0_mechanism_transfer_c5_round30\runs\stage3__moderate_seed3302__c3_replica__300s\external\models\R.0.0.1.0.0.1.0.0.0.lp
Reading time = 0.02 seconds
obj: 11903 rows, 3374 columns, 67328 nonzeros
Set parameter TimeLimit to value 219.9277112
Warning: unknown variable 'r_max' in bounds section (line 13940)
Warning: unknown variable 'r_min' in bounds section (line 13941)
Read LP format model from file E:\codes\ExactEBRP\results\gf_c0_mechanism_transfer_c5_round30\runs\stage3__moderate_seed3302__c3_replica__300s\external\models\R.0.0.1.0.0.1.0.0.1.lp
Reading time = 0.02 seconds
obj: 11903 rows, 3374 columns, 67328 nonzeros
Set parameter TimeLimit to value 219.5902109
Warning: unknown variable 'r_max' in bounds section (line 13940)
Warning: unknown variable 'r_min' in bounds section (line 13941)
Read LP format model from file E:\codes\ExactEBRP\results\gf_c0_mechanism_transfer_c5_round30\runs\stage3__moderate_seed3302__c3_replica__300s\external\models\R.0.0.1.0.0.1.1.1.0.0.lp
Reading time = 0.02 seconds
obj: 11903 rows, 3374 columns, 67328 nonzeros
Set parameter TimeLimit to value 219.2720563
Warning: unknown variable 'r_max' in bounds section (line 13940)
Warning: unknown variable 'r_min' in bounds section (line 13941)
Read LP format model from file E:\codes\ExactEBRP\results\gf_c0_mechanism_transfer_c5_round30\runs\stage3__moderate_seed3302__c3_replica__300s\external\models\R.0.0.1.0.0.1.1.1.0.0.lp
Reading time = 0.02 seconds
obj: 11903 rows, 3374 columns, 67328 nonzeros
Set parameter TimeLimit to value 2.1908400460000001e+02
Warning: unknown variable 'r_max' in bounds section (line 13940)
Warning: unknown variable 'r_min' in bounds section (line 13941)
Read LP format model from file E:\codes\ExactEBRP\results\gf_c0_mechanism_transfer_c5_round30\runs\stage3__moderate_seed3302__c3_replica__300s\external\models\R.0.0.1.0.0.1.1.1.0.1.lp
Reading time = 0.02 seconds
obj: 11903 rows, 3374 columns, 67328 nonzeros
Set parameter TimeLimit to value 209.3520572
Warning: unknown variable 'r_max' in bounds section (line 13940)
Warning: unknown variable 'r_min' in bounds section (line 13941)
Read LP format model from file E:\codes\ExactEBRP\results\gf_c0_mechanism_transfer_c5_round30\runs\stage3__moderate_seed3302__c3_replica__300s\external\models\R.0.0.1.0.0.1.1.1.0.1.lp
Reading time = 0.02 seconds
obj: 11903 rows, 3374 columns, 67328 nonzeros
Set parameter TimeLimit to value 2.0910581689999998e+02
Warning: unknown variable 'r_max' in bounds section (line 13940)
Warning: unknown variable 'r_min' in bounds section (line 13941)
Read LP format model from file E:\codes\ExactEBRP\results\gf_c0_mechanism_transfer_c5_round30\runs\stage3__moderate_seed3302__c3_replica__300s\external\models\R.0.0.1.0.1.0.1.1.0.lp
Reading time = 0.02 seconds
obj: 11903 rows, 3374 columns, 67328 nonzeros
Set parameter TimeLimit to value 2.0073466430000002e+02
Warning: unknown variable 'r_max' in bounds section (line 13940)
Warning: unknown variable 'r_min' in bounds section (line 13941)
Read LP format model from file E:\codes\ExactEBRP\results\gf_c0_mechanism_transfer_c5_round30\runs\stage3__moderate_seed3302__c3_replica__300s\external\models\R.0.0.1.0.1.0.1.1.1.lp
Reading time = 0.02 seconds
obj: 11903 rows, 3374 columns, 67328 nonzeros
Set parameter TimeLimit to value 2.0030099819999998e+02
Warning: unknown variable 'r_max' in bounds section (line 13940)
Warning: unknown variable 'r_min' in bounds section (line 13941)
Read LP format model from file E:\codes\ExactEBRP\results\gf_c0_mechanism_transfer_c5_round30\runs\stage3__moderate_seed3302__c3_replica__300s\external\models\R.0.0.0.1.1.1.0.1.lp
Reading time = 0.02 seconds
obj: 11903 rows, 3374 columns, 67328 nonzeros
Set parameter TimeLimit to value 199.8996344
Warning: unknown variable 'r_max' in bounds section (line 13940)
Warning: unknown variable 'r_min' in bounds section (line 13941)
Read LP format model from file E:\codes\ExactEBRP\results\gf_c0_mechanism_transfer_c5_round30\runs\stage3__moderate_seed3302__c3_replica__300s\external\models\R.0.0.0.1.1.1.0.0.lp
Reading time = 0.02 seconds
obj: 11903 rows, 3374 columns, 67328 nonzeros
Set parameter TimeLimit to value 1.9955699679999998e+02
Warning: unknown variable 'r_max' in bounds section (line 13940)
Warning: unknown variable 'r_min' in bounds section (line 13941)
Read LP format model from file E:\codes\ExactEBRP\results\gf_c0_mechanism_transfer_c5_round30\runs\stage3__moderate_seed3302__c3_replica__300s\external\models\R.0.0.1.1.0.0.1.0.lp
Reading time = 0.02 seconds
obj: 11903 rows, 3374 columns, 67328 nonzeros
Set parameter TimeLimit to value 1.9922741200000002e+02
Warning: unknown variable 'r_max' in bounds section (line 13940)
Warning: unknown variable 'r_min' in bounds section (line 13941)
Read LP format model from file E:\codes\ExactEBRP\results\gf_c0_mechanism_transfer_c5_round30\runs\stage3__moderate_seed3302__c3_replica__300s\external\models\R.0.0.1.1.0.0.1.1.lp
Reading time = 0.02 seconds
obj: 11903 rows, 3374 columns, 67328 nonzeros
Set parameter TimeLimit to value 198.7318495
Warning: unknown variable 'r_max' in bounds section (line 13940)
Warning: unknown variable 'r_min' in bounds section (line 13941)
Read LP format model from file E:\codes\ExactEBRP\results\gf_c0_mechanism_transfer_c5_round30\runs\stage3__moderate_seed3302__c3_replica__300s\external\models\R.0.0.1.0.0.1.1.1.1.0.lp
Reading time = 0.02 seconds
obj: 11903 rows, 3374 columns, 67328 nonzeros
Set parameter TimeLimit to value 1.9812301689999998e+02
Warning: unknown variable 'r_max' in bounds section (line 13940)
Warning: unknown variable 'r_min' in bounds section (line 13941)
Read LP format model from file E:\codes\ExactEBRP\results\gf_c0_mechanism_transfer_c5_round30\runs\stage3__moderate_seed3302__c3_replica__300s\external\models\R.0.0.1.0.0.1.1.1.1.0.lp
Reading time = 0.02 seconds
obj: 11903 rows, 3374 columns, 67328 nonzeros
Set parameter TimeLimit to value 197.8634601
Warning: unknown variable 'r_max' in bounds section (line 13940)
Warning: unknown variable 'r_min' in bounds section (line 13941)
Read LP format model from file E:\codes\ExactEBRP\results\gf_c0_mechanism_transfer_c5_round30\runs\stage3__moderate_seed3302__c3_replica__300s\external\models\R.0.0.1.0.0.1.1.1.1.1.lp
Reading time = 0.02 seconds
obj: 11903 rows, 3374 columns, 67328 nonzeros
Set parameter TimeLimit to value 191.0683046
Warning: unknown variable 'r_max' in bounds section (line 13940)
Warning: unknown variable 'r_min' in bounds section (line 13941)
Read LP format model from file E:\codes\ExactEBRP\results\gf_c0_mechanism_transfer_c5_round30\runs\stage3__moderate_seed3302__c3_replica__300s\external\models\R.0.0.1.0.0.1.1.1.1.1.lp
Reading time = 0.02 seconds
obj: 11903 rows, 3374 columns, 67328 nonzeros
Set parameter TimeLimit to value 190.8395199
Warning: unknown variable 'r_max' in bounds section (line 13940)
Warning: unknown variable 'r_min' in bounds section (line 13941)
Read LP format model from file E:\codes\ExactEBRP\results\gf_c0_mechanism_transfer_c5_round30\runs\stage3__moderate_seed3302__c3_replica__300s\external\models\R.0.0.1.0.0.0.1.1.0.lp
Reading time = 0.02 seconds
obj: 11903 rows, 3374 columns, 67328 nonzeros
Set parameter TimeLimit to value 1.8301345320000001e+02
Warning: unknown variable 'r_max' in bounds section (line 13940)
Warning: unknown variable 'r_min' in bounds section (line 13941)
Read LP format model from file E:\codes\ExactEBRP\results\gf_c0_mechanism_transfer_c5_round30\runs\stage3__moderate_seed3302__c3_replica__300s\external\models\R.0.0.1.0.0.0.1.1.1.lp
Reading time = 0.02 seconds
obj: 11903 rows, 3374 columns, 67328 nonzeros
Set parameter TimeLimit to value 182.6862158
Warning: unknown variable 'r_max' in bounds section (line 13940)
Warning: unknown variable 'r_min' in bounds section (line 13941)
Read LP format model from file E:\codes\ExactEBRP\results\gf_c0_mechanism_transfer_c5_round30\runs\stage3__moderate_seed3302__c3_replica__300s\external\models\R.0.0.1.0.0.1.1.0.1.1.lp
Reading time = 0.02 seconds
obj: 11903 rows, 3374 columns, 67328 nonzeros
Set parameter TimeLimit to value 182.3499063
Warning: unknown variable 'r_max' in bounds section (line 13940)
Warning: unknown variable 'r_min' in bounds section (line 13941)
Read LP format model from file E:\codes\ExactEBRP\results\gf_c0_mechanism_transfer_c5_round30\runs\stage3__moderate_seed3302__c3_replica__300s\external\models\R.0.0.1.0.0.1.1.0.1.1.lp
Reading time = 0.02 seconds
obj: 11903 rows, 3374 columns, 67328 nonzeros
Set parameter TimeLimit to value 182.1325031
Warning: unknown variable 'r_max' in bounds section (line 13940)
Warning: unknown variable 'r_min' in bounds section (line 13941)
Read LP format model from file E:\codes\ExactEBRP\results\gf_c0_mechanism_transfer_c5_round30\runs\stage3__moderate_seed3302__c3_replica__300s\external\models\R.0.0.1.0.0.1.1.0.1.0.lp
Reading time = 0.02 seconds
obj: 11903 rows, 3374 columns, 67328 nonzeros
Set parameter TimeLimit to value 1.7379802410000002e+02
Warning: unknown variable 'r_max' in bounds section (line 13940)
Warning: unknown variable 'r_min' in bounds section (line 13941)
Read LP format model from file E:\codes\ExactEBRP\results\gf_c0_mechanism_transfer_c5_round30\runs\stage3__moderate_seed3302__c3_replica__300s\external\models\R.0.0.1.0.0.1.1.0.1.0.lp
Reading time = 0.02 seconds
obj: 11903 rows, 3374 columns, 67328 nonzeros
Set parameter TimeLimit to value 1.7361011100000002e+02
Warning: unknown variable 'r_max' in bounds section (line 13940)
Warning: unknown variable 'r_min' in bounds section (line 13941)
Read LP format model from file E:\codes\ExactEBRP\results\gf_c0_mechanism_transfer_c5_round30\runs\stage3__moderate_seed3302__c3_replica__300s\external\models\R.0.0.1.0.1.1.0.0.0.lp
Reading time = 0.02 seconds
obj: 11903 rows, 3374 columns, 67328 nonzeros
Set parameter TimeLimit to value 167.1551527
Warning: unknown variable 'r_max' in bounds section (line 13940)
Warning: unknown variable 'r_min' in bounds section (line 13941)
Read LP format model from file E:\codes\ExactEBRP\results\gf_c0_mechanism_transfer_c5_round30\runs\stage3__moderate_seed3302__c3_replica__300s\external\models\R.0.0.1.0.1.1.0.0.1.lp
Reading time = 0.02 seconds
obj: 11903 rows, 3374 columns, 67328 nonzeros
Set parameter TimeLimit to value 166.8212664
Warning: unknown variable 'r_max' in bounds section (line 13940)
Warning: unknown variable 'r_min' in bounds section (line 13941)
Read LP format model from file E:\codes\ExactEBRP\results\gf_c0_mechanism_transfer_c5_round30\runs\stage3__moderate_seed3302__c3_replica__300s\external\models\R.0.0.1.0.1.0.0.0.0.1.lp
Reading time = 0.02 seconds
obj: 11903 rows, 3374 columns, 67328 nonzeros
Set parameter TimeLimit to value 166.4309458
Warning: unknown variable 'r_max' in bounds section (line 13940)
Warning: unknown variable 'r_min' in bounds section (line 13941)
Read LP format model from file E:\codes\ExactEBRP\results\gf_c0_mechanism_transfer_c5_round30\runs\stage3__moderate_seed3302__c3_replica__300s\external\models\R.0.0.1.0.1.0.0.0.0.1.lp
Reading time = 0.02 seconds
obj: 11903 rows, 3374 columns, 67328 nonzeros
Set parameter TimeLimit to value 166.2111076
Warning: unknown variable 'r_max' in bounds section (line 13940)
Warning: unknown variable 'r_min' in bounds section (line 13941)
Read LP format model from file E:\codes\ExactEBRP\results\gf_c0_mechanism_transfer_c5_round30\runs\stage3__moderate_seed3302__c3_replica__300s\external\models\R.0.0.1.0.1.0.0.0.0.0.lp
Reading time = 0.02 seconds
obj: 11903 rows, 3374 columns, 67328 nonzeros
Set parameter TimeLimit to value 154.5266623
Warning: unknown variable 'r_max' in bounds section (line 13940)
Warning: unknown variable 'r_min' in bounds section (line 13941)
Read LP format model from file E:\codes\ExactEBRP\results\gf_c0_mechanism_transfer_c5_round30\runs\stage3__moderate_seed3302__c3_replica__300s\external\models\R.0.0.1.0.1.0.0.0.0.0.lp
Reading time = 0.02 seconds
obj: 11903 rows, 3374 columns, 67328 nonzeros
Set parameter TimeLimit to value 154.3243731
Warning: unknown variable 'r_max' in bounds section (line 13940)
Warning: unknown variable 'r_min' in bounds section (line 13941)
Read LP format model from file E:\codes\ExactEBRP\results\gf_c0_mechanism_transfer_c5_round30\runs\stage3__moderate_seed3302__c3_replica__300s\external\models\R.0.0.1.0.0.1.1.0.0.0.lp
Reading time = 0.02 seconds
obj: 11903 rows, 3374 columns, 67328 nonzeros
Set parameter TimeLimit to value 143.5545282
Warning: unknown variable 'r_max' in bounds section (line 13940)
Warning: unknown variable 'r_min' in bounds section (line 13941)
Read LP format model from file E:\codes\ExactEBRP\results\gf_c0_mechanism_transfer_c5_round30\runs\stage3__moderate_seed3302__c3_replica__300s\external\models\R.0.0.1.0.0.1.1.0.0.0.lp
Reading time = 0.02 seconds
obj: 11903 rows, 3374 columns, 67328 nonzeros
Set parameter TimeLimit to value 143.3410703
Warning: unknown variable 'r_max' in bounds section (line 13940)
Warning: unknown variable 'r_min' in bounds section (line 13941)
Read LP format model from file E:\codes\ExactEBRP\results\gf_c0_mechanism_transfer_c5_round30\runs\stage3__moderate_seed3302__c3_replica__300s\external\models\R.0.0.1.0.0.1.1.0.0.1.lp
Reading time = 0.02 seconds
obj: 11903 rows, 3374 columns, 67328 nonzeros
Set parameter TimeLimit to value 135.8107246
Warning: unknown variable 'r_max' in bounds section (line 13940)
Warning: unknown variable 'r_min' in bounds section (line 13941)
Read LP format model from file E:\codes\ExactEBRP\results\gf_c0_mechanism_transfer_c5_round30\runs\stage3__moderate_seed3302__c3_replica__300s\external\models\R.0.0.1.0.0.1.1.0.0.1.lp
Reading time = 0.02 seconds
obj: 11903 rows, 3374 columns, 67328 nonzeros
Set parameter TimeLimit to value 135.5679109
Warning: unknown variable 'r_max' in bounds section (line 13940)
Warning: unknown variable 'r_min' in bounds section (line 13941)
Read LP format model from file E:\codes\ExactEBRP\results\gf_c0_mechanism_transfer_c5_round30\runs\stage3__moderate_seed3302__c3_replica__300s\external\models\R.0.0.1.0.1.0.0.0.1.0.lp
Reading time = 0.02 seconds
obj: 11903 rows, 3374 columns, 67328 nonzeros
Set parameter TimeLimit to value 129.7317276
Warning: unknown variable 'r_max' in bounds section (line 13940)
Warning: unknown variable 'r_min' in bounds section (line 13941)
Read LP format model from file E:\codes\ExactEBRP\results\gf_c0_mechanism_transfer_c5_round30\runs\stage3__moderate_seed3302__c3_replica__300s\external\models\R.0.0.1.0.1.0.0.0.1.0.lp
Reading time = 0.02 seconds
obj: 11903 rows, 3374 columns, 67328 nonzeros
Set parameter TimeLimit to value 129.4970855
Warning: unknown variable 'r_max' in bounds section (line 13940)
Warning: unknown variable 'r_min' in bounds section (line 13941)
Read LP format model from file E:\codes\ExactEBRP\results\gf_c0_mechanism_transfer_c5_round30\runs\stage3__moderate_seed3302__c3_replica__300s\external\models\R.0.0.1.0.1.0.0.0.1.1.lp
Reading time = 0.02 seconds
obj: 11903 rows, 3374 columns, 67328 nonzeros
Set parameter TimeLimit to value 1.1752086220000001e+02
Warning: unknown variable 'r_max' in bounds section (line 13940)
Warning: unknown variable 'r_min' in bounds section (line 13941)
Read LP format model from file E:\codes\ExactEBRP\results\gf_c0_mechanism_transfer_c5_round30\runs\stage3__moderate_seed3302__c3_replica__300s\external\models\R.0.0.1.0.1.0.0.0.1.1.lp
Reading time = 0.02 seconds
obj: 11903 rows, 3374 columns, 67328 nonzeros
Set parameter TimeLimit to value 1.1725583750000001e+02
Warning: unknown variable 'r_max' in bounds section (line 13940)
Warning: unknown variable 'r_min' in bounds section (line 13941)
Read LP format model from file E:\codes\ExactEBRP\results\gf_c0_mechanism_transfer_c5_round30\runs\stage3__moderate_seed3302__c3_replica__300s\external\models\R.0.0.1.0.1.1.0.1.1.lp
Reading time = 0.02 seconds
obj: 11903 rows, 3374 columns, 67328 nonzeros
Set parameter TimeLimit to value 1.0075044589999999e+02
Warning: unknown variable 'r_max' in bounds section (line 13940)
Warning: unknown variable 'r_min' in bounds section (line 13941)
Read LP format model from file E:\codes\ExactEBRP\results\gf_c0_mechanism_transfer_c5_round30\runs\stage3__moderate_seed3302__c3_replica__300s\external\models\R.0.0.1.0.1.1.0.1.0.lp
Reading time = 0.02 seconds
obj: 11903 rows, 3374 columns, 67328 nonzeros
Set parameter TimeLimit to value 1.0033212710000001e+02
Warning: unknown variable 'r_max' in bounds section (line 13940)
Warning: unknown variable 'r_min' in bounds section (line 13941)
Read LP format model from file E:\codes\ExactEBRP\results\gf_c0_mechanism_transfer_c5_round30\runs\stage3__moderate_seed3302__c3_replica__300s\external\models\R.0.0.1.0.1.0.0.1.0.0.lp
Reading time = 0.02 seconds
obj: 11903 rows, 3374 columns, 67328 nonzeros
Set parameter TimeLimit to value 9.9942213400000014e+01
Warning: unknown variable 'r_max' in bounds section (line 13940)
Warning: unknown variable 'r_min' in bounds section (line 13941)
Read LP format model from file E:\codes\ExactEBRP\results\gf_c0_mechanism_transfer_c5_round30\runs\stage3__moderate_seed3302__c3_replica__300s\external\models\R.0.0.1.0.1.0.0.1.0.0.lp
Reading time = 0.02 seconds
obj: 11903 rows, 3374 columns, 67328 nonzeros
Set parameter TimeLimit to value 99.7004502
Warning: unknown variable 'r_max' in bounds section (line 13940)
Warning: unknown variable 'r_min' in bounds section (line 13941)
Read LP format model from file E:\codes\ExactEBRP\results\gf_c0_mechanism_transfer_c5_round30\runs\stage3__moderate_seed3302__c3_replica__300s\external\models\R.0.0.1.0.1.0.0.1.0.1.lp
Reading time = 0.02 seconds
obj: 11903 rows, 3374 columns, 67328 nonzeros
Set parameter TimeLimit to value 80.6321848
Warning: unknown variable 'r_max' in bounds section (line 13940)
Warning: unknown variable 'r_min' in bounds section (line 13941)
Read LP format model from file E:\codes\ExactEBRP\results\gf_c0_mechanism_transfer_c5_round30\runs\stage3__moderate_seed3302__c3_replica__300s\external\models\R.0.0.1.0.1.0.0.1.0.1.lp
Reading time = 0.02 seconds
obj: 11903 rows, 3374 columns, 67328 nonzeros
Set parameter TimeLimit to value 80.3978261
Warning: unknown variable 'r_max' in bounds section (line 13940)
Warning: unknown variable 'r_min' in bounds section (line 13941)
Read LP format model from file E:\codes\ExactEBRP\results\gf_c0_mechanism_transfer_c5_round30\runs\stage3__moderate_seed3302__c3_replica__300s\external\models\R.0.0.1.0.0.0.1.0.1.lp
Reading time = 0.02 seconds
obj: 11903 rows, 3374 columns, 67328 nonzeros
Set parameter TimeLimit to value 5.3708248200000014e+01
Warning: unknown variable 'r_max' in bounds section (line 13940)
Warning: unknown variable 'r_min' in bounds section (line 13941)
Read LP format model from file E:\codes\ExactEBRP\results\gf_c0_mechanism_transfer_c5_round30\runs\stage3__moderate_seed3302__c3_replica__300s\external\models\R.0.0.1.0.0.0.1.0.0.lp
Reading time = 0.02 seconds
obj: 11903 rows, 3374 columns, 67328 nonzeros
Set parameter TimeLimit to value 5.3377389099999988e+01
Warning: unknown variable 'r_max' in bounds section (line 13940)
Warning: unknown variable 'r_min' in bounds section (line 13941)
Read LP format model from file E:\codes\ExactEBRP\results\gf_c0_mechanism_transfer_c5_round30\runs\stage3__moderate_seed3302__c3_replica__300s\external\models\R.0.0.1.0.0.1.0.1.1.0.lp
Reading time = 0.02 seconds
obj: 11903 rows, 3374 columns, 67328 nonzeros
Set parameter TimeLimit to value 53.0734678
Warning: unknown variable 'r_max' in bounds section (line 13940)
Warning: unknown variable 'r_min' in bounds section (line 13941)
Read LP format model from file E:\codes\ExactEBRP\results\gf_c0_mechanism_transfer_c5_round30\runs\stage3__moderate_seed3302__c3_replica__300s\external\models\R.0.0.1.0.0.1.0.1.1.0.lp
Reading time = 0.02 seconds
obj: 11903 rows, 3374 columns, 67328 nonzeros
Set parameter TimeLimit to value 5.2871415500000012e+01
Warning: unknown variable 'r_max' in bounds section (line 13940)
Warning: unknown variable 'r_min' in bounds section (line 13941)
Read LP format model from file E:\codes\ExactEBRP\results\gf_c0_mechanism_transfer_c5_round30\runs\stage3__moderate_seed3302__c3_replica__300s\external\models\R.0.0.1.0.0.1.0.1.1.1.lp
Reading time = 0.02 seconds
obj: 11903 rows, 3374 columns, 67328 nonzeros
Set parameter TimeLimit to value 47.2150451
Warning: unknown variable 'r_max' in bounds section (line 13940)
Warning: unknown variable 'r_min' in bounds section (line 13941)
Read LP format model from file E:\codes\ExactEBRP\results\gf_c0_mechanism_transfer_c5_round30\runs\stage3__moderate_seed3302__c3_replica__300s\external\models\R.0.0.1.0.0.1.0.1.1.1.lp
Reading time = 0.02 seconds
obj: 11903 rows, 3374 columns, 67328 nonzeros
Set parameter TimeLimit to value 4.7003768900000011e+01
Warning: unknown variable 'r_max' in bounds section (line 13940)
Warning: unknown variable 'r_min' in bounds section (line 13941)
Read LP format model from file E:\codes\ExactEBRP\results\gf_c0_mechanism_transfer_c5_round30\runs\stage3__moderate_seed3302__c3_replica__300s\external\models\R.0.0.0.1.1.0.1.0.lp
Reading time = 0.02 seconds
obj: 11903 rows, 3374 columns, 67328 nonzeros
Set parameter TimeLimit to value 4.1767801999999989e+01
Warning: unknown variable 'r_max' in bounds section (line 13940)
Warning: unknown variable 'r_min' in bounds section (line 13941)
Read LP format model from file E:\codes\ExactEBRP\results\gf_c0_mechanism_transfer_c5_round30\runs\stage3__moderate_seed3302__c3_replica__300s\external\models\R.0.0.0.1.1.0.1.1.lp
Reading time = 0.02 seconds
obj: 11903 rows, 3374 columns, 67328 nonzeros
Set parameter TimeLimit to value 4.1426295799999991e+01
Warning: unknown variable 'r_max' in bounds section (line 13940)
Warning: unknown variable 'r_min' in bounds section (line 13941)
Read LP format model from file E:\codes\ExactEBRP\results\gf_c0_mechanism_transfer_c5_round30\runs\stage3__moderate_seed3302__c3_replica__300s\external\models\R.0.0.1.0.1.0.0.1.1.0.lp
Reading time = 0.02 seconds
obj: 11903 rows, 3374 columns, 67328 nonzeros
Set parameter TimeLimit to value 4.1084215699999987e+01
Warning: unknown variable 'r_max' in bounds section (line 13940)
Warning: unknown variable 'r_min' in bounds section (line 13941)
Read LP format model from file E:\codes\ExactEBRP\results\gf_c0_mechanism_transfer_c5_round30\runs\stage3__moderate_seed3302__c3_replica__300s\external\models\R.0.0.1.0.1.0.0.1.1.0.lp
Reading time = 0.02 seconds
obj: 11903 rows, 3374 columns, 67328 nonzeros
Set parameter TimeLimit to value 40.9076494
Warning: unknown variable 'r_max' in bounds section (line 13940)
Warning: unknown variable 'r_min' in bounds section (line 13941)
Read LP format model from file E:\codes\ExactEBRP\results\gf_c0_mechanism_transfer_c5_round30\runs\stage3__moderate_seed3302__c3_replica__300s\external\models\R.0.0.1.0.1.0.0.1.1.1.lp
Reading time = 0.02 seconds
obj: 11903 rows, 3374 columns, 67328 nonzeros
Set parameter TimeLimit to value 1.5207004700000027e+01
Warning: unknown variable 'r_max' in bounds section (line 13940)
Warning: unknown variable 'r_min' in bounds section (line 13941)
Read LP format model from file E:\codes\ExactEBRP\results\gf_c0_mechanism_transfer_c5_round30\runs\stage3__moderate_seed3302__c3_replica__300s\external\models\R.0.0.1.0.1.0.0.1.1.1.lp
Reading time = 0.02 seconds
obj: 11903 rows, 3374 columns, 67328 nonzeros
Set parameter TimeLimit to value 1.5001644100000021e+01
