
Welcome to IBM(R) ILOG(R) CPLEX(R) Interactive Optimizer 22.1.1.0
  with Simplex, Mixed Integer & Barrier Optimizers
5725-A06 5725-A29 5724-Y48 5724-Y49 5724-Y54 5724-Y55 5655-Y21
Copyright IBM Corp. 1988, 2022.  All Rights Reserved.

Type 'help' for a list of available commands.
Type 'help' followed by a command name for more
information on commands.

CPLEX> New value for default parallel thread count: 1
CPLEX> New value for time limit in seconds: 900
CPLEX> New value for mixed integer optimality gap tolerance: 1e-08
CPLEX> Problem 'results\cplex_work\moderate_seed3301_plain_2087396911\model.lp' read.
Read time = 0.00 sec. (0.56 ticks)
CPLEX> Version identifier: 22.1.1.0 | 2022-11-27 | 9160aff4d
CPXPARAM_Threads                                 1
CPXPARAM_TimeLimit                               900
CPXPARAM_MIP_Tolerances_MIPGap                   1e-08
Tried aggregator 2 times.
MIP Presolve eliminated 111 rows and 6 columns.
MIP Presolve modified 150 coefficients.
Aggregator did 21 substitutions.
Reduced MIP has 4922 rows, 2090 columns, and 22929 nonzeros.
Reduced MIP has 1490 binaries, 197 generals, 0 SOSs, and 0 indicators.
Presolve time = 0.02 sec. (17.41 ticks)
Found incumbent of value 1.277082 after 0.02 sec. (25.96 ticks)
Probing fixed 3 vars, tightened 3 bounds.
Probing time = 0.03 sec. (38.28 ticks)
Tried aggregator 1 time.
Detecting symmetries...
MIP Presolve eliminated 0 rows and 3 columns.
MIP Presolve modified 3 coefficients.
Reduced MIP has 4922 rows, 2087 columns, and 22914 nonzeros.
Reduced MIP has 1487 binaries, 198 generals, 0 SOSs, and 0 indicators.
Presolve time = 0.01 sec. (14.38 ticks)
Probing time = 0.02 sec. (5.53 ticks)
Clique table members: 12420.
MIP emphasis: balance optimality and feasibility.
MIP search method: dynamic search.
Parallel mode: none, using 1 thread.
Root relaxation solution time = 0.03 sec. (68.21 ticks)

        Nodes                                         Cuts/
   Node  Left     Objective  IInf  Best Integer    Best Bound    ItCnt     Gap

*     0+    0                            1.2771        0.0000           100.00%
      0     0        0.0195   208        1.2771        0.0195     1025   98.47%
      0     0        0.0244   260        1.2771     Cuts: 169     3005   98.09%
      0     0        0.0244   289        1.2771     Cuts: 270     3392   98.09%
      0     0        0.0244   223        1.2771      Cuts: 18     3440   98.09%
*     0+    0                            1.2771        0.0244            98.09%
      0     0        0.0244   241        1.2771      Cuts: 71     3612   98.09%
      0     2        0.0244   218        1.2771        0.0244     3612   98.09%
Elapsed time = 0.70 sec. (1530.52 ticks, tree = 0.01 MB, solutions = 2)
      6     8        0.0247   226        1.2771        0.0244     5898   98.09%
     10    12        0.0244   200        1.2771        0.0244     7987   98.09%
     19    21        0.0395   197        1.2771        0.0244     9963   98.09%
     28    30        0.0248   191        1.2771        0.0244    11643   98.09%
     49    51        0.0245   197        1.2771        0.0244    13083   98.09%
    103    98        0.0780   152        1.2771        0.0244    14599   98.09%
    150   135        0.1094   203        1.2771        0.0244    16514   98.09%
    163   148        0.0258   196        1.2771        0.0244    18931   98.09%
    209   190        0.0441   160        1.2771        0.0244    20470   98.09%
    316   284        0.0260   208        1.2771        0.0244    27598   98.09%
Elapsed time = 1.98 sec. (4901.46 ticks, tree = 1.07 MB, solutions = 2)
*   504+  449                            1.2230        0.0244            98.00%
*   504+  449                            1.1374        0.0244            97.85%
*   504+  449                            1.1189        0.0244            97.82%
*   504+  449                            1.1189        0.0244            97.82%
    504   451        0.0362   228        1.1189        0.0244    33586   97.82%
*   505+  450                            1.0881        0.0244            97.76%
*   505+  450                            1.0851        0.0244            97.75%
*   505+  450                            1.0674        0.0244            97.71%
*   505+  450                            1.0669        0.0244            97.71%
*   505+  450                            1.0589        0.0244            97.69%
*   505+  450                            1.0522        0.0244            97.68%
*   505+  450                            1.0518        0.0244            97.68%
*   505+  450                            1.0441        0.0244            97.66%
*   505+  450                            1.0435        0.0244            97.66%
*   505+  450                            1.0435        0.0244            97.66%
    505   452        0.0577   186        1.0435        0.0244    33745   97.66%

Performing restart 1

Repeating presolve.
Tried aggregator 1 time.
Reduced MIP has 4922 rows, 2087 columns, and 22914 nonzeros.
Reduced MIP has 1487 binaries, 198 generals, 0 SOSs, and 0 indicators.
Presolve time = 0.00 sec. (9.25 ticks)
Tried aggregator 1 time.
Reduced MIP has 4922 rows, 2087 columns, and 22914 nonzeros.
Reduced MIP has 1487 binaries, 198 generals, 0 SOSs, and 0 indicators.
Presolve time = 0.00 sec. (14.76 ticks)
Represolve time = 0.06 sec. (140.11 ticks)
    615     0        0.0305   246        1.0435      Cuts: 89    44372   97.08%
    615     0        0.0305   262        1.0435     Cuts: 226    45845   97.08%
    615     0        0.0305   298        1.0435     Cuts: 123    46951   97.08%
    615     0        0.0305   306        1.0435      Cuts: 42    48237   97.08%
    615     0        0.0305   325        1.0435      Cuts: 73    49690   97.08%
    615     0        0.0305   351        1.0435     Cuts: 266    51750   97.08%
    615     0        0.0305   307        1.0435      Cuts: 61    53133   97.08%
    615     0        0.0305   352        1.0435     Cuts: 324    55029   97.08%
*   615+    0                            0.8939        0.0305            96.59%
*   615+    0                            0.8881        0.0305            96.57%
*   615+    0                            0.8822        0.0305            96.55%
*   615+    0                            0.8818        0.0305            96.54%
*   615+    0                            0.3934        0.0305            92.25%
*   615+    0                            0.3867        0.0305            92.12%
*   615+    0                            0.3854        0.0305            92.09%
*   615+    0                            0.3007        0.0305            89.86%
*   615+    0                            0.2938        0.0305            89.63%
*   615+    0                            0.2807        0.0305            89.15%
*   615+    0                            0.2742        0.0305            88.89%
*   615+    0                            0.2710        0.0305            88.76%
*   615+    0                            0.2691        0.0305            88.67%
*   615+    0                            0.2650        0.0305            88.50%
*   615+    0                            0.2643        0.0305            88.47%
*   615+    0                            0.2642        0.0305            88.47%
*   615+    0                            0.2642        0.0305            88.47%
*   615+    0                            0.2642        0.0305            88.47%
    615     0  -1.00000e+75     0        0.2642        0.0305    55029   88.47%
    615     2        0.0305   248        0.2642        0.0305    55030   88.44%
    617     4        0.0316   316        0.2642        0.0316    59511   88.03%
    619     6        0.0323   275        0.2642        0.0323    62079   87.76%
    620     7        0.0722   306        0.2642        0.0323    69307   87.76%
    623    10        0.0518   319        0.2642        0.0328    71060   87.58%
    629    16        0.0824   255        0.2642        0.0328    74155   87.58%
    633    20        0.0354   189        0.2642        0.0328    77330   87.58%
    640    26        0.0367   217        0.2642        0.0328    80865   87.58%
Elapsed time = 11.95 sec. (30234.68 ticks, tree = 0.04 MB, solutions = 32)
    649    35        0.0376   192        0.2642        0.0328    84225   87.58%
    657    41        0.0473   190        0.2642        0.0328    85715   87.58%
    669    48    infeasible              0.2642        0.0328    87952   87.58%
    677    50        0.0741   300        0.2642        0.0330    90967   87.52%
    685    56        0.0815   283        0.2642        0.0330    93600   87.52%
    695    66        0.1101   184        0.2642        0.0330    96696   87.52%
    710    81        0.1153   195        0.2642        0.0330   100591   87.52%
*   715+   84                            0.2567        0.0330            87.15%
*   715+   84                            0.2328        0.0330            85.83%
*   715+   84                            0.2321        0.0330            85.79%
*   715+   84                            0.2307        0.0330            85.71%
    715    86        0.1153   194        0.2307        0.0330   102874   85.71%
    748   110        0.1122   278        0.2307        0.0336   107100   85.44%
    756   116        0.1218   248        0.2307        0.0336   109173   85.44%
Elapsed time = 17.88 sec. (44837.05 ticks, tree = 0.20 MB, solutions = 36)
    774   134        0.1418   246        0.2307        0.0336   111381   85.44%
    789   149        0.1438   163        0.2307        0.0336   114841   85.44%
    811   166        0.0595   248        0.2307        0.0336   119675   85.44%
    815   170        0.0624   301        0.2307        0.0336   120291   85.44%
    830   183        0.0860   237        0.2307        0.0336   123537   85.44%
    847   198        0.0910   231        0.2307        0.0336   125764   85.44%
    862   203        0.1075   239        0.2307        0.0354   130101   84.66%
    868   209        0.1260   371        0.2307        0.0354   131823   84.66%
    874   213        0.1317   242        0.2307        0.0354   142549   84.66%
    896   235        0.1272   230        0.2307        0.0354   145290   84.66%
Elapsed time = 22.73 sec. (57139.23 ticks, tree = 0.47 MB, solutions = 36)
    909   248        0.1252   248        0.2307        0.0354   151008   84.66%
    939   277        0.1360   152        0.2307        0.0354   155835   84.66%
   1005   324        0.0374   260        0.2307        0.0354   160102   84.66%
   1015   334        0.0429   316        0.2307        0.0354   161793   84.66%
   1059   376        0.0620   151        0.2307        0.0354   165018   84.66%
   1068   379        0.0354   247        0.2307        0.0354   165363   84.66%
   1082   393        0.0390   290        0.2307        0.0354   168824   84.66%
   1110   413        0.0513   181        0.2307        0.0354   172457   84.66%
   1143   435        0.0354   245        0.2307        0.0354   174718   84.66%
   1168   458        0.0418   244        0.2307        0.0354   178764   84.66%
Elapsed time = 28.08 sec. (70259.97 ticks, tree = 0.88 MB, solutions = 36)
   1192   478        0.0990   269        0.2307        0.0354   182320   84.66%
   1209   494        0.1284   236        0.2307        0.0354   184369   84.66%
   1215   500        0.1338   229        0.2307        0.0354   184797   84.66%
   1230   507        0.0354   225        0.2307        0.0354   187107   84.66%
   1240   517        0.0828   230        0.2307        0.0354   189301   84.66%
   1255   532        0.0681   197        0.2307        0.0354   191963   84.66%
   1279   556        0.0757   175        0.2307        0.0354   195351   84.66%
   1302   569        0.0354   236        0.2307        0.0354   199373   84.66%
   1323   590        0.0608   203        0.2307        0.0354   202656   84.66%
   1331   594    infeasible              0.2307        0.0354   207428   84.66%
Elapsed time = 35.16 sec. (87677.46 ticks, tree = 1.14 MB, solutions = 36)
   1347   608        0.0595   230        0.2307        0.0354   209638   84.66%
   1377   637        0.0727   165        0.2307        0.0354   213242   84.66%
   1389   642        0.0354   202        0.2307        0.0354   214595   84.66%
   1409   658        cutoff              0.2307        0.0354   218434   84.66%
   1417   664        0.1532   210        0.2307        0.0354   221432   84.66%
   1437   674        0.0354   192        0.2307        0.0354   223013   84.66%
   1452   689        0.0810   237        0.2307        0.0354   226873   84.66%
   1465   702        0.0600   163        0.2307        0.0354   230036   84.66%
   1478   707        0.0354   205        0.2307        0.0354   231887   84.66%
   1520   747        0.0496   142        0.2307        0.0354   235352   84.66%
Elapsed time = 39.73 sec. (99004.96 ticks, tree = 1.41 MB, solutions = 36)
   1541   761        0.0354   211        0.2307        0.0354   236311   84.66%
   1577   793        0.0720   177        0.2307        0.0354   240139   84.66%
   1611   819        0.1052   222        0.2307        0.0354   243960   84.66%
   1646   854        0.1711   162        0.2307        0.0354   248047   84.66%
   1704   908        0.1238   187        0.2307        0.0354   252226   84.66%
   1727   926        0.1109   251        0.2307        0.0354   255518   84.66%
   1743   942        0.1561   229        0.2307        0.0354   258765   84.66%
   1778   975        0.2044   180        0.2307        0.0354   262186   84.66%
   1789   980        0.0992   240        0.2307        0.0355   265589   84.63%
   1826  1010        0.0355   194        0.2307        0.0355   269159   84.63%
Elapsed time = 44.17 sec. (109701.98 ticks, tree = 1.89 MB, solutions = 36)
   1860  1041        0.1072   154        0.2307        0.0355   273367   84.63%
   1864  1043        0.0355   236        0.2307        0.0355   276379   84.62%
   1896  1075        0.0659   188        0.2307        0.0355   280230   84.62%
   1912  1085        0.0542   231        0.2307        0.0355   282362   84.62%
   1948  1113        0.0357   218        0.2307        0.0355   286331   84.62%
   1963  1127        0.0384   186        0.2307        0.0355   290716   84.62%
   2010  1174        0.0719    89        0.2307        0.0355   296120   84.62%
   2050  1202        0.0355   205        0.2307        0.0355   298400   84.62%
   2079  1231        0.0491   181        0.2307        0.0355   302287   84.62%
   2155  1299        0.1255   240        0.2307        0.0355   306151   84.62%
Elapsed time = 48.23 sec. (119580.04 ticks, tree = 2.48 MB, solutions = 36)
   2193  1331        0.0992   230        0.2307        0.0355   310514   84.62%
   2233  1369        0.1179   179        0.2307        0.0355   314039   84.62%
   2283  1411        0.0428   212        0.2307        0.0356   318928   84.56%
   2300  1424        0.0356   211        0.2307        0.0356   321338   84.56%
   2335  1459        0.0497   153        0.2307        0.0356   325493   84.56%
   2378  1494        0.0356   221        0.2307        0.0356   330572   84.56%
   2419  1535        0.0456   166        0.2307        0.0356   333350   84.56%
   2459  1567        0.0387   236        0.2307        0.0356   336311   84.56%
   2528  1626        0.0731   246        0.2307        0.0356   341400   84.56%
   2670  1760        0.1302   154        0.2307        0.0357   355539   84.54%
Elapsed time = 53.69 sec. (132620.73 ticks, tree = 3.35 MB, solutions = 36)
   2809  1890        0.1664   223        0.2307        0.0358   370838   84.49%
   3000  2066        0.0358   219        0.2307        0.0358   387107   84.48%
   3119  2174        0.1271   109        0.2307        0.0358   403066   84.48%
   3211  2254        0.0615   208        0.2307        0.0358   412161   84.48%
   3387  2415        0.0358   212        0.2307        0.0358   427110   84.47%
   3524  2543        0.1407   148        0.2307        0.0359   441130   84.43%
*  3615+ 2619                            0.2258        0.0361            84.03%
   3641  2642        0.1036   210        0.2258        0.0361   451819   84.01%
*  3715+ 2689                            0.2156        0.0361            83.25%
   3762  2730        0.1759   125        0.2156        0.0361   460952   83.25%
*  3815+ 2773                            0.2122        0.0362            82.95%
*  3815+ 2754                            0.2021        0.0362            82.10%
*  3815+ 2754                            0.2021        0.0362            82.09%
*  3815+ 2748                            0.2001        0.0362            81.92%
   3815  2750        0.0839   177        0.2001        0.0362   465266   81.92%
*  3915+ 2839                            0.1998        0.0362            81.88%
   3943  2863        0.0746   183        0.1998        0.0362   472384   81.87%
Elapsed time = 70.48 sec. (172634.06 ticks, tree = 7.34 MB, solutions = 43)
*  4015+ 2923                            0.1977        0.0362            81.67%
*  4015+ 2923                            0.1970        0.0362            81.61%
   4015  2925        0.1335   143        0.1970        0.0362   477828   81.61%
   4104  3004        0.0467   266        0.1970        0.0365   490854   81.46%
*  4115+ 2961                            0.1767        0.0365            79.33%
   4115  2963        0.0766   197        0.1767        0.0365   493040   79.33%
   4253  3080        0.0371   251        0.1767        0.0367   506242   79.22%
   4384  3205        0.0618   174        0.1767        0.0367   518153   79.22%
   4485  3299        0.0955   209        0.1767        0.0367   531149   79.22%
   4600  3396        0.0441   234        0.1767        0.0367   545400   79.22%
   4842  3614        0.0367   205        0.1767        0.0367   565310   79.22%
   5007  3761        0.0737   223        0.1767        0.0367   583407   79.22%
*  5015+ 2795                            0.1235        0.0367            70.27%
*  5015+ 2793                            0.1234        0.0367            70.25%
   5093  2868        0.0553   183        0.1234        0.0367   596161   70.25%
Elapsed time = 88.23 sec. (214378.49 ticks, tree = 6.03 MB, solutions = 48)
   5138  2908        0.0378   218        0.1234        0.0367   600562   70.25%
   5251  3010        0.0371   196        0.1234        0.0367   616047   70.25%
   5400  3151        0.1065   113        0.1234        0.0367   630375   70.25%
   5577  3303        0.0575   121        0.1234        0.0367   646339   70.25%
   5715  3420        0.0746   158        0.1234        0.0367   660272   70.25%
   5832  3519        0.0527   165        0.1234        0.0367   674214   70.25%
   6004  3674        0.0899   143        0.1234        0.0367   689644   70.25%
   6153  3809        0.0495   147        0.1234        0.0367   704940   70.25%
   6315  3958        0.0454   189        0.1234        0.0367   723224   70.25%
   6429  4060        0.0568   186        0.1234        0.0367   737564   70.25%
Elapsed time = 105.72 sec. (255421.13 ticks, tree = 8.48 MB, solutions = 48)
   6574  4191        0.1003   150        0.1234        0.0367   754758   70.25%
*  6615+ 4224                            0.1233        0.0367            70.22%
   6615  4226        0.0783   126        0.1233        0.0367   760313   70.22%
*  6715+ 4312                            0.1233        0.0367            70.22%
   6775  4370        0.0659   220        0.1233        0.0367   776937   70.22%
   6937  4514        0.0390   197        0.1233        0.0367   793174   70.22%
   7298  4837        0.0479   182        0.1233        0.0367   811522   70.22%
   7476  4995        0.0383   208        0.1233        0.0367   827636   70.22%
   7693  5191        0.0476   208        0.1233        0.0367   843212   70.22%
   7715  5213        0.1230   147        0.1233        0.0367   849922   70.22%
   7971  5443        0.0387   204        0.1233        0.0367   863746   70.22%
   8300  5747        0.0520   239        0.1233        0.0367   877847   70.22%
Elapsed time = 124.05 sec. (300795.05 ticks, tree = 50.48 MB, solutions = 50)
   8500  5922        0.0367   234        0.1233        0.0367   891060   70.22%
   8722  6131        0.0381   194        0.1233        0.0367   903874   70.22%
   8964  6356        0.0539   142        0.1233        0.0367   917299   70.22%
   9116  6498        0.0476   240        0.1233        0.0367   932983   70.22%
   9377  6738        0.0522   226        0.1233        0.0367   945726   70.22%
   9447  6800        0.0712   268        0.1233        0.0367   959485   70.21%
*  9515+ 6859                            0.1230        0.0367            70.15%
*  9515+ 6371                            0.1088        0.0367            66.24%
*  9515+ 6301                            0.1071        0.0367            65.70%
*  9515+ 5882                            0.0980        0.0367            62.52%
*  9515+ 5873                            0.0975        0.0367            62.35%
*  9515+ 5847                            0.0970        0.0367            62.14%
*  9515+ 5845                            0.0969        0.0367            62.10%
   9515  5847        0.0956   150        0.0969        0.0367   968167   62.10%
   9870  6167        0.0375   234        0.0969        0.0368   984976   62.07%
* 10015+ 6285                            0.0963        0.0368            61.79%
* 10015+ 6200                            0.0945        0.0368            61.08%
* 10015+ 5837                            0.0873        0.0368            57.86%
  10015  5839        0.0507   166        0.0873        0.0368   995412   57.86%
  10189  5988        0.0478   194        0.0873        0.0368  1011052   57.84%
Elapsed time = 142.52 sec. (348960.30 ticks, tree = 83.92 MB, solutions = 60)
  10346  6117        0.0733   195        0.0873        0.0368  1025637   57.84%
  10540  6278        0.0526   254        0.0873        0.0369  1042683   57.78%
* 10675+ 5993                            0.0819        0.0370            54.77%
* 10675+ 5956                            0.0813        0.0370            54.45%
* 10675+ 5947                            0.0811        0.0370            54.36%
  10675  5949        0.0410   164        0.0811        0.0370  1054647   54.36%
* 10676+ 5777                            0.0796        0.0370            53.49%
* 10676+ 5637                            0.0780        0.0370            52.53%
* 10676+ 5622                            0.0779        0.0370            52.45%
* 10676+ 5521                            0.0769        0.0370            51.82%
* 10676+ 5520                            0.0768        0.0370            51.78%
* 10676+ 5517                            0.0768        0.0370            51.75%
  10676  5519        0.0637   230        0.0768        0.0370  1057057   51.75%
  10677  5520        0.0541   229        0.0768        0.0370  1059233   51.74%
  11021  5812        0.0642   182        0.0768        0.0370  1074363   51.74%
* 11115+ 5782                            0.0758        0.0370            51.11%
  11115  5784        0.0728   162        0.0758        0.0370  1079960   51.11%
  11381  6013        0.0377   167        0.0758        0.0370  1096022   51.11%
  11620  6216        0.0374   200        0.0758        0.0371  1110573   51.09%
  12012  6545        0.0704   192        0.0758        0.0371  1125402   51.09%
Elapsed time = 168.97 sec. (412116.57 ticks, tree = 108.25 MB, solutions = 70)
  12307  6801        0.0637   183        0.0758        0.0371  1140766   51.09%
  12452  6924        0.0541   205        0.0758        0.0371  1158053   51.09%
  12715  7155        0.0744   141        0.0758        0.0371  1172437   51.09%
  12941  7357        0.0410   164        0.0758        0.0371  1187116   51.08%
  13082  7484        0.0555   193        0.0758        0.0371  1201007   51.08%
  13378  7737        0.0721   194        0.0758        0.0371  1216755   51.08%
  13636  7968        0.0604   194        0.0758        0.0371  1231810   51.08%
  13912  8212        0.0619   162        0.0758        0.0371  1246956   51.08%
  14124  8389        0.0536   272        0.0758        0.0371  1264421   51.08%
  14294  8548        0.0551   275        0.0758        0.0371  1279492   51.08%
Elapsed time = 186.55 sec. (458472.06 ticks, tree = 160.81 MB, solutions = 70)
  14395  8631        0.0705   170        0.0758        0.0371  1291022   51.07%
  14715  8909        0.0590   161        0.0758        0.0371  1305009   51.04%
  15083  9239        0.0419   184        0.0758        0.0371  1320257   51.04%
  15382  9487        0.0371   235        0.0758        0.0371  1336407   50.97%
  15568  9646        0.0410   180        0.0758        0.0372  1349909   50.97%
  15810  9855        0.0638   182        0.0758        0.0372  1363920   50.95%
  16036 10043        0.0638   212        0.0758        0.0372  1380835   50.90%
* 16115+10078                            0.0756        0.0372            50.74%
  16115 10080        0.0693   211        0.0756        0.0372  1393342   50.74%
* 16215+10156                            0.0754        0.0372            50.66%
  16253 10175        cutoff              0.0754        0.0373  1408469   50.58%
  16593 10458        0.0563   236        0.0754        0.0374  1424919   50.41%
Elapsed time = 205.56 sec. (508196.44 ticks, tree = 215.14 MB, solutions = 72)
  16846 10681        0.0719   169        0.0754        0.0374  1440000   50.41%
  17120 10906        0.0501   189        0.0754        0.0374  1456253   50.38%
  17405 11145        0.0664   226        0.0754        0.0374  1470487   50.38%
  17515 11235        0.0544   175        0.0754        0.0374  1480563   50.38%
  17801 11478        0.0374   225        0.0754        0.0374  1492997   50.38%
  17983 11642        0.0432   187        0.0754        0.0374  1509157   50.38%
  18218 11846        0.0383   199        0.0754        0.0374  1523674   50.38%
  18396 11991        0.0551   235        0.0754        0.0374  1541996   50.38%
  18612 12180        0.0414   249        0.0754        0.0374  1557271   50.37%
  18701 12250        0.0374   194        0.0754        0.0374  1568994   50.36%
Elapsed time = 222.47 sec. (552350.08 ticks, tree = 268.07 MB, solutions = 72)
  18983 12496        0.0651   177        0.0754        0.0374  1581608   50.36%
  19260 12734    infeasible              0.0754        0.0374  1595744   50.36%
  19558 12996        0.0556   185        0.0754        0.0374  1610909   50.35%
  19815 13221        0.0630   123        0.0754        0.0374  1621723   50.35%
  20140 13486        0.0651   197        0.0754        0.0375  1638790   50.34%
  20425 13732        0.0574   186        0.0754        0.0375  1655017   50.33%
  20546 13831        cutoff              0.0754        0.0375  1671297   50.33%
  20709 13969        0.0552   203        0.0754        0.0375  1687798   50.33%
  20937 14159        0.0420   221        0.0754        0.0375  1705803   50.33%
  21216 14392        0.0573   178        0.0754        0.0375  1722119   50.32%
Elapsed time = 238.97 sec. (594910.13 ticks, tree = 341.56 MB, solutions = 72)
  21637 14770        0.0519   168        0.0754        0.0375  1736699   50.32%
  21904 15000        0.0536   196        0.0754        0.0375  1751170   50.29%
  21915 15011        0.0563   178        0.0754        0.0375  1751548   50.29%
  22060 15123        0.0739   220        0.0754        0.0376  1766900   50.20%
  22267 15293        0.0739   153        0.0754        0.0376  1780782   50.12%
  22418 15420        0.0523   230        0.0754        0.0376  1796884   50.11%
  22710 15687        0.0634   213        0.0754        0.0377  1810391   50.07%
  22941 15875        cutoff              0.0754        0.0377  1827159   50.05%
  23113 16002        0.0430   198        0.0754        0.0377  1841106   50.05%
  23376 16214        0.0736   136        0.0754        0.0377  1854570   50.00%
Elapsed time = 256.05 sec. (639357.96 ticks, tree = 404.89 MB, solutions = 72)
  23637 16417        0.0452   116        0.0754        0.0378  1865435   49.93%
  23779 16536        0.0476   163        0.0754        0.0378  1880160   49.91%
  24045 16760        cutoff              0.0754        0.0378  1897177   49.89%
  24346 17025        cutoff              0.0754        0.0378  1912700   49.88%
  24508 17175        0.0606   172        0.0754        0.0378  1923111   49.88%
  24726 17368        0.0495   257        0.0754        0.0378  1937100   49.87%
* 24915+17477                            0.0751        0.0378            49.66%
* 24915+17462                            0.0751        0.0378            49.64%
  24915 17464        0.0389   206        0.0751        0.0378  1943821   49.64%
  25134 17655        0.0745    99        0.0751        0.0378  1959977   49.63%
  25360 17850        0.0501   160        0.0751        0.0378  1975139   49.62%
  25567 18022        0.0394   203        0.0751        0.0378  1993208   49.62%
Elapsed time = 271.30 sec. (679457.31 ticks, tree = 461.38 MB, solutions = 74)
* 25715+17968                            0.0745        0.0378            49.22%
  25715 17970        0.0677    83        0.0745        0.0378  2002990   49.22%
* 25815+18050                            0.0745        0.0378            49.20%
  25891 18112        0.0599   207        0.0745        0.0379  2013767   49.20%
  25915 18132        0.0624   197        0.0745        0.0379  2015209   49.20%
  26138 18304        0.0573   222        0.0745        0.0379  2032123   49.19%
  26381 18516        0.0564   260        0.0745        0.0379  2050036   49.18%
  26494 18608        0.0612   193        0.0745        0.0379  2065272   49.18%
  26701 18789        0.0707   185        0.0745        0.0379  2081684   49.18%
  26871 18933        0.0635   157        0.0745        0.0379  2097845   49.18%
  26997 19036        0.0714   175        0.0745        0.0379  2115321   49.18%
  27077 19092        0.0705   178        0.0745        0.0379  2132780   49.18%
Elapsed time = 288.61 sec. (723281.22 ticks, tree = 483.38 MB, solutions = 76)
  27215 19207        0.0524   152        0.0745        0.0379  2143498   49.17%
  27464 19425        cutoff              0.0745        0.0379  2160975   49.16%
  27759 19692        0.0565   154        0.0745        0.0379  2177399   49.13%
  27950 19839        0.0574   179        0.0745        0.0380  2194219   49.04%
  28109 19963        0.0649   189        0.0745        0.0381  2211273   48.93%
  28315 20144        0.0625   169        0.0745        0.0381  2222191   48.82%
  28608 20393        0.0727    99        0.0745        0.0382  2237799   48.79%
  28818 20564        0.0566   176        0.0745        0.0382  2255096   48.77%
  29064 20768        0.0597   188        0.0745        0.0382  2271267   48.77%
  29296 20950        0.0406   184        0.0745        0.0382  2284982   48.75%
Elapsed time = 305.81 sec. (767805.74 ticks, tree = 529.80 MB, solutions = 76)
  29603 21199        0.0670   209        0.0745        0.0382  2302266   48.74%
  29897 21454        cutoff              0.0745        0.0382  2317343   48.73%
  30163 21677        0.0607   155        0.0745        0.0382  2330181   48.71%
  30402 21864        0.0382   270        0.0745        0.0382  2343285   48.70%
  30747 22185        0.0674   125        0.0745        0.0382  2356084   48.70%
  31053 22449        0.0477   137        0.0745        0.0382  2371810   48.67%
  31115 22500        0.0623   154        0.0745        0.0382  2376745   48.67%
  31454 22792        0.0575   146        0.0745        0.0383  2392296   48.65%
  31618 22914    infeasible              0.0745        0.0383  2408197   48.64%
  31855 23108        0.0548   150        0.0745        0.0383  2422658   48.64%
Elapsed time = 322.45 sec. (810708.34 ticks, tree = 585.28 MB, solutions = 76)
  32126 23355        0.0411   200        0.0745        0.0383  2435410   48.63%
  32319 23527        0.0538   185        0.0745        0.0383  2450002   48.61%
  32727 23883        0.0605   188        0.0745        0.0383  2465139   48.60%
  32957 24073        0.0514   208        0.0745        0.0383  2481970   48.60%
  33133 24221        0.0514   223        0.0745        0.0383  2499145   48.60%
  33345 24403        0.0514   194        0.0745        0.0383  2516166   48.60%
  33582 24618        0.0778   165        0.0745        0.0383  2531438   48.60%
  33771 24778        0.0514   193        0.0745        0.0383  2549169   48.59%
  33815 24819        0.0522   198        0.0745        0.0383  2552415   48.59%
  33957 24945        0.0672   215        0.0745        0.0383  2567605   48.59%
Elapsed time = 338.55 sec. (852649.80 ticks, tree = 642.16 MB, solutions = 76)
  34127 25091        0.0589   180        0.0745        0.0383  2584735   48.59%
  34365 25294        0.0617   168        0.0745        0.0383  2600980   48.59%
  34661 25540        0.0743   168        0.0745        0.0383  2616532   48.54%
  34813 25668        0.0649   158        0.0745        0.0384  2631928   48.51%
  35132 25939        0.0517   170        0.0745        0.0384  2649318   48.47%
  35277 26060        0.0658   184        0.0745        0.0384  2665854   48.45%
  35423 26186        0.0661   184        0.0745        0.0384  2680826   48.41%
  35598 26319        0.0554   234        0.0745        0.0385  2696715   48.32%
  35848 26524        0.0640   180        0.0745        0.0386  2713566   48.17%
  35915 26583        0.0475   169        0.0745        0.0386  2717939   48.17%
Elapsed time = 354.33 sec. (893452.43 ticks, tree = 679.74 MB, solutions = 76)
  36203 26808        0.0637   171        0.0745        0.0386  2733705   48.14%
  36522 27076        0.0574   196        0.0745        0.0386  2748558   48.14%
  36782 27304        0.0616   167        0.0745        0.0387  2764798   48.12%
  36975 27461        0.0531   164        0.0745        0.0387  2782863   48.11%
  37310 27750        cutoff              0.0745        0.0387  2799423   48.11%
  37554 27948        0.0657   137        0.0745        0.0387  2816077   48.10%
  37844 28180        0.0612   179        0.0745        0.0387  2832304   48.07%
  38076 28376        0.0569   162        0.0745        0.0387  2846538   48.07%
  38268 28531        0.0641   170        0.0745        0.0387  2862434   48.07%
  38358 28597        cutoff              0.0745        0.0387  2871640   48.07%
Elapsed time = 369.42 sec. (932158.98 ticks, tree = 734.72 MB, solutions = 76)
  38683 28868        0.0675   182        0.0745        0.0387  2887164   48.07%
  38830 28980        0.0727   147        0.0745        0.0387  2901075   48.07%
  39204 29297        0.0585   169        0.0745        0.0387  2915818   48.03%
  39477 29533        0.0522   197        0.0745        0.0387  2930919   48.03%
  39712 29743        0.0522   209        0.0745        0.0387  2945435   48.02%
* 39815+29799                            0.0744        0.0387            47.97%
* 39815+29605                            0.0742        0.0387            47.77%
* 39815+29456                            0.0740        0.0387            47.63%
  39815 29458        0.0548   151        0.0740        0.0387  2953897   47.63%
* 40015+29527                            0.0738        0.0387            47.55%
* 40015+29399                            0.0736        0.0387            47.39%
  40015 29401        0.0416   174        0.0736        0.0387  2964656   47.39%
  40170 29546        0.0663   238        0.0736        0.0387  2980684   47.39%
  40215 29584        0.0411   160        0.0736        0.0387  2989813   47.39%
  40631 29963        0.0589   113        0.0736        0.0387  3003939   47.38%
Elapsed time = 387.55 sec. (978021.39 ticks, tree = 777.43 MB, solutions = 81)
  40963 30264        0.0642   115        0.0736        0.0387  3018078   47.38%
  41179 30448        0.0575   169        0.0736        0.0387  3033756   47.38%
  41429 30661        0.0652   139        0.0736        0.0387  3047475   47.38%
  41773 30956        0.0511   148        0.0736        0.0387  3061582   47.37%
  41915 31080        0.0494   188        0.0736        0.0387  3072730   47.37%
  42261 31381        0.0494   151        0.0736        0.0387  3087341   47.37%
  42537 31617        0.0514   190        0.0736        0.0387  3102342   47.37%
  42860 31892        0.0521   189        0.0736        0.0388  3119559   47.32%
  43131 32112        0.0455   211        0.0736        0.0388  3136111   47.28%
  43361 32314        0.0389   237        0.0736        0.0388  3150341   47.26%
Elapsed time = 404.95 sec. (1022550.65 ticks, tree = 870.46 MB, solutions = 81)
  43550 32482        0.0702   128        0.0736        0.0388  3162379   47.24%
  43831 32708        0.0389   223        0.0736        0.0389  3175135   47.18%
  43952 32814        0.0580   186        0.0736        0.0389  3190651   47.16%
  44129 32964        cutoff              0.0736        0.0389  3207138   47.16%
  44318 33136        0.0560   179        0.0736        0.0389  3222076   47.14%
  44552 33336        0.0563   221        0.0736        0.0390  3243874   47.08%
  44615 33397        0.0710   165        0.0736        0.0390  3249753   47.08%
  44890 33633        0.0572   176        0.0736        0.0390  3266150   47.00%
  45059 33765        cutoff              0.0736        0.0391  3280119   46.93%
  45178 33855        0.0665   250        0.0736        0.0391  3296374   46.83%
Elapsed time = 423.05 sec. (1067261.13 ticks, tree = 913.28 MB, solutions = 81)
  45515 34133        0.0472   165        0.0736        0.0391  3311952   46.83%
  45840 34407        0.0515   167        0.0736        0.0392  3328462   46.80%
  46191 34694        0.0554   176        0.0736        0.0392  3346038   46.80%
  46461 34932        0.0463   157        0.0736        0.0392  3360779   46.80%
  46818 35242        0.0484   146        0.0736        0.0392  3376291   46.78%
  47143 35501        cutoff              0.0736        0.0392  3393035   46.78%
  47493 35805        0.0396   147        0.0736        0.0392  3405443   46.77%
  47902 36171        0.0572   134        0.0736        0.0392  3420032   46.77%
* 47915+31256                            0.0684        0.0392            42.69%
  47944 31282        0.0501   195        0.0684        0.0392  3423643   42.69%
  48015 31345        0.0539   167        0.0684        0.0392  3427890   42.69%
Elapsed time = 440.12 sec. (1109060.24 ticks, tree = 842.15 MB, solutions = 82)
  48375 31657        0.0459   213        0.0684        0.0392  3443841   42.69%
  48620 31876        0.0519   192        0.0684        0.0392  3459604   42.69%
  48991 32201        0.0459   182        0.0684        0.0392  3475152   42.69%
  49388 32544        0.0683   137        0.0684        0.0392  3491589   42.68%
  49775 32870        0.0462   178        0.0684        0.0392  3506025   42.68%
  50076 33135        0.0492   158        0.0684        0.0392  3521227   42.68%
  50324 33354        0.0480   191        0.0684        0.0392  3535603   42.68%
  50684 33645        0.0610   106        0.0684        0.0392  3550814   42.68%
  51096 34007        0.0472   223        0.0684        0.0392  3564271   42.68%
  51346 34240        0.0563   153        0.0684        0.0392  3577838   42.68%
Elapsed time = 455.20 sec. (1147763.40 ticks, tree = 933.13 MB, solutions = 82)
* 51515+31569                            0.0648        0.0392            39.51%
  51515 31571        0.0513   157        0.0648        0.0392  3586442   39.51%
* 51615+31448                            0.0645        0.0392            39.27%
  51615 31450        0.0514   151        0.0645        0.0392  3589732   39.27%
  51774 31579        0.0540   144        0.0645        0.0392  3604179   39.20%
  52041 31784        0.0454   183        0.0645        0.0393  3618312   39.12%
  52174 31893        0.0586   176        0.0645        0.0393  3632920   39.08%
  52350 32030        0.0617   129        0.0645        0.0393  3645547   39.04%
  52705 32329        0.0525   169        0.0645        0.0394  3659963   38.98%
  52942 32503        0.0526   148        0.0645        0.0394  3674360   38.92%
  53169 32678        0.0522   193        0.0645        0.0395  3688997   38.83%
  53308 32776        0.0576   101        0.0645        0.0395  3704414   38.77%
Elapsed time = 472.66 sec. (1190084.20 ticks, tree = 907.19 MB, solutions = 84)
  53509 32915        0.0517   136        0.0645        0.0396  3720365   38.66%
* 53815+30280                            0.0616        0.0396            35.74%
* 53815+29479                            0.0614        0.0396            35.55%
  53815 29481        0.0565   120        0.0614        0.0396  3729470   35.55%
  53915 29559        0.0460   171        0.0614        0.0396  3731139   35.55%
  54167 29742        cutoff              0.0614        0.0396  3746446   35.55%
  54420 29954        0.0469   195        0.0614        0.0396  3761604   35.55%
  54651 30156        0.0396   188        0.0614        0.0396  3776741   35.55%
  54789 30269        0.0434   190        0.0614        0.0396  3791677   35.55%
  55067 30500        0.0520   177        0.0614        0.0396  3805804   35.55%
  55228 30623        0.0469   184        0.0614        0.0396  3822891   35.55%
  55508 30869        0.0411   174        0.0614        0.0396  3837244   35.55%
Elapsed time = 490.92 sec. (1233184.86 ticks, tree = 868.29 MB, solutions = 86)
  55713 31036        0.0506   193        0.0614        0.0396  3854210   35.53%
  55975 31245        0.0597   175        0.0614        0.0396  3872321   35.53%
  56319 31535        0.0469   219        0.0614        0.0396  3888274   35.53%
* 56515+27894                            0.0588        0.0396            32.64%
* 56515+27791                            0.0587        0.0396            32.54%
  56515 27793        0.0457   160        0.0587        0.0396  3898122   32.54%
  56784 28025        0.0567    68        0.0587        0.0396  3913212   32.54%
  57035 28223        0.0469   212        0.0587        0.0396  3930091   32.54%
  57365 28501        0.0398   164        0.0587        0.0396  3943915   32.54%
  57670 28754        0.0565   184        0.0587        0.0396  3958078   32.54%
  57815 28879        0.0481   187        0.0587        0.0396  3964731   32.54%
  58070 29107        0.0469   200        0.0587        0.0396  3977891   32.54%
Elapsed time = 511.89 sec. (1282412.20 ticks, tree = 838.67 MB, solutions = 88)
  58241 29260        0.0469   210        0.0587        0.0396  3991886   32.54%
  58481 29463        0.0469   229        0.0587        0.0396  4008029   32.54%
  58700 29661        0.0481   226        0.0587        0.0396  4020447   32.54%
  58923 29843        0.0569   176        0.0587        0.0396  4035648   32.49%
  59199 30047        0.0524   149        0.0587        0.0396  4050254   32.46%
  59438 30225        0.0464   175        0.0587        0.0396  4063662   32.46%
  59816 30531        0.0417   141        0.0587        0.0396  4077792   32.46%
  60092 30750        0.0529   202        0.0587        0.0397  4094144   32.40%
  60299 30915        0.0545   194        0.0587        0.0397  4109256   32.32%
  60402 30988        0.0509   179        0.0587        0.0397  4123772   32.28%
Elapsed time = 528.09 sec. (1321331.74 ticks, tree = 910.82 MB, solutions = 88)
  60645 31183        0.0480   146        0.0587        0.0398  4139627   32.27%
  60870 31392        0.0556   141        0.0587        0.0398  4155647   32.27%
* 60915+31202                            0.0585        0.0398            32.06%
* 60915+31132                            0.0585        0.0398            31.99%
* 60915+30630                            0.0581        0.0398            31.55%
* 60915+30376                            0.0579        0.0398            31.33%
* 60915+30277                            0.0578        0.0398            31.24%
  61015 30340        0.0446   162        0.0578        0.0398  4161320   31.19%
  61314 30551        0.0544   147        0.0578        0.0399  4174736   31.04%
  61642 30810        0.0409   223        0.0578        0.0400  4192373   30.90%
  61819 30943        0.0542   169        0.0578        0.0400  4208665   30.84%
  62032 31126        0.0406   200        0.0578        0.0400  4223960   30.84%
  62291 31350        0.0518   175        0.0578        0.0400  4240506   30.82%
  62574 31559        0.0445   174        0.0578        0.0400  4255820   30.81%
  62845 31777        0.0456   145        0.0578        0.0400  4270942   30.81%
Elapsed time = 549.12 sec. (1369138.93 ticks, tree = 938.83 MB, solutions = 93)
  63182 32040        0.0438   140        0.0578        0.0400  4285053   30.81%
  63400 32194        0.0400   193        0.0578        0.0400  4301255   30.81%
  63586 32348        0.0538   135        0.0578        0.0400  4316811   30.81%
  63909 32601        0.0400   166        0.0578        0.0400  4331303   30.81%
  64210 32852        0.0459   170        0.0578        0.0400  4345580   30.81%
  64484 33091        0.0450   129        0.0578        0.0400  4359623   30.81%
* 64715+29868                            0.0558        0.0400            28.25%
  64715 29870        0.0416   191        0.0558        0.0400  4371708   28.25%
  64913 30018        0.0406   192        0.0558        0.0400  4385921   28.25%
  65145 30215        0.0476   182        0.0558        0.0400  4400031   28.25%
  65284 30322        0.0539   200        0.0558        0.0400  4415260   28.25%
Elapsed time = 568.58 sec. (1412713.34 ticks, tree = 899.40 MB, solutions = 94)
  65315 30348        0.0448   158        0.0558        0.0400  4416398   28.25%
  65634 30627        0.0497   172        0.0558        0.0400  4430255   28.25%
  65903 30849        0.0413   160        0.0558        0.0400  4444438   28.25%
  66070 30971        cutoff              0.0558        0.0400  4460689   28.25%
  66193 31062        0.0521   141        0.0558        0.0400  4475729   28.25%
  66317 31154        0.0470   195        0.0558        0.0400  4493492   28.25%
  66546 31344        0.0515   208        0.0558        0.0400  4508691   28.25%
  66766 31527        0.0502   138        0.0558        0.0400  4520705   28.25%
  66877 31619        0.0472   209        0.0558        0.0400  4533985   28.25%
  67095 31806        0.0400   222        0.0558        0.0400  4548836   28.25%
Elapsed time = 587.92 sec. (1455723.33 ticks, tree = 949.23 MB, solutions = 94)
  67342 32030        0.0434   161        0.0558        0.0400  4562725   28.25%
  67768 32385        0.0453   165        0.0558        0.0400  4576130   28.25%
  68029 32595        0.0431   182        0.0558        0.0400  4592199   28.25%
  68245 32755        0.0532   184        0.0558        0.0400  4606822   28.25%
* 68415+31752                            0.0554        0.0400            27.76%
  68415 31754        0.0460   146        0.0554        0.0400  4619993   27.76%
* 68515+30510                            0.0548        0.0400            26.98%
  68515 30512        0.0496   158        0.0548        0.0400  4624212   26.98%
* 68615+26026                            0.0532        0.0400            24.76%
  68615 26028        0.0440   196        0.0532        0.0400  4636719   24.76%
* 68715+25438                            0.0528        0.0400            24.25%
  68840 25547        0.0507   162        0.0528        0.0400  4650535   24.25%
  69118 25746        0.0408   176        0.0528        0.0400  4664350   24.25%
  69275 25869        0.0453   201        0.0528        0.0400  4681119   24.25%
Elapsed time = 610.77 sec. (1503964.88 ticks, tree = 791.65 MB, solutions = 98)
* 69315+25541                            0.0527        0.0400            24.07%
  69415 25622        0.0410   155        0.0527        0.0400  4690744   24.07%
  69591 25749        0.0470   170        0.0527        0.0400  4704624   24.07%
  69811 25938        0.0524   120        0.0527        0.0400  4718676   24.07%
  69997 26080        0.0410   234        0.0527        0.0400  4732001   24.07%
  70106 26167        0.0400   229        0.0527        0.0400  4744247   24.07%
  70115 26176        0.0410   204        0.0527        0.0400  4744515   24.07%
  70381 26418        0.0416   248        0.0527        0.0400  4758271   24.07%
  70672 26672        0.0484   134        0.0527        0.0400  4771742   24.07%
  70891 26854        cutoff              0.0527        0.0400  4787524   24.07%
  71100 27023        0.0451   196        0.0527        0.0400  4802239   24.07%
Elapsed time = 631.20 sec. (1547565.41 ticks, tree = 842.31 MB, solutions = 99)
  71285 27166        0.0417   183        0.0527        0.0400  4817966   24.07%
  71586 27427        0.0411   201        0.0527        0.0400  4832798   24.07%
  72015 27791        0.0451   177        0.0527        0.0400  4847124   24.06%
  72285 28009        0.0493   147        0.0527        0.0400  4860383   24.06%
  72641 28313        0.0451   165        0.0527        0.0400  4875120   24.06%
  72868 28501        0.0412   178        0.0527        0.0400  4889892   24.05%
  73137 28744        0.0426   158        0.0527        0.0400  4903145   24.05%
  73479 29026        0.0410   147        0.0527        0.0400  4917791   24.05%
  73815 29302        0.0445   126        0.0527        0.0400  4931833   24.04%
  74181 29608        cutoff              0.0527        0.0400  4947614   24.04%
Elapsed time = 653.58 sec. (1594910.90 ticks, tree = 948.19 MB, solutions = 99)
  74373 29758        0.0494   173        0.0527        0.0400  4962348   24.02%
  74484 29839        0.0506   242        0.0527        0.0400  4978483   24.02%
  74703 30011        0.0409   175        0.0527        0.0401  4992731   24.01%
  74965 30227        0.0419   150        0.0527        0.0401  5009685   24.01%
  75267 30486        0.0466   158        0.0527        0.0401  5024503   24.01%
  75616 30758        0.0471   190        0.0527        0.0401  5040920   24.00%
  75935 31024        0.0423   159        0.0527        0.0401  5055305   23.98%
  76221 31254        0.0445   173        0.0527        0.0401  5070489   23.98%
  76498 31493        0.0421   169        0.0527        0.0401  5085426   23.97%
  76737 31692        0.0494   169        0.0527        0.0401  5099341   23.96%
Elapsed time = 671.28 sec. (1633826.73 ticks, tree = 1035.52 MB, solutions = 99)
  77053 31943        0.0474   157        0.0527        0.0401  5115213   23.91%
  77243 32049        0.0414   179        0.0527        0.0401  5131266   23.87%
  77406 32150        0.0481   167        0.0527        0.0401  5146631   23.85%
  77491 32206        0.0472   207        0.0527        0.0401  5160861   23.85%
  77610 32307        0.0509   165        0.0527        0.0401  5167894   23.85%
  77805 32444        0.0472   189        0.0527        0.0401  5183975   23.85%
  77968 32560        0.0496   184        0.0527        0.0401  5199153   23.85%
  78144 32692        cutoff              0.0527        0.0401  5214201   23.85%
  78333 32837        0.0424   162        0.0527        0.0401  5228624   23.85%
  78585 33023        0.0417   164        0.0527        0.0402  5242610   23.81%
Elapsed time = 688.88 sec. (1672488.72 ticks, tree = 1088.14 MB, solutions = 99)
  78825 33192        0.0453   187        0.0527        0.0402  5258115   23.74%
  78915 33239        0.0462   163        0.0527        0.0402  5269234   23.74%
  79076 33341        0.0421   130        0.0527        0.0402  5280294   23.74%
  79275 33487        0.0444   160        0.0527        0.0402  5294330   23.74%
  79470 33641        0.0459   139        0.0527        0.0402  5309473   23.74%
  79667 33784        0.0422   168        0.0527        0.0402  5323010   23.74%
  79845 33925        0.0453   143        0.0527        0.0402  5337919   23.74%
  80000 34058        0.0475   170        0.0527        0.0402  5349636   23.74%
  80201 34225        0.0442   167        0.0527        0.0402  5361557   23.74%
  80366 34365        0.0416   198        0.0527        0.0402  5376840   23.74%
Elapsed time = 708.98 sec. (1715860.43 ticks, tree = 1122.39 MB, solutions = 99)
  80489 34470        0.0459   201        0.0527        0.0402  5390381   23.73%
  80687 34651        0.0442   192        0.0527        0.0402  5404958   23.72%
  80987 34900        0.0502   178        0.0527        0.0402  5420436   23.70%
  81299 35149        0.0522   177        0.0527        0.0402  5437184   23.70%
  81315 35159        0.0514   138        0.0527        0.0402  5438742   23.70%
  81577 35382        0.0507   137        0.0527        0.0402  5454784   23.70%
  81906 35654        0.0482   242        0.0527        0.0402  5471280   23.70%
  82095 35801        0.0522   118        0.0527        0.0402  5487113   23.70%
  82219 35898        0.0402   196        0.0527        0.0402  5502748   23.70%
  82591 36224        0.0524   162        0.0527        0.0402  5518573   23.70%
Elapsed time = 727.61 sec. (1755991.25 ticks, tree = 1186.25 MB, solutions = 99)
  82808 36395        0.0442   184        0.0527        0.0402  5534552   23.70%
  83012 36547        0.0503   195        0.0527        0.0402  5549647   23.70%
  83280 36779        cutoff              0.0527        0.0402  5565446   23.70%
  83524 36992        0.0440   175        0.0527        0.0402  5581106   23.70%
  83625 37072        0.0463   154        0.0527        0.0402  5585821   23.70%
  83902 37296        0.0482   197        0.0527        0.0402  5600533   23.69%
  84128 37463        0.0411   174        0.0527        0.0402  5616426   23.68%
  84373 37656        0.0486   145        0.0527        0.0402  5631536   23.66%
  84650 37873        cutoff              0.0527        0.0403  5648669   23.63%
  85015 38168        0.0430   151        0.0527        0.0403  5663469   23.61%
Elapsed time = 746.00 sec. (1794729.08 ticks, tree = 1258.83 MB, solutions = 99)
  85271 38354        cutoff              0.0527        0.0403  5679128   23.59%
  85483 38500        0.0500   162        0.0527        0.0403  5693340   23.52%
  85715 38651        0.0424   167        0.0527        0.0404  5706443   23.44%
  85873 38739        0.0404   162        0.0527        0.0404  5723060   23.38%
  86190 38994        cutoff              0.0527        0.0404  5739972   23.36%
  86392 39153        0.0490   149        0.0527        0.0404  5755736   23.36%
  86581 39279        0.0504   168        0.0527        0.0404  5772166   23.36%
  86767 39395        0.0427   190        0.0527        0.0404  5786213   23.36%
  86903 39496        cutoff              0.0527        0.0404  5801941   23.36%
  86915 39506        0.0489   158        0.0527        0.0404  5804176   23.36%
Elapsed time = 766.31 sec. (1837337.15 ticks, tree = 1305.98 MB, solutions = 99)
  87119 39659        0.0449   213        0.0527        0.0404  5822855   23.36%
  87292 39781        0.0448   204        0.0527        0.0404  5841089   23.36%
  87426 39882        0.0440   174        0.0527        0.0404  5856013   23.36%
  87586 40004        0.0429   175        0.0527        0.0404  5871343   23.36%
  87767 40145        0.0494   126        0.0527        0.0404  5886325   23.36%
  87998 40331        0.0465   150        0.0527        0.0404  5900378   23.36%
  88109 40410        0.0454   233        0.0527        0.0404  5914231   23.36%
  88236 40505        0.0457   181        0.0527        0.0404  5928220   23.36%
  88424 40645        cutoff              0.0527        0.0404  5942116   23.36%
  88633 40808        0.0404   193        0.0527        0.0404  5957675   23.36%
Elapsed time = 784.12 sec. (1876333.48 ticks, tree = 1343.63 MB, solutions = 99)
  88770 40931        0.0511   176        0.0527        0.0404  5970801   23.36%
  88815 40950        0.0404   224        0.0527        0.0404  5980036   23.36%
  88979 41081        cutoff              0.0527        0.0404  5994083   23.36%
  89307 41347        0.0517   158        0.0527        0.0404  6008611   23.36%
  89442 41435        cutoff              0.0527        0.0404  6023838   23.36%
  89659 41604        cutoff              0.0527        0.0404  6040155   23.36%
  89837 41743        0.0404   187        0.0527        0.0404  6053148   23.36%
  90029 41899        0.0433   185        0.0527        0.0404  6066910   23.36%
  90245 42064        0.0404   209        0.0527        0.0404  6082779   23.36%
  90398 42183        0.0457   153        0.0527        0.0404  6095632   23.36%
Elapsed time = 804.62 sec. (1919889.10 ticks, tree = 1391.68 MB, solutions = 99)
  90581 42311        0.0433   167        0.0527        0.0404  6110758   23.36%
  90729 42408        0.0429   166        0.0527        0.0404  6126443   23.36%
  90944 42582        0.0404   207        0.0527        0.0404  6138478   23.36%
Starting limited solution polishing.
* 91115+42735                            0.0527        0.0404            23.36%
  91246 42845        0.0424   151        0.0527        0.0404  6151393   23.36%
  91444 43015        0.0411   168        0.0527        0.0404  6167029   23.35%
  91515 43079        0.0435   151        0.0527        0.0404  6169636   23.35%
  91871 43381        0.0428   203        0.0527        0.0404  6184195   23.35%
* 92015+39387                            0.0515        0.0404            21.48%
  92206 39549        0.0423   163        0.0515        0.0404  6198227   21.48%
  92461 39748        0.0444   205        0.0515        0.0404  6213957   21.48%
  92662 39907        0.0418   133        0.0515        0.0404  6224835   21.48%
Elapsed time = 826.38 sec. (1962079.90 ticks, tree = 1310.80 MB, solutions = 101)
* 92815+35624                            0.0500        0.0404            19.26%
  92815 35626        0.0459   135        0.0500        0.0404  6236138   19.26%
  93015 35791        0.0425   173        0.0500        0.0404  6246347   19.24%
  93234 35955        0.0484   129        0.0500        0.0404  6258278   19.24%
* 93315+35000                            0.0497        0.0404            18.60%
  93486 35155        0.0479   170        0.0497        0.0404  6270666   18.60%
  93673 35298        0.0438   138        0.0497        0.0404  6281452   18.58%
  93779 35370        0.0411   168        0.0497        0.0404  6289068   18.58%
  93915 35479        0.0420   174        0.0497        0.0404  6295042   18.57%
  94115 35635        0.0416   194        0.0497        0.0404  6308888   18.56%
  94315 35800        0.0463   127        0.0497        0.0404  6321851   18.55%
  94515 35949        0.0443   136        0.0497        0.0405  6332571   18.51%
Elapsed time = 858.25 sec. (2013223.79 ticks, tree = 1185.22 MB, solutions = 106)
  94715 36104        0.0489   118        0.0497        0.0405  6345252   18.51%
  94815 36189        0.0422   183        0.0497        0.0405  6350250   18.51%
  95010 36338        0.0436   181        0.0497        0.0405  6363931   18.50%
  95099 36404        0.0414   173        0.0497        0.0405  6367076   18.48%
  95215 36484        0.0460   183        0.0497        0.0405  6377190   18.45%
  95315 36544        0.0453   128        0.0497        0.0405  6383122   18.41%
  95515 36655        0.0489   155        0.0497        0.0406  6397432   18.27%
  95657 36762        0.0469   122        0.0497        0.0406  6406908   18.24%
* 95715+36781                            0.0496        0.0406            18.22%
  95725 36789        0.0427   152        0.0496        0.0406  6411409   18.22%
  95839 36852        0.0485   162        0.0496        0.0406  6425812   18.22%
Elapsed time = 888.45 sec. (2063660.60 ticks, tree = 1216.96 MB, solutions = 107)
  95941 36916        cutoff              0.0496        0.0406  6432238   18.22%
  96095 37027        cutoff              0.0496        0.0406  6446933   18.22%
  96215 37115        0.0415   195        0.0496        0.0406  6455276   18.21%
Advanced basis not built.

GUB cover cuts applied:  3
Cover cuts applied:  68
Implied bound cuts applied:  135
Flow cuts applied:  75
Mixed integer rounding cuts applied:  191
Zero-half cuts applied:  4
Lift and project cuts applied:  7
Gomory fractional cuts applied:  18

Root node processing (before b&c):
  Real time             =    0.69 sec. (1501.57 ticks)
Sequential b&c:
  Real time             =  899.33 sec. (2080901.70 ticks)
                          ------------
Total (root+branch&cut) =  900.02 sec. (2082403.27 ticks)

Solution pool: 108 solutions saved.

MIP - Time limit exceeded, integer feasible:  Objective =  4.9647278360e-02
Current MIP best bound =  4.0607297356e-02 (gap = 0.00903998, 18.21%)
Solution time =  900.03 sec.  Iterations = 6460879  Nodes = 96315 (37202)
Deterministic time = 2082403.28 ticks  (2313.70 ticks/sec)

CPLEX> Incumbent solution written to file 'results\cplex_work\moderate_seed3301_plain_2087396911\solution.sol'.
CPLEX> 
--- ROUND18 RUNNER STDOUT ---
moderate_seed3301.txt cplex not_certified obj=0.0496473 runtime=902.223 columns=0

--- ROUND18 RUNNER STDERR ---
