
Welcome to IBM(R) ILOG(R) CPLEX(R) Interactive Optimizer 22.1.1.0
  with Simplex, Mixed Integer & Barrier Optimizers
5725-A06 5725-A29 5724-Y48 5724-Y49 5724-Y54 5724-Y55 5655-Y21
Copyright IBM Corp. 1988, 2022.  All Rights Reserved.

Type 'help' for a list of available commands.
Type 'help' followed by a command name for more
information on commands.

CPLEX> New value for default parallel thread count: 1
CPLEX> New value for time limit in seconds: 300
CPLEX> New value for mixed integer optimality gap tolerance: 1e-08
CPLEX> Problem 'results\cplex_work\moderate_seed3302_plain_2077921549\model.lp' read.
Read time = 0.00 sec. (0.56 ticks)
CPLEX> Version identifier: 22.1.1.0 | 2022-11-27 | 9160aff4d
CPXPARAM_Threads                                 1
CPXPARAM_TimeLimit                               300
CPXPARAM_MIP_Tolerances_MIPGap                   1e-08
Tried aggregator 2 times.
MIP Presolve eliminated 90 rows and 0 columns.
MIP Presolve modified 180 coefficients.
Aggregator did 24 substitutions.
Reduced MIP has 4916 rows, 2087 columns, and 23046 nonzeros.
Reduced MIP has 1490 binaries, 197 generals, 0 SOSs, and 0 indicators.
Presolve time = 0.02 sec. (17.98 ticks)
Found incumbent of value 1.355277 after 0.02 sec. (26.11 ticks)
Probing time = 0.02 sec. (5.56 ticks)
Tried aggregator 1 time.
Detecting symmetries...
Reduced MIP has 4916 rows, 2087 columns, and 23046 nonzeros.
Reduced MIP has 1490 binaries, 197 generals, 0 SOSs, and 0 indicators.
Presolve time = 0.00 sec. (14.40 ticks)
Probing time = 0.01 sec. (5.45 ticks)
Clique table members: 8450.
MIP emphasis: balance optimality and feasibility.
MIP search method: dynamic search.
Parallel mode: none, using 1 thread.
Root relaxation solution time = 0.06 sec. (154.28 ticks)

        Nodes                                         Cuts/
   Node  Left     Objective  IInf  Best Integer    Best Bound    ItCnt     Gap

*     0+    0                            1.3553        0.0000           100.00%
      0     0        0.0957   221        1.3553        0.0957     1386   92.94%
      0     0        0.0966   205        1.3553      Cuts: 68     1519   92.87%
      0     0        0.1039   245        1.3553     Cuts: 179     1717   92.33%
      0     0        0.1061   297        1.3553     Cuts: 104     2201   92.17%
*     0+    0                            1.3553        0.1061            92.17%
      0     0  -1.00000e+75     0        1.3553        0.1061     2201   92.17%
      0     0        0.1061   273        1.3553      Cuts: 80     2384   92.17%
      0     0        0.1064   317        1.3553      Cuts: 84     2556   92.15%
      0     0        0.1064   286        1.3553      Cuts: 45     2674   92.15%
      0     0        0.1064   286        1.3553      Cuts: 48     2902   92.15%
      0     0        0.1064   315        1.3553      Cuts: 36     3012   92.15%
      0     2        0.1064   306        1.3553        0.1064     3012   92.15%
Elapsed time = 0.69 sec. (1727.84 ticks, tree = 0.01 MB, solutions = 1)
      7     9        0.3169   246        1.3553        0.1093     4899   91.93%
     13    15        0.1094   252        1.3553        0.1094     5460   91.93%
     25    27        0.1889   225        1.3553        0.1095     6969   91.92%
     33    35        0.1121   226        1.3553        0.1095     8155   91.92%
     50    52        0.1142   173        1.3553        0.1095     9085   91.92%
     81    79        0.1336   148        1.3553        0.1095    10391   91.92%
     91    83        0.1266   260        1.3553        0.1095    11098   91.92%
    107    99        0.1168   213        1.3553        0.1095    12611   91.92%
    116   108        0.1373   207        1.3553        0.1095    13874   91.92%
    218   194        0.1162   211        1.3553        0.1099    20685   91.89%
Elapsed time = 1.91 sec. (5017.94 ticks, tree = 0.49 MB, solutions = 1)
    282   244        0.3065   152        1.3553        0.1099    26087   91.89%
    332   289        0.1198   180        1.3553        0.1103    31739   91.86%
    406   350        0.5505   197        1.3553        0.1103    37276   91.86%
    515   434        0.4599   155        1.3553        0.1107    41763   91.84%
    608   515        0.4391   154        1.3553        0.1107    46508   91.83%
    652   547        0.2835   171        1.3553        0.1107    53038   91.83%
    692   578        0.3877   198        1.3553        0.1107    58065   91.83%
    735   610        0.5487   232        1.3553        0.1108    66013   91.82%
    840   707        0.1379   211        1.3553        0.1108    71788   91.82%
    930   785        0.1819   215        1.3553        0.1109    78147   91.81%
Elapsed time = 5.66 sec. (14845.82 ticks, tree = 1.51 MB, solutions = 1)

Performing restart 1

Repeating presolve.
Tried aggregator 1 time.
Reduced MIP has 4916 rows, 2087 columns, and 23046 nonzeros.
Reduced MIP has 1490 binaries, 197 generals, 0 SOSs, and 0 indicators.
Presolve time = 0.00 sec. (9.28 ticks)
Tried aggregator 1 time.
Reduced MIP has 4916 rows, 2087 columns, and 23046 nonzeros.
Reduced MIP has 1490 binaries, 197 generals, 0 SOSs, and 0 indicators.
Presolve time = 0.00 sec. (14.78 ticks)
Represolve time = 0.08 sec. (141.53 ticks)
   1074     0        0.1089   358        1.3553     Cuts: 204    90017   91.81%
   1074     0        0.1092   366        1.3553     Cuts: 297    90750   91.81%
   1074     0        0.1092   357        1.3553     Cuts: 344    91483   91.81%
   1074     0        0.1094   395        1.3553     Cuts: 320    92491   91.81%
   1074     0        0.1095   409        1.3553     Cuts: 245    92735   91.81%
   1074     0        0.1095   431        1.3553     Cuts: 245    93217   91.81%
   1074     0        0.1096   397        1.3553     Cuts: 349    93569   91.81%
   1074     0        0.1096   418        1.3553     Cuts: 235    94099   91.81%
   1074     2        0.1096   438        1.3553        0.1110    94099   91.81%
   1075     3        0.1096   350        1.3553        0.1110    94716   91.81%
   1077     5        0.1099   335        1.3553        0.1110    95400   91.81%
   1078     6        0.1099   333        1.3553        0.1110    95406   91.81%
   1081     9        0.1111   294        1.3553        0.1110    97029   91.81%
   1082    10        0.3199   295        1.3553        0.1110    98762   91.81%
   1086    14        0.1233   283        1.3553        0.1110    99364   91.81%
   1089    17        0.1235   275        1.3553        0.1110   101640   91.81%
   1099    27        0.1286   212        1.3553        0.1110   103548   91.81%
   1121    49        0.1402   177        1.3553        0.1110   106322   91.81%
Elapsed time = 17.19 sec. (45596.07 ticks, tree = 0.21 MB, solutions = 1)
   1187    94        0.1097   422        1.3553        0.1110   109143   91.81%
   1191    98        0.1115   338        1.3553        0.1110   110219   91.81%
   1194   101        0.1129   311        1.3553        0.1110   113262   91.81%
   1220   127        0.2506   220        1.3553        0.1110   117389   91.81%
   1267   172        0.3906   193        1.3553        0.1110   122191   91.81%
   1319   213        0.3194   404        1.3553        0.1110   126292   91.81%
   1323   217        0.5836   288        1.3553        0.1110   130186   91.81%
   1373   267        0.6571   140        1.3553        0.1110   134638   91.81%
   1395   283        0.1129   322        1.3553        0.1110   136871   91.81%
   1422   310        0.1627   206        1.3553        0.1110   142566   91.81%
Elapsed time = 21.23 sec. (56390.94 ticks, tree = 0.81 MB, solutions = 1)
   1493   370        0.1108   333        1.3553        0.1110   145364   91.81%
   1545   418        0.1505   150        1.3553        0.1110   150002   91.81%
   1593   455        0.1101   358        1.3553        0.1110   151654   91.81%
   1599   461        0.1129   338        1.3553        0.1110   152466   91.81%
   1621   483        0.1382   198        1.3553        0.1110   158159   91.81%
   1714   566        0.2252   143        1.3553        0.1110   164138   91.81%
   1769   595        0.1127   269        1.3553        0.1110   167160   91.81%
   1823   649        0.1580   151        1.3553        0.1110   170722   91.81%
   1878   694        0.1132   335        1.3553        0.1110   173028   91.81%
   1898   714        0.2491   266        1.3553        0.1110   176280   91.81%
Elapsed time = 25.05 sec. (66341.28 ticks, tree = 1.50 MB, solutions = 1)
   1995   801        0.1459   362        1.3553        0.1110   180972   91.81%
   2009   815        0.1602   235        1.3553        0.1110   184190   91.81%
   2088   884        0.1229   336        1.3553        0.1111   190069   91.81%
   2095   891        0.2522   313        1.3553        0.1111   193337   91.81%
   2150   944        0.4323   156        1.3553        0.1111   197579   91.81%
   2196   986        0.1231   353        1.3553        0.1111   200667   91.80%
   2203   993        0.2211   317        1.3553        0.1111   204071   91.80%
   2214  1004        0.2383   276        1.3553        0.1111   207487   91.80%
   2222  1012        0.2586   203        1.3553        0.1111   212355   91.80%
   2272  1055        0.3263   141        1.3553        0.1111   217565   91.80%
Elapsed time = 29.09 sec. (77195.06 ticks, tree = 2.17 MB, solutions = 1)
   2333  1096        0.1231   299        1.3553        0.1112   222465   91.80%
   2341  1104        0.3968   267        1.3553        0.1112   226589   91.80%
   2420  1179        0.4551   145        1.3553        0.1112   230127   91.80%
   2443  1198        0.1293   257        1.3553        0.1114   234203   91.78%
   2535  1284        0.1114   414        1.3553        0.1114   237093   91.78%
   2537  1286        0.3745   341        1.3553        0.1114   240840   91.78%
   2594  1339        0.4136   190        1.3553        0.1114   243904   91.78%
   2619  1359        0.3788   297        1.3553        0.1114   247409   91.78%
   2706  1440        cutoff              1.3553        0.1114   251646   91.78%
   2716  1448        0.1174   271        1.3553        0.1114   254663   91.78%
Elapsed time = 32.98 sec. (87657.59 ticks, tree = 9.21 MB, solutions = 1)
   2727  1459        0.1700   235        1.3553        0.1114   259527   91.78%
   2786  1518        0.3761   177        1.3553        0.1114   264666   91.78%
   2852  1565        0.1240   286        1.3553        0.1114   270210   91.78%
   2860  1573        0.1317   265        1.3553        0.1114   273528   91.78%
   2956  1657        0.1122   322        1.3553        0.1115   277148   91.78%
   2963  1664        0.1160   272        1.3553        0.1115   280430   91.78%
   2976  1677        0.1247   260        1.3553        0.1115   283295   91.78%
   3033  1726        0.1122   354        1.3553        0.1115   286320   91.77%
   3037  1730        0.3742   301        1.3553        0.1115   289799   91.77%
   3048  1741        0.4075   283        1.3553        0.1115   294808   91.77%
Elapsed time = 37.16 sec. (98678.97 ticks, tree = 9.83 MB, solutions = 1)
   3070  1763        0.5639   159        1.3553        0.1115   299088   91.77%
   3168  1857        0.1145   258        1.3553        0.1116   303144   91.76%
   3247  1928        0.3673   293        1.3553        0.1116   308120   91.76%
   3257  1938        0.3837   253        1.3553        0.1116   311422   91.76%
   3278  1959        0.5239   182        1.3553        0.1116   314953   91.76%
   3365  2042        0.5590   109        1.3553        0.1116   320595   91.76%
   3429  2090        0.3696   300        1.3553        0.1116   324073   91.76%
   3443  2104        0.4437   239        1.3553        0.1116   327448   91.76%
   3467  2128        0.4881   180        1.3553        0.1116   332220   91.76%
   3540  2188        0.2367   311        1.3553        0.1117   335009   91.76%
Elapsed time = 41.05 sec. (108912.46 ticks, tree = 10.76 MB, solutions = 1)
   3546  2194        0.3809   275        1.3553        0.1117   338600   91.76%
   3579  2227        0.4348   218        1.3553        0.1117   342665   91.76%
   3626  2270        0.3675   327        1.3553        0.1117   346061   91.76%
   3653  2297        0.4402   209        1.3553        0.1117   351294   91.76%
   3692  2333        0.1125   365        1.3553        0.1120   354189   91.74%
   3702  2343        0.1159   247        1.3553        0.1120   357547   91.74%
   3758  2395        0.1122   273        1.3553        0.1120   361385   91.74%
   3777  2414        0.1376   196        1.3553        0.1120   366273   91.74%
   3847  2468        0.1121   275        1.3553        0.1121   370969   91.73%
   4108  2709        0.1154   241        1.3553        0.1122   388462   91.72%
Elapsed time = 46.17 sec. (122026.21 ticks, tree = 11.73 MB, solutions = 1)
   4288  2875        0.3035    83        1.3553        0.1122   403841   91.72%
   4376  2954        0.1374   215        1.3553        0.1122   417100   91.72%
   4456  3028        0.1375   195        1.3553        0.1122   429079   91.72%
   4700  3246        0.2401   311        1.3553        0.1123   442968   91.72%
   4793  3334        0.1124   262        1.3553        0.1123   459922   91.72%
   4983  3517        0.4740   174        1.3553        0.1123   478231   91.71%
*  5074+ 3586                            0.7471        0.1123            84.97%
   5257  3756        0.1131   341        0.7471        0.1123   492593   84.97%
   5365  3858        0.1599   197        0.7471        0.1123   510845   84.97%
   5600  4072        0.5274   154        0.7471        0.1124   528937   84.96%
   5779  4225        0.1150   329        0.7471        0.1124   547900   84.95%
Elapsed time = 61.41 sec. (161464.27 ticks, tree = 14.70 MB, solutions = 2)
   5968  4407        0.1185   228        0.7471        0.1125   563973   84.95%
*  6074+ 4494                            0.7157        0.1125            84.28%
*  6074+ 4492                            0.7132        0.1125            84.23%
   6172  4583        0.1349   231        0.7132        0.1125   585353   84.23%
   6347  4743        0.1434   186        0.7132        0.1125   603458   84.23%
   6582  4938        0.1161   305        0.7132        0.1125   619148   84.22%
   6671  5016        0.1168   327        0.7132        0.1125   634037   84.22%
   6856  5197        0.1135   316        0.7132        0.1125   647953   84.22%
   6999  5331        0.1135   323        0.7132        0.1126   666070   84.22%
   7133  5456        0.2296   236        0.7132        0.1126   680435   84.21%
   7321  5628        0.1205   253        0.7132        0.1126   697020   84.21%
   7542  5829        0.1238   235        0.7132        0.1126   717287   84.21%
Elapsed time = 76.70 sec. (200418.60 ticks, tree = 17.69 MB, solutions = 4)
   7656  5928        0.5162   211        0.7132        0.1126   733180   84.21%
   7861  6119        0.1129   358        0.7132        0.1126   752336   84.20%
   8049  6291        0.1144   280        0.7132        0.1127   770645   84.20%
*  8074+ 6310                            0.7042        0.1127            84.00%
   8272  6491        0.1261   256        0.7042        0.1127   794640   84.00%
   8462  6654        0.1129   345        0.7042        0.1127   817214   84.00%
   8586  6768        0.2240   206        0.7042        0.1127   836371   83.99%
   8833  6989        0.4749    78        0.7042        0.1127   857365   83.99%
   8874  7024        0.3538   227        0.7042        0.1127   878419   83.99%
   9032  7167        0.1707   311        0.7042        0.1128   903102   83.99%
   9149  7275        0.2374   159        0.7042        0.1128   920619   83.98%
Elapsed time = 92.73 sec. (239539.62 ticks, tree = 20.54 MB, solutions = 5)
   9327  7438        0.2311   232        0.7042        0.1128   937516   83.98%
   9439  7539        0.1600   210        0.7042        0.1128   953375   83.98%
   9630  7704        0.1179   262        0.7042        0.1128   970944   83.98%
   9787  7853        0.5580   162        0.7042        0.1128   988055   83.98%
   9914  7960        0.1513   196        0.7042        0.1129  1006066   83.97%
  10131  8158        0.1628   166        0.7042        0.1129  1023576   83.97%
  10333  8351        0.1137   324        0.7042        0.1129  1043018   83.97%
  10427  8438        0.1915   251        0.7042        0.1129  1061878   83.97%
  10640  8635        0.1761   213        0.7042        0.1130  1082086   83.96%
  10765  8751        0.2220   283        0.7042        0.1130  1099099   83.96%
Elapsed time = 108.19 sec. (278586.98 ticks, tree = 25.26 MB, solutions = 5)
  10880  8846        0.2055   226        0.7042        0.1130  1118498   83.95%
  10971  8929        0.1529   203        0.7042        0.1130  1137509   83.95%
  11236  9168        0.1701   275        0.7042        0.1131  1162469   83.94%
  11498  9410        0.2825   104        0.7042        0.1131  1183169   83.94%
  11650  9551        0.2592   173        0.7042        0.1131  1206944   83.94%
* 11814+ 9664                            0.6753        0.1131            83.25%
* 11814+ 8742                            0.5001        0.1131            77.38%
* 11814+ 8136                            0.4185        0.1131            72.97%
* 11814+ 7834                            0.3980        0.1131            71.58%
* 11814+ 7600                            0.3796        0.1131            70.19%
* 11814+ 7457                            0.3665        0.1131            69.13%
* 11814+ 7434                            0.3631        0.1131            68.84%
* 11814+ 7421                            0.3600        0.1131            68.57%
* 11814+ 7363                            0.3519        0.1131            67.85%
* 11814+ 7324                            0.3476        0.1131            67.46%
* 11814+ 7324                            0.3474        0.1131            67.43%
  11814  7326        0.1690   153        0.3474        0.1131  1225648   67.43%
* 11815+ 6949                            0.3023        0.1131            62.58%
* 11815+ 6920                            0.2993        0.1131            62.20%
* 11815+ 6867                            0.2956        0.1131            61.73%
* 11815+ 6772                            0.2868        0.1131            60.56%
* 11815+ 6766                            0.2860        0.1131            60.45%
* 11815+ 6626                            0.2737        0.1131            58.67%
* 11815+ 6609                            0.2724        0.1131            58.47%
* 11815+ 6446                            0.2620        0.1131            56.81%
* 11815+ 6444                            0.2618        0.1131            56.79%
* 11815+ 6441                            0.2616        0.1131            56.75%
* 11815+ 6404                            0.2586        0.1131            56.26%
* 11815+ 6403                            0.2585        0.1131            56.24%
* 11815+ 6348                            0.2545        0.1131            55.54%
* 11815+ 6347                            0.2542        0.1131            55.50%
* 11815+ 6344                            0.2541        0.1131            55.48%
* 11815+ 6326                            0.2533        0.1131            55.33%
* 11815+ 6321                            0.2532        0.1131            55.31%
* 11815+ 6237                            0.2507        0.1131            54.87%
* 11815+ 6203                            0.2498        0.1131            54.70%
* 11815+ 6156                            0.2468        0.1131            54.16%
  11815  6158        0.1137   328        0.2468        0.1131  1226536   54.15%
* 11816+ 6132                            0.2457        0.1131            53.95%
* 11816+ 6132                            0.2457        0.1131            53.95%
* 11816+ 6031                            0.2423        0.1131            53.30%
* 11816+ 6023                            0.2419        0.1131            53.23%
* 11816+ 6022                            0.2418        0.1131            53.22%
* 11816+ 6015                            0.2416        0.1131            53.18%
* 11816+ 6015                            0.2416        0.1131            53.17%
* 11816+ 6015                            0.2416        0.1131            53.17%
* 11816+ 6014                            0.2415        0.1131            53.16%
* 11816+ 6011                            0.2415        0.1131            53.15%
  11816  6013        0.1138   253        0.2415        0.1131  1226919   53.15%
  12003  6173        0.2169   276        0.2415        0.1132  1245962   53.12%
  12043  6213        0.1433   205        0.2415        0.1132  1265315   53.12%
Elapsed time = 138.77 sec. (346790.66 ticks, tree = 16.79 MB, solutions = 46)
  12200  6342        0.1201   291        0.2415        0.1132  1282011   53.11%
  12407  6530        0.2195   272        0.2415        0.1132  1298171   53.11%
  12607  6697        cutoff              0.2415        0.1133  1314427   53.10%
  12707  6783        0.1360   278        0.2415        0.1133  1331353   53.10%
  12895  6948        0.2217   194        0.2415        0.1133  1349468   53.09%
  13101  7114        0.1147   303        0.2415        0.1133  1367256   53.08%
  13285  7276        0.2179   195        0.2415        0.1133  1388807   53.07%
  13512  7469        0.1135   342        0.2415        0.1134  1411295   53.04%
  13618  7547        0.1226   213        0.2415        0.1134  1431541   53.04%
  13743  7665        0.1755   204        0.2415        0.1134  1457008   53.03%
Elapsed time = 154.19 sec. (385731.53 ticks, tree = 19.64 MB, solutions = 46)
  13857  7762        0.1134   309        0.2415        0.1134  1477384   53.03%
  14019  7911        0.2199   213        0.2415        0.1134  1494921   53.02%
  14174  8031        0.1811   278        0.2415        0.1135  1519183   53.02%
  14344  8180        0.1136   300        0.2415        0.1135  1542429   53.00%
  14539  8349        0.1911   207        0.2415        0.1135  1565039   52.99%
  14674  8460        0.2165   211        0.2415        0.1135  1587110   52.98%
  14819  8572        0.1211   258        0.2415        0.1136  1605934   52.96%
  15064  8786        0.1140   281        0.2415        0.1136  1626756   52.95%
* 15074+ 8794                            0.2415        0.1136            52.95%
  15109  8827        0.1572   245        0.2415        0.1136  1643375   52.94%
  15195  8898        0.1184   314        0.2415        0.1136  1656716   52.94%
Elapsed time = 170.36 sec. (424870.06 ticks, tree = 21.96 MB, solutions = 47)
  15211  8914        0.1899   274        0.2415        0.1136  1671717   52.94%
  15310  8999        0.1183   340        0.2415        0.1136  1687932   52.94%
  15362  9051        0.2133   136        0.2415        0.1136  1704130   52.94%
  15447  9124        0.1244   235        0.2415        0.1137  1722074   52.93%
  15505  9178        0.1144   321        0.2415        0.1137  1740538   52.93%
  15563  9236        0.1797   167        0.2415        0.1137  1759224   52.93%
  15644  9306        0.1201   301        0.2415        0.1137  1778640   52.92%
  15722  9376        0.1199   306        0.2415        0.1137  1798574   52.92%
  15818  9469        0.1235   258        0.2415        0.1137  1817918   52.92%
  15916  9554        0.1819   194        0.2415        0.1137  1836338   52.92%
Elapsed time = 186.11 sec. (464709.00 ticks, tree = 23.12 MB, solutions = 47)
  15970  9602        0.2165   249        0.2415        0.1137  1854763   52.91%
  16062  9683        0.1825   245        0.2415        0.1137  1875094   52.90%
  16149  9766        0.1354   199        0.2415        0.1138  1892373   52.89%
  16218  9822        0.1984   248        0.2415        0.1138  1913175   52.89%
  16302  9901        0.1480   170        0.2415        0.1138  1931599   52.89%
  16403  9994        0.2352   212        0.2415        0.1138  1952309   52.89%
  16530 10103        0.1749   212        0.2415        0.1138  1972601   52.88%
  16730 10282        0.1718   285        0.2415        0.1138  1993299   52.88%
  16793 10338        0.1874   228        0.2415        0.1138  2015677   52.87%
  16857 10394        0.1283   308        0.2415        0.1138  2030219   52.87%
Elapsed time = 201.52 sec. (503561.37 ticks, tree = 24.66 MB, solutions = 47)
  16872 10409        0.1829   224        0.2415        0.1138  2050348   52.87%
  16912 10441        0.1714   263        0.2415        0.1138  2067956   52.87%
  17014 10532        cutoff              0.2415        0.1138  2085074   52.87%
  17185 10681        cutoff              0.2415        0.1138  2103207   52.86%
  17237 10714        0.1844   222        0.2415        0.1139  2118041   52.85%
  17381 10834        cutoff              0.2415        0.1139  2132726   52.85%
  17420 10861        0.1183   289        0.2415        0.1139  2146680   52.84%
  17447 10886        0.1322   246        0.2415        0.1139  2165559   52.84%
  17522 10956        0.1241   266        0.2415        0.1139  2183966   52.84%
  17601 11025        0.1438   266        0.2415        0.1139  2205409   52.83%
Elapsed time = 217.36 sec. (543565.56 ticks, tree = 25.81 MB, solutions = 47)
  17673 11092        0.1718   194        0.2415        0.1139  2226247   52.83%
  17779 11186        0.1182   297        0.2415        0.1139  2246317   52.82%
  17834 11233        0.2158   176        0.2415        0.1139  2265446   52.82%
  17866 11256        0.1797   246        0.2415        0.1139  2284890   52.81%
  17993 11368        0.1210   272        0.2415        0.1140  2306007   52.81%
  18093 11463        0.1147   303        0.2415        0.1140  2328669   52.80%
  18115 11485        0.1520   261        0.2415        0.1140  2348107   52.80%
  18209 11565        0.1804   272        0.2415        0.1140  2371106   52.80%
  18272 11622        0.1524   210        0.2415        0.1140  2392296   52.79%
  18379 11712        0.1150   273        0.2415        0.1140  2414781   52.78%
Elapsed time = 233.69 sec. (583300.80 ticks, tree = 27.19 MB, solutions = 47)
  18434 11762        0.2333   248        0.2415        0.1140  2435802   52.78%
  18458 11772        0.1182   297        0.2415        0.1140  2453015   52.77%
  18545 11838        0.2389   212        0.2415        0.1141  2475026   52.76%
  18652 11926        0.1489   224        0.2415        0.1141  2495058   52.76%
  18697 11967        0.1193   320        0.2415        0.1141  2515765   52.75%
  18790 12056        0.1886   244        0.2415        0.1141  2533181   52.75%
  18872 12126        0.1205   231        0.2415        0.1141  2551343   52.74%
  18929 12183        0.2135   129        0.2415        0.1141  2572299   52.74%
  19068 12311        0.1433   283        0.2415        0.1141  2588612   52.74%
  19145 12379        0.1142   338        0.2415        0.1141  2606902   52.73%
Elapsed time = 249.52 sec. (622643.02 ticks, tree = 28.46 MB, solutions = 47)
  19159 12393        0.1208   331        0.2415        0.1141  2621558   52.73%
  19201 12427        0.1935   250        0.2415        0.1141  2639691   52.73%
  19317 12515        0.1230   273        0.2415        0.1142  2660855   52.72%
  19385 12579        0.1487   245        0.2415        0.1142  2680165   52.72%
  19445 12629        0.1165   326        0.2415        0.1142  2697219   52.72%
  19465 12649        0.1228   295        0.2415        0.1142  2714347   52.72%
  19509 12692        0.1767   147        0.2415        0.1142  2734846   52.72%
  19606 12772        0.1180   273        0.2415        0.1142  2755351   52.71%
  19725 12884        0.1967   227        0.2415        0.1142  2776939   52.69%
  19849 12967        0.1411   245        0.2415        0.1143  2796944   52.68%
Elapsed time = 265.19 sec. (662462.57 ticks, tree = 29.66 MB, solutions = 47)
  19972 13074        0.2294   249        0.2415        0.1143  2821328   52.67%
  20057 13150        0.1842   217        0.2415        0.1143  2844502   52.66%
  20130 13213        0.2365   286        0.2415        0.1143  2867407   52.66%
Starting limited solution polishing.
  20220 13289        0.2399   166        0.2415        0.1143  2887964   52.64%
* 20274+13098                            0.2381        0.1144            51.97%
* 20274+13078                            0.2379        0.1144            51.93%
* 20274+13073                            0.2378        0.1144            51.91%
* 20274+12785                            0.2348        0.1144            51.30%
* 20274+12570                            0.2327        0.1144            50.86%
* 20274+12541                            0.2323        0.1144            50.78%
* 20274+12541                            0.2323        0.1144            50.78%
  20274 12543        0.1686   184        0.2323        0.1144  2904402   50.78%
  20360 12612        0.1330   275        0.2323        0.1144  2926127   50.78%
* 20374+12624                            0.2323        0.1144            50.78%
  20401 12653        0.2050   183        0.2323        0.1144  2943502   50.78%
  20514 12747        0.1147   342        0.2323        0.1144  2962149   50.77%
  20539 12771        0.1591   227        0.2323        0.1144  2979195   50.77%
  20604 12826        0.1220   236        0.2323        0.1144  2996289   50.77%
Elapsed time = 282.97 sec. (704559.07 ticks, tree = 29.20 MB, solutions = 53)
  20733 12938        0.1319   280        0.2323        0.1144  3014311   50.77%
  20819 13015        0.1334   326        0.2323        0.1144  3025801   50.76%
  20854 13050        0.1781   141        0.2323        0.1144  3042809   50.76%
  20947 13139        0.1879   115        0.2323        0.1144  3060446   50.74%
  21014 13191        0.1642   230        0.2323        0.1145  3076684   50.74%
* 21074+13076                            0.2306        0.1145            50.35%
* 21074+12845                            0.2281        0.1145            49.81%
* 21074+12676                            0.2260        0.1145            49.34%
  21115 12714        0.1150   323        0.2260        0.1145  3092856   49.34%
* 21174+12413                            0.2232        0.1145            48.70%
* 21174+12313                            0.2221        0.1145            48.45%
* 21174+12261                            0.2217        0.1145            48.36%
* 21174+12249                            0.2216        0.1145            48.33%
* 21174+12238                            0.2215        0.1145            48.32%
* 21174+12144                            0.2208        0.1145            48.15%
  21174 12146        0.1672   174        0.2208        0.1145  3111026   48.15%
* 21274+11646                            0.2145        0.1145            46.63%
* 21274+11495                            0.2134        0.1145            46.35%
  21274 11497        0.1880   126        0.2134        0.1145  3121945   46.35%
Advanced basis not built.

GUB cover cuts applied:  1
Clique cuts applied:  29
Cover cuts applied:  34
Implied bound cuts applied:  42
Flow cuts applied:  26
Mixed integer rounding cuts applied:  81
Zero-half cuts applied:  14
Lift and project cuts applied:  24
Gomory fractional cuts applied:  6

Root node processing (before b&c):
  Real time             =    0.67 sec. (1698.95 ticks)
Sequential b&c:
  Real time             =  299.34 sec. (744145.38 ticks)
                          ------------
Total (root+branch&cut) =  300.02 sec. (745844.33 ticks)

Solution pool: 64 solutions saved.

MIP - Time limit exceeded, integer feasible:  Objective =  2.1339798870e-01
Current MIP best bound =  1.1450097091e-01 (gap = 0.098897, 46.34%)
Solution time =  300.02 sec.  Iterations = 3133138  Nodes = 21374 (11578)
Deterministic time = 745844.34 ticks  (2486.02 ticks/sec)

CPLEX> Incumbent solution written to file 'results\cplex_work\moderate_seed3302_plain_2077921549\solution.sol'.
CPLEX> 
--- ROUND18 RUNNER STDOUT ---
moderate_seed3302.txt cplex not_certified obj=0.213398 runtime=300.106 columns=0

--- ROUND18 RUNNER STDERR ---
