
Welcome to IBM(R) ILOG(R) CPLEX(R) Interactive Optimizer 22.1.1.0
  with Simplex, Mixed Integer & Barrier Optimizers
5725-A06 5725-A29 5724-Y48 5724-Y49 5724-Y54 5724-Y55 5655-Y21
Copyright IBM Corp. 1988, 2022.  All Rights Reserved.

Type 'help' for a list of available commands.
Type 'help' followed by a command name for more
information on commands.

CPLEX> New value for default parallel thread count: 1
CPLEX> New value for time limit in seconds: 300
CPLEX> New value for mixed integer optimality gap tolerance: 1e-08
CPLEX> Problem 'results\cplex_work\regen_candidate_V12_M2_average_plain_2074672974\model.lp' read.
Read time = 0.00 sec. (0.16 ticks)
CPLEX> Version identifier: 22.1.1.0 | 2022-11-27 | 9160aff4d
CPXPARAM_Threads                                 1
CPXPARAM_TimeLimit                               300
CPXPARAM_MIP_Tolerances_MIPGap                   1e-08
Tried aggregator 2 times.
MIP Presolve eliminated 30 rows and 0 columns.
MIP Presolve modified 72 coefficients.
Aggregator did 12 substitutions.
Reduced MIP has 1491 rows, 707 columns, and 6384 nonzeros.
Reduced MIP has 434 binaries, 84 generals, 0 SOSs, and 0 indicators.
Presolve time = 0.00 sec. (5.19 ticks)
Found incumbent of value 1.008223 after 0.00 sec. (7.72 ticks)
Probing fixed 2 vars, tightened 30 bounds.
Probing time = 0.00 sec. (9.70 ticks)
Tried aggregator 2 times.
Detecting symmetries...
MIP Presolve eliminated 19 rows and 7 columns.
Aggregator did 9 substitutions.
Reduced MIP has 1463 rows, 691 columns, and 6309 nonzeros.
Reduced MIP has 432 binaries, 85 generals, 0 SOSs, and 0 indicators.
Presolve time = 0.02 sec. (5.19 ticks)
Probing time = 0.00 sec. (3.38 ticks)
Clique table members: 3622.
MIP emphasis: balance optimality and feasibility.
MIP search method: dynamic search.
Parallel mode: none, using 1 thread.
Root relaxation solution time = 0.02 sec. (27.71 ticks)

        Nodes                                         Cuts/
   Node  Left     Objective  IInf  Best Integer    Best Bound    ItCnt     Gap

*     0+    0                            1.0082        0.0022            99.78%
      0     0        0.2949   126        1.0082        0.2949      518   70.75%
      0     0        0.3032   159        1.0082      Cuts: 89      622   69.93%
      0     0        0.3040   145        1.0082      Cuts: 63      710   69.84%
      0     0        0.3043   161        1.0082      Cuts: 34      770   69.82%
      0     0        0.3045   174        1.0082      Cuts: 16      818   69.80%
      0     0        0.3046   174        1.0082      Cuts: 13      848   69.78%
      0     0        0.3048   174        1.0082      Cuts: 13      872   69.77%
      0     0        0.3049   176        1.0082       Cuts: 5      883   69.76%
      0     0        0.3049   162        1.0082       Cuts: 4      891   69.76%
      0     0        0.3049   177        1.0082   ZeroHalf: 2      896   69.76%
      0     0        0.3049   155        1.0082       Cuts: 2      899   69.76%
      0     0        0.3049   157        1.0082      Cuts: 23      908   69.76%
*     0+    0                            1.0082        0.3049            69.76%
      0     0  -1.00000e+75     0        1.0082        0.3049      908   69.76%
      0     2        0.3049   156        1.0082        0.3052      908   69.73%
Elapsed time = 0.17 sec. (347.36 ticks, tree = 0.01 MB, solutions = 1)
     55    55        0.6491    65        1.0082        0.3375     3746   66.52%
    180   155        0.5274   100        1.0082        0.3462     6683   65.67%
    333   270        0.5968    99        1.0082        0.3615     9800   64.14%

Performing restart 1

Repeating presolve.
Tried aggregator 1 time.
Reduced MIP has 1463 rows, 691 columns, and 6309 nonzeros.
Reduced MIP has 432 binaries, 85 generals, 0 SOSs, and 0 indicators.
Presolve time = 0.00 sec. (2.83 ticks)
Tried aggregator 1 time.
Reduced MIP has 1463 rows, 691 columns, and 6309 nonzeros.
Reduced MIP has 432 binaries, 85 generals, 0 SOSs, and 0 indicators.
Presolve time = 0.00 sec. (4.15 ticks)
Represolve time = 0.02 sec. (21.43 ticks)
    503     0        0.3145   159        1.0082      Cuts: 29    13791   61.64%
    503     0        0.3186   160        1.0082      Cuts: 41    13840   61.64%
    503     0        0.3192   166        1.0082      Cuts: 41    13898   61.64%
    503     0        0.3225   173        1.0082      Cuts: 14    13937   61.64%
    503     0        0.3228   177        1.0082      Cuts: 24    13983   61.64%
*   503+    0                            1.0082        0.3867            61.64%
    503     0  -1.00000e+75     0        1.0082        0.3867    13983   61.64%
    503     2        0.3228   175        1.0082        0.3867    13983   61.64%
    506     5        0.3573   166        1.0082        0.3867    14110   61.64%
    514    13        0.4801   148        1.0082        0.3867    14692   61.64%
    520    19        0.5366   132        1.0082        0.3867    14897   61.64%
    550    36        0.6704    78        1.0082        0.3867    15723   61.64%
    582    56        0.5565   133        1.0082        0.3867    16821   61.64%
*   703+  166                            0.8265        0.3976            51.89%
    849   301        0.7408    72        0.8265        0.4035    21845   51.18%
Elapsed time = 1.69 sec. (4359.35 ticks, tree = 0.31 MB, solutions = 2)
*  1213+  618                            0.8229        0.4284            47.94%
   1233   637        0.6389   144        0.8229        0.4287    29391   47.90%
*  1313+  691                            0.8226        0.4289            47.85%
*  1503+  856                            0.8196        0.4316            47.35%
   1610   952        0.4380   138        0.8196        0.4348    37089   46.95%
*  1873+ 1183                            0.8118        0.4378            46.07%
*  1973+ 1264                            0.8041        0.4398            45.31%
   2020  1303        0.5490   140        0.8041        0.4405    45092   45.22%
   2421  1668        0.5908   107        0.8041        0.4488    52608   44.19%
   2792  2006        0.6858   106        0.8041        0.4622    59605   42.52%
*  2983+ 2152                            0.8003        0.4661            41.76%
*  2993+ 2162                            0.8002        0.4661            41.75%
*  2993+ 2160                            0.7996        0.4661            41.71%
*  3093+ 2252                            0.7996        0.4673            41.56%
   3153  2300        0.7414    95        0.7996        0.4674    66573   41.55%
*  3503+ 2594                            0.7996        0.4722            40.95%
   3520  2609        0.6098   111        0.7996        0.4722    74215   40.95%
   3890  2923        0.5399   108        0.7996        0.4784    82184   40.17%
   4266  3246        0.6037   125        0.7996        0.4822    90780   39.69%
*  4503+ 3447                            0.7993        0.4862            39.16%
   4663  3591        0.6993    91        0.7993        0.4881    99228   38.93%
Elapsed time = 5.75 sec. (13973.34 ticks, tree = 2.64 MB, solutions = 12)
   5000  3858        0.5796   135        0.7993        0.4910   107013   38.57%
   5306  4118        0.6160   139        0.7993        0.4957   115424   37.97%
   5665  4405    infeasible              0.7993        0.4996   122701   37.49%
   6003  4668        0.5320   112        0.7993        0.5035   129453   37.00%
   6343  4951        0.6003   129        0.7993        0.5052   137490   36.79%
   6696  5239        0.6052   100        0.7993        0.5078   144673   36.47%
   7053  5515        0.5183   112        0.7993        0.5098   152569   36.21%
   7384  5765        0.5798   120        0.7993        0.5117   160421   35.98%
*  7503+ 5849                            0.7993        0.5121            35.93%
   7813  6105        0.6008   102        0.7993        0.5128   168628   35.85%
   8188  6410        0.6975    77        0.7993        0.5145   176180   35.63%
Elapsed time = 9.91 sec. (23584.31 ticks, tree = 4.68 MB, solutions = 12)
   8623  6751        0.5666   129        0.7993        0.5152   183319   35.54%
   9006  7077        0.5971   108        0.7993        0.5163   190797   35.41%
   9373  7373        0.6326    72        0.7993        0.5173   197624   35.28%
   9805  7735        0.5463   137        0.7993        0.5181   204770   35.18%
  10259  8104        0.7556    37        0.7993        0.5191   212812   35.06%
* 10563+ 8270                            0.7943        0.5196            34.58%
* 10563+ 8250                            0.7935        0.5196            34.51%
* 10563+ 8213                            0.7923        0.5196            34.42%
* 10563+ 8211                            0.7922        0.5196            34.40%
* 10563+ 8203                            0.7915        0.5196            34.35%
* 10563+ 8201                            0.7914        0.5196            34.34%
* 10563+ 8200                            0.7914        0.5196            34.34%
  10564  8203        0.5207   149        0.7914        0.5198   219047   34.32%
* 10565+ 8101                            0.7856        0.5198            33.84%
* 10565+ 7984                            0.7772        0.5198            33.12%
* 10565+ 7951                            0.7745        0.5198            32.89%
* 10565+ 7949                            0.7743        0.5198            32.87%
  10865  8204        0.7506    83        0.7743        0.5206   224921   32.77%
  11254  8528        0.5868   125        0.7743        0.5214   233311   32.66%
  11697  8905        0.6173   121        0.7743        0.5219   241701   32.59%
  12168  9299        0.5411   117        0.7743        0.5227   250357   32.50%
Elapsed time = 14.41 sec. (33759.91 ticks, tree = 7.04 MB, solutions = 23)
  12683  9753        0.6975    90        0.7743        0.5231   258394   32.45%
  13050 10029        0.6743    90        0.7743        0.5237   266381   32.36%
  13498 10421        0.6770   115        0.7743        0.5241   275114   32.32%
  13889 10728        0.6911    87        0.7743        0.5250   282849   32.20%
  14337 11104        0.7033    90        0.7743        0.5257   290292   32.11%
* 14503+11232                            0.7743        0.5259            32.09%
  14732 11416        0.7283    90        0.7743        0.5261   297753   32.06%
  15197 11777        0.5653   121        0.7743        0.5267   305403   31.98%
  15718 12234        0.6000    97        0.7743        0.5272   314098   31.92%
  16202 12620        0.5408   123        0.7743        0.5279   322438   31.83%
  16643 12994        0.6948    84        0.7743        0.5281   330614   31.80%
Elapsed time = 18.55 sec. (43336.05 ticks, tree = 9.65 MB, solutions = 23)
  17066 13346        0.5717   109        0.7743        0.5285   338868   31.75%
  17503 13723        0.6214   113        0.7743        0.5289   346937   31.69%
  17879 14015        0.5883   108        0.7743        0.5293   356087   31.65%
  18197 14272        0.5984   113        0.7743        0.5298   364763   31.58%
  18610 14615        0.5480   123        0.7743        0.5304   372746   31.50%
  19012 14934        0.5392   125        0.7743        0.5307   380872   31.46%
  19412 15252        0.6544   115        0.7743        0.5312   388822   31.40%
  19856 15594        0.5637   104        0.7743        0.5317   396937   31.33%
  20278 15931        0.6768    93        0.7743        0.5323   404868   31.26%
  20692 16266        0.5746   114        0.7743        0.5327   412576   31.21%
Elapsed time = 22.74 sec. (52917.74 ticks, tree = 11.92 MB, solutions = 23)
  21110 16625        0.7042    80        0.7743        0.5329   420987   31.18%
  21545 16968        0.5432   119        0.7743        0.5334   429682   31.11%
  22062 17397        0.6775    86        0.7743        0.5339   440124   31.05%
  22484 17741        0.6998    88        0.7743        0.5341   449794   31.03%
  22957 18132        0.5369   115        0.7743        0.5343   460046   31.00%
  23377 18465        0.5839    96        0.7743        0.5345   470001   30.98%
  23787 18791        0.6316    92        0.7743        0.5348   478771   30.94%
  24254 19148        0.6624    84        0.7743        0.5351   488354   30.89%
  24711 19499        0.5723   102        0.7743        0.5353   496392   30.86%
  25139 19849        0.6417   117        0.7743        0.5356   505099   30.83%
Elapsed time = 26.95 sec. (62481.10 ticks, tree = 15.12 MB, solutions = 23)
  25536 20151        0.6625    92        0.7743        0.5361   513228   30.77%
  25939 20485        0.5432   106        0.7743        0.5363   520683   30.74%
  26375 20828        0.5558   121        0.7743        0.5367   528448   30.69%
  26785 21149        0.5371   112        0.7743        0.5369   536230   30.66%
  27206 21472        0.5899   102        0.7743        0.5371   543971   30.63%
  27603 21784        0.6174    95        0.7743        0.5374   551612   30.60%
  28049 22131        0.6350   104        0.7743        0.5376   559343   30.57%
  28508 22499        0.5677   106        0.7743        0.5379   566865   30.53%
  28926 22836        0.5867   119        0.7743        0.5382   575370   30.50%
  29399 23214        0.5668   117        0.7743        0.5385   584156   30.46%
Elapsed time = 31.14 sec. (72057.62 ticks, tree = 17.49 MB, solutions = 23)
  29819 23542        0.5388   115        0.7743        0.5387   592341   30.42%
  30277 23900        0.6728    85        0.7743        0.5390   601289   30.39%
  30773 24302        0.6021   102        0.7743        0.5393   610018   30.35%
  31195 24641        0.6180   109        0.7743        0.5396   617983   30.31%
  31683 25025        0.5983   122        0.7743        0.5399   626037   30.28%
  32129 25384        0.6197   106        0.7743        0.5401   634494   30.25%
  32592 25763        0.7296    97        0.7743        0.5403   642969   30.22%
  33095 26185        0.5703   122        0.7743        0.5407   651590   30.17%
  33453 26442        0.5680   135        0.7743        0.5409   659019   30.15%
  33912 26812        0.7423    79        0.7743        0.5410   667418   30.13%
Elapsed time = 35.33 sec. (81617.43 ticks, tree = 20.04 MB, solutions = 23)
  34366 27185        0.6652   122        0.7743        0.5413   674946   30.10%
  34739 27489        cutoff              0.7743        0.5414   682709   30.08%
  35242 27872        0.7297    78        0.7743        0.5416   690786   30.05%
  35687 28212        0.5712   119        0.7743        0.5419   698469   30.02%
  36110 28542        0.5982   107        0.7743        0.5421   707207   29.99%
  36528 28852        0.7681    70        0.7743        0.5425   715323   29.94%
  36955 29182        0.6908    78        0.7743        0.5426   723805   29.92%
  37365 29487        cutoff              0.7743        0.5428   731057   29.90%
  37807 29830        0.5439   127        0.7743        0.5430   738946   29.87%
  39596 31227        0.5553   110        0.7743        0.5438   771133   29.77%
Elapsed time = 40.89 sec. (94050.35 ticks, tree = 23.16 MB, solutions = 23)

Performing restart 2

Repeating presolve.
Tried aggregator 1 time.
MIP Presolve modified 536 coefficients.
Reduced MIP has 1463 rows, 691 columns, and 10752 nonzeros.
Reduced MIP has 432 binaries, 85 generals, 0 SOSs, and 0 indicators.
Presolve time = 0.00 sec. (8.02 ticks)
Tried aggregator 2 times.
MIP Presolve modified 240 coefficients.
Aggregator did 3 substitutions.
Reduced MIP has 1460 rows, 688 columns, and 10731 nonzeros.
Reduced MIP has 432 binaries, 85 generals, 0 SOSs, and 0 indicators.
Presolve time = 0.01 sec. (10.34 ticks)
Represolve time = 0.03 sec. (47.00 ticks)
  41191     0        0.3566   175        0.7743      Cuts: 51   798630   29.69%
  41191     0        0.3581   181        0.7743      Cuts: 34   798677   29.69%
  41191     0        0.3592   176        0.7743      Cuts: 17   798717   29.69%
  41191     0        0.3603   189        0.7743      Cuts: 18   798768   29.69%
  41191     0        0.3607   185        0.7743      Cuts: 18   798814   29.69%
  41191     0        0.3622   182        0.7743      Cuts: 22   798907   29.69%
  41191     0        0.3622   180        0.7743      Cuts: 12   798956   29.69%
  41191     0        0.3628   193        0.7743      Cuts: 17   799044   29.69%
  41191     2        0.3628   193        0.7743        0.5445   799044   29.69%
  41280    71        0.7035   165        0.7743        0.5445   807359   29.69%
  41591   307        0.6827   108        0.7743        0.5445   821455   29.69%
  42277   855        0.6930   100        0.7743        0.5445   844048   29.69%
  43193  1557        0.6126   121        0.7743        0.5445   869758   29.69%
  44046  2203        0.6659    97        0.7743        0.5450   896319   29.61%
  44962  2918        0.7264    69        0.7743        0.5511   927405   28.83%
  46008  3759        0.7343    80        0.7743        0.5550   957616   28.32%
  47009  4588        0.6785   100        0.7743        0.5587   988071   27.85%
  48087  5468        0.6487   125        0.7743        0.5622  1017042   27.39%
Elapsed time = 57.31 sec. (133019.56 ticks, tree = 4.11 MB, solutions = 23)
  49155  6328        0.6710   127        0.7743        0.5654  1049116   26.98%
  50076  7072        0.5913   118        0.7743        0.5674  1073750   26.72%
  51181  7946        0.6815   104        0.7743        0.5691  1105426   26.50%
  52104  8704        0.5975   124        0.7743        0.5715  1130799   26.20%
  53122  9511        0.6211   110        0.7743        0.5732  1160668   25.97%
  54066 10184        cutoff              0.7743        0.5750  1190457   25.75%
  55131 11022        0.6828   140        0.7743        0.5762  1220004   25.58%
  56139 11818        0.6736   106        0.7743        0.5778  1249655   25.38%
  57175 12657        0.7234   112        0.7743        0.5790  1276926   25.23%
  58298 13575        0.7225   100        0.7743        0.5805  1308567   25.03%
Elapsed time = 74.34 sec. (171209.51 ticks, tree = 10.12 MB, solutions = 23)
  59426 14495        0.6603   120        0.7743        0.5820  1336156   24.84%
  60435 15295        0.6289   118        0.7743        0.5832  1364020   24.68%
  61605 16221        0.6012   102        0.7743        0.5850  1394599   24.45%
  62678 17051        0.7391    90        0.7743        0.5861  1422677   24.30%
* 63627 17696      integral     0        0.7706        0.5870  1447170   23.82%
  63799 17828        0.6004   120        0.7706        0.5872  1452129   23.80%
* 64861+17466                            0.7550        0.5879            22.14%
* 64961+17292                            0.7525        0.5881            21.85%
* 64961+17216                            0.7515        0.5881            21.75%
* 64961+16892                            0.7479        0.5881            21.37%
  64961 16894        0.6704    93        0.7479        0.5881  1482093   21.37%
* 65191+17045                            0.7479        0.5883            21.34%
  65901 17573        0.5915   132        0.7479        0.5892  1510696   21.23%
  66971 18403        0.7231    74        0.7479        0.5903  1538205   21.07%
  68146 19331        0.6056   114        0.7479        0.5914  1568860   20.92%
  69251 20155        0.6084   117        0.7479        0.5922  1597772   20.82%
Elapsed time = 91.44 sec. (209595.49 ticks, tree = 15.38 MB, solutions = 28)
  70276 20963        0.5971   130        0.7479        0.5929  1624880   20.73%
  71456 21835        0.6441   112        0.7479        0.5936  1656746   20.63%
  72502 22608        0.7441    97        0.7479        0.5945  1687172   20.51%
  73525 23385        0.6934    77        0.7479        0.5954  1715529   20.39%
  74651 24227        0.6525    86        0.7479        0.5963  1747296   20.28%
  75826 25181        0.6538   107        0.7479        0.5971  1778024   20.17%
  76895 26029        0.7410    74        0.7479        0.5975  1805926   20.11%
  77999 26891        0.7477    99        0.7479        0.5979  1834323   20.06%
  79165 27803        0.6268   105        0.7479        0.5983  1865461   20.00%
  80273 28645        0.6167   121        0.7479        0.5991  1896769   19.90%
Elapsed time = 108.47 sec. (247752.19 ticks, tree = 21.36 MB, solutions = 28)
  81313 29443        0.6036   126        0.7479        0.5995  1924403   19.84%
  82416 30304        0.6369   121        0.7479        0.6000  1954324   19.77%
  83538 31147        0.7340    92        0.7479        0.6005  1986106   19.71%
  84610 31928        0.7347   109        0.7479        0.6009  2017841   19.66%
  85689 32770        0.6474   103        0.7479        0.6012  2046120   19.61%
  86859 33637        0.6314   114        0.7479        0.6017  2076065   19.55%
  88004 34514        0.6854    86        0.7479        0.6023  2107841   19.47%
  89146 35404        0.6114   130        0.7479        0.6027  2138633   19.42%
* 89439 34955      integral     0        0.7430        0.6027  2144743   18.88%
  90308 35623        0.6444   103        0.7430        0.6030  2165725   18.84%
* 91191+36242                            0.7430        0.6034            18.78%
  91482 36459        0.7283    62        0.7430        0.6036  2197090   18.76%
Elapsed time = 125.49 sec. (285940.93 ticks, tree = 28.28 MB, solutions = 29)
  92677 37393        0.6684    94        0.7430        0.6040  2227657   18.71%
  93816 38274        0.7217    69        0.7430        0.6045  2257550   18.64%
  94890 39060        0.6891    94        0.7430        0.6050  2286447   18.58%
  95984 39872        0.7079    86        0.7430        0.6053  2317418   18.53%
* 96191+39971                            0.7427        0.6054            18.49%
  97189 40763        0.7263    74        0.7427        0.6057  2347601   18.45%
  98352 41587        0.6474   108        0.7427        0.6062  2379934   18.38%
  99413 42388        0.6297   113        0.7427        0.6066  2408970   18.33%
*100191+41502                            0.7366        0.6068            17.62%
 100534 41726        0.6330   117        0.7366        0.6069  2439315   17.61%
 101656 42541        0.6430   101        0.7366        0.6074  2471366   17.54%
 102836 43471        0.7307    45        0.7366        0.6078  2501901   17.48%
Elapsed time = 142.72 sec. (324131.88 ticks, tree = 33.27 MB, solutions = 31)
*103191+41224                            0.7270        0.6080            16.38%
 103861 41704        0.6980    74        0.7270        0.6082  2533261   16.34%
 104867 42413        0.6877   108        0.7270        0.6086  2562692   16.29%
 106022 43281        cutoff              0.7270        0.6090  2592913   16.24%
*107191+44039                            0.7266        0.6093            16.14%
 107233 44073        0.6552   114        0.7266        0.6093  2623689   16.14%
 108430 45000        0.6998    93        0.7266        0.6095  2654671   16.11%
 109547 45848        0.6879    98        0.7266        0.6098  2684300   16.07%
*110191+45684                            0.7244        0.6100            15.79%
 110718 46108        0.6753    88        0.7244        0.6102  2712906   15.77%
 111916 46994        0.6818   133        0.7244        0.6104  2744467   15.74%
 113215 48013        0.6257   128        0.7244        0.6107  2775327   15.70%
 114381 48908        0.6948    81        0.7244        0.6109  2805804   15.66%
Elapsed time = 159.77 sec. (362312.65 ticks, tree = 37.14 MB, solutions = 34)
 115584 49865        cutoff              0.7244        0.6112  2832254   15.63%
 116779 50794        0.6266   114        0.7244        0.6114  2860991   15.60%
 117946 51686        0.6689   100        0.7244        0.6117  2891511   15.56%
*119191+52605                            0.7244        0.6120            15.51%
 119191 52607        0.7074   113        0.7244        0.6120  2923363   15.51%
 120360 53474        0.6915    76        0.7244        0.6123  2954253   15.47%
 121536 54340        0.6565   114        0.7244        0.6126  2984388   15.44%
 122728 55209        0.6475   117        0.7244        0.6128  3014237   15.40%
 123993 56135        0.7026    71        0.7244        0.6131  3045924   15.36%
 125230 57049        0.6826    85        0.7244        0.6133  3079690   15.33%
 126424 57900        0.6481   117        0.7244        0.6135  3111680   15.31%
Elapsed time = 176.86 sec. (400485.11 ticks, tree = 43.57 MB, solutions = 34)
 127529 58687        0.6728    96        0.7244        0.6137  3141334   15.28%
 128721 59584        0.6524   115        0.7244        0.6139  3170432   15.25%
 129934 60476        0.6542   115        0.7244        0.6141  3203343   15.22%
 131175 61411        0.6797    93        0.7244        0.6143  3236223   15.19%
 132336 62264        0.7151    77        0.7244        0.6146  3267644   15.16%
 133459 63079        0.7178   130        0.7244        0.6148  3298749   15.13%
 134684 64020        0.6522   113        0.7244        0.6149  3328193   15.11%
 135906 64951        0.6361   104        0.7244        0.6151  3358803   15.09%
 136959 65740        0.6181   120        0.7244        0.6153  3387206   15.06%
 138049 66523        0.6630   122        0.7244        0.6155  3418893   15.04%
Elapsed time = 194.19 sec. (438687.67 ticks, tree = 52.59 MB, solutions = 34)
 139094 67288        0.6789   128        0.7244        0.6156  3445878   15.02%
*139191+67351                            0.7244        0.6156            15.02%
 140176 68082        0.6157   111        0.7244        0.6157  3474341   15.00%
 141232 68852        0.6592   109        0.7244        0.6159  3502579   14.98%
 142411 69715        0.7033    75        0.7244        0.6160  3532799   14.96%
 143620 70615        0.7145   116        0.7244        0.6162  3564952   14.94%
*144191+71021                            0.7244        0.6163            14.92%
 144766 71476        0.6763   100        0.7244        0.6164  3596207   14.91%
 145905 72307        0.7241    95        0.7244        0.6166  3626020   14.88%
 147027 73109        0.6286   146        0.7244        0.6167  3654799   14.86%
 148233 74012        0.6882    78        0.7244        0.6169  3683362   14.84%
 149488 74945        0.6941    75        0.7244        0.6171  3714947   14.81%
Elapsed time = 211.78 sec. (476858.18 ticks, tree = 58.68 MB, solutions = 34)
 150694 75835        0.6705    92        0.7244        0.6173  3747167   14.79%
 151845 76713        0.7178   122        0.7244        0.6174  3777647   14.77%
 153034 77637        0.6940    88        0.7244        0.6175  3805662   14.75%
 154181 78455        0.6485   109        0.7244        0.6177  3835309   14.74%
 155300 79252        0.6931   105        0.7244        0.6178  3866849   14.71%
 156517 80171    infeasible              0.7244        0.6179  3897806   14.70%
 157737 81069        0.6845    82        0.7244        0.6181  3930030   14.67%
 158958 81944        cutoff              0.7244        0.6183  3960655   14.65%
 160085 82709        0.6723    89        0.7244        0.6184  3991094   14.63%
 161238 83534        0.6694    91        0.7244        0.6186  4020711   14.61%
Elapsed time = 228.91 sec. (515020.39 ticks, tree = 64.90 MB, solutions = 34)
 162365 84296        0.7191    91        0.7244        0.6188  4053742   14.58%
 163507 85079        0.7038   121        0.7244        0.6190  4086551   14.55%
 164641 85875        0.7028    69        0.7244        0.6191  4119079   14.53%
 165784 86644        0.6928    66        0.7244        0.6192  4151103   14.52%
 166917 87421        0.6529    99        0.7244        0.6194  4181174   14.50%
 168013 88181        0.7238    81        0.7244        0.6195  4211690   14.48%
 169168 88965        0.7106    71        0.7244        0.6197  4245425   14.46%
 170364 89810        0.6600    95        0.7244        0.6198  4278087   14.43%
 171427 90511        0.6859    97        0.7244        0.6200  4311430   14.41%
 172614 91357        0.6734   107        0.7244        0.6201  4342356   14.39%
Elapsed time = 245.89 sec. (553189.96 ticks, tree = 70.58 MB, solutions = 34)
 173687 92097        0.6256   118        0.7244        0.6203  4373846   14.37%
 174816 92859        0.6424   112        0.7244        0.6205  4404244   14.35%
 176007 93700        0.6397   106        0.7244        0.6206  4436720   14.33%
 177181 94483        0.6762   110        0.7244        0.6207  4470157   14.31%
 178356 95284        cutoff              0.7244        0.6209  4502855   14.29%
 179507 96074        cutoff              0.7244        0.6210  4535883   14.27%
 180642 96856        cutoff              0.7244        0.6211  4566980   14.26%
 181693 97548        0.7074    78        0.7244        0.6213  4598817   14.24%
 182881 98289        0.6740    90        0.7244        0.6214  4632385   14.21%
 184101 99096        0.6666   103        0.7244        0.6217  4667033   14.18%
Elapsed time = 262.74 sec. (591355.58 ticks, tree = 76.24 MB, solutions = 34)
 185198 99884        cutoff              0.7244        0.6218  4695939   14.17%
 186323 100627        cutoff              0.7244        0.6219  4727573   14.15%
 187391 101377        0.7065   135        0.7244        0.6221  4758114   14.13%
 188399 102031        0.7146    76        0.7244        0.6222  4788701   14.11%
Starting limited solution polishing.
 189451 102755        0.6915    93        0.7244        0.6223  4819446   14.09%
 190271 103299        0.6720   108        0.7244        0.6224  4844606   14.07%
*190291+103310                            0.7244        0.6224            14.07%
 190891 103706        0.7140    62        0.7244        0.6225  4861746   14.06%
*190991+103762                            0.7244        0.6225            14.06%
*191291+103967                            0.7244        0.6226            14.06%
 191491 104087        0.7076    99        0.7244        0.6226  4878992   14.05%
 191991 104424        0.6863   109        0.7244        0.6226  4893277   14.05%
 192291 104635        0.6794   100        0.7244        0.6227  4902146   14.04%
Elapsed time = 281.31 sec. (631532.82 ticks, tree = 80.24 MB, solutions = 35)
 192691 104890        0.6998    91        0.7244        0.6227  4913966   14.04%
 192991 105096        0.6655    96        0.7244        0.6228  4922611   14.03%
 193191 105218        0.6721    94        0.7244        0.6228  4928050   14.03%
 194257 105929        0.6913    80        0.7244        0.6229  4960035   14.01%
 195131 106507        0.6490   106        0.7244        0.6230  4987002   14.00%
 196251 107230        0.7178    92        0.7244        0.6231  5018130   13.98%
 197374 107989        0.6404   112        0.7244        0.6233  5052328   13.96%
 198391 108666        0.6570   102        0.7244        0.6234  5083621   13.95%
 199529 109435        0.6922   108        0.7244        0.6235  5117326   13.93%
 200706 110238        0.6964    80        0.7244        0.6236  5148141   13.91%
Elapsed time = 299.53 sec. (671786.40 ticks, tree = 84.35 MB, solutions = 35)

GUB cover cuts applied:  8
Cover cuts applied:  30
Implied bound cuts applied:  30
Flow cuts applied:  14
Mixed integer rounding cuts applied:  56
Zero-half cuts applied:  19
Gomory fractional cuts applied:  2

Root node processing (before b&c):
  Real time             =    0.17 sec. (347.53 ticks)
Sequential b&c:
  Real time             =  299.84 sec. (672736.68 ticks)
                          ------------
Total (root+branch&cut) =  300.02 sec. (673084.21 ticks)

Solution pool: 35 solutions saved.

MIP - Time limit exceeded, integer feasible:  Objective =  7.2439492473e-01
Current MIP best bound =  6.2363581357e-01 (gap = 0.100759, 13.91%)
Solution time =  300.02 sec.  Iterations = 5158108  Nodes = 201026 (110448)
Deterministic time = 673084.21 ticks  (2243.49 ticks/sec)

CPLEX> Incumbent solution written to file 'results\cplex_work\regen_candidate_V12_M2_average_plain_2074672974\solution.sol'.
CPLEX> 
--- ROUND18 RUNNER STDOUT ---
regen_candidate_V12_M2_average.txt cplex not_certified obj=0.724395 runtime=300.114 columns=0

--- ROUND18 RUNNER STDERR ---
