
Gurobi 13.0.2 (win64) logging started Fri Jul 24 06:13:18 2026

Set parameter LogFile to value "E:\codes\ExactEBRP\results\gf_c0_mechanism_transfer_c5_round30\runs\stage1__high_imbalance_seed3202__c5_candidate__300s\native.log"
Set parameter Threads to value 1
Set parameter Presolve to value -1
Set parameter Seed to value 0
Set parameter MIPGap to value 0
Set parameter MIPGapAbs to value 0
Warning: unknown variable 'r_max' in bounds section (line 13930)
Warning: unknown variable 'r_min' in bounds section (line 13931)
Read LP format model from file E:\codes\ExactEBRP\results\gf_c0_mechanism_transfer_c5_round30\runs\stage1__high_imbalance_seed3202__c5_candidate__300s\external\models\L0.lp
Reading time = 0.02 seconds
obj: 11895 rows, 3372 columns, 67084 nonzeros
Set parameter TimeLimit to value 278.5716414
Warning: unknown variable 'r_max' in bounds section (line 13930)
Warning: unknown variable 'r_min' in bounds section (line 13931)
Read LP format model from file E:\codes\ExactEBRP\results\gf_c0_mechanism_transfer_c5_round30\runs\stage1__high_imbalance_seed3202__c5_candidate__300s\external\models\L1.lp
Reading time = 0.02 seconds
obj: 11895 rows, 3372 columns, 67322 nonzeros
Set parameter TimeLimit to value 278.378829
Warning: unknown variable 'r_max' in bounds section (line 13930)
Warning: unknown variable 'r_min' in bounds section (line 13931)
Read LP format model from file E:\codes\ExactEBRP\results\gf_c0_mechanism_transfer_c5_round30\runs\stage1__high_imbalance_seed3202__c5_candidate__300s\external\models\L1.0.lp
Reading time = 0.02 seconds
obj: 11895 rows, 3372 columns, 67322 nonzeros
Set parameter TimeLimit to value 277.9674626
Warning: unknown variable 'r_max' in bounds section (line 13930)
Warning: unknown variable 'r_min' in bounds section (line 13931)
Read LP format model from file E:\codes\ExactEBRP\results\gf_c0_mechanism_transfer_c5_round30\runs\stage1__high_imbalance_seed3202__c5_candidate__300s\external\models\L1.1.lp
Reading time = 0.02 seconds
obj: 11895 rows, 3372 columns, 67322 nonzeros
Set parameter TimeLimit to value 277.7734711
Warning: unknown variable 'r_max' in bounds section (line 13930)
Warning: unknown variable 'r_min' in bounds section (line 13931)
Read LP format model from file E:\codes\ExactEBRP\results\gf_c0_mechanism_transfer_c5_round30\runs\stage1__high_imbalance_seed3202__c5_candidate__300s\external\models\L2.lp
Reading time = 0.02 seconds
obj: 11895 rows, 3372 columns, 67322 nonzeros
Set parameter TimeLimit to value 277.3452934
Warning: unknown variable 'r_max' in bounds section (line 13930)
Warning: unknown variable 'r_min' in bounds section (line 13931)
Read LP format model from file E:\codes\ExactEBRP\results\gf_c0_mechanism_transfer_c5_round30\runs\stage1__high_imbalance_seed3202__c5_candidate__300s\external\models\L2.0.lp
Reading time = 0.02 seconds
obj: 11895 rows, 3372 columns, 67322 nonzeros
Set parameter TimeLimit to value 276.9603046
Warning: unknown variable 'r_max' in bounds section (line 13930)
Warning: unknown variable 'r_min' in bounds section (line 13931)
Read LP format model from file E:\codes\ExactEBRP\results\gf_c0_mechanism_transfer_c5_round30\runs\stage1__high_imbalance_seed3202__c5_candidate__300s\external\models\L2.1.lp
Reading time = 0.02 seconds
obj: 11895 rows, 3372 columns, 67322 nonzeros
Set parameter TimeLimit to value 276.5907197
Warning: unknown variable 'r_max' in bounds section (line 13930)
Warning: unknown variable 'r_min' in bounds section (line 13931)
Read LP format model from file E:\codes\ExactEBRP\results\gf_c0_mechanism_transfer_c5_round30\runs\stage1__high_imbalance_seed3202__c5_candidate__300s\external\models\L3.lp
Reading time = 0.02 seconds
obj: 11895 rows, 3372 columns, 66942 nonzeros
Set parameter TimeLimit to value 275.8570631
Warning: unknown variable 'r_max' in bounds section (line 13930)
Warning: unknown variable 'r_min' in bounds section (line 13931)
Read LP format model from file E:\codes\ExactEBRP\results\gf_c0_mechanism_transfer_c5_round30\runs\stage1__high_imbalance_seed3202__c5_candidate__300s\external\models\L2.0.0.lp
Reading time = 0.02 seconds
obj: 11895 rows, 3372 columns, 67322 nonzeros
Set parameter TimeLimit to value 275.4709783
Warning: unknown variable 'r_max' in bounds section (line 13930)
Warning: unknown variable 'r_min' in bounds section (line 13931)
Read LP format model from file E:\codes\ExactEBRP\results\gf_c0_mechanism_transfer_c5_round30\runs\stage1__high_imbalance_seed3202__c5_candidate__300s\external\models\L2.0.1.lp
Reading time = 0.02 seconds
obj: 11895 rows, 3372 columns, 67322 nonzeros
Set parameter TimeLimit to value 275.0581434
Warning: unknown variable 'r_max' in bounds section (line 13930)
Warning: unknown variable 'r_min' in bounds section (line 13931)
Read LP format model from file E:\codes\ExactEBRP\results\gf_c0_mechanism_transfer_c5_round30\runs\stage1__high_imbalance_seed3202__c5_candidate__300s\external\models\L1.1.0.lp
Reading time = 0.02 seconds
obj: 11895 rows, 3372 columns, 67322 nonzeros
Set parameter TimeLimit to value 103.6977469
Warning: unknown variable 'r_max' in bounds section (line 13930)
Warning: unknown variable 'r_min' in bounds section (line 13931)
Read LP format model from file E:\codes\ExactEBRP\results\gf_c0_mechanism_transfer_c5_round30\runs\stage1__high_imbalance_seed3202__c5_candidate__300s\external\models\L1.1.1.lp
Reading time = 0.02 seconds
obj: 11895 rows, 3372 columns, 67322 nonzeros
Set parameter TimeLimit to value 1.0349324419999999e+02
Warning: unknown variable 'r_max' in bounds section (line 13930)
Warning: unknown variable 'r_min' in bounds section (line 13931)
Read LP format model from file E:\codes\ExactEBRP\results\gf_c0_mechanism_transfer_c5_round30\runs\stage1__high_imbalance_seed3202__c5_candidate__300s\external\models\L1.1.1.0.lp
Reading time = 0.02 seconds
obj: 11895 rows, 3372 columns, 67322 nonzeros
Set parameter TimeLimit to value 1.0309926039999999e+02
Warning: unknown variable 'r_max' in bounds section (line 13930)
Warning: unknown variable 'r_min' in bounds section (line 13931)
Read LP format model from file E:\codes\ExactEBRP\results\gf_c0_mechanism_transfer_c5_round30\runs\stage1__high_imbalance_seed3202__c5_candidate__300s\external\models\L1.1.1.1.lp
Reading time = 0.02 seconds
obj: 11895 rows, 3372 columns, 67322 nonzeros
Set parameter TimeLimit to value 1.0288171929999999e+02
Warning: unknown variable 'r_max' in bounds section (line 13930)
Warning: unknown variable 'r_min' in bounds section (line 13931)
Read LP format model from file E:\codes\ExactEBRP\results\gf_c0_mechanism_transfer_c5_round30\runs\stage1__high_imbalance_seed3202__c5_candidate__300s\external\models\L1.1.1.1.0.lp
Reading time = 0.02 seconds
obj: 11895 rows, 3372 columns, 67322 nonzeros
Set parameter TimeLimit to value 102.4772829
Warning: unknown variable 'r_max' in bounds section (line 13930)
Warning: unknown variable 'r_min' in bounds section (line 13931)
Read LP format model from file E:\codes\ExactEBRP\results\gf_c0_mechanism_transfer_c5_round30\runs\stage1__high_imbalance_seed3202__c5_candidate__300s\external\models\L1.1.1.1.1.lp
Reading time = 0.02 seconds
obj: 11895 rows, 3372 columns, 67322 nonzeros
Set parameter TimeLimit to value 102.12562
Warning: unknown variable 'r_max' in bounds section (line 13930)
Warning: unknown variable 'r_min' in bounds section (line 13931)
Read LP format model from file E:\codes\ExactEBRP\results\gf_c0_mechanism_transfer_c5_round30\runs\stage1__high_imbalance_seed3202__c5_candidate__300s\external\models\L1.1.1.1.1.0.lp
Reading time = 0.02 seconds
obj: 11895 rows, 3372 columns, 67322 nonzeros
Set parameter TimeLimit to value 101.751934
Warning: unknown variable 'r_max' in bounds section (line 13930)
Warning: unknown variable 'r_min' in bounds section (line 13931)
Read LP format model from file E:\codes\ExactEBRP\results\gf_c0_mechanism_transfer_c5_round30\runs\stage1__high_imbalance_seed3202__c5_candidate__300s\external\models\L1.1.1.1.1.1.lp
Reading time = 0.02 seconds
obj: 11895 rows, 3372 columns, 67322 nonzeros
Set parameter TimeLimit to value 1.0137738999999999e+02
Warning: unknown variable 'r_max' in bounds section (line 13930)
Warning: unknown variable 'r_min' in bounds section (line 13931)
Read LP format model from file E:\codes\ExactEBRP\results\gf_c0_mechanism_transfer_c5_round30\runs\stage1__high_imbalance_seed3202__c5_candidate__300s\external\models\L1.1.1.1.1.1.0.lp
Reading time = 0.02 seconds
obj: 11895 rows, 3372 columns, 67322 nonzeros
Set parameter TimeLimit to value 100.9788929
Warning: unknown variable 'r_max' in bounds section (line 13930)
Warning: unknown variable 'r_min' in bounds section (line 13931)
Read LP format model from file E:\codes\ExactEBRP\results\gf_c0_mechanism_transfer_c5_round30\runs\stage1__high_imbalance_seed3202__c5_candidate__300s\external\models\L1.1.1.1.1.1.1.lp
Reading time = 0.02 seconds
obj: 11895 rows, 3372 columns, 67322 nonzeros
Set parameter TimeLimit to value 100.5847915
Warning: unknown variable 'r_max' in bounds section (line 13930)
Warning: unknown variable 'r_min' in bounds section (line 13931)
Read LP format model from file E:\codes\ExactEBRP\results\gf_c0_mechanism_transfer_c5_round30\runs\stage1__high_imbalance_seed3202__c5_candidate__300s\external\models\L1.1.1.1.1.1.1.0.lp
Reading time = 0.02 seconds
obj: 11895 rows, 3372 columns, 67322 nonzeros
Set parameter TimeLimit to value 100.2072915
Warning: unknown variable 'r_max' in bounds section (line 13930)
Warning: unknown variable 'r_min' in bounds section (line 13931)
Read LP format model from file E:\codes\ExactEBRP\results\gf_c0_mechanism_transfer_c5_round30\runs\stage1__high_imbalance_seed3202__c5_candidate__300s\external\models\L1.1.1.1.1.1.1.1.lp
Reading time = 0.02 seconds
obj: 11895 rows, 3372 columns, 67322 nonzeros
Set parameter TimeLimit to value 9.9826559800000013e+01
Warning: unknown variable 'r_max' in bounds section (line 13930)
Warning: unknown variable 'r_min' in bounds section (line 13931)
Read LP format model from file E:\codes\ExactEBRP\results\gf_c0_mechanism_transfer_c5_round30\runs\stage1__high_imbalance_seed3202__c5_candidate__300s\external\models\L2.1.0.lp
Reading time = 0.02 seconds
obj: 11895 rows, 3372 columns, 67322 nonzeros
Set parameter TimeLimit to value 9.8969140299999992e+01
Warning: unknown variable 'r_max' in bounds section (line 13930)
Warning: unknown variable 'r_min' in bounds section (line 13931)
Read LP format model from file E:\codes\ExactEBRP\results\gf_c0_mechanism_transfer_c5_round30\runs\stage1__high_imbalance_seed3202__c5_candidate__300s\external\models\L2.1.1.lp
Reading time = 0.02 seconds
obj: 11895 rows, 3372 columns, 67322 nonzeros
Set parameter TimeLimit to value 9.8652745000000010e+01
Warning: unknown variable 'r_max' in bounds section (line 13930)
Warning: unknown variable 'r_min' in bounds section (line 13931)
Read LP format model from file E:\codes\ExactEBRP\results\gf_c0_mechanism_transfer_c5_round30\runs\stage1__high_imbalance_seed3202__c5_candidate__300s\external\models\L1.1.1.1.1.1.1.1.0.lp
Reading time = 0.02 seconds
obj: 11895 rows, 3372 columns, 67322 nonzeros
Set parameter TimeLimit to value 96.222691
Warning: unknown variable 'r_max' in bounds section (line 13930)
Warning: unknown variable 'r_min' in bounds section (line 13931)
Read LP format model from file E:\codes\ExactEBRP\results\gf_c0_mechanism_transfer_c5_round30\runs\stage1__high_imbalance_seed3202__c5_candidate__300s\external\models\L1.1.1.1.1.1.1.1.1.lp
Reading time = 0.02 seconds
obj: 11895 rows, 3372 columns, 67322 nonzeros
Set parameter TimeLimit to value 95.8351386
Warning: unknown variable 'r_max' in bounds section (line 13930)
Warning: unknown variable 'r_min' in bounds section (line 13931)
Read LP format model from file E:\codes\ExactEBRP\results\gf_c0_mechanism_transfer_c5_round30\runs\stage1__high_imbalance_seed3202__c5_candidate__300s\external\models\L1.1.1.1.1.1.1.0.0.lp
Reading time = 0.02 seconds
obj: 11895 rows, 3372 columns, 67322 nonzeros
Set parameter TimeLimit to value 9.4777389699999986e+01
Warning: unknown variable 'r_max' in bounds section (line 13930)
Warning: unknown variable 'r_min' in bounds section (line 13931)
Read LP format model from file E:\codes\ExactEBRP\results\gf_c0_mechanism_transfer_c5_round30\runs\stage1__high_imbalance_seed3202__c5_candidate__300s\external\models\L1.1.1.1.1.1.1.0.1.lp
Reading time = 0.02 seconds
obj: 11895 rows, 3372 columns, 67322 nonzeros
Set parameter TimeLimit to value 94.4197082
Warning: unknown variable 'r_max' in bounds section (line 13930)
Warning: unknown variable 'r_min' in bounds section (line 13931)
Read LP format model from file E:\codes\ExactEBRP\results\gf_c0_mechanism_transfer_c5_round30\runs\stage1__high_imbalance_seed3202__c5_candidate__300s\external\models\L1.1.1.1.1.1.0.0.lp
Reading time = 0.02 seconds
obj: 11895 rows, 3372 columns, 67322 nonzeros
Set parameter TimeLimit to value 9.2290725799999990e+01
Warning: unknown variable 'r_max' in bounds section (line 13930)
Warning: unknown variable 'r_min' in bounds section (line 13931)
Read LP format model from file E:\codes\ExactEBRP\results\gf_c0_mechanism_transfer_c5_round30\runs\stage1__high_imbalance_seed3202__c5_candidate__300s\external\models\L1.1.1.1.1.1.0.1.lp
Reading time = 0.02 seconds
obj: 11895 rows, 3372 columns, 67322 nonzeros
Set parameter TimeLimit to value 91.9234372
Warning: unknown variable 'r_max' in bounds section (line 13930)
Warning: unknown variable 'r_min' in bounds section (line 13931)
Read LP format model from file E:\codes\ExactEBRP\results\gf_c0_mechanism_transfer_c5_round30\runs\stage1__high_imbalance_seed3202__c5_candidate__300s\external\models\L1.1.1.1.1.1.0.1.0.lp
Reading time = 0.02 seconds
obj: 11895 rows, 3372 columns, 67322 nonzeros
Set parameter TimeLimit to value 91.5070369
Warning: unknown variable 'r_max' in bounds section (line 13930)
Warning: unknown variable 'r_min' in bounds section (line 13931)
Read LP format model from file E:\codes\ExactEBRP\results\gf_c0_mechanism_transfer_c5_round30\runs\stage1__high_imbalance_seed3202__c5_candidate__300s\external\models\L1.1.1.1.1.1.0.1.1.lp
Reading time = 0.02 seconds
obj: 11895 rows, 3372 columns, 67322 nonzeros
Set parameter TimeLimit to value 9.1115981299999987e+01
Warning: unknown variable 'r_max' in bounds section (line 13930)
Warning: unknown variable 'r_min' in bounds section (line 13931)
Read LP format model from file E:\codes\ExactEBRP\results\gf_c0_mechanism_transfer_c5_round30\runs\stage1__high_imbalance_seed3202__c5_candidate__300s\external\models\L1.1.1.1.1.1.0.0.0.lp
Reading time = 0.02 seconds
obj: 11895 rows, 3372 columns, 67322 nonzeros
Set parameter TimeLimit to value 8.8952779099999987e+01
Warning: unknown variable 'r_max' in bounds section (line 13930)
Warning: unknown variable 'r_min' in bounds section (line 13931)
Read LP format model from file E:\codes\ExactEBRP\results\gf_c0_mechanism_transfer_c5_round30\runs\stage1__high_imbalance_seed3202__c5_candidate__300s\external\models\L1.1.1.1.1.1.0.0.1.lp
Reading time = 0.02 seconds
obj: 11895 rows, 3372 columns, 67322 nonzeros
Set parameter TimeLimit to value 88.5812723
Warning: unknown variable 'r_max' in bounds section (line 13930)
Warning: unknown variable 'r_min' in bounds section (line 13931)
Read LP format model from file E:\codes\ExactEBRP\results\gf_c0_mechanism_transfer_c5_round30\runs\stage1__high_imbalance_seed3202__c5_candidate__300s\external\models\L1.1.1.1.1.0.0.lp
Reading time = 0.02 seconds
obj: 11895 rows, 3372 columns, 67322 nonzeros
Set parameter TimeLimit to value 86.5230693
Warning: unknown variable 'r_max' in bounds section (line 13930)
Warning: unknown variable 'r_min' in bounds section (line 13931)
Read LP format model from file E:\codes\ExactEBRP\results\gf_c0_mechanism_transfer_c5_round30\runs\stage1__high_imbalance_seed3202__c5_candidate__300s\external\models\L1.1.1.1.1.0.1.lp
Reading time = 0.02 seconds
obj: 11895 rows, 3372 columns, 67322 nonzeros
Set parameter TimeLimit to value 86.2110183
Warning: unknown variable 'r_max' in bounds section (line 13930)
Warning: unknown variable 'r_min' in bounds section (line 13931)
Read LP format model from file E:\codes\ExactEBRP\results\gf_c0_mechanism_transfer_c5_round30\runs\stage1__high_imbalance_seed3202__c5_candidate__300s\external\models\L1.1.1.1.1.0.1.0.lp
Reading time = 0.02 seconds
obj: 11895 rows, 3372 columns, 67322 nonzeros
Set parameter TimeLimit to value 8.5851319499999988e+01
Warning: unknown variable 'r_max' in bounds section (line 13930)
Warning: unknown variable 'r_min' in bounds section (line 13931)
Read LP format model from file E:\codes\ExactEBRP\results\gf_c0_mechanism_transfer_c5_round30\runs\stage1__high_imbalance_seed3202__c5_candidate__300s\external\models\L1.1.1.1.1.0.1.1.lp
Reading time = 0.02 seconds
obj: 11895 rows, 3372 columns, 67322 nonzeros
Set parameter TimeLimit to value 85.4775017
Warning: unknown variable 'r_max' in bounds section (line 13930)
Warning: unknown variable 'r_min' in bounds section (line 13931)
Read LP format model from file E:\codes\ExactEBRP\results\gf_c0_mechanism_transfer_c5_round30\runs\stage1__high_imbalance_seed3202__c5_candidate__300s\external\models\L1.1.1.1.1.0.1.1.0.lp
Reading time = 0.02 seconds
obj: 11895 rows, 3372 columns, 67322 nonzeros
Set parameter TimeLimit to value 85.1209883
Warning: unknown variable 'r_max' in bounds section (line 13930)
Warning: unknown variable 'r_min' in bounds section (line 13931)
Read LP format model from file E:\codes\ExactEBRP\results\gf_c0_mechanism_transfer_c5_round30\runs\stage1__high_imbalance_seed3202__c5_candidate__300s\external\models\L1.1.1.1.1.0.1.1.1.lp
Reading time = 0.02 seconds
obj: 11895 rows, 3372 columns, 67322 nonzeros
Set parameter TimeLimit to value 84.7508115
