
Gurobi 13.0.2 (win64) logging started Thu Jul 23 13:56:37 2026

Set parameter LogFile to value "E:\codes\ExactEBRP\results\gf_gurobi_performance_recovery_round29\runs\stage1__V12_M1__c4_candidate__300s\native.log"
Set parameter Threads to value 1
Set parameter Presolve to value -1
Set parameter Seed to value 0
Set parameter MIPGap to value 0
Set parameter MIPGapAbs to value 0
Warning: unknown variable 'r_max' in bounds section (line 6696)
Warning: unknown variable 'r_min' in bounds section (line 6697)
Read LP format model from file E:\codes\ExactEBRP\results\gf_gurobi_performance_recovery_round29\runs\stage1__V12_M1__c4_candidate__300s\external\models\L0.lp
Reading time = 0.02 seconds
obj: 6225 rows, 648 columns, 59207 nonzeros
Set parameter TimeLimit to value 288.6867203
Warning: unknown variable 'r_max' in bounds section (line 6696)
Warning: unknown variable 'r_min' in bounds section (line 6697)
Read LP format model from file E:\codes\ExactEBRP\results\gf_gurobi_performance_recovery_round29\runs\stage1__V12_M1__c4_candidate__300s\external\models\L1.lp
Reading time = 0.02 seconds
obj: 6225 rows, 648 columns, 59365 nonzeros
Set parameter TimeLimit to value 288.5234835
Warning: unknown variable 'r_max' in bounds section (line 6696)
Warning: unknown variable 'r_min' in bounds section (line 6697)
Read LP format model from file E:\codes\ExactEBRP\results\gf_gurobi_performance_recovery_round29\runs\stage1__V12_M1__c4_candidate__300s\external\models\L1.0.lp
Reading time = 0.02 seconds
obj: 6225 rows, 648 columns, 59365 nonzeros
Set parameter TimeLimit to value 288.360521
Warning: unknown variable 'r_max' in bounds section (line 6696)
Warning: unknown variable 'r_min' in bounds section (line 6697)
Read LP format model from file E:\codes\ExactEBRP\results\gf_gurobi_performance_recovery_round29\runs\stage1__V12_M1__c4_candidate__300s\external\models\L1.1.lp
Reading time = 0.02 seconds
obj: 6225 rows, 648 columns, 59365 nonzeros
Set parameter TimeLimit to value 288.2073571
Warning: unknown variable 'r_max' in bounds section (line 6696)
Warning: unknown variable 'r_min' in bounds section (line 6697)
Read LP format model from file E:\codes\ExactEBRP\results\gf_gurobi_performance_recovery_round29\runs\stage1__V12_M1__c4_candidate__300s\external\models\L2.lp
Reading time = 0.02 seconds
obj: 6225 rows, 648 columns, 59365 nonzeros
Set parameter TimeLimit to value 288.0405414
Warning: unknown variable 'r_max' in bounds section (line 6696)
Warning: unknown variable 'r_min' in bounds section (line 6697)
Read LP format model from file E:\codes\ExactEBRP\results\gf_gurobi_performance_recovery_round29\runs\stage1__V12_M1__c4_candidate__300s\external\models\L2.0.lp
Reading time = 0.02 seconds
obj: 6225 rows, 648 columns, 59365 nonzeros
Set parameter TimeLimit to value 287.8668763
Warning: unknown variable 'r_max' in bounds section (line 6696)
Warning: unknown variable 'r_min' in bounds section (line 6697)
Read LP format model from file E:\codes\ExactEBRP\results\gf_gurobi_performance_recovery_round29\runs\stage1__V12_M1__c4_candidate__300s\external\models\L2.1.lp
Reading time = 0.02 seconds
obj: 6225 rows, 648 columns, 59365 nonzeros
Set parameter TimeLimit to value 287.6960267
Warning: unknown variable 'r_max' in bounds section (line 6696)
Warning: unknown variable 'r_min' in bounds section (line 6697)
Read LP format model from file E:\codes\ExactEBRP\results\gf_gurobi_performance_recovery_round29\runs\stage1__V12_M1__c4_candidate__300s\external\models\L3.lp
Reading time = 0.02 seconds
obj: 6225 rows, 648 columns, 59365 nonzeros
Set parameter TimeLimit to value 287.5232694
Warning: unknown variable 'r_max' in bounds section (line 6696)
Warning: unknown variable 'r_min' in bounds section (line 6697)
Read LP format model from file E:\codes\ExactEBRP\results\gf_gurobi_performance_recovery_round29\runs\stage1__V12_M1__c4_candidate__300s\external\models\L3.0.lp
Reading time = 0.02 seconds
obj: 6225 rows, 648 columns, 59365 nonzeros
Set parameter TimeLimit to value 287.3624869
Warning: unknown variable 'r_max' in bounds section (line 6697)
Warning: unknown variable 'r_min' in bounds section (line 6698)
Read LP format model from file E:\codes\ExactEBRP\results\gf_gurobi_performance_recovery_round29\runs\stage1__V12_M1__c4_candidate__300s\external\models\L3.1.lp
Reading time = 0.02 seconds
obj: 6226 rows, 648 columns, 59367 nonzeros
Set parameter TimeLimit to value 287.203038
Warning: unknown variable 'r_max' in bounds section (line 6696)
Warning: unknown variable 'r_min' in bounds section (line 6697)
Read LP format model from file E:\codes\ExactEBRP\results\gf_gurobi_performance_recovery_round29\runs\stage1__V12_M1__c4_candidate__300s\external\models\L1.1.0.lp
Reading time = 0.01 seconds
obj: 6225 rows, 648 columns, 59365 nonzeros
Set parameter TimeLimit to value 287.0491771
Warning: unknown variable 'r_max' in bounds section (line 6696)
Warning: unknown variable 'r_min' in bounds section (line 6697)
Read LP format model from file E:\codes\ExactEBRP\results\gf_gurobi_performance_recovery_round29\runs\stage1__V12_M1__c4_candidate__300s\external\models\L1.1.1.lp
Reading time = 0.02 seconds
obj: 6225 rows, 648 columns, 59365 nonzeros
Set parameter TimeLimit to value 286.8964917
Warning: unknown variable 'r_max' in bounds section (line 6696)
Warning: unknown variable 'r_min' in bounds section (line 6697)
Read LP format model from file E:\codes\ExactEBRP\results\gf_gurobi_performance_recovery_round29\runs\stage1__V12_M1__c4_candidate__300s\external\models\L2.0.0.lp
Reading time = 0.02 seconds
obj: 6225 rows, 648 columns, 59365 nonzeros
Set parameter TimeLimit to value 286.7379292
Warning: unknown variable 'r_max' in bounds section (line 6696)
Warning: unknown variable 'r_min' in bounds section (line 6697)
Read LP format model from file E:\codes\ExactEBRP\results\gf_gurobi_performance_recovery_round29\runs\stage1__V12_M1__c4_candidate__300s\external\models\L2.0.1.lp
Reading time = 0.02 seconds
obj: 6225 rows, 648 columns, 59365 nonzeros
Set parameter TimeLimit to value 286.5689503
Warning: unknown variable 'r_max' in bounds section (line 6696)
Warning: unknown variable 'r_min' in bounds section (line 6697)
Read LP format model from file E:\codes\ExactEBRP\results\gf_gurobi_performance_recovery_round29\runs\stage1__V12_M1__c4_candidate__300s\external\models\L2.0.0.0.lp
Reading time = 0.02 seconds
obj: 6225 rows, 648 columns, 59365 nonzeros
Set parameter TimeLimit to value 286.4125004
Warning: unknown variable 'r_max' in bounds section (line 6696)
Warning: unknown variable 'r_min' in bounds section (line 6697)
Read LP format model from file E:\codes\ExactEBRP\results\gf_gurobi_performance_recovery_round29\runs\stage1__V12_M1__c4_candidate__300s\external\models\L2.0.0.1.lp
Reading time = 0.01 seconds
obj: 6225 rows, 648 columns, 59365 nonzeros
Set parameter TimeLimit to value 286.2489522
Warning: unknown variable 'r_max' in bounds section (line 6696)
Warning: unknown variable 'r_min' in bounds section (line 6697)
Read LP format model from file E:\codes\ExactEBRP\results\gf_gurobi_performance_recovery_round29\runs\stage1__V12_M1__c4_candidate__300s\external\models\L2.0.0.0.0.lp
Reading time = 0.02 seconds
obj: 6225 rows, 648 columns, 59365 nonzeros
Set parameter TimeLimit to value 286.088507
Warning: unknown variable 'r_max' in bounds section (line 6696)
Warning: unknown variable 'r_min' in bounds section (line 6697)
Read LP format model from file E:\codes\ExactEBRP\results\gf_gurobi_performance_recovery_round29\runs\stage1__V12_M1__c4_candidate__300s\external\models\L2.0.0.0.1.lp
Reading time = 0.02 seconds
obj: 6225 rows, 648 columns, 59365 nonzeros
Set parameter TimeLimit to value 285.9220424
Warning: unknown variable 'r_max' in bounds section (line 6696)
Warning: unknown variable 'r_min' in bounds section (line 6697)
Read LP format model from file E:\codes\ExactEBRP\results\gf_gurobi_performance_recovery_round29\runs\stage1__V12_M1__c4_candidate__300s\external\models\L1.1.1.0.lp
Reading time = 0.02 seconds
obj: 6225 rows, 648 columns, 59365 nonzeros
Set parameter TimeLimit to value 285.7582107
Warning: unknown variable 'r_max' in bounds section (line 6696)
Warning: unknown variable 'r_min' in bounds section (line 6697)
Read LP format model from file E:\codes\ExactEBRP\results\gf_gurobi_performance_recovery_round29\runs\stage1__V12_M1__c4_candidate__300s\external\models\L1.1.1.1.lp
Reading time = 0.02 seconds
obj: 6225 rows, 648 columns, 59365 nonzeros
Set parameter TimeLimit to value 285.6101021
Warning: unknown variable 'r_max' in bounds section (line 6696)
Warning: unknown variable 'r_min' in bounds section (line 6697)
Read LP format model from file E:\codes\ExactEBRP\results\gf_gurobi_performance_recovery_round29\runs\stage1__V12_M1__c4_candidate__300s\external\models\L2.0.0.0.0.0.lp
Reading time = 0.02 seconds
obj: 6225 rows, 648 columns, 59365 nonzeros
Set parameter TimeLimit to value 285.4456159
Warning: unknown variable 'r_max' in bounds section (line 6696)
Warning: unknown variable 'r_min' in bounds section (line 6697)
Read LP format model from file E:\codes\ExactEBRP\results\gf_gurobi_performance_recovery_round29\runs\stage1__V12_M1__c4_candidate__300s\external\models\L2.0.0.0.0.1.lp
Reading time = 0.01 seconds
obj: 6225 rows, 648 columns, 59365 nonzeros
Set parameter TimeLimit to value 285.2781168
Warning: unknown variable 'r_max' in bounds section (line 6696)
Warning: unknown variable 'r_min' in bounds section (line 6697)
Read LP format model from file E:\codes\ExactEBRP\results\gf_gurobi_performance_recovery_round29\runs\stage1__V12_M1__c4_candidate__300s\external\models\L2.0.0.0.1.0.lp
Reading time = 0.02 seconds
obj: 6225 rows, 648 columns, 59365 nonzeros
Set parameter TimeLimit to value 285.1131332
Warning: unknown variable 'r_max' in bounds section (line 6696)
Warning: unknown variable 'r_min' in bounds section (line 6697)
Read LP format model from file E:\codes\ExactEBRP\results\gf_gurobi_performance_recovery_round29\runs\stage1__V12_M1__c4_candidate__300s\external\models\L2.0.0.0.1.1.lp
Reading time = 0.02 seconds
obj: 6225 rows, 648 columns, 59365 nonzeros
Set parameter TimeLimit to value 284.9489821
Warning: unknown variable 'r_max' in bounds section (line 6696)
Warning: unknown variable 'r_min' in bounds section (line 6697)
Read LP format model from file E:\codes\ExactEBRP\results\gf_gurobi_performance_recovery_round29\runs\stage1__V12_M1__c4_candidate__300s\external\models\L2.0.0.0.0.1.0.lp
Reading time = 0.02 seconds
obj: 6225 rows, 648 columns, 59365 nonzeros
Set parameter TimeLimit to value 284.7786124
Warning: unknown variable 'r_max' in bounds section (line 6696)
Warning: unknown variable 'r_min' in bounds section (line 6697)
Read LP format model from file E:\codes\ExactEBRP\results\gf_gurobi_performance_recovery_round29\runs\stage1__V12_M1__c4_candidate__300s\external\models\L2.0.0.0.0.1.1.lp
Reading time = 0.01 seconds
obj: 6225 rows, 648 columns, 59365 nonzeros
Set parameter TimeLimit to value 284.6146049
Warning: unknown variable 'r_max' in bounds section (line 6696)
Warning: unknown variable 'r_min' in bounds section (line 6697)
Read LP format model from file E:\codes\ExactEBRP\results\gf_gurobi_performance_recovery_round29\runs\stage1__V12_M1__c4_candidate__300s\external\models\L2.0.0.0.1.0.0.lp
Reading time = 0.02 seconds
obj: 6225 rows, 648 columns, 59365 nonzeros
Set parameter TimeLimit to value 284.4199079
Warning: unknown variable 'r_max' in bounds section (line 6696)
Warning: unknown variable 'r_min' in bounds section (line 6697)
Read LP format model from file E:\codes\ExactEBRP\results\gf_gurobi_performance_recovery_round29\runs\stage1__V12_M1__c4_candidate__300s\external\models\L2.0.0.0.1.0.1.lp
Reading time = 0.02 seconds
obj: 6225 rows, 648 columns, 59365 nonzeros
Set parameter TimeLimit to value 2.8424116730000003e+02
Warning: unknown variable 'r_max' in bounds section (line 6696)
Warning: unknown variable 'r_min' in bounds section (line 6697)
Read LP format model from file E:\codes\ExactEBRP\results\gf_gurobi_performance_recovery_round29\runs\stage1__V12_M1__c4_candidate__300s\external\models\L2.0.0.0.0.1.0.0.lp
Reading time = 0.01 seconds
obj: 6225 rows, 648 columns, 59365 nonzeros
Set parameter TimeLimit to value 284.0735356
Warning: unknown variable 'r_max' in bounds section (line 6696)
Warning: unknown variable 'r_min' in bounds section (line 6697)
Read LP format model from file E:\codes\ExactEBRP\results\gf_gurobi_performance_recovery_round29\runs\stage1__V12_M1__c4_candidate__300s\external\models\L2.0.0.0.0.1.0.1.lp
Reading time = 0.02 seconds
obj: 6225 rows, 648 columns, 59365 nonzeros
Set parameter TimeLimit to value 283.9077853
Warning: unknown variable 'r_max' in bounds section (line 6696)
Warning: unknown variable 'r_min' in bounds section (line 6697)
Read LP format model from file E:\codes\ExactEBRP\results\gf_gurobi_performance_recovery_round29\runs\stage1__V12_M1__c4_candidate__300s\external\models\L2.0.0.0.0.0.0.lp
Reading time = 0.02 seconds
obj: 6225 rows, 648 columns, 59365 nonzeros
Set parameter TimeLimit to value 283.7383857
Warning: unknown variable 'r_max' in bounds section (line 6696)
Warning: unknown variable 'r_min' in bounds section (line 6697)
Read LP format model from file E:\codes\ExactEBRP\results\gf_gurobi_performance_recovery_round29\runs\stage1__V12_M1__c4_candidate__300s\external\models\L2.0.0.0.0.0.1.lp
Reading time = 0.01 seconds
obj: 6225 rows, 648 columns, 59365 nonzeros
Set parameter TimeLimit to value 283.5737293
Warning: unknown variable 'r_max' in bounds section (line 6696)
Warning: unknown variable 'r_min' in bounds section (line 6697)
Read LP format model from file E:\codes\ExactEBRP\results\gf_gurobi_performance_recovery_round29\runs\stage1__V12_M1__c4_candidate__300s\external\models\L2.0.0.0.0.1.1.0.lp
Reading time = 0.02 seconds
obj: 6225 rows, 648 columns, 59365 nonzeros
Set parameter TimeLimit to value 283.4093341
Warning: unknown variable 'r_max' in bounds section (line 6696)
Warning: unknown variable 'r_min' in bounds section (line 6697)
Read LP format model from file E:\codes\ExactEBRP\results\gf_gurobi_performance_recovery_round29\runs\stage1__V12_M1__c4_candidate__300s\external\models\L2.0.0.0.0.1.1.1.lp
Reading time = 0.02 seconds
obj: 6225 rows, 648 columns, 59365 nonzeros
Set parameter TimeLimit to value 283.2499396
Warning: unknown variable 'r_max' in bounds section (line 6696)
Warning: unknown variable 'r_min' in bounds section (line 6697)
Read LP format model from file E:\codes\ExactEBRP\results\gf_gurobi_performance_recovery_round29\runs\stage1__V12_M1__c4_candidate__300s\external\models\L2.0.0.1.0.lp
Reading time = 0.02 seconds
obj: 6225 rows, 648 columns, 59365 nonzeros
Set parameter TimeLimit to value 283.0834744
Warning: unknown variable 'r_max' in bounds section (line 6696)
Warning: unknown variable 'r_min' in bounds section (line 6697)
Read LP format model from file E:\codes\ExactEBRP\results\gf_gurobi_performance_recovery_round29\runs\stage1__V12_M1__c4_candidate__300s\external\models\L2.0.0.1.1.lp
Reading time = 0.02 seconds
obj: 6225 rows, 648 columns, 59365 nonzeros
Set parameter TimeLimit to value 282.924415
Warning: unknown variable 'r_max' in bounds section (line 6696)
Warning: unknown variable 'r_min' in bounds section (line 6697)
Read LP format model from file E:\codes\ExactEBRP\results\gf_gurobi_performance_recovery_round29\runs\stage1__V12_M1__c4_candidate__300s\external\models\L2.0.0.0.0.1.0.1.0.lp
Reading time = 0.02 seconds
obj: 6225 rows, 648 columns, 59365 nonzeros
Set parameter TimeLimit to value 282.766744
Warning: unknown variable 'r_max' in bounds section (line 6696)
Warning: unknown variable 'r_min' in bounds section (line 6697)
Read LP format model from file E:\codes\ExactEBRP\results\gf_gurobi_performance_recovery_round29\runs\stage1__V12_M1__c4_candidate__300s\external\models\L2.0.0.0.0.1.0.1.1.lp
Reading time = 0.02 seconds
obj: 6225 rows, 648 columns, 59365 nonzeros
Set parameter TimeLimit to value 2.8259478790000003e+02
Warning: unknown variable 'r_max' in bounds section (line 6696)
Warning: unknown variable 'r_min' in bounds section (line 6697)
Read LP format model from file E:\codes\ExactEBRP\results\gf_gurobi_performance_recovery_round29\runs\stage1__V12_M1__c4_candidate__300s\external\models\L2.0.0.0.1.0.0.0.lp
Reading time = 0.02 seconds
obj: 6225 rows, 648 columns, 59365 nonzeros
Set parameter TimeLimit to value 282.4274654
Warning: unknown variable 'r_max' in bounds section (line 6696)
Warning: unknown variable 'r_min' in bounds section (line 6697)
Read LP format model from file E:\codes\ExactEBRP\results\gf_gurobi_performance_recovery_round29\runs\stage1__V12_M1__c4_candidate__300s\external\models\L2.0.0.0.1.0.0.1.lp
Reading time = 0.01 seconds
obj: 6225 rows, 648 columns, 59365 nonzeros
Set parameter TimeLimit to value 282.2618065
Warning: unknown variable 'r_max' in bounds section (line 6696)
Warning: unknown variable 'r_min' in bounds section (line 6697)
Read LP format model from file E:\codes\ExactEBRP\results\gf_gurobi_performance_recovery_round29\runs\stage1__V12_M1__c4_candidate__300s\external\models\L2.0.0.0.0.1.1.0.0.lp
Reading time = 0.02 seconds
obj: 6225 rows, 648 columns, 59365 nonzeros
Set parameter TimeLimit to value 282.0986696
Warning: unknown variable 'r_max' in bounds section (line 6696)
Warning: unknown variable 'r_min' in bounds section (line 6697)
Read LP format model from file E:\codes\ExactEBRP\results\gf_gurobi_performance_recovery_round29\runs\stage1__V12_M1__c4_candidate__300s\external\models\L2.0.0.0.0.1.1.0.1.lp
Reading time = 0.02 seconds
obj: 6225 rows, 648 columns, 59365 nonzeros
Set parameter TimeLimit to value 281.9285108
Warning: unknown variable 'r_max' in bounds section (line 6696)
Warning: unknown variable 'r_min' in bounds section (line 6697)
Read LP format model from file E:\codes\ExactEBRP\results\gf_gurobi_performance_recovery_round29\runs\stage1__V12_M1__c4_candidate__300s\external\models\L2.0.0.0.0.1.1.1.0.lp
Reading time = 0.02 seconds
obj: 6225 rows, 648 columns, 59365 nonzeros
Set parameter TimeLimit to value 281.7508844
Warning: unknown variable 'r_max' in bounds section (line 6696)
Warning: unknown variable 'r_min' in bounds section (line 6697)
Read LP format model from file E:\codes\ExactEBRP\results\gf_gurobi_performance_recovery_round29\runs\stage1__V12_M1__c4_candidate__300s\external\models\L2.0.0.0.0.1.1.1.1.lp
Reading time = 0.02 seconds
obj: 6225 rows, 648 columns, 59365 nonzeros
Set parameter TimeLimit to value 281.5825801
Warning: unknown variable 'r_max' in bounds section (line 6696)
Warning: unknown variable 'r_min' in bounds section (line 6697)
Read LP format model from file E:\codes\ExactEBRP\results\gf_gurobi_performance_recovery_round29\runs\stage1__V12_M1__c4_candidate__300s\external\models\L2.0.0.0.1.1.0.lp
Reading time = 0.02 seconds
obj: 6225 rows, 648 columns, 59365 nonzeros
Set parameter TimeLimit to value 280.9895441
Warning: unknown variable 'r_max' in bounds section (line 6696)
Warning: unknown variable 'r_min' in bounds section (line 6697)
Read LP format model from file E:\codes\ExactEBRP\results\gf_gurobi_performance_recovery_round29\runs\stage1__V12_M1__c4_candidate__300s\external\models\L2.0.0.0.1.1.1.lp
Reading time = 0.02 seconds
obj: 6225 rows, 648 columns, 59365 nonzeros
Set parameter TimeLimit to value 280.8295405
Warning: unknown variable 'r_max' in bounds section (line 6696)
Warning: unknown variable 'r_min' in bounds section (line 6697)
Read LP format model from file E:\codes\ExactEBRP\results\gf_gurobi_performance_recovery_round29\runs\stage1__V12_M1__c4_candidate__300s\external\models\L2.0.0.0.1.0.0.0.0.lp
Reading time = 0.02 seconds
obj: 6225 rows, 648 columns, 59365 nonzeros
Set parameter TimeLimit to value 280.4577285
Warning: unknown variable 'r_max' in bounds section (line 6696)
Warning: unknown variable 'r_min' in bounds section (line 6697)
Read LP format model from file E:\codes\ExactEBRP\results\gf_gurobi_performance_recovery_round29\runs\stage1__V12_M1__c4_candidate__300s\external\models\L2.0.0.0.1.0.0.0.1.lp
Reading time = 0.02 seconds
obj: 6225 rows, 648 columns, 59365 nonzeros
Set parameter TimeLimit to value 280.2927913
Warning: unknown variable 'r_max' in bounds section (line 6696)
Warning: unknown variable 'r_min' in bounds section (line 6697)
Read LP format model from file E:\codes\ExactEBRP\results\gf_gurobi_performance_recovery_round29\runs\stage1__V12_M1__c4_candidate__300s\external\models\L2.0.0.0.0.1.0.0.0.lp
Reading time = 0.02 seconds
obj: 6225 rows, 648 columns, 59365 nonzeros
Set parameter TimeLimit to value 279.8991593
Warning: unknown variable 'r_max' in bounds section (line 6696)
Warning: unknown variable 'r_min' in bounds section (line 6697)
Read LP format model from file E:\codes\ExactEBRP\results\gf_gurobi_performance_recovery_round29\runs\stage1__V12_M1__c4_candidate__300s\external\models\L2.0.0.0.0.1.0.0.1.lp
Reading time = 0.02 seconds
obj: 6225 rows, 648 columns, 59365 nonzeros
Set parameter TimeLimit to value 279.7408909
Warning: unknown variable 'r_max' in bounds section (line 6696)
Warning: unknown variable 'r_min' in bounds section (line 6697)
Read LP format model from file E:\codes\ExactEBRP\results\gf_gurobi_performance_recovery_round29\runs\stage1__V12_M1__c4_candidate__300s\external\models\L2.0.0.0.1.0.1.0.lp
Reading time = 0.02 seconds
obj: 6225 rows, 648 columns, 59365 nonzeros
Set parameter TimeLimit to value 279.1451896
Warning: unknown variable 'r_max' in bounds section (line 6696)
Warning: unknown variable 'r_min' in bounds section (line 6697)
Read LP format model from file E:\codes\ExactEBRP\results\gf_gurobi_performance_recovery_round29\runs\stage1__V12_M1__c4_candidate__300s\external\models\L2.0.0.0.1.0.1.1.lp
Reading time = 0.02 seconds
obj: 6225 rows, 648 columns, 59365 nonzeros
Set parameter TimeLimit to value 278.9838168
Warning: unknown variable 'r_max' in bounds section (line 6696)
Warning: unknown variable 'r_min' in bounds section (line 6697)
Read LP format model from file E:\codes\ExactEBRP\results\gf_gurobi_performance_recovery_round29\runs\stage1__V12_M1__c4_candidate__300s\external\models\L2.0.0.0.0.0.1.0.lp
Reading time = 0.01 seconds
obj: 6225 rows, 648 columns, 59365 nonzeros
Set parameter TimeLimit to value 278.828078
Warning: unknown variable 'r_max' in bounds section (line 6696)
Warning: unknown variable 'r_min' in bounds section (line 6697)
Read LP format model from file E:\codes\ExactEBRP\results\gf_gurobi_performance_recovery_round29\runs\stage1__V12_M1__c4_candidate__300s\external\models\L2.0.0.0.0.0.1.1.lp
Reading time = 0.01 seconds
obj: 6225 rows, 648 columns, 59365 nonzeros
Set parameter TimeLimit to value 278.6674949
Warning: unknown variable 'r_max' in bounds section (line 6696)
Warning: unknown variable 'r_min' in bounds section (line 6697)
Read LP format model from file E:\codes\ExactEBRP\results\gf_gurobi_performance_recovery_round29\runs\stage1__V12_M1__c4_candidate__300s\external\models\L2.0.0.0.1.0.0.1.0.lp
Reading time = 0.02 seconds
obj: 6225 rows, 648 columns, 59365 nonzeros
Set parameter TimeLimit to value 278.0759454
Warning: unknown variable 'r_max' in bounds section (line 6696)
Warning: unknown variable 'r_min' in bounds section (line 6697)
Read LP format model from file E:\codes\ExactEBRP\results\gf_gurobi_performance_recovery_round29\runs\stage1__V12_M1__c4_candidate__300s\external\models\L2.0.0.0.1.0.0.1.1.lp
Reading time = 0.01 seconds
obj: 6225 rows, 648 columns, 59365 nonzeros
Set parameter TimeLimit to value 277.9128475
Warning: unknown variable 'r_max' in bounds section (line 6696)
Warning: unknown variable 'r_min' in bounds section (line 6697)
Read LP format model from file E:\codes\ExactEBRP\results\gf_gurobi_performance_recovery_round29\runs\stage1__V12_M1__c4_candidate__300s\external\models\L2.0.0.1.0.0.lp
Reading time = 0.02 seconds
obj: 6225 rows, 648 columns, 59365 nonzeros
Set parameter TimeLimit to value 277.1128667
Warning: unknown variable 'r_max' in bounds section (line 6696)
Warning: unknown variable 'r_min' in bounds section (line 6697)
Read LP format model from file E:\codes\ExactEBRP\results\gf_gurobi_performance_recovery_round29\runs\stage1__V12_M1__c4_candidate__300s\external\models\L2.0.0.1.0.1.lp
Reading time = 0.02 seconds
obj: 6225 rows, 648 columns, 59365 nonzeros
Set parameter TimeLimit to value 276.9476404
Warning: unknown variable 'r_max' in bounds section (line 6696)
Warning: unknown variable 'r_min' in bounds section (line 6697)
Read LP format model from file E:\codes\ExactEBRP\results\gf_gurobi_performance_recovery_round29\runs\stage1__V12_M1__c4_candidate__300s\external\models\L2.0.0.0.1.0.1.0.0.lp
Reading time = 0.02 seconds
obj: 6225 rows, 648 columns, 59365 nonzeros
Set parameter TimeLimit to value 2.7634927319999997e+02
Warning: unknown variable 'r_max' in bounds section (line 6696)
Warning: unknown variable 'r_min' in bounds section (line 6697)
Read LP format model from file E:\codes\ExactEBRP\results\gf_gurobi_performance_recovery_round29\runs\stage1__V12_M1__c4_candidate__300s\external\models\L2.0.0.0.1.0.1.0.1.lp
Reading time = 0.01 seconds
obj: 6225 rows, 648 columns, 59365 nonzeros
Set parameter TimeLimit to value 276.1885297
Warning: unknown variable 'r_max' in bounds section (line 6696)
Warning: unknown variable 'r_min' in bounds section (line 6697)
Read LP format model from file E:\codes\ExactEBRP\results\gf_gurobi_performance_recovery_round29\runs\stage1__V12_M1__c4_candidate__300s\external\models\L2.0.0.0.1.1.0.0.lp
Reading time = 0.01 seconds
obj: 6225 rows, 648 columns, 59365 nonzeros
Set parameter TimeLimit to value 275.3864586
Warning: unknown variable 'r_max' in bounds section (line 6696)
Warning: unknown variable 'r_min' in bounds section (line 6697)
Read LP format model from file E:\codes\ExactEBRP\results\gf_gurobi_performance_recovery_round29\runs\stage1__V12_M1__c4_candidate__300s\external\models\L2.0.0.0.1.1.0.1.lp
Reading time = 0.02 seconds
obj: 6225 rows, 648 columns, 59365 nonzeros
Set parameter TimeLimit to value 275.2277353
Warning: unknown variable 'r_max' in bounds section (line 6696)
Warning: unknown variable 'r_min' in bounds section (line 6697)
Read LP format model from file E:\codes\ExactEBRP\results\gf_gurobi_performance_recovery_round29\runs\stage1__V12_M1__c4_candidate__300s\external\models\L2.0.0.0.0.0.1.1.0.lp
Reading time = 0.02 seconds
obj: 6225 rows, 648 columns, 59365 nonzeros
Set parameter TimeLimit to value 275.0653701
Warning: unknown variable 'r_max' in bounds section (line 6696)
Warning: unknown variable 'r_min' in bounds section (line 6697)
Read LP format model from file E:\codes\ExactEBRP\results\gf_gurobi_performance_recovery_round29\runs\stage1__V12_M1__c4_candidate__300s\external\models\L2.0.0.0.0.0.1.1.1.lp
Reading time = 0.01 seconds
obj: 6225 rows, 648 columns, 59365 nonzeros
Set parameter TimeLimit to value 2.7490200649999997e+02
Warning: unknown variable 'r_max' in bounds section (line 6696)
Warning: unknown variable 'r_min' in bounds section (line 6697)
Read LP format model from file E:\codes\ExactEBRP\results\gf_gurobi_performance_recovery_round29\runs\stage1__V12_M1__c4_candidate__300s\external\models\L2.0.0.0.1.0.1.1.0.lp
Reading time = 0.02 seconds
obj: 6225 rows, 648 columns, 59365 nonzeros
Set parameter TimeLimit to value 274.2777611
Warning: unknown variable 'r_max' in bounds section (line 6696)
Warning: unknown variable 'r_min' in bounds section (line 6697)
Read LP format model from file E:\codes\ExactEBRP\results\gf_gurobi_performance_recovery_round29\runs\stage1__V12_M1__c4_candidate__300s\external\models\L2.0.0.0.1.0.1.1.1.lp
Reading time = 0.01 seconds
obj: 6225 rows, 648 columns, 59365 nonzeros
Set parameter TimeLimit to value 274.117524
Warning: unknown variable 'r_max' in bounds section (line 6696)
Warning: unknown variable 'r_min' in bounds section (line 6697)
Read LP format model from file E:\codes\ExactEBRP\results\gf_gurobi_performance_recovery_round29\runs\stage1__V12_M1__c4_candidate__300s\external\models\L2.0.0.0.1.1.0.0.0.lp
Reading time = 0.02 seconds
obj: 6225 rows, 648 columns, 59365 nonzeros
Set parameter TimeLimit to value 272.8979403
Warning: unknown variable 'r_max' in bounds section (line 6696)
Warning: unknown variable 'r_min' in bounds section (line 6697)
Read LP format model from file E:\codes\ExactEBRP\results\gf_gurobi_performance_recovery_round29\runs\stage1__V12_M1__c4_candidate__300s\external\models\L2.0.0.0.1.1.0.0.1.lp
Reading time = 0.02 seconds
obj: 6225 rows, 648 columns, 59365 nonzeros
Set parameter TimeLimit to value 272.7369185
Warning: unknown variable 'r_max' in bounds section (line 6696)
Warning: unknown variable 'r_min' in bounds section (line 6697)
Read LP format model from file E:\codes\ExactEBRP\results\gf_gurobi_performance_recovery_round29\runs\stage1__V12_M1__c4_candidate__300s\external\models\L2.0.0.1.0.0.0.lp
Reading time = 0.02 seconds
obj: 6225 rows, 648 columns, 59365 nonzeros
Set parameter TimeLimit to value 272.0728017
Warning: unknown variable 'r_max' in bounds section (line 6696)
Warning: unknown variable 'r_min' in bounds section (line 6697)
Read LP format model from file E:\codes\ExactEBRP\results\gf_gurobi_performance_recovery_round29\runs\stage1__V12_M1__c4_candidate__300s\external\models\L2.0.0.1.0.0.1.lp
Reading time = 0.01 seconds
obj: 6225 rows, 648 columns, 59365 nonzeros
Set parameter TimeLimit to value 271.9088435
Warning: unknown variable 'r_max' in bounds section (line 6696)
Warning: unknown variable 'r_min' in bounds section (line 6697)
Read LP format model from file E:\codes\ExactEBRP\results\gf_gurobi_performance_recovery_round29\runs\stage1__V12_M1__c4_candidate__300s\external\models\L2.0.0.0.1.1.1.0.lp
Reading time = 0.01 seconds
obj: 6225 rows, 648 columns, 59365 nonzeros
Set parameter TimeLimit to value 271.262317
Warning: unknown variable 'r_max' in bounds section (line 6696)
Warning: unknown variable 'r_min' in bounds section (line 6697)
Read LP format model from file E:\codes\ExactEBRP\results\gf_gurobi_performance_recovery_round29\runs\stage1__V12_M1__c4_candidate__300s\external\models\L2.0.0.0.1.1.1.1.lp
Reading time = 0.01 seconds
obj: 6225 rows, 648 columns, 59365 nonzeros
Set parameter TimeLimit to value 271.1039459
Warning: unknown variable 'r_max' in bounds section (line 6696)
Warning: unknown variable 'r_min' in bounds section (line 6697)
Read LP format model from file E:\codes\ExactEBRP\results\gf_gurobi_performance_recovery_round29\runs\stage1__V12_M1__c4_candidate__300s\external\models\L2.0.0.0.1.1.0.1.0.lp
Reading time = 0.02 seconds
obj: 6225 rows, 648 columns, 59365 nonzeros
Set parameter TimeLimit to value 270.7380002
Warning: unknown variable 'r_max' in bounds section (line 6696)
Warning: unknown variable 'r_min' in bounds section (line 6697)
Read LP format model from file E:\codes\ExactEBRP\results\gf_gurobi_performance_recovery_round29\runs\stage1__V12_M1__c4_candidate__300s\external\models\L2.0.0.0.1.1.0.1.1.lp
Reading time = 0.02 seconds
obj: 6225 rows, 648 columns, 59365 nonzeros
Set parameter TimeLimit to value 270.5772447
Warning: unknown variable 'r_max' in bounds section (line 6696)
Warning: unknown variable 'r_min' in bounds section (line 6697)
Read LP format model from file E:\codes\ExactEBRP\results\gf_gurobi_performance_recovery_round29\runs\stage1__V12_M1__c4_candidate__300s\external\models\L2.0.0.0.1.1.1.0.0.lp
Reading time = 0.01 seconds
obj: 6225 rows, 648 columns, 59365 nonzeros
Set parameter TimeLimit to value 269.318356
Warning: unknown variable 'r_max' in bounds section (line 6696)
Warning: unknown variable 'r_min' in bounds section (line 6697)
Read LP format model from file E:\codes\ExactEBRP\results\gf_gurobi_performance_recovery_round29\runs\stage1__V12_M1__c4_candidate__300s\external\models\L2.0.0.0.1.1.1.0.1.lp
Reading time = 0.02 seconds
obj: 6225 rows, 648 columns, 59365 nonzeros
Set parameter TimeLimit to value 269.1581041
Warning: unknown variable 'r_max' in bounds section (line 6696)
Warning: unknown variable 'r_min' in bounds section (line 6697)
Read LP format model from file E:\codes\ExactEBRP\results\gf_gurobi_performance_recovery_round29\runs\stage1__V12_M1__c4_candidate__300s\external\models\L2.0.0.0.0.0.1.0.0.lp
Reading time = 0.02 seconds
obj: 6225 rows, 648 columns, 59365 nonzeros
Set parameter TimeLimit to value 268.9981417
Warning: unknown variable 'r_max' in bounds section (line 6696)
Warning: unknown variable 'r_min' in bounds section (line 6697)
Read LP format model from file E:\codes\ExactEBRP\results\gf_gurobi_performance_recovery_round29\runs\stage1__V12_M1__c4_candidate__300s\external\models\L2.0.0.0.0.0.1.0.1.lp
Reading time = 0.02 seconds
obj: 6225 rows, 648 columns, 59365 nonzeros
Set parameter TimeLimit to value 2.6883653879999997e+02
Warning: unknown variable 'r_max' in bounds section (line 6696)
Warning: unknown variable 'r_min' in bounds section (line 6697)
Read LP format model from file E:\codes\ExactEBRP\results\gf_gurobi_performance_recovery_round29\runs\stage1__V12_M1__c4_candidate__300s\external\models\L2.0.0.1.0.0.0.0.lp
Reading time = 0.02 seconds
obj: 6225 rows, 648 columns, 59365 nonzeros
Set parameter TimeLimit to value 267.6086388
Warning: unknown variable 'r_max' in bounds section (line 6696)
Warning: unknown variable 'r_min' in bounds section (line 6697)
Read LP format model from file E:\codes\ExactEBRP\results\gf_gurobi_performance_recovery_round29\runs\stage1__V12_M1__c4_candidate__300s\external\models\L2.0.0.1.0.0.0.1.lp
Reading time = 0.02 seconds
obj: 6225 rows, 648 columns, 59365 nonzeros
Set parameter TimeLimit to value 267.445376
Warning: unknown variable 'r_max' in bounds section (line 6696)
Warning: unknown variable 'r_min' in bounds section (line 6697)
Read LP format model from file E:\codes\ExactEBRP\results\gf_gurobi_performance_recovery_round29\runs\stage1__V12_M1__c4_candidate__300s\external\models\L2.0.0.0.1.1.1.1.0.lp
Reading time = 0.02 seconds
obj: 6225 rows, 648 columns, 59365 nonzeros
Set parameter TimeLimit to value 267.071106
Warning: unknown variable 'r_max' in bounds section (line 6696)
Warning: unknown variable 'r_min' in bounds section (line 6697)
Read LP format model from file E:\codes\ExactEBRP\results\gf_gurobi_performance_recovery_round29\runs\stage1__V12_M1__c4_candidate__300s\external\models\L2.0.0.0.1.1.1.1.1.lp
Reading time = 0.02 seconds
obj: 6225 rows, 648 columns, 59365 nonzeros
Set parameter TimeLimit to value 266.9081351
Warning: unknown variable 'r_max' in bounds section (line 6696)
Warning: unknown variable 'r_min' in bounds section (line 6697)
Read LP format model from file E:\codes\ExactEBRP\results\gf_gurobi_performance_recovery_round29\runs\stage1__V12_M1__c4_candidate__300s\external\models\L2.0.0.1.0.0.0.0.0.lp
Reading time = 0.01 seconds
obj: 6225 rows, 648 columns, 59365 nonzeros
Set parameter TimeLimit to value 265.499374
Warning: unknown variable 'r_max' in bounds section (line 6696)
Warning: unknown variable 'r_min' in bounds section (line 6697)
Read LP format model from file E:\codes\ExactEBRP\results\gf_gurobi_performance_recovery_round29\runs\stage1__V12_M1__c4_candidate__300s\external\models\L2.0.0.1.0.0.0.0.1.lp
Reading time = 0.01 seconds
obj: 6225 rows, 648 columns, 59365 nonzeros
Set parameter TimeLimit to value 265.336469
Warning: unknown variable 'r_max' in bounds section (line 6696)
Warning: unknown variable 'r_min' in bounds section (line 6697)
Read LP format model from file E:\codes\ExactEBRP\results\gf_gurobi_performance_recovery_round29\runs\stage1__V12_M1__c4_candidate__300s\external\models\L1.1.1.1.0.lp
Reading time = 0.01 seconds
obj: 6225 rows, 648 columns, 59365 nonzeros
Set parameter TimeLimit to value 264.6173921
Warning: unknown variable 'r_max' in bounds section (line 6696)
Warning: unknown variable 'r_min' in bounds section (line 6697)
Read LP format model from file E:\codes\ExactEBRP\results\gf_gurobi_performance_recovery_round29\runs\stage1__V12_M1__c4_candidate__300s\external\models\L1.1.1.1.1.lp
Reading time = 0.01 seconds
obj: 6225 rows, 648 columns, 59365 nonzeros
Set parameter TimeLimit to value 264.4678718
Warning: unknown variable 'r_max' in bounds section (line 6696)
Warning: unknown variable 'r_min' in bounds section (line 6697)
Read LP format model from file E:\codes\ExactEBRP\results\gf_gurobi_performance_recovery_round29\runs\stage1__V12_M1__c4_candidate__300s\external\models\L2.0.0.1.0.0.1.0.lp
Reading time = 0.02 seconds
obj: 6225 rows, 648 columns, 59365 nonzeros
Set parameter TimeLimit to value 263.7804976
Warning: unknown variable 'r_max' in bounds section (line 6696)
Warning: unknown variable 'r_min' in bounds section (line 6697)
Read LP format model from file E:\codes\ExactEBRP\results\gf_gurobi_performance_recovery_round29\runs\stage1__V12_M1__c4_candidate__300s\external\models\L2.0.0.1.0.0.1.1.lp
Reading time = 0.01 seconds
obj: 6225 rows, 648 columns, 59365 nonzeros
Set parameter TimeLimit to value 263.623459
Warning: unknown variable 'r_max' in bounds section (line 6696)
Warning: unknown variable 'r_min' in bounds section (line 6697)
Read LP format model from file E:\codes\ExactEBRP\results\gf_gurobi_performance_recovery_round29\runs\stage1__V12_M1__c4_candidate__300s\external\models\L2.0.0.1.0.0.0.1.0.lp
Reading time = 0.02 seconds
obj: 6225 rows, 648 columns, 59365 nonzeros
Set parameter TimeLimit to value 263.4647654
Warning: unknown variable 'r_max' in bounds section (line 6696)
Warning: unknown variable 'r_min' in bounds section (line 6697)
Read LP format model from file E:\codes\ExactEBRP\results\gf_gurobi_performance_recovery_round29\runs\stage1__V12_M1__c4_candidate__300s\external\models\L2.0.0.1.0.0.0.1.1.lp
Reading time = 0.01 seconds
obj: 6225 rows, 648 columns, 59365 nonzeros
Set parameter TimeLimit to value 263.3012188
Warning: unknown variable 'r_max' in bounds section (line 6696)
Warning: unknown variable 'r_min' in bounds section (line 6697)
Read LP format model from file E:\codes\ExactEBRP\results\gf_gurobi_performance_recovery_round29\runs\stage1__V12_M1__c4_candidate__300s\external\models\L2.0.0.1.0.0.1.0.0.lp
Reading time = 0.02 seconds
obj: 6225 rows, 648 columns, 59365 nonzeros
Set parameter TimeLimit to value 261.6315741
Warning: unknown variable 'r_max' in bounds section (line 6696)
Warning: unknown variable 'r_min' in bounds section (line 6697)
Read LP format model from file E:\codes\ExactEBRP\results\gf_gurobi_performance_recovery_round29\runs\stage1__V12_M1__c4_candidate__300s\external\models\L2.0.0.1.0.0.1.0.1.lp
Reading time = 0.01 seconds
obj: 6225 rows, 648 columns, 59365 nonzeros
Set parameter TimeLimit to value 261.4753183
Warning: unknown variable 'r_max' in bounds section (line 6696)
Warning: unknown variable 'r_min' in bounds section (line 6697)
Read LP format model from file E:\codes\ExactEBRP\results\gf_gurobi_performance_recovery_round29\runs\stage1__V12_M1__c4_candidate__300s\external\models\L2.0.0.1.0.0.1.1.0.lp
Reading time = 0.01 seconds
obj: 6225 rows, 648 columns, 59365 nonzeros
Set parameter TimeLimit to value 258.7751606
Warning: unknown variable 'r_max' in bounds section (line 6696)
Warning: unknown variable 'r_min' in bounds section (line 6697)
Read LP format model from file E:\codes\ExactEBRP\results\gf_gurobi_performance_recovery_round29\runs\stage1__V12_M1__c4_candidate__300s\external\models\L2.0.0.1.0.0.1.1.1.lp
Reading time = 0.01 seconds
obj: 6225 rows, 648 columns, 59365 nonzeros
Set parameter TimeLimit to value 258.6153033
Warning: unknown variable 'r_max' in bounds section (line 6696)
Warning: unknown variable 'r_min' in bounds section (line 6697)
Read LP format model from file E:\codes\ExactEBRP\results\gf_gurobi_performance_recovery_round29\runs\stage1__V12_M1__c4_candidate__300s\external\models\L2.0.0.1.0.1.0.lp
Reading time = 0.02 seconds
obj: 6225 rows, 648 columns, 59365 nonzeros
Set parameter TimeLimit to value 258.4549245
Warning: unknown variable 'r_max' in bounds section (line 6696)
Warning: unknown variable 'r_min' in bounds section (line 6697)
Read LP format model from file E:\codes\ExactEBRP\results\gf_gurobi_performance_recovery_round29\runs\stage1__V12_M1__c4_candidate__300s\external\models\L2.0.0.1.0.1.1.lp
Reading time = 0.02 seconds
obj: 6225 rows, 648 columns, 59365 nonzeros
Set parameter TimeLimit to value 258.2955013
Warning: unknown variable 'r_max' in bounds section (line 6696)
Warning: unknown variable 'r_min' in bounds section (line 6697)
Read LP format model from file E:\codes\ExactEBRP\results\gf_gurobi_performance_recovery_round29\runs\stage1__V12_M1__c4_candidate__300s\external\models\L2.0.0.1.0.1.0.0.lp
Reading time = 0.02 seconds
obj: 6225 rows, 648 columns, 59365 nonzeros
Set parameter TimeLimit to value 256.6130304
Warning: unknown variable 'r_max' in bounds section (line 6696)
Warning: unknown variable 'r_min' in bounds section (line 6697)
Read LP format model from file E:\codes\ExactEBRP\results\gf_gurobi_performance_recovery_round29\runs\stage1__V12_M1__c4_candidate__300s\external\models\L2.0.0.1.0.1.0.1.lp
Reading time = 0.02 seconds
obj: 6225 rows, 648 columns, 59365 nonzeros
Set parameter TimeLimit to value 256.4542904
Warning: unknown variable 'r_max' in bounds section (line 6696)
Warning: unknown variable 'r_min' in bounds section (line 6697)
Read LP format model from file E:\codes\ExactEBRP\results\gf_gurobi_performance_recovery_round29\runs\stage1__V12_M1__c4_candidate__300s\external\models\L2.0.0.1.0.1.0.0.0.lp
Reading time = 0.01 seconds
obj: 6225 rows, 648 columns, 59365 nonzeros
Set parameter TimeLimit to value 256.2939565
Warning: unknown variable 'r_max' in bounds section (line 6696)
Warning: unknown variable 'r_min' in bounds section (line 6697)
Read LP format model from file E:\codes\ExactEBRP\results\gf_gurobi_performance_recovery_round29\runs\stage1__V12_M1__c4_candidate__300s\external\models\L2.0.0.1.0.1.0.0.1.lp
Reading time = 0.02 seconds
obj: 6225 rows, 648 columns, 59365 nonzeros
Set parameter TimeLimit to value 256.1382684
Warning: unknown variable 'r_max' in bounds section (line 6696)
Warning: unknown variable 'r_min' in bounds section (line 6697)
Read LP format model from file E:\codes\ExactEBRP\results\gf_gurobi_performance_recovery_round29\runs\stage1__V12_M1__c4_candidate__300s\external\models\L2.0.0.0.0.0.0.0.lp
Reading time = 0.01 seconds
obj: 6225 rows, 648 columns, 59365 nonzeros
Set parameter TimeLimit to value 2.5598179879999998e+02
Warning: unknown variable 'r_max' in bounds section (line 6696)
Warning: unknown variable 'r_min' in bounds section (line 6697)
Read LP format model from file E:\codes\ExactEBRP\results\gf_gurobi_performance_recovery_round29\runs\stage1__V12_M1__c4_candidate__300s\external\models\L2.0.0.0.0.0.0.1.lp
Reading time = 0.02 seconds
obj: 6225 rows, 648 columns, 59365 nonzeros
Set parameter TimeLimit to value 2.5581973800000003e+02
Warning: unknown variable 'r_max' in bounds section (line 6696)
Warning: unknown variable 'r_min' in bounds section (line 6697)
Read LP format model from file E:\codes\ExactEBRP\results\gf_gurobi_performance_recovery_round29\runs\stage1__V12_M1__c4_candidate__300s\external\models\L2.0.0.0.0.0.0.1.0.lp
Reading time = 0.02 seconds
obj: 6225 rows, 648 columns, 59365 nonzeros
Set parameter TimeLimit to value 2.5401981690000002e+02
Warning: unknown variable 'r_max' in bounds section (line 6696)
Warning: unknown variable 'r_min' in bounds section (line 6697)
Read LP format model from file E:\codes\ExactEBRP\results\gf_gurobi_performance_recovery_round29\runs\stage1__V12_M1__c4_candidate__300s\external\models\L2.0.0.0.0.0.0.1.1.lp
Reading time = 0.02 seconds
obj: 6225 rows, 648 columns, 59365 nonzeros
Set parameter TimeLimit to value 253.8516323
Warning: unknown variable 'r_max' in bounds section (line 6696)
Warning: unknown variable 'r_min' in bounds section (line 6697)
Read LP format model from file E:\codes\ExactEBRP\results\gf_gurobi_performance_recovery_round29\runs\stage1__V12_M1__c4_candidate__300s\external\models\L2.0.0.1.0.1.0.1.0.lp
Reading time = 0.02 seconds
obj: 6225 rows, 648 columns, 59365 nonzeros
Set parameter TimeLimit to value 253.6876314
Warning: unknown variable 'r_max' in bounds section (line 6696)
Warning: unknown variable 'r_min' in bounds section (line 6697)
Read LP format model from file E:\codes\ExactEBRP\results\gf_gurobi_performance_recovery_round29\runs\stage1__V12_M1__c4_candidate__300s\external\models\L2.0.0.1.0.1.0.1.1.lp
Reading time = 0.02 seconds
obj: 6225 rows, 648 columns, 59365 nonzeros
Set parameter TimeLimit to value 2.5353366060000002e+02
Warning: unknown variable 'r_max' in bounds section (line 6696)
Warning: unknown variable 'r_min' in bounds section (line 6697)
Read LP format model from file E:\codes\ExactEBRP\results\gf_gurobi_performance_recovery_round29\runs\stage1__V12_M1__c4_candidate__300s\external\models\L2.0.0.1.0.1.1.0.lp
Reading time = 0.01 seconds
obj: 6225 rows, 648 columns, 59365 nonzeros
Set parameter TimeLimit to value 2.5103836639999997e+02
Warning: unknown variable 'r_max' in bounds section (line 6696)
Warning: unknown variable 'r_min' in bounds section (line 6697)
Read LP format model from file E:\codes\ExactEBRP\results\gf_gurobi_performance_recovery_round29\runs\stage1__V12_M1__c4_candidate__300s\external\models\L2.0.0.1.0.1.1.1.lp
Reading time = 0.02 seconds
obj: 6225 rows, 648 columns, 59365 nonzeros
Set parameter TimeLimit to value 250.8811546
Warning: unknown variable 'r_max' in bounds section (line 6696)
Warning: unknown variable 'r_min' in bounds section (line 6697)
Read LP format model from file E:\codes\ExactEBRP\results\gf_gurobi_performance_recovery_round29\runs\stage1__V12_M1__c4_candidate__300s\external\models\L2.0.0.1.0.1.1.0.0.lp
Reading time = 0.02 seconds
obj: 6225 rows, 648 columns, 59365 nonzeros
Set parameter TimeLimit to value 2.5072053499999998e+02
Warning: unknown variable 'r_max' in bounds section (line 6696)
Warning: unknown variable 'r_min' in bounds section (line 6697)
Read LP format model from file E:\codes\ExactEBRP\results\gf_gurobi_performance_recovery_round29\runs\stage1__V12_M1__c4_candidate__300s\external\models\L2.0.0.1.0.1.1.0.1.lp
Reading time = 0.01 seconds
obj: 6225 rows, 648 columns, 59365 nonzeros
Set parameter TimeLimit to value 250.5604961
Warning: unknown variable 'r_max' in bounds section (line 6696)
Warning: unknown variable 'r_min' in bounds section (line 6697)
Read LP format model from file E:\codes\ExactEBRP\results\gf_gurobi_performance_recovery_round29\runs\stage1__V12_M1__c4_candidate__300s\external\models\L2.0.0.1.1.0.lp
Reading time = 0.02 seconds
obj: 6225 rows, 648 columns, 59365 nonzeros
Set parameter TimeLimit to value 2.4929659420000002e+02
Warning: unknown variable 'r_max' in bounds section (line 6696)
Warning: unknown variable 'r_min' in bounds section (line 6697)
Read LP format model from file E:\codes\ExactEBRP\results\gf_gurobi_performance_recovery_round29\runs\stage1__V12_M1__c4_candidate__300s\external\models\L2.0.0.1.1.1.lp
Reading time = 0.01 seconds
obj: 6225 rows, 648 columns, 59365 nonzeros
Set parameter TimeLimit to value 249.1320103
Warning: unknown variable 'r_max' in bounds section (line 6696)
Warning: unknown variable 'r_min' in bounds section (line 6697)
Read LP format model from file E:\codes\ExactEBRP\results\gf_gurobi_performance_recovery_round29\runs\stage1__V12_M1__c4_candidate__300s\external\models\L2.0.0.1.0.1.1.1.0.lp
Reading time = 0.02 seconds
obj: 6225 rows, 648 columns, 59365 nonzeros
Set parameter TimeLimit to value 247.9908644
Warning: unknown variable 'r_max' in bounds section (line 6696)
Warning: unknown variable 'r_min' in bounds section (line 6697)
Read LP format model from file E:\codes\ExactEBRP\results\gf_gurobi_performance_recovery_round29\runs\stage1__V12_M1__c4_candidate__300s\external\models\L2.0.0.1.0.1.1.1.1.lp
Reading time = 0.02 seconds
obj: 6225 rows, 648 columns, 59365 nonzeros
Set parameter TimeLimit to value 247.8259401
Warning: unknown variable 'r_max' in bounds section (line 6696)
Warning: unknown variable 'r_min' in bounds section (line 6697)
Read LP format model from file E:\codes\ExactEBRP\results\gf_gurobi_performance_recovery_round29\runs\stage1__V12_M1__c4_candidate__300s\external\models\L2.0.0.1.1.0.0.lp
Reading time = 0.01 seconds
obj: 6225 rows, 648 columns, 59365 nonzeros
Set parameter TimeLimit to value 246.3804086
Warning: unknown variable 'r_max' in bounds section (line 6696)
Warning: unknown variable 'r_min' in bounds section (line 6697)
Read LP format model from file E:\codes\ExactEBRP\results\gf_gurobi_performance_recovery_round29\runs\stage1__V12_M1__c4_candidate__300s\external\models\L2.0.0.1.1.0.1.lp
Reading time = 0.01 seconds
obj: 6225 rows, 648 columns, 59365 nonzeros
Set parameter TimeLimit to value 246.2208435
Warning: unknown variable 'r_max' in bounds section (line 6696)
Warning: unknown variable 'r_min' in bounds section (line 6697)
Read LP format model from file E:\codes\ExactEBRP\results\gf_gurobi_performance_recovery_round29\runs\stage1__V12_M1__c4_candidate__300s\external\models\L2.0.0.1.1.0.0.0.lp
Reading time = 0.02 seconds
obj: 6225 rows, 648 columns, 59365 nonzeros
Set parameter TimeLimit to value 242.6660769
Warning: unknown variable 'r_max' in bounds section (line 6696)
Warning: unknown variable 'r_min' in bounds section (line 6697)
Read LP format model from file E:\codes\ExactEBRP\results\gf_gurobi_performance_recovery_round29\runs\stage1__V12_M1__c4_candidate__300s\external\models\L2.0.0.1.1.0.0.1.lp
Reading time = 0.01 seconds
obj: 6225 rows, 648 columns, 59365 nonzeros
Set parameter TimeLimit to value 242.5082451
Warning: unknown variable 'r_max' in bounds section (line 6696)
Warning: unknown variable 'r_min' in bounds section (line 6697)
Read LP format model from file E:\codes\ExactEBRP\results\gf_gurobi_performance_recovery_round29\runs\stage1__V12_M1__c4_candidate__300s\external\models\L2.0.0.1.1.0.0.0.0.lp
Reading time = 0.01 seconds
obj: 6225 rows, 648 columns, 59365 nonzeros
Set parameter TimeLimit to value 242.1304489
Warning: unknown variable 'r_max' in bounds section (line 6696)
Warning: unknown variable 'r_min' in bounds section (line 6697)
Read LP format model from file E:\codes\ExactEBRP\results\gf_gurobi_performance_recovery_round29\runs\stage1__V12_M1__c4_candidate__300s\external\models\L2.0.0.1.1.0.0.0.1.lp
Reading time = 0.02 seconds
obj: 6225 rows, 648 columns, 59365 nonzeros
Set parameter TimeLimit to value 241.9745213
Warning: unknown variable 'r_max' in bounds section (line 6696)
Warning: unknown variable 'r_min' in bounds section (line 6697)
Read LP format model from file E:\codes\ExactEBRP\results\gf_gurobi_performance_recovery_round29\runs\stage1__V12_M1__c4_candidate__300s\external\models\L1.1.1.1.1.0.lp
Reading time = 0.02 seconds
obj: 6225 rows, 648 columns, 59365 nonzeros
Set parameter TimeLimit to value 2.3677735239999998e+02
Warning: unknown variable 'r_max' in bounds section (line 6696)
Warning: unknown variable 'r_min' in bounds section (line 6697)
Read LP format model from file E:\codes\ExactEBRP\results\gf_gurobi_performance_recovery_round29\runs\stage1__V12_M1__c4_candidate__300s\external\models\L1.1.1.1.1.1.lp
Reading time = 0.01 seconds
obj: 6225 rows, 648 columns, 59365 nonzeros
Set parameter TimeLimit to value 236.6270943
Warning: unknown variable 'r_max' in bounds section (line 6696)
Warning: unknown variable 'r_min' in bounds section (line 6697)
Read LP format model from file E:\codes\ExactEBRP\results\gf_gurobi_performance_recovery_round29\runs\stage1__V12_M1__c4_candidate__300s\external\models\L2.0.0.1.1.0.0.1.0.lp
Reading time = 0.01 seconds
obj: 6225 rows, 648 columns, 59365 nonzeros
Set parameter TimeLimit to value 2.3646985569999998e+02
Warning: unknown variable 'r_max' in bounds section (line 6696)
Warning: unknown variable 'r_min' in bounds section (line 6697)
Read LP format model from file E:\codes\ExactEBRP\results\gf_gurobi_performance_recovery_round29\runs\stage1__V12_M1__c4_candidate__300s\external\models\L2.0.0.1.1.0.0.1.1.lp
Reading time = 0.01 seconds
obj: 6225 rows, 648 columns, 59365 nonzeros
Set parameter TimeLimit to value 236.31231
Warning: unknown variable 'r_max' in bounds section (line 6696)
Warning: unknown variable 'r_min' in bounds section (line 6697)
Read LP format model from file E:\codes\ExactEBRP\results\gf_gurobi_performance_recovery_round29\runs\stage1__V12_M1__c4_candidate__300s\external\models\L2.0.0.1.1.0.1.0.lp
Reading time = 0.02 seconds
obj: 6225 rows, 648 columns, 59365 nonzeros
Set parameter TimeLimit to value 229.4197909
Warning: unknown variable 'r_max' in bounds section (line 6696)
Warning: unknown variable 'r_min' in bounds section (line 6697)
Read LP format model from file E:\codes\ExactEBRP\results\gf_gurobi_performance_recovery_round29\runs\stage1__V12_M1__c4_candidate__300s\external\models\L2.0.0.1.1.0.1.1.lp
Reading time = 0.02 seconds
obj: 6225 rows, 648 columns, 59365 nonzeros
Set parameter TimeLimit to value 229.2601679
Warning: unknown variable 'r_max' in bounds section (line 6696)
Warning: unknown variable 'r_min' in bounds section (line 6697)
Read LP format model from file E:\codes\ExactEBRP\results\gf_gurobi_performance_recovery_round29\runs\stage1__V12_M1__c4_candidate__300s\external\models\L2.0.0.0.0.0.0.0.0.lp
Reading time = 0.01 seconds
obj: 6225 rows, 648 columns, 59365 nonzeros
Set parameter TimeLimit to value 229.0968561
Warning: unknown variable 'r_max' in bounds section (line 6696)
Warning: unknown variable 'r_min' in bounds section (line 6697)
Read LP format model from file E:\codes\ExactEBRP\results\gf_gurobi_performance_recovery_round29\runs\stage1__V12_M1__c4_candidate__300s\external\models\L2.0.0.0.0.0.0.0.1.lp
Reading time = 0.01 seconds
obj: 6225 rows, 648 columns, 59365 nonzeros
Set parameter TimeLimit to value 2.2893664130000002e+02
Warning: unknown variable 'r_max' in bounds section (line 6696)
Warning: unknown variable 'r_min' in bounds section (line 6697)
Read LP format model from file E:\codes\ExactEBRP\results\gf_gurobi_performance_recovery_round29\runs\stage1__V12_M1__c4_candidate__300s\external\models\L2.0.0.1.1.0.1.0.0.lp
Reading time = 0.01 seconds
obj: 6225 rows, 648 columns, 59365 nonzeros
Set parameter TimeLimit to value 2.2877287289999998e+02
Warning: unknown variable 'r_max' in bounds section (line 6696)
Warning: unknown variable 'r_min' in bounds section (line 6697)
Read LP format model from file E:\codes\ExactEBRP\results\gf_gurobi_performance_recovery_round29\runs\stage1__V12_M1__c4_candidate__300s\external\models\L2.0.0.1.1.0.1.0.1.lp
Reading time = 0.01 seconds
obj: 6225 rows, 648 columns, 59365 nonzeros
Set parameter TimeLimit to value 228.6141082
Warning: unknown variable 'r_max' in bounds section (line 6696)
Warning: unknown variable 'r_min' in bounds section (line 6697)
Read LP format model from file E:\codes\ExactEBRP\results\gf_gurobi_performance_recovery_round29\runs\stage1__V12_M1__c4_candidate__300s\external\models\L2.0.0.1.1.0.1.1.0.lp
Reading time = 0.02 seconds
obj: 6225 rows, 648 columns, 59365 nonzeros
Set parameter TimeLimit to value 220.1760591
Warning: unknown variable 'r_max' in bounds section (line 6696)
Warning: unknown variable 'r_min' in bounds section (line 6697)
Read LP format model from file E:\codes\ExactEBRP\results\gf_gurobi_performance_recovery_round29\runs\stage1__V12_M1__c4_candidate__300s\external\models\L2.0.0.1.1.0.1.1.1.lp
Reading time = 0.02 seconds
obj: 6225 rows, 648 columns, 59365 nonzeros
Set parameter TimeLimit to value 2.2001947869999998e+02
Warning: unknown variable 'r_max' in bounds section (line 6696)
Warning: unknown variable 'r_min' in bounds section (line 6697)
Read LP format model from file E:\codes\ExactEBRP\results\gf_gurobi_performance_recovery_round29\runs\stage1__V12_M1__c4_candidate__300s\external\models\L2.0.0.1.1.1.0.lp
Reading time = 0.01 seconds
obj: 6225 rows, 648 columns, 59365 nonzeros
Set parameter TimeLimit to value 216.7541263
Warning: unknown variable 'r_max' in bounds section (line 6696)
Warning: unknown variable 'r_min' in bounds section (line 6697)
Read LP format model from file E:\codes\ExactEBRP\results\gf_gurobi_performance_recovery_round29\runs\stage1__V12_M1__c4_candidate__300s\external\models\L2.0.0.1.1.1.1.lp
Reading time = 0.02 seconds
obj: 6225 rows, 648 columns, 59365 nonzeros
Set parameter TimeLimit to value 216.5976532
Warning: unknown variable 'r_max' in bounds section (line 6696)
Warning: unknown variable 'r_min' in bounds section (line 6697)
Read LP format model from file E:\codes\ExactEBRP\results\gf_gurobi_performance_recovery_round29\runs\stage1__V12_M1__c4_candidate__300s\external\models\L2.0.0.1.1.1.0.0.lp
Reading time = 0.02 seconds
obj: 6225 rows, 648 columns, 59365 nonzeros
Set parameter TimeLimit to value 213.5497205
Warning: unknown variable 'r_max' in bounds section (line 6696)
Warning: unknown variable 'r_min' in bounds section (line 6697)
Read LP format model from file E:\codes\ExactEBRP\results\gf_gurobi_performance_recovery_round29\runs\stage1__V12_M1__c4_candidate__300s\external\models\L2.0.0.1.1.1.0.1.lp
Reading time = 0.01 seconds
obj: 6225 rows, 648 columns, 59365 nonzeros
Set parameter TimeLimit to value 213.3901529
Warning: unknown variable 'r_max' in bounds section (line 6696)
Warning: unknown variable 'r_min' in bounds section (line 6697)
Read LP format model from file E:\codes\ExactEBRP\results\gf_gurobi_performance_recovery_round29\runs\stage1__V12_M1__c4_candidate__300s\external\models\L2.0.0.1.1.1.0.0.0.lp
Reading time = 0.02 seconds
obj: 6225 rows, 648 columns, 59365 nonzeros
Set parameter TimeLimit to value 213.23062
Warning: unknown variable 'r_max' in bounds section (line 6696)
Warning: unknown variable 'r_min' in bounds section (line 6697)
Read LP format model from file E:\codes\ExactEBRP\results\gf_gurobi_performance_recovery_round29\runs\stage1__V12_M1__c4_candidate__300s\external\models\L2.0.0.1.1.1.0.0.1.lp
Reading time = 0.01 seconds
obj: 6225 rows, 648 columns, 59365 nonzeros
Set parameter TimeLimit to value 2.1307409810000001e+02
Warning: unknown variable 'r_max' in bounds section (line 6696)
Warning: unknown variable 'r_min' in bounds section (line 6697)
Read LP format model from file E:\codes\ExactEBRP\results\gf_gurobi_performance_recovery_round29\runs\stage1__V12_M1__c4_candidate__300s\external\models\L1.1.1.1.1.1.0.lp
Reading time = 0.01 seconds
obj: 6225 rows, 648 columns, 59365 nonzeros
Set parameter TimeLimit to value 209.6701879
Warning: unknown variable 'r_max' in bounds section (line 6696)
Warning: unknown variable 'r_min' in bounds section (line 6697)
Read LP format model from file E:\codes\ExactEBRP\results\gf_gurobi_performance_recovery_round29\runs\stage1__V12_M1__c4_candidate__300s\external\models\L1.1.1.1.1.1.1.lp
Reading time = 0.01 seconds
obj: 6225 rows, 648 columns, 59365 nonzeros
Set parameter TimeLimit to value 209.5144254
Warning: unknown variable 'r_max' in bounds section (line 6696)
Warning: unknown variable 'r_min' in bounds section (line 6697)
Read LP format model from file E:\codes\ExactEBRP\results\gf_gurobi_performance_recovery_round29\runs\stage1__V12_M1__c4_candidate__300s\external\models\L2.0.0.1.1.1.0.1.0.lp
Reading time = 0.02 seconds
obj: 6225 rows, 648 columns, 59365 nonzeros
Set parameter TimeLimit to value 2.0629114850000002e+02
Warning: unknown variable 'r_max' in bounds section (line 6696)
Warning: unknown variable 'r_min' in bounds section (line 6697)
Read LP format model from file E:\codes\ExactEBRP\results\gf_gurobi_performance_recovery_round29\runs\stage1__V12_M1__c4_candidate__300s\external\models\L2.0.0.1.1.1.0.1.1.lp
Reading time = 0.02 seconds
obj: 6225 rows, 648 columns, 59365 nonzeros
Set parameter TimeLimit to value 206.1297212
Warning: unknown variable 'r_max' in bounds section (line 6696)
Warning: unknown variable 'r_min' in bounds section (line 6697)
Read LP format model from file E:\codes\ExactEBRP\results\gf_gurobi_performance_recovery_round29\runs\stage1__V12_M1__c4_candidate__300s\external\models\L2.0.0.1.1.1.1.0.lp
Reading time = 0.02 seconds
obj: 6225 rows, 648 columns, 59365 nonzeros
Set parameter TimeLimit to value 199.0271457
Warning: unknown variable 'r_max' in bounds section (line 6696)
Warning: unknown variable 'r_min' in bounds section (line 6697)
Read LP format model from file E:\codes\ExactEBRP\results\gf_gurobi_performance_recovery_round29\runs\stage1__V12_M1__c4_candidate__300s\external\models\L2.0.0.1.1.1.1.1.lp
Reading time = 0.02 seconds
obj: 6225 rows, 648 columns, 59365 nonzeros
Set parameter TimeLimit to value 1.9885824350000001e+02
Warning: unknown variable 'r_max' in bounds section (line 6696)
Warning: unknown variable 'r_min' in bounds section (line 6697)
Read LP format model from file E:\codes\ExactEBRP\results\gf_gurobi_performance_recovery_round29\runs\stage1__V12_M1__c4_candidate__300s\external\models\L1.1.1.1.1.1.1.0.lp
Reading time = 0.01 seconds
obj: 6225 rows, 648 columns, 59365 nonzeros
Set parameter TimeLimit to value 1.9869948340000002e+02
Warning: unknown variable 'r_max' in bounds section (line 6696)
Warning: unknown variable 'r_min' in bounds section (line 6697)
Read LP format model from file E:\codes\ExactEBRP\results\gf_gurobi_performance_recovery_round29\runs\stage1__V12_M1__c4_candidate__300s\external\models\L1.1.1.1.1.1.1.1.lp
Reading time = 0.01 seconds
obj: 6225 rows, 648 columns, 59365 nonzeros
Set parameter TimeLimit to value 198.546083
Warning: unknown variable 'r_max' in bounds section (line 6696)
Warning: unknown variable 'r_min' in bounds section (line 6697)
Read LP format model from file E:\codes\ExactEBRP\results\gf_gurobi_performance_recovery_round29\runs\stage1__V12_M1__c4_candidate__300s\external\models\L2.0.0.1.1.1.1.0.0.lp
Reading time = 0.02 seconds
obj: 6225 rows, 648 columns, 59365 nonzeros
Set parameter TimeLimit to value 1.9838766959999998e+02
Warning: unknown variable 'r_max' in bounds section (line 6696)
Warning: unknown variable 'r_min' in bounds section (line 6697)
Read LP format model from file E:\codes\ExactEBRP\results\gf_gurobi_performance_recovery_round29\runs\stage1__V12_M1__c4_candidate__300s\external\models\L2.0.0.1.1.1.1.0.1.lp
Reading time = 0.02 seconds
obj: 6225 rows, 648 columns, 59365 nonzeros
Set parameter TimeLimit to value 198.2298725
Warning: unknown variable 'r_max' in bounds section (line 6696)
Warning: unknown variable 'r_min' in bounds section (line 6697)
Read LP format model from file E:\codes\ExactEBRP\results\gf_gurobi_performance_recovery_round29\runs\stage1__V12_M1__c4_candidate__300s\external\models\L1.1.1.1.1.1.1.1.0.lp
Reading time = 0.02 seconds
obj: 6225 rows, 648 columns, 59365 nonzeros
Set parameter TimeLimit to value 1.9193423280000002e+02
Warning: unknown variable 'r_max' in bounds section (line 6696)
Warning: unknown variable 'r_min' in bounds section (line 6697)
Read LP format model from file E:\codes\ExactEBRP\results\gf_gurobi_performance_recovery_round29\runs\stage1__V12_M1__c4_candidate__300s\external\models\L1.1.1.1.1.1.1.1.1.lp
Reading time = 0.02 seconds
obj: 6225 rows, 648 columns, 59365 nonzeros
Set parameter TimeLimit to value 1.9177052220000002e+02
Warning: unknown variable 'r_max' in bounds section (line 6696)
Warning: unknown variable 'r_min' in bounds section (line 6697)
Read LP format model from file E:\codes\ExactEBRP\results\gf_gurobi_performance_recovery_round29\runs\stage1__V12_M1__c4_candidate__300s\external\models\L2.0.1.0.lp
Reading time = 0.01 seconds
obj: 6225 rows, 648 columns, 59365 nonzeros
Set parameter TimeLimit to value 1.9161411090000001e+02
Warning: unknown variable 'r_max' in bounds section (line 6696)
Warning: unknown variable 'r_min' in bounds section (line 6697)
Read LP format model from file E:\codes\ExactEBRP\results\gf_gurobi_performance_recovery_round29\runs\stage1__V12_M1__c4_candidate__300s\external\models\L2.0.1.1.lp
Reading time = 0.02 seconds
obj: 6225 rows, 648 columns, 59365 nonzeros
Set parameter TimeLimit to value 191.4576457
Warning: unknown variable 'r_max' in bounds section (line 6696)
Warning: unknown variable 'r_min' in bounds section (line 6697)
Read LP format model from file E:\codes\ExactEBRP\results\gf_gurobi_performance_recovery_round29\runs\stage1__V12_M1__c4_candidate__300s\external\models\L2.0.0.1.1.1.1.1.0.lp
Reading time = 0.02 seconds
obj: 6225 rows, 648 columns, 59365 nonzeros
Set parameter TimeLimit to value 186.4112852
Warning: unknown variable 'r_max' in bounds section (line 6696)
Warning: unknown variable 'r_min' in bounds section (line 6697)
Read LP format model from file E:\codes\ExactEBRP\results\gf_gurobi_performance_recovery_round29\runs\stage1__V12_M1__c4_candidate__300s\external\models\L2.0.0.1.1.1.1.1.1.lp
Reading time = 0.01 seconds
obj: 6225 rows, 648 columns, 59365 nonzeros
Set parameter TimeLimit to value 186.2428375
Warning: unknown variable 'r_max' in bounds section (line 6696)
Warning: unknown variable 'r_min' in bounds section (line 6697)
Read LP format model from file E:\codes\ExactEBRP\results\gf_gurobi_performance_recovery_round29\runs\stage1__V12_M1__c4_candidate__300s\external\models\L2.1.0.lp
Reading time = 0.02 seconds
obj: 6225 rows, 648 columns, 59365 nonzeros
Set parameter TimeLimit to value 1.7803553399999998e+02
Warning: unknown variable 'r_max' in bounds section (line 6696)
Warning: unknown variable 'r_min' in bounds section (line 6697)
Read LP format model from file E:\codes\ExactEBRP\results\gf_gurobi_performance_recovery_round29\runs\stage1__V12_M1__c4_candidate__300s\external\models\L2.1.1.lp
Reading time = 0.02 seconds
obj: 6225 rows, 648 columns, 59365 nonzeros
Set parameter TimeLimit to value 177.8789578
Warning: unknown variable 'r_max' in bounds section (line 6696)
Warning: unknown variable 'r_min' in bounds section (line 6697)
Read LP format model from file E:\codes\ExactEBRP\results\gf_gurobi_performance_recovery_round29\runs\stage1__V12_M1__c4_candidate__300s\external\models\L3.0.0.lp
Reading time = 0.02 seconds
obj: 6225 rows, 648 columns, 59365 nonzeros
Set parameter TimeLimit to value 161.2491865
Warning: unknown variable 'r_max' in bounds section (line 6696)
Warning: unknown variable 'r_min' in bounds section (line 6697)
Read LP format model from file E:\codes\ExactEBRP\results\gf_gurobi_performance_recovery_round29\runs\stage1__V12_M1__c4_candidate__300s\external\models\L3.0.1.lp
Reading time = 0.01 seconds
obj: 6225 rows, 648 columns, 59365 nonzeros
Set parameter TimeLimit to value 161.0877301
Warning: unknown variable 'r_max' in bounds section (line 6696)
Warning: unknown variable 'r_min' in bounds section (line 6697)
Read LP format model from file E:\codes\ExactEBRP\results\gf_gurobi_performance_recovery_round29\runs\stage1__V12_M1__c4_candidate__300s\external\models\L3.0.0.0.lp
Reading time = 0.02 seconds
obj: 6225 rows, 648 columns, 59365 nonzeros
Set parameter TimeLimit to value 160.9344576
Warning: unknown variable 'r_max' in bounds section (line 6696)
Warning: unknown variable 'r_min' in bounds section (line 6697)
Read LP format model from file E:\codes\ExactEBRP\results\gf_gurobi_performance_recovery_round29\runs\stage1__V12_M1__c4_candidate__300s\external\models\L3.0.0.1.lp
Reading time = 0.01 seconds
obj: 6225 rows, 648 columns, 59365 nonzeros
Set parameter TimeLimit to value 160.7813141
Warning: unknown variable 'r_max' in bounds section (line 6696)
Warning: unknown variable 'r_min' in bounds section (line 6697)
Read LP format model from file E:\codes\ExactEBRP\results\gf_gurobi_performance_recovery_round29\runs\stage1__V12_M1__c4_candidate__300s\external\models\L3.0.0.0.0.lp
Reading time = 0.02 seconds
obj: 6225 rows, 648 columns, 59365 nonzeros
Set parameter TimeLimit to value 160.6286845
Warning: unknown variable 'r_max' in bounds section (line 6696)
Warning: unknown variable 'r_min' in bounds section (line 6697)
Read LP format model from file E:\codes\ExactEBRP\results\gf_gurobi_performance_recovery_round29\runs\stage1__V12_M1__c4_candidate__300s\external\models\L3.0.0.0.1.lp
Reading time = 0.02 seconds
obj: 6225 rows, 648 columns, 59365 nonzeros
Set parameter TimeLimit to value 160.4741322
Warning: unknown variable 'r_max' in bounds section (line 6696)
Warning: unknown variable 'r_min' in bounds section (line 6697)
Read LP format model from file E:\codes\ExactEBRP\results\gf_gurobi_performance_recovery_round29\runs\stage1__V12_M1__c4_candidate__300s\external\models\L3.0.0.0.0.0.lp
Reading time = 0.02 seconds
obj: 6225 rows, 648 columns, 59365 nonzeros
Set parameter TimeLimit to value 160.3184788
Warning: unknown variable 'r_max' in bounds section (line 6696)
Warning: unknown variable 'r_min' in bounds section (line 6697)
Read LP format model from file E:\codes\ExactEBRP\results\gf_gurobi_performance_recovery_round29\runs\stage1__V12_M1__c4_candidate__300s\external\models\L3.0.0.0.0.1.lp
Reading time = 0.01 seconds
obj: 6225 rows, 648 columns, 59365 nonzeros
Set parameter TimeLimit to value 160.1624743
