{
  "schema": "round30-final-audit-v1",
  "official_unique_runs": 78,
  "stage1_rows": 21,
  "stage2_rows": 51,
  "stage3_rows": 25,
  "stage4_rows": 10,
  "completed_process_rows": 78,
  "failed_process_rows": 0,
  "emergency_timeout_rows": 0,
  "c5_exactness_gate": true,
  "c5_certificate_gate": true,
  "c5_trace_gate": true,
  "c4_vs_c5_final_lb_wins": 10,
  "c4_vs_c5_auc_available": 17,
  "c4_vs_c5_auc_wins": 16,
  "classification": "paper_exact_and_performance_promising",
  "stable_mainline": "S0/F0-CPLEX",
  "c5_promoted": false,
  "long_run_validation_justified": true
}
