
Gurobi 13.0.2 (win64) logging started Wed Jul 22 23:02:49 2026

Set parameter LogFile to value "E:\codes\ExactEBRP\results\gf_paper_safe_gurobi_scheduling_round27\runs\stage2__tight_T_seed3101__c0_legacy__300s\native.log"
Set parameter Threads to value 1
Set parameter Presolve to value -1
Set parameter Seed to value 0
Set parameter MIPGap to value 0
Set parameter MIPGapAbs to value 0
Warning: unknown variable 'r_max' in bounds section (line 13986)
Warning: unknown variable 'r_min' in bounds section (line 13987)
Read LP format model from file E:\codes\ExactEBRP\results\gf_paper_safe_gurobi_scheduling_round27\runs\stage2__tight_T_seed3101__c0_legacy__300s\external\models\L0.lp
Reading time = 0.02 seconds
obj: 11939 rows, 3384 columns, 67170 nonzeros
Set parameter TimeLimit to value 30
Warning: unknown variable 'r_max' in bounds section (line 13986)
Warning: unknown variable 'r_min' in bounds section (line 13987)
Read LP format model from file E:\codes\ExactEBRP\results\gf_paper_safe_gurobi_scheduling_round27\runs\stage2__tight_T_seed3101__c0_legacy__300s\external\models\L1.lp
Reading time = 0.02 seconds
obj: 11939 rows, 3384 columns, 67420 nonzeros
Set parameter TimeLimit to value 30
Warning: unknown variable 'r_max' in bounds section (line 13986)
Warning: unknown variable 'r_min' in bounds section (line 13987)
Read LP format model from file E:\codes\ExactEBRP\results\gf_paper_safe_gurobi_scheduling_round27\runs\stage2__tight_T_seed3101__c0_legacy__300s\external\models\L1.0.lp
Reading time = 0.02 seconds
obj: 11939 rows, 3384 columns, 67420 nonzeros
Set parameter TimeLimit to value 30
Warning: unknown variable 'r_max' in bounds section (line 13986)
Warning: unknown variable 'r_min' in bounds section (line 13987)
Read LP format model from file E:\codes\ExactEBRP\results\gf_paper_safe_gurobi_scheduling_round27\runs\stage2__tight_T_seed3101__c0_legacy__300s\external\models\L1.1.lp
Reading time = 0.02 seconds
obj: 11939 rows, 3384 columns, 67420 nonzeros
Set parameter TimeLimit to value 30
Warning: unknown variable 'r_max' in bounds section (line 13986)
Warning: unknown variable 'r_min' in bounds section (line 13987)
Read LP format model from file E:\codes\ExactEBRP\results\gf_paper_safe_gurobi_scheduling_round27\runs\stage2__tight_T_seed3101__c0_legacy__300s\external\models\L1.1.0.lp
Reading time = 0.02 seconds
obj: 11939 rows, 3384 columns, 67420 nonzeros
Set parameter TimeLimit to value 30
Warning: unknown variable 'r_max' in bounds section (line 13987)
Warning: unknown variable 'r_min' in bounds section (line 13988)
Read LP format model from file E:\codes\ExactEBRP\results\gf_paper_safe_gurobi_scheduling_round27\runs\stage2__tight_T_seed3101__c0_legacy__300s\external\models\L1.1.1.lp
Reading time = 0.02 seconds
obj: 11940 rows, 3384 columns, 67426 nonzeros
Set parameter TimeLimit to value 2.6098715514000006e+01
