
Gurobi 13.0.2 (win64) logging started Fri Jul 24 04:45:46 2026

Set parameter LogFile to value "E:\codes\ExactEBRP\results\gf_c0_mechanism_transfer_c5_round30\development\V12_M1__c5_candidate__60s\native.log"
Set parameter Threads to value 1
Set parameter Presolve to value -1
Set parameter Seed to value 0
Set parameter MIPGap to value 0
Set parameter MIPGapAbs to value 0
Warning: unknown variable 'r_max' in bounds section (line 6696)
Warning: unknown variable 'r_min' in bounds section (line 6697)
Read LP format model from file E:\codes\ExactEBRP\results\gf_c0_mechanism_transfer_c5_round30\development\V12_M1__c5_candidate__60s\external\models\L0.lp
Reading time = 0.02 seconds
obj: 6225 rows, 648 columns, 59207 nonzeros
Set parameter TimeLimit to value 48.7606101
Warning: unknown variable 'r_max' in bounds section (line 6696)
Warning: unknown variable 'r_min' in bounds section (line 6697)
Read LP format model from file E:\codes\ExactEBRP\results\gf_c0_mechanism_transfer_c5_round30\development\V12_M1__c5_candidate__60s\external\models\L1.lp
Reading time = 0.02 seconds
obj: 6225 rows, 648 columns, 59365 nonzeros
Set parameter TimeLimit to value 48.5959189
Warning: unknown variable 'r_max' in bounds section (line 6696)
Warning: unknown variable 'r_min' in bounds section (line 6697)
Read LP format model from file E:\codes\ExactEBRP\results\gf_c0_mechanism_transfer_c5_round30\development\V12_M1__c5_candidate__60s\external\models\L1.0.lp
Reading time = 0.02 seconds
obj: 6225 rows, 648 columns, 59365 nonzeros
Set parameter TimeLimit to value 48.4325263
Warning: unknown variable 'r_max' in bounds section (line 6696)
Warning: unknown variable 'r_min' in bounds section (line 6697)
Read LP format model from file E:\codes\ExactEBRP\results\gf_c0_mechanism_transfer_c5_round30\development\V12_M1__c5_candidate__60s\external\models\L1.1.lp
Reading time = 0.02 seconds
obj: 6225 rows, 648 columns, 59365 nonzeros
Set parameter TimeLimit to value 48.2824359
Warning: unknown variable 'r_max' in bounds section (line 6696)
Warning: unknown variable 'r_min' in bounds section (line 6697)
Read LP format model from file E:\codes\ExactEBRP\results\gf_c0_mechanism_transfer_c5_round30\development\V12_M1__c5_candidate__60s\external\models\L2.lp
Reading time = 0.02 seconds
obj: 6225 rows, 648 columns, 59365 nonzeros
Set parameter TimeLimit to value 48.1108209
Warning: unknown variable 'r_max' in bounds section (line 6696)
Warning: unknown variable 'r_min' in bounds section (line 6697)
Read LP format model from file E:\codes\ExactEBRP\results\gf_c0_mechanism_transfer_c5_round30\development\V12_M1__c5_candidate__60s\external\models\L2.0.lp
Reading time = 0.01 seconds
obj: 6225 rows, 648 columns, 59365 nonzeros
Set parameter TimeLimit to value 47.9388913
Warning: unknown variable 'r_max' in bounds section (line 6696)
Warning: unknown variable 'r_min' in bounds section (line 6697)
Read LP format model from file E:\codes\ExactEBRP\results\gf_c0_mechanism_transfer_c5_round30\development\V12_M1__c5_candidate__60s\external\models\L2.1.lp
Reading time = 0.02 seconds
obj: 6225 rows, 648 columns, 59365 nonzeros
Set parameter TimeLimit to value 47.7602439
Warning: unknown variable 'r_max' in bounds section (line 6696)
Warning: unknown variable 'r_min' in bounds section (line 6697)
Read LP format model from file E:\codes\ExactEBRP\results\gf_c0_mechanism_transfer_c5_round30\development\V12_M1__c5_candidate__60s\external\models\L3.lp
Reading time = 0.02 seconds
obj: 6225 rows, 648 columns, 59365 nonzeros
Set parameter TimeLimit to value 47.583717
Warning: unknown variable 'r_max' in bounds section (line 6696)
Warning: unknown variable 'r_min' in bounds section (line 6697)
Read LP format model from file E:\codes\ExactEBRP\results\gf_c0_mechanism_transfer_c5_round30\development\V12_M1__c5_candidate__60s\external\models\L3.0.lp
Reading time = 0.01 seconds
obj: 6225 rows, 648 columns, 59365 nonzeros
Set parameter TimeLimit to value 47.4203589
Warning: unknown variable 'r_max' in bounds section (line 6697)
Warning: unknown variable 'r_min' in bounds section (line 6698)
Read LP format model from file E:\codes\ExactEBRP\results\gf_c0_mechanism_transfer_c5_round30\development\V12_M1__c5_candidate__60s\external\models\L3.1.lp
Reading time = 0.02 seconds
obj: 6226 rows, 648 columns, 59367 nonzeros
Set parameter TimeLimit to value 47.2576613
Warning: unknown variable 'r_max' in bounds section (line 6696)
Warning: unknown variable 'r_min' in bounds section (line 6697)
Read LP format model from file E:\codes\ExactEBRP\results\gf_c0_mechanism_transfer_c5_round30\development\V12_M1__c5_candidate__60s\external\models\L1.1.0.lp
Reading time = 0.02 seconds
obj: 6225 rows, 648 columns, 59365 nonzeros
Set parameter TimeLimit to value 47.0999077
Warning: unknown variable 'r_max' in bounds section (line 6696)
Warning: unknown variable 'r_min' in bounds section (line 6697)
Read LP format model from file E:\codes\ExactEBRP\results\gf_c0_mechanism_transfer_c5_round30\development\V12_M1__c5_candidate__60s\external\models\L1.1.1.lp
Reading time = 0.02 seconds
obj: 6225 rows, 648 columns, 59365 nonzeros
Set parameter TimeLimit to value 46.9428938
Warning: unknown variable 'r_max' in bounds section (line 6696)
Warning: unknown variable 'r_min' in bounds section (line 6697)
Read LP format model from file E:\codes\ExactEBRP\results\gf_c0_mechanism_transfer_c5_round30\development\V12_M1__c5_candidate__60s\external\models\L2.0.0.lp
Reading time = 0.02 seconds
obj: 6225 rows, 648 columns, 59365 nonzeros
Set parameter TimeLimit to value 46.7779198
Warning: unknown variable 'r_max' in bounds section (line 6696)
Warning: unknown variable 'r_min' in bounds section (line 6697)
Read LP format model from file E:\codes\ExactEBRP\results\gf_c0_mechanism_transfer_c5_round30\development\V12_M1__c5_candidate__60s\external\models\L2.0.1.lp
Reading time = 0.02 seconds
obj: 6225 rows, 648 columns, 59365 nonzeros
Set parameter TimeLimit to value 46.6084077
Warning: unknown variable 'r_max' in bounds section (line 6696)
Warning: unknown variable 'r_min' in bounds section (line 6697)
Read LP format model from file E:\codes\ExactEBRP\results\gf_c0_mechanism_transfer_c5_round30\development\V12_M1__c5_candidate__60s\external\models\L2.0.0.0.lp
Reading time = 0.02 seconds
obj: 6225 rows, 648 columns, 59365 nonzeros
Set parameter TimeLimit to value 46.4483275
Warning: unknown variable 'r_max' in bounds section (line 6696)
Warning: unknown variable 'r_min' in bounds section (line 6697)
Read LP format model from file E:\codes\ExactEBRP\results\gf_c0_mechanism_transfer_c5_round30\development\V12_M1__c5_candidate__60s\external\models\L2.0.0.1.lp
Reading time = 0.02 seconds
obj: 6225 rows, 648 columns, 59365 nonzeros
Set parameter TimeLimit to value 46.283113
Warning: unknown variable 'r_max' in bounds section (line 6696)
Warning: unknown variable 'r_min' in bounds section (line 6697)
Read LP format model from file E:\codes\ExactEBRP\results\gf_c0_mechanism_transfer_c5_round30\development\V12_M1__c5_candidate__60s\external\models\L2.0.0.0.0.lp
Reading time = 0.02 seconds
obj: 6225 rows, 648 columns, 59365 nonzeros
Set parameter TimeLimit to value 46.0957525
Warning: unknown variable 'r_max' in bounds section (line 6696)
Warning: unknown variable 'r_min' in bounds section (line 6697)
Read LP format model from file E:\codes\ExactEBRP\results\gf_c0_mechanism_transfer_c5_round30\development\V12_M1__c5_candidate__60s\external\models\L2.0.0.0.1.lp
Reading time = 0.01 seconds
obj: 6225 rows, 648 columns, 59365 nonzeros
Set parameter TimeLimit to value 45.928404
Warning: unknown variable 'r_max' in bounds section (line 6696)
Warning: unknown variable 'r_min' in bounds section (line 6697)
Read LP format model from file E:\codes\ExactEBRP\results\gf_c0_mechanism_transfer_c5_round30\development\V12_M1__c5_candidate__60s\external\models\L1.1.1.0.lp
Reading time = 0.02 seconds
obj: 6225 rows, 648 columns, 59365 nonzeros
Set parameter TimeLimit to value 45.7567034
Warning: unknown variable 'r_max' in bounds section (line 6696)
Warning: unknown variable 'r_min' in bounds section (line 6697)
Read LP format model from file E:\codes\ExactEBRP\results\gf_c0_mechanism_transfer_c5_round30\development\V12_M1__c5_candidate__60s\external\models\L1.1.1.1.lp
Reading time = 0.02 seconds
obj: 6225 rows, 648 columns, 59365 nonzeros
Set parameter TimeLimit to value 4.5602587299999996e+01
Warning: unknown variable 'r_max' in bounds section (line 6696)
Warning: unknown variable 'r_min' in bounds section (line 6697)
Read LP format model from file E:\codes\ExactEBRP\results\gf_c0_mechanism_transfer_c5_round30\development\V12_M1__c5_candidate__60s\external\models\L2.0.0.0.0.0.lp
Reading time = 0.02 seconds
obj: 6225 rows, 648 columns, 59365 nonzeros
Set parameter TimeLimit to value 45.4371781
Warning: unknown variable 'r_max' in bounds section (line 6696)
Warning: unknown variable 'r_min' in bounds section (line 6697)
Read LP format model from file E:\codes\ExactEBRP\results\gf_c0_mechanism_transfer_c5_round30\development\V12_M1__c5_candidate__60s\external\models\L2.0.0.0.0.1.lp
Reading time = 0.02 seconds
obj: 6225 rows, 648 columns, 59365 nonzeros
Set parameter TimeLimit to value 45.2674344
Warning: unknown variable 'r_max' in bounds section (line 6696)
Warning: unknown variable 'r_min' in bounds section (line 6697)
Read LP format model from file E:\codes\ExactEBRP\results\gf_c0_mechanism_transfer_c5_round30\development\V12_M1__c5_candidate__60s\external\models\L2.0.0.0.1.0.lp
Reading time = 0.01 seconds
obj: 6225 rows, 648 columns, 59365 nonzeros
Set parameter TimeLimit to value 4.5098688100000004e+01
Warning: unknown variable 'r_max' in bounds section (line 6696)
Warning: unknown variable 'r_min' in bounds section (line 6697)
Read LP format model from file E:\codes\ExactEBRP\results\gf_c0_mechanism_transfer_c5_round30\development\V12_M1__c5_candidate__60s\external\models\L2.0.0.0.1.1.lp
Reading time = 0.03 seconds
obj: 6225 rows, 648 columns, 59365 nonzeros
Set parameter TimeLimit to value 44.9337425
Warning: unknown variable 'r_max' in bounds section (line 6696)
Warning: unknown variable 'r_min' in bounds section (line 6697)
Read LP format model from file E:\codes\ExactEBRP\results\gf_c0_mechanism_transfer_c5_round30\development\V12_M1__c5_candidate__60s\external\models\L2.0.0.0.0.1.0.lp
Reading time = 0.02 seconds
obj: 6225 rows, 648 columns, 59365 nonzeros
Set parameter TimeLimit to value 44.7578962
Warning: unknown variable 'r_max' in bounds section (line 6696)
Warning: unknown variable 'r_min' in bounds section (line 6697)
Read LP format model from file E:\codes\ExactEBRP\results\gf_c0_mechanism_transfer_c5_round30\development\V12_M1__c5_candidate__60s\external\models\L2.0.0.0.0.1.1.lp
Reading time = 0.02 seconds
obj: 6225 rows, 648 columns, 59365 nonzeros
Set parameter TimeLimit to value 44.5958275
Warning: unknown variable 'r_max' in bounds section (line 6696)
Warning: unknown variable 'r_min' in bounds section (line 6697)
Read LP format model from file E:\codes\ExactEBRP\results\gf_c0_mechanism_transfer_c5_round30\development\V12_M1__c5_candidate__60s\external\models\L2.0.0.0.1.0.0.lp
Reading time = 0.02 seconds
obj: 6225 rows, 648 columns, 59365 nonzeros
Set parameter TimeLimit to value 44.2075738
Warning: unknown variable 'r_max' in bounds section (line 6696)
Warning: unknown variable 'r_min' in bounds section (line 6697)
Read LP format model from file E:\codes\ExactEBRP\results\gf_c0_mechanism_transfer_c5_round30\development\V12_M1__c5_candidate__60s\external\models\L2.0.0.0.1.0.1.lp
Reading time = 0.01 seconds
obj: 6225 rows, 648 columns, 59365 nonzeros
Set parameter TimeLimit to value 44.0472029
Warning: unknown variable 'r_max' in bounds section (line 6696)
Warning: unknown variable 'r_min' in bounds section (line 6697)
Read LP format model from file E:\codes\ExactEBRP\results\gf_c0_mechanism_transfer_c5_round30\development\V12_M1__c5_candidate__60s\external\models\L2.0.0.0.0.0.0.lp
Reading time = 0.02 seconds
obj: 6225 rows, 648 columns, 59365 nonzeros
Set parameter TimeLimit to value 43.6486175
Warning: unknown variable 'r_max' in bounds section (line 6696)
Warning: unknown variable 'r_min' in bounds section (line 6697)
Read LP format model from file E:\codes\ExactEBRP\results\gf_c0_mechanism_transfer_c5_round30\development\V12_M1__c5_candidate__60s\external\models\L2.0.0.0.0.0.1.lp
Reading time = 0.01 seconds
obj: 6225 rows, 648 columns, 59365 nonzeros
Set parameter TimeLimit to value 4.3478824700000004e+01
Warning: unknown variable 'r_max' in bounds section (line 6696)
Warning: unknown variable 'r_min' in bounds section (line 6697)
Read LP format model from file E:\codes\ExactEBRP\results\gf_c0_mechanism_transfer_c5_round30\development\V12_M1__c5_candidate__60s\external\models\L2.0.0.1.0.lp
Reading time = 0.02 seconds
obj: 6225 rows, 648 columns, 59365 nonzeros
Set parameter TimeLimit to value 43.0892304
Warning: unknown variable 'r_max' in bounds section (line 6696)
Warning: unknown variable 'r_min' in bounds section (line 6697)
Read LP format model from file E:\codes\ExactEBRP\results\gf_c0_mechanism_transfer_c5_round30\development\V12_M1__c5_candidate__60s\external\models\L2.0.0.1.1.lp
Reading time = 0.01 seconds
obj: 6225 rows, 648 columns, 59365 nonzeros
Set parameter TimeLimit to value 4.2929727299999996e+01
Warning: unknown variable 'r_max' in bounds section (line 6696)
Warning: unknown variable 'r_min' in bounds section (line 6697)
Read LP format model from file E:\codes\ExactEBRP\results\gf_c0_mechanism_transfer_c5_round30\development\V12_M1__c5_candidate__60s\external\models\L2.0.0.0.1.1.0.lp
Reading time = 0.01 seconds
obj: 6225 rows, 648 columns, 59365 nonzeros
Set parameter TimeLimit to value 42.7712091
Warning: unknown variable 'r_max' in bounds section (line 6696)
Warning: unknown variable 'r_min' in bounds section (line 6697)
Read LP format model from file E:\codes\ExactEBRP\results\gf_c0_mechanism_transfer_c5_round30\development\V12_M1__c5_candidate__60s\external\models\L2.0.0.0.1.1.1.lp
Reading time = 0.02 seconds
obj: 6225 rows, 648 columns, 59365 nonzeros
Set parameter TimeLimit to value 42.60564
Warning: unknown variable 'r_max' in bounds section (line 6696)
Warning: unknown variable 'r_min' in bounds section (line 6697)
Read LP format model from file E:\codes\ExactEBRP\results\gf_c0_mechanism_transfer_c5_round30\development\V12_M1__c5_candidate__60s\external\models\L2.0.0.1.0.0.lp
Reading time = 0.02 seconds
obj: 6225 rows, 648 columns, 59365 nonzeros
Set parameter TimeLimit to value 42.2206026
Warning: unknown variable 'r_max' in bounds section (line 6696)
Warning: unknown variable 'r_min' in bounds section (line 6697)
Read LP format model from file E:\codes\ExactEBRP\results\gf_c0_mechanism_transfer_c5_round30\development\V12_M1__c5_candidate__60s\external\models\L2.0.0.1.0.1.lp
Reading time = 0.04 seconds
obj: 6225 rows, 648 columns, 59365 nonzeros
Set parameter TimeLimit to value 42.0522018
Warning: unknown variable 'r_max' in bounds section (line 6696)
Warning: unknown variable 'r_min' in bounds section (line 6697)
Read LP format model from file E:\codes\ExactEBRP\results\gf_c0_mechanism_transfer_c5_round30\development\V12_M1__c5_candidate__60s\external\models\L1.1.1.1.0.lp
Reading time = 0.02 seconds
obj: 6225 rows, 648 columns, 59365 nonzeros
Set parameter TimeLimit to value 41.6333427
Warning: unknown variable 'r_max' in bounds section (line 6696)
Warning: unknown variable 'r_min' in bounds section (line 6697)
Read LP format model from file E:\codes\ExactEBRP\results\gf_c0_mechanism_transfer_c5_round30\development\V12_M1__c5_candidate__60s\external\models\L1.1.1.1.1.lp
Reading time = 0.02 seconds
obj: 6225 rows, 648 columns, 59365 nonzeros
Set parameter TimeLimit to value 41.4818294
Warning: unknown variable 'r_max' in bounds section (line 6696)
Warning: unknown variable 'r_min' in bounds section (line 6697)
Read LP format model from file E:\codes\ExactEBRP\results\gf_c0_mechanism_transfer_c5_round30\development\V12_M1__c5_candidate__60s\external\models\L2.0.0.1.1.0.lp
Reading time = 0.02 seconds
obj: 6225 rows, 648 columns, 59365 nonzeros
Set parameter TimeLimit to value 41.3249604
Warning: unknown variable 'r_max' in bounds section (line 6696)
Warning: unknown variable 'r_min' in bounds section (line 6697)
Read LP format model from file E:\codes\ExactEBRP\results\gf_c0_mechanism_transfer_c5_round30\development\V12_M1__c5_candidate__60s\external\models\L2.0.0.1.1.1.lp
Reading time = 0.02 seconds
obj: 6225 rows, 648 columns, 59365 nonzeros
Set parameter TimeLimit to value 41.1600766
Warning: unknown variable 'r_max' in bounds section (line 6696)
Warning: unknown variable 'r_min' in bounds section (line 6697)
Read LP format model from file E:\codes\ExactEBRP\results\gf_c0_mechanism_transfer_c5_round30\development\V12_M1__c5_candidate__60s\external\models\L1.1.1.1.1.0.lp
Reading time = 0.01 seconds
obj: 6225 rows, 648 columns, 59365 nonzeros
Set parameter TimeLimit to value 40.7711849
Warning: unknown variable 'r_max' in bounds section (line 6696)
Warning: unknown variable 'r_min' in bounds section (line 6697)
Read LP format model from file E:\codes\ExactEBRP\results\gf_c0_mechanism_transfer_c5_round30\development\V12_M1__c5_candidate__60s\external\models\L1.1.1.1.1.1.lp
Reading time = 0.01 seconds
obj: 6225 rows, 648 columns, 59365 nonzeros
Set parameter TimeLimit to value 40.6164878
Warning: unknown variable 'r_max' in bounds section (line 6696)
Warning: unknown variable 'r_min' in bounds section (line 6697)
Read LP format model from file E:\codes\ExactEBRP\results\gf_c0_mechanism_transfer_c5_round30\development\V12_M1__c5_candidate__60s\external\models\L1.1.1.1.1.1.0.lp
Reading time = 0.02 seconds
obj: 6225 rows, 648 columns, 59365 nonzeros
Set parameter TimeLimit to value 4.0455874800000004e+01
Warning: unknown variable 'r_max' in bounds section (line 6696)
Warning: unknown variable 'r_min' in bounds section (line 6697)
Read LP format model from file E:\codes\ExactEBRP\results\gf_c0_mechanism_transfer_c5_round30\development\V12_M1__c5_candidate__60s\external\models\L1.1.1.1.1.1.1.lp
Reading time = 0.01 seconds
obj: 6225 rows, 648 columns, 59365 nonzeros
Set parameter TimeLimit to value 40.3019035
Warning: unknown variable 'r_max' in bounds section (line 6696)
Warning: unknown variable 'r_min' in bounds section (line 6697)
Read LP format model from file E:\codes\ExactEBRP\results\gf_c0_mechanism_transfer_c5_round30\development\V12_M1__c5_candidate__60s\external\models\L1.1.1.1.1.1.1.0.lp
Reading time = 0.02 seconds
obj: 6225 rows, 648 columns, 59365 nonzeros
Set parameter TimeLimit to value 40.1371196
Warning: unknown variable 'r_max' in bounds section (line 6696)
Warning: unknown variable 'r_min' in bounds section (line 6697)
Read LP format model from file E:\codes\ExactEBRP\results\gf_c0_mechanism_transfer_c5_round30\development\V12_M1__c5_candidate__60s\external\models\L1.1.1.1.1.1.1.1.lp
Reading time = 0.01 seconds
obj: 6225 rows, 648 columns, 59365 nonzeros
Set parameter TimeLimit to value 39.9731948
Warning: unknown variable 'r_max' in bounds section (line 6696)
Warning: unknown variable 'r_min' in bounds section (line 6697)
Read LP format model from file E:\codes\ExactEBRP\results\gf_c0_mechanism_transfer_c5_round30\development\V12_M1__c5_candidate__60s\external\models\L1.1.1.1.1.1.1.1.0.lp
Reading time = 0.02 seconds
obj: 6225 rows, 648 columns, 59365 nonzeros
Set parameter TimeLimit to value 39.8129583
Warning: unknown variable 'r_max' in bounds section (line 6696)
Warning: unknown variable 'r_min' in bounds section (line 6697)
Read LP format model from file E:\codes\ExactEBRP\results\gf_c0_mechanism_transfer_c5_round30\development\V12_M1__c5_candidate__60s\external\models\L1.1.1.1.1.1.1.1.1.lp
Reading time = 0.02 seconds
obj: 6225 rows, 648 columns, 59365 nonzeros
Set parameter TimeLimit to value 39.6510321
Warning: unknown variable 'r_max' in bounds section (line 6696)
Warning: unknown variable 'r_min' in bounds section (line 6697)
Read LP format model from file E:\codes\ExactEBRP\results\gf_c0_mechanism_transfer_c5_round30\development\V12_M1__c5_candidate__60s\external\models\L2.0.1.0.lp
Reading time = 0.01 seconds
obj: 6225 rows, 648 columns, 59365 nonzeros
Set parameter TimeLimit to value 39.2743368
Warning: unknown variable 'r_max' in bounds section (line 6696)
Warning: unknown variable 'r_min' in bounds section (line 6697)
Read LP format model from file E:\codes\ExactEBRP\results\gf_c0_mechanism_transfer_c5_round30\development\V12_M1__c5_candidate__60s\external\models\L2.0.1.1.lp
Reading time = 0.02 seconds
obj: 6225 rows, 648 columns, 59365 nonzeros
Set parameter TimeLimit to value 39.1174813
Warning: unknown variable 'r_max' in bounds section (line 6696)
Warning: unknown variable 'r_min' in bounds section (line 6697)
Read LP format model from file E:\codes\ExactEBRP\results\gf_c0_mechanism_transfer_c5_round30\development\V12_M1__c5_candidate__60s\external\models\L2.0.0.1.0.0.0.lp
Reading time = 0.02 seconds
obj: 6225 rows, 648 columns, 59365 nonzeros
Set parameter TimeLimit to value 3.3898538099999996e+01
Warning: unknown variable 'r_max' in bounds section (line 6696)
Warning: unknown variable 'r_min' in bounds section (line 6697)
Read LP format model from file E:\codes\ExactEBRP\results\gf_c0_mechanism_transfer_c5_round30\development\V12_M1__c5_candidate__60s\external\models\L2.0.0.1.0.0.1.lp
Reading time = 0.01 seconds
obj: 6225 rows, 648 columns, 59365 nonzeros
Set parameter TimeLimit to value 3.3735845499999996e+01
Warning: unknown variable 'r_max' in bounds section (line 6696)
Warning: unknown variable 'r_min' in bounds section (line 6697)
Read LP format model from file E:\codes\ExactEBRP\results\gf_c0_mechanism_transfer_c5_round30\development\V12_M1__c5_candidate__60s\external\models\L2.0.0.1.0.1.0.lp
Reading time = 0.01 seconds
obj: 6225 rows, 648 columns, 59365 nonzeros
Set parameter TimeLimit to value 3.2745069099999995e+01
Warning: unknown variable 'r_max' in bounds section (line 6696)
Warning: unknown variable 'r_min' in bounds section (line 6697)
Read LP format model from file E:\codes\ExactEBRP\results\gf_c0_mechanism_transfer_c5_round30\development\V12_M1__c5_candidate__60s\external\models\L2.0.0.1.0.1.1.lp
Reading time = 0.02 seconds
obj: 6225 rows, 648 columns, 59365 nonzeros
Set parameter TimeLimit to value 3.2584541099999996e+01
Warning: unknown variable 'r_max' in bounds section (line 6696)
Warning: unknown variable 'r_min' in bounds section (line 6697)
Read LP format model from file E:\codes\ExactEBRP\results\gf_c0_mechanism_transfer_c5_round30\development\V12_M1__c5_candidate__60s\external\models\L2.0.0.1.1.0.0.lp
Reading time = 0.02 seconds
obj: 6225 rows, 648 columns, 59365 nonzeros
Set parameter TimeLimit to value 3.0016073899999995e+01
Warning: unknown variable 'r_max' in bounds section (line 6696)
Warning: unknown variable 'r_min' in bounds section (line 6697)
Read LP format model from file E:\codes\ExactEBRP\results\gf_c0_mechanism_transfer_c5_round30\development\V12_M1__c5_candidate__60s\external\models\L2.0.0.1.1.0.1.lp
Reading time = 0.02 seconds
obj: 6225 rows, 648 columns, 59365 nonzeros
Set parameter TimeLimit to value 2.9851019899999997e+01
Warning: unknown variable 'r_max' in bounds section (line 6696)
Warning: unknown variable 'r_min' in bounds section (line 6697)
Read LP format model from file E:\codes\ExactEBRP\results\gf_c0_mechanism_transfer_c5_round30\development\V12_M1__c5_candidate__60s\external\models\L2.0.0.1.1.1.0.lp
Reading time = 0.02 seconds
obj: 6225 rows, 648 columns, 59365 nonzeros
Set parameter TimeLimit to value 25.8658754
Warning: unknown variable 'r_max' in bounds section (line 6696)
Warning: unknown variable 'r_min' in bounds section (line 6697)
Read LP format model from file E:\codes\ExactEBRP\results\gf_c0_mechanism_transfer_c5_round30\development\V12_M1__c5_candidate__60s\external\models\L2.0.0.1.1.1.1.lp
Reading time = 0.02 seconds
obj: 6225 rows, 648 columns, 59365 nonzeros
Set parameter TimeLimit to value 25.7018604
Warning: unknown variable 'r_max' in bounds section (line 6696)
Warning: unknown variable 'r_min' in bounds section (line 6697)
Read LP format model from file E:\codes\ExactEBRP\results\gf_c0_mechanism_transfer_c5_round30\development\V12_M1__c5_candidate__60s\external\models\L2.0.0.0.1.1.0.0.lp
Reading time = 0.01 seconds
obj: 6225 rows, 648 columns, 59365 nonzeros
Set parameter TimeLimit to value 21.8964614
Warning: unknown variable 'r_max' in bounds section (line 6696)
Warning: unknown variable 'r_min' in bounds section (line 6697)
Read LP format model from file E:\codes\ExactEBRP\results\gf_c0_mechanism_transfer_c5_round30\development\V12_M1__c5_candidate__60s\external\models\L2.0.0.0.1.1.0.1.lp
Reading time = 0.01 seconds
obj: 6225 rows, 648 columns, 59365 nonzeros
Set parameter TimeLimit to value 21.7319503
Warning: unknown variable 'r_max' in bounds section (line 6696)
Warning: unknown variable 'r_min' in bounds section (line 6697)
Read LP format model from file E:\codes\ExactEBRP\results\gf_c0_mechanism_transfer_c5_round30\development\V12_M1__c5_candidate__60s\external\models\L2.0.0.0.1.1.1.0.lp
Reading time = 0.02 seconds
obj: 6225 rows, 648 columns, 59365 nonzeros
Set parameter TimeLimit to value 2.0993951799999998e+01
Warning: unknown variable 'r_max' in bounds section (line 6696)
Warning: unknown variable 'r_min' in bounds section (line 6697)
Read LP format model from file E:\codes\ExactEBRP\results\gf_c0_mechanism_transfer_c5_round30\development\V12_M1__c5_candidate__60s\external\models\L2.0.0.0.1.1.1.1.lp
Reading time = 0.02 seconds
obj: 6225 rows, 648 columns, 59365 nonzeros
Set parameter TimeLimit to value 2.0831683499999997e+01
Warning: unknown variable 'r_max' in bounds section (line 6696)
Warning: unknown variable 'r_min' in bounds section (line 6697)
Read LP format model from file E:\codes\ExactEBRP\results\gf_c0_mechanism_transfer_c5_round30\development\V12_M1__c5_candidate__60s\external\models\L2.1.0.lp
Reading time = 0.01 seconds
obj: 6225 rows, 648 columns, 59365 nonzeros
Set parameter TimeLimit to value 1.9942835700000003e+01
Warning: unknown variable 'r_max' in bounds section (line 6696)
Warning: unknown variable 'r_min' in bounds section (line 6697)
Read LP format model from file E:\codes\ExactEBRP\results\gf_c0_mechanism_transfer_c5_round30\development\V12_M1__c5_candidate__60s\external\models\L2.1.1.lp
Reading time = 0.02 seconds
obj: 6225 rows, 648 columns, 59365 nonzeros
Set parameter TimeLimit to value 1.9785193800000002e+01
Warning: unknown variable 'r_max' in bounds section (line 6696)
Warning: unknown variable 'r_min' in bounds section (line 6697)
Read LP format model from file E:\codes\ExactEBRP\results\gf_c0_mechanism_transfer_c5_round30\development\V12_M1__c5_candidate__60s\external\models\L2.0.0.0.1.0.0.0.lp
Reading time = 0.02 seconds
obj: 6225 rows, 648 columns, 59365 nonzeros
Set parameter TimeLimit to value 2.8754850999999988e+00
Warning: unknown variable 'r_max' in bounds section (line 6696)
Warning: unknown variable 'r_min' in bounds section (line 6697)
Read LP format model from file E:\codes\ExactEBRP\results\gf_c0_mechanism_transfer_c5_round30\development\V12_M1__c5_candidate__60s\external\models\L2.0.0.0.1.0.0.1.lp
Reading time = 0.02 seconds
obj: 6225 rows, 648 columns, 59365 nonzeros
Set parameter TimeLimit to value 2.7054218000000034e+00
Warning: unknown variable 'r_max' in bounds section (line 6696)
Warning: unknown variable 'r_min' in bounds section (line 6697)
Read LP format model from file E:\codes\ExactEBRP\results\gf_c0_mechanism_transfer_c5_round30\development\V12_M1__c5_candidate__60s\external\models\L2.0.0.0.1.0.1.0.lp
Reading time = 0.01 seconds
obj: 6225 rows, 648 columns, 59365 nonzeros
Set parameter TimeLimit to value 2.0862342
Warning: unknown variable 'r_max' in bounds section (line 6696)
Warning: unknown variable 'r_min' in bounds section (line 6697)
Read LP format model from file E:\codes\ExactEBRP\results\gf_c0_mechanism_transfer_c5_round30\development\V12_M1__c5_candidate__60s\external\models\L2.0.0.0.1.0.1.1.lp
Reading time = 0.01 seconds
obj: 6225 rows, 648 columns, 59365 nonzeros
Set parameter TimeLimit to value 1.9260614000000018e+00
Warning: unknown variable 'r_max' in bounds section (line 6696)
Warning: unknown variable 'r_min' in bounds section (line 6697)
Read LP format model from file E:\codes\ExactEBRP\results\gf_c0_mechanism_transfer_c5_round30\development\V12_M1__c5_candidate__60s\external\models\L3.0.0.lp
Reading time = 0.02 seconds
obj: 6225 rows, 648 columns, 59365 nonzeros
Set parameter TimeLimit to value 1.2763988000000026e+00
Warning: unknown variable 'r_max' in bounds section (line 6696)
Warning: unknown variable 'r_min' in bounds section (line 6697)
Read LP format model from file E:\codes\ExactEBRP\results\gf_c0_mechanism_transfer_c5_round30\development\V12_M1__c5_candidate__60s\external\models\L3.0.1.lp
Reading time = 0.01 seconds
obj: 6225 rows, 648 columns, 59365 nonzeros
Set parameter TimeLimit to value 1.1055768000000015e+00
Warning: unknown variable 'r_max' in bounds section (line 6696)
Warning: unknown variable 'r_min' in bounds section (line 6697)
Read LP format model from file E:\codes\ExactEBRP\results\gf_c0_mechanism_transfer_c5_round30\development\V12_M1__c5_candidate__60s\external\models\L3.0.0.0.lp
Reading time = 0.01 seconds
obj: 6225 rows, 648 columns, 59365 nonzeros
Set parameter TimeLimit to value 9.5347499999999741e-01
Warning: unknown variable 'r_max' in bounds section (line 6696)
Warning: unknown variable 'r_min' in bounds section (line 6697)
Read LP format model from file E:\codes\ExactEBRP\results\gf_c0_mechanism_transfer_c5_round30\development\V12_M1__c5_candidate__60s\external\models\L3.0.0.1.lp
Reading time = 0.02 seconds
obj: 6225 rows, 648 columns, 59365 nonzeros
Set parameter TimeLimit to value 7.9910900000000140e-01
Warning: unknown variable 'r_max' in bounds section (line 6696)
Warning: unknown variable 'r_min' in bounds section (line 6697)
Read LP format model from file E:\codes\ExactEBRP\results\gf_c0_mechanism_transfer_c5_round30\development\V12_M1__c5_candidate__60s\external\models\L3.0.0.0.0.lp
Reading time = 0.02 seconds
obj: 6225 rows, 648 columns, 59365 nonzeros
Set parameter TimeLimit to value 6.4452090000000339e-01
Warning: unknown variable 'r_max' in bounds section (line 6696)
Warning: unknown variable 'r_min' in bounds section (line 6697)
Read LP format model from file E:\codes\ExactEBRP\results\gf_c0_mechanism_transfer_c5_round30\development\V12_M1__c5_candidate__60s\external\models\L3.0.0.0.1.lp
Reading time = 0.01 seconds
obj: 6225 rows, 648 columns, 59365 nonzeros
Set parameter TimeLimit to value 4.9068319999999943e-01
Warning: unknown variable 'r_max' in bounds section (line 6696)
Warning: unknown variable 'r_min' in bounds section (line 6697)
Read LP format model from file E:\codes\ExactEBRP\results\gf_c0_mechanism_transfer_c5_round30\development\V12_M1__c5_candidate__60s\external\models\L3.0.0.0.0.0.lp
Reading time = 0.02 seconds
obj: 6225 rows, 648 columns, 59365 nonzeros
Set parameter TimeLimit to value 3.2508150000000313e-01
Warning: unknown variable 'r_max' in bounds section (line 6696)
Warning: unknown variable 'r_min' in bounds section (line 6697)
Read LP format model from file E:\codes\ExactEBRP\results\gf_c0_mechanism_transfer_c5_round30\development\V12_M1__c5_candidate__60s\external\models\L3.0.0.0.0.1.lp
Reading time = 0.02 seconds
obj: 6225 rows, 648 columns, 59365 nonzeros
Set parameter TimeLimit to value 1.7093090000000188e-01
