
Gurobi 13.0.2 (win64) logging started Thu Jul 23 04:14:06 2026

Set parameter LogFile to value "E:\codes\ExactEBRP\results\gf_cplex_equivalent_gurobi_replica_round28\runs\stage0_sentinel__moderate_seed4301__c2_paper__120s\native.log"
Set parameter Threads to value 1
Set parameter Presolve to value -1
Set parameter Seed to value 0
Set parameter MIPGap to value 0
Set parameter MIPGapAbs to value 0
Warning: unknown variable 'r_max' in bounds section (line 13950)
Warning: unknown variable 'r_min' in bounds section (line 13951)
Read LP format model from file E:\codes\ExactEBRP\results\gf_cplex_equivalent_gurobi_replica_round28\runs\stage0_sentinel__moderate_seed4301__c2_paper__120s\external\models\L0.lp
Reading time = 0.02 seconds
obj: 11911 rows, 3376 columns, 67111 nonzeros
Set parameter TimeLimit to value 8.1380923699999983e+01
Warning: unknown variable 'r_max' in bounds section (line 13950)
Warning: unknown variable 'r_min' in bounds section (line 13951)
Read LP format model from file E:\codes\ExactEBRP\results\gf_cplex_equivalent_gurobi_replica_round28\runs\stage0_sentinel__moderate_seed4301__c2_paper__120s\external\models\L0.0.lp
Reading time = 0.02 seconds
obj: 11911 rows, 3376 columns, 67111 nonzeros
Set parameter TimeLimit to value 8.1061092699999989e+01
Warning: unknown variable 'r_max' in bounds section (line 13950)
Warning: unknown variable 'r_min' in bounds section (line 13951)
Read LP format model from file E:\codes\ExactEBRP\results\gf_cplex_equivalent_gurobi_replica_round28\runs\stage0_sentinel__moderate_seed4301__c2_paper__120s\external\models\L0.1.lp
Reading time = 0.02 seconds
obj: 11911 rows, 3376 columns, 67353 nonzeros
Set parameter TimeLimit to value 8.0741689399999984e+01
Warning: unknown variable 'r_max' in bounds section (line 13950)
Warning: unknown variable 'r_min' in bounds section (line 13951)
Read LP format model from file E:\codes\ExactEBRP\results\gf_cplex_equivalent_gurobi_replica_round28\runs\stage0_sentinel__moderate_seed4301__c2_paper__120s\external\models\L0.0.0.lp
Reading time = 0.02 seconds
obj: 11911 rows, 3376 columns, 67111 nonzeros
Set parameter TimeLimit to value 8.0436625299999989e+01
Warning: unknown variable 'r_max' in bounds section (line 13950)
Warning: unknown variable 'r_min' in bounds section (line 13951)
Read LP format model from file E:\codes\ExactEBRP\results\gf_cplex_equivalent_gurobi_replica_round28\runs\stage0_sentinel__moderate_seed4301__c2_paper__120s\external\models\L0.0.1.lp
Reading time = 0.02 seconds
obj: 11911 rows, 3376 columns, 67353 nonzeros
Set parameter TimeLimit to value 8.0152225499999986e+01
Warning: unknown variable 'r_max' in bounds section (line 13950)
Warning: unknown variable 'r_min' in bounds section (line 13951)
Read LP format model from file E:\codes\ExactEBRP\results\gf_cplex_equivalent_gurobi_replica_round28\runs\stage0_sentinel__moderate_seed4301__c2_paper__120s\external\models\L0.0.0.0.lp
Reading time = 0.02 seconds
obj: 11911 rows, 3376 columns, 67111 nonzeros
Set parameter TimeLimit to value 7.9867021599999987e+01
Warning: unknown variable 'r_max' in bounds section (line 13950)
Warning: unknown variable 'r_min' in bounds section (line 13951)
Read LP format model from file E:\codes\ExactEBRP\results\gf_cplex_equivalent_gurobi_replica_round28\runs\stage0_sentinel__moderate_seed4301__c2_paper__120s\external\models\L0.0.0.1.lp
Reading time = 0.02 seconds
obj: 11911 rows, 3376 columns, 67353 nonzeros
Set parameter TimeLimit to value 7.9714841299999989e+01
Warning: unknown variable 'r_max' in bounds section (line 13950)
Warning: unknown variable 'r_min' in bounds section (line 13951)
Read LP format model from file E:\codes\ExactEBRP\results\gf_cplex_equivalent_gurobi_replica_round28\runs\stage0_sentinel__moderate_seed4301__c2_paper__120s\external\models\L0.0.0.1.0.lp
Reading time = 0.02 seconds
obj: 11911 rows, 3376 columns, 67353 nonzeros
Set parameter TimeLimit to value 7.9430783899999980e+01
Warning: unknown variable 'r_max' in bounds section (line 13950)
Warning: unknown variable 'r_min' in bounds section (line 13951)
Read LP format model from file E:\codes\ExactEBRP\results\gf_cplex_equivalent_gurobi_replica_round28\runs\stage0_sentinel__moderate_seed4301__c2_paper__120s\external\models\L0.0.0.1.1.lp
Reading time = 0.02 seconds
obj: 11911 rows, 3376 columns, 67353 nonzeros
Set parameter TimeLimit to value 7.9143115099999989e+01
Warning: unknown variable 'r_max' in bounds section (line 13950)
Warning: unknown variable 'r_min' in bounds section (line 13951)
Read LP format model from file E:\codes\ExactEBRP\results\gf_cplex_equivalent_gurobi_replica_round28\runs\stage0_sentinel__moderate_seed4301__c2_paper__120s\external\models\L0.0.0.1.0.0.lp
Reading time = 0.02 seconds
obj: 11911 rows, 3376 columns, 67353 nonzeros
Set parameter TimeLimit to value 7.8838473599999986e+01
Warning: unknown variable 'r_max' in bounds section (line 13950)
Warning: unknown variable 'r_min' in bounds section (line 13951)
Read LP format model from file E:\codes\ExactEBRP\results\gf_cplex_equivalent_gurobi_replica_round28\runs\stage0_sentinel__moderate_seed4301__c2_paper__120s\external\models\L0.0.0.1.0.1.lp
Reading time = 0.02 seconds
obj: 11911 rows, 3376 columns, 67353 nonzeros
Set parameter TimeLimit to value 7.8554534799999985e+01
Warning: unknown variable 'r_max' in bounds section (line 13950)
Warning: unknown variable 'r_min' in bounds section (line 13951)
Read LP format model from file E:\codes\ExactEBRP\results\gf_cplex_equivalent_gurobi_replica_round28\runs\stage0_sentinel__moderate_seed4301__c2_paper__120s\external\models\L0.0.0.1.1.0.lp
Reading time = 0.02 seconds
obj: 11911 rows, 3376 columns, 67353 nonzeros
Set parameter TimeLimit to value 7.8269384099999982e+01
Warning: unknown variable 'r_max' in bounds section (line 13950)
Warning: unknown variable 'r_min' in bounds section (line 13951)
Read LP format model from file E:\codes\ExactEBRP\results\gf_cplex_equivalent_gurobi_replica_round28\runs\stage0_sentinel__moderate_seed4301__c2_paper__120s\external\models\L0.0.0.1.1.1.lp
Reading time = 0.02 seconds
obj: 11911 rows, 3376 columns, 67353 nonzeros
Set parameter TimeLimit to value 7.7962334199999987e+01
Warning: unknown variable 'r_max' in bounds section (line 13950)
Warning: unknown variable 'r_min' in bounds section (line 13951)
Read LP format model from file E:\codes\ExactEBRP\results\gf_cplex_equivalent_gurobi_replica_round28\runs\stage0_sentinel__moderate_seed4301__c2_paper__120s\external\models\L0.0.0.1.0.0.0.lp
Reading time = 0.02 seconds
obj: 11911 rows, 3376 columns, 67353 nonzeros
Set parameter TimeLimit to value 7.7679201899999981e+01
Warning: unknown variable 'r_max' in bounds section (line 13950)
Warning: unknown variable 'r_min' in bounds section (line 13951)
Read LP format model from file E:\codes\ExactEBRP\results\gf_cplex_equivalent_gurobi_replica_round28\runs\stage0_sentinel__moderate_seed4301__c2_paper__120s\external\models\L0.0.0.1.0.0.1.lp
Reading time = 0.02 seconds
obj: 11911 rows, 3376 columns, 67353 nonzeros
Set parameter TimeLimit to value 7.7407495099999991e+01
Warning: unknown variable 'r_max' in bounds section (line 13950)
Warning: unknown variable 'r_min' in bounds section (line 13951)
Read LP format model from file E:\codes\ExactEBRP\results\gf_cplex_equivalent_gurobi_replica_round28\runs\stage0_sentinel__moderate_seed4301__c2_paper__120s\external\models\L0.0.0.1.0.1.0.lp
Reading time = 0.02 seconds
obj: 11911 rows, 3376 columns, 67353 nonzeros
Set parameter TimeLimit to value 7.7100053499999987e+01
Warning: unknown variable 'r_max' in bounds section (line 13950)
Warning: unknown variable 'r_min' in bounds section (line 13951)
Read LP format model from file E:\codes\ExactEBRP\results\gf_cplex_equivalent_gurobi_replica_round28\runs\stage0_sentinel__moderate_seed4301__c2_paper__120s\external\models\L0.0.0.1.0.1.1.lp
Reading time = 0.02 seconds
obj: 11911 rows, 3376 columns, 67353 nonzeros
Set parameter TimeLimit to value 7.6798734399999987e+01
Warning: unknown variable 'r_max' in bounds section (line 13950)
Warning: unknown variable 'r_min' in bounds section (line 13951)
Read LP format model from file E:\codes\ExactEBRP\results\gf_cplex_equivalent_gurobi_replica_round28\runs\stage0_sentinel__moderate_seed4301__c2_paper__120s\external\models\L0.0.0.1.0.0.0.lp
Reading time = 0.02 seconds
obj: 11911 rows, 3376 columns, 67353 nonzeros
Set parameter TimeLimit to value 7.6613649899999984e+01
Warning: unknown variable 'r_max' in bounds section (line 13950)
Warning: unknown variable 'r_min' in bounds section (line 13951)
Read LP format model from file E:\codes\ExactEBRP\results\gf_cplex_equivalent_gurobi_replica_round28\runs\stage0_sentinel__moderate_seed4301__c2_paper__120s\external\models\L0.0.0.1.0.0.1.lp
Reading time = 0.02 seconds
obj: 11911 rows, 3376 columns, 67353 nonzeros
Set parameter TimeLimit to value 7.6572403299999991e+01
Warning: unknown variable 'r_max' in bounds section (line 13950)
Warning: unknown variable 'r_min' in bounds section (line 13951)
Read LP format model from file E:\codes\ExactEBRP\results\gf_cplex_equivalent_gurobi_replica_round28\runs\stage0_sentinel__moderate_seed4301__c2_paper__120s\external\models\L0.0.0.1.1.0.0.lp
Reading time = 0.02 seconds
obj: 11911 rows, 3376 columns, 67353 nonzeros
Set parameter TimeLimit to value 7.6416682899999984e+01
Warning: unknown variable 'r_max' in bounds section (line 13950)
Warning: unknown variable 'r_min' in bounds section (line 13951)
Read LP format model from file E:\codes\ExactEBRP\results\gf_cplex_equivalent_gurobi_replica_round28\runs\stage0_sentinel__moderate_seed4301__c2_paper__120s\external\models\L0.0.0.1.1.0.1.lp
Reading time = 0.02 seconds
obj: 11911 rows, 3376 columns, 67353 nonzeros
Set parameter TimeLimit to value 7.6130331499999983e+01
Warning: unknown variable 'r_max' in bounds section (line 13950)
Warning: unknown variable 'r_min' in bounds section (line 13951)
Read LP format model from file E:\codes\ExactEBRP\results\gf_cplex_equivalent_gurobi_replica_round28\runs\stage0_sentinel__moderate_seed4301__c2_paper__120s\external\models\L0.0.0.1.0.1.0.lp
Reading time = 0.02 seconds
obj: 11911 rows, 3376 columns, 67353 nonzeros
Set parameter TimeLimit to value 7.5965610999999981e+01
Warning: unknown variable 'r_max' in bounds section (line 13950)
Warning: unknown variable 'r_min' in bounds section (line 13951)
Read LP format model from file E:\codes\ExactEBRP\results\gf_cplex_equivalent_gurobi_replica_round28\runs\stage0_sentinel__moderate_seed4301__c2_paper__120s\external\models\L0.0.0.1.0.1.1.lp
Reading time = 0.02 seconds
obj: 11911 rows, 3376 columns, 67353 nonzeros
Set parameter TimeLimit to value 7.5921801499999987e+01
Warning: unknown variable 'r_max' in bounds section (line 13950)
Warning: unknown variable 'r_min' in bounds section (line 13951)
Read LP format model from file E:\codes\ExactEBRP\results\gf_cplex_equivalent_gurobi_replica_round28\runs\stage0_sentinel__moderate_seed4301__c2_paper__120s\external\models\L0.0.0.1.1.1.0.lp
Reading time = 0.02 seconds
obj: 11911 rows, 3376 columns, 67353 nonzeros
Set parameter TimeLimit to value 7.5766210899999990e+01
Warning: unknown variable 'r_max' in bounds section (line 13950)
Warning: unknown variable 'r_min' in bounds section (line 13951)
Read LP format model from file E:\codes\ExactEBRP\results\gf_cplex_equivalent_gurobi_replica_round28\runs\stage0_sentinel__moderate_seed4301__c2_paper__120s\external\models\L0.0.0.1.1.1.1.lp
Reading time = 0.02 seconds
obj: 11911 rows, 3376 columns, 67353 nonzeros
Set parameter TimeLimit to value 7.5469347599999992e+01
Warning: unknown variable 'r_max' in bounds section (line 13950)
Warning: unknown variable 'r_min' in bounds section (line 13951)
Read LP format model from file E:\codes\ExactEBRP\results\gf_cplex_equivalent_gurobi_replica_round28\runs\stage0_sentinel__moderate_seed4301__c2_paper__120s\external\models\L0.0.0.1.1.0.0.lp
Reading time = 0.02 seconds
obj: 11911 rows, 3376 columns, 67353 nonzeros
Set parameter TimeLimit to value 7.5288828899999984e+01
Warning: unknown variable 'r_max' in bounds section (line 13950)
Warning: unknown variable 'r_min' in bounds section (line 13951)
Read LP format model from file E:\codes\ExactEBRP\results\gf_cplex_equivalent_gurobi_replica_round28\runs\stage0_sentinel__moderate_seed4301__c2_paper__120s\external\models\L0.0.0.1.1.0.1.lp
Reading time = 0.02 seconds
obj: 11911 rows, 3376 columns, 67353 nonzeros
Set parameter TimeLimit to value 7.5245572599999988e+01
Warning: unknown variable 'r_max' in bounds section (line 13950)
Warning: unknown variable 'r_min' in bounds section (line 13951)
Read LP format model from file E:\codes\ExactEBRP\results\gf_cplex_equivalent_gurobi_replica_round28\runs\stage0_sentinel__moderate_seed4301__c2_paper__120s\external\models\L0.0.0.1.1.1.0.lp
Reading time = 0.02 seconds
obj: 11911 rows, 3376 columns, 67353 nonzeros
Set parameter TimeLimit to value 7.5203805599999981e+01
Warning: unknown variable 'r_max' in bounds section (line 13950)
Warning: unknown variable 'r_min' in bounds section (line 13951)
Read LP format model from file E:\codes\ExactEBRP\results\gf_cplex_equivalent_gurobi_replica_round28\runs\stage0_sentinel__moderate_seed4301__c2_paper__120s\external\models\L0.0.0.1.1.1.1.lp
Reading time = 0.02 seconds
obj: 11911 rows, 3376 columns, 67353 nonzeros
Set parameter TimeLimit to value 7.5162829399999993e+01
Warning: unknown variable 'r_max' in bounds section (line 13950)
Warning: unknown variable 'r_min' in bounds section (line 13951)
Read LP format model from file E:\codes\ExactEBRP\results\gf_cplex_equivalent_gurobi_replica_round28\runs\stage0_sentinel__moderate_seed4301__c2_paper__120s\external\models\L0.0.1.0.lp
Reading time = 0.02 seconds
obj: 11911 rows, 3376 columns, 67353 nonzeros
Set parameter TimeLimit to value 7.5009582999999992e+01
Warning: unknown variable 'r_max' in bounds section (line 13950)
Warning: unknown variable 'r_min' in bounds section (line 13951)
Read LP format model from file E:\codes\ExactEBRP\results\gf_cplex_equivalent_gurobi_replica_round28\runs\stage0_sentinel__moderate_seed4301__c2_paper__120s\external\models\L0.0.1.1.lp
Reading time = 0.02 seconds
obj: 11911 rows, 3376 columns, 67353 nonzeros
Set parameter TimeLimit to value 7.4711357799999988e+01
Warning: unknown variable 'r_max' in bounds section (line 13950)
Warning: unknown variable 'r_min' in bounds section (line 13951)
Read LP format model from file E:\codes\ExactEBRP\results\gf_cplex_equivalent_gurobi_replica_round28\runs\stage0_sentinel__moderate_seed4301__c2_paper__120s\external\models\L0.0.1.0.0.lp
Reading time = 0.02 seconds
obj: 11911 rows, 3376 columns, 67353 nonzeros
Set parameter TimeLimit to value 7.4410922199999987e+01
Warning: unknown variable 'r_max' in bounds section (line 13950)
Warning: unknown variable 'r_min' in bounds section (line 13951)
Read LP format model from file E:\codes\ExactEBRP\results\gf_cplex_equivalent_gurobi_replica_round28\runs\stage0_sentinel__moderate_seed4301__c2_paper__120s\external\models\L0.0.1.0.1.lp
Reading time = 0.02 seconds
obj: 11911 rows, 3376 columns, 67353 nonzeros
Set parameter TimeLimit to value 7.4102036599999991e+01
Warning: unknown variable 'r_max' in bounds section (line 13950)
Warning: unknown variable 'r_min' in bounds section (line 13951)
Read LP format model from file E:\codes\ExactEBRP\results\gf_cplex_equivalent_gurobi_replica_round28\runs\stage0_sentinel__moderate_seed4301__c2_paper__120s\external\models\L0.0.1.0.0.0.lp
Reading time = 0.02 seconds
obj: 11911 rows, 3376 columns, 67353 nonzeros
Set parameter TimeLimit to value 7.3796618199999983e+01
Warning: unknown variable 'r_max' in bounds section (line 13950)
Warning: unknown variable 'r_min' in bounds section (line 13951)
Read LP format model from file E:\codes\ExactEBRP\results\gf_cplex_equivalent_gurobi_replica_round28\runs\stage0_sentinel__moderate_seed4301__c2_paper__120s\external\models\L0.0.1.0.0.1.lp
Reading time = 0.02 seconds
obj: 11911 rows, 3376 columns, 67353 nonzeros
Set parameter TimeLimit to value 7.3505396699999991e+01
Warning: unknown variable 'r_max' in bounds section (line 13950)
Warning: unknown variable 'r_min' in bounds section (line 13951)
Read LP format model from file E:\codes\ExactEBRP\results\gf_cplex_equivalent_gurobi_replica_round28\runs\stage0_sentinel__moderate_seed4301__c2_paper__120s\external\models\L0.0.1.0.0.0.0.lp
Reading time = 0.02 seconds
obj: 11911 rows, 3376 columns, 67353 nonzeros
Set parameter TimeLimit to value 7.3200771399999979e+01
Warning: unknown variable 'r_max' in bounds section (line 13950)
Warning: unknown variable 'r_min' in bounds section (line 13951)
Read LP format model from file E:\codes\ExactEBRP\results\gf_cplex_equivalent_gurobi_replica_round28\runs\stage0_sentinel__moderate_seed4301__c2_paper__120s\external\models\L0.0.1.0.0.0.1.lp
Reading time = 0.02 seconds
obj: 11911 rows, 3376 columns, 67353 nonzeros
Set parameter TimeLimit to value 7.2889030699999992e+01
Warning: unknown variable 'r_max' in bounds section (line 13950)
Warning: unknown variable 'r_min' in bounds section (line 13951)
Read LP format model from file E:\codes\ExactEBRP\results\gf_cplex_equivalent_gurobi_replica_round28\runs\stage0_sentinel__moderate_seed4301__c2_paper__120s\external\models\L0.0.1.0.0.0.0.lp
Reading time = 0.02 seconds
obj: 11911 rows, 3376 columns, 67353 nonzeros
Set parameter TimeLimit to value 7.2706111299999989e+01
Warning: unknown variable 'r_max' in bounds section (line 13950)
Warning: unknown variable 'r_min' in bounds section (line 13951)
Read LP format model from file E:\codes\ExactEBRP\results\gf_cplex_equivalent_gurobi_replica_round28\runs\stage0_sentinel__moderate_seed4301__c2_paper__120s\external\models\L0.0.1.0.0.0.1.lp
Reading time = 0.02 seconds
obj: 11911 rows, 3376 columns, 67353 nonzeros
Set parameter TimeLimit to value 7.2665206999999981e+01
Warning: unknown variable 'r_max' in bounds section (line 13950)
Warning: unknown variable 'r_min' in bounds section (line 13951)
Read LP format model from file E:\codes\ExactEBRP\results\gf_cplex_equivalent_gurobi_replica_round28\runs\stage0_sentinel__moderate_seed4301__c2_paper__120s\external\models\L0.0.1.0.0.1.0.lp
Reading time = 0.02 seconds
obj: 11911 rows, 3376 columns, 67353 nonzeros
Set parameter TimeLimit to value 7.2511468399999984e+01
Warning: unknown variable 'r_max' in bounds section (line 13950)
Warning: unknown variable 'r_min' in bounds section (line 13951)
Read LP format model from file E:\codes\ExactEBRP\results\gf_cplex_equivalent_gurobi_replica_round28\runs\stage0_sentinel__moderate_seed4301__c2_paper__120s\external\models\L0.0.1.0.0.1.1.lp
Reading time = 0.02 seconds
obj: 11911 rows, 3376 columns, 67353 nonzeros
Set parameter TimeLimit to value 7.2209938899999983e+01
Warning: unknown variable 'r_max' in bounds section (line 13950)
Warning: unknown variable 'r_min' in bounds section (line 13951)
Read LP format model from file E:\codes\ExactEBRP\results\gf_cplex_equivalent_gurobi_replica_round28\runs\stage0_sentinel__moderate_seed4301__c2_paper__120s\external\models\L0.0.1.0.0.1.0.lp
Reading time = 0.02 seconds
obj: 11911 rows, 3376 columns, 67353 nonzeros
Set parameter TimeLimit to value 7.2030311199999986e+01
Warning: unknown variable 'r_max' in bounds section (line 13950)
Warning: unknown variable 'r_min' in bounds section (line 13951)
Read LP format model from file E:\codes\ExactEBRP\results\gf_cplex_equivalent_gurobi_replica_round28\runs\stage0_sentinel__moderate_seed4301__c2_paper__120s\external\models\L0.0.1.0.0.1.1.lp
Reading time = 0.02 seconds
obj: 11911 rows, 3376 columns, 67353 nonzeros
Set parameter TimeLimit to value 71.9892137
Warning: unknown variable 'r_max' in bounds section (line 13950)
Warning: unknown variable 'r_min' in bounds section (line 13951)
Read LP format model from file E:\codes\ExactEBRP\results\gf_cplex_equivalent_gurobi_replica_round28\runs\stage0_sentinel__moderate_seed4301__c2_paper__120s\external\models\L0.0.1.0.1.0.lp
Reading time = 0.02 seconds
obj: 11911 rows, 3376 columns, 67353 nonzeros
Set parameter TimeLimit to value 7.1833264999999983e+01
Warning: unknown variable 'r_max' in bounds section (line 13950)
Warning: unknown variable 'r_min' in bounds section (line 13951)
Read LP format model from file E:\codes\ExactEBRP\results\gf_cplex_equivalent_gurobi_replica_round28\runs\stage0_sentinel__moderate_seed4301__c2_paper__120s\external\models\L0.0.1.0.1.1.lp
Reading time = 0.02 seconds
obj: 11911 rows, 3376 columns, 67353 nonzeros
Set parameter TimeLimit to value 7.1538638399999982e+01
Warning: unknown variable 'r_max' in bounds section (line 13950)
Warning: unknown variable 'r_min' in bounds section (line 13951)
Read LP format model from file E:\codes\ExactEBRP\results\gf_cplex_equivalent_gurobi_replica_round28\runs\stage0_sentinel__moderate_seed4301__c2_paper__120s\external\models\L0.0.1.0.1.0.0.lp
Reading time = 0.02 seconds
obj: 11911 rows, 3376 columns, 67353 nonzeros
Set parameter TimeLimit to value 7.1253503399999985e+01
Warning: unknown variable 'r_max' in bounds section (line 13950)
Warning: unknown variable 'r_min' in bounds section (line 13951)
Read LP format model from file E:\codes\ExactEBRP\results\gf_cplex_equivalent_gurobi_replica_round28\runs\stage0_sentinel__moderate_seed4301__c2_paper__120s\external\models\L0.0.1.0.1.0.1.lp
Reading time = 0.02 seconds
obj: 11911 rows, 3376 columns, 67353 nonzeros
Set parameter TimeLimit to value 7.0958076599999984e+01
Warning: unknown variable 'r_max' in bounds section (line 13950)
Warning: unknown variable 'r_min' in bounds section (line 13951)
Read LP format model from file E:\codes\ExactEBRP\results\gf_cplex_equivalent_gurobi_replica_round28\runs\stage0_sentinel__moderate_seed4301__c2_paper__120s\external\models\L0.0.1.0.1.0.0.lp
Reading time = 0.02 seconds
obj: 11911 rows, 3376 columns, 67353 nonzeros
Set parameter TimeLimit to value 7.0779542899999981e+01
Warning: unknown variable 'r_max' in bounds section (line 13950)
Warning: unknown variable 'r_min' in bounds section (line 13951)
Read LP format model from file E:\codes\ExactEBRP\results\gf_cplex_equivalent_gurobi_replica_round28\runs\stage0_sentinel__moderate_seed4301__c2_paper__120s\external\models\L0.0.1.0.1.0.1.lp
Reading time = 0.02 seconds
obj: 11911 rows, 3376 columns, 67353 nonzeros
Set parameter TimeLimit to value 7.0737602499999980e+01
Warning: unknown variable 'r_max' in bounds section (line 13950)
Warning: unknown variable 'r_min' in bounds section (line 13951)
Read LP format model from file E:\codes\ExactEBRP\results\gf_cplex_equivalent_gurobi_replica_round28\runs\stage0_sentinel__moderate_seed4301__c2_paper__120s\external\models\L0.0.1.0.1.1.0.lp
Reading time = 0.02 seconds
obj: 11911 rows, 3376 columns, 67353 nonzeros
Set parameter TimeLimit to value 7.0582648799999987e+01
Warning: unknown variable 'r_max' in bounds section (line 13950)
Warning: unknown variable 'r_min' in bounds section (line 13951)
Read LP format model from file E:\codes\ExactEBRP\results\gf_cplex_equivalent_gurobi_replica_round28\runs\stage0_sentinel__moderate_seed4301__c2_paper__120s\external\models\L0.0.1.0.1.1.1.lp
Reading time = 0.02 seconds
obj: 11911 rows, 3376 columns, 67353 nonzeros
Set parameter TimeLimit to value 7.0300243299999991e+01
Warning: unknown variable 'r_max' in bounds section (line 13950)
Warning: unknown variable 'r_min' in bounds section (line 13951)
Read LP format model from file E:\codes\ExactEBRP\results\gf_cplex_equivalent_gurobi_replica_round28\runs\stage0_sentinel__moderate_seed4301__c2_paper__120s\external\models\L0.0.1.0.1.1.0.lp
Reading time = 0.02 seconds
obj: 11911 rows, 3376 columns, 67353 nonzeros
Set parameter TimeLimit to value 7.0116980999999981e+01
Warning: unknown variable 'r_max' in bounds section (line 13950)
Warning: unknown variable 'r_min' in bounds section (line 13951)
Read LP format model from file E:\codes\ExactEBRP\results\gf_cplex_equivalent_gurobi_replica_round28\runs\stage0_sentinel__moderate_seed4301__c2_paper__120s\external\models\L0.0.1.0.1.1.1.lp
Reading time = 0.02 seconds
obj: 11911 rows, 3376 columns, 67353 nonzeros
Set parameter TimeLimit to value 7.0072275699999992e+01
Warning: unknown variable 'r_max' in bounds section (line 13950)
Warning: unknown variable 'r_min' in bounds section (line 13951)
Read LP format model from file E:\codes\ExactEBRP\results\gf_cplex_equivalent_gurobi_replica_round28\runs\stage0_sentinel__moderate_seed4301__c2_paper__120s\external\models\L0.0.1.1.0.lp
Reading time = 0.02 seconds
obj: 11911 rows, 3376 columns, 67353 nonzeros
Set parameter TimeLimit to value 6.9918688499999988e+01
Warning: unknown variable 'r_max' in bounds section (line 13950)
Warning: unknown variable 'r_min' in bounds section (line 13951)
Read LP format model from file E:\codes\ExactEBRP\results\gf_cplex_equivalent_gurobi_replica_round28\runs\stage0_sentinel__moderate_seed4301__c2_paper__120s\external\models\L0.0.1.1.1.lp
Reading time = 0.02 seconds
obj: 11911 rows, 3376 columns, 67353 nonzeros
Set parameter TimeLimit to value 6.9610903099999987e+01
Warning: unknown variable 'r_max' in bounds section (line 13950)
Warning: unknown variable 'r_min' in bounds section (line 13951)
Read LP format model from file E:\codes\ExactEBRP\results\gf_cplex_equivalent_gurobi_replica_round28\runs\stage0_sentinel__moderate_seed4301__c2_paper__120s\external\models\L0.0.1.1.0.0.lp
Reading time = 0.02 seconds
obj: 11911 rows, 3376 columns, 67353 nonzeros
Set parameter TimeLimit to value 6.9321353499999987e+01
Warning: unknown variable 'r_max' in bounds section (line 13950)
Warning: unknown variable 'r_min' in bounds section (line 13951)
Read LP format model from file E:\codes\ExactEBRP\results\gf_cplex_equivalent_gurobi_replica_round28\runs\stage0_sentinel__moderate_seed4301__c2_paper__120s\external\models\L0.0.1.1.0.1.lp
Reading time = 0.02 seconds
obj: 11911 rows, 3376 columns, 67353 nonzeros
Set parameter TimeLimit to value 69.0340938
Warning: unknown variable 'r_max' in bounds section (line 13950)
Warning: unknown variable 'r_min' in bounds section (line 13951)
Read LP format model from file E:\codes\ExactEBRP\results\gf_cplex_equivalent_gurobi_replica_round28\runs\stage0_sentinel__moderate_seed4301__c2_paper__120s\external\models\L0.0.1.1.0.0.0.lp
Reading time = 0.02 seconds
obj: 11911 rows, 3376 columns, 67353 nonzeros
Set parameter TimeLimit to value 6.8721780199999984e+01
Warning: unknown variable 'r_max' in bounds section (line 13950)
Warning: unknown variable 'r_min' in bounds section (line 13951)
Read LP format model from file E:\codes\ExactEBRP\results\gf_cplex_equivalent_gurobi_replica_round28\runs\stage0_sentinel__moderate_seed4301__c2_paper__120s\external\models\L0.0.1.1.0.0.1.lp
Reading time = 0.02 seconds
obj: 11911 rows, 3376 columns, 67353 nonzeros
Set parameter TimeLimit to value 6.8430222099999980e+01
Warning: unknown variable 'r_max' in bounds section (line 13950)
Warning: unknown variable 'r_min' in bounds section (line 13951)
Read LP format model from file E:\codes\ExactEBRP\results\gf_cplex_equivalent_gurobi_replica_round28\runs\stage0_sentinel__moderate_seed4301__c2_paper__120s\external\models\L0.0.1.1.0.0.0.lp
Reading time = 0.02 seconds
obj: 11911 rows, 3376 columns, 67353 nonzeros
Set parameter TimeLimit to value 6.8255954699999990e+01
Warning: unknown variable 'r_max' in bounds section (line 13950)
Warning: unknown variable 'r_min' in bounds section (line 13951)
Read LP format model from file E:\codes\ExactEBRP\results\gf_cplex_equivalent_gurobi_replica_round28\runs\stage0_sentinel__moderate_seed4301__c2_paper__120s\external\models\L0.0.1.1.0.0.1.lp
Reading time = 0.02 seconds
obj: 11911 rows, 3376 columns, 67353 nonzeros
Set parameter TimeLimit to value 68.2132293
Warning: unknown variable 'r_max' in bounds section (line 13950)
Warning: unknown variable 'r_min' in bounds section (line 13951)
Read LP format model from file E:\codes\ExactEBRP\results\gf_cplex_equivalent_gurobi_replica_round28\runs\stage0_sentinel__moderate_seed4301__c2_paper__120s\external\models\L0.0.1.1.0.1.0.lp
Reading time = 0.02 seconds
obj: 11911 rows, 3376 columns, 67353 nonzeros
Set parameter TimeLimit to value 6.7951902299999986e+01
Warning: unknown variable 'r_max' in bounds section (line 13950)
Warning: unknown variable 'r_min' in bounds section (line 13951)
Read LP format model from file E:\codes\ExactEBRP\results\gf_cplex_equivalent_gurobi_replica_round28\runs\stage0_sentinel__moderate_seed4301__c2_paper__120s\external\models\L0.0.1.1.0.1.1.lp
Reading time = 0.02 seconds
obj: 11911 rows, 3376 columns, 67353 nonzeros
Set parameter TimeLimit to value 6.7642574099999990e+01
Warning: unknown variable 'r_max' in bounds section (line 13950)
Warning: unknown variable 'r_min' in bounds section (line 13951)
Read LP format model from file E:\codes\ExactEBRP\results\gf_cplex_equivalent_gurobi_replica_round28\runs\stage0_sentinel__moderate_seed4301__c2_paper__120s\external\models\L0.0.1.1.0.1.0.lp
Reading time = 0.02 seconds
obj: 11911 rows, 3376 columns, 67353 nonzeros
Set parameter TimeLimit to value 6.7457973499999980e+01
Warning: unknown variable 'r_max' in bounds section (line 13950)
Warning: unknown variable 'r_min' in bounds section (line 13951)
Read LP format model from file E:\codes\ExactEBRP\results\gf_cplex_equivalent_gurobi_replica_round28\runs\stage0_sentinel__moderate_seed4301__c2_paper__120s\external\models\L0.0.1.1.0.1.1.lp
Reading time = 0.02 seconds
obj: 11911 rows, 3376 columns, 67353 nonzeros
Set parameter TimeLimit to value 6.7309429699999981e+01
Warning: unknown variable 'r_max' in bounds section (line 13950)
Warning: unknown variable 'r_min' in bounds section (line 13951)
Read LP format model from file E:\codes\ExactEBRP\results\gf_cplex_equivalent_gurobi_replica_round28\runs\stage0_sentinel__moderate_seed4301__c2_paper__120s\external\models\L0.0.1.1.1.0.lp
Reading time = 0.02 seconds
obj: 11911 rows, 3376 columns, 67353 nonzeros
Set parameter TimeLimit to value 6.6937511199999989e+01
Warning: unknown variable 'r_max' in bounds section (line 13950)
Warning: unknown variable 'r_min' in bounds section (line 13951)
Read LP format model from file E:\codes\ExactEBRP\results\gf_cplex_equivalent_gurobi_replica_round28\runs\stage0_sentinel__moderate_seed4301__c2_paper__120s\external\models\L0.0.1.1.1.1.lp
Reading time = 0.02 seconds
obj: 11911 rows, 3376 columns, 67353 nonzeros
Set parameter TimeLimit to value 6.6637461699999989e+01
Warning: unknown variable 'r_max' in bounds section (line 13950)
Warning: unknown variable 'r_min' in bounds section (line 13951)
Read LP format model from file E:\codes\ExactEBRP\results\gf_cplex_equivalent_gurobi_replica_round28\runs\stage0_sentinel__moderate_seed4301__c2_paper__120s\external\models\L0.0.1.1.1.0.0.lp
Reading time = 0.02 seconds
obj: 11911 rows, 3376 columns, 67353 nonzeros
Set parameter TimeLimit to value 6.6339796899999982e+01
Warning: unknown variable 'r_max' in bounds section (line 13950)
Warning: unknown variable 'r_min' in bounds section (line 13951)
Read LP format model from file E:\codes\ExactEBRP\results\gf_cplex_equivalent_gurobi_replica_round28\runs\stage0_sentinel__moderate_seed4301__c2_paper__120s\external\models\L0.0.1.1.1.0.1.lp
Reading time = 0.02 seconds
obj: 11911 rows, 3376 columns, 67353 nonzeros
Set parameter TimeLimit to value 6.6015528599999982e+01
Warning: unknown variable 'r_max' in bounds section (line 13950)
Warning: unknown variable 'r_min' in bounds section (line 13951)
Read LP format model from file E:\codes\ExactEBRP\results\gf_cplex_equivalent_gurobi_replica_round28\runs\stage0_sentinel__moderate_seed4301__c2_paper__120s\external\models\L0.0.1.1.1.0.0.lp
Reading time = 0.02 seconds
obj: 11911 rows, 3376 columns, 67353 nonzeros
Set parameter TimeLimit to value 6.5850071099999980e+01
Warning: unknown variable 'r_max' in bounds section (line 13950)
Warning: unknown variable 'r_min' in bounds section (line 13951)
Read LP format model from file E:\codes\ExactEBRP\results\gf_cplex_equivalent_gurobi_replica_round28\runs\stage0_sentinel__moderate_seed4301__c2_paper__120s\external\models\L0.0.1.1.1.0.1.lp
Reading time = 0.02 seconds
obj: 11911 rows, 3376 columns, 67353 nonzeros
Set parameter TimeLimit to value 6.5595340899999982e+01
Warning: unknown variable 'r_max' in bounds section (line 13950)
Warning: unknown variable 'r_min' in bounds section (line 13951)
Read LP format model from file E:\codes\ExactEBRP\results\gf_cplex_equivalent_gurobi_replica_round28\runs\stage0_sentinel__moderate_seed4301__c2_paper__120s\external\models\L0.0.1.1.1.1.0.lp
Reading time = 0.02 seconds
obj: 11911 rows, 3376 columns, 67353 nonzeros
Set parameter TimeLimit to value 6.5226754999999983e+01
Warning: unknown variable 'r_max' in bounds section (line 13950)
Warning: unknown variable 'r_min' in bounds section (line 13951)
Read LP format model from file E:\codes\ExactEBRP\results\gf_cplex_equivalent_gurobi_replica_round28\runs\stage0_sentinel__moderate_seed4301__c2_paper__120s\external\models\L0.0.1.1.1.1.1.lp
Reading time = 0.02 seconds
obj: 11911 rows, 3376 columns, 67353 nonzeros
Set parameter TimeLimit to value 6.4927221399999979e+01
Warning: unknown variable 'r_max' in bounds section (line 13950)
Warning: unknown variable 'r_min' in bounds section (line 13951)
Read LP format model from file E:\codes\ExactEBRP\results\gf_cplex_equivalent_gurobi_replica_round28\runs\stage0_sentinel__moderate_seed4301__c2_paper__120s\external\models\L0.0.1.1.1.1.0.lp
Reading time = 0.02 seconds
obj: 11911 rows, 3376 columns, 67353 nonzeros
Set parameter TimeLimit to value 6.4752574099999990e+01
Warning: unknown variable 'r_max' in bounds section (line 13951)
Warning: unknown variable 'r_min' in bounds section (line 13952)
Read LP format model from file E:\codes\ExactEBRP\results\gf_cplex_equivalent_gurobi_replica_round28\runs\stage0_sentinel__moderate_seed4301__c2_paper__120s\external\models\L1.lp
Reading time = 0.02 seconds
obj: 11912 rows, 3376 columns, 67359 nonzeros
Set parameter TimeLimit to value 6.4383450399999987e+01
Warning: unknown variable 'r_max' in bounds section (line 13951)
Warning: unknown variable 'r_min' in bounds section (line 13952)
Read LP format model from file E:\codes\ExactEBRP\results\gf_cplex_equivalent_gurobi_replica_round28\runs\stage0_sentinel__moderate_seed4301__c2_paper__120s\external\models\L1.0.lp
Reading time = 0.02 seconds
obj: 11912 rows, 3376 columns, 67359 nonzeros
Set parameter TimeLimit to value 64.0463523
Warning: unknown variable 'r_max' in bounds section (line 13951)
Warning: unknown variable 'r_min' in bounds section (line 13952)
Read LP format model from file E:\codes\ExactEBRP\results\gf_cplex_equivalent_gurobi_replica_round28\runs\stage0_sentinel__moderate_seed4301__c2_paper__120s\external\models\L1.1.lp
Reading time = 0.02 seconds
obj: 11912 rows, 3376 columns, 67359 nonzeros
Set parameter TimeLimit to value 6.3734867399999985e+01
Warning: unknown variable 'r_max' in bounds section (line 13951)
Warning: unknown variable 'r_min' in bounds section (line 13952)
Read LP format model from file E:\codes\ExactEBRP\results\gf_cplex_equivalent_gurobi_replica_round28\runs\stage0_sentinel__moderate_seed4301__c2_paper__120s\external\models\L1.lp
Reading time = 0.02 seconds
obj: 11912 rows, 3376 columns, 67359 nonzeros
Set parameter TimeLimit to value 6.3569839999999985e+01
