
Gurobi 13.0.2 (win64) logging started Thu Jul 23 14:43:55 2026

Set parameter LogFile to value "E:\codes\ExactEBRP\results\gf_gurobi_performance_recovery_round29\runs\stage1__moderate_seed6301__c4_candidate__300s\native.log"
Set parameter Threads to value 1
Set parameter Presolve to value -1
Set parameter Seed to value 0
Set parameter MIPGap to value 0
Set parameter MIPGapAbs to value 0
Warning: unknown variable 'r_max' in bounds section (line 103370)
Warning: unknown variable 'r_min' in bounds section (line 103371)
Read LP format model from file E:\codes\ExactEBRP\results\gf_gurobi_performance_recovery_round29\runs\stage1__moderate_seed6301__c4_candidate__300s\external\models\L0.lp
Reading time = 0.23 seconds
obj: 93026 rows, 18191 columns, 665192 nonzeros
Set parameter TimeLimit to value 242.060261
Warning: unknown variable 'r_max' in bounds section (line 103370)
Warning: unknown variable 'r_min' in bounds section (line 103371)
Read LP format model from file E:\codes\ExactEBRP\results\gf_gurobi_performance_recovery_round29\runs\stage1__moderate_seed6301__c4_candidate__300s\external\models\L1.lp
Reading time = 0.22 seconds
obj: 93026 rows, 18191 columns, 665804 nonzeros
Set parameter TimeLimit to value 209.031133
Warning: unknown variable 'r_max' in bounds section (line 103370)
Warning: unknown variable 'r_min' in bounds section (line 103371)
Read LP format model from file E:\codes\ExactEBRP\results\gf_gurobi_performance_recovery_round29\runs\stage1__moderate_seed6301__c4_candidate__300s\external\models\L1.0.lp
Reading time = 0.22 seconds
obj: 93026 rows, 18191 columns, 665804 nonzeros
Set parameter TimeLimit to value 2.0412640340000002e+02
Warning: unknown variable 'r_max' in bounds section (line 103371)
Warning: unknown variable 'r_min' in bounds section (line 103372)
Read LP format model from file E:\codes\ExactEBRP\results\gf_gurobi_performance_recovery_round29\runs\stage1__moderate_seed6301__c4_candidate__300s\external\models\L1.1.lp
Reading time = 0.22 seconds
obj: 93027 rows, 18191 columns, 665810 nonzeros
Set parameter TimeLimit to value 197.9245641
Warning: unknown variable 'r_max' in bounds section (line 103371)
Warning: unknown variable 'r_min' in bounds section (line 103372)
Read LP format model from file E:\codes\ExactEBRP\results\gf_gurobi_performance_recovery_round29\runs\stage1__moderate_seed6301__c4_candidate__300s\external\models\L2.lp
Reading time = 0.22 seconds
obj: 93027 rows, 18191 columns, 665810 nonzeros
Set parameter TimeLimit to value 192.9113783
Warning: unknown variable 'r_max' in bounds section (line 103371)
Warning: unknown variable 'r_min' in bounds section (line 103372)
Read LP format model from file E:\codes\ExactEBRP\results\gf_gurobi_performance_recovery_round29\runs\stage1__moderate_seed6301__c4_candidate__300s\external\models\L2.0.lp
Reading time = 0.22 seconds
obj: 93027 rows, 18191 columns, 665810 nonzeros
Set parameter TimeLimit to value 187.5972399
Warning: unknown variable 'r_max' in bounds section (line 103371)
Warning: unknown variable 'r_min' in bounds section (line 103372)
Read LP format model from file E:\codes\ExactEBRP\results\gf_gurobi_performance_recovery_round29\runs\stage1__moderate_seed6301__c4_candidate__300s\external\models\L2.1.lp
Reading time = 0.22 seconds
obj: 93027 rows, 18191 columns, 665810 nonzeros
Set parameter TimeLimit to value 182.5163272
Warning: unknown variable 'r_max' in bounds section (line 103370)
Warning: unknown variable 'r_min' in bounds section (line 103371)
Read LP format model from file E:\codes\ExactEBRP\results\gf_gurobi_performance_recovery_round29\runs\stage1__moderate_seed6301__c4_candidate__300s\external\models\L1.0.0.lp
Reading time = 0.22 seconds
obj: 93026 rows, 18191 columns, 665804 nonzeros
Set parameter TimeLimit to value 178.4448467
Warning: unknown variable 'r_max' in bounds section (line 103370)
Warning: unknown variable 'r_min' in bounds section (line 103371)
Read LP format model from file E:\codes\ExactEBRP\results\gf_gurobi_performance_recovery_round29\runs\stage1__moderate_seed6301__c4_candidate__300s\external\models\L1.0.1.lp
Reading time = 0.22 seconds
obj: 93026 rows, 18191 columns, 665804 nonzeros
Set parameter TimeLimit to value 169.1232867
Warning: unknown variable 'r_max' in bounds section (line 103371)
Warning: unknown variable 'r_min' in bounds section (line 103372)
Read LP format model from file E:\codes\ExactEBRP\results\gf_gurobi_performance_recovery_round29\runs\stage1__moderate_seed6301__c4_candidate__300s\external\models\L3.lp
Reading time = 0.22 seconds
obj: 93027 rows, 18191 columns, 665810 nonzeros
Set parameter TimeLimit to value 163.9379378
Warning: unknown variable 'r_max' in bounds section (line 103370)
Warning: unknown variable 'r_min' in bounds section (line 103371)
Read LP format model from file E:\codes\ExactEBRP\results\gf_gurobi_performance_recovery_round29\runs\stage1__moderate_seed6301__c4_candidate__300s\external\models\L1.0.1.0.lp
Reading time = 0.22 seconds
obj: 93026 rows, 18191 columns, 665804 nonzeros
Set parameter TimeLimit to value 160.2655139
Warning: unknown variable 'r_max' in bounds section (line 103371)
Warning: unknown variable 'r_min' in bounds section (line 103372)
Read LP format model from file E:\codes\ExactEBRP\results\gf_gurobi_performance_recovery_round29\runs\stage1__moderate_seed6301__c4_candidate__300s\external\models\L1.0.1.1.lp
Reading time = 0.23 seconds
obj: 93027 rows, 18191 columns, 665810 nonzeros
Set parameter TimeLimit to value 154.5502538
Warning: unknown variable 'r_max' in bounds section (line 103371)
Warning: unknown variable 'r_min' in bounds section (line 103372)
Read LP format model from file E:\codes\ExactEBRP\results\gf_gurobi_performance_recovery_round29\runs\stage1__moderate_seed6301__c4_candidate__300s\external\models\L1.0.1.1.0.lp
Reading time = 0.22 seconds
obj: 93027 rows, 18191 columns, 665810 nonzeros
Set parameter TimeLimit to value 149.8625143
Warning: unknown variable 'r_max' in bounds section (line 103371)
Warning: unknown variable 'r_min' in bounds section (line 103372)
Read LP format model from file E:\codes\ExactEBRP\results\gf_gurobi_performance_recovery_round29\runs\stage1__moderate_seed6301__c4_candidate__300s\external\models\L1.0.1.1.1.lp
Reading time = 0.22 seconds
obj: 93027 rows, 18191 columns, 665810 nonzeros
Set parameter TimeLimit to value 144.4143862
Warning: unknown variable 'r_max' in bounds section (line 103371)
Warning: unknown variable 'r_min' in bounds section (line 103372)
Read LP format model from file E:\codes\ExactEBRP\results\gf_gurobi_performance_recovery_round29\runs\stage1__moderate_seed6301__c4_candidate__300s\external\models\L1.0.1.1.0.0.lp
Reading time = 0.22 seconds
obj: 93027 rows, 18191 columns, 665810 nonzeros
Set parameter TimeLimit to value 138.9182325
Warning: unknown variable 'r_max' in bounds section (line 103371)
Warning: unknown variable 'r_min' in bounds section (line 103372)
Read LP format model from file E:\codes\ExactEBRP\results\gf_gurobi_performance_recovery_round29\runs\stage1__moderate_seed6301__c4_candidate__300s\external\models\L1.0.1.1.0.1.lp
Reading time = 0.22 seconds
obj: 93027 rows, 18191 columns, 665810 nonzeros
Set parameter TimeLimit to value 133.3563538
Warning: unknown variable 'r_max' in bounds section (line 103371)
Warning: unknown variable 'r_min' in bounds section (line 103372)
Read LP format model from file E:\codes\ExactEBRP\results\gf_gurobi_performance_recovery_round29\runs\stage1__moderate_seed6301__c4_candidate__300s\external\models\L1.0.1.1.0.0.0.lp
Reading time = 0.22 seconds
obj: 93027 rows, 18191 columns, 665810 nonzeros
Set parameter TimeLimit to value 127.3484195
Warning: unknown variable 'r_max' in bounds section (line 103371)
Warning: unknown variable 'r_min' in bounds section (line 103372)
Read LP format model from file E:\codes\ExactEBRP\results\gf_gurobi_performance_recovery_round29\runs\stage1__moderate_seed6301__c4_candidate__300s\external\models\L1.0.1.1.0.0.1.lp
Reading time = 0.22 seconds
obj: 93027 rows, 18191 columns, 665810 nonzeros
Set parameter TimeLimit to value 120.6335709
Warning: unknown variable 'r_max' in bounds section (line 103371)
Warning: unknown variable 'r_min' in bounds section (line 103372)
Read LP format model from file E:\codes\ExactEBRP\results\gf_gurobi_performance_recovery_round29\runs\stage1__moderate_seed6301__c4_candidate__300s\external\models\L1.0.1.1.0.0.1.0.lp
Reading time = 0.22 seconds
obj: 93027 rows, 18191 columns, 665810 nonzeros
Set parameter TimeLimit to value 1.1562131400000001e+02
Warning: unknown variable 'r_max' in bounds section (line 103371)
Warning: unknown variable 'r_min' in bounds section (line 103372)
Read LP format model from file E:\codes\ExactEBRP\results\gf_gurobi_performance_recovery_round29\runs\stage1__moderate_seed6301__c4_candidate__300s\external\models\L1.0.1.1.0.0.1.1.lp
Reading time = 0.22 seconds
obj: 93027 rows, 18191 columns, 665810 nonzeros
Set parameter TimeLimit to value 110.5269384
Warning: unknown variable 'r_max' in bounds section (line 103371)
Warning: unknown variable 'r_min' in bounds section (line 103372)
Read LP format model from file E:\codes\ExactEBRP\results\gf_gurobi_performance_recovery_round29\runs\stage1__moderate_seed6301__c4_candidate__300s\external\models\L1.0.1.1.0.0.1.1.0.lp
Reading time = 0.22 seconds
obj: 93027 rows, 18191 columns, 665810 nonzeros
Set parameter TimeLimit to value 1.0553977470000001e+02
Warning: unknown variable 'r_max' in bounds section (line 103371)
Warning: unknown variable 'r_min' in bounds section (line 103372)
Read LP format model from file E:\codes\ExactEBRP\results\gf_gurobi_performance_recovery_round29\runs\stage1__moderate_seed6301__c4_candidate__300s\external\models\L1.0.1.1.0.0.1.1.1.lp
Reading time = 0.22 seconds
obj: 93027 rows, 18191 columns, 665810 nonzeros
Set parameter TimeLimit to value 98.3481768
Warning: unknown variable 'r_max' in bounds section (line 103371)
Warning: unknown variable 'r_min' in bounds section (line 103372)
Read LP format model from file E:\codes\ExactEBRP\results\gf_gurobi_performance_recovery_round29\runs\stage1__moderate_seed6301__c4_candidate__300s\external\models\L1.0.1.1.0.1.0.lp
Reading time = 0.22 seconds
obj: 93027 rows, 18191 columns, 665810 nonzeros
Set parameter TimeLimit to value 91.4468349
Warning: unknown variable 'r_max' in bounds section (line 103371)
Warning: unknown variable 'r_min' in bounds section (line 103372)
Read LP format model from file E:\codes\ExactEBRP\results\gf_gurobi_performance_recovery_round29\runs\stage1__moderate_seed6301__c4_candidate__300s\external\models\L1.0.1.1.0.1.1.lp
Reading time = 0.22 seconds
obj: 93027 rows, 18191 columns, 665810 nonzeros
Set parameter TimeLimit to value 86.2327737
Warning: unknown variable 'r_max' in bounds section (line 103371)
Warning: unknown variable 'r_min' in bounds section (line 103372)
Read LP format model from file E:\codes\ExactEBRP\results\gf_gurobi_performance_recovery_round29\runs\stage1__moderate_seed6301__c4_candidate__300s\external\models\L1.0.1.1.0.1.0.0.lp
Reading time = 0.22 seconds
obj: 93027 rows, 18191 columns, 665810 nonzeros
Set parameter TimeLimit to value 6.3350904899999989e+01
Warning: unknown variable 'r_max' in bounds section (line 103371)
Warning: unknown variable 'r_min' in bounds section (line 103372)
Read LP format model from file E:\codes\ExactEBRP\results\gf_gurobi_performance_recovery_round29\runs\stage1__moderate_seed6301__c4_candidate__300s\external\models\L1.0.1.1.0.1.0.1.lp
Reading time = 0.22 seconds
obj: 93027 rows, 18191 columns, 665810 nonzeros
Set parameter TimeLimit to value 5.7109976999999986e+01
