
Gurobi 13.0.2 (win64) logging started Fri Jul 24 08:55:06 2026

Set parameter LogFile to value "E:\codes\ExactEBRP\results\gf_c0_mechanism_transfer_c5_round30\runs\stage2__tight_T_seed4101__c4_candidate__300s\native.log"
Set parameter Threads to value 1
Set parameter Presolve to value -1
Set parameter Seed to value 0
Set parameter MIPGap to value 0
Set parameter MIPGapAbs to value 0
Warning: unknown variable 'r_max' in bounds section (line 13930)
Warning: unknown variable 'r_min' in bounds section (line 13931)
Read LP format model from file E:\codes\ExactEBRP\results\gf_c0_mechanism_transfer_c5_round30\runs\stage2__tight_T_seed4101__c4_candidate__300s\external\models\L0.lp
Reading time = 0.02 seconds
obj: 11895 rows, 3372 columns, 67105 nonzeros
Set parameter TimeLimit to value 285.0594602
Warning: unknown variable 'r_max' in bounds section (line 13930)
Warning: unknown variable 'r_min' in bounds section (line 13931)
Read LP format model from file E:\codes\ExactEBRP\results\gf_c0_mechanism_transfer_c5_round30\runs\stage2__tight_T_seed4101__c4_candidate__300s\external\models\L0.0.lp
Reading time = 0.02 seconds
obj: 11895 rows, 3372 columns, 67105 nonzeros
Set parameter TimeLimit to value 284.6570782
Warning: unknown variable 'r_max' in bounds section (line 13930)
Warning: unknown variable 'r_min' in bounds section (line 13931)
Read LP format model from file E:\codes\ExactEBRP\results\gf_c0_mechanism_transfer_c5_round30\runs\stage2__tight_T_seed4101__c4_candidate__300s\external\models\L0.1.lp
Reading time = 0.02 seconds
obj: 11895 rows, 3372 columns, 67343 nonzeros
Set parameter TimeLimit to value 284.4019307
Warning: unknown variable 'r_max' in bounds section (line 13932)
Warning: unknown variable 'r_min' in bounds section (line 13933)
Read LP format model from file E:\codes\ExactEBRP\results\gf_c0_mechanism_transfer_c5_round30\runs\stage2__tight_T_seed4101__c4_candidate__300s\external\models\L1.lp
Reading time = 0.02 seconds
obj: 11897 rows, 3372 columns, 67355 nonzeros
Set parameter TimeLimit to value 284.0024506
Warning: unknown variable 'r_max' in bounds section (line 13932)
Warning: unknown variable 'r_min' in bounds section (line 13933)
Read LP format model from file E:\codes\ExactEBRP\results\gf_c0_mechanism_transfer_c5_round30\runs\stage2__tight_T_seed4101__c4_candidate__300s\external\models\L1.0.lp
Reading time = 0.02 seconds
obj: 11897 rows, 3372 columns, 67355 nonzeros
Set parameter TimeLimit to value 283.6864265
Warning: unknown variable 'r_max' in bounds section (line 13932)
Warning: unknown variable 'r_min' in bounds section (line 13933)
Read LP format model from file E:\codes\ExactEBRP\results\gf_c0_mechanism_transfer_c5_round30\runs\stage2__tight_T_seed4101__c4_candidate__300s\external\models\L1.1.lp
Reading time = 0.02 seconds
obj: 11897 rows, 3372 columns, 67355 nonzeros
Set parameter TimeLimit to value 283.326629
