
Gurobi 13.0.2 (win64) logging started Thu Jul 23 17:35:12 2026

Set parameter LogFile to value "E:\codes\ExactEBRP\results\gf_gurobi_performance_recovery_round29\runs\stage2__high_imbalance_seed6202__c3_replica__300s\native.log"
Set parameter Threads to value 1
Set parameter Presolve to value -1
Set parameter Seed to value 0
Set parameter MIPGap to value 0
Set parameter MIPGapAbs to value 0
Warning: unknown variable 'r_max' in bounds section (line 103349)
Warning: unknown variable 'r_min' in bounds section (line 103350)
Read LP format model from file E:\codes\ExactEBRP\results\gf_gurobi_performance_recovery_round29\runs\stage2__high_imbalance_seed6202__c3_replica__300s\external\models\R.lp
Reading time = 0.20 seconds
obj: 93009 rows, 18187 columns, 662745 nonzeros
Set parameter TimeLimit to value 250.8968795
Warning: unknown variable 'r_max' in bounds section (line 103349)
Warning: unknown variable 'r_min' in bounds section (line 103350)
Read LP format model from file E:\codes\ExactEBRP\results\gf_gurobi_performance_recovery_round29\runs\stage2__high_imbalance_seed6202__c3_replica__300s\external\models\R.0.lp
Reading time = 0.21 seconds
obj: 93009 rows, 18187 columns, 665195 nonzeros
Set parameter TimeLimit to value 247.6424117
Warning: unknown variable 'r_max' in bounds section (line 103349)
Warning: unknown variable 'r_min' in bounds section (line 103350)
Read LP format model from file E:\codes\ExactEBRP\results\gf_gurobi_performance_recovery_round29\runs\stage2__high_imbalance_seed6202__c3_replica__300s\external\models\R.1.lp
Reading time = 0.19 seconds
obj: 93009 rows, 18187 columns, 663353 nonzeros
Set parameter TimeLimit to value 2.3042533930000002e+02
Warning: unknown variable 'r_max' in bounds section (line 103349)
Warning: unknown variable 'r_min' in bounds section (line 103350)
Read LP format model from file E:\codes\ExactEBRP\results\gf_gurobi_performance_recovery_round29\runs\stage2__high_imbalance_seed6202__c3_replica__300s\external\models\R.1.0.lp
Reading time = 0.20 seconds
obj: 93009 rows, 18187 columns, 665803 nonzeros
Set parameter TimeLimit to value 2.2625271709999998e+02
Warning: unknown variable 'r_max' in bounds section (line 103349)
Warning: unknown variable 'r_min' in bounds section (line 103350)
Read LP format model from file E:\codes\ExactEBRP\results\gf_gurobi_performance_recovery_round29\runs\stage2__high_imbalance_seed6202__c3_replica__300s\external\models\R.1.1.lp
Reading time = 0.20 seconds
obj: 93009 rows, 18187 columns, 663353 nonzeros
Set parameter TimeLimit to value 222.9433156
Warning: unknown variable 'r_max' in bounds section (line 103349)
Warning: unknown variable 'r_min' in bounds section (line 103350)
Read LP format model from file E:\codes\ExactEBRP\results\gf_gurobi_performance_recovery_round29\runs\stage2__high_imbalance_seed6202__c3_replica__300s\external\models\R.1.0.1.lp
Reading time = 0.23 seconds
obj: 93009 rows, 18187 columns, 665803 nonzeros
Set parameter TimeLimit to value 2.1980954459999998e+02
Warning: unknown variable 'r_max' in bounds section (line 103349)
Warning: unknown variable 'r_min' in bounds section (line 103350)
Read LP format model from file E:\codes\ExactEBRP\results\gf_gurobi_performance_recovery_round29\runs\stage2__high_imbalance_seed6202__c3_replica__300s\external\models\R.1.0.0.lp
Reading time = 0.22 seconds
obj: 93009 rows, 18187 columns, 665803 nonzeros
Set parameter TimeLimit to value 215.8966974
Warning: unknown variable 'r_max' in bounds section (line 103349)
Warning: unknown variable 'r_min' in bounds section (line 103350)
Read LP format model from file E:\codes\ExactEBRP\results\gf_gurobi_performance_recovery_round29\runs\stage2__high_imbalance_seed6202__c3_replica__300s\external\models\R.1.0.1.1.lp
Reading time = 0.21 seconds
obj: 93009 rows, 18187 columns, 665803 nonzeros
Set parameter TimeLimit to value 210.7751449
Warning: unknown variable 'r_max' in bounds section (line 103349)
Warning: unknown variable 'r_min' in bounds section (line 103350)
Read LP format model from file E:\codes\ExactEBRP\results\gf_gurobi_performance_recovery_round29\runs\stage2__high_imbalance_seed6202__c3_replica__300s\external\models\R.1.0.1.0.lp
Reading time = 0.22 seconds
obj: 93009 rows, 18187 columns, 665803 nonzeros
Set parameter TimeLimit to value 207.0712583
Warning: unknown variable 'r_max' in bounds section (line 103349)
Warning: unknown variable 'r_min' in bounds section (line 103350)
Read LP format model from file E:\codes\ExactEBRP\results\gf_gurobi_performance_recovery_round29\runs\stage2__high_imbalance_seed6202__c3_replica__300s\external\models\R.1.0.1.0.0.lp
Reading time = 0.21 seconds
obj: 93009 rows, 18187 columns, 665803 nonzeros
Set parameter TimeLimit to value 202.463679
Warning: unknown variable 'r_max' in bounds section (line 103349)
Warning: unknown variable 'r_min' in bounds section (line 103350)
Read LP format model from file E:\codes\ExactEBRP\results\gf_gurobi_performance_recovery_round29\runs\stage2__high_imbalance_seed6202__c3_replica__300s\external\models\R.1.0.1.0.1.lp
Reading time = 0.21 seconds
obj: 93009 rows, 18187 columns, 665803 nonzeros
Set parameter TimeLimit to value 198.3683835
Warning: unknown variable 'r_max' in bounds section (line 103349)
Warning: unknown variable 'r_min' in bounds section (line 103350)
Read LP format model from file E:\codes\ExactEBRP\results\gf_gurobi_performance_recovery_round29\runs\stage2__high_imbalance_seed6202__c3_replica__300s\external\models\R.1.0.1.0.1.0.lp
Reading time = 0.21 seconds
obj: 93009 rows, 18187 columns, 665803 nonzeros
Set parameter TimeLimit to value 194.5339169
Warning: unknown variable 'r_max' in bounds section (line 103349)
Warning: unknown variable 'r_min' in bounds section (line 103350)
Read LP format model from file E:\codes\ExactEBRP\results\gf_gurobi_performance_recovery_round29\runs\stage2__high_imbalance_seed6202__c3_replica__300s\external\models\R.1.0.1.0.1.1.lp
Reading time = 0.21 seconds
obj: 93009 rows, 18187 columns, 665803 nonzeros
Set parameter TimeLimit to value 1.9043887890000002e+02
Warning: unknown variable 'r_max' in bounds section (line 103349)
Warning: unknown variable 'r_min' in bounds section (line 103350)
Read LP format model from file E:\codes\ExactEBRP\results\gf_gurobi_performance_recovery_round29\runs\stage2__high_imbalance_seed6202__c3_replica__300s\external\models\R.1.0.1.0.1.1.0.lp
Reading time = 0.21 seconds
obj: 93009 rows, 18187 columns, 665803 nonzeros
Set parameter TimeLimit to value 186.4689483
Warning: unknown variable 'r_max' in bounds section (line 103349)
Warning: unknown variable 'r_min' in bounds section (line 103350)
Read LP format model from file E:\codes\ExactEBRP\results\gf_gurobi_performance_recovery_round29\runs\stage2__high_imbalance_seed6202__c3_replica__300s\external\models\R.1.0.1.0.1.1.1.lp
Reading time = 0.20 seconds
obj: 93009 rows, 18187 columns, 665803 nonzeros
Set parameter TimeLimit to value 182.2029808
Warning: unknown variable 'r_max' in bounds section (line 103349)
Warning: unknown variable 'r_min' in bounds section (line 103350)
Read LP format model from file E:\codes\ExactEBRP\results\gf_gurobi_performance_recovery_round29\runs\stage2__high_imbalance_seed6202__c3_replica__300s\external\models\R.1.0.1.0.1.1.0.1.lp
Reading time = 0.21 seconds
obj: 93009 rows, 18187 columns, 665803 nonzeros
Set parameter TimeLimit to value 1.7855200680000002e+02
Warning: unknown variable 'r_max' in bounds section (line 103349)
Warning: unknown variable 'r_min' in bounds section (line 103350)
Read LP format model from file E:\codes\ExactEBRP\results\gf_gurobi_performance_recovery_round29\runs\stage2__high_imbalance_seed6202__c3_replica__300s\external\models\R.1.0.1.0.1.1.0.0.lp
Reading time = 0.22 seconds
obj: 93009 rows, 18187 columns, 665803 nonzeros
Set parameter TimeLimit to value 174.783515
Warning: unknown variable 'r_max' in bounds section (line 103349)
Warning: unknown variable 'r_min' in bounds section (line 103350)
Read LP format model from file E:\codes\ExactEBRP\results\gf_gurobi_performance_recovery_round29\runs\stage2__high_imbalance_seed6202__c3_replica__300s\external\models\R.1.0.1.0.1.1.0.1.1.lp
Reading time = 0.21 seconds
obj: 93009 rows, 18187 columns, 665803 nonzeros
Set parameter TimeLimit to value 1.7123719540000002e+02
Warning: unknown variable 'r_max' in bounds section (line 103349)
Warning: unknown variable 'r_min' in bounds section (line 103350)
Read LP format model from file E:\codes\ExactEBRP\results\gf_gurobi_performance_recovery_round29\runs\stage2__high_imbalance_seed6202__c3_replica__300s\external\models\R.1.0.1.0.1.1.0.1.0.lp
Reading time = 0.22 seconds
obj: 93009 rows, 18187 columns, 665803 nonzeros
Set parameter TimeLimit to value 167.1815727
Warning: unknown variable 'r_max' in bounds section (line 103349)
Warning: unknown variable 'r_min' in bounds section (line 103350)
Read LP format model from file E:\codes\ExactEBRP\results\gf_gurobi_performance_recovery_round29\runs\stage2__high_imbalance_seed6202__c3_replica__300s\external\models\R.1.0.1.0.1.1.0.1.1.1.lp
Reading time = 0.21 seconds
obj: 93009 rows, 18187 columns, 665803 nonzeros
Set parameter TimeLimit to value 163.0874366
Warning: unknown variable 'r_max' in bounds section (line 103349)
Warning: unknown variable 'r_min' in bounds section (line 103350)
Read LP format model from file E:\codes\ExactEBRP\results\gf_gurobi_performance_recovery_round29\runs\stage2__high_imbalance_seed6202__c3_replica__300s\external\models\R.1.0.1.0.1.1.0.1.1.1.lp
Reading time = 0.21 seconds
obj: 93009 rows, 18187 columns, 665803 nonzeros
Set parameter TimeLimit to value 160.6848711
